<?xml version="1.0" encoding="utf-8" standalone="yes"?>
<Aps>
	<Group>
		<Page Width="595" Height="842" PaperTray="0">
			<Canvas>
				<Canvas>
					<Clip>
						<Path FillMode="Winding">
							<PathFigure IsClosed="True">
								<PolyLine LineColor="#FF000000">
									<Point X="0" Y="842" />
									<Point X="0" Y="0" />
								</PolyLine>
								<PolyLine LineColor="#FF000000">
									<Point X="0" Y="0" />
									<Point X="595" Y="0" />
								</PolyLine>
								<PolyLine LineColor="#FF000000">
									<Point X="595" Y="0" />
									<Point X="595" Y="842" />
								</PolyLine>
								<PolyLine LineColor="#FF000000">
									<Point X="595" Y="842" />
									<Point X="0" Y="842" />
								</PolyLine>
							</PathFigure>
						</Path>
					</Clip>
					<Canvas>
						<Clip>
							<Path FillMode="Alternate">
								<PathFigure IsClosed="True">
									<PolyLine LineColor="#FF000000">
										<Point X="28.5" Y="28.5" />
										<Point X="566.25" Y="28.5" />
									</PolyLine>
									<PolyLine LineColor="#FF000000">
										<Point X="566.25" Y="28.5" />
										<Point X="566.25" Y="813.3404" />
									</PolyLine>
									<PolyLine LineColor="#FF000000">
										<Point X="566.25" Y="813.3404" />
										<Point X="28.5" Y="813.3404" />
									</PolyLine>
									<PolyLine LineColor="#FF000000">
										<Point X="28.5" Y="813.3404" />
										<Point X="28.5" Y="28.5" />
									</PolyLine>
								</PathFigure>
							</Path>
						</Clip>
					</Canvas>
					<Canvas>
						<Clip>
							<Path FillMode="Alternate">
								<PathFigure IsClosed="True">
									<PolyLine LineColor="#FF000000">
										<Point X="28.5" Y="28.5" />
										<Point X="566.25" Y="28.5" />
									</PolyLine>
									<PolyLine LineColor="#FF000000">
										<Point X="566.25" Y="28.5" />
										<Point X="566.25" Y="813.3404" />
									</PolyLine>
									<PolyLine LineColor="#FF000000">
										<Point X="566.25" Y="813.3404" />
										<Point X="28.5" Y="813.3404" />
									</PolyLine>
									<PolyLine LineColor="#FF000000">
										<Point X="28.5" Y="813.3404" />
										<Point X="28.5" Y="28.5" />
									</PolyLine>
								</PathFigure>
							</Path>
						</Clip>
						<Canvas>
							<Clip>
								<Path FillMode="Winding">
									<PathFigure IsClosed="False">
										<PolyLine LineColor="#FF000000">
											<Point X="51.179802" Y="165.77246" />
											<Point X="51.179802" Y="164.5788" />
										</PolyLine>
										<PolyLine LineColor="#FF000000">
											<Point X="51.179802" Y="164.5788" />
											<Point X="543.5702" Y="164.5788" />
										</PolyLine>
										<PolyLine LineColor="#FF000000">
											<Point X="543.5702" Y="164.5788" />
											<Point X="543.5702" Y="165.77246" />
										</PolyLine>
									</PathFigure>
								</Path>
							</Clip>
							<Path FillMode="Winding" RenderTransform="1 0 0 -1 0 842">
								<Brush>
									<SolidBrush Color="#FF005F7F" />
								</Brush>
								<PathFigure IsClosed="True">
									<PolyLine LineColor="#FF000000">
										<Point X="51.1798" Y="677.4212" />
										<Point X="52.373474" Y="677.4212" />
									</PolyLine>
									<PolyLine LineColor="#FF000000">
										<Point X="52.373474" Y="677.4212" />
										<Point X="52.373474" Y="676.22754" />
									</PolyLine>
									<PolyLine LineColor="#FF000000">
										<Point X="52.373474" Y="676.22754" />
										<Point X="51.1798" Y="676.22754" />
									</PolyLine>
								</PathFigure>
							</Path>
							<Path FillMode="Winding" RenderTransform="1 0 0 -1 0 842">
								<Brush>
									<SolidBrush Color="#FF005F7F" />
								</Brush>
								<PathFigure IsClosed="True">
									<PolyLine LineColor="#FF000000">
										<Point X="542.37646" Y="677.4212" />
										<Point X="543.5702" Y="677.4212" />
									</PolyLine>
									<PolyLine LineColor="#FF000000">
										<Point X="543.5702" Y="677.4212" />
										<Point X="543.5702" Y="676.22754" />
									</PolyLine>
									<PolyLine LineColor="#FF000000">
										<Point X="543.5702" Y="676.22754" />
										<Point X="542.37646" Y="676.22754" />
									</PolyLine>
								</PathFigure>
							</Path>
							<Path FillMode="Alternate" RenderTransform="1 0 0 -1 0 842">
								<Pen Alignment="Center" DashCap="Flat" DashOffset="0" DashPattern="1 1" DashStyle="Custom" EndCap="Flat" LineJoin="Miter" MiterLimit="10" StartCap="Flat" Width="1.1936736">
									<Brush>
										<SolidBrush Color="#FF005F7F" />
									</Brush>
								</Pen>
								<PathFigure IsClosed="False">
									<PolyLine LineColor="#FF000000">
										<Point X="52.373474" Y="676.82434" />
										<Point X="542.37646" Y="676.82434" />
									</PolyLine>
								</PathFigure>
							</Path>
						</Canvas>
					</Canvas>
					<Canvas>
						<Clip>
							<Path FillMode="Alternate">
								<PathFigure IsClosed="True">
									<PolyLine LineColor="#FF000000">
										<Point X="28.5" Y="28.5" />
										<Point X="566.25" Y="28.5" />
									</PolyLine>
									<PolyLine LineColor="#FF000000">
										<Point X="566.25" Y="28.5" />
										<Point X="566.25" Y="813.3404" />
									</PolyLine>
									<PolyLine LineColor="#FF000000">
										<Point X="566.25" Y="813.3404" />
										<Point X="28.5" Y="813.3404" />
									</PolyLine>
									<PolyLine LineColor="#FF000000">
										<Point X="28.5" Y="813.3404" />
										<Point X="28.5" Y="28.5" />
									</PolyLine>
								</PathFigure>
							</Path>
						</Clip>
					</Canvas>
					<Canvas>
						<Clip>
							<Path FillMode="Alternate">
								<PathFigure IsClosed="True">
									<PolyLine LineColor="#FF000000">
										<Point X="28.5" Y="28.5" />
										<Point X="566.25" Y="28.5" />
									</PolyLine>
									<PolyLine LineColor="#FF000000">
										<Point X="566.25" Y="28.5" />
										<Point X="566.25" Y="813.3404" />
									</PolyLine>
									<PolyLine LineColor="#FF000000">
										<Point X="566.25" Y="813.3404" />
										<Point X="28.5" Y="813.3404" />
									</PolyLine>
									<PolyLine LineColor="#FF000000">
										<Point X="28.5" Y="813.3404" />
										<Point X="28.5" Y="28.5" />
									</PolyLine>
								</PathFigure>
							</Path>
						</Clip>
						<Canvas>
							<Clip>
								<Path FillMode="Winding">
									<PathFigure IsClosed="False">
										<PolyLine LineColor="#FF000000">
											<Point X="51.179802" Y="359.74445" />
											<Point X="51.179802" Y="358.55078" />
										</PolyLine>
										<PolyLine LineColor="#FF000000">
											<Point X="51.179802" Y="358.55078" />
											<Point X="543.5702" Y="358.55078" />
										</PolyLine>
										<PolyLine LineColor="#FF000000">
											<Point X="543.5702" Y="358.55078" />
											<Point X="543.5702" Y="359.74445" />
										</PolyLine>
									</PathFigure>
								</Path>
							</Clip>
							<Path FillMode="Winding" RenderTransform="1 0 0 -1 0 842">
								<Brush>
									<SolidBrush Color="#FF005F7F" />
								</Brush>
								<PathFigure IsClosed="True">
									<PolyLine LineColor="#FF000000">
										<Point X="51.1798" Y="483.44925" />
										<Point X="52.373474" Y="483.44925" />
									</PolyLine>
									<PolyLine LineColor="#FF000000">
										<Point X="52.373474" Y="483.44925" />
										<Point X="52.373474" Y="482.25558" />
									</PolyLine>
									<PolyLine LineColor="#FF000000">
										<Point X="52.373474" Y="482.25558" />
										<Point X="51.1798" Y="482.25558" />
									</PolyLine>
								</PathFigure>
							</Path>
							<Path FillMode="Winding" RenderTransform="1 0 0 -1 0 842">
								<Brush>
									<SolidBrush Color="#FF005F7F" />
								</Brush>
								<PathFigure IsClosed="True">
									<PolyLine LineColor="#FF000000">
										<Point X="542.37646" Y="483.44925" />
										<Point X="543.5702" Y="483.44925" />
									</PolyLine>
									<PolyLine LineColor="#FF000000">
										<Point X="543.5702" Y="483.44925" />
										<Point X="543.5702" Y="482.25558" />
									</PolyLine>
									<PolyLine LineColor="#FF000000">
										<Point X="543.5702" Y="482.25558" />
										<Point X="542.37646" Y="482.25558" />
									</PolyLine>
								</PathFigure>
							</Path>
							<Path FillMode="Alternate" RenderTransform="1 0 0 -1 0 842">
								<Pen Alignment="Center" DashCap="Flat" DashOffset="0" DashPattern="1 1" DashStyle="Custom" EndCap="Flat" LineJoin="Miter" MiterLimit="10" StartCap="Flat" Width="1.1936736">
									<Brush>
										<SolidBrush Color="#FF005F7F" />
									</Brush>
								</Pen>
								<PathFigure IsClosed="False">
									<PolyLine LineColor="#FF000000">
										<Point X="52.373474" Y="482.85242" />
										<Point X="542.37646" Y="482.85242" />
									</PolyLine>
								</PathFigure>
							</Path>
						</Canvas>
					</Canvas>
					<Canvas>
						<Clip>
							<Path FillMode="Alternate">
								<PathFigure IsClosed="True">
									<PolyLine LineColor="#FF000000">
										<Point X="28.5" Y="28.5" />
										<Point X="566.25" Y="28.5" />
									</PolyLine>
									<PolyLine LineColor="#FF000000">
										<Point X="566.25" Y="28.5" />
										<Point X="566.25" Y="813.3404" />
									</PolyLine>
									<PolyLine LineColor="#FF000000">
										<Point X="566.25" Y="813.3404" />
										<Point X="28.5" Y="813.3404" />
									</PolyLine>
									<PolyLine LineColor="#FF000000">
										<Point X="28.5" Y="813.3404" />
										<Point X="28.5" Y="28.5" />
									</PolyLine>
								</PathFigure>
							</Path>
						</Clip>
						<Path FillMode="Winding" RenderTransform="1 0 0 -1 0 842">
							<Brush>
								<SolidBrush Color="#FF005F7F" />
							</Brush>
							<PathFigure IsClosed="True">
								<PolyLine LineColor="#FF000000">
									<Point X="52.373474" Y="289.4773" />
									<Point X="205.76053" Y="289.4773" />
								</PolyLine>
								<PolyLine LineColor="#FF000000">
									<Point X="205.76053" Y="289.4773" />
									<Point X="205.76053" Y="271.5722" />
								</PolyLine>
								<PolyLine LineColor="#FF000000">
									<Point X="205.76053" Y="271.5722" />
									<Point X="52.373474" Y="271.5722" />
								</PolyLine>
							</PathFigure>
						</Path>
						<Path FillMode="Winding" RenderTransform="1 0 0 -1 0 842">
							<Brush>
								<SolidBrush Color="#FFFFFFFF" />
							</Brush>
							<PathFigure IsClosed="True">
								<PolyLine LineColor="#FF000000">
									<Point X="52.373474" Y="272.169" />
									<Point X="205.76053" Y="272.169" />
								</PolyLine>
								<PolyLine LineColor="#FF000000">
									<Point X="205.76053" Y="272.169" />
									<Point X="205.76053" Y="271.5722" />
								</PolyLine>
								<PolyLine LineColor="#FF000000">
									<Point X="205.76053" Y="271.5722" />
									<Point X="52.373474" Y="271.5722" />
								</PolyLine>
							</PathFigure>
						</Path>
						<Path FillMode="Winding" RenderTransform="1 0 0 -1 0 842">
							<Brush>
								<SolidBrush Color="#FFFFFFFF" />
							</Brush>
							<PathFigure IsClosed="True">
								<PolyLine LineColor="#FF000000">
									<Point X="52.373474" Y="289.4773" />
									<Point X="52.970306" Y="289.4773" />
								</PolyLine>
								<PolyLine LineColor="#FF000000">
									<Point X="52.970306" Y="289.4773" />
									<Point X="52.970306" Y="271.5722" />
								</PolyLine>
								<PolyLine LineColor="#FF000000">
									<Point X="52.970306" Y="271.5722" />
									<Point X="52.373474" Y="271.5722" />
								</PolyLine>
							</PathFigure>
						</Path>
						<Path FillMode="Winding" RenderTransform="1 0 0 -1 0 842">
							<Brush>
								<SolidBrush Color="#FF005F7F" />
							</Brush>
							<PathFigure IsClosed="True">
								<PolyLine LineColor="#FF000000">
									<Point X="206.95421" Y="289.4773" />
									<Point X="374.0685" Y="289.4773" />
								</PolyLine>
								<PolyLine LineColor="#FF000000">
									<Point X="374.0685" Y="289.4773" />
									<Point X="374.0685" Y="271.5722" />
								</PolyLine>
								<PolyLine LineColor="#FF000000">
									<Point X="374.0685" Y="271.5722" />
									<Point X="206.95421" Y="271.5722" />
								</PolyLine>
							</PathFigure>
						</Path>
						<Path FillMode="Winding" RenderTransform="1 0 0 -1 0 842">
							<Brush>
								<SolidBrush Color="#FFFFFFFF" />
							</Brush>
							<PathFigure IsClosed="True">
								<PolyLine LineColor="#FF000000">
									<Point X="206.95421" Y="272.169" />
									<Point X="374.0685" Y="272.169" />
								</PolyLine>
								<PolyLine LineColor="#FF000000">
									<Point X="374.0685" Y="272.169" />
									<Point X="374.0685" Y="271.5722" />
								</PolyLine>
								<PolyLine LineColor="#FF000000">
									<Point X="374.0685" Y="271.5722" />
									<Point X="206.95421" Y="271.5722" />
								</PolyLine>
							</PathFigure>
						</Path>
						<Path FillMode="Winding" RenderTransform="1 0 0 -1 0 842">
							<Brush>
								<SolidBrush Color="#FFFFFFFF" />
							</Brush>
							<PathFigure IsClosed="True">
								<PolyLine LineColor="#FF000000">
									<Point X="206.95421" Y="289.4773" />
									<Point X="207.55104" Y="289.4773" />
								</PolyLine>
								<PolyLine LineColor="#FF000000">
									<Point X="207.55104" Y="289.4773" />
									<Point X="207.55104" Y="271.5722" />
								</PolyLine>
								<PolyLine LineColor="#FF000000">
									<Point X="207.55104" Y="271.5722" />
									<Point X="206.95421" Y="271.5722" />
								</PolyLine>
							</PathFigure>
						</Path>
						<Path FillMode="Winding" RenderTransform="1 0 0 -1 0 842">
							<Brush>
								<SolidBrush Color="#FF005F7F" />
							</Brush>
							<PathFigure IsClosed="True">
								<PolyLine LineColor="#FF000000">
									<Point X="375.26218" Y="289.4773" />
									<Point X="542.37646" Y="289.4773" />
								</PolyLine>
								<PolyLine LineColor="#FF000000">
									<Point X="542.37646" Y="289.4773" />
									<Point X="542.37646" Y="271.5722" />
								</PolyLine>
								<PolyLine LineColor="#FF000000">
									<Point X="542.37646" Y="271.5722" />
									<Point X="375.26218" Y="271.5722" />
								</PolyLine>
							</PathFigure>
						</Path>
						<Path FillMode="Winding" RenderTransform="1 0 0 -1 0 842">
							<Brush>
								<SolidBrush Color="#FFFFFFFF" />
							</Brush>
							<PathFigure IsClosed="True">
								<PolyLine LineColor="#FF000000">
									<Point X="375.26218" Y="272.169" />
									<Point X="542.37646" Y="272.169" />
								</PolyLine>
								<PolyLine LineColor="#FF000000">
									<Point X="542.37646" Y="272.169" />
									<Point X="542.37646" Y="271.5722" />
								</PolyLine>
								<PolyLine LineColor="#FF000000">
									<Point X="542.37646" Y="271.5722" />
									<Point X="375.26218" Y="271.5722" />
								</PolyLine>
							</PathFigure>
						</Path>
						<Path FillMode="Winding" RenderTransform="1 0 0 -1 0 842">
							<Brush>
								<SolidBrush Color="#FFFFFFFF" />
							</Brush>
							<PathFigure IsClosed="True">
								<PolyLine LineColor="#FF000000">
									<Point X="375.26218" Y="289.4773" />
									<Point X="375.859" Y="289.4773" />
								</PolyLine>
								<PolyLine LineColor="#FF000000">
									<Point X="375.859" Y="289.4773" />
									<Point X="375.859" Y="271.5722" />
								</PolyLine>
								<PolyLine LineColor="#FF000000">
									<Point X="375.859" Y="271.5722" />
									<Point X="375.26218" Y="271.5722" />
								</PolyLine>
							</PathFigure>
						</Path>
						<Path FillMode="Winding" RenderTransform="1 0 0 -1 0 842">
							<Brush>
								<SolidBrush Color="#FF005F7F" />
							</Brush>
							<PathFigure IsClosed="True">
								<PolyLine LineColor="#FF000000">
									<Point X="52.373474" Y="270.37848" />
									<Point X="205.76053" Y="270.37848" />
								</PolyLine>
								<PolyLine LineColor="#FF000000">
									<Point X="205.76053" Y="270.37848" />
									<Point X="205.76053" Y="233.97144" />
								</PolyLine>
								<PolyLine LineColor="#FF000000">
									<Point X="205.76053" Y="233.97144" />
									<Point X="52.373474" Y="233.97144" />
								</PolyLine>
							</PathFigure>
						</Path>
						<Path FillMode="Winding" RenderTransform="1 0 0 -1 0 842">
							<Brush>
								<SolidBrush Color="#FFFFFFFF" />
							</Brush>
							<PathFigure IsClosed="True">
								<PolyLine LineColor="#FF000000">
									<Point X="52.373474" Y="270.37848" />
									<Point X="52.970306" Y="270.37848" />
								</PolyLine>
								<PolyLine LineColor="#FF000000">
									<Point X="52.970306" Y="270.37848" />
									<Point X="52.970306" Y="233.97144" />
								</PolyLine>
								<PolyLine LineColor="#FF000000">
									<Point X="52.970306" Y="233.97144" />
									<Point X="52.373474" Y="233.97144" />
								</PolyLine>
							</PathFigure>
						</Path>
						<Path FillMode="Winding" RenderTransform="1 0 0 -1 0 842">
							<Brush>
								<SolidBrush Color="#FF005F7F" />
							</Brush>
							<PathFigure IsClosed="True">
								<PolyLine LineColor="#FF000000">
									<Point X="206.95421" Y="270.37848" />
									<Point X="374.0685" Y="270.37848" />
								</PolyLine>
								<PolyLine LineColor="#FF000000">
									<Point X="374.0685" Y="270.37848" />
									<Point X="374.0685" Y="233.97144" />
								</PolyLine>
								<PolyLine LineColor="#FF000000">
									<Point X="374.0685" Y="233.97144" />
									<Point X="206.95421" Y="233.97144" />
								</PolyLine>
							</PathFigure>
						</Path>
						<Path FillMode="Winding" RenderTransform="1 0 0 -1 0 842">
							<Brush>
								<SolidBrush Color="#FFFFFFFF" />
							</Brush>
							<PathFigure IsClosed="True">
								<PolyLine LineColor="#FF000000">
									<Point X="206.95421" Y="270.37848" />
									<Point X="207.55104" Y="270.37848" />
								</PolyLine>
								<PolyLine LineColor="#FF000000">
									<Point X="207.55104" Y="270.37848" />
									<Point X="207.55104" Y="233.97144" />
								</PolyLine>
								<PolyLine LineColor="#FF000000">
									<Point X="207.55104" Y="233.97144" />
									<Point X="206.95421" Y="233.97144" />
								</PolyLine>
							</PathFigure>
						</Path>
						<Path FillMode="Winding" RenderTransform="1 0 0 -1 0 842">
							<Brush>
								<SolidBrush Color="#FF005F7F" />
							</Brush>
							<PathFigure IsClosed="True">
								<PolyLine LineColor="#FF000000">
									<Point X="214.71309" Y="269.1848" />
									<Point X="271.4126" Y="269.1848" />
								</PolyLine>
								<PolyLine LineColor="#FF000000">
									<Point X="271.4126" Y="269.1848" />
									<Point X="271.4126" Y="235.16516" />
								</PolyLine>
								<PolyLine LineColor="#FF000000">
									<Point X="271.4126" Y="235.16516" />
									<Point X="214.71309" Y="235.16516" />
								</PolyLine>
							</PathFigure>
						</Path>
						<Path FillMode="Winding" RenderTransform="1 0 0 -1 0 842">
							<Brush>
								<SolidBrush Color="#FF005F7F" />
							</Brush>
							<PathFigure IsClosed="True">
								<PolyLine LineColor="#FF000000">
									<Point X="272.60626" Y="269.1848" />
									<Point X="313.19116" Y="269.1848" />
								</PolyLine>
								<PolyLine LineColor="#FF000000">
									<Point X="313.19116" Y="269.1848" />
									<Point X="313.19116" Y="235.16516" />
								</PolyLine>
								<PolyLine LineColor="#FF000000">
									<Point X="313.19116" Y="235.16516" />
									<Point X="272.60626" Y="235.16516" />
								</PolyLine>
							</PathFigure>
						</Path>
						<Path FillMode="Winding" RenderTransform="1 0 0 -1 0 842">
							<Brush>
								<SolidBrush Color="#FFFFFFFF" />
							</Brush>
							<PathFigure IsClosed="True">
								<PolyLine LineColor="#FF000000">
									<Point X="272.60626" Y="269.1848" />
									<Point X="273.2031" Y="269.1848" />
								</PolyLine>
								<PolyLine LineColor="#FF000000">
									<Point X="273.2031" Y="269.1848" />
									<Point X="273.2031" Y="235.16516" />
								</PolyLine>
								<PolyLine LineColor="#FF000000">
									<Point X="273.2031" Y="235.16516" />
									<Point X="272.60626" Y="235.16516" />
								</PolyLine>
							</PathFigure>
						</Path>
						<Path FillMode="Winding" RenderTransform="1 0 0 -1 0 842">
							<Brush>
								<SolidBrush Color="#FF005F7F" />
							</Brush>
							<PathFigure IsClosed="True">
								<PolyLine LineColor="#FF000000">
									<Point X="314.38483" Y="269.1848" />
									<Point X="372.87485" Y="269.1848" />
								</PolyLine>
								<PolyLine LineColor="#FF000000">
									<Point X="372.87485" Y="269.1848" />
									<Point X="372.87485" Y="235.16516" />
								</PolyLine>
								<PolyLine LineColor="#FF000000">
									<Point X="372.87485" Y="235.16516" />
									<Point X="314.38483" Y="235.16516" />
								</PolyLine>
							</PathFigure>
						</Path>
						<Path FillMode="Winding" RenderTransform="1 0 0 -1 0 842">
							<Brush>
								<SolidBrush Color="#FFFFFFFF" />
							</Brush>
							<PathFigure IsClosed="True">
								<PolyLine LineColor="#FF000000">
									<Point X="314.38483" Y="269.1848" />
									<Point X="314.98166" Y="269.1848" />
								</PolyLine>
								<PolyLine LineColor="#FF000000">
									<Point X="314.98166" Y="269.1848" />
									<Point X="314.98166" Y="235.16516" />
								</PolyLine>
								<PolyLine LineColor="#FF000000">
									<Point X="314.98166" Y="235.16516" />
									<Point X="314.38483" Y="235.16516" />
								</PolyLine>
							</PathFigure>
						</Path>
						<Path FillMode="Winding" RenderTransform="1 0 0 -1 0 842">
							<Brush>
								<SolidBrush Color="#FF005F7F" />
							</Brush>
							<PathFigure IsClosed="True">
								<PolyLine LineColor="#FF000000">
									<Point X="375.26218" Y="270.37848" />
									<Point X="542.37646" Y="270.37848" />
								</PolyLine>
								<PolyLine LineColor="#FF000000">
									<Point X="542.37646" Y="270.37848" />
									<Point X="542.37646" Y="233.97144" />
								</PolyLine>
								<PolyLine LineColor="#FF000000">
									<Point X="542.37646" Y="233.97144" />
									<Point X="375.26218" Y="233.97144" />
								</PolyLine>
							</PathFigure>
						</Path>
						<Path FillMode="Winding" RenderTransform="1 0 0 -1 0 842">
							<Brush>
								<SolidBrush Color="#FFFFFFFF" />
							</Brush>
							<PathFigure IsClosed="True">
								<PolyLine LineColor="#FF000000">
									<Point X="375.26218" Y="270.37848" />
									<Point X="375.859" Y="270.37848" />
								</PolyLine>
								<PolyLine LineColor="#FF000000">
									<Point X="375.859" Y="270.37848" />
									<Point X="375.859" Y="233.97144" />
								</PolyLine>
								<PolyLine LineColor="#FF000000">
									<Point X="375.859" Y="233.97144" />
									<Point X="375.26218" Y="233.97144" />
								</PolyLine>
							</PathFigure>
						</Path>
						<Path FillMode="Winding" RenderTransform="1 0 0 -1 0 842">
							<Brush>
								<SolidBrush Color="#FF005F7F" />
							</Brush>
							<PathFigure IsClosed="True">
								<PolyLine LineColor="#FF000000">
									<Point X="383.02106" Y="269.1848" />
									<Point X="439.72055" Y="269.1848" />
								</PolyLine>
								<PolyLine LineColor="#FF000000">
									<Point X="439.72055" Y="269.1848" />
									<Point X="439.72055" Y="235.16516" />
								</PolyLine>
								<PolyLine LineColor="#FF000000">
									<Point X="439.72055" Y="235.16516" />
									<Point X="383.02106" Y="235.16516" />
								</PolyLine>
							</PathFigure>
						</Path>
						<Path FillMode="Winding" RenderTransform="1 0 0 -1 0 842">
							<Brush>
								<SolidBrush Color="#FF005F7F" />
							</Brush>
							<PathFigure IsClosed="True">
								<PolyLine LineColor="#FF000000">
									<Point X="440.91425" Y="269.1848" />
									<Point X="481.49915" Y="269.1848" />
								</PolyLine>
								<PolyLine LineColor="#FF000000">
									<Point X="481.49915" Y="269.1848" />
									<Point X="481.49915" Y="235.16516" />
								</PolyLine>
								<PolyLine LineColor="#FF000000">
									<Point X="481.49915" Y="235.16516" />
									<Point X="440.91425" Y="235.16516" />
								</PolyLine>
							</PathFigure>
						</Path>
						<Path FillMode="Winding" RenderTransform="1 0 0 -1 0 842">
							<Brush>
								<SolidBrush Color="#FFFFFFFF" />
							</Brush>
							<PathFigure IsClosed="True">
								<PolyLine LineColor="#FF000000">
									<Point X="440.91425" Y="269.1848" />
									<Point X="441.51108" Y="269.1848" />
								</PolyLine>
								<PolyLine LineColor="#FF000000">
									<Point X="441.51108" Y="269.1848" />
									<Point X="441.51108" Y="235.16516" />
								</PolyLine>
								<PolyLine LineColor="#FF000000">
									<Point X="441.51108" Y="235.16516" />
									<Point X="440.91425" Y="235.16516" />
								</PolyLine>
							</PathFigure>
						</Path>
						<Path FillMode="Winding" RenderTransform="1 0 0 -1 0 842">
							<Brush>
								<SolidBrush Color="#FF005F7F" />
							</Brush>
							<PathFigure IsClosed="True">
								<PolyLine LineColor="#FF000000">
									<Point X="482.6928" Y="269.1848" />
									<Point X="541.1828" Y="269.1848" />
								</PolyLine>
								<PolyLine LineColor="#FF000000">
									<Point X="541.1828" Y="269.1848" />
									<Point X="541.1828" Y="235.16516" />
								</PolyLine>
								<PolyLine LineColor="#FF000000">
									<Point X="541.1828" Y="235.16516" />
									<Point X="482.6928" Y="235.16516" />
								</PolyLine>
							</PathFigure>
						</Path>
						<Path FillMode="Winding" RenderTransform="1 0 0 -1 0 842">
							<Brush>
								<SolidBrush Color="#FFFFFFFF" />
							</Brush>
							<PathFigure IsClosed="True">
								<PolyLine LineColor="#FF000000">
									<Point X="482.6928" Y="269.1848" />
									<Point X="483.28964" Y="269.1848" />
								</PolyLine>
								<PolyLine LineColor="#FF000000">
									<Point X="483.28964" Y="269.1848" />
									<Point X="483.28964" Y="235.16516" />
								</PolyLine>
								<PolyLine LineColor="#FF000000">
									<Point X="483.28964" Y="235.16516" />
									<Point X="482.6928" Y="235.16516" />
								</PolyLine>
							</PathFigure>
						</Path>
					</Canvas>
					<Canvas>
						<Clip>
							<Path FillMode="Alternate">
								<PathFigure IsClosed="True">
									<PolyLine LineColor="#FF000000">
										<Point X="28.5" Y="28.5" />
										<Point X="566.25" Y="28.5" />
									</PolyLine>
									<PolyLine LineColor="#FF000000">
										<Point X="566.25" Y="28.5" />
										<Point X="566.25" Y="813.3404" />
									</PolyLine>
									<PolyLine LineColor="#FF000000">
										<Point X="566.25" Y="813.3404" />
										<Point X="28.5" Y="813.3404" />
									</PolyLine>
									<PolyLine LineColor="#FF000000">
										<Point X="28.5" Y="813.3404" />
										<Point X="28.5" Y="28.5" />
									</PolyLine>
								</PathFigure>
							</Path>
						</Clip>
						<Canvas>
							<Clip>
								<Path FillMode="Winding">
									<PathFigure IsClosed="False">
										<PolyLine LineColor="#FF000000">
											<Point X="52.373474" Y="631.30524" />
											<Point X="52.373474" Y="630.7084" />
										</PolyLine>
										<PolyLine LineColor="#FF000000">
											<Point X="52.373474" Y="630.7084" />
											<Point X="205.76053" Y="630.7084" />
										</PolyLine>
										<PolyLine LineColor="#FF000000">
											<Point X="205.76053" Y="630.7084" />
											<Point X="205.76053" Y="631.30524" />
										</PolyLine>
									</PathFigure>
								</Path>
							</Clip>
							<Path FillMode="Winding" RenderTransform="1 0 0 -1 0 842">
								<Brush>
									<SolidBrush Color="#FF706E74" />
								</Brush>
								<PathFigure IsClosed="True">
									<PolyLine LineColor="#FF000000">
										<Point X="52.373474" Y="211.29169" />
										<Point X="52.970306" Y="211.29169" />
									</PolyLine>
									<PolyLine LineColor="#FF000000">
										<Point X="52.970306" Y="211.29169" />
										<Point X="52.970306" Y="210.69482" />
									</PolyLine>
									<PolyLine LineColor="#FF000000">
										<Point X="52.970306" Y="210.69482" />
										<Point X="52.373474" Y="210.69482" />
									</PolyLine>
								</PathFigure>
							</Path>
							<Path FillMode="Winding" RenderTransform="1 0 0 -1 0 842">
								<Brush>
									<SolidBrush Color="#FF706E74" />
								</Brush>
								<PathFigure IsClosed="True">
									<PolyLine LineColor="#FF000000">
										<Point X="205.1637" Y="211.29169" />
										<Point X="205.76053" Y="211.29169" />
									</PolyLine>
									<PolyLine LineColor="#FF000000">
										<Point X="205.76053" Y="211.29169" />
										<Point X="205.76053" Y="210.69482" />
									</PolyLine>
									<PolyLine LineColor="#FF000000">
										<Point X="205.76053" Y="210.69482" />
										<Point X="205.1637" Y="210.69482" />
									</PolyLine>
								</PathFigure>
							</Path>
							<Path FillMode="Alternate" RenderTransform="1 0 0 -1 0 842">
								<Pen Alignment="Center" DashCap="Flat" DashOffset="0" DashPattern="0.5968368 0.5968368" DashStyle="Custom" EndCap="Flat" LineJoin="Miter" MiterLimit="10" StartCap="Flat" Width="0.5968368">
									<Brush>
										<SolidBrush Color="#FF706E74" />
									</Brush>
								</Pen>
								<PathFigure IsClosed="False">
									<PolyLine LineColor="#FF000000">
										<Point X="52.970306" Y="210.99323" />
										<Point X="205.1637" Y="210.99323" />
									</PolyLine>
								</PathFigure>
							</Path>
						</Canvas>
					</Canvas>
					<Canvas>
						<Clip>
							<Path FillMode="Alternate">
								<PathFigure IsClosed="True">
									<PolyLine LineColor="#FF000000">
										<Point X="28.5" Y="28.5" />
										<Point X="566.25" Y="28.5" />
									</PolyLine>
									<PolyLine LineColor="#FF000000">
										<Point X="566.25" Y="28.5" />
										<Point X="566.25" Y="813.3404" />
									</PolyLine>
									<PolyLine LineColor="#FF000000">
										<Point X="566.25" Y="813.3404" />
										<Point X="28.5" Y="813.3404" />
									</PolyLine>
									<PolyLine LineColor="#FF000000">
										<Point X="28.5" Y="813.3404" />
										<Point X="28.5" Y="28.5" />
									</PolyLine>
								</PathFigure>
							</Path>
						</Clip>
					</Canvas>
					<Canvas>
						<Clip>
							<Path FillMode="Alternate">
								<PathFigure IsClosed="True">
									<PolyLine LineColor="#FF000000">
										<Point X="28.5" Y="28.5" />
										<Point X="566.25" Y="28.5" />
									</PolyLine>
									<PolyLine LineColor="#FF000000">
										<Point X="566.25" Y="28.5" />
										<Point X="566.25" Y="813.3404" />
									</PolyLine>
									<PolyLine LineColor="#FF000000">
										<Point X="566.25" Y="813.3404" />
										<Point X="28.5" Y="813.3404" />
									</PolyLine>
									<PolyLine LineColor="#FF000000">
										<Point X="28.5" Y="813.3404" />
										<Point X="28.5" Y="28.5" />
									</PolyLine>
								</PathFigure>
							</Path>
						</Clip>
						<Canvas>
							<Clip>
								<Path FillMode="Winding">
									<PathFigure IsClosed="False">
										<PolyLine LineColor="#FF000000">
											<Point X="206.95421" Y="631.30524" />
											<Point X="207.55106" Y="630.7084" />
										</PolyLine>
										<PolyLine LineColor="#FF000000">
											<Point X="207.55106" Y="630.7084" />
											<Point X="374.0685" Y="630.7084" />
										</PolyLine>
										<PolyLine LineColor="#FF000000">
											<Point X="374.0685" Y="630.7084" />
											<Point X="374.0685" Y="631.30524" />
										</PolyLine>
									</PathFigure>
								</Path>
							</Clip>
							<Path FillMode="Winding" RenderTransform="1 0 0 -1 0 842">
								<Brush>
									<SolidBrush Color="#FF706E74" />
								</Brush>
								<PathFigure IsClosed="True">
									<PolyLine LineColor="#FF000000">
										<Point X="206.95421" Y="211.29169" />
										<Point X="207.55104" Y="211.29169" />
									</PolyLine>
									<PolyLine LineColor="#FF000000">
										<Point X="207.55104" Y="211.29169" />
										<Point X="207.55104" Y="210.69482" />
									</PolyLine>
									<PolyLine LineColor="#FF000000">
										<Point X="207.55104" Y="210.69482" />
										<Point X="206.95421" Y="210.69482" />
									</PolyLine>
								</PathFigure>
							</Path>
							<Path FillMode="Winding" RenderTransform="1 0 0 -1 0 842">
								<Brush>
									<SolidBrush Color="#FF706E74" />
								</Brush>
								<PathFigure IsClosed="True">
									<PolyLine LineColor="#FF000000">
										<Point X="373.47168" Y="211.29169" />
										<Point X="374.0685" Y="211.29169" />
									</PolyLine>
									<PolyLine LineColor="#FF000000">
										<Point X="374.0685" Y="211.29169" />
										<Point X="374.0685" Y="210.69482" />
									</PolyLine>
									<PolyLine LineColor="#FF000000">
										<Point X="374.0685" Y="210.69482" />
										<Point X="373.47168" Y="210.69482" />
									</PolyLine>
								</PathFigure>
							</Path>
							<Path FillMode="Alternate" RenderTransform="1 0 0 -1 0 842">
								<Pen Alignment="Center" DashCap="Flat" DashOffset="0" DashPattern="0.5968368 0.5968368" DashStyle="Custom" EndCap="Flat" LineJoin="Miter" MiterLimit="10" StartCap="Flat" Width="0.5968368">
									<Brush>
										<SolidBrush Color="#FF706E74" />
									</Brush>
								</Pen>
								<PathFigure IsClosed="False">
									<PolyLine LineColor="#FF000000">
										<Point X="207.55104" Y="210.99323" />
										<Point X="373.47168" Y="210.99323" />
									</PolyLine>
								</PathFigure>
							</Path>
						</Canvas>
					</Canvas>
					<Canvas>
						<Clip>
							<Path FillMode="Alternate">
								<PathFigure IsClosed="True">
									<PolyLine LineColor="#FF000000">
										<Point X="28.5" Y="28.5" />
										<Point X="566.25" Y="28.5" />
									</PolyLine>
									<PolyLine LineColor="#FF000000">
										<Point X="566.25" Y="28.5" />
										<Point X="566.25" Y="813.3404" />
									</PolyLine>
									<PolyLine LineColor="#FF000000">
										<Point X="566.25" Y="813.3404" />
										<Point X="28.5" Y="813.3404" />
									</PolyLine>
									<PolyLine LineColor="#FF000000">
										<Point X="28.5" Y="813.3404" />
										<Point X="28.5" Y="28.5" />
									</PolyLine>
								</PathFigure>
							</Path>
						</Clip>
						<Path FillMode="Winding" RenderTransform="1 0 0 -1 0 842">
							<Brush>
								<SolidBrush Color="#FF939598" />
							</Brush>
							<PathFigure IsClosed="True">
								<PolyLine LineColor="#FF000000">
									<Point X="206.95421" Y="231.5841" />
									<Point X="206.95421" Y="210.69476" />
								</PolyLine>
								<PolyLine LineColor="#FF000000">
									<Point X="206.95421" Y="210.69476" />
									<Point X="207.55106" Y="211.29163" />
								</PolyLine>
								<PolyLine LineColor="#FF000000">
									<Point X="207.55106" Y="211.29163" />
									<Point X="207.55106" Y="231.5841" />
								</PolyLine>
								<PolyLine LineColor="#FF000000">
									<Point X="207.55106" Y="231.5841" />
									<Point X="206.95421" Y="231.5841" />
								</PolyLine>
							</PathFigure>
						</Path>
					</Canvas>
					<Canvas>
						<Clip>
							<Path FillMode="Alternate">
								<PathFigure IsClosed="True">
									<PolyLine LineColor="#FF000000">
										<Point X="28.5" Y="28.5" />
										<Point X="566.25" Y="28.5" />
									</PolyLine>
									<PolyLine LineColor="#FF000000">
										<Point X="566.25" Y="28.5" />
										<Point X="566.25" Y="813.3404" />
									</PolyLine>
									<PolyLine LineColor="#FF000000">
										<Point X="566.25" Y="813.3404" />
										<Point X="28.5" Y="813.3404" />
									</PolyLine>
									<PolyLine LineColor="#FF000000">
										<Point X="28.5" Y="813.3404" />
										<Point X="28.5" Y="28.5" />
									</PolyLine>
								</PathFigure>
							</Path>
						</Clip>
						<Canvas>
							<Clip>
								<Path FillMode="Winding">
									<PathFigure IsClosed="False">
										<PolyLine LineColor="#FF000000">
											<Point X="375.2622" Y="631.30524" />
											<Point X="375.85904" Y="630.7084" />
										</PolyLine>
										<PolyLine LineColor="#FF000000">
											<Point X="375.85904" Y="630.7084" />
											<Point X="542.3765" Y="630.7084" />
										</PolyLine>
										<PolyLine LineColor="#FF000000">
											<Point X="542.3765" Y="630.7084" />
											<Point X="542.3765" Y="631.30524" />
										</PolyLine>
									</PathFigure>
								</Path>
							</Clip>
							<Path FillMode="Winding" RenderTransform="1 0 0 -1 0 842">
								<Brush>
									<SolidBrush Color="#FF706E74" />
								</Brush>
								<PathFigure IsClosed="True">
									<PolyLine LineColor="#FF000000">
										<Point X="375.26218" Y="211.29169" />
										<Point X="375.859" Y="211.29169" />
									</PolyLine>
									<PolyLine LineColor="#FF000000">
										<Point X="375.859" Y="211.29169" />
										<Point X="375.859" Y="210.69482" />
									</PolyLine>
									<PolyLine LineColor="#FF000000">
										<Point X="375.859" Y="210.69482" />
										<Point X="375.26218" Y="210.69482" />
									</PolyLine>
								</PathFigure>
							</Path>
							<Path FillMode="Winding" RenderTransform="1 0 0 -1 0 842">
								<Brush>
									<SolidBrush Color="#FF706E74" />
								</Brush>
								<PathFigure IsClosed="True">
									<PolyLine LineColor="#FF000000">
										<Point X="541.77966" Y="211.29169" />
										<Point X="542.37646" Y="211.29169" />
									</PolyLine>
									<PolyLine LineColor="#FF000000">
										<Point X="542.37646" Y="211.29169" />
										<Point X="542.37646" Y="210.69482" />
									</PolyLine>
									<PolyLine LineColor="#FF000000">
										<Point X="542.37646" Y="210.69482" />
										<Point X="541.77966" Y="210.69482" />
									</PolyLine>
								</PathFigure>
							</Path>
							<Path FillMode="Alternate" RenderTransform="1 0 0 -1 0 842">
								<Pen Alignment="Center" DashCap="Flat" DashOffset="0" DashPattern="0.5968368 0.5968368" DashStyle="Custom" EndCap="Flat" LineJoin="Miter" MiterLimit="10" StartCap="Flat" Width="0.5968368">
									<Brush>
										<SolidBrush Color="#FF706E74" />
									</Brush>
								</Pen>
								<PathFigure IsClosed="False">
									<PolyLine LineColor="#FF000000">
										<Point X="375.859" Y="210.99323" />
										<Point X="541.77966" Y="210.99323" />
									</PolyLine>
								</PathFigure>
							</Path>
						</Canvas>
					</Canvas>
					<Canvas>
						<Clip>
							<Path FillMode="Alternate">
								<PathFigure IsClosed="True">
									<PolyLine LineColor="#FF000000">
										<Point X="28.5" Y="28.5" />
										<Point X="566.25" Y="28.5" />
									</PolyLine>
									<PolyLine LineColor="#FF000000">
										<Point X="566.25" Y="28.5" />
										<Point X="566.25" Y="813.3404" />
									</PolyLine>
									<PolyLine LineColor="#FF000000">
										<Point X="566.25" Y="813.3404" />
										<Point X="28.5" Y="813.3404" />
									</PolyLine>
									<PolyLine LineColor="#FF000000">
										<Point X="28.5" Y="813.3404" />
										<Point X="28.5" Y="28.5" />
									</PolyLine>
								</PathFigure>
							</Path>
						</Clip>
						<Path FillMode="Winding" RenderTransform="1 0 0 -1 0 842">
							<Brush>
								<SolidBrush Color="#FF939598" />
							</Brush>
							<PathFigure IsClosed="True">
								<PolyLine LineColor="#FF000000">
									<Point X="375.2622" Y="231.5841" />
									<Point X="375.2622" Y="210.69476" />
								</PolyLine>
								<PolyLine LineColor="#FF000000">
									<Point X="375.2622" Y="210.69476" />
									<Point X="375.85904" Y="211.29163" />
								</PolyLine>
								<PolyLine LineColor="#FF000000">
									<Point X="375.85904" Y="211.29163" />
									<Point X="375.85904" Y="231.5841" />
								</PolyLine>
								<PolyLine LineColor="#FF000000">
									<Point X="375.85904" Y="231.5841" />
									<Point X="375.2622" Y="231.5841" />
								</PolyLine>
							</PathFigure>
						</Path>
					</Canvas>
					<Canvas>
						<Clip>
							<Path FillMode="Alternate">
								<PathFigure IsClosed="True">
									<PolyLine LineColor="#FF000000">
										<Point X="28.5" Y="28.5" />
										<Point X="566.25" Y="28.5" />
									</PolyLine>
									<PolyLine LineColor="#FF000000">
										<Point X="566.25" Y="28.5" />
										<Point X="566.25" Y="813.3404" />
									</PolyLine>
									<PolyLine LineColor="#FF000000">
										<Point X="566.25" Y="813.3404" />
										<Point X="28.5" Y="813.3404" />
									</PolyLine>
									<PolyLine LineColor="#FF000000">
										<Point X="28.5" Y="813.3404" />
										<Point X="28.5" Y="28.5" />
									</PolyLine>
								</PathFigure>
							</Path>
						</Clip>
						<Canvas>
							<Clip>
								<Path FillMode="Winding">
									<PathFigure IsClosed="False">
										<PolyLine LineColor="#FF000000">
											<Point X="52.373474" Y="653.3882" />
											<Point X="52.373474" Y="652.7913" />
										</PolyLine>
										<PolyLine LineColor="#FF000000">
											<Point X="52.373474" Y="652.7913" />
											<Point X="205.76053" Y="652.7913" />
										</PolyLine>
										<PolyLine LineColor="#FF000000">
											<Point X="205.76053" Y="652.7913" />
											<Point X="205.76053" Y="653.3882" />
										</PolyLine>
									</PathFigure>
								</Path>
							</Clip>
							<Path FillMode="Winding" RenderTransform="1 0 0 -1 0 842">
								<Brush>
									<SolidBrush Color="#FF706E74" />
								</Brush>
								<PathFigure IsClosed="True">
									<PolyLine LineColor="#FF000000">
										<Point X="52.373474" Y="189.20868" />
										<Point X="52.970306" Y="189.20868" />
									</PolyLine>
									<PolyLine LineColor="#FF000000">
										<Point X="52.970306" Y="189.20868" />
										<Point X="52.970306" Y="188.61188" />
									</PolyLine>
									<PolyLine LineColor="#FF000000">
										<Point X="52.970306" Y="188.61188" />
										<Point X="52.373474" Y="188.61188" />
									</PolyLine>
								</PathFigure>
							</Path>
							<Path FillMode="Winding" RenderTransform="1 0 0 -1 0 842">
								<Brush>
									<SolidBrush Color="#FF706E74" />
								</Brush>
								<PathFigure IsClosed="True">
									<PolyLine LineColor="#FF000000">
										<Point X="205.1637" Y="189.20868" />
										<Point X="205.76053" Y="189.20868" />
									</PolyLine>
									<PolyLine LineColor="#FF000000">
										<Point X="205.76053" Y="189.20868" />
										<Point X="205.76053" Y="188.61188" />
									</PolyLine>
									<PolyLine LineColor="#FF000000">
										<Point X="205.76053" Y="188.61188" />
										<Point X="205.1637" Y="188.61188" />
									</PolyLine>
								</PathFigure>
							</Path>
							<Path FillMode="Alternate" RenderTransform="1 0 0 -1 0 842">
								<Pen Alignment="Center" DashCap="Flat" DashOffset="0" DashPattern="0.5968368 0.5968368" DashStyle="Custom" EndCap="Flat" LineJoin="Miter" MiterLimit="10" StartCap="Flat" Width="0.5968368">
									<Brush>
										<SolidBrush Color="#FF706E74" />
									</Brush>
								</Pen>
								<PathFigure IsClosed="False">
									<PolyLine LineColor="#FF000000">
										<Point X="52.970306" Y="188.91028" />
										<Point X="205.1637" Y="188.91028" />
									</PolyLine>
								</PathFigure>
							</Path>
						</Canvas>
					</Canvas>
					<Canvas>
						<Clip>
							<Path FillMode="Alternate">
								<PathFigure IsClosed="True">
									<PolyLine LineColor="#FF000000">
										<Point X="28.5" Y="28.5" />
										<Point X="566.25" Y="28.5" />
									</PolyLine>
									<PolyLine LineColor="#FF000000">
										<Point X="566.25" Y="28.5" />
										<Point X="566.25" Y="813.3404" />
									</PolyLine>
									<PolyLine LineColor="#FF000000">
										<Point X="566.25" Y="813.3404" />
										<Point X="28.5" Y="813.3404" />
									</PolyLine>
									<PolyLine LineColor="#FF000000">
										<Point X="28.5" Y="813.3404" />
										<Point X="28.5" Y="28.5" />
									</PolyLine>
								</PathFigure>
							</Path>
						</Clip>
					</Canvas>
					<Canvas>
						<Clip>
							<Path FillMode="Alternate">
								<PathFigure IsClosed="True">
									<PolyLine LineColor="#FF000000">
										<Point X="28.5" Y="28.5" />
										<Point X="566.25" Y="28.5" />
									</PolyLine>
									<PolyLine LineColor="#FF000000">
										<Point X="566.25" Y="28.5" />
										<Point X="566.25" Y="813.3404" />
									</PolyLine>
									<PolyLine LineColor="#FF000000">
										<Point X="566.25" Y="813.3404" />
										<Point X="28.5" Y="813.3404" />
									</PolyLine>
									<PolyLine LineColor="#FF000000">
										<Point X="28.5" Y="813.3404" />
										<Point X="28.5" Y="28.5" />
									</PolyLine>
								</PathFigure>
							</Path>
						</Clip>
						<Canvas>
							<Clip>
								<Path FillMode="Winding">
									<PathFigure IsClosed="False">
										<PolyLine LineColor="#FF000000">
											<Point X="206.95421" Y="653.3882" />
											<Point X="207.55106" Y="652.7913" />
										</PolyLine>
										<PolyLine LineColor="#FF000000">
											<Point X="207.55106" Y="652.7913" />
											<Point X="374.0685" Y="652.7913" />
										</PolyLine>
										<PolyLine LineColor="#FF000000">
											<Point X="374.0685" Y="652.7913" />
											<Point X="374.0685" Y="653.3882" />
										</PolyLine>
									</PathFigure>
								</Path>
							</Clip>
							<Path FillMode="Winding" RenderTransform="1 0 0 -1 0 842">
								<Brush>
									<SolidBrush Color="#FF706E74" />
								</Brush>
								<PathFigure IsClosed="True">
									<PolyLine LineColor="#FF000000">
										<Point X="206.95421" Y="189.20868" />
										<Point X="207.55104" Y="189.20868" />
									</PolyLine>
									<PolyLine LineColor="#FF000000">
										<Point X="207.55104" Y="189.20868" />
										<Point X="207.55104" Y="188.61188" />
									</PolyLine>
									<PolyLine LineColor="#FF000000">
										<Point X="207.55104" Y="188.61188" />
										<Point X="206.95421" Y="188.61188" />
									</PolyLine>
								</PathFigure>
							</Path>
							<Path FillMode="Winding" RenderTransform="1 0 0 -1 0 842">
								<Brush>
									<SolidBrush Color="#FF706E74" />
								</Brush>
								<PathFigure IsClosed="True">
									<PolyLine LineColor="#FF000000">
										<Point X="373.47168" Y="189.20868" />
										<Point X="374.0685" Y="189.20868" />
									</PolyLine>
									<PolyLine LineColor="#FF000000">
										<Point X="374.0685" Y="189.20868" />
										<Point X="374.0685" Y="188.61188" />
									</PolyLine>
									<PolyLine LineColor="#FF000000">
										<Point X="374.0685" Y="188.61188" />
										<Point X="373.47168" Y="188.61188" />
									</PolyLine>
								</PathFigure>
							</Path>
							<Path FillMode="Alternate" RenderTransform="1 0 0 -1 0 842">
								<Pen Alignment="Center" DashCap="Flat" DashOffset="0" DashPattern="0.5968368 0.5968368" DashStyle="Custom" EndCap="Flat" LineJoin="Miter" MiterLimit="10" StartCap="Flat" Width="0.5968368">
									<Brush>
										<SolidBrush Color="#FF706E74" />
									</Brush>
								</Pen>
								<PathFigure IsClosed="False">
									<PolyLine LineColor="#FF000000">
										<Point X="207.55104" Y="188.91028" />
										<Point X="373.47168" Y="188.91028" />
									</PolyLine>
								</PathFigure>
							</Path>
						</Canvas>
					</Canvas>
					<Canvas>
						<Clip>
							<Path FillMode="Alternate">
								<PathFigure IsClosed="True">
									<PolyLine LineColor="#FF000000">
										<Point X="28.5" Y="28.5" />
										<Point X="566.25" Y="28.5" />
									</PolyLine>
									<PolyLine LineColor="#FF000000">
										<Point X="566.25" Y="28.5" />
										<Point X="566.25" Y="813.3404" />
									</PolyLine>
									<PolyLine LineColor="#FF000000">
										<Point X="566.25" Y="813.3404" />
										<Point X="28.5" Y="813.3404" />
									</PolyLine>
									<PolyLine LineColor="#FF000000">
										<Point X="28.5" Y="813.3404" />
										<Point X="28.5" Y="28.5" />
									</PolyLine>
								</PathFigure>
							</Path>
						</Clip>
						<Path FillMode="Winding" RenderTransform="1 0 0 -1 0 842">
							<Brush>
								<SolidBrush Color="#FF939598" />
							</Brush>
							<PathFigure IsClosed="True">
								<PolyLine LineColor="#FF000000">
									<Point X="206.95421" Y="209.5011" />
									<Point X="206.95421" Y="188.61182" />
								</PolyLine>
								<PolyLine LineColor="#FF000000">
									<Point X="206.95421" Y="188.61182" />
									<Point X="207.55106" Y="189.20868" />
								</PolyLine>
								<PolyLine LineColor="#FF000000">
									<Point X="207.55106" Y="189.20868" />
									<Point X="207.55106" Y="209.5011" />
								</PolyLine>
								<PolyLine LineColor="#FF000000">
									<Point X="207.55106" Y="209.5011" />
									<Point X="206.95421" Y="209.5011" />
								</PolyLine>
							</PathFigure>
						</Path>
					</Canvas>
					<Canvas>
						<Clip>
							<Path FillMode="Alternate">
								<PathFigure IsClosed="True">
									<PolyLine LineColor="#FF000000">
										<Point X="28.5" Y="28.5" />
										<Point X="566.25" Y="28.5" />
									</PolyLine>
									<PolyLine LineColor="#FF000000">
										<Point X="566.25" Y="28.5" />
										<Point X="566.25" Y="813.3404" />
									</PolyLine>
									<PolyLine LineColor="#FF000000">
										<Point X="566.25" Y="813.3404" />
										<Point X="28.5" Y="813.3404" />
									</PolyLine>
									<PolyLine LineColor="#FF000000">
										<Point X="28.5" Y="813.3404" />
										<Point X="28.5" Y="28.5" />
									</PolyLine>
								</PathFigure>
							</Path>
						</Clip>
						<Canvas>
							<Clip>
								<Path FillMode="Winding">
									<PathFigure IsClosed="False">
										<PolyLine LineColor="#FF000000">
											<Point X="375.2622" Y="653.3882" />
											<Point X="375.85904" Y="652.7913" />
										</PolyLine>
										<PolyLine LineColor="#FF000000">
											<Point X="375.85904" Y="652.7913" />
											<Point X="542.3765" Y="652.7913" />
										</PolyLine>
										<PolyLine LineColor="#FF000000">
											<Point X="542.3765" Y="652.7913" />
											<Point X="542.3765" Y="653.3882" />
										</PolyLine>
									</PathFigure>
								</Path>
							</Clip>
							<Path FillMode="Winding" RenderTransform="1 0 0 -1 0 842">
								<Brush>
									<SolidBrush Color="#FF706E74" />
								</Brush>
								<PathFigure IsClosed="True">
									<PolyLine LineColor="#FF000000">
										<Point X="375.26218" Y="189.20868" />
										<Point X="375.859" Y="189.20868" />
									</PolyLine>
									<PolyLine LineColor="#FF000000">
										<Point X="375.859" Y="189.20868" />
										<Point X="375.859" Y="188.61188" />
									</PolyLine>
									<PolyLine LineColor="#FF000000">
										<Point X="375.859" Y="188.61188" />
										<Point X="375.26218" Y="188.61188" />
									</PolyLine>
								</PathFigure>
							</Path>
							<Path FillMode="Winding" RenderTransform="1 0 0 -1 0 842">
								<Brush>
									<SolidBrush Color="#FF706E74" />
								</Brush>
								<PathFigure IsClosed="True">
									<PolyLine LineColor="#FF000000">
										<Point X="541.77966" Y="189.20868" />
										<Point X="542.37646" Y="189.20868" />
									</PolyLine>
									<PolyLine LineColor="#FF000000">
										<Point X="542.37646" Y="189.20868" />
										<Point X="542.37646" Y="188.61188" />
									</PolyLine>
									<PolyLine LineColor="#FF000000">
										<Point X="542.37646" Y="188.61188" />
										<Point X="541.77966" Y="188.61188" />
									</PolyLine>
								</PathFigure>
							</Path>
							<Path FillMode="Alternate" RenderTransform="1 0 0 -1 0 842">
								<Pen Alignment="Center" DashCap="Flat" DashOffset="0" DashPattern="0.5968368 0.5968368" DashStyle="Custom" EndCap="Flat" LineJoin="Miter" MiterLimit="10" StartCap="Flat" Width="0.5968368">
									<Brush>
										<SolidBrush Color="#FF706E74" />
									</Brush>
								</Pen>
								<PathFigure IsClosed="False">
									<PolyLine LineColor="#FF000000">
										<Point X="375.859" Y="188.91028" />
										<Point X="541.77966" Y="188.91028" />
									</PolyLine>
								</PathFigure>
							</Path>
						</Canvas>
					</Canvas>
					<Canvas>
						<Clip>
							<Path FillMode="Alternate">
								<PathFigure IsClosed="True">
									<PolyLine LineColor="#FF000000">
										<Point X="28.5" Y="28.5" />
										<Point X="566.25" Y="28.5" />
									</PolyLine>
									<PolyLine LineColor="#FF000000">
										<Point X="566.25" Y="28.5" />
										<Point X="566.25" Y="813.3404" />
									</PolyLine>
									<PolyLine LineColor="#FF000000">
										<Point X="566.25" Y="813.3404" />
										<Point X="28.5" Y="813.3404" />
									</PolyLine>
									<PolyLine LineColor="#FF000000">
										<Point X="28.5" Y="813.3404" />
										<Point X="28.5" Y="28.5" />
									</PolyLine>
								</PathFigure>
							</Path>
						</Clip>
						<Path FillMode="Winding" RenderTransform="1 0 0 -1 0 842">
							<Brush>
								<SolidBrush Color="#FF939598" />
							</Brush>
							<PathFigure IsClosed="True">
								<PolyLine LineColor="#FF000000">
									<Point X="375.2622" Y="209.5011" />
									<Point X="375.2622" Y="188.61182" />
								</PolyLine>
								<PolyLine LineColor="#FF000000">
									<Point X="375.2622" Y="188.61182" />
									<Point X="375.85904" Y="189.20868" />
								</PolyLine>
								<PolyLine LineColor="#FF000000">
									<Point X="375.85904" Y="189.20868" />
									<Point X="375.85904" Y="209.5011" />
								</PolyLine>
								<PolyLine LineColor="#FF000000">
									<Point X="375.85904" Y="209.5011" />
									<Point X="375.2622" Y="209.5011" />
								</PolyLine>
							</PathFigure>
						</Path>
					</Canvas>
					<Canvas>
						<Clip>
							<Path FillMode="Alternate">
								<PathFigure IsClosed="True">
									<PolyLine LineColor="#FF000000">
										<Point X="28.5" Y="28.5" />
										<Point X="566.25" Y="28.5" />
									</PolyLine>
									<PolyLine LineColor="#FF000000">
										<Point X="566.25" Y="28.5" />
										<Point X="566.25" Y="813.3404" />
									</PolyLine>
									<PolyLine LineColor="#FF000000">
										<Point X="566.25" Y="813.3404" />
										<Point X="28.5" Y="813.3404" />
									</PolyLine>
									<PolyLine LineColor="#FF000000">
										<Point X="28.5" Y="813.3404" />
										<Point X="28.5" Y="28.5" />
									</PolyLine>
								</PathFigure>
							</Path>
						</Clip>
						<Canvas>
							<Clip>
								<Path FillMode="Winding">
									<PathFigure IsClosed="False">
										<PolyLine LineColor="#FF000000">
											<Point X="52.373474" Y="669.50275" />
											<Point X="52.373474" Y="668.90594" />
										</PolyLine>
										<PolyLine LineColor="#FF000000">
											<Point X="52.373474" Y="668.90594" />
											<Point X="205.76053" Y="668.90594" />
										</PolyLine>
										<PolyLine LineColor="#FF000000">
											<Point X="205.76053" Y="668.90594" />
											<Point X="205.76053" Y="669.50275" />
										</PolyLine>
									</PathFigure>
								</Path>
							</Clip>
							<Path FillMode="Winding" RenderTransform="1 0 0 -1 0 842">
								<Brush>
									<SolidBrush Color="#FF706E74" />
								</Brush>
								<PathFigure IsClosed="True">
									<PolyLine LineColor="#FF000000">
										<Point X="52.373474" Y="173.09412" />
										<Point X="52.970306" Y="173.09412" />
									</PolyLine>
									<PolyLine LineColor="#FF000000">
										<Point X="52.970306" Y="173.09412" />
										<Point X="52.970306" Y="172.49725" />
									</PolyLine>
									<PolyLine LineColor="#FF000000">
										<Point X="52.970306" Y="172.49725" />
										<Point X="52.373474" Y="172.49725" />
									</PolyLine>
								</PathFigure>
							</Path>
							<Path FillMode="Winding" RenderTransform="1 0 0 -1 0 842">
								<Brush>
									<SolidBrush Color="#FF706E74" />
								</Brush>
								<PathFigure IsClosed="True">
									<PolyLine LineColor="#FF000000">
										<Point X="205.1637" Y="173.09412" />
										<Point X="205.76053" Y="173.09412" />
									</PolyLine>
									<PolyLine LineColor="#FF000000">
										<Point X="205.76053" Y="173.09412" />
										<Point X="205.76053" Y="172.49725" />
									</PolyLine>
									<PolyLine LineColor="#FF000000">
										<Point X="205.76053" Y="172.49725" />
										<Point X="205.1637" Y="172.49725" />
									</PolyLine>
								</PathFigure>
							</Path>
							<Path FillMode="Alternate" RenderTransform="1 0 0 -1 0 842">
								<Pen Alignment="Center" DashCap="Flat" DashOffset="0" DashPattern="0.5968368 0.5968368" DashStyle="Custom" EndCap="Flat" LineJoin="Miter" MiterLimit="10" StartCap="Flat" Width="0.5968368">
									<Brush>
										<SolidBrush Color="#FF706E74" />
									</Brush>
								</Pen>
								<PathFigure IsClosed="False">
									<PolyLine LineColor="#FF000000">
										<Point X="52.970306" Y="172.79572" />
										<Point X="205.1637" Y="172.79572" />
									</PolyLine>
								</PathFigure>
							</Path>
						</Canvas>
					</Canvas>
					<Canvas>
						<Clip>
							<Path FillMode="Alternate">
								<PathFigure IsClosed="True">
									<PolyLine LineColor="#FF000000">
										<Point X="28.5" Y="28.5" />
										<Point X="566.25" Y="28.5" />
									</PolyLine>
									<PolyLine LineColor="#FF000000">
										<Point X="566.25" Y="28.5" />
										<Point X="566.25" Y="813.3404" />
									</PolyLine>
									<PolyLine LineColor="#FF000000">
										<Point X="566.25" Y="813.3404" />
										<Point X="28.5" Y="813.3404" />
									</PolyLine>
									<PolyLine LineColor="#FF000000">
										<Point X="28.5" Y="813.3404" />
										<Point X="28.5" Y="28.5" />
									</PolyLine>
								</PathFigure>
							</Path>
						</Clip>
					</Canvas>
					<Canvas>
						<Clip>
							<Path FillMode="Alternate">
								<PathFigure IsClosed="True">
									<PolyLine LineColor="#FF000000">
										<Point X="28.5" Y="28.5" />
										<Point X="566.25" Y="28.5" />
									</PolyLine>
									<PolyLine LineColor="#FF000000">
										<Point X="566.25" Y="28.5" />
										<Point X="566.25" Y="813.3404" />
									</PolyLine>
									<PolyLine LineColor="#FF000000">
										<Point X="566.25" Y="813.3404" />
										<Point X="28.5" Y="813.3404" />
									</PolyLine>
									<PolyLine LineColor="#FF000000">
										<Point X="28.5" Y="813.3404" />
										<Point X="28.5" Y="28.5" />
									</PolyLine>
								</PathFigure>
							</Path>
						</Clip>
						<Canvas>
							<Clip>
								<Path FillMode="Winding">
									<PathFigure IsClosed="False">
										<PolyLine LineColor="#FF000000">
											<Point X="206.95421" Y="669.50275" />
											<Point X="207.55106" Y="668.90594" />
										</PolyLine>
										<PolyLine LineColor="#FF000000">
											<Point X="207.55106" Y="668.90594" />
											<Point X="374.0685" Y="668.90594" />
										</PolyLine>
										<PolyLine LineColor="#FF000000">
											<Point X="374.0685" Y="668.90594" />
											<Point X="374.0685" Y="669.50275" />
										</PolyLine>
									</PathFigure>
								</Path>
							</Clip>
							<Path FillMode="Winding" RenderTransform="1 0 0 -1 0 842">
								<Brush>
									<SolidBrush Color="#FF706E74" />
								</Brush>
								<PathFigure IsClosed="True">
									<PolyLine LineColor="#FF000000">
										<Point X="206.95421" Y="173.09412" />
										<Point X="207.55104" Y="173.09412" />
									</PolyLine>
									<PolyLine LineColor="#FF000000">
										<Point X="207.55104" Y="173.09412" />
										<Point X="207.55104" Y="172.49725" />
									</PolyLine>
									<PolyLine LineColor="#FF000000">
										<Point X="207.55104" Y="172.49725" />
										<Point X="206.95421" Y="172.49725" />
									</PolyLine>
								</PathFigure>
							</Path>
							<Path FillMode="Winding" RenderTransform="1 0 0 -1 0 842">
								<Brush>
									<SolidBrush Color="#FF706E74" />
								</Brush>
								<PathFigure IsClosed="True">
									<PolyLine LineColor="#FF000000">
										<Point X="373.47168" Y="173.09412" />
										<Point X="374.0685" Y="173.09412" />
									</PolyLine>
									<PolyLine LineColor="#FF000000">
										<Point X="374.0685" Y="173.09412" />
										<Point X="374.0685" Y="172.49725" />
									</PolyLine>
									<PolyLine LineColor="#FF000000">
										<Point X="374.0685" Y="172.49725" />
										<Point X="373.47168" Y="172.49725" />
									</PolyLine>
								</PathFigure>
							</Path>
							<Path FillMode="Alternate" RenderTransform="1 0 0 -1 0 842">
								<Pen Alignment="Center" DashCap="Flat" DashOffset="0" DashPattern="0.5968368 0.5968368" DashStyle="Custom" EndCap="Flat" LineJoin="Miter" MiterLimit="10" StartCap="Flat" Width="0.5968368">
									<Brush>
										<SolidBrush Color="#FF706E74" />
									</Brush>
								</Pen>
								<PathFigure IsClosed="False">
									<PolyLine LineColor="#FF000000">
										<Point X="207.55104" Y="172.79572" />
										<Point X="373.47168" Y="172.79572" />
									</PolyLine>
								</PathFigure>
							</Path>
						</Canvas>
					</Canvas>
					<Canvas>
						<Clip>
							<Path FillMode="Alternate">
								<PathFigure IsClosed="True">
									<PolyLine LineColor="#FF000000">
										<Point X="28.5" Y="28.5" />
										<Point X="566.25" Y="28.5" />
									</PolyLine>
									<PolyLine LineColor="#FF000000">
										<Point X="566.25" Y="28.5" />
										<Point X="566.25" Y="813.3404" />
									</PolyLine>
									<PolyLine LineColor="#FF000000">
										<Point X="566.25" Y="813.3404" />
										<Point X="28.5" Y="813.3404" />
									</PolyLine>
									<PolyLine LineColor="#FF000000">
										<Point X="28.5" Y="813.3404" />
										<Point X="28.5" Y="28.5" />
									</PolyLine>
								</PathFigure>
							</Path>
						</Clip>
						<Path FillMode="Winding" RenderTransform="1 0 0 -1 0 842">
							<Brush>
								<SolidBrush Color="#FF939598" />
							</Brush>
							<PathFigure IsClosed="True">
								<PolyLine LineColor="#FF000000">
									<Point X="206.95421" Y="187.41821" />
									<Point X="206.95421" Y="172.49725" />
								</PolyLine>
								<PolyLine LineColor="#FF000000">
									<Point X="206.95421" Y="172.49725" />
									<Point X="207.55106" Y="173.09406" />
								</PolyLine>
								<PolyLine LineColor="#FF000000">
									<Point X="207.55106" Y="173.09406" />
									<Point X="207.55106" Y="187.41821" />
								</PolyLine>
								<PolyLine LineColor="#FF000000">
									<Point X="207.55106" Y="187.41821" />
									<Point X="206.95421" Y="187.41821" />
								</PolyLine>
							</PathFigure>
						</Path>
					</Canvas>
					<Canvas>
						<Clip>
							<Path FillMode="Alternate">
								<PathFigure IsClosed="True">
									<PolyLine LineColor="#FF000000">
										<Point X="28.5" Y="28.5" />
										<Point X="566.25" Y="28.5" />
									</PolyLine>
									<PolyLine LineColor="#FF000000">
										<Point X="566.25" Y="28.5" />
										<Point X="566.25" Y="813.3404" />
									</PolyLine>
									<PolyLine LineColor="#FF000000">
										<Point X="566.25" Y="813.3404" />
										<Point X="28.5" Y="813.3404" />
									</PolyLine>
									<PolyLine LineColor="#FF000000">
										<Point X="28.5" Y="813.3404" />
										<Point X="28.5" Y="28.5" />
									</PolyLine>
								</PathFigure>
							</Path>
						</Clip>
						<Canvas>
							<Clip>
								<Path FillMode="Winding">
									<PathFigure IsClosed="False">
										<PolyLine LineColor="#FF000000">
											<Point X="375.2622" Y="669.50275" />
											<Point X="375.85904" Y="668.90594" />
										</PolyLine>
										<PolyLine LineColor="#FF000000">
											<Point X="375.85904" Y="668.90594" />
											<Point X="542.3765" Y="668.90594" />
										</PolyLine>
										<PolyLine LineColor="#FF000000">
											<Point X="542.3765" Y="668.90594" />
											<Point X="542.3765" Y="669.50275" />
										</PolyLine>
									</PathFigure>
								</Path>
							</Clip>
							<Path FillMode="Winding" RenderTransform="1 0 0 -1 0 842">
								<Brush>
									<SolidBrush Color="#FF706E74" />
								</Brush>
								<PathFigure IsClosed="True">
									<PolyLine LineColor="#FF000000">
										<Point X="375.26218" Y="173.09412" />
										<Point X="375.859" Y="173.09412" />
									</PolyLine>
									<PolyLine LineColor="#FF000000">
										<Point X="375.859" Y="173.09412" />
										<Point X="375.859" Y="172.49725" />
									</PolyLine>
									<PolyLine LineColor="#FF000000">
										<Point X="375.859" Y="172.49725" />
										<Point X="375.26218" Y="172.49725" />
									</PolyLine>
								</PathFigure>
							</Path>
							<Path FillMode="Winding" RenderTransform="1 0 0 -1 0 842">
								<Brush>
									<SolidBrush Color="#FF706E74" />
								</Brush>
								<PathFigure IsClosed="True">
									<PolyLine LineColor="#FF000000">
										<Point X="541.77966" Y="173.09412" />
										<Point X="542.37646" Y="173.09412" />
									</PolyLine>
									<PolyLine LineColor="#FF000000">
										<Point X="542.37646" Y="173.09412" />
										<Point X="542.37646" Y="172.49725" />
									</PolyLine>
									<PolyLine LineColor="#FF000000">
										<Point X="542.37646" Y="172.49725" />
										<Point X="541.77966" Y="172.49725" />
									</PolyLine>
								</PathFigure>
							</Path>
							<Path FillMode="Alternate" RenderTransform="1 0 0 -1 0 842">
								<Pen Alignment="Center" DashCap="Flat" DashOffset="0" DashPattern="0.5968368 0.5968368" DashStyle="Custom" EndCap="Flat" LineJoin="Miter" MiterLimit="10" StartCap="Flat" Width="0.5968368">
									<Brush>
										<SolidBrush Color="#FF706E74" />
									</Brush>
								</Pen>
								<PathFigure IsClosed="False">
									<PolyLine LineColor="#FF000000">
										<Point X="375.859" Y="172.79572" />
										<Point X="541.77966" Y="172.79572" />
									</PolyLine>
								</PathFigure>
							</Path>
						</Canvas>
					</Canvas>
					<Canvas>
						<Clip>
							<Path FillMode="Alternate">
								<PathFigure IsClosed="True">
									<PolyLine LineColor="#FF000000">
										<Point X="28.5" Y="28.5" />
										<Point X="566.25" Y="28.5" />
									</PolyLine>
									<PolyLine LineColor="#FF000000">
										<Point X="566.25" Y="28.5" />
										<Point X="566.25" Y="813.3404" />
									</PolyLine>
									<PolyLine LineColor="#FF000000">
										<Point X="566.25" Y="813.3404" />
										<Point X="28.5" Y="813.3404" />
									</PolyLine>
									<PolyLine LineColor="#FF000000">
										<Point X="28.5" Y="813.3404" />
										<Point X="28.5" Y="28.5" />
									</PolyLine>
								</PathFigure>
							</Path>
						</Clip>
						<Path FillMode="Winding" RenderTransform="1 0 0 -1 0 842">
							<Brush>
								<SolidBrush Color="#FF939598" />
							</Brush>
							<PathFigure IsClosed="True">
								<PolyLine LineColor="#FF000000">
									<Point X="375.2622" Y="187.41821" />
									<Point X="375.2622" Y="172.49725" />
								</PolyLine>
								<PolyLine LineColor="#FF000000">
									<Point X="375.2622" Y="172.49725" />
									<Point X="375.85904" Y="173.09406" />
								</PolyLine>
								<PolyLine LineColor="#FF000000">
									<Point X="375.85904" Y="173.09406" />
									<Point X="375.85904" Y="187.41821" />
								</PolyLine>
								<PolyLine LineColor="#FF000000">
									<Point X="375.85904" Y="187.41821" />
									<Point X="375.2622" Y="187.41821" />
								</PolyLine>
							</PathFigure>
						</Path>
					</Canvas>
					<Canvas>
						<Clip>
							<Path FillMode="Alternate">
								<PathFigure IsClosed="True">
									<PolyLine LineColor="#FF000000">
										<Point X="28.5" Y="28.5" />
										<Point X="566.25" Y="28.5" />
									</PolyLine>
									<PolyLine LineColor="#FF000000">
										<Point X="566.25" Y="28.5" />
										<Point X="566.25" Y="813.3404" />
									</PolyLine>
									<PolyLine LineColor="#FF000000">
										<Point X="566.25" Y="813.3404" />
										<Point X="28.5" Y="813.3404" />
									</PolyLine>
									<PolyLine LineColor="#FF000000">
										<Point X="28.5" Y="813.3404" />
										<Point X="28.5" Y="28.5" />
									</PolyLine>
								</PathFigure>
							</Path>
						</Clip>
						<Canvas>
							<Clip>
								<Path FillMode="Winding">
									<PathFigure IsClosed="False">
										<PolyLine LineColor="#FF000000">
											<Point X="52.373474" Y="685.6174" />
											<Point X="52.373474" Y="685.0205" />
										</PolyLine>
										<PolyLine LineColor="#FF000000">
											<Point X="52.373474" Y="685.0205" />
											<Point X="205.76053" Y="685.0205" />
										</PolyLine>
										<PolyLine LineColor="#FF000000">
											<Point X="205.76053" Y="685.0205" />
											<Point X="205.76053" Y="685.6174" />
										</PolyLine>
									</PathFigure>
								</Path>
							</Clip>
							<Path FillMode="Winding" RenderTransform="1 0 0 -1 0 842">
								<Brush>
									<SolidBrush Color="#FF706E74" />
								</Brush>
								<PathFigure IsClosed="True">
									<PolyLine LineColor="#FF000000">
										<Point X="52.373474" Y="156.97949" />
										<Point X="52.970306" Y="156.97949" />
									</PolyLine>
									<PolyLine LineColor="#FF000000">
										<Point X="52.970306" Y="156.97949" />
										<Point X="52.970306" Y="156.38269" />
									</PolyLine>
									<PolyLine LineColor="#FF000000">
										<Point X="52.970306" Y="156.38269" />
										<Point X="52.373474" Y="156.38269" />
									</PolyLine>
								</PathFigure>
							</Path>
							<Path FillMode="Winding" RenderTransform="1 0 0 -1 0 842">
								<Brush>
									<SolidBrush Color="#FF706E74" />
								</Brush>
								<PathFigure IsClosed="True">
									<PolyLine LineColor="#FF000000">
										<Point X="205.1637" Y="156.97949" />
										<Point X="205.76053" Y="156.97949" />
									</PolyLine>
									<PolyLine LineColor="#FF000000">
										<Point X="205.76053" Y="156.97949" />
										<Point X="205.76053" Y="156.38269" />
									</PolyLine>
									<PolyLine LineColor="#FF000000">
										<Point X="205.76053" Y="156.38269" />
										<Point X="205.1637" Y="156.38269" />
									</PolyLine>
								</PathFigure>
							</Path>
							<Path FillMode="Alternate" RenderTransform="1 0 0 -1 0 842">
								<Pen Alignment="Center" DashCap="Flat" DashOffset="0" DashPattern="0.5968368 0.5968368" DashStyle="Custom" EndCap="Flat" LineJoin="Miter" MiterLimit="10" StartCap="Flat" Width="0.5968368">
									<Brush>
										<SolidBrush Color="#FF706E74" />
									</Brush>
								</Pen>
								<PathFigure IsClosed="False">
									<PolyLine LineColor="#FF000000">
										<Point X="52.970306" Y="156.68109" />
										<Point X="205.1637" Y="156.68109" />
									</PolyLine>
								</PathFigure>
							</Path>
						</Canvas>
					</Canvas>
					<Canvas>
						<Clip>
							<Path FillMode="Alternate">
								<PathFigure IsClosed="True">
									<PolyLine LineColor="#FF000000">
										<Point X="28.5" Y="28.5" />
										<Point X="566.25" Y="28.5" />
									</PolyLine>
									<PolyLine LineColor="#FF000000">
										<Point X="566.25" Y="28.5" />
										<Point X="566.25" Y="813.3404" />
									</PolyLine>
									<PolyLine LineColor="#FF000000">
										<Point X="566.25" Y="813.3404" />
										<Point X="28.5" Y="813.3404" />
									</PolyLine>
									<PolyLine LineColor="#FF000000">
										<Point X="28.5" Y="813.3404" />
										<Point X="28.5" Y="28.5" />
									</PolyLine>
								</PathFigure>
							</Path>
						</Clip>
					</Canvas>
					<Canvas>
						<Clip>
							<Path FillMode="Alternate">
								<PathFigure IsClosed="True">
									<PolyLine LineColor="#FF000000">
										<Point X="28.5" Y="28.5" />
										<Point X="566.25" Y="28.5" />
									</PolyLine>
									<PolyLine LineColor="#FF000000">
										<Point X="566.25" Y="28.5" />
										<Point X="566.25" Y="813.3404" />
									</PolyLine>
									<PolyLine LineColor="#FF000000">
										<Point X="566.25" Y="813.3404" />
										<Point X="28.5" Y="813.3404" />
									</PolyLine>
									<PolyLine LineColor="#FF000000">
										<Point X="28.5" Y="813.3404" />
										<Point X="28.5" Y="28.5" />
									</PolyLine>
								</PathFigure>
							</Path>
						</Clip>
						<Canvas>
							<Clip>
								<Path FillMode="Winding">
									<PathFigure IsClosed="False">
										<PolyLine LineColor="#FF000000">
											<Point X="206.95421" Y="685.6174" />
											<Point X="207.55106" Y="685.0205" />
										</PolyLine>
										<PolyLine LineColor="#FF000000">
											<Point X="207.55106" Y="685.0205" />
											<Point X="374.0685" Y="685.0205" />
										</PolyLine>
										<PolyLine LineColor="#FF000000">
											<Point X="374.0685" Y="685.0205" />
											<Point X="374.0685" Y="685.6174" />
										</PolyLine>
									</PathFigure>
								</Path>
							</Clip>
							<Path FillMode="Winding" RenderTransform="1 0 0 -1 0 842">
								<Brush>
									<SolidBrush Color="#FF706E74" />
								</Brush>
								<PathFigure IsClosed="True">
									<PolyLine LineColor="#FF000000">
										<Point X="206.95421" Y="156.97949" />
										<Point X="207.55104" Y="156.97949" />
									</PolyLine>
									<PolyLine LineColor="#FF000000">
										<Point X="207.55104" Y="156.97949" />
										<Point X="207.55104" Y="156.38269" />
									</PolyLine>
									<PolyLine LineColor="#FF000000">
										<Point X="207.55104" Y="156.38269" />
										<Point X="206.95421" Y="156.38269" />
									</PolyLine>
								</PathFigure>
							</Path>
							<Path FillMode="Winding" RenderTransform="1 0 0 -1 0 842">
								<Brush>
									<SolidBrush Color="#FF706E74" />
								</Brush>
								<PathFigure IsClosed="True">
									<PolyLine LineColor="#FF000000">
										<Point X="373.47168" Y="156.97949" />
										<Point X="374.0685" Y="156.97949" />
									</PolyLine>
									<PolyLine LineColor="#FF000000">
										<Point X="374.0685" Y="156.97949" />
										<Point X="374.0685" Y="156.38269" />
									</PolyLine>
									<PolyLine LineColor="#FF000000">
										<Point X="374.0685" Y="156.38269" />
										<Point X="373.47168" Y="156.38269" />
									</PolyLine>
								</PathFigure>
							</Path>
							<Path FillMode="Alternate" RenderTransform="1 0 0 -1 0 842">
								<Pen Alignment="Center" DashCap="Flat" DashOffset="0" DashPattern="0.5968368 0.5968368" DashStyle="Custom" EndCap="Flat" LineJoin="Miter" MiterLimit="10" StartCap="Flat" Width="0.5968368">
									<Brush>
										<SolidBrush Color="#FF706E74" />
									</Brush>
								</Pen>
								<PathFigure IsClosed="False">
									<PolyLine LineColor="#FF000000">
										<Point X="207.55104" Y="156.68109" />
										<Point X="373.47168" Y="156.68109" />
									</PolyLine>
								</PathFigure>
							</Path>
						</Canvas>
					</Canvas>
					<Canvas>
						<Clip>
							<Path FillMode="Alternate">
								<PathFigure IsClosed="True">
									<PolyLine LineColor="#FF000000">
										<Point X="28.5" Y="28.5" />
										<Point X="566.25" Y="28.5" />
									</PolyLine>
									<PolyLine LineColor="#FF000000">
										<Point X="566.25" Y="28.5" />
										<Point X="566.25" Y="813.3404" />
									</PolyLine>
									<PolyLine LineColor="#FF000000">
										<Point X="566.25" Y="813.3404" />
										<Point X="28.5" Y="813.3404" />
									</PolyLine>
									<PolyLine LineColor="#FF000000">
										<Point X="28.5" Y="813.3404" />
										<Point X="28.5" Y="28.5" />
									</PolyLine>
								</PathFigure>
							</Path>
						</Clip>
						<Path FillMode="Winding" RenderTransform="1 0 0 -1 0 842">
							<Brush>
								<SolidBrush Color="#FF939598" />
							</Brush>
							<PathFigure IsClosed="True">
								<PolyLine LineColor="#FF000000">
									<Point X="206.95421" Y="171.30359" />
									<Point X="206.95421" Y="156.38263" />
								</PolyLine>
								<PolyLine LineColor="#FF000000">
									<Point X="206.95421" Y="156.38263" />
									<Point X="207.55106" Y="156.97949" />
								</PolyLine>
								<PolyLine LineColor="#FF000000">
									<Point X="207.55106" Y="156.97949" />
									<Point X="207.55106" Y="171.30359" />
								</PolyLine>
								<PolyLine LineColor="#FF000000">
									<Point X="207.55106" Y="171.30359" />
									<Point X="206.95421" Y="171.30359" />
								</PolyLine>
							</PathFigure>
						</Path>
					</Canvas>
					<Canvas>
						<Clip>
							<Path FillMode="Alternate">
								<PathFigure IsClosed="True">
									<PolyLine LineColor="#FF000000">
										<Point X="28.5" Y="28.5" />
										<Point X="566.25" Y="28.5" />
									</PolyLine>
									<PolyLine LineColor="#FF000000">
										<Point X="566.25" Y="28.5" />
										<Point X="566.25" Y="813.3404" />
									</PolyLine>
									<PolyLine LineColor="#FF000000">
										<Point X="566.25" Y="813.3404" />
										<Point X="28.5" Y="813.3404" />
									</PolyLine>
									<PolyLine LineColor="#FF000000">
										<Point X="28.5" Y="813.3404" />
										<Point X="28.5" Y="28.5" />
									</PolyLine>
								</PathFigure>
							</Path>
						</Clip>
						<Canvas>
							<Clip>
								<Path FillMode="Winding">
									<PathFigure IsClosed="False">
										<PolyLine LineColor="#FF000000">
											<Point X="375.2622" Y="685.6174" />
											<Point X="375.85904" Y="685.0205" />
										</PolyLine>
										<PolyLine LineColor="#FF000000">
											<Point X="375.85904" Y="685.0205" />
											<Point X="542.3765" Y="685.0205" />
										</PolyLine>
										<PolyLine LineColor="#FF000000">
											<Point X="542.3765" Y="685.0205" />
											<Point X="542.3765" Y="685.6174" />
										</PolyLine>
									</PathFigure>
								</Path>
							</Clip>
							<Path FillMode="Winding" RenderTransform="1 0 0 -1 0 842">
								<Brush>
									<SolidBrush Color="#FF706E74" />
								</Brush>
								<PathFigure IsClosed="True">
									<PolyLine LineColor="#FF000000">
										<Point X="375.26218" Y="156.97949" />
										<Point X="375.859" Y="156.97949" />
									</PolyLine>
									<PolyLine LineColor="#FF000000">
										<Point X="375.859" Y="156.97949" />
										<Point X="375.859" Y="156.38269" />
									</PolyLine>
									<PolyLine LineColor="#FF000000">
										<Point X="375.859" Y="156.38269" />
										<Point X="375.26218" Y="156.38269" />
									</PolyLine>
								</PathFigure>
							</Path>
							<Path FillMode="Winding" RenderTransform="1 0 0 -1 0 842">
								<Brush>
									<SolidBrush Color="#FF706E74" />
								</Brush>
								<PathFigure IsClosed="True">
									<PolyLine LineColor="#FF000000">
										<Point X="541.77966" Y="156.97949" />
										<Point X="542.37646" Y="156.97949" />
									</PolyLine>
									<PolyLine LineColor="#FF000000">
										<Point X="542.37646" Y="156.97949" />
										<Point X="542.37646" Y="156.38269" />
									</PolyLine>
									<PolyLine LineColor="#FF000000">
										<Point X="542.37646" Y="156.38269" />
										<Point X="541.77966" Y="156.38269" />
									</PolyLine>
								</PathFigure>
							</Path>
							<Path FillMode="Alternate" RenderTransform="1 0 0 -1 0 842">
								<Pen Alignment="Center" DashCap="Flat" DashOffset="0" DashPattern="0.5968368 0.5968368" DashStyle="Custom" EndCap="Flat" LineJoin="Miter" MiterLimit="10" StartCap="Flat" Width="0.5968368">
									<Brush>
										<SolidBrush Color="#FF706E74" />
									</Brush>
								</Pen>
								<PathFigure IsClosed="False">
									<PolyLine LineColor="#FF000000">
										<Point X="375.859" Y="156.68109" />
										<Point X="541.77966" Y="156.68109" />
									</PolyLine>
								</PathFigure>
							</Path>
						</Canvas>
					</Canvas>
					<Canvas>
						<Clip>
							<Path FillMode="Alternate">
								<PathFigure IsClosed="True">
									<PolyLine LineColor="#FF000000">
										<Point X="28.5" Y="28.5" />
										<Point X="566.25" Y="28.5" />
									</PolyLine>
									<PolyLine LineColor="#FF000000">
										<Point X="566.25" Y="28.5" />
										<Point X="566.25" Y="813.3404" />
									</PolyLine>
									<PolyLine LineColor="#FF000000">
										<Point X="566.25" Y="813.3404" />
										<Point X="28.5" Y="813.3404" />
									</PolyLine>
									<PolyLine LineColor="#FF000000">
										<Point X="28.5" Y="813.3404" />
										<Point X="28.5" Y="28.5" />
									</PolyLine>
								</PathFigure>
							</Path>
						</Clip>
						<Path FillMode="Winding" RenderTransform="1 0 0 -1 0 842">
							<Brush>
								<SolidBrush Color="#FF939598" />
							</Brush>
							<PathFigure IsClosed="True">
								<PolyLine LineColor="#FF000000">
									<Point X="375.2622" Y="171.30359" />
									<Point X="375.2622" Y="156.38263" />
								</PolyLine>
								<PolyLine LineColor="#FF000000">
									<Point X="375.2622" Y="156.38263" />
									<Point X="375.85904" Y="156.97949" />
								</PolyLine>
								<PolyLine LineColor="#FF000000">
									<Point X="375.85904" Y="156.97949" />
									<Point X="375.85904" Y="171.30359" />
								</PolyLine>
								<PolyLine LineColor="#FF000000">
									<Point X="375.85904" Y="171.30359" />
									<Point X="375.2622" Y="171.30359" />
								</PolyLine>
							</PathFigure>
						</Path>
					</Canvas>
					<Canvas>
						<Clip>
							<Path FillMode="Alternate">
								<PathFigure IsClosed="True">
									<PolyLine LineColor="#FF000000">
										<Point X="28.5" Y="28.5" />
										<Point X="566.25" Y="28.5" />
									</PolyLine>
									<PolyLine LineColor="#FF000000">
										<Point X="566.25" Y="28.5" />
										<Point X="566.25" Y="813.3404" />
									</PolyLine>
									<PolyLine LineColor="#FF000000">
										<Point X="566.25" Y="813.3404" />
										<Point X="28.5" Y="813.3404" />
									</PolyLine>
									<PolyLine LineColor="#FF000000">
										<Point X="28.5" Y="813.3404" />
										<Point X="28.5" Y="28.5" />
									</PolyLine>
								</PathFigure>
							</Path>
						</Clip>
						<Canvas>
							<Clip>
								<Path FillMode="Winding">
									<PathFigure IsClosed="False">
										<PolyLine LineColor="#FF000000">
											<Point X="52.373474" Y="701.73193" />
											<Point X="52.373474" Y="701.13513" />
										</PolyLine>
										<PolyLine LineColor="#FF000000">
											<Point X="52.373474" Y="701.13513" />
											<Point X="205.76053" Y="701.13513" />
										</PolyLine>
										<PolyLine LineColor="#FF000000">
											<Point X="205.76053" Y="701.13513" />
											<Point X="205.76053" Y="701.73193" />
										</PolyLine>
									</PathFigure>
								</Path>
							</Clip>
							<Path FillMode="Winding" RenderTransform="1 0 0 -1 0 842">
								<Brush>
									<SolidBrush Color="#FF706E74" />
								</Brush>
								<PathFigure IsClosed="True">
									<PolyLine LineColor="#FF000000">
										<Point X="52.373474" Y="140.86493" />
										<Point X="52.970306" Y="140.86493" />
									</PolyLine>
									<PolyLine LineColor="#FF000000">
										<Point X="52.970306" Y="140.86493" />
										<Point X="52.970306" Y="140.26807" />
									</PolyLine>
									<PolyLine LineColor="#FF000000">
										<Point X="52.970306" Y="140.26807" />
										<Point X="52.373474" Y="140.26807" />
									</PolyLine>
								</PathFigure>
							</Path>
							<Path FillMode="Winding" RenderTransform="1 0 0 -1 0 842">
								<Brush>
									<SolidBrush Color="#FF706E74" />
								</Brush>
								<PathFigure IsClosed="True">
									<PolyLine LineColor="#FF000000">
										<Point X="205.1637" Y="140.86493" />
										<Point X="205.76053" Y="140.86493" />
									</PolyLine>
									<PolyLine LineColor="#FF000000">
										<Point X="205.76053" Y="140.86493" />
										<Point X="205.76053" Y="140.26807" />
									</PolyLine>
									<PolyLine LineColor="#FF000000">
										<Point X="205.76053" Y="140.26807" />
										<Point X="205.1637" Y="140.26807" />
									</PolyLine>
								</PathFigure>
							</Path>
							<Path FillMode="Alternate" RenderTransform="1 0 0 -1 0 842">
								<Pen Alignment="Center" DashCap="Flat" DashOffset="0" DashPattern="0.5968368 0.5968368" DashStyle="Custom" EndCap="Flat" LineJoin="Miter" MiterLimit="10" StartCap="Flat" Width="0.5968368">
									<Brush>
										<SolidBrush Color="#FF706E74" />
									</Brush>
								</Pen>
								<PathFigure IsClosed="False">
									<PolyLine LineColor="#FF000000">
										<Point X="52.970306" Y="140.56653" />
										<Point X="205.1637" Y="140.56653" />
									</PolyLine>
								</PathFigure>
							</Path>
						</Canvas>
					</Canvas>
					<Canvas>
						<Clip>
							<Path FillMode="Alternate">
								<PathFigure IsClosed="True">
									<PolyLine LineColor="#FF000000">
										<Point X="28.5" Y="28.5" />
										<Point X="566.25" Y="28.5" />
									</PolyLine>
									<PolyLine LineColor="#FF000000">
										<Point X="566.25" Y="28.5" />
										<Point X="566.25" Y="813.3404" />
									</PolyLine>
									<PolyLine LineColor="#FF000000">
										<Point X="566.25" Y="813.3404" />
										<Point X="28.5" Y="813.3404" />
									</PolyLine>
									<PolyLine LineColor="#FF000000">
										<Point X="28.5" Y="813.3404" />
										<Point X="28.5" Y="28.5" />
									</PolyLine>
								</PathFigure>
							</Path>
						</Clip>
					</Canvas>
					<Canvas>
						<Clip>
							<Path FillMode="Alternate">
								<PathFigure IsClosed="True">
									<PolyLine LineColor="#FF000000">
										<Point X="28.5" Y="28.5" />
										<Point X="566.25" Y="28.5" />
									</PolyLine>
									<PolyLine LineColor="#FF000000">
										<Point X="566.25" Y="28.5" />
										<Point X="566.25" Y="813.3404" />
									</PolyLine>
									<PolyLine LineColor="#FF000000">
										<Point X="566.25" Y="813.3404" />
										<Point X="28.5" Y="813.3404" />
									</PolyLine>
									<PolyLine LineColor="#FF000000">
										<Point X="28.5" Y="813.3404" />
										<Point X="28.5" Y="28.5" />
									</PolyLine>
								</PathFigure>
							</Path>
						</Clip>
						<Canvas>
							<Clip>
								<Path FillMode="Winding">
									<PathFigure IsClosed="False">
										<PolyLine LineColor="#FF000000">
											<Point X="206.95421" Y="701.73193" />
											<Point X="207.55106" Y="701.13513" />
										</PolyLine>
										<PolyLine LineColor="#FF000000">
											<Point X="207.55106" Y="701.13513" />
											<Point X="374.0685" Y="701.13513" />
										</PolyLine>
										<PolyLine LineColor="#FF000000">
											<Point X="374.0685" Y="701.13513" />
											<Point X="374.0685" Y="701.73193" />
										</PolyLine>
									</PathFigure>
								</Path>
							</Clip>
							<Path FillMode="Winding" RenderTransform="1 0 0 -1 0 842">
								<Brush>
									<SolidBrush Color="#FF706E74" />
								</Brush>
								<PathFigure IsClosed="True">
									<PolyLine LineColor="#FF000000">
										<Point X="206.95421" Y="140.86493" />
										<Point X="207.55104" Y="140.86493" />
									</PolyLine>
									<PolyLine LineColor="#FF000000">
										<Point X="207.55104" Y="140.86493" />
										<Point X="207.55104" Y="140.26807" />
									</PolyLine>
									<PolyLine LineColor="#FF000000">
										<Point X="207.55104" Y="140.26807" />
										<Point X="206.95421" Y="140.26807" />
									</PolyLine>
								</PathFigure>
							</Path>
							<Path FillMode="Winding" RenderTransform="1 0 0 -1 0 842">
								<Brush>
									<SolidBrush Color="#FF706E74" />
								</Brush>
								<PathFigure IsClosed="True">
									<PolyLine LineColor="#FF000000">
										<Point X="373.47168" Y="140.86493" />
										<Point X="374.0685" Y="140.86493" />
									</PolyLine>
									<PolyLine LineColor="#FF000000">
										<Point X="374.0685" Y="140.86493" />
										<Point X="374.0685" Y="140.26807" />
									</PolyLine>
									<PolyLine LineColor="#FF000000">
										<Point X="374.0685" Y="140.26807" />
										<Point X="373.47168" Y="140.26807" />
									</PolyLine>
								</PathFigure>
							</Path>
							<Path FillMode="Alternate" RenderTransform="1 0 0 -1 0 842">
								<Pen Alignment="Center" DashCap="Flat" DashOffset="0" DashPattern="0.5968368 0.5968368" DashStyle="Custom" EndCap="Flat" LineJoin="Miter" MiterLimit="10" StartCap="Flat" Width="0.5968368">
									<Brush>
										<SolidBrush Color="#FF706E74" />
									</Brush>
								</Pen>
								<PathFigure IsClosed="False">
									<PolyLine LineColor="#FF000000">
										<Point X="207.55104" Y="140.56653" />
										<Point X="373.47168" Y="140.56653" />
									</PolyLine>
								</PathFigure>
							</Path>
						</Canvas>
					</Canvas>
					<Canvas>
						<Clip>
							<Path FillMode="Alternate">
								<PathFigure IsClosed="True">
									<PolyLine LineColor="#FF000000">
										<Point X="28.5" Y="28.5" />
										<Point X="566.25" Y="28.5" />
									</PolyLine>
									<PolyLine LineColor="#FF000000">
										<Point X="566.25" Y="28.5" />
										<Point X="566.25" Y="813.3404" />
									</PolyLine>
									<PolyLine LineColor="#FF000000">
										<Point X="566.25" Y="813.3404" />
										<Point X="28.5" Y="813.3404" />
									</PolyLine>
									<PolyLine LineColor="#FF000000">
										<Point X="28.5" Y="813.3404" />
										<Point X="28.5" Y="28.5" />
									</PolyLine>
								</PathFigure>
							</Path>
						</Clip>
						<Path FillMode="Winding" RenderTransform="1 0 0 -1 0 842">
							<Brush>
								<SolidBrush Color="#FF939598" />
							</Brush>
							<PathFigure IsClosed="True">
								<PolyLine LineColor="#FF000000">
									<Point X="206.95421" Y="155.18896" />
									<Point X="206.95421" Y="140.26807" />
								</PolyLine>
								<PolyLine LineColor="#FF000000">
									<Point X="206.95421" Y="140.26807" />
									<Point X="207.55106" Y="140.86487" />
								</PolyLine>
								<PolyLine LineColor="#FF000000">
									<Point X="207.55106" Y="140.86487" />
									<Point X="207.55106" Y="155.18896" />
								</PolyLine>
								<PolyLine LineColor="#FF000000">
									<Point X="207.55106" Y="155.18896" />
									<Point X="206.95421" Y="155.18896" />
								</PolyLine>
							</PathFigure>
						</Path>
					</Canvas>
					<Canvas>
						<Clip>
							<Path FillMode="Alternate">
								<PathFigure IsClosed="True">
									<PolyLine LineColor="#FF000000">
										<Point X="28.5" Y="28.5" />
										<Point X="566.25" Y="28.5" />
									</PolyLine>
									<PolyLine LineColor="#FF000000">
										<Point X="566.25" Y="28.5" />
										<Point X="566.25" Y="813.3404" />
									</PolyLine>
									<PolyLine LineColor="#FF000000">
										<Point X="566.25" Y="813.3404" />
										<Point X="28.5" Y="813.3404" />
									</PolyLine>
									<PolyLine LineColor="#FF000000">
										<Point X="28.5" Y="813.3404" />
										<Point X="28.5" Y="28.5" />
									</PolyLine>
								</PathFigure>
							</Path>
						</Clip>
						<Canvas>
							<Clip>
								<Path FillMode="Winding">
									<PathFigure IsClosed="False">
										<PolyLine LineColor="#FF000000">
											<Point X="375.2622" Y="701.73193" />
											<Point X="375.85904" Y="701.13513" />
										</PolyLine>
										<PolyLine LineColor="#FF000000">
											<Point X="375.85904" Y="701.13513" />
											<Point X="542.3765" Y="701.13513" />
										</PolyLine>
										<PolyLine LineColor="#FF000000">
											<Point X="542.3765" Y="701.13513" />
											<Point X="542.3765" Y="701.73193" />
										</PolyLine>
									</PathFigure>
								</Path>
							</Clip>
							<Path FillMode="Winding" RenderTransform="1 0 0 -1 0 842">
								<Brush>
									<SolidBrush Color="#FF706E74" />
								</Brush>
								<PathFigure IsClosed="True">
									<PolyLine LineColor="#FF000000">
										<Point X="375.26218" Y="140.86493" />
										<Point X="375.859" Y="140.86493" />
									</PolyLine>
									<PolyLine LineColor="#FF000000">
										<Point X="375.859" Y="140.86493" />
										<Point X="375.859" Y="140.26807" />
									</PolyLine>
									<PolyLine LineColor="#FF000000">
										<Point X="375.859" Y="140.26807" />
										<Point X="375.26218" Y="140.26807" />
									</PolyLine>
								</PathFigure>
							</Path>
							<Path FillMode="Winding" RenderTransform="1 0 0 -1 0 842">
								<Brush>
									<SolidBrush Color="#FF706E74" />
								</Brush>
								<PathFigure IsClosed="True">
									<PolyLine LineColor="#FF000000">
										<Point X="541.77966" Y="140.86493" />
										<Point X="542.37646" Y="140.86493" />
									</PolyLine>
									<PolyLine LineColor="#FF000000">
										<Point X="542.37646" Y="140.86493" />
										<Point X="542.37646" Y="140.26807" />
									</PolyLine>
									<PolyLine LineColor="#FF000000">
										<Point X="542.37646" Y="140.26807" />
										<Point X="541.77966" Y="140.26807" />
									</PolyLine>
								</PathFigure>
							</Path>
							<Path FillMode="Alternate" RenderTransform="1 0 0 -1 0 842">
								<Pen Alignment="Center" DashCap="Flat" DashOffset="0" DashPattern="0.5968368 0.5968368" DashStyle="Custom" EndCap="Flat" LineJoin="Miter" MiterLimit="10" StartCap="Flat" Width="0.5968368">
									<Brush>
										<SolidBrush Color="#FF706E74" />
									</Brush>
								</Pen>
								<PathFigure IsClosed="False">
									<PolyLine LineColor="#FF000000">
										<Point X="375.859" Y="140.56653" />
										<Point X="541.77966" Y="140.56653" />
									</PolyLine>
								</PathFigure>
							</Path>
						</Canvas>
					</Canvas>
					<Canvas>
						<Clip>
							<Path FillMode="Alternate">
								<PathFigure IsClosed="True">
									<PolyLine LineColor="#FF000000">
										<Point X="28.5" Y="28.5" />
										<Point X="566.25" Y="28.5" />
									</PolyLine>
									<PolyLine LineColor="#FF000000">
										<Point X="566.25" Y="28.5" />
										<Point X="566.25" Y="813.3404" />
									</PolyLine>
									<PolyLine LineColor="#FF000000">
										<Point X="566.25" Y="813.3404" />
										<Point X="28.5" Y="813.3404" />
									</PolyLine>
									<PolyLine LineColor="#FF000000">
										<Point X="28.5" Y="813.3404" />
										<Point X="28.5" Y="28.5" />
									</PolyLine>
								</PathFigure>
							</Path>
						</Clip>
						<Path FillMode="Winding" RenderTransform="1 0 0 -1 0 842">
							<Brush>
								<SolidBrush Color="#FF939598" />
							</Brush>
							<PathFigure IsClosed="True">
								<PolyLine LineColor="#FF000000">
									<Point X="375.2622" Y="155.18896" />
									<Point X="375.2622" Y="140.26807" />
								</PolyLine>
								<PolyLine LineColor="#FF000000">
									<Point X="375.2622" Y="140.26807" />
									<Point X="375.85904" Y="140.86487" />
								</PolyLine>
								<PolyLine LineColor="#FF000000">
									<Point X="375.85904" Y="140.86487" />
									<Point X="375.85904" Y="155.18896" />
								</PolyLine>
								<PolyLine LineColor="#FF000000">
									<Point X="375.85904" Y="155.18896" />
									<Point X="375.2622" Y="155.18896" />
								</PolyLine>
							</PathFigure>
						</Path>
					</Canvas>
					<Canvas>
						<Clip>
							<Path FillMode="Alternate">
								<PathFigure IsClosed="True">
									<PolyLine LineColor="#FF000000">
										<Point X="28.5" Y="28.5" />
										<Point X="566.25" Y="28.5" />
									</PolyLine>
									<PolyLine LineColor="#FF000000">
										<Point X="566.25" Y="28.5" />
										<Point X="566.25" Y="813.3404" />
									</PolyLine>
									<PolyLine LineColor="#FF000000">
										<Point X="566.25" Y="813.3404" />
										<Point X="28.5" Y="813.3404" />
									</PolyLine>
									<PolyLine LineColor="#FF000000">
										<Point X="28.5" Y="813.3404" />
										<Point X="28.5" Y="28.5" />
									</PolyLine>
								</PathFigure>
							</Path>
						</Clip>
						<Canvas>
							<Clip>
								<Path FillMode="Winding">
									<PathFigure IsClosed="False">
										<PolyLine LineColor="#FF000000">
											<Point X="52.373474" Y="717.84656" />
											<Point X="52.373474" Y="717.2497" />
										</PolyLine>
										<PolyLine LineColor="#FF000000">
											<Point X="52.373474" Y="717.2497" />
											<Point X="205.76053" Y="717.2497" />
										</PolyLine>
										<PolyLine LineColor="#FF000000">
											<Point X="205.76053" Y="717.2497" />
											<Point X="205.76053" Y="717.84656" />
										</PolyLine>
									</PathFigure>
								</Path>
							</Clip>
							<Path FillMode="Winding" RenderTransform="1 0 0 -1 0 842">
								<Brush>
									<SolidBrush Color="#FF706E74" />
								</Brush>
								<PathFigure IsClosed="True">
									<PolyLine LineColor="#FF000000">
										<Point X="52.373474" Y="124.750305" />
										<Point X="52.970306" Y="124.750305" />
									</PolyLine>
									<PolyLine LineColor="#FF000000">
										<Point X="52.970306" Y="124.750305" />
										<Point X="52.970306" Y="124.1535" />
									</PolyLine>
									<PolyLine LineColor="#FF000000">
										<Point X="52.970306" Y="124.1535" />
										<Point X="52.373474" Y="124.1535" />
									</PolyLine>
								</PathFigure>
							</Path>
							<Path FillMode="Winding" RenderTransform="1 0 0 -1 0 842">
								<Brush>
									<SolidBrush Color="#FF706E74" />
								</Brush>
								<PathFigure IsClosed="True">
									<PolyLine LineColor="#FF000000">
										<Point X="205.1637" Y="124.750305" />
										<Point X="205.76053" Y="124.750305" />
									</PolyLine>
									<PolyLine LineColor="#FF000000">
										<Point X="205.76053" Y="124.750305" />
										<Point X="205.76053" Y="124.1535" />
									</PolyLine>
									<PolyLine LineColor="#FF000000">
										<Point X="205.76053" Y="124.1535" />
										<Point X="205.1637" Y="124.1535" />
									</PolyLine>
								</PathFigure>
							</Path>
							<Path FillMode="Alternate" RenderTransform="1 0 0 -1 0 842">
								<Pen Alignment="Center" DashCap="Flat" DashOffset="0" DashPattern="0.5968368 0.5968368" DashStyle="Custom" EndCap="Flat" LineJoin="Miter" MiterLimit="10" StartCap="Flat" Width="0.5968368">
									<Brush>
										<SolidBrush Color="#FF706E74" />
									</Brush>
								</Pen>
								<PathFigure IsClosed="False">
									<PolyLine LineColor="#FF000000">
										<Point X="52.970306" Y="124.451904" />
										<Point X="205.1637" Y="124.451904" />
									</PolyLine>
								</PathFigure>
							</Path>
						</Canvas>
					</Canvas>
					<Canvas>
						<Clip>
							<Path FillMode="Alternate">
								<PathFigure IsClosed="True">
									<PolyLine LineColor="#FF000000">
										<Point X="28.5" Y="28.5" />
										<Point X="566.25" Y="28.5" />
									</PolyLine>
									<PolyLine LineColor="#FF000000">
										<Point X="566.25" Y="28.5" />
										<Point X="566.25" Y="813.3404" />
									</PolyLine>
									<PolyLine LineColor="#FF000000">
										<Point X="566.25" Y="813.3404" />
										<Point X="28.5" Y="813.3404" />
									</PolyLine>
									<PolyLine LineColor="#FF000000">
										<Point X="28.5" Y="813.3404" />
										<Point X="28.5" Y="28.5" />
									</PolyLine>
								</PathFigure>
							</Path>
						</Clip>
					</Canvas>
					<Canvas>
						<Clip>
							<Path FillMode="Alternate">
								<PathFigure IsClosed="True">
									<PolyLine LineColor="#FF000000">
										<Point X="28.5" Y="28.5" />
										<Point X="566.25" Y="28.5" />
									</PolyLine>
									<PolyLine LineColor="#FF000000">
										<Point X="566.25" Y="28.5" />
										<Point X="566.25" Y="813.3404" />
									</PolyLine>
									<PolyLine LineColor="#FF000000">
										<Point X="566.25" Y="813.3404" />
										<Point X="28.5" Y="813.3404" />
									</PolyLine>
									<PolyLine LineColor="#FF000000">
										<Point X="28.5" Y="813.3404" />
										<Point X="28.5" Y="28.5" />
									</PolyLine>
								</PathFigure>
							</Path>
						</Clip>
						<Canvas>
							<Clip>
								<Path FillMode="Winding">
									<PathFigure IsClosed="False">
										<PolyLine LineColor="#FF000000">
											<Point X="206.95421" Y="717.84656" />
											<Point X="207.55106" Y="717.2497" />
										</PolyLine>
										<PolyLine LineColor="#FF000000">
											<Point X="207.55106" Y="717.2497" />
											<Point X="374.0685" Y="717.2497" />
										</PolyLine>
										<PolyLine LineColor="#FF000000">
											<Point X="374.0685" Y="717.2497" />
											<Point X="374.0685" Y="717.84656" />
										</PolyLine>
									</PathFigure>
								</Path>
							</Clip>
							<Path FillMode="Winding" RenderTransform="1 0 0 -1 0 842">
								<Brush>
									<SolidBrush Color="#FF706E74" />
								</Brush>
								<PathFigure IsClosed="True">
									<PolyLine LineColor="#FF000000">
										<Point X="206.95421" Y="124.750305" />
										<Point X="207.55104" Y="124.750305" />
									</PolyLine>
									<PolyLine LineColor="#FF000000">
										<Point X="207.55104" Y="124.750305" />
										<Point X="207.55104" Y="124.1535" />
									</PolyLine>
									<PolyLine LineColor="#FF000000">
										<Point X="207.55104" Y="124.1535" />
										<Point X="206.95421" Y="124.1535" />
									</PolyLine>
								</PathFigure>
							</Path>
							<Path FillMode="Winding" RenderTransform="1 0 0 -1 0 842">
								<Brush>
									<SolidBrush Color="#FF706E74" />
								</Brush>
								<PathFigure IsClosed="True">
									<PolyLine LineColor="#FF000000">
										<Point X="373.47168" Y="124.750305" />
										<Point X="374.0685" Y="124.750305" />
									</PolyLine>
									<PolyLine LineColor="#FF000000">
										<Point X="374.0685" Y="124.750305" />
										<Point X="374.0685" Y="124.1535" />
									</PolyLine>
									<PolyLine LineColor="#FF000000">
										<Point X="374.0685" Y="124.1535" />
										<Point X="373.47168" Y="124.1535" />
									</PolyLine>
								</PathFigure>
							</Path>
							<Path FillMode="Alternate" RenderTransform="1 0 0 -1 0 842">
								<Pen Alignment="Center" DashCap="Flat" DashOffset="0" DashPattern="0.5968368 0.5968368" DashStyle="Custom" EndCap="Flat" LineJoin="Miter" MiterLimit="10" StartCap="Flat" Width="0.5968368">
									<Brush>
										<SolidBrush Color="#FF706E74" />
									</Brush>
								</Pen>
								<PathFigure IsClosed="False">
									<PolyLine LineColor="#FF000000">
										<Point X="207.55104" Y="124.451904" />
										<Point X="373.47168" Y="124.451904" />
									</PolyLine>
								</PathFigure>
							</Path>
						</Canvas>
					</Canvas>
					<Canvas>
						<Clip>
							<Path FillMode="Alternate">
								<PathFigure IsClosed="True">
									<PolyLine LineColor="#FF000000">
										<Point X="28.5" Y="28.5" />
										<Point X="566.25" Y="28.5" />
									</PolyLine>
									<PolyLine LineColor="#FF000000">
										<Point X="566.25" Y="28.5" />
										<Point X="566.25" Y="813.3404" />
									</PolyLine>
									<PolyLine LineColor="#FF000000">
										<Point X="566.25" Y="813.3404" />
										<Point X="28.5" Y="813.3404" />
									</PolyLine>
									<PolyLine LineColor="#FF000000">
										<Point X="28.5" Y="813.3404" />
										<Point X="28.5" Y="28.5" />
									</PolyLine>
								</PathFigure>
							</Path>
						</Clip>
						<Path FillMode="Winding" RenderTransform="1 0 0 -1 0 842">
							<Brush>
								<SolidBrush Color="#FF939598" />
							</Brush>
							<PathFigure IsClosed="True">
								<PolyLine LineColor="#FF000000">
									<Point X="206.95421" Y="139.07434" />
									<Point X="206.95421" Y="124.15344" />
								</PolyLine>
								<PolyLine LineColor="#FF000000">
									<Point X="206.95421" Y="124.15344" />
									<Point X="207.55106" Y="124.750305" />
								</PolyLine>
								<PolyLine LineColor="#FF000000">
									<Point X="207.55106" Y="124.750305" />
									<Point X="207.55106" Y="139.07434" />
								</PolyLine>
								<PolyLine LineColor="#FF000000">
									<Point X="207.55106" Y="139.07434" />
									<Point X="206.95421" Y="139.07434" />
								</PolyLine>
							</PathFigure>
						</Path>
					</Canvas>
					<Canvas>
						<Clip>
							<Path FillMode="Alternate">
								<PathFigure IsClosed="True">
									<PolyLine LineColor="#FF000000">
										<Point X="28.5" Y="28.5" />
										<Point X="566.25" Y="28.5" />
									</PolyLine>
									<PolyLine LineColor="#FF000000">
										<Point X="566.25" Y="28.5" />
										<Point X="566.25" Y="813.3404" />
									</PolyLine>
									<PolyLine LineColor="#FF000000">
										<Point X="566.25" Y="813.3404" />
										<Point X="28.5" Y="813.3404" />
									</PolyLine>
									<PolyLine LineColor="#FF000000">
										<Point X="28.5" Y="813.3404" />
										<Point X="28.5" Y="28.5" />
									</PolyLine>
								</PathFigure>
							</Path>
						</Clip>
						<Canvas>
							<Clip>
								<Path FillMode="Winding">
									<PathFigure IsClosed="False">
										<PolyLine LineColor="#FF000000">
											<Point X="375.2622" Y="717.84656" />
											<Point X="375.85904" Y="717.2497" />
										</PolyLine>
										<PolyLine LineColor="#FF000000">
											<Point X="375.85904" Y="717.2497" />
											<Point X="542.3765" Y="717.2497" />
										</PolyLine>
										<PolyLine LineColor="#FF000000">
											<Point X="542.3765" Y="717.2497" />
											<Point X="542.3765" Y="717.84656" />
										</PolyLine>
									</PathFigure>
								</Path>
							</Clip>
							<Path FillMode="Winding" RenderTransform="1 0 0 -1 0 842">
								<Brush>
									<SolidBrush Color="#FF706E74" />
								</Brush>
								<PathFigure IsClosed="True">
									<PolyLine LineColor="#FF000000">
										<Point X="375.26218" Y="124.750305" />
										<Point X="375.859" Y="124.750305" />
									</PolyLine>
									<PolyLine LineColor="#FF000000">
										<Point X="375.859" Y="124.750305" />
										<Point X="375.859" Y="124.1535" />
									</PolyLine>
									<PolyLine LineColor="#FF000000">
										<Point X="375.859" Y="124.1535" />
										<Point X="375.26218" Y="124.1535" />
									</PolyLine>
								</PathFigure>
							</Path>
							<Path FillMode="Winding" RenderTransform="1 0 0 -1 0 842">
								<Brush>
									<SolidBrush Color="#FF706E74" />
								</Brush>
								<PathFigure IsClosed="True">
									<PolyLine LineColor="#FF000000">
										<Point X="541.77966" Y="124.750305" />
										<Point X="542.37646" Y="124.750305" />
									</PolyLine>
									<PolyLine LineColor="#FF000000">
										<Point X="542.37646" Y="124.750305" />
										<Point X="542.37646" Y="124.1535" />
									</PolyLine>
									<PolyLine LineColor="#FF000000">
										<Point X="542.37646" Y="124.1535" />
										<Point X="541.77966" Y="124.1535" />
									</PolyLine>
								</PathFigure>
							</Path>
							<Path FillMode="Alternate" RenderTransform="1 0 0 -1 0 842">
								<Pen Alignment="Center" DashCap="Flat" DashOffset="0" DashPattern="0.5968368 0.5968368" DashStyle="Custom" EndCap="Flat" LineJoin="Miter" MiterLimit="10" StartCap="Flat" Width="0.5968368">
									<Brush>
										<SolidBrush Color="#FF706E74" />
									</Brush>
								</Pen>
								<PathFigure IsClosed="False">
									<PolyLine LineColor="#FF000000">
										<Point X="375.859" Y="124.451904" />
										<Point X="541.77966" Y="124.451904" />
									</PolyLine>
								</PathFigure>
							</Path>
						</Canvas>
					</Canvas>
					<Canvas>
						<Clip>
							<Path FillMode="Alternate">
								<PathFigure IsClosed="True">
									<PolyLine LineColor="#FF000000">
										<Point X="28.5" Y="28.5" />
										<Point X="566.25" Y="28.5" />
									</PolyLine>
									<PolyLine LineColor="#FF000000">
										<Point X="566.25" Y="28.5" />
										<Point X="566.25" Y="813.3404" />
									</PolyLine>
									<PolyLine LineColor="#FF000000">
										<Point X="566.25" Y="813.3404" />
										<Point X="28.5" Y="813.3404" />
									</PolyLine>
									<PolyLine LineColor="#FF000000">
										<Point X="28.5" Y="813.3404" />
										<Point X="28.5" Y="28.5" />
									</PolyLine>
								</PathFigure>
							</Path>
						</Clip>
						<Path FillMode="Winding" RenderTransform="1 0 0 -1 0 842">
							<Brush>
								<SolidBrush Color="#FF939598" />
							</Brush>
							<PathFigure IsClosed="True">
								<PolyLine LineColor="#FF000000">
									<Point X="375.2622" Y="139.07434" />
									<Point X="375.2622" Y="124.15344" />
								</PolyLine>
								<PolyLine LineColor="#FF000000">
									<Point X="375.2622" Y="124.15344" />
									<Point X="375.85904" Y="124.750305" />
								</PolyLine>
								<PolyLine LineColor="#FF000000">
									<Point X="375.85904" Y="124.750305" />
									<Point X="375.85904" Y="139.07434" />
								</PolyLine>
								<PolyLine LineColor="#FF000000">
									<Point X="375.85904" Y="139.07434" />
									<Point X="375.2622" Y="139.07434" />
								</PolyLine>
							</PathFigure>
						</Path>
					</Canvas>
					<Canvas>
						<Clip>
							<Path FillMode="Alternate">
								<PathFigure IsClosed="True">
									<PolyLine LineColor="#FF000000">
										<Point X="28.5" Y="28.5" />
										<Point X="566.25" Y="28.5" />
									</PolyLine>
									<PolyLine LineColor="#FF000000">
										<Point X="566.25" Y="28.5" />
										<Point X="566.25" Y="813.3404" />
									</PolyLine>
									<PolyLine LineColor="#FF000000">
										<Point X="566.25" Y="813.3404" />
										<Point X="28.5" Y="813.3404" />
									</PolyLine>
									<PolyLine LineColor="#FF000000">
										<Point X="28.5" Y="813.3404" />
										<Point X="28.5" Y="28.5" />
									</PolyLine>
								</PathFigure>
							</Path>
						</Clip>
						<Canvas>
							<Clip>
								<Path FillMode="Winding">
									<PathFigure IsClosed="False">
										<PolyLine LineColor="#FF000000">
											<Point X="52.373474" Y="733.9612" />
											<Point X="52.373474" Y="733.3643" />
										</PolyLine>
										<PolyLine LineColor="#FF000000">
											<Point X="52.373474" Y="733.3643" />
											<Point X="205.76053" Y="733.3643" />
										</PolyLine>
										<PolyLine LineColor="#FF000000">
											<Point X="205.76053" Y="733.3643" />
											<Point X="205.76053" Y="733.9612" />
										</PolyLine>
									</PathFigure>
								</Path>
							</Clip>
							<Path FillMode="Winding" RenderTransform="1 0 0 -1 0 842">
								<Brush>
									<SolidBrush Color="#FF706E74" />
								</Brush>
								<PathFigure IsClosed="True">
									<PolyLine LineColor="#FF000000">
										<Point X="52.373474" Y="108.63574" />
										<Point X="52.970306" Y="108.63574" />
									</PolyLine>
									<PolyLine LineColor="#FF000000">
										<Point X="52.970306" Y="108.63574" />
										<Point X="52.970306" Y="108.03888" />
									</PolyLine>
									<PolyLine LineColor="#FF000000">
										<Point X="52.970306" Y="108.03888" />
										<Point X="52.373474" Y="108.03888" />
									</PolyLine>
								</PathFigure>
							</Path>
							<Path FillMode="Winding" RenderTransform="1 0 0 -1 0 842">
								<Brush>
									<SolidBrush Color="#FF706E74" />
								</Brush>
								<PathFigure IsClosed="True">
									<PolyLine LineColor="#FF000000">
										<Point X="205.1637" Y="108.63574" />
										<Point X="205.76053" Y="108.63574" />
									</PolyLine>
									<PolyLine LineColor="#FF000000">
										<Point X="205.76053" Y="108.63574" />
										<Point X="205.76053" Y="108.03888" />
									</PolyLine>
									<PolyLine LineColor="#FF000000">
										<Point X="205.76053" Y="108.03888" />
										<Point X="205.1637" Y="108.03888" />
									</PolyLine>
								</PathFigure>
							</Path>
							<Path FillMode="Alternate" RenderTransform="1 0 0 -1 0 842">
								<Pen Alignment="Center" DashCap="Flat" DashOffset="0" DashPattern="0.5968368 0.5968368" DashStyle="Custom" EndCap="Flat" LineJoin="Miter" MiterLimit="10" StartCap="Flat" Width="0.5968368">
									<Brush>
										<SolidBrush Color="#FF706E74" />
									</Brush>
								</Pen>
								<PathFigure IsClosed="False">
									<PolyLine LineColor="#FF000000">
										<Point X="52.970306" Y="108.33734" />
										<Point X="205.1637" Y="108.33734" />
									</PolyLine>
								</PathFigure>
							</Path>
						</Canvas>
					</Canvas>
					<Canvas>
						<Clip>
							<Path FillMode="Alternate">
								<PathFigure IsClosed="True">
									<PolyLine LineColor="#FF000000">
										<Point X="28.5" Y="28.5" />
										<Point X="566.25" Y="28.5" />
									</PolyLine>
									<PolyLine LineColor="#FF000000">
										<Point X="566.25" Y="28.5" />
										<Point X="566.25" Y="813.3404" />
									</PolyLine>
									<PolyLine LineColor="#FF000000">
										<Point X="566.25" Y="813.3404" />
										<Point X="28.5" Y="813.3404" />
									</PolyLine>
									<PolyLine LineColor="#FF000000">
										<Point X="28.5" Y="813.3404" />
										<Point X="28.5" Y="28.5" />
									</PolyLine>
								</PathFigure>
							</Path>
						</Clip>
					</Canvas>
					<Canvas>
						<Clip>
							<Path FillMode="Alternate">
								<PathFigure IsClosed="True">
									<PolyLine LineColor="#FF000000">
										<Point X="28.5" Y="28.5" />
										<Point X="566.25" Y="28.5" />
									</PolyLine>
									<PolyLine LineColor="#FF000000">
										<Point X="566.25" Y="28.5" />
										<Point X="566.25" Y="813.3404" />
									</PolyLine>
									<PolyLine LineColor="#FF000000">
										<Point X="566.25" Y="813.3404" />
										<Point X="28.5" Y="813.3404" />
									</PolyLine>
									<PolyLine LineColor="#FF000000">
										<Point X="28.5" Y="813.3404" />
										<Point X="28.5" Y="28.5" />
									</PolyLine>
								</PathFigure>
							</Path>
						</Clip>
						<Canvas>
							<Clip>
								<Path FillMode="Winding">
									<PathFigure IsClosed="False">
										<PolyLine LineColor="#FF000000">
											<Point X="206.95421" Y="733.9612" />
											<Point X="207.55106" Y="733.3643" />
										</PolyLine>
										<PolyLine LineColor="#FF000000">
											<Point X="207.55106" Y="733.3643" />
											<Point X="374.0685" Y="733.3643" />
										</PolyLine>
										<PolyLine LineColor="#FF000000">
											<Point X="374.0685" Y="733.3643" />
											<Point X="374.0685" Y="733.9612" />
										</PolyLine>
									</PathFigure>
								</Path>
							</Clip>
							<Path FillMode="Winding" RenderTransform="1 0 0 -1 0 842">
								<Brush>
									<SolidBrush Color="#FF706E74" />
								</Brush>
								<PathFigure IsClosed="True">
									<PolyLine LineColor="#FF000000">
										<Point X="206.95421" Y="108.63574" />
										<Point X="207.55104" Y="108.63574" />
									</PolyLine>
									<PolyLine LineColor="#FF000000">
										<Point X="207.55104" Y="108.63574" />
										<Point X="207.55104" Y="108.03888" />
									</PolyLine>
									<PolyLine LineColor="#FF000000">
										<Point X="207.55104" Y="108.03888" />
										<Point X="206.95421" Y="108.03888" />
									</PolyLine>
								</PathFigure>
							</Path>
							<Path FillMode="Winding" RenderTransform="1 0 0 -1 0 842">
								<Brush>
									<SolidBrush Color="#FF706E74" />
								</Brush>
								<PathFigure IsClosed="True">
									<PolyLine LineColor="#FF000000">
										<Point X="373.47168" Y="108.63574" />
										<Point X="374.0685" Y="108.63574" />
									</PolyLine>
									<PolyLine LineColor="#FF000000">
										<Point X="374.0685" Y="108.63574" />
										<Point X="374.0685" Y="108.03888" />
									</PolyLine>
									<PolyLine LineColor="#FF000000">
										<Point X="374.0685" Y="108.03888" />
										<Point X="373.47168" Y="108.03888" />
									</PolyLine>
								</PathFigure>
							</Path>
							<Path FillMode="Alternate" RenderTransform="1 0 0 -1 0 842">
								<Pen Alignment="Center" DashCap="Flat" DashOffset="0" DashPattern="0.5968368 0.5968368" DashStyle="Custom" EndCap="Flat" LineJoin="Miter" MiterLimit="10" StartCap="Flat" Width="0.5968368">
									<Brush>
										<SolidBrush Color="#FF706E74" />
									</Brush>
								</Pen>
								<PathFigure IsClosed="False">
									<PolyLine LineColor="#FF000000">
										<Point X="207.55104" Y="108.33734" />
										<Point X="373.47168" Y="108.33734" />
									</PolyLine>
								</PathFigure>
							</Path>
						</Canvas>
					</Canvas>
					<Canvas>
						<Clip>
							<Path FillMode="Alternate">
								<PathFigure IsClosed="True">
									<PolyLine LineColor="#FF000000">
										<Point X="28.5" Y="28.5" />
										<Point X="566.25" Y="28.5" />
									</PolyLine>
									<PolyLine LineColor="#FF000000">
										<Point X="566.25" Y="28.5" />
										<Point X="566.25" Y="813.3404" />
									</PolyLine>
									<PolyLine LineColor="#FF000000">
										<Point X="566.25" Y="813.3404" />
										<Point X="28.5" Y="813.3404" />
									</PolyLine>
									<PolyLine LineColor="#FF000000">
										<Point X="28.5" Y="813.3404" />
										<Point X="28.5" Y="28.5" />
									</PolyLine>
								</PathFigure>
							</Path>
						</Clip>
						<Path FillMode="Winding" RenderTransform="1 0 0 -1 0 842">
							<Brush>
								<SolidBrush Color="#FF939598" />
							</Brush>
							<PathFigure IsClosed="True">
								<PolyLine LineColor="#FF000000">
									<Point X="206.95421" Y="122.95978" />
									<Point X="206.95421" Y="108.03882" />
								</PolyLine>
								<PolyLine LineColor="#FF000000">
									<Point X="206.95421" Y="108.03882" />
									<Point X="207.55106" Y="108.63568" />
								</PolyLine>
								<PolyLine LineColor="#FF000000">
									<Point X="207.55106" Y="108.63568" />
									<Point X="207.55106" Y="122.95978" />
								</PolyLine>
								<PolyLine LineColor="#FF000000">
									<Point X="207.55106" Y="122.95978" />
									<Point X="206.95421" Y="122.95978" />
								</PolyLine>
							</PathFigure>
						</Path>
					</Canvas>
					<Canvas>
						<Clip>
							<Path FillMode="Alternate">
								<PathFigure IsClosed="True">
									<PolyLine LineColor="#FF000000">
										<Point X="28.5" Y="28.5" />
										<Point X="566.25" Y="28.5" />
									</PolyLine>
									<PolyLine LineColor="#FF000000">
										<Point X="566.25" Y="28.5" />
										<Point X="566.25" Y="813.3404" />
									</PolyLine>
									<PolyLine LineColor="#FF000000">
										<Point X="566.25" Y="813.3404" />
										<Point X="28.5" Y="813.3404" />
									</PolyLine>
									<PolyLine LineColor="#FF000000">
										<Point X="28.5" Y="813.3404" />
										<Point X="28.5" Y="28.5" />
									</PolyLine>
								</PathFigure>
							</Path>
						</Clip>
						<Canvas>
							<Clip>
								<Path FillMode="Winding">
									<PathFigure IsClosed="False">
										<PolyLine LineColor="#FF000000">
											<Point X="375.2622" Y="733.9612" />
											<Point X="375.85904" Y="733.3643" />
										</PolyLine>
										<PolyLine LineColor="#FF000000">
											<Point X="375.85904" Y="733.3643" />
											<Point X="542.3765" Y="733.3643" />
										</PolyLine>
										<PolyLine LineColor="#FF000000">
											<Point X="542.3765" Y="733.3643" />
											<Point X="542.3765" Y="733.9612" />
										</PolyLine>
									</PathFigure>
								</Path>
							</Clip>
							<Path FillMode="Winding" RenderTransform="1 0 0 -1 0 842">
								<Brush>
									<SolidBrush Color="#FF706E74" />
								</Brush>
								<PathFigure IsClosed="True">
									<PolyLine LineColor="#FF000000">
										<Point X="375.26218" Y="108.63574" />
										<Point X="375.859" Y="108.63574" />
									</PolyLine>
									<PolyLine LineColor="#FF000000">
										<Point X="375.859" Y="108.63574" />
										<Point X="375.859" Y="108.03888" />
									</PolyLine>
									<PolyLine LineColor="#FF000000">
										<Point X="375.859" Y="108.03888" />
										<Point X="375.26218" Y="108.03888" />
									</PolyLine>
								</PathFigure>
							</Path>
							<Path FillMode="Winding" RenderTransform="1 0 0 -1 0 842">
								<Brush>
									<SolidBrush Color="#FF706E74" />
								</Brush>
								<PathFigure IsClosed="True">
									<PolyLine LineColor="#FF000000">
										<Point X="541.77966" Y="108.63574" />
										<Point X="542.37646" Y="108.63574" />
									</PolyLine>
									<PolyLine LineColor="#FF000000">
										<Point X="542.37646" Y="108.63574" />
										<Point X="542.37646" Y="108.03888" />
									</PolyLine>
									<PolyLine LineColor="#FF000000">
										<Point X="542.37646" Y="108.03888" />
										<Point X="541.77966" Y="108.03888" />
									</PolyLine>
								</PathFigure>
							</Path>
							<Path FillMode="Alternate" RenderTransform="1 0 0 -1 0 842">
								<Pen Alignment="Center" DashCap="Flat" DashOffset="0" DashPattern="0.5968368 0.5968368" DashStyle="Custom" EndCap="Flat" LineJoin="Miter" MiterLimit="10" StartCap="Flat" Width="0.5968368">
									<Brush>
										<SolidBrush Color="#FF706E74" />
									</Brush>
								</Pen>
								<PathFigure IsClosed="False">
									<PolyLine LineColor="#FF000000">
										<Point X="375.859" Y="108.33734" />
										<Point X="541.77966" Y="108.33734" />
									</PolyLine>
								</PathFigure>
							</Path>
						</Canvas>
					</Canvas>
					<Canvas>
						<Clip>
							<Path FillMode="Alternate">
								<PathFigure IsClosed="True">
									<PolyLine LineColor="#FF000000">
										<Point X="28.5" Y="28.5" />
										<Point X="566.25" Y="28.5" />
									</PolyLine>
									<PolyLine LineColor="#FF000000">
										<Point X="566.25" Y="28.5" />
										<Point X="566.25" Y="813.3404" />
									</PolyLine>
									<PolyLine LineColor="#FF000000">
										<Point X="566.25" Y="813.3404" />
										<Point X="28.5" Y="813.3404" />
									</PolyLine>
									<PolyLine LineColor="#FF000000">
										<Point X="28.5" Y="813.3404" />
										<Point X="28.5" Y="28.5" />
									</PolyLine>
								</PathFigure>
							</Path>
						</Clip>
						<Path FillMode="Winding" RenderTransform="1 0 0 -1 0 842">
							<Brush>
								<SolidBrush Color="#FF939598" />
							</Brush>
							<PathFigure IsClosed="True">
								<PolyLine LineColor="#FF000000">
									<Point X="375.2622" Y="122.95978" />
									<Point X="375.2622" Y="108.03882" />
								</PolyLine>
								<PolyLine LineColor="#FF000000">
									<Point X="375.2622" Y="108.03882" />
									<Point X="375.85904" Y="108.63568" />
								</PolyLine>
								<PolyLine LineColor="#FF000000">
									<Point X="375.85904" Y="108.63568" />
									<Point X="375.85904" Y="122.95978" />
								</PolyLine>
								<PolyLine LineColor="#FF000000">
									<Point X="375.85904" Y="122.95978" />
									<Point X="375.2622" Y="122.95978" />
								</PolyLine>
							</PathFigure>
						</Path>
					</Canvas>
					<Canvas>
						<Clip>
							<Path FillMode="Alternate">
								<PathFigure IsClosed="True">
									<PolyLine LineColor="#FF000000">
										<Point X="28.5" Y="28.5" />
										<Point X="566.25" Y="28.5" />
									</PolyLine>
									<PolyLine LineColor="#FF000000">
										<Point X="566.25" Y="28.5" />
										<Point X="566.25" Y="813.3404" />
									</PolyLine>
									<PolyLine LineColor="#FF000000">
										<Point X="566.25" Y="813.3404" />
										<Point X="28.5" Y="813.3404" />
									</PolyLine>
									<PolyLine LineColor="#FF000000">
										<Point X="28.5" Y="813.3404" />
										<Point X="28.5" Y="28.5" />
									</PolyLine>
								</PathFigure>
							</Path>
						</Clip>
						<Canvas>
							<Clip>
								<Path FillMode="Winding">
									<PathFigure IsClosed="False">
										<PolyLine LineColor="#FF000000">
											<Point X="52.373474" Y="750.0757" />
											<Point X="52.373474" Y="749.4789" />
										</PolyLine>
										<PolyLine LineColor="#FF000000">
											<Point X="52.373474" Y="749.4789" />
											<Point X="205.76053" Y="749.4789" />
										</PolyLine>
										<PolyLine LineColor="#FF000000">
											<Point X="205.76053" Y="749.4789" />
											<Point X="205.76053" Y="750.0757" />
										</PolyLine>
									</PathFigure>
								</Path>
							</Clip>
							<Path FillMode="Winding" RenderTransform="1 0 0 -1 0 842">
								<Brush>
									<SolidBrush Color="#FF706E74" />
								</Brush>
								<PathFigure IsClosed="True">
									<PolyLine LineColor="#FF000000">
										<Point X="52.373474" Y="92.52112" />
										<Point X="52.970306" Y="92.52112" />
									</PolyLine>
									<PolyLine LineColor="#FF000000">
										<Point X="52.970306" Y="92.52112" />
										<Point X="52.970306" Y="91.92432" />
									</PolyLine>
									<PolyLine LineColor="#FF000000">
										<Point X="52.970306" Y="91.92432" />
										<Point X="52.373474" Y="91.92432" />
									</PolyLine>
								</PathFigure>
							</Path>
							<Path FillMode="Winding" RenderTransform="1 0 0 -1 0 842">
								<Brush>
									<SolidBrush Color="#FF706E74" />
								</Brush>
								<PathFigure IsClosed="True">
									<PolyLine LineColor="#FF000000">
										<Point X="205.1637" Y="92.52112" />
										<Point X="205.76053" Y="92.52112" />
									</PolyLine>
									<PolyLine LineColor="#FF000000">
										<Point X="205.76053" Y="92.52112" />
										<Point X="205.76053" Y="91.92432" />
									</PolyLine>
									<PolyLine LineColor="#FF000000">
										<Point X="205.76053" Y="91.92432" />
										<Point X="205.1637" Y="91.92432" />
									</PolyLine>
								</PathFigure>
							</Path>
							<Path FillMode="Alternate" RenderTransform="1 0 0 -1 0 842">
								<Pen Alignment="Center" DashCap="Flat" DashOffset="0" DashPattern="0.5968368 0.5968368" DashStyle="Custom" EndCap="Flat" LineJoin="Miter" MiterLimit="10" StartCap="Flat" Width="0.5968368">
									<Brush>
										<SolidBrush Color="#FF706E74" />
									</Brush>
								</Pen>
								<PathFigure IsClosed="False">
									<PolyLine LineColor="#FF000000">
										<Point X="52.970306" Y="92.22272" />
										<Point X="205.1637" Y="92.22272" />
									</PolyLine>
								</PathFigure>
							</Path>
						</Canvas>
					</Canvas>
					<Canvas>
						<Clip>
							<Path FillMode="Alternate">
								<PathFigure IsClosed="True">
									<PolyLine LineColor="#FF000000">
										<Point X="28.5" Y="28.5" />
										<Point X="566.25" Y="28.5" />
									</PolyLine>
									<PolyLine LineColor="#FF000000">
										<Point X="566.25" Y="28.5" />
										<Point X="566.25" Y="813.3404" />
									</PolyLine>
									<PolyLine LineColor="#FF000000">
										<Point X="566.25" Y="813.3404" />
										<Point X="28.5" Y="813.3404" />
									</PolyLine>
									<PolyLine LineColor="#FF000000">
										<Point X="28.5" Y="813.3404" />
										<Point X="28.5" Y="28.5" />
									</PolyLine>
								</PathFigure>
							</Path>
						</Clip>
					</Canvas>
					<Canvas>
						<Clip>
							<Path FillMode="Alternate">
								<PathFigure IsClosed="True">
									<PolyLine LineColor="#FF000000">
										<Point X="28.5" Y="28.5" />
										<Point X="566.25" Y="28.5" />
									</PolyLine>
									<PolyLine LineColor="#FF000000">
										<Point X="566.25" Y="28.5" />
										<Point X="566.25" Y="813.3404" />
									</PolyLine>
									<PolyLine LineColor="#FF000000">
										<Point X="566.25" Y="813.3404" />
										<Point X="28.5" Y="813.3404" />
									</PolyLine>
									<PolyLine LineColor="#FF000000">
										<Point X="28.5" Y="813.3404" />
										<Point X="28.5" Y="28.5" />
									</PolyLine>
								</PathFigure>
							</Path>
						</Clip>
						<Canvas>
							<Clip>
								<Path FillMode="Winding">
									<PathFigure IsClosed="False">
										<PolyLine LineColor="#FF000000">
											<Point X="206.95421" Y="750.0757" />
											<Point X="207.55106" Y="749.4789" />
										</PolyLine>
										<PolyLine LineColor="#FF000000">
											<Point X="207.55106" Y="749.4789" />
											<Point X="374.0685" Y="749.4789" />
										</PolyLine>
										<PolyLine LineColor="#FF000000">
											<Point X="374.0685" Y="749.4789" />
											<Point X="374.0685" Y="750.0757" />
										</PolyLine>
									</PathFigure>
								</Path>
							</Clip>
							<Path FillMode="Winding" RenderTransform="1 0 0 -1 0 842">
								<Brush>
									<SolidBrush Color="#FF706E74" />
								</Brush>
								<PathFigure IsClosed="True">
									<PolyLine LineColor="#FF000000">
										<Point X="206.95421" Y="92.52112" />
										<Point X="207.55104" Y="92.52112" />
									</PolyLine>
									<PolyLine LineColor="#FF000000">
										<Point X="207.55104" Y="92.52112" />
										<Point X="207.55104" Y="91.92432" />
									</PolyLine>
									<PolyLine LineColor="#FF000000">
										<Point X="207.55104" Y="91.92432" />
										<Point X="206.95421" Y="91.92432" />
									</PolyLine>
								</PathFigure>
							</Path>
							<Path FillMode="Winding" RenderTransform="1 0 0 -1 0 842">
								<Brush>
									<SolidBrush Color="#FF706E74" />
								</Brush>
								<PathFigure IsClosed="True">
									<PolyLine LineColor="#FF000000">
										<Point X="373.47168" Y="92.52112" />
										<Point X="374.0685" Y="92.52112" />
									</PolyLine>
									<PolyLine LineColor="#FF000000">
										<Point X="374.0685" Y="92.52112" />
										<Point X="374.0685" Y="91.92432" />
									</PolyLine>
									<PolyLine LineColor="#FF000000">
										<Point X="374.0685" Y="91.92432" />
										<Point X="373.47168" Y="91.92432" />
									</PolyLine>
								</PathFigure>
							</Path>
							<Path FillMode="Alternate" RenderTransform="1 0 0 -1 0 842">
								<Pen Alignment="Center" DashCap="Flat" DashOffset="0" DashPattern="0.5968368 0.5968368" DashStyle="Custom" EndCap="Flat" LineJoin="Miter" MiterLimit="10" StartCap="Flat" Width="0.5968368">
									<Brush>
										<SolidBrush Color="#FF706E74" />
									</Brush>
								</Pen>
								<PathFigure IsClosed="False">
									<PolyLine LineColor="#FF000000">
										<Point X="207.55104" Y="92.22272" />
										<Point X="373.47168" Y="92.22272" />
									</PolyLine>
								</PathFigure>
							</Path>
						</Canvas>
					</Canvas>
					<Canvas>
						<Clip>
							<Path FillMode="Alternate">
								<PathFigure IsClosed="True">
									<PolyLine LineColor="#FF000000">
										<Point X="28.5" Y="28.5" />
										<Point X="566.25" Y="28.5" />
									</PolyLine>
									<PolyLine LineColor="#FF000000">
										<Point X="566.25" Y="28.5" />
										<Point X="566.25" Y="813.3404" />
									</PolyLine>
									<PolyLine LineColor="#FF000000">
										<Point X="566.25" Y="813.3404" />
										<Point X="28.5" Y="813.3404" />
									</PolyLine>
									<PolyLine LineColor="#FF000000">
										<Point X="28.5" Y="813.3404" />
										<Point X="28.5" Y="28.5" />
									</PolyLine>
								</PathFigure>
							</Path>
						</Clip>
						<Path FillMode="Winding" RenderTransform="1 0 0 -1 0 842">
							<Brush>
								<SolidBrush Color="#FF939598" />
							</Brush>
							<PathFigure IsClosed="True">
								<PolyLine LineColor="#FF000000">
									<Point X="206.95421" Y="106.845215" />
									<Point X="206.95421" Y="91.92432" />
								</PolyLine>
								<PolyLine LineColor="#FF000000">
									<Point X="206.95421" Y="91.92432" />
									<Point X="207.55106" Y="92.52112" />
								</PolyLine>
								<PolyLine LineColor="#FF000000">
									<Point X="207.55106" Y="92.52112" />
									<Point X="207.55106" Y="106.845215" />
								</PolyLine>
								<PolyLine LineColor="#FF000000">
									<Point X="207.55106" Y="106.845215" />
									<Point X="206.95421" Y="106.845215" />
								</PolyLine>
							</PathFigure>
						</Path>
					</Canvas>
					<Canvas>
						<Clip>
							<Path FillMode="Alternate">
								<PathFigure IsClosed="True">
									<PolyLine LineColor="#FF000000">
										<Point X="28.5" Y="28.5" />
										<Point X="566.25" Y="28.5" />
									</PolyLine>
									<PolyLine LineColor="#FF000000">
										<Point X="566.25" Y="28.5" />
										<Point X="566.25" Y="813.3404" />
									</PolyLine>
									<PolyLine LineColor="#FF000000">
										<Point X="566.25" Y="813.3404" />
										<Point X="28.5" Y="813.3404" />
									</PolyLine>
									<PolyLine LineColor="#FF000000">
										<Point X="28.5" Y="813.3404" />
										<Point X="28.5" Y="28.5" />
									</PolyLine>
								</PathFigure>
							</Path>
						</Clip>
						<Canvas>
							<Clip>
								<Path FillMode="Winding">
									<PathFigure IsClosed="False">
										<PolyLine LineColor="#FF000000">
											<Point X="375.2622" Y="750.0757" />
											<Point X="375.85904" Y="749.4789" />
										</PolyLine>
										<PolyLine LineColor="#FF000000">
											<Point X="375.85904" Y="749.4789" />
											<Point X="542.3765" Y="749.4789" />
										</PolyLine>
										<PolyLine LineColor="#FF000000">
											<Point X="542.3765" Y="749.4789" />
											<Point X="542.3765" Y="750.0757" />
										</PolyLine>
									</PathFigure>
								</Path>
							</Clip>
							<Path FillMode="Winding" RenderTransform="1 0 0 -1 0 842">
								<Brush>
									<SolidBrush Color="#FF706E74" />
								</Brush>
								<PathFigure IsClosed="True">
									<PolyLine LineColor="#FF000000">
										<Point X="375.26218" Y="92.52112" />
										<Point X="375.859" Y="92.52112" />
									</PolyLine>
									<PolyLine LineColor="#FF000000">
										<Point X="375.859" Y="92.52112" />
										<Point X="375.859" Y="91.92432" />
									</PolyLine>
									<PolyLine LineColor="#FF000000">
										<Point X="375.859" Y="91.92432" />
										<Point X="375.26218" Y="91.92432" />
									</PolyLine>
								</PathFigure>
							</Path>
							<Path FillMode="Winding" RenderTransform="1 0 0 -1 0 842">
								<Brush>
									<SolidBrush Color="#FF706E74" />
								</Brush>
								<PathFigure IsClosed="True">
									<PolyLine LineColor="#FF000000">
										<Point X="541.77966" Y="92.52112" />
										<Point X="542.37646" Y="92.52112" />
									</PolyLine>
									<PolyLine LineColor="#FF000000">
										<Point X="542.37646" Y="92.52112" />
										<Point X="542.37646" Y="91.92432" />
									</PolyLine>
									<PolyLine LineColor="#FF000000">
										<Point X="542.37646" Y="91.92432" />
										<Point X="541.77966" Y="91.92432" />
									</PolyLine>
								</PathFigure>
							</Path>
							<Path FillMode="Alternate" RenderTransform="1 0 0 -1 0 842">
								<Pen Alignment="Center" DashCap="Flat" DashOffset="0" DashPattern="0.5968368 0.5968368" DashStyle="Custom" EndCap="Flat" LineJoin="Miter" MiterLimit="10" StartCap="Flat" Width="0.5968368">
									<Brush>
										<SolidBrush Color="#FF706E74" />
									</Brush>
								</Pen>
								<PathFigure IsClosed="False">
									<PolyLine LineColor="#FF000000">
										<Point X="375.859" Y="92.22272" />
										<Point X="541.77966" Y="92.22272" />
									</PolyLine>
								</PathFigure>
							</Path>
						</Canvas>
					</Canvas>
					<Canvas>
						<Clip>
							<Path FillMode="Alternate">
								<PathFigure IsClosed="True">
									<PolyLine LineColor="#FF000000">
										<Point X="28.5" Y="28.5" />
										<Point X="566.25" Y="28.5" />
									</PolyLine>
									<PolyLine LineColor="#FF000000">
										<Point X="566.25" Y="28.5" />
										<Point X="566.25" Y="813.3404" />
									</PolyLine>
									<PolyLine LineColor="#FF000000">
										<Point X="566.25" Y="813.3404" />
										<Point X="28.5" Y="813.3404" />
									</PolyLine>
									<PolyLine LineColor="#FF000000">
										<Point X="28.5" Y="813.3404" />
										<Point X="28.5" Y="28.5" />
									</PolyLine>
								</PathFigure>
							</Path>
						</Clip>
						<Path FillMode="Winding" RenderTransform="1 0 0 -1 0 842">
							<Brush>
								<SolidBrush Color="#FF939598" />
							</Brush>
							<PathFigure IsClosed="True">
								<PolyLine LineColor="#FF000000">
									<Point X="375.2622" Y="106.845215" />
									<Point X="375.2622" Y="91.92432" />
								</PolyLine>
								<PolyLine LineColor="#FF000000">
									<Point X="375.2622" Y="91.92432" />
									<Point X="375.85904" Y="92.52112" />
								</PolyLine>
								<PolyLine LineColor="#FF000000">
									<Point X="375.85904" Y="92.52112" />
									<Point X="375.85904" Y="106.845215" />
								</PolyLine>
								<PolyLine LineColor="#FF000000">
									<Point X="375.85904" Y="106.845215" />
									<Point X="375.2622" Y="106.845215" />
								</PolyLine>
							</PathFigure>
						</Path>
					</Canvas>
					<Canvas>
						<Clip>
							<Path FillMode="Alternate">
								<PathFigure IsClosed="True">
									<PolyLine LineColor="#FF000000">
										<Point X="28.5" Y="28.5" />
										<Point X="566.25" Y="28.5" />
									</PolyLine>
									<PolyLine LineColor="#FF000000">
										<Point X="566.25" Y="28.5" />
										<Point X="566.25" Y="813.3404" />
									</PolyLine>
									<PolyLine LineColor="#FF000000">
										<Point X="566.25" Y="813.3404" />
										<Point X="28.5" Y="813.3404" />
									</PolyLine>
									<PolyLine LineColor="#FF000000">
										<Point X="28.5" Y="813.3404" />
										<Point X="28.5" Y="28.5" />
									</PolyLine>
								</PathFigure>
							</Path>
						</Clip>
						<Canvas>
							<Clip>
								<Path FillMode="Winding">
									<PathFigure IsClosed="False">
										<PolyLine LineColor="#FF000000">
											<Point X="52.373474" Y="766.1903" />
											<Point X="52.373474" Y="765.5935" />
										</PolyLine>
										<PolyLine LineColor="#FF000000">
											<Point X="52.373474" Y="765.5935" />
											<Point X="205.76053" Y="765.5935" />
										</PolyLine>
										<PolyLine LineColor="#FF000000">
											<Point X="205.76053" Y="765.5935" />
											<Point X="205.76053" Y="766.1903" />
										</PolyLine>
									</PathFigure>
								</Path>
							</Clip>
							<Path FillMode="Winding" RenderTransform="1 0 0 -1 0 842">
								<Brush>
									<SolidBrush Color="#FF706E74" />
								</Brush>
								<PathFigure IsClosed="True">
									<PolyLine LineColor="#FF000000">
										<Point X="52.373474" Y="76.406555" />
										<Point X="52.970306" Y="76.406555" />
									</PolyLine>
									<PolyLine LineColor="#FF000000">
										<Point X="52.970306" Y="76.406555" />
										<Point X="52.970306" Y="75.80969" />
									</PolyLine>
									<PolyLine LineColor="#FF000000">
										<Point X="52.970306" Y="75.80969" />
										<Point X="52.373474" Y="75.80969" />
									</PolyLine>
								</PathFigure>
							</Path>
							<Path FillMode="Winding" RenderTransform="1 0 0 -1 0 842">
								<Brush>
									<SolidBrush Color="#FF706E74" />
								</Brush>
								<PathFigure IsClosed="True">
									<PolyLine LineColor="#FF000000">
										<Point X="205.1637" Y="76.406555" />
										<Point X="205.76053" Y="76.406555" />
									</PolyLine>
									<PolyLine LineColor="#FF000000">
										<Point X="205.76053" Y="76.406555" />
										<Point X="205.76053" Y="75.80969" />
									</PolyLine>
									<PolyLine LineColor="#FF000000">
										<Point X="205.76053" Y="75.80969" />
										<Point X="205.1637" Y="75.80969" />
									</PolyLine>
								</PathFigure>
							</Path>
							<Path FillMode="Alternate" RenderTransform="1 0 0 -1 0 842">
								<Pen Alignment="Center" DashCap="Flat" DashOffset="0" DashPattern="0.5968368 0.5968368" DashStyle="Custom" EndCap="Flat" LineJoin="Miter" MiterLimit="10" StartCap="Flat" Width="0.5968368">
									<Brush>
										<SolidBrush Color="#FF706E74" />
									</Brush>
								</Pen>
								<PathFigure IsClosed="False">
									<PolyLine LineColor="#FF000000">
										<Point X="52.970306" Y="76.108154" />
										<Point X="205.1637" Y="76.108154" />
									</PolyLine>
								</PathFigure>
							</Path>
						</Canvas>
					</Canvas>
					<Canvas>
						<Clip>
							<Path FillMode="Alternate">
								<PathFigure IsClosed="True">
									<PolyLine LineColor="#FF000000">
										<Point X="28.5" Y="28.5" />
										<Point X="566.25" Y="28.5" />
									</PolyLine>
									<PolyLine LineColor="#FF000000">
										<Point X="566.25" Y="28.5" />
										<Point X="566.25" Y="813.3404" />
									</PolyLine>
									<PolyLine LineColor="#FF000000">
										<Point X="566.25" Y="813.3404" />
										<Point X="28.5" Y="813.3404" />
									</PolyLine>
									<PolyLine LineColor="#FF000000">
										<Point X="28.5" Y="813.3404" />
										<Point X="28.5" Y="28.5" />
									</PolyLine>
								</PathFigure>
							</Path>
						</Clip>
					</Canvas>
					<Canvas>
						<Clip>
							<Path FillMode="Alternate">
								<PathFigure IsClosed="True">
									<PolyLine LineColor="#FF000000">
										<Point X="28.5" Y="28.5" />
										<Point X="566.25" Y="28.5" />
									</PolyLine>
									<PolyLine LineColor="#FF000000">
										<Point X="566.25" Y="28.5" />
										<Point X="566.25" Y="813.3404" />
									</PolyLine>
									<PolyLine LineColor="#FF000000">
										<Point X="566.25" Y="813.3404" />
										<Point X="28.5" Y="813.3404" />
									</PolyLine>
									<PolyLine LineColor="#FF000000">
										<Point X="28.5" Y="813.3404" />
										<Point X="28.5" Y="28.5" />
									</PolyLine>
								</PathFigure>
							</Path>
						</Clip>
						<Canvas>
							<Clip>
								<Path FillMode="Winding">
									<PathFigure IsClosed="False">
										<PolyLine LineColor="#FF000000">
											<Point X="206.95421" Y="766.1903" />
											<Point X="207.55106" Y="765.5935" />
										</PolyLine>
										<PolyLine LineColor="#FF000000">
											<Point X="207.55106" Y="765.5935" />
											<Point X="374.0685" Y="765.5935" />
										</PolyLine>
										<PolyLine LineColor="#FF000000">
											<Point X="374.0685" Y="765.5935" />
											<Point X="374.0685" Y="766.1903" />
										</PolyLine>
									</PathFigure>
								</Path>
							</Clip>
							<Path FillMode="Winding" RenderTransform="1 0 0 -1 0 842">
								<Brush>
									<SolidBrush Color="#FF706E74" />
								</Brush>
								<PathFigure IsClosed="True">
									<PolyLine LineColor="#FF000000">
										<Point X="206.95421" Y="76.406555" />
										<Point X="207.55104" Y="76.406555" />
									</PolyLine>
									<PolyLine LineColor="#FF000000">
										<Point X="207.55104" Y="76.406555" />
										<Point X="207.55104" Y="75.80969" />
									</PolyLine>
									<PolyLine LineColor="#FF000000">
										<Point X="207.55104" Y="75.80969" />
										<Point X="206.95421" Y="75.80969" />
									</PolyLine>
								</PathFigure>
							</Path>
							<Path FillMode="Winding" RenderTransform="1 0 0 -1 0 842">
								<Brush>
									<SolidBrush Color="#FF706E74" />
								</Brush>
								<PathFigure IsClosed="True">
									<PolyLine LineColor="#FF000000">
										<Point X="373.47168" Y="76.406555" />
										<Point X="374.0685" Y="76.406555" />
									</PolyLine>
									<PolyLine LineColor="#FF000000">
										<Point X="374.0685" Y="76.406555" />
										<Point X="374.0685" Y="75.80969" />
									</PolyLine>
									<PolyLine LineColor="#FF000000">
										<Point X="374.0685" Y="75.80969" />
										<Point X="373.47168" Y="75.80969" />
									</PolyLine>
								</PathFigure>
							</Path>
							<Path FillMode="Alternate" RenderTransform="1 0 0 -1 0 842">
								<Pen Alignment="Center" DashCap="Flat" DashOffset="0" DashPattern="0.5968368 0.5968368" DashStyle="Custom" EndCap="Flat" LineJoin="Miter" MiterLimit="10" StartCap="Flat" Width="0.5968368">
									<Brush>
										<SolidBrush Color="#FF706E74" />
									</Brush>
								</Pen>
								<PathFigure IsClosed="False">
									<PolyLine LineColor="#FF000000">
										<Point X="207.55104" Y="76.108154" />
										<Point X="373.47168" Y="76.108154" />
									</PolyLine>
								</PathFigure>
							</Path>
						</Canvas>
					</Canvas>
					<Canvas>
						<Clip>
							<Path FillMode="Alternate">
								<PathFigure IsClosed="True">
									<PolyLine LineColor="#FF000000">
										<Point X="28.5" Y="28.5" />
										<Point X="566.25" Y="28.5" />
									</PolyLine>
									<PolyLine LineColor="#FF000000">
										<Point X="566.25" Y="28.5" />
										<Point X="566.25" Y="813.3404" />
									</PolyLine>
									<PolyLine LineColor="#FF000000">
										<Point X="566.25" Y="813.3404" />
										<Point X="28.5" Y="813.3404" />
									</PolyLine>
									<PolyLine LineColor="#FF000000">
										<Point X="28.5" Y="813.3404" />
										<Point X="28.5" Y="28.5" />
									</PolyLine>
								</PathFigure>
							</Path>
						</Clip>
						<Path FillMode="Winding" RenderTransform="1 0 0 -1 0 842">
							<Brush>
								<SolidBrush Color="#FF939598" />
							</Brush>
							<PathFigure IsClosed="True">
								<PolyLine LineColor="#FF000000">
									<Point X="206.95421" Y="90.73059" />
									<Point X="206.95421" Y="75.80969" />
								</PolyLine>
								<PolyLine LineColor="#FF000000">
									<Point X="206.95421" Y="75.80969" />
									<Point X="207.55106" Y="76.406494" />
								</PolyLine>
								<PolyLine LineColor="#FF000000">
									<Point X="207.55106" Y="76.406494" />
									<Point X="207.55106" Y="90.73059" />
								</PolyLine>
								<PolyLine LineColor="#FF000000">
									<Point X="207.55106" Y="90.73059" />
									<Point X="206.95421" Y="90.73059" />
								</PolyLine>
							</PathFigure>
						</Path>
					</Canvas>
					<Canvas>
						<Clip>
							<Path FillMode="Alternate">
								<PathFigure IsClosed="True">
									<PolyLine LineColor="#FF000000">
										<Point X="28.5" Y="28.5" />
										<Point X="566.25" Y="28.5" />
									</PolyLine>
									<PolyLine LineColor="#FF000000">
										<Point X="566.25" Y="28.5" />
										<Point X="566.25" Y="813.3404" />
									</PolyLine>
									<PolyLine LineColor="#FF000000">
										<Point X="566.25" Y="813.3404" />
										<Point X="28.5" Y="813.3404" />
									</PolyLine>
									<PolyLine LineColor="#FF000000">
										<Point X="28.5" Y="813.3404" />
										<Point X="28.5" Y="28.5" />
									</PolyLine>
								</PathFigure>
							</Path>
						</Clip>
						<Canvas>
							<Clip>
								<Path FillMode="Winding">
									<PathFigure IsClosed="False">
										<PolyLine LineColor="#FF000000">
											<Point X="375.2622" Y="766.1903" />
											<Point X="375.85904" Y="765.5935" />
										</PolyLine>
										<PolyLine LineColor="#FF000000">
											<Point X="375.85904" Y="765.5935" />
											<Point X="542.3765" Y="765.5935" />
										</PolyLine>
										<PolyLine LineColor="#FF000000">
											<Point X="542.3765" Y="765.5935" />
											<Point X="542.3765" Y="766.1903" />
										</PolyLine>
									</PathFigure>
								</Path>
							</Clip>
							<Path FillMode="Winding" RenderTransform="1 0 0 -1 0 842">
								<Brush>
									<SolidBrush Color="#FF706E74" />
								</Brush>
								<PathFigure IsClosed="True">
									<PolyLine LineColor="#FF000000">
										<Point X="375.26218" Y="76.406555" />
										<Point X="375.859" Y="76.406555" />
									</PolyLine>
									<PolyLine LineColor="#FF000000">
										<Point X="375.859" Y="76.406555" />
										<Point X="375.859" Y="75.80969" />
									</PolyLine>
									<PolyLine LineColor="#FF000000">
										<Point X="375.859" Y="75.80969" />
										<Point X="375.26218" Y="75.80969" />
									</PolyLine>
								</PathFigure>
							</Path>
							<Path FillMode="Winding" RenderTransform="1 0 0 -1 0 842">
								<Brush>
									<SolidBrush Color="#FF706E74" />
								</Brush>
								<PathFigure IsClosed="True">
									<PolyLine LineColor="#FF000000">
										<Point X="541.77966" Y="76.406555" />
										<Point X="542.37646" Y="76.406555" />
									</PolyLine>
									<PolyLine LineColor="#FF000000">
										<Point X="542.37646" Y="76.406555" />
										<Point X="542.37646" Y="75.80969" />
									</PolyLine>
									<PolyLine LineColor="#FF000000">
										<Point X="542.37646" Y="75.80969" />
										<Point X="541.77966" Y="75.80969" />
									</PolyLine>
								</PathFigure>
							</Path>
							<Path FillMode="Alternate" RenderTransform="1 0 0 -1 0 842">
								<Pen Alignment="Center" DashCap="Flat" DashOffset="0" DashPattern="0.5968368 0.5968368" DashStyle="Custom" EndCap="Flat" LineJoin="Miter" MiterLimit="10" StartCap="Flat" Width="0.5968368">
									<Brush>
										<SolidBrush Color="#FF706E74" />
									</Brush>
								</Pen>
								<PathFigure IsClosed="False">
									<PolyLine LineColor="#FF000000">
										<Point X="375.859" Y="76.108154" />
										<Point X="541.77966" Y="76.108154" />
									</PolyLine>
								</PathFigure>
							</Path>
						</Canvas>
					</Canvas>
					<Canvas>
						<Clip>
							<Path FillMode="Alternate">
								<PathFigure IsClosed="True">
									<PolyLine LineColor="#FF000000">
										<Point X="28.5" Y="28.5" />
										<Point X="566.25" Y="28.5" />
									</PolyLine>
									<PolyLine LineColor="#FF000000">
										<Point X="566.25" Y="28.5" />
										<Point X="566.25" Y="813.3404" />
									</PolyLine>
									<PolyLine LineColor="#FF000000">
										<Point X="566.25" Y="813.3404" />
										<Point X="28.5" Y="813.3404" />
									</PolyLine>
									<PolyLine LineColor="#FF000000">
										<Point X="28.5" Y="813.3404" />
										<Point X="28.5" Y="28.5" />
									</PolyLine>
								</PathFigure>
							</Path>
						</Clip>
						<Path FillMode="Winding" RenderTransform="1 0 0 -1 0 842">
							<Brush>
								<SolidBrush Color="#FF939598" />
							</Brush>
							<PathFigure IsClosed="True">
								<PolyLine LineColor="#FF000000">
									<Point X="375.2622" Y="90.73059" />
									<Point X="375.2622" Y="75.80969" />
								</PolyLine>
								<PolyLine LineColor="#FF000000">
									<Point X="375.2622" Y="75.80969" />
									<Point X="375.85904" Y="76.406494" />
								</PolyLine>
								<PolyLine LineColor="#FF000000">
									<Point X="375.85904" Y="76.406494" />
									<Point X="375.85904" Y="90.73059" />
								</PolyLine>
								<PolyLine LineColor="#FF000000">
									<Point X="375.85904" Y="90.73059" />
									<Point X="375.2622" Y="90.73059" />
								</PolyLine>
							</PathFigure>
						</Path>
					</Canvas>
					<Canvas>
						<Clip>
							<Path FillMode="Alternate">
								<PathFigure IsClosed="True">
									<PolyLine LineColor="#FF000000">
										<Point X="28.5" Y="28.5" />
										<Point X="566.25" Y="28.5" />
									</PolyLine>
									<PolyLine LineColor="#FF000000">
										<Point X="566.25" Y="28.5" />
										<Point X="566.25" Y="813.3404" />
									</PolyLine>
									<PolyLine LineColor="#FF000000">
										<Point X="566.25" Y="813.3404" />
										<Point X="28.5" Y="813.3404" />
									</PolyLine>
									<PolyLine LineColor="#FF000000">
										<Point X="28.5" Y="813.3404" />
										<Point X="28.5" Y="28.5" />
									</PolyLine>
								</PathFigure>
							</Path>
						</Clip>
						<Canvas>
							<Clip>
								<Path FillMode="Winding">
									<PathFigure IsClosed="False">
										<PolyLine LineColor="#FF000000">
											<Point X="52.373474" Y="782.30493" />
											<Point X="52.373474" Y="781.7081" />
										</PolyLine>
										<PolyLine LineColor="#FF000000">
											<Point X="52.373474" Y="781.7081" />
											<Point X="205.76053" Y="781.7081" />
										</PolyLine>
										<PolyLine LineColor="#FF000000">
											<Point X="205.76053" Y="781.7081" />
											<Point X="205.76053" Y="782.30493" />
										</PolyLine>
									</PathFigure>
								</Path>
							</Clip>
							<Path FillMode="Winding" RenderTransform="1 0 0 -1 0 842">
								<Brush>
									<SolidBrush Color="#FF706E74" />
								</Brush>
								<PathFigure IsClosed="True">
									<PolyLine LineColor="#FF000000">
										<Point X="52.373474" Y="60.29193" />
										<Point X="52.970306" Y="60.29193" />
									</PolyLine>
									<PolyLine LineColor="#FF000000">
										<Point X="52.970306" Y="60.29193" />
										<Point X="52.970306" Y="59.69513" />
									</PolyLine>
									<PolyLine LineColor="#FF000000">
										<Point X="52.970306" Y="59.69513" />
										<Point X="52.373474" Y="59.69513" />
									</PolyLine>
								</PathFigure>
							</Path>
							<Path FillMode="Winding" RenderTransform="1 0 0 -1 0 842">
								<Brush>
									<SolidBrush Color="#FF706E74" />
								</Brush>
								<PathFigure IsClosed="True">
									<PolyLine LineColor="#FF000000">
										<Point X="205.1637" Y="60.29193" />
										<Point X="205.76053" Y="60.29193" />
									</PolyLine>
									<PolyLine LineColor="#FF000000">
										<Point X="205.76053" Y="60.29193" />
										<Point X="205.76053" Y="59.69513" />
									</PolyLine>
									<PolyLine LineColor="#FF000000">
										<Point X="205.76053" Y="59.69513" />
										<Point X="205.1637" Y="59.69513" />
									</PolyLine>
								</PathFigure>
							</Path>
							<Path FillMode="Alternate" RenderTransform="1 0 0 -1 0 842">
								<Pen Alignment="Center" DashCap="Flat" DashOffset="0" DashPattern="0.5968368 0.5968368" DashStyle="Custom" EndCap="Flat" LineJoin="Miter" MiterLimit="10" StartCap="Flat" Width="0.5968368">
									<Brush>
										<SolidBrush Color="#FF706E74" />
									</Brush>
								</Pen>
								<PathFigure IsClosed="False">
									<PolyLine LineColor="#FF000000">
										<Point X="52.970306" Y="59.99353" />
										<Point X="205.1637" Y="59.99353" />
									</PolyLine>
								</PathFigure>
							</Path>
						</Canvas>
					</Canvas>
					<Canvas>
						<Clip>
							<Path FillMode="Alternate">
								<PathFigure IsClosed="True">
									<PolyLine LineColor="#FF000000">
										<Point X="28.5" Y="28.5" />
										<Point X="566.25" Y="28.5" />
									</PolyLine>
									<PolyLine LineColor="#FF000000">
										<Point X="566.25" Y="28.5" />
										<Point X="566.25" Y="813.3404" />
									</PolyLine>
									<PolyLine LineColor="#FF000000">
										<Point X="566.25" Y="813.3404" />
										<Point X="28.5" Y="813.3404" />
									</PolyLine>
									<PolyLine LineColor="#FF000000">
										<Point X="28.5" Y="813.3404" />
										<Point X="28.5" Y="28.5" />
									</PolyLine>
								</PathFigure>
							</Path>
						</Clip>
					</Canvas>
					<Canvas>
						<Clip>
							<Path FillMode="Alternate">
								<PathFigure IsClosed="True">
									<PolyLine LineColor="#FF000000">
										<Point X="28.5" Y="28.5" />
										<Point X="566.25" Y="28.5" />
									</PolyLine>
									<PolyLine LineColor="#FF000000">
										<Point X="566.25" Y="28.5" />
										<Point X="566.25" Y="813.3404" />
									</PolyLine>
									<PolyLine LineColor="#FF000000">
										<Point X="566.25" Y="813.3404" />
										<Point X="28.5" Y="813.3404" />
									</PolyLine>
									<PolyLine LineColor="#FF000000">
										<Point X="28.5" Y="813.3404" />
										<Point X="28.5" Y="28.5" />
									</PolyLine>
								</PathFigure>
							</Path>
						</Clip>
						<Canvas>
							<Clip>
								<Path FillMode="Winding">
									<PathFigure IsClosed="False">
										<PolyLine LineColor="#FF000000">
											<Point X="206.95421" Y="782.30493" />
											<Point X="207.55106" Y="781.7081" />
										</PolyLine>
										<PolyLine LineColor="#FF000000">
											<Point X="207.55106" Y="781.7081" />
											<Point X="374.0685" Y="781.7081" />
										</PolyLine>
										<PolyLine LineColor="#FF000000">
											<Point X="374.0685" Y="781.7081" />
											<Point X="374.0685" Y="782.30493" />
										</PolyLine>
									</PathFigure>
								</Path>
							</Clip>
							<Path FillMode="Winding" RenderTransform="1 0 0 -1 0 842">
								<Brush>
									<SolidBrush Color="#FF706E74" />
								</Brush>
								<PathFigure IsClosed="True">
									<PolyLine LineColor="#FF000000">
										<Point X="206.95421" Y="60.29193" />
										<Point X="207.55104" Y="60.29193" />
									</PolyLine>
									<PolyLine LineColor="#FF000000">
										<Point X="207.55104" Y="60.29193" />
										<Point X="207.55104" Y="59.69513" />
									</PolyLine>
									<PolyLine LineColor="#FF000000">
										<Point X="207.55104" Y="59.69513" />
										<Point X="206.95421" Y="59.69513" />
									</PolyLine>
								</PathFigure>
							</Path>
							<Path FillMode="Winding" RenderTransform="1 0 0 -1 0 842">
								<Brush>
									<SolidBrush Color="#FF706E74" />
								</Brush>
								<PathFigure IsClosed="True">
									<PolyLine LineColor="#FF000000">
										<Point X="373.47168" Y="60.29193" />
										<Point X="374.0685" Y="60.29193" />
									</PolyLine>
									<PolyLine LineColor="#FF000000">
										<Point X="374.0685" Y="60.29193" />
										<Point X="374.0685" Y="59.69513" />
									</PolyLine>
									<PolyLine LineColor="#FF000000">
										<Point X="374.0685" Y="59.69513" />
										<Point X="373.47168" Y="59.69513" />
									</PolyLine>
								</PathFigure>
							</Path>
							<Path FillMode="Alternate" RenderTransform="1 0 0 -1 0 842">
								<Pen Alignment="Center" DashCap="Flat" DashOffset="0" DashPattern="0.5968368 0.5968368" DashStyle="Custom" EndCap="Flat" LineJoin="Miter" MiterLimit="10" StartCap="Flat" Width="0.5968368">
									<Brush>
										<SolidBrush Color="#FF706E74" />
									</Brush>
								</Pen>
								<PathFigure IsClosed="False">
									<PolyLine LineColor="#FF000000">
										<Point X="207.55104" Y="59.99353" />
										<Point X="373.47168" Y="59.99353" />
									</PolyLine>
								</PathFigure>
							</Path>
						</Canvas>
					</Canvas>
					<Canvas>
						<Clip>
							<Path FillMode="Alternate">
								<PathFigure IsClosed="True">
									<PolyLine LineColor="#FF000000">
										<Point X="28.5" Y="28.5" />
										<Point X="566.25" Y="28.5" />
									</PolyLine>
									<PolyLine LineColor="#FF000000">
										<Point X="566.25" Y="28.5" />
										<Point X="566.25" Y="813.3404" />
									</PolyLine>
									<PolyLine LineColor="#FF000000">
										<Point X="566.25" Y="813.3404" />
										<Point X="28.5" Y="813.3404" />
									</PolyLine>
									<PolyLine LineColor="#FF000000">
										<Point X="28.5" Y="813.3404" />
										<Point X="28.5" Y="28.5" />
									</PolyLine>
								</PathFigure>
							</Path>
						</Clip>
						<Path FillMode="Winding" RenderTransform="1 0 0 -1 0 842">
							<Brush>
								<SolidBrush Color="#FF939598" />
							</Brush>
							<PathFigure IsClosed="True">
								<PolyLine LineColor="#FF000000">
									<Point X="206.95421" Y="74.61603" />
									<Point X="206.95421" Y="59.69507" />
								</PolyLine>
								<PolyLine LineColor="#FF000000">
									<Point X="206.95421" Y="59.69507" />
									<Point X="207.55106" Y="60.29187" />
								</PolyLine>
								<PolyLine LineColor="#FF000000">
									<Point X="207.55106" Y="60.29187" />
									<Point X="207.55106" Y="74.61603" />
								</PolyLine>
								<PolyLine LineColor="#FF000000">
									<Point X="207.55106" Y="74.61603" />
									<Point X="206.95421" Y="74.61603" />
								</PolyLine>
							</PathFigure>
						</Path>
					</Canvas>
					<Canvas>
						<Clip>
							<Path FillMode="Alternate">
								<PathFigure IsClosed="True">
									<PolyLine LineColor="#FF000000">
										<Point X="28.5" Y="28.5" />
										<Point X="566.25" Y="28.5" />
									</PolyLine>
									<PolyLine LineColor="#FF000000">
										<Point X="566.25" Y="28.5" />
										<Point X="566.25" Y="813.3404" />
									</PolyLine>
									<PolyLine LineColor="#FF000000">
										<Point X="566.25" Y="813.3404" />
										<Point X="28.5" Y="813.3404" />
									</PolyLine>
									<PolyLine LineColor="#FF000000">
										<Point X="28.5" Y="813.3404" />
										<Point X="28.5" Y="28.5" />
									</PolyLine>
								</PathFigure>
							</Path>
						</Clip>
						<Canvas>
							<Clip>
								<Path FillMode="Winding">
									<PathFigure IsClosed="False">
										<PolyLine LineColor="#FF000000">
											<Point X="375.2622" Y="782.30493" />
											<Point X="375.85904" Y="781.7081" />
										</PolyLine>
										<PolyLine LineColor="#FF000000">
											<Point X="375.85904" Y="781.7081" />
											<Point X="542.3765" Y="781.7081" />
										</PolyLine>
										<PolyLine LineColor="#FF000000">
											<Point X="542.3765" Y="781.7081" />
											<Point X="542.3765" Y="782.30493" />
										</PolyLine>
									</PathFigure>
								</Path>
							</Clip>
							<Path FillMode="Winding" RenderTransform="1 0 0 -1 0 842">
								<Brush>
									<SolidBrush Color="#FF706E74" />
								</Brush>
								<PathFigure IsClosed="True">
									<PolyLine LineColor="#FF000000">
										<Point X="375.26218" Y="60.29193" />
										<Point X="375.859" Y="60.29193" />
									</PolyLine>
									<PolyLine LineColor="#FF000000">
										<Point X="375.859" Y="60.29193" />
										<Point X="375.859" Y="59.69513" />
									</PolyLine>
									<PolyLine LineColor="#FF000000">
										<Point X="375.859" Y="59.69513" />
										<Point X="375.26218" Y="59.69513" />
									</PolyLine>
								</PathFigure>
							</Path>
							<Path FillMode="Winding" RenderTransform="1 0 0 -1 0 842">
								<Brush>
									<SolidBrush Color="#FF706E74" />
								</Brush>
								<PathFigure IsClosed="True">
									<PolyLine LineColor="#FF000000">
										<Point X="541.77966" Y="60.29193" />
										<Point X="542.37646" Y="60.29193" />
									</PolyLine>
									<PolyLine LineColor="#FF000000">
										<Point X="542.37646" Y="60.29193" />
										<Point X="542.37646" Y="59.69513" />
									</PolyLine>
									<PolyLine LineColor="#FF000000">
										<Point X="542.37646" Y="59.69513" />
										<Point X="541.77966" Y="59.69513" />
									</PolyLine>
								</PathFigure>
							</Path>
							<Path FillMode="Alternate" RenderTransform="1 0 0 -1 0 842">
								<Pen Alignment="Center" DashCap="Flat" DashOffset="0" DashPattern="0.5968368 0.5968368" DashStyle="Custom" EndCap="Flat" LineJoin="Miter" MiterLimit="10" StartCap="Flat" Width="0.5968368">
									<Brush>
										<SolidBrush Color="#FF706E74" />
									</Brush>
								</Pen>
								<PathFigure IsClosed="False">
									<PolyLine LineColor="#FF000000">
										<Point X="375.859" Y="59.99353" />
										<Point X="541.77966" Y="59.99353" />
									</PolyLine>
								</PathFigure>
							</Path>
						</Canvas>
					</Canvas>
					<Canvas>
						<Clip>
							<Path FillMode="Alternate">
								<PathFigure IsClosed="True">
									<PolyLine LineColor="#FF000000">
										<Point X="28.5" Y="28.5" />
										<Point X="566.25" Y="28.5" />
									</PolyLine>
									<PolyLine LineColor="#FF000000">
										<Point X="566.25" Y="28.5" />
										<Point X="566.25" Y="813.3404" />
									</PolyLine>
									<PolyLine LineColor="#FF000000">
										<Point X="566.25" Y="813.3404" />
										<Point X="28.5" Y="813.3404" />
									</PolyLine>
									<PolyLine LineColor="#FF000000">
										<Point X="28.5" Y="813.3404" />
										<Point X="28.5" Y="28.5" />
									</PolyLine>
								</PathFigure>
							</Path>
						</Clip>
						<Path FillMode="Winding" RenderTransform="1 0 0 -1 0 842">
							<Brush>
								<SolidBrush Color="#FF939598" />
							</Brush>
							<PathFigure IsClosed="True">
								<PolyLine LineColor="#FF000000">
									<Point X="375.2622" Y="74.61603" />
									<Point X="375.2622" Y="59.69507" />
								</PolyLine>
								<PolyLine LineColor="#FF000000">
									<Point X="375.2622" Y="59.69507" />
									<Point X="375.85904" Y="60.29187" />
								</PolyLine>
								<PolyLine LineColor="#FF000000">
									<Point X="375.85904" Y="60.29187" />
									<Point X="375.85904" Y="74.61603" />
								</PolyLine>
								<PolyLine LineColor="#FF000000">
									<Point X="375.85904" Y="74.61603" />
									<Point X="375.2622" Y="74.61603" />
								</PolyLine>
							</PathFigure>
						</Path>
					</Canvas>
					<Canvas>
						<Clip>
							<Path FillMode="Alternate">
								<PathFigure IsClosed="True">
									<PolyLine LineColor="#FF000000">
										<Point X="28.5" Y="28.5" />
										<Point X="566.25" Y="28.5" />
									</PolyLine>
									<PolyLine LineColor="#FF000000">
										<Point X="566.25" Y="28.5" />
										<Point X="566.25" Y="813.3404" />
									</PolyLine>
									<PolyLine LineColor="#FF000000">
										<Point X="566.25" Y="813.3404" />
										<Point X="28.5" Y="813.3404" />
									</PolyLine>
									<PolyLine LineColor="#FF000000">
										<Point X="28.5" Y="813.3404" />
										<Point X="28.5" Y="28.5" />
									</PolyLine>
								</PathFigure>
							</Path>
						</Clip>
						<Canvas>
							<Clip>
								<Path FillMode="Winding">
									<PathFigure IsClosed="False">
										<PolyLine LineColor="#FF000000">
											<Point X="52.373474" Y="798.4195" />
											<Point X="52.373474" Y="797.82263" />
										</PolyLine>
										<PolyLine LineColor="#FF000000">
											<Point X="52.373474" Y="797.82263" />
											<Point X="205.76053" Y="797.82263" />
										</PolyLine>
										<PolyLine LineColor="#FF000000">
											<Point X="205.76053" Y="797.82263" />
											<Point X="205.76053" Y="798.4195" />
										</PolyLine>
									</PathFigure>
								</Path>
							</Clip>
							<Path FillMode="Winding" RenderTransform="1 0 0 -1 0 842">
								<Brush>
									<SolidBrush Color="#FF706E74" />
								</Brush>
								<PathFigure IsClosed="True">
									<PolyLine LineColor="#FF000000">
										<Point X="52.373474" Y="44.17737" />
										<Point X="52.970306" Y="44.17737" />
									</PolyLine>
									<PolyLine LineColor="#FF000000">
										<Point X="52.970306" Y="44.17737" />
										<Point X="52.970306" Y="43.580505" />
									</PolyLine>
									<PolyLine LineColor="#FF000000">
										<Point X="52.970306" Y="43.580505" />
										<Point X="52.373474" Y="43.580505" />
									</PolyLine>
								</PathFigure>
							</Path>
							<Path FillMode="Winding" RenderTransform="1 0 0 -1 0 842">
								<Brush>
									<SolidBrush Color="#FF706E74" />
								</Brush>
								<PathFigure IsClosed="True">
									<PolyLine LineColor="#FF000000">
										<Point X="205.1637" Y="44.17737" />
										<Point X="205.76053" Y="44.17737" />
									</PolyLine>
									<PolyLine LineColor="#FF000000">
										<Point X="205.76053" Y="44.17737" />
										<Point X="205.76053" Y="43.580505" />
									</PolyLine>
									<PolyLine LineColor="#FF000000">
										<Point X="205.76053" Y="43.580505" />
										<Point X="205.1637" Y="43.580505" />
									</PolyLine>
								</PathFigure>
							</Path>
							<Path FillMode="Alternate" RenderTransform="1 0 0 -1 0 842">
								<Pen Alignment="Center" DashCap="Flat" DashOffset="0" DashPattern="0.5968368 0.5968368" DashStyle="Custom" EndCap="Flat" LineJoin="Miter" MiterLimit="10" StartCap="Flat" Width="0.5968368">
									<Brush>
										<SolidBrush Color="#FF706E74" />
									</Brush>
								</Pen>
								<PathFigure IsClosed="False">
									<PolyLine LineColor="#FF000000">
										<Point X="52.970306" Y="43.878967" />
										<Point X="205.1637" Y="43.878967" />
									</PolyLine>
								</PathFigure>
							</Path>
						</Canvas>
					</Canvas>
					<Canvas>
						<Clip>
							<Path FillMode="Alternate">
								<PathFigure IsClosed="True">
									<PolyLine LineColor="#FF000000">
										<Point X="28.5" Y="28.5" />
										<Point X="566.25" Y="28.5" />
									</PolyLine>
									<PolyLine LineColor="#FF000000">
										<Point X="566.25" Y="28.5" />
										<Point X="566.25" Y="813.3404" />
									</PolyLine>
									<PolyLine LineColor="#FF000000">
										<Point X="566.25" Y="813.3404" />
										<Point X="28.5" Y="813.3404" />
									</PolyLine>
									<PolyLine LineColor="#FF000000">
										<Point X="28.5" Y="813.3404" />
										<Point X="28.5" Y="28.5" />
									</PolyLine>
								</PathFigure>
							</Path>
						</Clip>
					</Canvas>
					<Canvas>
						<Clip>
							<Path FillMode="Alternate">
								<PathFigure IsClosed="True">
									<PolyLine LineColor="#FF000000">
										<Point X="28.5" Y="28.5" />
										<Point X="566.25" Y="28.5" />
									</PolyLine>
									<PolyLine LineColor="#FF000000">
										<Point X="566.25" Y="28.5" />
										<Point X="566.25" Y="813.3404" />
									</PolyLine>
									<PolyLine LineColor="#FF000000">
										<Point X="566.25" Y="813.3404" />
										<Point X="28.5" Y="813.3404" />
									</PolyLine>
									<PolyLine LineColor="#FF000000">
										<Point X="28.5" Y="813.3404" />
										<Point X="28.5" Y="28.5" />
									</PolyLine>
								</PathFigure>
							</Path>
						</Clip>
						<Canvas>
							<Clip>
								<Path FillMode="Winding">
									<PathFigure IsClosed="False">
										<PolyLine LineColor="#FF000000">
											<Point X="206.95421" Y="798.4195" />
											<Point X="207.55106" Y="797.82263" />
										</PolyLine>
										<PolyLine LineColor="#FF000000">
											<Point X="207.55106" Y="797.82263" />
											<Point X="374.0685" Y="797.82263" />
										</PolyLine>
										<PolyLine LineColor="#FF000000">
											<Point X="374.0685" Y="797.82263" />
											<Point X="374.0685" Y="798.4195" />
										</PolyLine>
									</PathFigure>
								</Path>
							</Clip>
							<Path FillMode="Winding" RenderTransform="1 0 0 -1 0 842">
								<Brush>
									<SolidBrush Color="#FF706E74" />
								</Brush>
								<PathFigure IsClosed="True">
									<PolyLine LineColor="#FF000000">
										<Point X="206.95421" Y="44.17737" />
										<Point X="207.55104" Y="44.17737" />
									</PolyLine>
									<PolyLine LineColor="#FF000000">
										<Point X="207.55104" Y="44.17737" />
										<Point X="207.55104" Y="43.580505" />
									</PolyLine>
									<PolyLine LineColor="#FF000000">
										<Point X="207.55104" Y="43.580505" />
										<Point X="206.95421" Y="43.580505" />
									</PolyLine>
								</PathFigure>
							</Path>
							<Path FillMode="Winding" RenderTransform="1 0 0 -1 0 842">
								<Brush>
									<SolidBrush Color="#FF706E74" />
								</Brush>
								<PathFigure IsClosed="True">
									<PolyLine LineColor="#FF000000">
										<Point X="373.47168" Y="44.17737" />
										<Point X="374.0685" Y="44.17737" />
									</PolyLine>
									<PolyLine LineColor="#FF000000">
										<Point X="374.0685" Y="44.17737" />
										<Point X="374.0685" Y="43.580505" />
									</PolyLine>
									<PolyLine LineColor="#FF000000">
										<Point X="374.0685" Y="43.580505" />
										<Point X="373.47168" Y="43.580505" />
									</PolyLine>
								</PathFigure>
							</Path>
							<Path FillMode="Alternate" RenderTransform="1 0 0 -1 0 842">
								<Pen Alignment="Center" DashCap="Flat" DashOffset="0" DashPattern="0.5968368 0.5968368" DashStyle="Custom" EndCap="Flat" LineJoin="Miter" MiterLimit="10" StartCap="Flat" Width="0.5968368">
									<Brush>
										<SolidBrush Color="#FF706E74" />
									</Brush>
								</Pen>
								<PathFigure IsClosed="False">
									<PolyLine LineColor="#FF000000">
										<Point X="207.55104" Y="43.878967" />
										<Point X="373.47168" Y="43.878967" />
									</PolyLine>
								</PathFigure>
							</Path>
						</Canvas>
					</Canvas>
					<Canvas>
						<Clip>
							<Path FillMode="Alternate">
								<PathFigure IsClosed="True">
									<PolyLine LineColor="#FF000000">
										<Point X="28.5" Y="28.5" />
										<Point X="566.25" Y="28.5" />
									</PolyLine>
									<PolyLine LineColor="#FF000000">
										<Point X="566.25" Y="28.5" />
										<Point X="566.25" Y="813.3404" />
									</PolyLine>
									<PolyLine LineColor="#FF000000">
										<Point X="566.25" Y="813.3404" />
										<Point X="28.5" Y="813.3404" />
									</PolyLine>
									<PolyLine LineColor="#FF000000">
										<Point X="28.5" Y="813.3404" />
										<Point X="28.5" Y="28.5" />
									</PolyLine>
								</PathFigure>
							</Path>
						</Clip>
						<Path FillMode="Winding" RenderTransform="1 0 0 -1 0 842">
							<Brush>
								<SolidBrush Color="#FF939598" />
							</Brush>
							<PathFigure IsClosed="True">
								<PolyLine LineColor="#FF000000">
									<Point X="206.95421" Y="58.501404" />
									<Point X="206.95421" Y="43.580505" />
								</PolyLine>
								<PolyLine LineColor="#FF000000">
									<Point X="206.95421" Y="43.580505" />
									<Point X="207.55106" Y="44.17737" />
								</PolyLine>
								<PolyLine LineColor="#FF000000">
									<Point X="207.55106" Y="44.17737" />
									<Point X="207.55106" Y="58.501404" />
								</PolyLine>
								<PolyLine LineColor="#FF000000">
									<Point X="207.55106" Y="58.501404" />
									<Point X="206.95421" Y="58.501404" />
								</PolyLine>
							</PathFigure>
						</Path>
					</Canvas>
					<Canvas>
						<Clip>
							<Path FillMode="Alternate">
								<PathFigure IsClosed="True">
									<PolyLine LineColor="#FF000000">
										<Point X="28.5" Y="28.5" />
										<Point X="566.25" Y="28.5" />
									</PolyLine>
									<PolyLine LineColor="#FF000000">
										<Point X="566.25" Y="28.5" />
										<Point X="566.25" Y="813.3404" />
									</PolyLine>
									<PolyLine LineColor="#FF000000">
										<Point X="566.25" Y="813.3404" />
										<Point X="28.5" Y="813.3404" />
									</PolyLine>
									<PolyLine LineColor="#FF000000">
										<Point X="28.5" Y="813.3404" />
										<Point X="28.5" Y="28.5" />
									</PolyLine>
								</PathFigure>
							</Path>
						</Clip>
						<Canvas>
							<Clip>
								<Path FillMode="Winding">
									<PathFigure IsClosed="False">
										<PolyLine LineColor="#FF000000">
											<Point X="375.2622" Y="798.4195" />
											<Point X="375.85904" Y="797.82263" />
										</PolyLine>
										<PolyLine LineColor="#FF000000">
											<Point X="375.85904" Y="797.82263" />
											<Point X="542.3765" Y="797.82263" />
										</PolyLine>
										<PolyLine LineColor="#FF000000">
											<Point X="542.3765" Y="797.82263" />
											<Point X="542.3765" Y="798.4195" />
										</PolyLine>
									</PathFigure>
								</Path>
							</Clip>
							<Path FillMode="Winding" RenderTransform="1 0 0 -1 0 842">
								<Brush>
									<SolidBrush Color="#FF706E74" />
								</Brush>
								<PathFigure IsClosed="True">
									<PolyLine LineColor="#FF000000">
										<Point X="375.26218" Y="44.17737" />
										<Point X="375.859" Y="44.17737" />
									</PolyLine>
									<PolyLine LineColor="#FF000000">
										<Point X="375.859" Y="44.17737" />
										<Point X="375.859" Y="43.580505" />
									</PolyLine>
									<PolyLine LineColor="#FF000000">
										<Point X="375.859" Y="43.580505" />
										<Point X="375.26218" Y="43.580505" />
									</PolyLine>
								</PathFigure>
							</Path>
							<Path FillMode="Winding" RenderTransform="1 0 0 -1 0 842">
								<Brush>
									<SolidBrush Color="#FF706E74" />
								</Brush>
								<PathFigure IsClosed="True">
									<PolyLine LineColor="#FF000000">
										<Point X="541.77966" Y="44.17737" />
										<Point X="542.37646" Y="44.17737" />
									</PolyLine>
									<PolyLine LineColor="#FF000000">
										<Point X="542.37646" Y="44.17737" />
										<Point X="542.37646" Y="43.580505" />
									</PolyLine>
									<PolyLine LineColor="#FF000000">
										<Point X="542.37646" Y="43.580505" />
										<Point X="541.77966" Y="43.580505" />
									</PolyLine>
								</PathFigure>
							</Path>
							<Path FillMode="Alternate" RenderTransform="1 0 0 -1 0 842">
								<Pen Alignment="Center" DashCap="Flat" DashOffset="0" DashPattern="0.5968368 0.5968368" DashStyle="Custom" EndCap="Flat" LineJoin="Miter" MiterLimit="10" StartCap="Flat" Width="0.5968368">
									<Brush>
										<SolidBrush Color="#FF706E74" />
									</Brush>
								</Pen>
								<PathFigure IsClosed="False">
									<PolyLine LineColor="#FF000000">
										<Point X="375.859" Y="43.878967" />
										<Point X="541.77966" Y="43.878967" />
									</PolyLine>
								</PathFigure>
							</Path>
						</Canvas>
					</Canvas>
					<Canvas>
						<Clip>
							<Path FillMode="Alternate">
								<PathFigure IsClosed="True">
									<PolyLine LineColor="#FF000000">
										<Point X="28.5" Y="28.5" />
										<Point X="566.25" Y="28.5" />
									</PolyLine>
									<PolyLine LineColor="#FF000000">
										<Point X="566.25" Y="28.5" />
										<Point X="566.25" Y="813.3404" />
									</PolyLine>
									<PolyLine LineColor="#FF000000">
										<Point X="566.25" Y="813.3404" />
										<Point X="28.5" Y="813.3404" />
									</PolyLine>
									<PolyLine LineColor="#FF000000">
										<Point X="28.5" Y="813.3404" />
										<Point X="28.5" Y="28.5" />
									</PolyLine>
								</PathFigure>
							</Path>
						</Clip>
						<Path FillMode="Winding" RenderTransform="1 0 0 -1 0 842">
							<Brush>
								<SolidBrush Color="#FF939598" />
							</Brush>
							<PathFigure IsClosed="True">
								<PolyLine LineColor="#FF000000">
									<Point X="375.2622" Y="58.501404" />
									<Point X="375.2622" Y="43.580505" />
								</PolyLine>
								<PolyLine LineColor="#FF000000">
									<Point X="375.2622" Y="43.580505" />
									<Point X="375.85904" Y="44.17737" />
								</PolyLine>
								<PolyLine LineColor="#FF000000">
									<Point X="375.85904" Y="44.17737" />
									<Point X="375.85904" Y="58.501404" />
								</PolyLine>
								<PolyLine LineColor="#FF000000">
									<Point X="375.85904" Y="58.501404" />
									<Point X="375.2622" Y="58.501404" />
								</PolyLine>
							</PathFigure>
						</Path>
						<Path FillMode="Winding" RenderTransform="1 0 0 -1 0 842">
							<Brush>
								<SolidBrush Color="#FF6D6E71" />
							</Brush>
							<PathFigure IsClosed="True">
								<PolyLine LineColor="#FF000000">
									<Point X="188.45227" Y="813.5" />
									<Point X="189.64594" Y="813.5" />
								</PolyLine>
								<PolyLine LineColor="#FF000000">
									<Point X="189.64594" Y="813.5" />
									<Point X="189.64594" Y="700.6979" />
								</PolyLine>
								<PolyLine LineColor="#FF000000">
									<Point X="189.64594" Y="700.6979" />
									<Point X="188.45227" Y="700.6979" />
								</PolyLine>
							</PathFigure>
						</Path>
						<Canvas RenderTransform="0.119973294 0 -0 0.1201181 51.179802 49.389282">
							<Image ResourceId="1">
								<Origin X="0" Y="0" />
								<Size Width="985" Height="318" />
							</Image>
						</Canvas>
						<Path FillMode="Winding" RenderTransform="1 0 0 -1 0 842">
							<Brush>
								<SolidBrush Color="#FF005F7F" />
							</Brush>
							<PathFigure IsClosed="True">
								<PolyLine LineColor="#FF000000">
									<Point X="203.37318" Y="801.5633" />
									<Point X="543.5702" Y="801.5633" />
								</PolyLine>
								<PolyLine LineColor="#FF000000">
									<Point X="543.5702" Y="801.5633" />
									<Point X="543.5702" Y="800.36957" />
								</PolyLine>
								<PolyLine LineColor="#FF000000">
									<Point X="543.5702" Y="800.36957" />
									<Point X="203.37318" Y="800.36957" />
								</PolyLine>
							</PathFigure>
						</Path>
						<Path FillMode="Winding" RenderTransform="1 0 0 -1 0 842">
							<Brush>
								<SolidBrush Color="#FF939598" />
							</Brush>
							<PathFigure IsClosed="True">
								<PolyLine LineColor="#FF000000">
									<Point X="360.9381" Y="799.1759" />
									<Point X="361.53494" Y="799.1759" />
								</PolyLine>
								<PolyLine LineColor="#FF000000">
									<Point X="361.53494" Y="799.1759" />
									<Point X="361.53494" Y="786.64233" />
								</PolyLine>
								<PolyLine LineColor="#FF000000">
									<Point X="361.53494" Y="786.64233" />
									<Point X="360.9381" Y="786.64233" />
								</PolyLine>
							</PathFigure>
						</Path>
					</Canvas>
					<Canvas>
						<Clip>
							<Path FillMode="Alternate">
								<PathFigure IsClosed="True">
									<PolyLine LineColor="#FF000000">
										<Point X="28.5" Y="28.5" />
										<Point X="566.25" Y="28.5" />
									</PolyLine>
									<PolyLine LineColor="#FF000000">
										<Point X="566.25" Y="28.5" />
										<Point X="566.25" Y="813.3404" />
									</PolyLine>
									<PolyLine LineColor="#FF000000">
										<Point X="566.25" Y="813.3404" />
										<Point X="28.5" Y="813.3404" />
									</PolyLine>
									<PolyLine LineColor="#FF000000">
										<Point X="28.5" Y="813.3404" />
										<Point X="28.5" Y="28.5" />
									</PolyLine>
								</PathFigure>
							</Path>
						</Clip>
						<Canvas>
							<Clip>
								<Path FillMode="Winding">
									<PathFigure IsClosed="False">
										<PolyLine LineColor="#FF000000">
											<Point X="204.56686" Y="56.55133" />
											<Point X="204.56686" Y="57.148193" />
										</PolyLine>
										<PolyLine LineColor="#FF000000">
											<Point X="204.56686" Y="57.148193" />
											<Point X="360.9381" Y="57.148193" />
										</PolyLine>
										<PolyLine LineColor="#FF000000">
											<Point X="360.9381" Y="57.148193" />
											<Point X="361.53494" Y="56.55133" />
										</PolyLine>
									</PathFigure>
								</Path>
							</Clip>
							<Path FillMode="Winding" RenderTransform="1 0 0 -1 0 842">
								<Brush>
									<SolidBrush Color="#FF6D6E71" />
								</Brush>
								<PathFigure IsClosed="True">
									<PolyLine LineColor="#FF000000">
										<Point X="204.56686" Y="785.44867" />
										<Point X="205.1637" Y="785.44867" />
									</PolyLine>
									<PolyLine LineColor="#FF000000">
										<Point X="205.1637" Y="785.44867" />
										<Point X="205.1637" Y="784.8518" />
									</PolyLine>
									<PolyLine LineColor="#FF000000">
										<Point X="205.1637" Y="784.8518" />
										<Point X="204.56686" Y="784.8518" />
									</PolyLine>
								</PathFigure>
							</Path>
							<Path FillMode="Winding" RenderTransform="1 0 0 -1 0 842">
								<Brush>
									<SolidBrush Color="#FF6D6E71" />
								</Brush>
								<PathFigure IsClosed="True">
									<PolyLine LineColor="#FF000000">
										<Point X="360.9381" Y="785.44867" />
										<Point X="361.53494" Y="785.44867" />
									</PolyLine>
									<PolyLine LineColor="#FF000000">
										<Point X="361.53494" Y="785.44867" />
										<Point X="361.53494" Y="784.8518" />
									</PolyLine>
									<PolyLine LineColor="#FF000000">
										<Point X="361.53494" Y="784.8518" />
										<Point X="360.9381" Y="784.8518" />
									</PolyLine>
								</PathFigure>
							</Path>
							<Path FillMode="Alternate" RenderTransform="1 0 0 -1 0 842">
								<Pen Alignment="Center" DashCap="Flat" DashOffset="0" DashPattern="0.5968368 0.5968368" DashStyle="Custom" EndCap="Flat" LineJoin="Miter" MiterLimit="10" StartCap="Flat" Width="0.5968368">
									<Brush>
										<SolidBrush Color="#FF6D6E71" />
									</Brush>
								</Pen>
								<PathFigure IsClosed="False">
									<PolyLine LineColor="#FF000000">
										<Point X="205.1637" Y="785.15027" />
										<Point X="360.9381" Y="785.15027" />
									</PolyLine>
								</PathFigure>
							</Path>
						</Canvas>
					</Canvas>
					<Canvas>
						<Clip>
							<Path FillMode="Alternate">
								<PathFigure IsClosed="True">
									<PolyLine LineColor="#FF000000">
										<Point X="28.5" Y="28.5" />
										<Point X="566.25" Y="28.5" />
									</PolyLine>
									<PolyLine LineColor="#FF000000">
										<Point X="566.25" Y="28.5" />
										<Point X="566.25" Y="813.3404" />
									</PolyLine>
									<PolyLine LineColor="#FF000000">
										<Point X="566.25" Y="813.3404" />
										<Point X="28.5" Y="813.3404" />
									</PolyLine>
									<PolyLine LineColor="#FF000000">
										<Point X="28.5" Y="813.3404" />
										<Point X="28.5" Y="28.5" />
									</PolyLine>
								</PathFigure>
							</Path>
						</Clip>
						<Path FillMode="Winding" RenderTransform="1 0 0 -1 0 842">
							<Brush>
								<SolidBrush Color="#FF939598" />
							</Brush>
							<PathFigure IsClosed="True">
								<PolyLine LineColor="#FF000000">
									<Point X="360.9381" Y="784.8518" />
									<Point X="360.9381" Y="772.9151" />
								</PolyLine>
								<PolyLine LineColor="#FF000000">
									<Point X="360.9381" Y="772.9151" />
									<Point X="361.53494" Y="772.9151" />
								</PolyLine>
								<PolyLine LineColor="#FF000000">
									<Point X="361.53494" Y="772.9151" />
									<Point X="361.53494" Y="785.44867" />
								</PolyLine>
								<PolyLine LineColor="#FF000000">
									<Point X="361.53494" Y="785.44867" />
									<Point X="360.9381" Y="784.8518" />
								</PolyLine>
							</PathFigure>
						</Path>
					</Canvas>
					<Canvas>
						<Clip>
							<Path FillMode="Alternate">
								<PathFigure IsClosed="True">
									<PolyLine LineColor="#FF000000">
										<Point X="28.5" Y="28.5" />
										<Point X="566.25" Y="28.5" />
									</PolyLine>
									<PolyLine LineColor="#FF000000">
										<Point X="566.25" Y="28.5" />
										<Point X="566.25" Y="813.3404" />
									</PolyLine>
									<PolyLine LineColor="#FF000000">
										<Point X="566.25" Y="813.3404" />
										<Point X="28.5" Y="813.3404" />
									</PolyLine>
									<PolyLine LineColor="#FF000000">
										<Point X="28.5" Y="813.3404" />
										<Point X="28.5" Y="28.5" />
									</PolyLine>
								</PathFigure>
							</Path>
						</Clip>
						<Canvas>
							<Clip>
								<Path FillMode="Winding">
									<PathFigure IsClosed="False">
										<PolyLine LineColor="#FF000000">
											<Point X="362.72864" Y="56.55133" />
											<Point X="362.72864" Y="57.148193" />
										</PolyLine>
										<PolyLine LineColor="#FF000000">
											<Point X="362.72864" Y="57.148193" />
											<Point X="542.3765" Y="57.148193" />
										</PolyLine>
										<PolyLine LineColor="#FF000000">
											<Point X="542.3765" Y="57.148193" />
											<Point X="542.3765" Y="56.55133" />
										</PolyLine>
									</PathFigure>
								</Path>
							</Clip>
							<Path FillMode="Winding" RenderTransform="1 0 0 -1 0 842">
								<Brush>
									<SolidBrush Color="#FF6D6E71" />
								</Brush>
								<PathFigure IsClosed="True">
									<PolyLine LineColor="#FF000000">
										<Point X="362.7286" Y="785.44867" />
										<Point X="363.32544" Y="785.44867" />
									</PolyLine>
									<PolyLine LineColor="#FF000000">
										<Point X="363.32544" Y="785.44867" />
										<Point X="363.32544" Y="784.8518" />
									</PolyLine>
									<PolyLine LineColor="#FF000000">
										<Point X="363.32544" Y="784.8518" />
										<Point X="362.7286" Y="784.8518" />
									</PolyLine>
								</PathFigure>
							</Path>
							<Path FillMode="Winding" RenderTransform="1 0 0 -1 0 842">
								<Brush>
									<SolidBrush Color="#FF6D6E71" />
								</Brush>
								<PathFigure IsClosed="True">
									<PolyLine LineColor="#FF000000">
										<Point X="541.77966" Y="785.44867" />
										<Point X="542.37646" Y="785.44867" />
									</PolyLine>
									<PolyLine LineColor="#FF000000">
										<Point X="542.37646" Y="785.44867" />
										<Point X="542.37646" Y="784.8518" />
									</PolyLine>
									<PolyLine LineColor="#FF000000">
										<Point X="542.37646" Y="784.8518" />
										<Point X="541.77966" Y="784.8518" />
									</PolyLine>
								</PathFigure>
							</Path>
							<Path FillMode="Alternate" RenderTransform="1 0 0 -1 0 842">
								<Pen Alignment="Center" DashCap="Flat" DashOffset="0" DashPattern="0.5968368 0.5968368" DashStyle="Custom" EndCap="Flat" LineJoin="Miter" MiterLimit="10" StartCap="Flat" Width="0.5968368">
									<Brush>
										<SolidBrush Color="#FF6D6E71" />
									</Brush>
								</Pen>
								<PathFigure IsClosed="False">
									<PolyLine LineColor="#FF000000">
										<Point X="363.32544" Y="785.15027" />
										<Point X="541.77966" Y="785.15027" />
									</PolyLine>
								</PathFigure>
							</Path>
						</Canvas>
					</Canvas>
					<Canvas>
						<Clip>
							<Path FillMode="Alternate">
								<PathFigure IsClosed="True">
									<PolyLine LineColor="#FF000000">
										<Point X="28.5" Y="28.5" />
										<Point X="566.25" Y="28.5" />
									</PolyLine>
									<PolyLine LineColor="#FF000000">
										<Point X="566.25" Y="28.5" />
										<Point X="566.25" Y="813.3404" />
									</PolyLine>
									<PolyLine LineColor="#FF000000">
										<Point X="566.25" Y="813.3404" />
										<Point X="28.5" Y="813.3404" />
									</PolyLine>
									<PolyLine LineColor="#FF000000">
										<Point X="28.5" Y="813.3404" />
										<Point X="28.5" Y="28.5" />
									</PolyLine>
								</PathFigure>
							</Path>
						</Clip>
					</Canvas>
					<Canvas>
						<Clip>
							<Path FillMode="Alternate">
								<PathFigure IsClosed="True">
									<PolyLine LineColor="#FF000000">
										<Point X="28.5" Y="28.5" />
										<Point X="566.25" Y="28.5" />
									</PolyLine>
									<PolyLine LineColor="#FF000000">
										<Point X="566.25" Y="28.5" />
										<Point X="566.25" Y="813.3404" />
									</PolyLine>
									<PolyLine LineColor="#FF000000">
										<Point X="566.25" Y="813.3404" />
										<Point X="28.5" Y="813.3404" />
									</PolyLine>
									<PolyLine LineColor="#FF000000">
										<Point X="28.5" Y="813.3404" />
										<Point X="28.5" Y="28.5" />
									</PolyLine>
								</PathFigure>
							</Path>
						</Clip>
						<Canvas>
							<Clip>
								<Path FillMode="Winding">
									<PathFigure IsClosed="False">
										<PolyLine LineColor="#FF000000">
											<Point X="204.56686" Y="70.278564" />
											<Point X="204.56686" Y="70.87543" />
										</PolyLine>
										<PolyLine LineColor="#FF000000">
											<Point X="204.56686" Y="70.87543" />
											<Point X="360.9381" Y="70.87543" />
										</PolyLine>
										<PolyLine LineColor="#FF000000">
											<Point X="360.9381" Y="70.87543" />
											<Point X="361.53494" Y="70.278564" />
										</PolyLine>
									</PathFigure>
								</Path>
							</Clip>
							<Path FillMode="Winding" RenderTransform="1 0 0 -1 0 842">
								<Brush>
									<SolidBrush Color="#FF6D6E71" />
								</Brush>
								<PathFigure IsClosed="True">
									<PolyLine LineColor="#FF000000">
										<Point X="204.56686" Y="771.72144" />
										<Point X="205.1637" Y="771.72144" />
									</PolyLine>
									<PolyLine LineColor="#FF000000">
										<Point X="205.1637" Y="771.72144" />
										<Point X="205.1637" Y="771.1246" />
									</PolyLine>
									<PolyLine LineColor="#FF000000">
										<Point X="205.1637" Y="771.1246" />
										<Point X="204.56686" Y="771.1246" />
									</PolyLine>
								</PathFigure>
							</Path>
							<Path FillMode="Winding" RenderTransform="1 0 0 -1 0 842">
								<Brush>
									<SolidBrush Color="#FF6D6E71" />
								</Brush>
								<PathFigure IsClosed="True">
									<PolyLine LineColor="#FF000000">
										<Point X="360.9381" Y="771.72144" />
										<Point X="361.53494" Y="771.72144" />
									</PolyLine>
									<PolyLine LineColor="#FF000000">
										<Point X="361.53494" Y="771.72144" />
										<Point X="361.53494" Y="771.1246" />
									</PolyLine>
									<PolyLine LineColor="#FF000000">
										<Point X="361.53494" Y="771.1246" />
										<Point X="360.9381" Y="771.1246" />
									</PolyLine>
								</PathFigure>
							</Path>
							<Path FillMode="Alternate" RenderTransform="1 0 0 -1 0 842">
								<Pen Alignment="Center" DashCap="Flat" DashOffset="0" DashPattern="0.5968368 0.5968368" DashStyle="Custom" EndCap="Flat" LineJoin="Miter" MiterLimit="10" StartCap="Flat" Width="0.5968368">
									<Brush>
										<SolidBrush Color="#FF6D6E71" />
									</Brush>
								</Pen>
								<PathFigure IsClosed="False">
									<PolyLine LineColor="#FF000000">
										<Point X="205.1637" Y="771.423" />
										<Point X="360.9381" Y="771.423" />
									</PolyLine>
								</PathFigure>
							</Path>
						</Canvas>
					</Canvas>
					<Canvas>
						<Clip>
							<Path FillMode="Alternate">
								<PathFigure IsClosed="True">
									<PolyLine LineColor="#FF000000">
										<Point X="28.5" Y="28.5" />
										<Point X="566.25" Y="28.5" />
									</PolyLine>
									<PolyLine LineColor="#FF000000">
										<Point X="566.25" Y="28.5" />
										<Point X="566.25" Y="813.3404" />
									</PolyLine>
									<PolyLine LineColor="#FF000000">
										<Point X="566.25" Y="813.3404" />
										<Point X="28.5" Y="813.3404" />
									</PolyLine>
									<PolyLine LineColor="#FF000000">
										<Point X="28.5" Y="813.3404" />
										<Point X="28.5" Y="28.5" />
									</PolyLine>
								</PathFigure>
							</Path>
						</Clip>
						<Path FillMode="Winding" RenderTransform="1 0 0 -1 0 842">
							<Brush>
								<SolidBrush Color="#FF939598" />
							</Brush>
							<PathFigure IsClosed="True">
								<PolyLine LineColor="#FF000000">
									<Point X="360.9381" Y="771.1246" />
									<Point X="360.9381" Y="749.6384" />
								</PolyLine>
								<PolyLine LineColor="#FF000000">
									<Point X="360.9381" Y="749.6384" />
									<Point X="361.53494" Y="749.6384" />
								</PolyLine>
								<PolyLine LineColor="#FF000000">
									<Point X="361.53494" Y="749.6384" />
									<Point X="361.53494" Y="771.72144" />
								</PolyLine>
								<PolyLine LineColor="#FF000000">
									<Point X="361.53494" Y="771.72144" />
									<Point X="360.9381" Y="771.1246" />
								</PolyLine>
							</PathFigure>
						</Path>
					</Canvas>
					<Canvas>
						<Clip>
							<Path FillMode="Alternate">
								<PathFigure IsClosed="True">
									<PolyLine LineColor="#FF000000">
										<Point X="28.5" Y="28.5" />
										<Point X="566.25" Y="28.5" />
									</PolyLine>
									<PolyLine LineColor="#FF000000">
										<Point X="566.25" Y="28.5" />
										<Point X="566.25" Y="813.3404" />
									</PolyLine>
									<PolyLine LineColor="#FF000000">
										<Point X="566.25" Y="813.3404" />
										<Point X="28.5" Y="813.3404" />
									</PolyLine>
									<PolyLine LineColor="#FF000000">
										<Point X="28.5" Y="813.3404" />
										<Point X="28.5" Y="28.5" />
									</PolyLine>
								</PathFigure>
							</Path>
						</Clip>
						<Canvas>
							<Clip>
								<Path FillMode="Winding">
									<PathFigure IsClosed="False">
										<PolyLine LineColor="#FF000000">
											<Point X="362.72864" Y="70.278564" />
											<Point X="362.72864" Y="70.87543" />
										</PolyLine>
										<PolyLine LineColor="#FF000000">
											<Point X="362.72864" Y="70.87543" />
											<Point X="542.3765" Y="70.87543" />
										</PolyLine>
										<PolyLine LineColor="#FF000000">
											<Point X="542.3765" Y="70.87543" />
											<Point X="542.3765" Y="70.278564" />
										</PolyLine>
									</PathFigure>
								</Path>
							</Clip>
							<Path FillMode="Winding" RenderTransform="1 0 0 -1 0 842">
								<Brush>
									<SolidBrush Color="#FF6D6E71" />
								</Brush>
								<PathFigure IsClosed="True">
									<PolyLine LineColor="#FF000000">
										<Point X="362.7286" Y="771.72144" />
										<Point X="363.32544" Y="771.72144" />
									</PolyLine>
									<PolyLine LineColor="#FF000000">
										<Point X="363.32544" Y="771.72144" />
										<Point X="363.32544" Y="771.1246" />
									</PolyLine>
									<PolyLine LineColor="#FF000000">
										<Point X="363.32544" Y="771.1246" />
										<Point X="362.7286" Y="771.1246" />
									</PolyLine>
								</PathFigure>
							</Path>
							<Path FillMode="Winding" RenderTransform="1 0 0 -1 0 842">
								<Brush>
									<SolidBrush Color="#FF6D6E71" />
								</Brush>
								<PathFigure IsClosed="True">
									<PolyLine LineColor="#FF000000">
										<Point X="541.77966" Y="771.72144" />
										<Point X="542.37646" Y="771.72144" />
									</PolyLine>
									<PolyLine LineColor="#FF000000">
										<Point X="542.37646" Y="771.72144" />
										<Point X="542.37646" Y="771.1246" />
									</PolyLine>
									<PolyLine LineColor="#FF000000">
										<Point X="542.37646" Y="771.1246" />
										<Point X="541.77966" Y="771.1246" />
									</PolyLine>
								</PathFigure>
							</Path>
							<Path FillMode="Alternate" RenderTransform="1 0 0 -1 0 842">
								<Pen Alignment="Center" DashCap="Flat" DashOffset="0" DashPattern="0.5968368 0.5968368" DashStyle="Custom" EndCap="Flat" LineJoin="Miter" MiterLimit="10" StartCap="Flat" Width="0.5968368">
									<Brush>
										<SolidBrush Color="#FF6D6E71" />
									</Brush>
								</Pen>
								<PathFigure IsClosed="False">
									<PolyLine LineColor="#FF000000">
										<Point X="363.32544" Y="771.423" />
										<Point X="541.77966" Y="771.423" />
									</PolyLine>
								</PathFigure>
							</Path>
						</Canvas>
					</Canvas>
					<Canvas>
						<Clip>
							<Path FillMode="Alternate">
								<PathFigure IsClosed="True">
									<PolyLine LineColor="#FF000000">
										<Point X="28.5" Y="28.5" />
										<Point X="566.25" Y="28.5" />
									</PolyLine>
									<PolyLine LineColor="#FF000000">
										<Point X="566.25" Y="28.5" />
										<Point X="566.25" Y="813.3404" />
									</PolyLine>
									<PolyLine LineColor="#FF000000">
										<Point X="566.25" Y="813.3404" />
										<Point X="28.5" Y="813.3404" />
									</PolyLine>
									<PolyLine LineColor="#FF000000">
										<Point X="28.5" Y="813.3404" />
										<Point X="28.5" Y="28.5" />
									</PolyLine>
								</PathFigure>
							</Path>
						</Clip>
					</Canvas>
					<Canvas>
						<Clip>
							<Path FillMode="Alternate">
								<PathFigure IsClosed="True">
									<PolyLine LineColor="#FF000000">
										<Point X="28.5" Y="28.5" />
										<Point X="566.25" Y="28.5" />
									</PolyLine>
									<PolyLine LineColor="#FF000000">
										<Point X="566.25" Y="28.5" />
										<Point X="566.25" Y="813.3404" />
									</PolyLine>
									<PolyLine LineColor="#FF000000">
										<Point X="566.25" Y="813.3404" />
										<Point X="28.5" Y="813.3404" />
									</PolyLine>
									<PolyLine LineColor="#FF000000">
										<Point X="28.5" Y="813.3404" />
										<Point X="28.5" Y="28.5" />
									</PolyLine>
								</PathFigure>
							</Path>
						</Clip>
						<Canvas>
							<Clip>
								<Path FillMode="Winding">
									<PathFigure IsClosed="False">
										<PolyLine LineColor="#FF000000">
											<Point X="204.56686" Y="93.55524" />
											<Point X="204.56686" Y="94.15204" />
										</PolyLine>
										<PolyLine LineColor="#FF000000">
											<Point X="204.56686" Y="94.15204" />
											<Point X="360.9381" Y="94.15204" />
										</PolyLine>
										<PolyLine LineColor="#FF000000">
											<Point X="360.9381" Y="94.15204" />
											<Point X="361.53494" Y="93.55524" />
										</PolyLine>
									</PathFigure>
								</Path>
							</Clip>
							<Path FillMode="Winding" RenderTransform="1 0 0 -1 0 842">
								<Brush>
									<SolidBrush Color="#FF6D6E71" />
								</Brush>
								<PathFigure IsClosed="True">
									<PolyLine LineColor="#FF000000">
										<Point X="204.56686" Y="748.44476" />
										<Point X="205.1637" Y="748.44476" />
									</PolyLine>
									<PolyLine LineColor="#FF000000">
										<Point X="205.1637" Y="748.44476" />
										<Point X="205.1637" Y="747.84796" />
									</PolyLine>
									<PolyLine LineColor="#FF000000">
										<Point X="205.1637" Y="747.84796" />
										<Point X="204.56686" Y="747.84796" />
									</PolyLine>
								</PathFigure>
							</Path>
							<Path FillMode="Winding" RenderTransform="1 0 0 -1 0 842">
								<Brush>
									<SolidBrush Color="#FF6D6E71" />
								</Brush>
								<PathFigure IsClosed="True">
									<PolyLine LineColor="#FF000000">
										<Point X="360.9381" Y="748.44476" />
										<Point X="361.53494" Y="748.44476" />
									</PolyLine>
									<PolyLine LineColor="#FF000000">
										<Point X="361.53494" Y="748.44476" />
										<Point X="361.53494" Y="747.84796" />
									</PolyLine>
									<PolyLine LineColor="#FF000000">
										<Point X="361.53494" Y="747.84796" />
										<Point X="360.9381" Y="747.84796" />
									</PolyLine>
								</PathFigure>
							</Path>
							<Path FillMode="Alternate" RenderTransform="1 0 0 -1 0 842">
								<Pen Alignment="Center" DashCap="Flat" DashOffset="0" DashPattern="0.5968368 0.5968368" DashStyle="Custom" EndCap="Flat" LineJoin="Miter" MiterLimit="10" StartCap="Flat" Width="0.5968368">
									<Brush>
										<SolidBrush Color="#FF6D6E71" />
									</Brush>
								</Pen>
								<PathFigure IsClosed="False">
									<PolyLine LineColor="#FF000000">
										<Point X="205.1637" Y="748.14636" />
										<Point X="360.9381" Y="748.14636" />
									</PolyLine>
								</PathFigure>
							</Path>
						</Canvas>
					</Canvas>
					<Canvas>
						<Clip>
							<Path FillMode="Alternate">
								<PathFigure IsClosed="True">
									<PolyLine LineColor="#FF000000">
										<Point X="28.5" Y="28.5" />
										<Point X="566.25" Y="28.5" />
									</PolyLine>
									<PolyLine LineColor="#FF000000">
										<Point X="566.25" Y="28.5" />
										<Point X="566.25" Y="813.3404" />
									</PolyLine>
									<PolyLine LineColor="#FF000000">
										<Point X="566.25" Y="813.3404" />
										<Point X="28.5" Y="813.3404" />
									</PolyLine>
									<PolyLine LineColor="#FF000000">
										<Point X="28.5" Y="813.3404" />
										<Point X="28.5" Y="28.5" />
									</PolyLine>
								</PathFigure>
							</Path>
						</Clip>
						<Path FillMode="Winding" RenderTransform="1 0 0 -1 0 842">
							<Brush>
								<SolidBrush Color="#FF939598" />
							</Brush>
							<PathFigure IsClosed="True">
								<PolyLine LineColor="#FF000000">
									<Point X="360.9381" Y="747.84796" />
									<Point X="360.9381" Y="735.9112" />
								</PolyLine>
								<PolyLine LineColor="#FF000000">
									<Point X="360.9381" Y="735.9112" />
									<Point X="361.53494" Y="735.9112" />
								</PolyLine>
								<PolyLine LineColor="#FF000000">
									<Point X="361.53494" Y="735.9112" />
									<Point X="361.53494" Y="748.44476" />
								</PolyLine>
								<PolyLine LineColor="#FF000000">
									<Point X="361.53494" Y="748.44476" />
									<Point X="360.9381" Y="747.84796" />
								</PolyLine>
							</PathFigure>
						</Path>
					</Canvas>
					<Canvas>
						<Clip>
							<Path FillMode="Alternate">
								<PathFigure IsClosed="True">
									<PolyLine LineColor="#FF000000">
										<Point X="28.5" Y="28.5" />
										<Point X="566.25" Y="28.5" />
									</PolyLine>
									<PolyLine LineColor="#FF000000">
										<Point X="566.25" Y="28.5" />
										<Point X="566.25" Y="813.3404" />
									</PolyLine>
									<PolyLine LineColor="#FF000000">
										<Point X="566.25" Y="813.3404" />
										<Point X="28.5" Y="813.3404" />
									</PolyLine>
									<PolyLine LineColor="#FF000000">
										<Point X="28.5" Y="813.3404" />
										<Point X="28.5" Y="28.5" />
									</PolyLine>
								</PathFigure>
							</Path>
						</Clip>
						<Canvas>
							<Clip>
								<Path FillMode="Winding">
									<PathFigure IsClosed="False">
										<PolyLine LineColor="#FF000000">
											<Point X="362.72864" Y="93.55524" />
											<Point X="362.72864" Y="94.15204" />
										</PolyLine>
										<PolyLine LineColor="#FF000000">
											<Point X="362.72864" Y="94.15204" />
											<Point X="542.3765" Y="94.15204" />
										</PolyLine>
										<PolyLine LineColor="#FF000000">
											<Point X="542.3765" Y="94.15204" />
											<Point X="542.3765" Y="93.55524" />
										</PolyLine>
									</PathFigure>
								</Path>
							</Clip>
							<Path FillMode="Winding" RenderTransform="1 0 0 -1 0 842">
								<Brush>
									<SolidBrush Color="#FF6D6E71" />
								</Brush>
								<PathFigure IsClosed="True">
									<PolyLine LineColor="#FF000000">
										<Point X="362.7286" Y="748.44476" />
										<Point X="363.32544" Y="748.44476" />
									</PolyLine>
									<PolyLine LineColor="#FF000000">
										<Point X="363.32544" Y="748.44476" />
										<Point X="363.32544" Y="747.84796" />
									</PolyLine>
									<PolyLine LineColor="#FF000000">
										<Point X="363.32544" Y="747.84796" />
										<Point X="362.7286" Y="747.84796" />
									</PolyLine>
								</PathFigure>
							</Path>
							<Path FillMode="Winding" RenderTransform="1 0 0 -1 0 842">
								<Brush>
									<SolidBrush Color="#FF6D6E71" />
								</Brush>
								<PathFigure IsClosed="True">
									<PolyLine LineColor="#FF000000">
										<Point X="541.77966" Y="748.44476" />
										<Point X="542.37646" Y="748.44476" />
									</PolyLine>
									<PolyLine LineColor="#FF000000">
										<Point X="542.37646" Y="748.44476" />
										<Point X="542.37646" Y="747.84796" />
									</PolyLine>
									<PolyLine LineColor="#FF000000">
										<Point X="542.37646" Y="747.84796" />
										<Point X="541.77966" Y="747.84796" />
									</PolyLine>
								</PathFigure>
							</Path>
							<Path FillMode="Alternate" RenderTransform="1 0 0 -1 0 842">
								<Pen Alignment="Center" DashCap="Flat" DashOffset="0" DashPattern="0.5968368 0.5968368" DashStyle="Custom" EndCap="Flat" LineJoin="Miter" MiterLimit="10" StartCap="Flat" Width="0.5968368">
									<Brush>
										<SolidBrush Color="#FF6D6E71" />
									</Brush>
								</Pen>
								<PathFigure IsClosed="False">
									<PolyLine LineColor="#FF000000">
										<Point X="363.32544" Y="748.14636" />
										<Point X="541.77966" Y="748.14636" />
									</PolyLine>
								</PathFigure>
							</Path>
						</Canvas>
					</Canvas>
					<Canvas>
						<Clip>
							<Path FillMode="Alternate">
								<PathFigure IsClosed="True">
									<PolyLine LineColor="#FF000000">
										<Point X="28.5" Y="28.5" />
										<Point X="566.25" Y="28.5" />
									</PolyLine>
									<PolyLine LineColor="#FF000000">
										<Point X="566.25" Y="28.5" />
										<Point X="566.25" Y="813.3404" />
									</PolyLine>
									<PolyLine LineColor="#FF000000">
										<Point X="566.25" Y="813.3404" />
										<Point X="28.5" Y="813.3404" />
									</PolyLine>
									<PolyLine LineColor="#FF000000">
										<Point X="28.5" Y="813.3404" />
										<Point X="28.5" Y="28.5" />
									</PolyLine>
								</PathFigure>
							</Path>
						</Clip>
					</Canvas>
					<Canvas>
						<Clip>
							<Path FillMode="Alternate">
								<PathFigure IsClosed="True">
									<PolyLine LineColor="#FF000000">
										<Point X="28.5" Y="28.5" />
										<Point X="566.25" Y="28.5" />
									</PolyLine>
									<PolyLine LineColor="#FF000000">
										<Point X="566.25" Y="28.5" />
										<Point X="566.25" Y="813.3404" />
									</PolyLine>
									<PolyLine LineColor="#FF000000">
										<Point X="566.25" Y="813.3404" />
										<Point X="28.5" Y="813.3404" />
									</PolyLine>
									<PolyLine LineColor="#FF000000">
										<Point X="28.5" Y="813.3404" />
										<Point X="28.5" Y="28.5" />
									</PolyLine>
								</PathFigure>
							</Path>
						</Clip>
						<Canvas>
							<Clip>
								<Path FillMode="Winding">
									<PathFigure IsClosed="False">
										<PolyLine LineColor="#FF000000">
											<Point X="204.56686" Y="107.28247" />
											<Point X="204.56686" Y="107.87927" />
										</PolyLine>
										<PolyLine LineColor="#FF000000">
											<Point X="204.56686" Y="107.87927" />
											<Point X="360.9381" Y="107.87927" />
										</PolyLine>
										<PolyLine LineColor="#FF000000">
											<Point X="360.9381" Y="107.87927" />
											<Point X="361.53494" Y="107.28247" />
										</PolyLine>
									</PathFigure>
								</Path>
							</Clip>
							<Path FillMode="Winding" RenderTransform="1 0 0 -1 0 842">
								<Brush>
									<SolidBrush Color="#FF6D6E71" />
								</Brush>
								<PathFigure IsClosed="True">
									<PolyLine LineColor="#FF000000">
										<Point X="204.56686" Y="734.7175" />
										<Point X="205.1637" Y="734.7175" />
									</PolyLine>
									<PolyLine LineColor="#FF000000">
										<Point X="205.1637" Y="734.7175" />
										<Point X="205.1637" Y="734.1207" />
									</PolyLine>
									<PolyLine LineColor="#FF000000">
										<Point X="205.1637" Y="734.1207" />
										<Point X="204.56686" Y="734.1207" />
									</PolyLine>
								</PathFigure>
							</Path>
							<Path FillMode="Winding" RenderTransform="1 0 0 -1 0 842">
								<Brush>
									<SolidBrush Color="#FF6D6E71" />
								</Brush>
								<PathFigure IsClosed="True">
									<PolyLine LineColor="#FF000000">
										<Point X="360.9381" Y="734.7175" />
										<Point X="361.53494" Y="734.7175" />
									</PolyLine>
									<PolyLine LineColor="#FF000000">
										<Point X="361.53494" Y="734.7175" />
										<Point X="361.53494" Y="734.1207" />
									</PolyLine>
									<PolyLine LineColor="#FF000000">
										<Point X="361.53494" Y="734.1207" />
										<Point X="360.9381" Y="734.1207" />
									</PolyLine>
								</PathFigure>
							</Path>
							<Path FillMode="Alternate" RenderTransform="1 0 0 -1 0 842">
								<Pen Alignment="Center" DashCap="Flat" DashOffset="0" DashPattern="0.5968368 0.5968368" DashStyle="Custom" EndCap="Flat" LineJoin="Miter" MiterLimit="10" StartCap="Flat" Width="0.5968368">
									<Brush>
										<SolidBrush Color="#FF6D6E71" />
									</Brush>
								</Pen>
								<PathFigure IsClosed="False">
									<PolyLine LineColor="#FF000000">
										<Point X="205.1637" Y="734.4191" />
										<Point X="360.9381" Y="734.4191" />
									</PolyLine>
								</PathFigure>
							</Path>
						</Canvas>
					</Canvas>
					<Canvas>
						<Clip>
							<Path FillMode="Alternate">
								<PathFigure IsClosed="True">
									<PolyLine LineColor="#FF000000">
										<Point X="28.5" Y="28.5" />
										<Point X="566.25" Y="28.5" />
									</PolyLine>
									<PolyLine LineColor="#FF000000">
										<Point X="566.25" Y="28.5" />
										<Point X="566.25" Y="813.3404" />
									</PolyLine>
									<PolyLine LineColor="#FF000000">
										<Point X="566.25" Y="813.3404" />
										<Point X="28.5" Y="813.3404" />
									</PolyLine>
									<PolyLine LineColor="#FF000000">
										<Point X="28.5" Y="813.3404" />
										<Point X="28.5" Y="28.5" />
									</PolyLine>
								</PathFigure>
							</Path>
						</Clip>
						<Path FillMode="Winding" RenderTransform="1 0 0 -1 0 842">
							<Brush>
								<SolidBrush Color="#FF939598" />
							</Brush>
							<PathFigure IsClosed="True">
								<PolyLine LineColor="#FF000000">
									<Point X="360.9381" Y="734.1207" />
									<Point X="360.9381" Y="701.89154" />
								</PolyLine>
								<PolyLine LineColor="#FF000000">
									<Point X="360.9381" Y="701.89154" />
									<Point X="361.53494" Y="701.89154" />
								</PolyLine>
								<PolyLine LineColor="#FF000000">
									<Point X="361.53494" Y="701.89154" />
									<Point X="361.53494" Y="734.7175" />
								</PolyLine>
								<PolyLine LineColor="#FF000000">
									<Point X="361.53494" Y="734.7175" />
									<Point X="360.9381" Y="734.1207" />
								</PolyLine>
							</PathFigure>
						</Path>
					</Canvas>
					<Canvas>
						<Clip>
							<Path FillMode="Alternate">
								<PathFigure IsClosed="True">
									<PolyLine LineColor="#FF000000">
										<Point X="28.5" Y="28.5" />
										<Point X="566.25" Y="28.5" />
									</PolyLine>
									<PolyLine LineColor="#FF000000">
										<Point X="566.25" Y="28.5" />
										<Point X="566.25" Y="813.3404" />
									</PolyLine>
									<PolyLine LineColor="#FF000000">
										<Point X="566.25" Y="813.3404" />
										<Point X="28.5" Y="813.3404" />
									</PolyLine>
									<PolyLine LineColor="#FF000000">
										<Point X="28.5" Y="813.3404" />
										<Point X="28.5" Y="28.5" />
									</PolyLine>
								</PathFigure>
							</Path>
						</Clip>
						<Canvas>
							<Clip>
								<Path FillMode="Winding">
									<PathFigure IsClosed="False">
										<PolyLine LineColor="#FF000000">
											<Point X="362.72864" Y="107.28247" />
											<Point X="362.72864" Y="107.87927" />
										</PolyLine>
										<PolyLine LineColor="#FF000000">
											<Point X="362.72864" Y="107.87927" />
											<Point X="542.3765" Y="107.87927" />
										</PolyLine>
										<PolyLine LineColor="#FF000000">
											<Point X="542.3765" Y="107.87927" />
											<Point X="542.3765" Y="107.28247" />
										</PolyLine>
									</PathFigure>
								</Path>
							</Clip>
							<Path FillMode="Winding" RenderTransform="1 0 0 -1 0 842">
								<Brush>
									<SolidBrush Color="#FF6D6E71" />
								</Brush>
								<PathFigure IsClosed="True">
									<PolyLine LineColor="#FF000000">
										<Point X="362.7286" Y="734.7175" />
										<Point X="363.32544" Y="734.7175" />
									</PolyLine>
									<PolyLine LineColor="#FF000000">
										<Point X="363.32544" Y="734.7175" />
										<Point X="363.32544" Y="734.1207" />
									</PolyLine>
									<PolyLine LineColor="#FF000000">
										<Point X="363.32544" Y="734.1207" />
										<Point X="362.7286" Y="734.1207" />
									</PolyLine>
								</PathFigure>
							</Path>
							<Path FillMode="Winding" RenderTransform="1 0 0 -1 0 842">
								<Brush>
									<SolidBrush Color="#FF6D6E71" />
								</Brush>
								<PathFigure IsClosed="True">
									<PolyLine LineColor="#FF000000">
										<Point X="541.77966" Y="734.7175" />
										<Point X="542.37646" Y="734.7175" />
									</PolyLine>
									<PolyLine LineColor="#FF000000">
										<Point X="542.37646" Y="734.7175" />
										<Point X="542.37646" Y="734.1207" />
									</PolyLine>
									<PolyLine LineColor="#FF000000">
										<Point X="542.37646" Y="734.1207" />
										<Point X="541.77966" Y="734.1207" />
									</PolyLine>
								</PathFigure>
							</Path>
							<Path FillMode="Alternate" RenderTransform="1 0 0 -1 0 842">
								<Pen Alignment="Center" DashCap="Flat" DashOffset="0" DashPattern="0.5968368 0.5968368" DashStyle="Custom" EndCap="Flat" LineJoin="Miter" MiterLimit="10" StartCap="Flat" Width="0.5968368">
									<Brush>
										<SolidBrush Color="#FF6D6E71" />
									</Brush>
								</Pen>
								<PathFigure IsClosed="False">
									<PolyLine LineColor="#FF000000">
										<Point X="363.32544" Y="734.4191" />
										<Point X="541.77966" Y="734.4191" />
									</PolyLine>
								</PathFigure>
							</Path>
						</Canvas>
					</Canvas>
					<Canvas>
						<Clip>
							<Path FillMode="Alternate">
								<PathFigure IsClosed="True">
									<PolyLine LineColor="#FF000000">
										<Point X="28.5" Y="28.5" />
										<Point X="566.25" Y="28.5" />
									</PolyLine>
									<PolyLine LineColor="#FF000000">
										<Point X="566.25" Y="28.5" />
										<Point X="566.25" Y="813.3404" />
									</PolyLine>
									<PolyLine LineColor="#FF000000">
										<Point X="566.25" Y="813.3404" />
										<Point X="28.5" Y="813.3404" />
									</PolyLine>
									<PolyLine LineColor="#FF000000">
										<Point X="28.5" Y="813.3404" />
										<Point X="28.5" Y="28.5" />
									</PolyLine>
								</PathFigure>
							</Path>
						</Clip>
					</Canvas>
					<Canvas>
						<Clip>
							<Path FillMode="Alternate">
								<PathFigure IsClosed="True">
									<PolyLine LineColor="#FF000000">
										<Point X="28.5" Y="28.5" />
										<Point X="566.25" Y="28.5" />
									</PolyLine>
									<PolyLine LineColor="#FF000000">
										<Point X="566.25" Y="28.5" />
										<Point X="566.25" Y="813.3404" />
									</PolyLine>
									<PolyLine LineColor="#FF000000">
										<Point X="566.25" Y="813.3404" />
										<Point X="28.5" Y="813.3404" />
									</PolyLine>
									<PolyLine LineColor="#FF000000">
										<Point X="28.5" Y="813.3404" />
										<Point X="28.5" Y="28.5" />
									</PolyLine>
								</PathFigure>
							</Path>
						</Clip>
						<Canvas>
							<Clip>
								<Path FillMode="Winding">
									<PathFigure IsClosed="False">
										<PolyLine LineColor="#FF000000">
											<Point X="204.56686" Y="141.30212" />
											<Point X="204.56686" Y="141.89899" />
										</PolyLine>
										<PolyLine LineColor="#FF000000">
											<Point X="204.56686" Y="141.89899" />
											<Point X="360.9381" Y="141.89899" />
										</PolyLine>
										<PolyLine LineColor="#FF000000">
											<Point X="360.9381" Y="141.89899" />
											<Point X="361.53494" Y="141.30212" />
										</PolyLine>
									</PathFigure>
								</Path>
							</Clip>
							<Path FillMode="Winding" RenderTransform="1 0 0 -1 0 842">
								<Brush>
									<SolidBrush Color="#FF6D6E71" />
								</Brush>
								<PathFigure IsClosed="True">
									<PolyLine LineColor="#FF000000">
										<Point X="204.56686" Y="700.6979" />
										<Point X="205.1637" Y="700.6979" />
									</PolyLine>
									<PolyLine LineColor="#FF000000">
										<Point X="205.1637" Y="700.6979" />
										<Point X="205.1637" Y="700.101" />
									</PolyLine>
									<PolyLine LineColor="#FF000000">
										<Point X="205.1637" Y="700.101" />
										<Point X="204.56686" Y="700.101" />
									</PolyLine>
								</PathFigure>
							</Path>
							<Path FillMode="Winding" RenderTransform="1 0 0 -1 0 842">
								<Brush>
									<SolidBrush Color="#FF6D6E71" />
								</Brush>
								<PathFigure IsClosed="True">
									<PolyLine LineColor="#FF000000">
										<Point X="360.9381" Y="700.6979" />
										<Point X="361.53494" Y="700.6979" />
									</PolyLine>
									<PolyLine LineColor="#FF000000">
										<Point X="361.53494" Y="700.6979" />
										<Point X="361.53494" Y="700.101" />
									</PolyLine>
									<PolyLine LineColor="#FF000000">
										<Point X="361.53494" Y="700.101" />
										<Point X="360.9381" Y="700.101" />
									</PolyLine>
								</PathFigure>
							</Path>
							<Path FillMode="Alternate" RenderTransform="1 0 0 -1 0 842">
								<Pen Alignment="Center" DashCap="Flat" DashOffset="0" DashPattern="0.5968368 0.5968368" DashStyle="Custom" EndCap="Flat" LineJoin="Miter" MiterLimit="10" StartCap="Flat" Width="0.5968368">
									<Brush>
										<SolidBrush Color="#FF6D6E71" />
									</Brush>
								</Pen>
								<PathFigure IsClosed="False">
									<PolyLine LineColor="#FF000000">
										<Point X="205.1637" Y="700.3994" />
										<Point X="360.9381" Y="700.3994" />
									</PolyLine>
								</PathFigure>
							</Path>
						</Canvas>
					</Canvas>
					<Canvas>
						<Clip>
							<Path FillMode="Alternate">
								<PathFigure IsClosed="True">
									<PolyLine LineColor="#FF000000">
										<Point X="28.5" Y="28.5" />
										<Point X="566.25" Y="28.5" />
									</PolyLine>
									<PolyLine LineColor="#FF000000">
										<Point X="566.25" Y="28.5" />
										<Point X="566.25" Y="813.3404" />
									</PolyLine>
									<PolyLine LineColor="#FF000000">
										<Point X="566.25" Y="813.3404" />
										<Point X="28.5" Y="813.3404" />
									</PolyLine>
									<PolyLine LineColor="#FF000000">
										<Point X="28.5" Y="813.3404" />
										<Point X="28.5" Y="28.5" />
									</PolyLine>
								</PathFigure>
							</Path>
						</Clip>
						<Path FillMode="Winding" RenderTransform="1 0 0 -1 0 842">
							<Brush>
								<SolidBrush Color="#FF939598" />
							</Brush>
							<PathFigure IsClosed="True">
								<PolyLine LineColor="#FF000000">
									<Point X="360.9381" Y="700.101" />
									<Point X="360.9381" Y="678.61487" />
								</PolyLine>
								<PolyLine LineColor="#FF000000">
									<Point X="360.9381" Y="678.61487" />
									<Point X="361.53494" Y="678.61487" />
								</PolyLine>
								<PolyLine LineColor="#FF000000">
									<Point X="361.53494" Y="678.61487" />
									<Point X="361.53494" Y="700.6979" />
								</PolyLine>
								<PolyLine LineColor="#FF000000">
									<Point X="361.53494" Y="700.6979" />
									<Point X="360.9381" Y="700.101" />
								</PolyLine>
							</PathFigure>
						</Path>
					</Canvas>
					<Canvas>
						<Clip>
							<Path FillMode="Alternate">
								<PathFigure IsClosed="True">
									<PolyLine LineColor="#FF000000">
										<Point X="28.5" Y="28.5" />
										<Point X="566.25" Y="28.5" />
									</PolyLine>
									<PolyLine LineColor="#FF000000">
										<Point X="566.25" Y="28.5" />
										<Point X="566.25" Y="813.3404" />
									</PolyLine>
									<PolyLine LineColor="#FF000000">
										<Point X="566.25" Y="813.3404" />
										<Point X="28.5" Y="813.3404" />
									</PolyLine>
									<PolyLine LineColor="#FF000000">
										<Point X="28.5" Y="813.3404" />
										<Point X="28.5" Y="28.5" />
									</PolyLine>
								</PathFigure>
							</Path>
						</Clip>
						<Canvas>
							<Clip>
								<Path FillMode="Winding">
									<PathFigure IsClosed="False">
										<PolyLine LineColor="#FF000000">
											<Point X="362.72864" Y="141.30212" />
											<Point X="362.72864" Y="141.89899" />
										</PolyLine>
										<PolyLine LineColor="#FF000000">
											<Point X="362.72864" Y="141.89899" />
											<Point X="542.3765" Y="141.89899" />
										</PolyLine>
										<PolyLine LineColor="#FF000000">
											<Point X="542.3765" Y="141.89899" />
											<Point X="542.3765" Y="141.30212" />
										</PolyLine>
									</PathFigure>
								</Path>
							</Clip>
							<Path FillMode="Winding" RenderTransform="1 0 0 -1 0 842">
								<Brush>
									<SolidBrush Color="#FF6D6E71" />
								</Brush>
								<PathFigure IsClosed="True">
									<PolyLine LineColor="#FF000000">
										<Point X="362.7286" Y="700.6979" />
										<Point X="363.32544" Y="700.6979" />
									</PolyLine>
									<PolyLine LineColor="#FF000000">
										<Point X="363.32544" Y="700.6979" />
										<Point X="363.32544" Y="700.101" />
									</PolyLine>
									<PolyLine LineColor="#FF000000">
										<Point X="363.32544" Y="700.101" />
										<Point X="362.7286" Y="700.101" />
									</PolyLine>
								</PathFigure>
							</Path>
							<Path FillMode="Winding" RenderTransform="1 0 0 -1 0 842">
								<Brush>
									<SolidBrush Color="#FF6D6E71" />
								</Brush>
								<PathFigure IsClosed="True">
									<PolyLine LineColor="#FF000000">
										<Point X="541.77966" Y="700.6979" />
										<Point X="542.37646" Y="700.6979" />
									</PolyLine>
									<PolyLine LineColor="#FF000000">
										<Point X="542.37646" Y="700.6979" />
										<Point X="542.37646" Y="700.101" />
									</PolyLine>
									<PolyLine LineColor="#FF000000">
										<Point X="542.37646" Y="700.101" />
										<Point X="541.77966" Y="700.101" />
									</PolyLine>
								</PathFigure>
							</Path>
							<Path FillMode="Alternate" RenderTransform="1 0 0 -1 0 842">
								<Pen Alignment="Center" DashCap="Flat" DashOffset="0" DashPattern="0.5968368 0.5968368" DashStyle="Custom" EndCap="Flat" LineJoin="Miter" MiterLimit="10" StartCap="Flat" Width="0.5968368">
									<Brush>
										<SolidBrush Color="#FF6D6E71" />
									</Brush>
								</Pen>
								<PathFigure IsClosed="False">
									<PolyLine LineColor="#FF000000">
										<Point X="363.32544" Y="700.3994" />
										<Point X="541.77966" Y="700.3994" />
									</PolyLine>
								</PathFigure>
							</Path>
						</Canvas>
					</Canvas>
					<Canvas>
						<Clip>
							<Path FillMode="Alternate">
								<PathFigure IsClosed="True">
									<PolyLine LineColor="#FF000000">
										<Point X="28.5" Y="28.5" />
										<Point X="566.25" Y="28.5" />
									</PolyLine>
									<PolyLine LineColor="#FF000000">
										<Point X="566.25" Y="28.5" />
										<Point X="566.25" Y="813.3404" />
									</PolyLine>
									<PolyLine LineColor="#FF000000">
										<Point X="566.25" Y="813.3404" />
										<Point X="28.5" Y="813.3404" />
									</PolyLine>
									<PolyLine LineColor="#FF000000">
										<Point X="28.5" Y="813.3404" />
										<Point X="28.5" Y="28.5" />
									</PolyLine>
								</PathFigure>
							</Path>
						</Clip>
						<Glyphs OutlineWidth="0.5" CharSpace="0" RenderTransform="0.5968368 0 -0 0.5968368 209.34155 51.77661">
							<Font SizePoints="15" Style="Regular" FamilyName="CSMVMI+BlissPro" Capitals="Normal" ResourceId="2" />
							<Origin X="0" Y="0" />
							<Text>Н</Text>
							<Size Width="10.365" Height="8.745116" />
							<Brush>
								<SolidBrush Color="#FF6D6E71" />
							</Brush>
							<Tag>convertedFont</Tag>
						</Glyphs>
						<Glyphs OutlineWidth="0.5" CharSpace="0" RenderTransform="0.5968368 0 -0 0.5968368 215.58037 51.77661">
							<Font SizePoints="15" Style="Regular" FamilyName="CSMVMI+BlissPro" Capitals="Normal" ResourceId="2" />
							<Origin X="0" Y="0" />
							<Text>о</Text>
							<Size Width="7.89" Height="8.745116" />
							<Brush>
								<SolidBrush Color="#FF6D6E71" />
							</Brush>
							<Tag>convertedFont</Tag>
						</Glyphs>
						<Glyphs OutlineWidth="0.5" CharSpace="0" RenderTransform="0.5968368 0 -0 0.5968368 220.31775 51.77661">
							<Font SizePoints="15" Style="Regular" FamilyName="CSMVMI+BlissPro" Capitals="Normal" ResourceId="2" />
							<Origin X="0" Y="0" />
							<Text>м</Text>
							<Size Width="8.97" Height="8.745116" />
							<Brush>
								<SolidBrush Color="#FF6D6E71" />
							</Brush>
							<Tag>convertedFont</Tag>
						</Glyphs>
						<Glyphs OutlineWidth="0.5" CharSpace="0" RenderTransform="0.5968368 0 -0 0.5968368 225.70793 51.77661">
							<Font SizePoints="15" Style="Regular" FamilyName="CSMVMI+BlissPro" Capitals="Normal" ResourceId="2" />
							<Origin X="0" Y="0" />
							<Text>е</Text>
							<Size Width="7.11" Height="8.745116" />
							<Brush>
								<SolidBrush Color="#FF6D6E71" />
							</Brush>
							<Tag>convertedFont</Tag>
						</Glyphs>
						<Glyphs OutlineWidth="0.5" CharSpace="0" RenderTransform="0.5968368 0 -0 0.5968368 229.97905 51.77661">
							<Font SizePoints="15" Style="Regular" FamilyName="CSMVMI+BlissPro" Capitals="Normal" ResourceId="2" />
							<Origin X="0" Y="0" />
							<Text>р</Text>
							<Size Width="7.65" Height="8.745116" />
							<Brush>
								<SolidBrush Color="#FF6D6E71" />
							</Brush>
							<Tag>convertedFont</Tag>
						</Glyphs>
						<Glyphs OutlineWidth="0.5" CharSpace="0" RenderTransform="0.5968368 0 -0 0.5968368 234.57655 51.77661">
							<Font SizePoints="15" Style="Regular" FamilyName="CSMVMI+BlissPro" Capitals="Normal" ResourceId="2" />
							<Origin X="0" Y="0" />
							<Text> </Text>
							<Size Width="3.315" Height="8.745116" />
							<Brush>
								<SolidBrush Color="#FF6D6E71" />
							</Brush>
							<Tag>convertedFont</Tag>
						</Glyphs>
						<Glyphs OutlineWidth="0.5" CharSpace="0" RenderTransform="0.5968368 0 -0 0.5968368 236.57224 51.77661">
							<Font SizePoints="15" Style="Regular" FamilyName="CSMVMI+BlissPro" Capitals="Normal" ResourceId="2" />
							<Origin X="0" Y="0" />
							<Text>к</Text>
							<Size Width="6.96" Height="8.745116" />
							<Brush>
								<SolidBrush Color="#FF6D6E71" />
							</Brush>
							<Tag>convertedFont</Tag>
						</Glyphs>
						<Glyphs OutlineWidth="0.5" CharSpace="0" RenderTransform="0.5968368 0 -0 0.5968368 240.75941 51.77661">
							<Font SizePoints="15" Style="Regular" FamilyName="CSMVMI+BlissPro" Capitals="Normal" ResourceId="2" />
							<Origin X="0" Y="0" />
							<Text>о</Text>
							<Size Width="7.89" Height="8.745116" />
							<Brush>
								<SolidBrush Color="#FF6D6E71" />
							</Brush>
							<Tag>convertedFont</Tag>
						</Glyphs>
						<Glyphs OutlineWidth="0.5" CharSpace="0" RenderTransform="0.5968368 0 -0 0.5968368 245.49681 51.77661">
							<Font SizePoints="15" Style="Regular" FamilyName="CSMVMI+BlissPro" Capitals="Normal" ResourceId="2" />
							<Origin X="0" Y="0" />
							<Text>м</Text>
							<Size Width="8.97" Height="8.745116" />
							<Brush>
								<SolidBrush Color="#FF6D6E71" />
							</Brush>
							<Tag>convertedFont</Tag>
						</Glyphs>
						<Glyphs OutlineWidth="0.5" CharSpace="0" RenderTransform="0.5968368 0 -0 0.5968368 250.887 51.77661">
							<Font SizePoints="15" Style="Regular" FamilyName="CSMVMI+BlissPro" Capitals="Normal" ResourceId="2" />
							<Origin X="0" Y="0" />
							<Text>м</Text>
							<Size Width="8.97" Height="8.745116" />
							<Brush>
								<SolidBrush Color="#FF6D6E71" />
							</Brush>
							<Tag>convertedFont</Tag>
						</Glyphs>
						<Glyphs OutlineWidth="0.5" CharSpace="0" RenderTransform="0.5968368 0 -0 0.5968368 256.27716 51.77661">
							<Font SizePoints="15" Style="Regular" FamilyName="CSMVMI+BlissPro" Capitals="Normal" ResourceId="2" />
							<Origin X="0" Y="0" />
							<Text>е</Text>
							<Size Width="7.11" Height="8.745116" />
							<Brush>
								<SolidBrush Color="#FF6D6E71" />
							</Brush>
							<Tag>convertedFont</Tag>
						</Glyphs>
						<Glyphs OutlineWidth="0.5" CharSpace="0" RenderTransform="0.5968368 0 -0 0.5968368 260.54828 51.77661">
							<Font SizePoints="15" Style="Regular" FamilyName="CSMVMI+BlissPro" Capitals="Normal" ResourceId="2" />
							<Origin X="0" Y="0" />
							<Text>р</Text>
							<Size Width="7.65" Height="8.745116" />
							<Brush>
								<SolidBrush Color="#FF6D6E71" />
							</Brush>
							<Tag>convertedFont</Tag>
						</Glyphs>
						<Glyphs OutlineWidth="0.5" CharSpace="0" RenderTransform="0.5968368 0 -0 0.5968368 265.1458 51.77661">
							<Font SizePoints="15" Style="Regular" FamilyName="CSMVMI+BlissPro" Capitals="Normal" ResourceId="2" />
							<Origin X="0" Y="0" />
							<Text>ч</Text>
							<Size Width="7.26" Height="8.745116" />
							<Brush>
								<SolidBrush Color="#FF6D6E71" />
							</Brush>
							<Tag>convertedFont</Tag>
						</Glyphs>
						<Glyphs OutlineWidth="0.5" CharSpace="0" RenderTransform="0.5968368 0 -0 0.5968368 269.51016 51.77661">
							<Font SizePoints="15" Style="Regular" FamilyName="CSMVMI+BlissPro" Capitals="Normal" ResourceId="2" />
							<Origin X="0" Y="0" />
							<Text>е</Text>
							<Size Width="7.11" Height="8.745116" />
							<Brush>
								<SolidBrush Color="#FF6D6E71" />
							</Brush>
							<Tag>convertedFont</Tag>
						</Glyphs>
						<Glyphs OutlineWidth="0.5" CharSpace="0" RenderTransform="0.5968368 0 -0 0.5968368 273.78128 51.77661">
							<Font SizePoints="15" Style="Regular" FamilyName="CSMVMI+BlissPro" Capitals="Normal" ResourceId="2" />
							<Origin X="0" Y="0" />
							<Text>с</Text>
							<Size Width="6.51" Height="8.745116" />
							<Brush>
								<SolidBrush Color="#FF6D6E71" />
							</Brush>
							<Tag>convertedFont</Tag>
						</Glyphs>
						<Glyphs OutlineWidth="0.5" CharSpace="0" RenderTransform="0.5968368 0 -0 0.5968368 277.6887 51.77661">
							<Font SizePoints="15" Style="Regular" FamilyName="CSMVMI+BlissPro" Capitals="Normal" ResourceId="2" />
							<Origin X="0" Y="0" />
							<Text>к</Text>
							<Size Width="6.96" Height="8.745116" />
							<Brush>
								<SolidBrush Color="#FF6D6E71" />
							</Brush>
							<Tag>convertedFont</Tag>
						</Glyphs>
						<Glyphs OutlineWidth="0.5" CharSpace="0" RenderTransform="0.5968368 0 -0 0.5968368 281.87585 51.77661">
							<Font SizePoints="15" Style="Regular" FamilyName="CSMVMI+BlissPro" Capitals="Normal" ResourceId="2" />
							<Origin X="0" Y="0" />
							<Text>о</Text>
							<Size Width="7.89" Height="8.745116" />
							<Brush>
								<SolidBrush Color="#FF6D6E71" />
							</Brush>
							<Tag>convertedFont</Tag>
						</Glyphs>
						<Glyphs OutlineWidth="0.5" CharSpace="0" RenderTransform="0.5968368 0 -0 0.5968368 286.61328 51.77661">
							<Font SizePoints="15" Style="Regular" FamilyName="CSMVMI+BlissPro" Capitals="Normal" ResourceId="2" />
							<Origin X="0" Y="0" />
							<Text>г</Text>
							<Size Width="5.94" Height="8.745116" />
							<Brush>
								<SolidBrush Color="#FF6D6E71" />
							</Brush>
							<Tag>convertedFont</Tag>
						</Glyphs>
						<Glyphs OutlineWidth="0.5" CharSpace="0" RenderTransform="0.5968368 0 -0 0.5968368 290.18497 51.77661">
							<Font SizePoints="15" Style="Regular" FamilyName="CSMVMI+BlissPro" Capitals="Normal" ResourceId="2" />
							<Origin X="0" Y="0" />
							<Text>о</Text>
							<Size Width="7.89" Height="8.745116" />
							<Brush>
								<SolidBrush Color="#FF6D6E71" />
							</Brush>
							<Tag>convertedFont</Tag>
						</Glyphs>
						<Glyphs OutlineWidth="0.5" CharSpace="0" RenderTransform="0.5968368 0 -0 0.5968368 294.92236 51.77661">
							<Font SizePoints="15" Style="Regular" FamilyName="CSMVMI+BlissPro" Capitals="Normal" ResourceId="2" />
							<Origin X="0" Y="0" />
							<Text> </Text>
							<Size Width="3.315" Height="8.745116" />
							<Brush>
								<SolidBrush Color="#FF6D6E71" />
							</Brush>
							<Tag>convertedFont</Tag>
						</Glyphs>
						<Glyphs OutlineWidth="0.5" CharSpace="0" RenderTransform="0.5968368 0 -0 0.5968368 296.91803 51.77661">
							<Font SizePoints="15" Style="Regular" FamilyName="CSMVMI+BlissPro" Capitals="Normal" ResourceId="2" />
							<Origin X="0" Y="0" />
							<Text>п</Text>
							<Size Width="7.695" Height="8.745116" />
							<Brush>
								<SolidBrush Color="#FF6D6E71" />
							</Brush>
							<Tag>convertedFont</Tag>
						</Glyphs>
						<Glyphs OutlineWidth="0.5" CharSpace="0" RenderTransform="0.5968368 0 -0 0.5968368 301.54352 51.77661">
							<Font SizePoints="15" Style="Regular" FamilyName="CSMVMI+BlissPro" Capitals="Normal" ResourceId="2" />
							<Origin X="0" Y="0" />
							<Text>р</Text>
							<Size Width="7.65" Height="8.745116" />
							<Brush>
								<SolidBrush Color="#FF6D6E71" />
							</Brush>
							<Tag>convertedFont</Tag>
						</Glyphs>
						<Glyphs OutlineWidth="0.5" CharSpace="0" RenderTransform="0.5968368 0 -0 0.5968368 306.14102 51.77661">
							<Font SizePoints="15" Style="Regular" FamilyName="CSMVMI+BlissPro" Capitals="Normal" ResourceId="2" />
							<Origin X="0" Y="0" />
							<Text>е</Text>
							<Size Width="7.11" Height="8.745116" />
							<Brush>
								<SolidBrush Color="#FF6D6E71" />
							</Brush>
							<Tag>convertedFont</Tag>
						</Glyphs>
						<Glyphs OutlineWidth="0.5" CharSpace="0" RenderTransform="0.5968368 0 -0 0.5968368 310.41214 51.77661">
							<Font SizePoints="15" Style="Regular" FamilyName="CSMVMI+BlissPro" Capitals="Normal" ResourceId="2" />
							<Origin X="0" Y="0" />
							<Text>д</Text>
							<Size Width="8.145" Height="8.745116" />
							<Brush>
								<SolidBrush Color="#FF6D6E71" />
							</Brush>
							<Tag>convertedFont</Tag>
						</Glyphs>
						<Glyphs OutlineWidth="0.5" CharSpace="0" RenderTransform="0.5968368 0 -0 0.5968368 315.30807 51.77661">
							<Font SizePoints="15" Style="Regular" FamilyName="CSMVMI+BlissPro" Capitals="Normal" ResourceId="2" />
							<Origin X="0" Y="0" />
							<Text>л</Text>
							<Size Width="7.545" Height="8.745116" />
							<Brush>
								<SolidBrush Color="#FF6D6E71" />
							</Brush>
							<Tag>convertedFont</Tag>
						</Glyphs>
						<Glyphs OutlineWidth="0.5" CharSpace="0" RenderTransform="0.5968368 0 -0 0.5968368 319.8403 51.77661">
							<Font SizePoints="15" Style="Regular" FamilyName="CSMVMI+BlissPro" Capitals="Normal" ResourceId="2" />
							<Origin X="0" Y="0" />
							<Text>о</Text>
							<Size Width="7.89" Height="8.745116" />
							<Brush>
								<SolidBrush Color="#FF6D6E71" />
							</Brush>
							<Tag>convertedFont</Tag>
						</Glyphs>
						<Glyphs OutlineWidth="0.5" CharSpace="0" RenderTransform="0.5968368 0 -0 0.5968368 324.5777 51.77661">
							<Font SizePoints="15" Style="Regular" FamilyName="CSMVMI+BlissPro" Capitals="Normal" ResourceId="2" />
							<Origin X="0" Y="0" />
							<Text>ж</Text>
							<Size Width="10.32" Height="8.745116" />
							<Brush>
								<SolidBrush Color="#FF6D6E71" />
							</Brush>
							<Tag>convertedFont</Tag>
						</Glyphs>
						<Glyphs OutlineWidth="0.5" CharSpace="0" RenderTransform="0.5968368 0 -0 0.5968368 330.7885 51.77661">
							<Font SizePoints="15" Style="Regular" FamilyName="CSMVMI+BlissPro" Capitals="Normal" ResourceId="2" />
							<Origin X="0" Y="0" />
							<Text>е</Text>
							<Size Width="7.11" Height="8.745116" />
							<Brush>
								<SolidBrush Color="#FF6D6E71" />
							</Brush>
							<Tag>convertedFont</Tag>
						</Glyphs>
						<Glyphs OutlineWidth="0.5" CharSpace="0" RenderTransform="0.5968368 0 -0 0.5968368 335.05963 51.77661">
							<Font SizePoints="15" Style="Regular" FamilyName="CSMVMI+BlissPro" Capitals="Normal" ResourceId="2" />
							<Origin X="0" Y="0" />
							<Text>н</Text>
							<Size Width="7.785" Height="8.745116" />
							<Brush>
								<SolidBrush Color="#FF6D6E71" />
							</Brush>
							<Tag>convertedFont</Tag>
						</Glyphs>
						<Glyphs OutlineWidth="0.5" CharSpace="0" RenderTransform="0.5968368 0 -0 0.5968368 339.74106 51.77661">
							<Font SizePoints="15" Style="Regular" FamilyName="CSMVMI+BlissPro" Capitals="Normal" ResourceId="2" />
							<Origin X="0" Y="0" />
							<Text>и</Text>
							<Size Width="8.055" Height="8.745116" />
							<Brush>
								<SolidBrush Color="#FF6D6E71" />
							</Brush>
							<Tag>convertedFont</Tag>
						</Glyphs>
						<Glyphs OutlineWidth="0.5" CharSpace="0" RenderTransform="0.5968368 0 -0 0.5968368 344.58105 51.77661">
							<Font SizePoints="15" Style="Regular" FamilyName="CSMVMI+BlissPro" Capitals="Normal" ResourceId="2" />
							<Origin X="0" Y="0" />
							<Text>я</Text>
							<Size Width="7.155" Height="8.745116" />
							<Brush>
								<SolidBrush Color="#FF6D6E71" />
							</Brush>
							<Tag>convertedFont</Tag>
						</Glyphs>
						<Glyphs OutlineWidth="0.5" CharSpace="0" RenderTransform="0.5968368 0 -0 0.5968368 367.5033 51.77661">
							<Font SizePoints="15" Style="Regular" FamilyName="CSMVMI+BlissPro" Capitals="Normal" ResourceId="2" />
							<Origin X="0" Y="0" />
							<Text>N</Text>
							<Size Width="10.815" Height="8.745116" />
							<Brush>
								<SolidBrush Color="#FF000000" />
							</Brush>
							<Tag>convertedFont</Tag>
						</Glyphs>
						<Glyphs OutlineWidth="0.5" CharSpace="0" RenderTransform="0.5968368 0 -0 0.5968368 374.00323 51.77661">
							<Font SizePoints="15" Style="Regular" FamilyName="CSMVMI+BlissPro" Capitals="Normal" ResourceId="2" />
							<Origin X="0" Y="0" />
							<Text>D</Text>
							<Size Width="9.87" Height="8.745116" />
							<Brush>
								<SolidBrush Color="#FF000000" />
							</Brush>
							<Tag>convertedFont</Tag>
						</Glyphs>
						<Glyphs OutlineWidth="0.5" CharSpace="0" RenderTransform="0.5968368 0 -0 0.5968368 379.9343 51.77661">
							<Font SizePoints="15" Style="Regular" FamilyName="CSMVMI+BlissPro" Capitals="Normal" ResourceId="2" />
							<Origin X="0" Y="0" />
							<Text>2</Text>
							<Size Width="7.665" Height="8.745116" />
							<Brush>
								<SolidBrush Color="#FF000000" />
							</Brush>
							<Tag>convertedFont</Tag>
						</Glyphs>
						<Glyphs OutlineWidth="0.5" CharSpace="0" RenderTransform="0.5968368 0 -0 0.5968368 384.54114 51.77661">
							<Font SizePoints="15" Style="Regular" FamilyName="CSMVMI+BlissPro" Capitals="Normal" ResourceId="2" />
							<Origin X="0" Y="0" />
							<Text>3</Text>
							<Size Width="7.98" Height="8.745116" />
							<Brush>
								<SolidBrush Color="#FF000000" />
							</Brush>
							<Tag>convertedFont</Tag>
						</Glyphs>
						<Glyphs OutlineWidth="0.5" CharSpace="0" RenderTransform="0.5968368 0 -0 0.5968368 389.33447 51.77661">
							<Font SizePoints="15" Style="Regular" FamilyName="CSMVMI+BlissPro" Capitals="Normal" ResourceId="2" />
							<Origin X="0" Y="0" />
							<Text>-</Text>
							<Size Width="5.34" Height="8.745116" />
							<Brush>
								<SolidBrush Color="#FF000000" />
							</Brush>
							<Tag>convertedFont</Tag>
						</Glyphs>
						<Glyphs OutlineWidth="0.5" CharSpace="0" RenderTransform="0.5968368 0 -0 0.5968368 392.54248 51.77661">
							<Font SizePoints="15" Style="Regular" FamilyName="CSMVMI+BlissPro" Capitals="Normal" ResourceId="2" />
							<Origin X="0" Y="0" />
							<Text>1</Text>
							<Size Width="6.27" Height="8.745116" />
							<Brush>
								<SolidBrush Color="#FF000000" />
							</Brush>
							<Tag>convertedFont</Tag>
						</Glyphs>
						<Glyphs OutlineWidth="0.5" CharSpace="0" RenderTransform="0.5968368 0 -0 0.5968368 396.31 51.77661">
							<Font SizePoints="15" Style="Regular" FamilyName="CSMVMI+BlissPro" Capitals="Normal" ResourceId="2" />
							<Origin X="0" Y="0" />
							<Text>1</Text>
							<Size Width="6.27" Height="8.745116" />
							<Brush>
								<SolidBrush Color="#FF000000" />
							</Brush>
							<Tag>convertedFont</Tag>
						</Glyphs>
						<Glyphs OutlineWidth="0.5" CharSpace="0" RenderTransform="0.5968368 0 -0 0.5968368 400.07755 51.77661">
							<Font SizePoints="15" Style="Regular" FamilyName="CSMVMI+BlissPro" Capitals="Normal" ResourceId="2" />
							<Origin X="0" Y="0" />
							<Text>1</Text>
							<Size Width="6.27" Height="8.745116" />
							<Brush>
								<SolidBrush Color="#FF000000" />
							</Brush>
							<Tag>convertedFont</Tag>
						</Glyphs>
						<Glyphs OutlineWidth="0.5" CharSpace="0" RenderTransform="0.5968368 0 -0 0.5968368 403.84506 51.77661">
							<Font SizePoints="15" Style="Regular" FamilyName="CSMVMI+BlissPro" Capitals="Normal" ResourceId="2" />
							<Origin X="0" Y="0" />
							<Text>7</Text>
							<Size Width="7.11" Height="8.745116" />
							<Brush>
								<SolidBrush Color="#FF000000" />
							</Brush>
							<Tag>convertedFont</Tag>
						</Glyphs>
						<Glyphs OutlineWidth="0.5" CharSpace="0" RenderTransform="0.5968368 0 -0 0.5968368 408.11618 51.77661">
							<Font SizePoints="15" Style="Regular" FamilyName="CSMVMI+BlissPro" Capitals="Normal" ResourceId="2" />
							<Origin X="0" Y="0" />
							<Text>9</Text>
							<Size Width="8.01" Height="8.745116" />
							<Brush>
								<SolidBrush Color="#FF000000" />
							</Brush>
							<Tag>convertedFont</Tag>
						</Glyphs>
						<Glyphs OutlineWidth="0.5" CharSpace="0" RenderTransform="0.5968368 0 -0 0.5968368 412.9282 51.77661">
							<Font SizePoints="15" Style="Regular" FamilyName="CSMVMI+BlissPro" Capitals="Normal" ResourceId="2" />
							<Origin X="0" Y="0" />
							<Text>2</Text>
							<Size Width="7.665" Height="8.745116" />
							<Brush>
								<SolidBrush Color="#FF000000" />
							</Brush>
							<Tag>convertedFont</Tag>
						</Glyphs>
						<Glyphs OutlineWidth="0.5" CharSpace="0" RenderTransform="0.5968368 0 -0 0.5968368 417.535 51.77661">
							<Font SizePoints="15" Style="Regular" FamilyName="CSMVMI+BlissPro" Capitals="Normal" ResourceId="2" />
							<Origin X="0" Y="0" />
							<Text>/</Text>
							<Size Width="5.46" Height="8.745116" />
							<Brush>
								<SolidBrush Color="#FF000000" />
							</Brush>
							<Tag>convertedFont</Tag>
						</Glyphs>
						<Glyphs OutlineWidth="0.5" CharSpace="0" RenderTransform="0.5968368 0 -0 0.5968368 420.81763 51.77661">
							<Font SizePoints="15" Style="Regular" FamilyName="CSMVMI+BlissPro" Capitals="Normal" ResourceId="2" />
							<Origin X="0" Y="0" />
							<Text>1</Text>
							<Size Width="6.27" Height="8.745116" />
							<Brush>
								<SolidBrush Color="#FF000000" />
							</Brush>
							<Tag>convertedFont</Tag>
						</Glyphs>
						<Glyphs OutlineWidth="0.5" CharSpace="0" RenderTransform="0.5968368 0 -0 0.5968368 209.34155 66.10071">
							<Font SizePoints="15" Style="Regular" FamilyName="CSMVMI+BlissPro" Capitals="Normal" ResourceId="2" />
							<Origin X="0" Y="0" />
							<Text>Н</Text>
							<Size Width="10.365" Height="8.745116" />
							<Brush>
								<SolidBrush Color="#FF6D6E71" />
							</Brush>
							<Tag>convertedFont</Tag>
						</Glyphs>
						<Glyphs OutlineWidth="0.5" CharSpace="0" RenderTransform="0.5968368 0 -0 0.5968368 215.58037 66.10071">
							<Font SizePoints="15" Style="Regular" FamilyName="CSMVMI+BlissPro" Capitals="Normal" ResourceId="2" />
							<Origin X="0" Y="0" />
							<Text>а</Text>
							<Size Width="7.08" Height="8.745116" />
							<Brush>
								<SolidBrush Color="#FF6D6E71" />
							</Brush>
							<Tag>convertedFont</Tag>
						</Glyphs>
						<Glyphs OutlineWidth="0.5" CharSpace="0" RenderTransform="0.5968368 0 -0 0.5968368 219.83282 66.10071">
							<Font SizePoints="15" Style="Regular" FamilyName="CSMVMI+BlissPro" Capitals="Normal" ResourceId="2" />
							<Origin X="0" Y="0" />
							<Text>и</Text>
							<Size Width="8.055" Height="8.745116" />
							<Brush>
								<SolidBrush Color="#FF6D6E71" />
							</Brush>
							<Tag>convertedFont</Tag>
						</Glyphs>
						<Glyphs OutlineWidth="0.5" CharSpace="0" RenderTransform="0.5968368 0 -0 0.5968368 224.67279 66.10071">
							<Font SizePoints="15" Style="Regular" FamilyName="CSMVMI+BlissPro" Capitals="Normal" ResourceId="2" />
							<Origin X="0" Y="0" />
							<Text>м</Text>
							<Size Width="8.97" Height="8.745116" />
							<Brush>
								<SolidBrush Color="#FF6D6E71" />
							</Brush>
							<Tag>convertedFont</Tag>
						</Glyphs>
						<Glyphs OutlineWidth="0.5" CharSpace="0" RenderTransform="0.5968368 0 -0 0.5968368 230.06297 66.10071">
							<Font SizePoints="15" Style="Regular" FamilyName="CSMVMI+BlissPro" Capitals="Normal" ResourceId="2" />
							<Origin X="0" Y="0" />
							<Text>е</Text>
							<Size Width="7.11" Height="8.745116" />
							<Brush>
								<SolidBrush Color="#FF6D6E71" />
							</Brush>
							<Tag>convertedFont</Tag>
						</Glyphs>
						<Glyphs OutlineWidth="0.5" CharSpace="0" RenderTransform="0.5968368 0 -0 0.5968368 234.33409 66.10071">
							<Font SizePoints="15" Style="Regular" FamilyName="CSMVMI+BlissPro" Capitals="Normal" ResourceId="2" />
							<Origin X="0" Y="0" />
							<Text>н</Text>
							<Size Width="7.785" Height="8.745116" />
							<Brush>
								<SolidBrush Color="#FF6D6E71" />
							</Brush>
							<Tag>convertedFont</Tag>
						</Glyphs>
						<Glyphs OutlineWidth="0.5" CharSpace="0" RenderTransform="0.5968368 0 -0 0.5968368 239.01553 66.10071">
							<Font SizePoints="15" Style="Regular" FamilyName="CSMVMI+BlissPro" Capitals="Normal" ResourceId="2" />
							<Origin X="0" Y="0" />
							<Text>о</Text>
							<Size Width="7.89" Height="8.745116" />
							<Brush>
								<SolidBrush Color="#FF6D6E71" />
							</Brush>
							<Tag>convertedFont</Tag>
						</Glyphs>
						<Glyphs OutlineWidth="0.5" CharSpace="0" RenderTransform="0.5968368 0 -0 0.5968368 243.75293 66.10071">
							<Font SizePoints="15" Style="Regular" FamilyName="CSMVMI+BlissPro" Capitals="Normal" ResourceId="2" />
							<Origin X="0" Y="0" />
							<Text>в</Text>
							<Size Width="7.005" Height="8.745116" />
							<Brush>
								<SolidBrush Color="#FF6D6E71" />
							</Brush>
							<Tag>convertedFont</Tag>
						</Glyphs>
						<Glyphs OutlineWidth="0.5" CharSpace="0" RenderTransform="0.5968368 0 -0 0.5968368 247.96808 66.10071">
							<Font SizePoints="15" Style="Regular" FamilyName="CSMVMI+BlissPro" Capitals="Normal" ResourceId="2" />
							<Origin X="0" Y="0" />
							<Text>а</Text>
							<Size Width="7.08" Height="8.745116" />
							<Brush>
								<SolidBrush Color="#FF6D6E71" />
							</Brush>
							<Tag>convertedFont</Tag>
						</Glyphs>
						<Glyphs OutlineWidth="0.5" CharSpace="0" RenderTransform="0.5968368 0 -0 0.5968368 252.22055 66.10071">
							<Font SizePoints="15" Style="Regular" FamilyName="CSMVMI+BlissPro" Capitals="Normal" ResourceId="2" />
							<Origin X="0" Y="0" />
							<Text>н</Text>
							<Size Width="7.785" Height="8.745116" />
							<Brush>
								<SolidBrush Color="#FF6D6E71" />
							</Brush>
							<Tag>convertedFont</Tag>
						</Glyphs>
						<Glyphs OutlineWidth="0.5" CharSpace="0" RenderTransform="0.5968368 0 -0 0.5968368 256.90198 66.10071">
							<Font SizePoints="15" Style="Regular" FamilyName="CSMVMI+BlissPro" Capitals="Normal" ResourceId="2" />
							<Origin X="0" Y="0" />
							<Text>и</Text>
							<Size Width="8.055" Height="8.745116" />
							<Brush>
								<SolidBrush Color="#FF6D6E71" />
							</Brush>
							<Tag>convertedFont</Tag>
						</Glyphs>
						<Glyphs OutlineWidth="0.5" CharSpace="0" RenderTransform="0.5968368 0 -0 0.5968368 261.74194 66.10071">
							<Font SizePoints="15" Style="Regular" FamilyName="CSMVMI+BlissPro" Capitals="Normal" ResourceId="2" />
							<Origin X="0" Y="0" />
							<Text>е</Text>
							<Size Width="7.11" Height="8.745116" />
							<Brush>
								<SolidBrush Color="#FF6D6E71" />
							</Brush>
							<Tag>convertedFont</Tag>
						</Glyphs>
						<Glyphs OutlineWidth="0.5" CharSpace="0" RenderTransform="0.5968368 0 -0 0.5968368 266.01306 66.10071">
							<Font SizePoints="15" Style="Regular" FamilyName="CSMVMI+BlissPro" Capitals="Normal" ResourceId="2" />
							<Origin X="0" Y="0" />
							<Text> </Text>
							<Size Width="3.315" Height="8.745116" />
							<Brush>
								<SolidBrush Color="#FF6D6E71" />
							</Brush>
							<Tag>convertedFont</Tag>
						</Glyphs>
						<Glyphs OutlineWidth="0.5" CharSpace="0" RenderTransform="0.5968368 0 -0 0.5968368 268.00873 66.10071">
							<Font SizePoints="15" Style="Regular" FamilyName="CSMVMI+BlissPro" Capitals="Normal" ResourceId="2" />
							<Origin X="0" Y="0" />
							<Text>у</Text>
							<Size Width="7.26" Height="8.745116" />
							<Brush>
								<SolidBrush Color="#FF6D6E71" />
							</Brush>
							<Tag>convertedFont</Tag>
						</Glyphs>
						<Glyphs OutlineWidth="0.5" CharSpace="0" RenderTransform="0.5968368 0 -0 0.5968368 272.3731 66.10071">
							<Font SizePoints="15" Style="Regular" FamilyName="CSMVMI+BlissPro" Capitals="Normal" ResourceId="2" />
							<Origin X="0" Y="0" />
							<Text>с</Text>
							<Size Width="6.51" Height="8.745116" />
							<Brush>
								<SolidBrush Color="#FF6D6E71" />
							</Brush>
							<Tag>convertedFont</Tag>
						</Glyphs>
						<Glyphs OutlineWidth="0.5" CharSpace="0" RenderTransform="0.5968368 0 -0 0.5968368 276.28052 66.10071">
							<Font SizePoints="15" Style="Regular" FamilyName="CSMVMI+BlissPro" Capitals="Normal" ResourceId="2" />
							<Origin X="0" Y="0" />
							<Text>т</Text>
							<Size Width="6.615" Height="8.745116" />
							<Brush>
								<SolidBrush Color="#FF6D6E71" />
							</Brush>
							<Tag>convertedFont</Tag>
						</Glyphs>
						<Glyphs OutlineWidth="0.5" CharSpace="0" RenderTransform="0.5968368 0 -0 0.5968368 280.26257 66.10071">
							<Font SizePoints="15" Style="Regular" FamilyName="CSMVMI+BlissPro" Capitals="Normal" ResourceId="2" />
							<Origin X="0" Y="0" />
							<Text>а</Text>
							<Size Width="7.08" Height="8.745116" />
							<Brush>
								<SolidBrush Color="#FF6D6E71" />
							</Brush>
							<Tag>convertedFont</Tag>
						</Glyphs>
						<Glyphs OutlineWidth="0.5" CharSpace="0" RenderTransform="0.5968368 0 -0 0.5968368 284.515 66.10071">
							<Font SizePoints="15" Style="Regular" FamilyName="CSMVMI+BlissPro" Capitals="Normal" ResourceId="2" />
							<Origin X="0" Y="0" />
							<Text>н</Text>
							<Size Width="7.785" Height="8.745116" />
							<Brush>
								<SolidBrush Color="#FF6D6E71" />
							</Brush>
							<Tag>convertedFont</Tag>
						</Glyphs>
						<Glyphs OutlineWidth="0.5" CharSpace="0" RenderTransform="0.5968368 0 -0 0.5968368 289.19644 66.10071">
							<Font SizePoints="15" Style="Regular" FamilyName="CSMVMI+BlissPro" Capitals="Normal" ResourceId="2" />
							<Origin X="0" Y="0" />
							<Text>о</Text>
							<Size Width="7.89" Height="8.745116" />
							<Brush>
								<SolidBrush Color="#FF6D6E71" />
							</Brush>
							<Tag>convertedFont</Tag>
						</Glyphs>
						<Glyphs OutlineWidth="0.5" CharSpace="0" RenderTransform="0.5968368 0 -0 0.5968368 293.93384 66.10071">
							<Font SizePoints="15" Style="Regular" FamilyName="CSMVMI+BlissPro" Capitals="Normal" ResourceId="2" />
							<Origin X="0" Y="0" />
							<Text>в</Text>
							<Size Width="7.005" Height="8.745116" />
							<Brush>
								<SolidBrush Color="#FF6D6E71" />
							</Brush>
							<Tag>convertedFont</Tag>
						</Glyphs>
						<Glyphs OutlineWidth="0.5" CharSpace="0" RenderTransform="0.5968368 0 -0 0.5968368 298.14902 66.10071">
							<Font SizePoints="15" Style="Regular" FamilyName="CSMVMI+BlissPro" Capitals="Normal" ResourceId="2" />
							<Origin X="0" Y="0" />
							<Text>к</Text>
							<Size Width="6.96" Height="8.745116" />
							<Brush>
								<SolidBrush Color="#FF6D6E71" />
							</Brush>
							<Tag>convertedFont</Tag>
						</Glyphs>
						<Glyphs OutlineWidth="0.5" CharSpace="0" RenderTransform="0.5968368 0 -0 0.5968368 302.33618 66.10071">
							<Font SizePoints="15" Style="Regular" FamilyName="CSMVMI+BlissPro" Capitals="Normal" ResourceId="2" />
							<Origin X="0" Y="0" />
							<Text>и</Text>
							<Size Width="8.055" Height="8.745116" />
							<Brush>
								<SolidBrush Color="#FF6D6E71" />
							</Brush>
							<Tag>convertedFont</Tag>
						</Glyphs>
						<Glyphs OutlineWidth="0.5" CharSpace="0" RenderTransform="0.5968368 0 -0 0.5968368 367.5033 66.10071">
							<Font SizePoints="15" Style="Bold" FamilyName="HPDHEV+BlissPro-Bold" Capitals="Normal" ResourceId="3" />
							<Origin X="0" Y="0" />
							<Text>П</Text>
							<Size Width="10.245" Height="8.745116" />
							<Brush>
								<SolidBrush Color="#FF005F7F" />
							</Brush>
							<Tag>convertedFont</Tag>
						</Glyphs>
						<Glyphs OutlineWidth="0.5" CharSpace="0" RenderTransform="0.5968368 0 -0 0.5968368 373.6675 66.10071">
							<Font SizePoints="15" Style="Bold" FamilyName="HPDHEV+BlissPro-Bold" Capitals="Normal" ResourceId="3" />
							<Origin X="0" Y="0" />
							<Text>2</Text>
							<Size Width="7.995" Height="8.745116" />
							<Brush>
								<SolidBrush Color="#FF005F7F" />
							</Brush>
							<Tag>convertedFont</Tag>
						</Glyphs>
						<Glyphs OutlineWidth="0.5" CharSpace="0" RenderTransform="0.5968368 0 -0 0.5968368 378.47018 66.10071">
							<Font SizePoints="15" Style="Bold" FamilyName="HPDHEV+BlissPro-Bold" Capitals="Normal" ResourceId="3" />
							<Origin X="0" Y="0" />
							<Text>.</Text>
							<Size Width="3.915" Height="8.745116" />
							<Brush>
								<SolidBrush Color="#FF005F7F" />
							</Brush>
							<Tag>convertedFont</Tag>
						</Glyphs>
						<Glyphs OutlineWidth="0.5" CharSpace="0" RenderTransform="0.5968368 0 -0 0.5968368 380.82022 66.10071">
							<Font SizePoints="15" Style="Bold" FamilyName="HPDHEV+BlissPro-Bold" Capitals="Normal" ResourceId="3" />
							<Origin X="0" Y="0" />
							<Text>0</Text>
							<Size Width="8.505" Height="8.745116" />
							<Brush>
								<SolidBrush Color="#FF005F7F" />
							</Brush>
							<Tag>convertedFont</Tag>
						</Glyphs>
						<Glyphs OutlineWidth="0.5" CharSpace="0" RenderTransform="0.5968368 0 -0 0.5968368 385.93997 66.10071">
							<Font SizePoints="15" Style="Bold" FamilyName="HPDHEV+BlissPro-Bold" Capitals="Normal" ResourceId="3" />
							<Origin X="0" Y="0" />
							<Text>2</Text>
							<Size Width="7.995" Height="8.745116" />
							<Brush>
								<SolidBrush Color="#FF005F7F" />
							</Brush>
							<Tag>convertedFont</Tag>
						</Glyphs>
						<Glyphs OutlineWidth="0.5" CharSpace="0" RenderTransform="0.5968368 0 -0 0.5968368 390.74265 66.10071">
							<Font SizePoints="15" Style="Bold" FamilyName="HPDHEV+BlissPro-Bold" Capitals="Normal" ResourceId="3" />
							<Origin X="0" Y="0" />
							<Text>.</Text>
							<Size Width="3.915" Height="8.745116" />
							<Brush>
								<SolidBrush Color="#FF005F7F" />
							</Brush>
							<Tag>convertedFont</Tag>
						</Glyphs>
						<Glyphs OutlineWidth="0.5" CharSpace="0" RenderTransform="0.5968368 0 -0 0.5968368 393.09268 66.10071">
							<Font SizePoints="15" Style="Bold" FamilyName="HPDHEV+BlissPro-Bold" Capitals="Normal" ResourceId="3" />
							<Origin X="0" Y="0" />
							<Text>Y</Text>
							<Size Width="8.715" Height="8.745116" />
							<Brush>
								<SolidBrush Color="#FF005F7F" />
							</Brush>
							<Tag>convertedFont</Tag>
						</Glyphs>
						<Glyphs OutlineWidth="0.5" CharSpace="0" RenderTransform="0.5968368 0 -0 0.5968368 398.33365 66.10071">
							<Font SizePoints="15" Style="Bold" FamilyName="HPDHEV+BlissPro-Bold" Capitals="Normal" ResourceId="3" />
							<Origin X="0" Y="0" />
							<Text>T</Text>
							<Size Width="7.98" Height="8.745116" />
							<Brush>
								<SolidBrush Color="#FF005F7F" />
							</Brush>
							<Tag>convertedFont</Tag>
						</Glyphs>
						<Glyphs OutlineWidth="0.5" CharSpace="0" RenderTransform="0.5968368 0 -0 0.5968368 403.127 66.10071">
							<Font SizePoints="15" Style="Bold" FamilyName="HPDHEV+BlissPro-Bold" Capitals="Normal" ResourceId="3" />
							<Origin X="0" Y="0" />
							<Text> </Text>
							<Size Width="3.21" Height="8.745116" />
							<Brush>
								<SolidBrush Color="#FF005F7F" />
							</Brush>
							<Tag>convertedFont</Tag>
						</Glyphs>
						<Glyphs OutlineWidth="0.5" CharSpace="0" RenderTransform="0.5968368 0 -0 0.5968368 405.0574 66.10071">
							<Font SizePoints="15" Style="Bold" FamilyName="HPDHEV+BlissPro-Bold" Capitals="Normal" ResourceId="3" />
							<Origin X="0" Y="0" />
							<Text>(</Text>
							<Size Width="5.175" Height="8.745116" />
							<Brush>
								<SolidBrush Color="#FF005F7F" />
							</Brush>
							<Tag>convertedFont</Tag>
						</Glyphs>
						<Glyphs OutlineWidth="0.5" CharSpace="0" RenderTransform="0.5968368 0 -0 0.5968368 408.17215 66.10071">
							<Font SizePoints="15" Style="Bold" FamilyName="HPDHEV+BlissPro-Bold" Capitals="Normal" ResourceId="3" />
							<Origin X="0" Y="0" />
							<Text>г</Text>
							<Size Width="6.27" Height="8.745116" />
							<Brush>
								<SolidBrush Color="#FF005F7F" />
							</Brush>
							<Tag>convertedFont</Tag>
						</Glyphs>
						<Glyphs OutlineWidth="0.5" CharSpace="0" RenderTransform="0.5968368 0 -0 0.5968368 411.93967 66.10071">
							<Font SizePoints="15" Style="Bold" FamilyName="HPDHEV+BlissPro-Bold" Capitals="Normal" ResourceId="3" />
							<Origin X="0" Y="0" />
							<Text>о</Text>
							<Size Width="8.115" Height="8.745116" />
							<Brush>
								<SolidBrush Color="#FF005F7F" />
							</Brush>
							<Tag>convertedFont</Tag>
						</Glyphs>
						<Glyphs OutlineWidth="0.5" CharSpace="0" RenderTransform="0.5968368 0 -0 0.5968368 416.81696 66.10071">
							<Font SizePoints="15" Style="Bold" FamilyName="HPDHEV+BlissPro-Bold" Capitals="Normal" ResourceId="3" />
							<Origin X="0" Y="0" />
							<Text>р</Text>
							<Size Width="7.89" Height="8.745116" />
							<Brush>
								<SolidBrush Color="#FF005F7F" />
							</Brush>
							<Tag>convertedFont</Tag>
						</Glyphs>
						<Glyphs OutlineWidth="0.5" CharSpace="0" RenderTransform="0.5968368 0 -0 0.5968368 421.55435 66.10071">
							<Font SizePoints="15" Style="Bold" FamilyName="HPDHEV+BlissPro-Bold" Capitals="Normal" ResourceId="3" />
							<Origin X="0" Y="0" />
							<Text> </Text>
							<Size Width="3.21" Height="8.745116" />
							<Brush>
								<SolidBrush Color="#FF005F7F" />
							</Brush>
							<Tag>convertedFont</Tag>
						</Glyphs>
						<Glyphs OutlineWidth="0.5" CharSpace="0" RenderTransform="0.5968368 0 -0 0.5968368 423.48474 66.10071">
							<Font SizePoints="15" Style="Bold" FamilyName="HPDHEV+BlissPro-Bold" Capitals="Normal" ResourceId="3" />
							<Origin X="0" Y="0" />
							<Text>р</Text>
							<Size Width="7.89" Height="8.745116" />
							<Brush>
								<SolidBrush Color="#FF005F7F" />
							</Brush>
							<Tag>convertedFont</Tag>
						</Glyphs>
						<Glyphs OutlineWidth="0.5" CharSpace="0" RenderTransform="0.5968368 0 -0 0.5968368 428.22214 66.10071">
							<Font SizePoints="15" Style="Bold" FamilyName="HPDHEV+BlissPro-Bold" Capitals="Normal" ResourceId="3" />
							<Origin X="0" Y="0" />
							<Text>е</Text>
							<Size Width="7.38" Height="8.745116" />
							<Brush>
								<SolidBrush Color="#FF005F7F" />
							</Brush>
							<Tag>convertedFont</Tag>
						</Glyphs>
						<Glyphs OutlineWidth="0.5" CharSpace="0" RenderTransform="0.5968368 0 -0 0.5968368 432.6611 66.10071">
							<Font SizePoints="15" Style="Bold" FamilyName="HPDHEV+BlissPro-Bold" Capitals="Normal" ResourceId="3" />
							<Origin X="0" Y="0" />
							<Text>з</Text>
							<Size Width="6.555" Height="8.745116" />
							<Brush>
								<SolidBrush Color="#FF005F7F" />
							</Brush>
							<Tag>convertedFont</Tag>
						</Glyphs>
						<Glyphs OutlineWidth="0.5" CharSpace="0" RenderTransform="0.5968368 0 -0 0.5968368 436.6058 66.10071">
							<Font SizePoints="15" Style="Bold" FamilyName="HPDHEV+BlissPro-Bold" Capitals="Normal" ResourceId="3" />
							<Origin X="0" Y="0" />
							<Text>)</Text>
							<Size Width="5.175" Height="8.745116" />
							<Brush>
								<SolidBrush Color="#FF005F7F" />
							</Brush>
							<Tag>convertedFont</Tag>
						</Glyphs>
						<Glyphs OutlineWidth="0.5" CharSpace="0" RenderTransform="0.5968368 0 -0 0.5968368 209.34155 84.60266">
							<Font SizePoints="15" Style="Regular" FamilyName="CSMVMI+BlissPro" Capitals="Normal" ResourceId="2" />
							<Origin X="0" Y="0" />
							<Text>Т</Text>
							<Size Width="7.65" Height="8.745116" />
							<Brush>
								<SolidBrush Color="#FF6D6E71" />
							</Brush>
							<Tag>convertedFont</Tag>
						</Glyphs>
						<Glyphs OutlineWidth="0.5" CharSpace="0" RenderTransform="0.5968368 0 -0 0.5968368 213.93906 84.60266">
							<Font SizePoints="15" Style="Regular" FamilyName="CSMVMI+BlissPro" Capitals="Normal" ResourceId="2" />
							<Origin X="0" Y="0" />
							<Text>и</Text>
							<Size Width="8.055" Height="8.745116" />
							<Brush>
								<SolidBrush Color="#FF6D6E71" />
							</Brush>
							<Tag>convertedFont</Tag>
						</Glyphs>
						<Glyphs OutlineWidth="0.5" CharSpace="0" RenderTransform="0.5968368 0 -0 0.5968368 218.77904 84.60266">
							<Font SizePoints="15" Style="Regular" FamilyName="CSMVMI+BlissPro" Capitals="Normal" ResourceId="2" />
							<Origin X="0" Y="0" />
							<Text>п</Text>
							<Size Width="7.695" Height="8.745116" />
							<Brush>
								<SolidBrush Color="#FF6D6E71" />
							</Brush>
							<Tag>convertedFont</Tag>
						</Glyphs>
						<Glyphs OutlineWidth="0.5" CharSpace="0" RenderTransform="0.5968368 0 -0 0.5968368 223.40453 84.60266">
							<Font SizePoints="15" Style="Regular" FamilyName="CSMVMI+BlissPro" Capitals="Normal" ResourceId="2" />
							<Origin X="0" Y="0" />
							<Text> </Text>
							<Size Width="3.315" Height="8.745116" />
							<Brush>
								<SolidBrush Color="#FF6D6E71" />
							</Brush>
							<Tag>convertedFont</Tag>
						</Glyphs>
						<Glyphs OutlineWidth="0.5" CharSpace="0" RenderTransform="0.5968368 0 -0 0.5968368 225.40019 84.60266">
							<Font SizePoints="15" Style="Regular" FamilyName="CSMVMI+BlissPro" Capitals="Normal" ResourceId="2" />
							<Origin X="0" Y="0" />
							<Text>у</Text>
							<Size Width="7.26" Height="8.745116" />
							<Brush>
								<SolidBrush Color="#FF6D6E71" />
							</Brush>
							<Tag>convertedFont</Tag>
						</Glyphs>
						<Glyphs OutlineWidth="0.5" CharSpace="0" RenderTransform="0.5968368 0 -0 0.5968368 229.76456 84.60266">
							<Font SizePoints="15" Style="Regular" FamilyName="CSMVMI+BlissPro" Capitals="Normal" ResourceId="2" />
							<Origin X="0" Y="0" />
							<Text>с</Text>
							<Size Width="6.51" Height="8.745116" />
							<Brush>
								<SolidBrush Color="#FF6D6E71" />
							</Brush>
							<Tag>convertedFont</Tag>
						</Glyphs>
						<Glyphs OutlineWidth="0.5" CharSpace="0" RenderTransform="0.5968368 0 -0 0.5968368 233.67198 84.60266">
							<Font SizePoints="15" Style="Regular" FamilyName="CSMVMI+BlissPro" Capitals="Normal" ResourceId="2" />
							<Origin X="0" Y="0" />
							<Text>т</Text>
							<Size Width="6.615" Height="8.745116" />
							<Brush>
								<SolidBrush Color="#FF6D6E71" />
							</Brush>
							<Tag>convertedFont</Tag>
						</Glyphs>
						<Glyphs OutlineWidth="0.5" CharSpace="0" RenderTransform="0.5968368 0 -0 0.5968368 237.65399 84.60266">
							<Font SizePoints="15" Style="Regular" FamilyName="CSMVMI+BlissPro" Capitals="Normal" ResourceId="2" />
							<Origin X="0" Y="0" />
							<Text>а</Text>
							<Size Width="7.08" Height="8.745116" />
							<Brush>
								<SolidBrush Color="#FF6D6E71" />
							</Brush>
							<Tag>convertedFont</Tag>
						</Glyphs>
						<Glyphs OutlineWidth="0.5" CharSpace="0" RenderTransform="0.5968368 0 -0 0.5968368 241.90646 84.60266">
							<Font SizePoints="15" Style="Regular" FamilyName="CSMVMI+BlissPro" Capitals="Normal" ResourceId="2" />
							<Origin X="0" Y="0" />
							<Text>н</Text>
							<Size Width="7.785" Height="8.745116" />
							<Brush>
								<SolidBrush Color="#FF6D6E71" />
							</Brush>
							<Tag>convertedFont</Tag>
						</Glyphs>
						<Glyphs OutlineWidth="0.5" CharSpace="0" RenderTransform="0.5968368 0 -0 0.5968368 246.5879 84.60266">
							<Font SizePoints="15" Style="Regular" FamilyName="CSMVMI+BlissPro" Capitals="Normal" ResourceId="2" />
							<Origin X="0" Y="0" />
							<Text>о</Text>
							<Size Width="7.89" Height="8.745116" />
							<Brush>
								<SolidBrush Color="#FF6D6E71" />
							</Brush>
							<Tag>convertedFont</Tag>
						</Glyphs>
						<Glyphs OutlineWidth="0.5" CharSpace="0" RenderTransform="0.5968368 0 -0 0.5968368 251.32529 84.60266">
							<Font SizePoints="15" Style="Regular" FamilyName="CSMVMI+BlissPro" Capitals="Normal" ResourceId="2" />
							<Origin X="0" Y="0" />
							<Text>в</Text>
							<Size Width="7.005" Height="8.745116" />
							<Brush>
								<SolidBrush Color="#FF6D6E71" />
							</Brush>
							<Tag>convertedFont</Tag>
						</Glyphs>
						<Glyphs OutlineWidth="0.5" CharSpace="0" RenderTransform="0.5968368 0 -0 0.5968368 255.54045 84.60266">
							<Font SizePoints="15" Style="Regular" FamilyName="CSMVMI+BlissPro" Capitals="Normal" ResourceId="2" />
							<Origin X="0" Y="0" />
							<Text>к</Text>
							<Size Width="6.96" Height="8.745116" />
							<Brush>
								<SolidBrush Color="#FF6D6E71" />
							</Brush>
							<Tag>convertedFont</Tag>
						</Glyphs>
						<Glyphs OutlineWidth="0.5" CharSpace="0" RenderTransform="0.5968368 0 -0 0.5968368 259.72763 84.60266">
							<Font SizePoints="15" Style="Regular" FamilyName="CSMVMI+BlissPro" Capitals="Normal" ResourceId="2" />
							<Origin X="0" Y="0" />
							<Text>и</Text>
							<Size Width="8.055" Height="8.745116" />
							<Brush>
								<SolidBrush Color="#FF6D6E71" />
							</Brush>
							<Tag>convertedFont</Tag>
						</Glyphs>
						<Glyphs OutlineWidth="0.5" CharSpace="0" RenderTransform="0.5968368 0 -0 0.5968368 367.5033 79.23114">
							<Font SizePoints="15" Style="Bold" FamilyName="HPDHEV+BlissPro-Bold" Capitals="Normal" ResourceId="3" />
							<Origin X="0" Y="0" />
							<Text>V</Text>
							<Size Width="9.66" Height="8.745116" />
							<Brush>
								<SolidBrush Color="#FF005F7F" />
							</Brush>
							<Tag>convertedFont</Tag>
						</Glyphs>
						<Glyphs OutlineWidth="0.5" CharSpace="0" RenderTransform="0.5968368 0 -0 0.5968368 373.31314 79.23114">
							<Font SizePoints="15" Style="Bold" FamilyName="HPDHEV+BlissPro-Bold" Capitals="Normal" ResourceId="3" />
							<Origin X="0" Y="0" />
							<Text>R</Text>
							<Size Width="8.76" Height="8.745116" />
							<Brush>
								<SolidBrush Color="#FF005F7F" />
							</Brush>
							<Tag>convertedFont</Tag>
						</Glyphs>
						<Glyphs OutlineWidth="0.5" CharSpace="0" RenderTransform="0.5968368 0 -0 0.5968368 378.5821 79.23114">
							<Font SizePoints="15" Style="Bold" FamilyName="HPDHEV+BlissPro-Bold" Capitals="Normal" ResourceId="3" />
							<Origin X="0" Y="0" />
							<Text>N</Text>
							<Size Width="11.145" Height="8.745116" />
							<Brush>
								<SolidBrush Color="#FF005F7F" />
							</Brush>
							<Tag>convertedFont</Tag>
						</Glyphs>
						<Glyphs OutlineWidth="0.5" CharSpace="0" RenderTransform="0.5968368 0 -0 0.5968368 385.28717 79.23114">
							<Font SizePoints="15" Style="Bold" FamilyName="HPDHEV+BlissPro-Bold" Capitals="Normal" ResourceId="3" />
							<Origin X="0" Y="0" />
							<Text> </Text>
							<Size Width="3.21" Height="8.745116" />
							<Brush>
								<SolidBrush Color="#FF005F7F" />
							</Brush>
							<Tag>convertedFont</Tag>
						</Glyphs>
						<Glyphs OutlineWidth="0.5" CharSpace="0" RenderTransform="0.5968368 0 -0 0.5968368 387.21756 79.23114">
							<Font SizePoints="15" Style="Bold" FamilyName="HPDHEV+BlissPro-Bold" Capitals="Normal" ResourceId="3" />
							<Origin X="0" Y="0" />
							<Text>B</Text>
							<Size Width="8.43" Height="8.745116" />
							<Brush>
								<SolidBrush Color="#FF005F7F" />
							</Brush>
							<Tag>convertedFont</Tag>
						</Glyphs>
						<Glyphs OutlineWidth="0.5" CharSpace="0" RenderTransform="0.5968368 0 -0 0.5968368 392.29068 79.23114">
							<Font SizePoints="15" Style="Bold" FamilyName="HPDHEV+BlissPro-Bold" Capitals="Normal" ResourceId="3" />
							<Origin X="0" Y="0" />
							<Text>S</Text>
							<Size Width="7.935" Height="8.745116" />
							<Brush>
								<SolidBrush Color="#FF005F7F" />
							</Brush>
							<Tag>convertedFont</Tag>
						</Glyphs>
						<Glyphs OutlineWidth="0.5" CharSpace="0" RenderTransform="0.5968368 0 -0 0.5968368 397.05606 79.23114">
							<Font SizePoints="15" Style="Bold" FamilyName="HPDHEV+BlissPro-Bold" Capitals="Normal" ResourceId="3" />
							<Origin X="0" Y="0" />
							<Text> </Text>
							<Size Width="3.21" Height="8.745116" />
							<Brush>
								<SolidBrush Color="#FF005F7F" />
							</Brush>
							<Tag>convertedFont</Tag>
						</Glyphs>
						<Glyphs OutlineWidth="0.5" CharSpace="0" RenderTransform="0.5968368 0 -0 0.5968368 398.98645 79.23114">
							<Font SizePoints="15" Style="Bold" FamilyName="HPDHEV+BlissPro-Bold" Capitals="Normal" ResourceId="3" />
							<Origin X="0" Y="0" />
							<Text>5</Text>
							<Size Width="7.875" Height="8.745116" />
							<Brush>
								<SolidBrush Color="#FF005F7F" />
							</Brush>
							<Tag>convertedFont</Tag>
						</Glyphs>
						<Glyphs OutlineWidth="0.5" CharSpace="0" RenderTransform="0.5968368 0 -0 0.5968368 403.7145 79.23114">
							<Font SizePoints="15" Style="Bold" FamilyName="HPDHEV+BlissPro-Bold" Capitals="Normal" ResourceId="3" />
							<Origin X="0" Y="0" />
							<Text>0</Text>
							<Size Width="8.505" Height="8.745116" />
							<Brush>
								<SolidBrush Color="#FF005F7F" />
							</Brush>
							<Tag>convertedFont</Tag>
						</Glyphs>
						<Glyphs OutlineWidth="0.5" CharSpace="0" RenderTransform="0.5968368 0 -0 0.5968368 408.83426 79.23114">
							<Font SizePoints="15" Style="Bold" FamilyName="HPDHEV+BlissPro-Bold" Capitals="Normal" ResourceId="3" />
							<Origin X="0" Y="0" />
							<Text>-</Text>
							<Size Width="5.445" Height="8.745116" />
							<Brush>
								<SolidBrush Color="#FF005F7F" />
							</Brush>
							<Tag>convertedFont</Tag>
						</Glyphs>
						<Glyphs OutlineWidth="0.5" CharSpace="0" RenderTransform="0.5968368 0 -0 0.5968368 412.10754 79.23114">
							<Font SizePoints="15" Style="Bold" FamilyName="HPDHEV+BlissPro-Bold" Capitals="Normal" ResourceId="3" />
							<Origin X="0" Y="0" />
							<Text>2</Text>
							<Size Width="7.995" Height="8.745116" />
							<Brush>
								<SolidBrush Color="#FF005F7F" />
							</Brush>
							<Tag>convertedFont</Tag>
						</Glyphs>
						<Glyphs OutlineWidth="0.5" CharSpace="0" RenderTransform="0.5968368 0 -0 0.5968368 416.91022 79.23114">
							<Font SizePoints="15" Style="Bold" FamilyName="HPDHEV+BlissPro-Bold" Capitals="Normal" ResourceId="3" />
							<Origin X="0" Y="0" />
							<Text>5</Text>
							<Size Width="7.875" Height="8.745116" />
							<Brush>
								<SolidBrush Color="#FF005F7F" />
							</Brush>
							<Tag>convertedFont</Tag>
						</Glyphs>
						<Glyphs OutlineWidth="0.5" CharSpace="0" RenderTransform="0.5968368 0 -0 0.5968368 421.63828 79.23114">
							<Font SizePoints="15" Style="Bold" FamilyName="HPDHEV+BlissPro-Bold" Capitals="Normal" ResourceId="3" />
							<Origin X="0" Y="0" />
							<Text>/</Text>
							<Size Width="5.91" Height="8.745116" />
							<Brush>
								<SolidBrush Color="#FF005F7F" />
							</Brush>
							<Tag>convertedFont</Tag>
						</Glyphs>
						<Glyphs OutlineWidth="0.5" CharSpace="0" RenderTransform="0.5968368 0 -0 0.5968368 425.1913 79.23114">
							<Font SizePoints="15" Style="Bold" FamilyName="HPDHEV+BlissPro-Bold" Capitals="Normal" ResourceId="3" />
							<Origin X="0" Y="0" />
							<Text>2</Text>
							<Size Width="7.995" Height="8.745116" />
							<Brush>
								<SolidBrush Color="#FF005F7F" />
							</Brush>
							<Tag>convertedFont</Tag>
						</Glyphs>
						<Glyphs OutlineWidth="0.5" CharSpace="0" RenderTransform="0.5968368 0 -0 0.5968368 429.994 79.23114">
							<Font SizePoints="15" Style="Bold" FamilyName="HPDHEV+BlissPro-Bold" Capitals="Normal" ResourceId="3" />
							<Origin X="0" Y="0" />
							<Text>2</Text>
							<Size Width="7.995" Height="8.745116" />
							<Brush>
								<SolidBrush Color="#FF005F7F" />
							</Brush>
							<Tag>convertedFont</Tag>
						</Glyphs>
						<Glyphs OutlineWidth="0.5" CharSpace="0" RenderTransform="0.5968368 0 -0 0.5968368 434.79666 79.23114">
							<Font SizePoints="15" Style="Bold" FamilyName="HPDHEV+BlissPro-Bold" Capitals="Normal" ResourceId="3" />
							<Origin X="0" Y="0" />
							<Text>R</Text>
							<Size Width="8.76" Height="8.745116" />
							<Brush>
								<SolidBrush Color="#FF005F7F" />
							</Brush>
							<Tag>convertedFont</Tag>
						</Glyphs>
						<Glyphs OutlineWidth="0.5" CharSpace="0" RenderTransform="0.5968368 0 -0 0.5968368 440.0656 79.23114">
							<Font SizePoints="15" Style="Bold" FamilyName="HPDHEV+BlissPro-Bold" Capitals="Normal" ResourceId="3" />
							<Origin X="0" Y="0" />
							<Text>.</Text>
							<Size Width="3.915" Height="8.745116" />
							<Brush>
								<SolidBrush Color="#FF005F7F" />
							</Brush>
							<Tag>convertedFont</Tag>
						</Glyphs>
						<Glyphs OutlineWidth="0.5" CharSpace="0" RenderTransform="0.5968368 0 -0 0.5968368 442.41565 79.23114">
							<Font SizePoints="15" Style="Bold" FamilyName="HPDHEV+BlissPro-Bold" Capitals="Normal" ResourceId="3" />
							<Origin X="0" Y="0" />
							<Text>2</Text>
							<Size Width="7.995" Height="8.745116" />
							<Brush>
								<SolidBrush Color="#FF005F7F" />
							</Brush>
							<Tag>convertedFont</Tag>
						</Glyphs>
						<Glyphs OutlineWidth="0.5" CharSpace="0" RenderTransform="0.5968368 0 -0 0.5968368 447.21832 79.23114">
							<Font SizePoints="15" Style="Bold" FamilyName="HPDHEV+BlissPro-Bold" Capitals="Normal" ResourceId="3" />
							<Origin X="0" Y="0" />
							<Text>D</Text>
							<Size Width="10.35" Height="8.745116" />
							<Brush>
								<SolidBrush Color="#FF005F7F" />
							</Brush>
							<Tag>convertedFont</Tag>
						</Glyphs>
						<Glyphs OutlineWidth="0.5" CharSpace="0" RenderTransform="0.5968368 0 -0 0.5968368 453.4478 79.23114">
							<Font SizePoints="15" Style="Bold" FamilyName="HPDHEV+BlissPro-Bold" Capitals="Normal" ResourceId="3" />
							<Origin X="0" Y="0" />
							<Text> </Text>
							<Size Width="3.21" Height="8.745116" />
							<Brush>
								<SolidBrush Color="#FF005F7F" />
							</Brush>
							<Tag>convertedFont</Tag>
						</Glyphs>
						<Glyphs OutlineWidth="0.5" CharSpace="0" RenderTransform="0.5968368 0 -0 0.5968368 455.3782 79.23114">
							<Font SizePoints="15" Style="Bold" FamilyName="HPDHEV+BlissPro-Bold" Capitals="Normal" ResourceId="3" />
							<Origin X="0" Y="0" />
							<Text>+</Text>
							<Size Width="8.175" Height="8.745116" />
							<Brush>
								<SolidBrush Color="#FF005F7F" />
							</Brush>
							<Tag>convertedFont</Tag>
						</Glyphs>
						<Glyphs OutlineWidth="0.5" CharSpace="0" RenderTransform="0.5968368 0 -0 0.5968368 460.3021 79.23114">
							<Font SizePoints="15" Style="Bold" FamilyName="HPDHEV+BlissPro-Bold" Capitals="Normal" ResourceId="3" />
							<Origin X="0" Y="0" />
							<Text> </Text>
							<Size Width="3.21" Height="8.745116" />
							<Brush>
								<SolidBrush Color="#FF005F7F" />
							</Brush>
							<Tag>convertedFont</Tag>
						</Glyphs>
						<Glyphs OutlineWidth="0.5" CharSpace="0" RenderTransform="0.5968368 0 -0 0.5968368 462.40036 79.23114">
							<Font SizePoints="15" Style="Bold" FamilyName="HPDHEV+BlissPro-Bold" Capitals="Normal" ResourceId="3" />
							<Origin X="0" Y="0" />
							<Text>V</Text>
							<Size Width="9.66" Height="8.745116" />
							<Brush>
								<SolidBrush Color="#FF005F7F" />
							</Brush>
							<Tag>convertedFont</Tag>
						</Glyphs>
						<Glyphs OutlineWidth="0.5" CharSpace="0" RenderTransform="0.5968368 0 -0 0.5968368 468.2102 79.23114">
							<Font SizePoints="15" Style="Bold" FamilyName="HPDHEV+BlissPro-Bold" Capitals="Normal" ResourceId="3" />
							<Origin X="0" Y="0" />
							<Text>R</Text>
							<Size Width="8.76" Height="8.745116" />
							<Brush>
								<SolidBrush Color="#FF005F7F" />
							</Brush>
							<Tag>convertedFont</Tag>
						</Glyphs>
						<Glyphs OutlineWidth="0.5" CharSpace="0" RenderTransform="0.5968368 0 -0 0.5968368 473.47913 79.23114">
							<Font SizePoints="15" Style="Bold" FamilyName="HPDHEV+BlissPro-Bold" Capitals="Normal" ResourceId="3" />
							<Origin X="0" Y="0" />
							<Text>N</Text>
							<Size Width="11.145" Height="8.745116" />
							<Brush>
								<SolidBrush Color="#FF005F7F" />
							</Brush>
							<Tag>convertedFont</Tag>
						</Glyphs>
						<Glyphs OutlineWidth="0.5" CharSpace="0" RenderTransform="0.5968368 0 -0 0.5968368 480.18423 79.23114">
							<Font SizePoints="15" Style="Bold" FamilyName="HPDHEV+BlissPro-Bold" Capitals="Normal" ResourceId="3" />
							<Origin X="0" Y="0" />
							<Text> </Text>
							<Size Width="3.21" Height="8.745116" />
							<Brush>
								<SolidBrush Color="#FF005F7F" />
							</Brush>
							<Tag>convertedFont</Tag>
						</Glyphs>
						<Glyphs OutlineWidth="0.5" CharSpace="0" RenderTransform="0.5968368 0 -0 0.5968368 482.11462 79.23114">
							<Font SizePoints="15" Style="Bold" FamilyName="HPDHEV+BlissPro-Bold" Capitals="Normal" ResourceId="3" />
							<Origin X="0" Y="0" />
							<Text>B</Text>
							<Size Width="8.43" Height="8.745116" />
							<Brush>
								<SolidBrush Color="#FF005F7F" />
							</Brush>
							<Tag>convertedFont</Tag>
						</Glyphs>
						<Glyphs OutlineWidth="0.5" CharSpace="0" RenderTransform="0.5968368 0 -0 0.5968368 487.18774 79.23114">
							<Font SizePoints="15" Style="Bold" FamilyName="HPDHEV+BlissPro-Bold" Capitals="Normal" ResourceId="3" />
							<Origin X="0" Y="0" />
							<Text>S</Text>
							<Size Width="7.935" Height="8.745116" />
							<Brush>
								<SolidBrush Color="#FF005F7F" />
							</Brush>
							<Tag>convertedFont</Tag>
						</Glyphs>
						<Glyphs OutlineWidth="0.5" CharSpace="0" RenderTransform="0.5968368 0 -0 0.5968368 491.9531 79.23114">
							<Font SizePoints="15" Style="Bold" FamilyName="HPDHEV+BlissPro-Bold" Capitals="Normal" ResourceId="3" />
							<Origin X="0" Y="0" />
							<Text> </Text>
							<Size Width="3.21" Height="8.745116" />
							<Brush>
								<SolidBrush Color="#FF005F7F" />
							</Brush>
							<Tag>convertedFont</Tag>
						</Glyphs>
						<Glyphs OutlineWidth="0.5" CharSpace="0" RenderTransform="0.5968368 0 -0 0.5968368 493.88348 79.23114">
							<Font SizePoints="15" Style="Bold" FamilyName="HPDHEV+BlissPro-Bold" Capitals="Normal" ResourceId="3" />
							<Origin X="0" Y="0" />
							<Text>5</Text>
							<Size Width="7.875" Height="8.745116" />
							<Brush>
								<SolidBrush Color="#FF005F7F" />
							</Brush>
							<Tag>convertedFont</Tag>
						</Glyphs>
						<Glyphs OutlineWidth="0.5" CharSpace="0" RenderTransform="0.5968368 0 -0 0.5968368 498.61157 79.23114">
							<Font SizePoints="15" Style="Bold" FamilyName="HPDHEV+BlissPro-Bold" Capitals="Normal" ResourceId="3" />
							<Origin X="0" Y="0" />
							<Text>0</Text>
							<Size Width="8.505" Height="8.745116" />
							<Brush>
								<SolidBrush Color="#FF005F7F" />
							</Brush>
							<Tag>convertedFont</Tag>
						</Glyphs>
						<Glyphs OutlineWidth="0.5" CharSpace="0" RenderTransform="0.5968368 0 -0 0.5968368 503.7313 79.23114">
							<Font SizePoints="15" Style="Bold" FamilyName="HPDHEV+BlissPro-Bold" Capitals="Normal" ResourceId="3" />
							<Origin X="0" Y="0" />
							<Text>-</Text>
							<Size Width="5.445" Height="8.745116" />
							<Brush>
								<SolidBrush Color="#FF005F7F" />
							</Brush>
							<Tag>convertedFont</Tag>
						</Glyphs>
						<Glyphs OutlineWidth="0.5" CharSpace="0" RenderTransform="0.5968368 0 -0 0.5968368 367.5033 89.97418">
							<Font SizePoints="15" Style="Bold" FamilyName="HPDHEV+BlissPro-Bold" Capitals="Normal" ResourceId="3" />
							<Origin X="0" Y="0" />
							<Text>2</Text>
							<Size Width="7.995" Height="8.745116" />
							<Brush>
								<SolidBrush Color="#FF005F7F" />
							</Brush>
							<Tag>convertedFont</Tag>
						</Glyphs>
						<Glyphs OutlineWidth="0.5" CharSpace="0" RenderTransform="0.5968368 0 -0 0.5968368 372.30597 89.97418">
							<Font SizePoints="15" Style="Bold" FamilyName="HPDHEV+BlissPro-Bold" Capitals="Normal" ResourceId="3" />
							<Origin X="0" Y="0" />
							<Text>5</Text>
							<Size Width="7.875" Height="8.745116" />
							<Brush>
								<SolidBrush Color="#FF005F7F" />
							</Brush>
							<Tag>convertedFont</Tag>
						</Glyphs>
						<Glyphs OutlineWidth="0.5" CharSpace="0" RenderTransform="0.5968368 0 -0 0.5968368 377.03406 89.97418">
							<Font SizePoints="15" Style="Bold" FamilyName="HPDHEV+BlissPro-Bold" Capitals="Normal" ResourceId="3" />
							<Origin X="0" Y="0" />
							<Text>/</Text>
							<Size Width="5.91" Height="8.745116" />
							<Brush>
								<SolidBrush Color="#FF005F7F" />
							</Brush>
							<Tag>convertedFont</Tag>
						</Glyphs>
						<Glyphs OutlineWidth="0.5" CharSpace="0" RenderTransform="0.5968368 0 -0 0.5968368 380.5871 89.97418">
							<Font SizePoints="15" Style="Bold" FamilyName="HPDHEV+BlissPro-Bold" Capitals="Normal" ResourceId="3" />
							<Origin X="0" Y="0" />
							<Text>2</Text>
							<Size Width="7.995" Height="8.745116" />
							<Brush>
								<SolidBrush Color="#FF005F7F" />
							</Brush>
							<Tag>convertedFont</Tag>
						</Glyphs>
						<Glyphs OutlineWidth="0.5" CharSpace="0" RenderTransform="0.5968368 0 -0 0.5968368 385.38977 89.97418">
							<Font SizePoints="15" Style="Bold" FamilyName="HPDHEV+BlissPro-Bold" Capitals="Normal" ResourceId="3" />
							<Origin X="0" Y="0" />
							<Text>2</Text>
							<Size Width="7.995" Height="8.745116" />
							<Brush>
								<SolidBrush Color="#FF005F7F" />
							</Brush>
							<Tag>convertedFont</Tag>
						</Glyphs>
						<Glyphs OutlineWidth="0.5" CharSpace="0" RenderTransform="0.5968368 0 -0 0.5968368 390.19244 89.97418">
							<Font SizePoints="15" Style="Bold" FamilyName="HPDHEV+BlissPro-Bold" Capitals="Normal" ResourceId="3" />
							<Origin X="0" Y="0" />
							<Text>R</Text>
							<Size Width="8.76" Height="8.745116" />
							<Brush>
								<SolidBrush Color="#FF005F7F" />
							</Brush>
							<Tag>convertedFont</Tag>
						</Glyphs>
						<Glyphs OutlineWidth="0.5" CharSpace="0" RenderTransform="0.5968368 0 -0 0.5968368 395.46136 89.97418">
							<Font SizePoints="15" Style="Bold" FamilyName="HPDHEV+BlissPro-Bold" Capitals="Normal" ResourceId="3" />
							<Origin X="0" Y="0" />
							<Text>.</Text>
							<Size Width="3.915" Height="8.745116" />
							<Brush>
								<SolidBrush Color="#FF005F7F" />
							</Brush>
							<Tag>convertedFont</Tag>
						</Glyphs>
						<Glyphs OutlineWidth="0.5" CharSpace="0" RenderTransform="0.5968368 0 -0 0.5968368 397.81143 89.97418">
							<Font SizePoints="15" Style="Bold" FamilyName="HPDHEV+BlissPro-Bold" Capitals="Normal" ResourceId="3" />
							<Origin X="0" Y="0" />
							<Text>2</Text>
							<Size Width="7.995" Height="8.745116" />
							<Brush>
								<SolidBrush Color="#FF005F7F" />
							</Brush>
							<Tag>convertedFont</Tag>
						</Glyphs>
						<Glyphs OutlineWidth="0.5" CharSpace="0" RenderTransform="0.5968368 0 -0 0.5968368 402.6141 89.97418">
							<Font SizePoints="15" Style="Bold" FamilyName="HPDHEV+BlissPro-Bold" Capitals="Normal" ResourceId="3" />
							<Origin X="0" Y="0" />
							<Text>D</Text>
							<Size Width="10.35" Height="8.745116" />
							<Brush>
								<SolidBrush Color="#FF005F7F" />
							</Brush>
							<Tag>convertedFont</Tag>
						</Glyphs>
						<Glyphs OutlineWidth="0.5" CharSpace="0" RenderTransform="0.5968368 0 -0 0.5968368 408.84357 89.97418">
							<Font SizePoints="15" Style="Bold" FamilyName="HPDHEV+BlissPro-Bold" Capitals="Normal" ResourceId="3" />
							<Origin X="0" Y="0" />
							<Text> </Text>
							<Size Width="3.21" Height="8.745116" />
							<Brush>
								<SolidBrush Color="#FF005F7F" />
							</Brush>
							<Tag>convertedFont</Tag>
						</Glyphs>
						<Glyphs OutlineWidth="0.5" CharSpace="0" RenderTransform="0.5968368 0 -0 0.5968368 410.774 89.97418">
							<Font SizePoints="15" Style="Bold" FamilyName="HPDHEV+BlissPro-Bold" Capitals="Normal" ResourceId="3" />
							<Origin X="0" Y="0" />
							<Text>[</Text>
							<Size Width="4.53" Height="8.745116" />
							<Brush>
								<SolidBrush Color="#FF005F7F" />
							</Brush>
							<Tag>convertedFont</Tag>
						</Glyphs>
						<Glyphs OutlineWidth="0.5" CharSpace="0" RenderTransform="0.5968368 0 -0 0.5968368 413.4877 89.97418">
							<Font SizePoints="15" Style="Bold" FamilyName="HPDHEV+BlissPro-Bold" Capitals="Normal" ResourceId="3" />
							<Origin X="0" Y="0" />
							<Text>П</Text>
							<Size Width="10.245" Height="8.745116" />
							<Brush>
								<SolidBrush Color="#FF005F7F" />
							</Brush>
							<Tag>convertedFont</Tag>
						</Glyphs>
						<Glyphs OutlineWidth="0.5" CharSpace="0" RenderTransform="0.5968368 0 -0 0.5968368 419.65192 89.97418">
							<Font SizePoints="15" Style="Bold" FamilyName="HPDHEV+BlissPro-Bold" Capitals="Normal" ResourceId="3" />
							<Origin X="0" Y="0" />
							<Text>о</Text>
							<Size Width="8.115" Height="8.745116" />
							<Brush>
								<SolidBrush Color="#FF005F7F" />
							</Brush>
							<Tag>convertedFont</Tag>
						</Glyphs>
						<Glyphs OutlineWidth="0.5" CharSpace="0" RenderTransform="0.5968368 0 -0 0.5968368 424.5292 89.97418">
							<Font SizePoints="15" Style="Bold" FamilyName="HPDHEV+BlissPro-Bold" Capitals="Normal" ResourceId="3" />
							<Origin X="0" Y="0" />
							<Text>д</Text>
							<Size Width="8.625" Height="8.745116" />
							<Brush>
								<SolidBrush Color="#FF005F7F" />
							</Brush>
							<Tag>convertedFont</Tag>
						</Glyphs>
						<Glyphs OutlineWidth="0.5" CharSpace="0" RenderTransform="0.5968368 0 -0 0.5968368 429.7142 89.97418">
							<Font SizePoints="15" Style="Bold" FamilyName="HPDHEV+BlissPro-Bold" Capitals="Normal" ResourceId="3" />
							<Origin X="0" Y="0" />
							<Text>в</Text>
							<Size Width="7.23" Height="8.745116" />
							<Brush>
								<SolidBrush Color="#FF005F7F" />
							</Brush>
							<Tag>convertedFont</Tag>
						</Glyphs>
						<Glyphs OutlineWidth="0.5" CharSpace="0" RenderTransform="0.5968368 0 -0 0.5968368 434.05994 89.97418">
							<Font SizePoints="15" Style="Bold" FamilyName="HPDHEV+BlissPro-Bold" Capitals="Normal" ResourceId="3" />
							<Origin X="0" Y="0" />
							<Text>е</Text>
							<Size Width="7.38" Height="8.745116" />
							<Brush>
								<SolidBrush Color="#FF005F7F" />
							</Brush>
							<Tag>convertedFont</Tag>
						</Glyphs>
						<Glyphs OutlineWidth="0.5" CharSpace="0" RenderTransform="0.5968368 0 -0 0.5968368 438.4989 89.97418">
							<Font SizePoints="15" Style="Bold" FamilyName="HPDHEV+BlissPro-Bold" Capitals="Normal" ResourceId="3" />
							<Origin X="0" Y="0" />
							<Text>с</Text>
							<Size Width="6.705" Height="8.745116" />
							<Brush>
								<SolidBrush Color="#FF005F7F" />
							</Brush>
							<Tag>convertedFont</Tag>
						</Glyphs>
						<Glyphs OutlineWidth="0.5" CharSpace="0" RenderTransform="0.5968368 0 -0 0.5968368 442.52756 89.97418">
							<Font SizePoints="15" Style="Bold" FamilyName="HPDHEV+BlissPro-Bold" Capitals="Normal" ResourceId="3" />
							<Origin X="0" Y="0" />
							<Text>н</Text>
							<Size Width="8.085" Height="8.745116" />
							<Brush>
								<SolidBrush Color="#FF005F7F" />
							</Brush>
							<Tag>convertedFont</Tag>
						</Glyphs>
						<Glyphs OutlineWidth="0.5" CharSpace="0" RenderTransform="0.5968368 0 -0 0.5968368 447.38617 89.97418">
							<Font SizePoints="15" Style="Bold" FamilyName="HPDHEV+BlissPro-Bold" Capitals="Normal" ResourceId="3" />
							<Origin X="0" Y="0" />
							<Text>а</Text>
							<Size Width="7.365" Height="8.745116" />
							<Brush>
								<SolidBrush Color="#FF005F7F" />
							</Brush>
							<Tag>convertedFont</Tag>
						</Glyphs>
						<Glyphs OutlineWidth="0.5" CharSpace="0" RenderTransform="0.5968368 0 -0 0.5968368 451.81583 89.97418">
							<Font SizePoints="15" Style="Bold" FamilyName="HPDHEV+BlissPro-Bold" Capitals="Normal" ResourceId="3" />
							<Origin X="0" Y="0" />
							<Text>я</Text>
							<Size Width="7.365" Height="8.745116" />
							<Brush>
								<SolidBrush Color="#FF005F7F" />
							</Brush>
							<Tag>convertedFont</Tag>
						</Glyphs>
						<Glyphs OutlineWidth="0.5" CharSpace="0" RenderTransform="0.5968368 0 -0 0.5968368 456.24548 89.97418">
							<Font SizePoints="15" Style="Bold" FamilyName="HPDHEV+BlissPro-Bold" Capitals="Normal" ResourceId="3" />
							<Origin X="0" Y="0" />
							<Text>]</Text>
							<Size Width="4.53" Height="8.745116" />
							<Brush>
								<SolidBrush Color="#FF005F7F" />
							</Brush>
							<Tag>convertedFont</Tag>
						</Glyphs>
						<Glyphs OutlineWidth="0.5" CharSpace="0" RenderTransform="0.5968368 0 -0 0.5968368 209.34155 103.104614">
							<Font SizePoints="15" Style="Regular" FamilyName="CSMVMI+BlissPro" Capitals="Normal" ResourceId="2" />
							<Origin X="0" Y="0" />
							<Text>Д</Text>
							<Size Width="9.795" Height="8.745116" />
							<Brush>
								<SolidBrush Color="#FF6D6E71" />
							</Brush>
							<Tag>convertedFont</Tag>
						</Glyphs>
						<Glyphs OutlineWidth="0.5" CharSpace="0" RenderTransform="0.5968368 0 -0 0.5968368 215.22598 103.104614">
							<Font SizePoints="15" Style="Regular" FamilyName="CSMVMI+BlissPro" Capitals="Normal" ResourceId="2" />
							<Origin X="0" Y="0" />
							<Text>а</Text>
							<Size Width="7.08" Height="8.745116" />
							<Brush>
								<SolidBrush Color="#FF6D6E71" />
							</Brush>
							<Tag>convertedFont</Tag>
						</Glyphs>
						<Glyphs OutlineWidth="0.5" CharSpace="0" RenderTransform="0.5968368 0 -0 0.5968368 219.47845 103.104614">
							<Font SizePoints="15" Style="Regular" FamilyName="CSMVMI+BlissPro" Capitals="Normal" ResourceId="2" />
							<Origin X="0" Y="0" />
							<Text>т</Text>
							<Size Width="6.615" Height="8.745116" />
							<Brush>
								<SolidBrush Color="#FF6D6E71" />
							</Brush>
							<Tag>convertedFont</Tag>
						</Glyphs>
						<Glyphs OutlineWidth="0.5" CharSpace="0" RenderTransform="0.5968368 0 -0 0.5968368 223.46048 103.104614">
							<Font SizePoints="15" Style="Regular" FamilyName="CSMVMI+BlissPro" Capitals="Normal" ResourceId="2" />
							<Origin X="0" Y="0" />
							<Text>а</Text>
							<Size Width="7.08" Height="8.745116" />
							<Brush>
								<SolidBrush Color="#FF6D6E71" />
							</Brush>
							<Tag>convertedFont</Tag>
						</Glyphs>
						<Glyphs OutlineWidth="0.5" CharSpace="0" RenderTransform="0.5968368 0 -0 0.5968368 227.71294 103.104614">
							<Font SizePoints="15" Style="Regular" FamilyName="CSMVMI+BlissPro" Capitals="Normal" ResourceId="2" />
							<Origin X="0" Y="0" />
							<Text> </Text>
							<Size Width="3.315" Height="8.745116" />
							<Brush>
								<SolidBrush Color="#FF6D6E71" />
							</Brush>
							<Tag>convertedFont</Tag>
						</Glyphs>
						<Glyphs OutlineWidth="0.5" CharSpace="0" RenderTransform="0.5968368 0 -0 0.5968368 229.7086 103.104614">
							<Font SizePoints="15" Style="Regular" FamilyName="CSMVMI+BlissPro" Capitals="Normal" ResourceId="2" />
							<Origin X="0" Y="0" />
							<Text>к</Text>
							<Size Width="6.96" Height="8.745116" />
							<Brush>
								<SolidBrush Color="#FF6D6E71" />
							</Brush>
							<Tag>convertedFont</Tag>
						</Glyphs>
						<Glyphs OutlineWidth="0.5" CharSpace="0" RenderTransform="0.5968368 0 -0 0.5968368 233.8958 103.104614">
							<Font SizePoints="15" Style="Regular" FamilyName="CSMVMI+BlissPro" Capitals="Normal" ResourceId="2" />
							<Origin X="0" Y="0" />
							<Text>о</Text>
							<Size Width="7.89" Height="8.745116" />
							<Brush>
								<SolidBrush Color="#FF6D6E71" />
							</Brush>
							<Tag>convertedFont</Tag>
						</Glyphs>
						<Glyphs OutlineWidth="0.5" CharSpace="0" RenderTransform="0.5968368 0 -0 0.5968368 238.63318 103.104614">
							<Font SizePoints="15" Style="Regular" FamilyName="CSMVMI+BlissPro" Capitals="Normal" ResourceId="2" />
							<Origin X="0" Y="0" />
							<Text>м</Text>
							<Size Width="8.97" Height="8.745116" />
							<Brush>
								<SolidBrush Color="#FF6D6E71" />
							</Brush>
							<Tag>convertedFont</Tag>
						</Glyphs>
						<Glyphs OutlineWidth="0.5" CharSpace="0" RenderTransform="0.5968368 0 -0 0.5968368 244.02336 103.104614">
							<Font SizePoints="15" Style="Regular" FamilyName="CSMVMI+BlissPro" Capitals="Normal" ResourceId="2" />
							<Origin X="0" Y="0" />
							<Text>м</Text>
							<Size Width="8.97" Height="8.745116" />
							<Brush>
								<SolidBrush Color="#FF6D6E71" />
							</Brush>
							<Tag>convertedFont</Tag>
						</Glyphs>
						<Glyphs OutlineWidth="0.5" CharSpace="0" RenderTransform="0.5968368 0 -0 0.5968368 249.41354 103.104614">
							<Font SizePoints="15" Style="Regular" FamilyName="CSMVMI+BlissPro" Capitals="Normal" ResourceId="2" />
							<Origin X="0" Y="0" />
							<Text>е</Text>
							<Size Width="7.11" Height="8.745116" />
							<Brush>
								<SolidBrush Color="#FF6D6E71" />
							</Brush>
							<Tag>convertedFont</Tag>
						</Glyphs>
						<Glyphs OutlineWidth="0.5" CharSpace="0" RenderTransform="0.5968368 0 -0 0.5968368 253.68466 103.104614">
							<Font SizePoints="15" Style="Regular" FamilyName="CSMVMI+BlissPro" Capitals="Normal" ResourceId="2" />
							<Origin X="0" Y="0" />
							<Text>р</Text>
							<Size Width="7.65" Height="8.745116" />
							<Brush>
								<SolidBrush Color="#FF6D6E71" />
							</Brush>
							<Tag>convertedFont</Tag>
						</Glyphs>
						<Glyphs OutlineWidth="0.5" CharSpace="0" RenderTransform="0.5968368 0 -0 0.5968368 258.28217 103.104614">
							<Font SizePoints="15" Style="Regular" FamilyName="CSMVMI+BlissPro" Capitals="Normal" ResourceId="2" />
							<Origin X="0" Y="0" />
							<Text>ч</Text>
							<Size Width="7.26" Height="8.745116" />
							<Brush>
								<SolidBrush Color="#FF6D6E71" />
							</Brush>
							<Tag>convertedFont</Tag>
						</Glyphs>
						<Glyphs OutlineWidth="0.5" CharSpace="0" RenderTransform="0.5968368 0 -0 0.5968368 262.64655 103.104614">
							<Font SizePoints="15" Style="Regular" FamilyName="CSMVMI+BlissPro" Capitals="Normal" ResourceId="2" />
							<Origin X="0" Y="0" />
							<Text>е</Text>
							<Size Width="7.11" Height="8.745116" />
							<Brush>
								<SolidBrush Color="#FF6D6E71" />
							</Brush>
							<Tag>convertedFont</Tag>
						</Glyphs>
						<Glyphs OutlineWidth="0.5" CharSpace="0" RenderTransform="0.5968368 0 -0 0.5968368 266.91766 103.104614">
							<Font SizePoints="15" Style="Regular" FamilyName="CSMVMI+BlissPro" Capitals="Normal" ResourceId="2" />
							<Origin X="0" Y="0" />
							<Text>с</Text>
							<Size Width="6.51" Height="8.745116" />
							<Brush>
								<SolidBrush Color="#FF6D6E71" />
							</Brush>
							<Tag>convertedFont</Tag>
						</Glyphs>
						<Glyphs OutlineWidth="0.5" CharSpace="0" RenderTransform="0.5968368 0 -0 0.5968368 270.82507 103.104614">
							<Font SizePoints="15" Style="Regular" FamilyName="CSMVMI+BlissPro" Capitals="Normal" ResourceId="2" />
							<Origin X="0" Y="0" />
							<Text>к</Text>
							<Size Width="6.96" Height="8.745116" />
							<Brush>
								<SolidBrush Color="#FF6D6E71" />
							</Brush>
							<Tag>convertedFont</Tag>
						</Glyphs>
						<Glyphs OutlineWidth="0.5" CharSpace="0" RenderTransform="0.5968368 0 -0 0.5968368 275.01227 103.104614">
							<Font SizePoints="15" Style="Regular" FamilyName="CSMVMI+BlissPro" Capitals="Normal" ResourceId="2" />
							<Origin X="0" Y="0" />
							<Text>о</Text>
							<Size Width="7.89" Height="8.745116" />
							<Brush>
								<SolidBrush Color="#FF6D6E71" />
							</Brush>
							<Tag>convertedFont</Tag>
						</Glyphs>
						<Glyphs OutlineWidth="0.5" CharSpace="0" RenderTransform="0.5968368 0 -0 0.5968368 279.74963 103.104614">
							<Font SizePoints="15" Style="Regular" FamilyName="CSMVMI+BlissPro" Capitals="Normal" ResourceId="2" />
							<Origin X="0" Y="0" />
							<Text>г</Text>
							<Size Width="5.94" Height="8.745116" />
							<Brush>
								<SolidBrush Color="#FF6D6E71" />
							</Brush>
							<Tag>convertedFont</Tag>
						</Glyphs>
						<Glyphs OutlineWidth="0.5" CharSpace="0" RenderTransform="0.5968368 0 -0 0.5968368 283.32135 103.104614">
							<Font SizePoints="15" Style="Regular" FamilyName="CSMVMI+BlissPro" Capitals="Normal" ResourceId="2" />
							<Origin X="0" Y="0" />
							<Text>о</Text>
							<Size Width="7.89" Height="8.745116" />
							<Brush>
								<SolidBrush Color="#FF6D6E71" />
							</Brush>
							<Tag>convertedFont</Tag>
						</Glyphs>
						<Glyphs OutlineWidth="0.5" CharSpace="0" RenderTransform="0.5968368 0 -0 0.5968368 288.05875 103.104614">
							<Font SizePoints="15" Style="Regular" FamilyName="CSMVMI+BlissPro" Capitals="Normal" ResourceId="2" />
							<Origin X="0" Y="0" />
							<Text> </Text>
							<Size Width="3.315" Height="8.745116" />
							<Brush>
								<SolidBrush Color="#FF6D6E71" />
							</Brush>
							<Tag>convertedFont</Tag>
						</Glyphs>
						<Glyphs OutlineWidth="0.5" CharSpace="0" RenderTransform="0.5968368 0 -0 0.5968368 290.0544 103.104614">
							<Font SizePoints="15" Style="Regular" FamilyName="CSMVMI+BlissPro" Capitals="Normal" ResourceId="2" />
							<Origin X="0" Y="0" />
							<Text>п</Text>
							<Size Width="7.695" Height="8.745116" />
							<Brush>
								<SolidBrush Color="#FF6D6E71" />
							</Brush>
							<Tag>convertedFont</Tag>
						</Glyphs>
						<Glyphs OutlineWidth="0.5" CharSpace="0" RenderTransform="0.5968368 0 -0 0.5968368 294.6799 103.104614">
							<Font SizePoints="15" Style="Regular" FamilyName="CSMVMI+BlissPro" Capitals="Normal" ResourceId="2" />
							<Origin X="0" Y="0" />
							<Text>р</Text>
							<Size Width="7.65" Height="8.745116" />
							<Brush>
								<SolidBrush Color="#FF6D6E71" />
							</Brush>
							<Tag>convertedFont</Tag>
						</Glyphs>
						<Glyphs OutlineWidth="0.5" CharSpace="0" RenderTransform="0.5968368 0 -0 0.5968368 299.2774 103.104614">
							<Font SizePoints="15" Style="Regular" FamilyName="CSMVMI+BlissPro" Capitals="Normal" ResourceId="2" />
							<Origin X="0" Y="0" />
							<Text>е</Text>
							<Size Width="7.11" Height="8.745116" />
							<Brush>
								<SolidBrush Color="#FF6D6E71" />
							</Brush>
							<Tag>convertedFont</Tag>
						</Glyphs>
						<Glyphs OutlineWidth="0.5" CharSpace="0" RenderTransform="0.5968368 0 -0 0.5968368 303.54852 103.104614">
							<Font SizePoints="15" Style="Regular" FamilyName="CSMVMI+BlissPro" Capitals="Normal" ResourceId="2" />
							<Origin X="0" Y="0" />
							<Text>д</Text>
							<Size Width="8.145" Height="8.745116" />
							<Brush>
								<SolidBrush Color="#FF6D6E71" />
							</Brush>
							<Tag>convertedFont</Tag>
						</Glyphs>
						<Glyphs OutlineWidth="0.5" CharSpace="0" RenderTransform="0.5968368 0 -0 0.5968368 308.44443 103.104614">
							<Font SizePoints="15" Style="Regular" FamilyName="CSMVMI+BlissPro" Capitals="Normal" ResourceId="2" />
							<Origin X="0" Y="0" />
							<Text>л</Text>
							<Size Width="7.545" Height="8.745116" />
							<Brush>
								<SolidBrush Color="#FF6D6E71" />
							</Brush>
							<Tag>convertedFont</Tag>
						</Glyphs>
						<Glyphs OutlineWidth="0.5" CharSpace="0" RenderTransform="0.5968368 0 -0 0.5968368 312.97665 103.104614">
							<Font SizePoints="15" Style="Regular" FamilyName="CSMVMI+BlissPro" Capitals="Normal" ResourceId="2" />
							<Origin X="0" Y="0" />
							<Text>о</Text>
							<Size Width="7.89" Height="8.745116" />
							<Brush>
								<SolidBrush Color="#FF6D6E71" />
							</Brush>
							<Tag>convertedFont</Tag>
						</Glyphs>
						<Glyphs OutlineWidth="0.5" CharSpace="0" RenderTransform="0.5968368 0 -0 0.5968368 317.71405 103.104614">
							<Font SizePoints="15" Style="Regular" FamilyName="CSMVMI+BlissPro" Capitals="Normal" ResourceId="2" />
							<Origin X="0" Y="0" />
							<Text>ж</Text>
							<Size Width="10.32" Height="8.745116" />
							<Brush>
								<SolidBrush Color="#FF6D6E71" />
							</Brush>
							<Tag>convertedFont</Tag>
						</Glyphs>
						<Glyphs OutlineWidth="0.5" CharSpace="0" RenderTransform="0.5968368 0 -0 0.5968368 323.9249 103.104614">
							<Font SizePoints="15" Style="Regular" FamilyName="CSMVMI+BlissPro" Capitals="Normal" ResourceId="2" />
							<Origin X="0" Y="0" />
							<Text>е</Text>
							<Size Width="7.11" Height="8.745116" />
							<Brush>
								<SolidBrush Color="#FF6D6E71" />
							</Brush>
							<Tag>convertedFont</Tag>
						</Glyphs>
						<Glyphs OutlineWidth="0.5" CharSpace="0" RenderTransform="0.5968368 0 -0 0.5968368 328.196 103.104614">
							<Font SizePoints="15" Style="Regular" FamilyName="CSMVMI+BlissPro" Capitals="Normal" ResourceId="2" />
							<Origin X="0" Y="0" />
							<Text>н</Text>
							<Size Width="7.785" Height="8.745116" />
							<Brush>
								<SolidBrush Color="#FF6D6E71" />
							</Brush>
							<Tag>convertedFont</Tag>
						</Glyphs>
						<Glyphs OutlineWidth="0.5" CharSpace="0" RenderTransform="0.5968368 0 -0 0.5968368 332.87744 103.104614">
							<Font SizePoints="15" Style="Regular" FamilyName="CSMVMI+BlissPro" Capitals="Normal" ResourceId="2" />
							<Origin X="0" Y="0" />
							<Text>и</Text>
							<Size Width="8.055" Height="8.745116" />
							<Brush>
								<SolidBrush Color="#FF6D6E71" />
							</Brush>
							<Tag>convertedFont</Tag>
						</Glyphs>
						<Glyphs OutlineWidth="0.5" CharSpace="0" RenderTransform="0.5968368 0 -0 0.5968368 337.7174 103.104614">
							<Font SizePoints="15" Style="Regular" FamilyName="CSMVMI+BlissPro" Capitals="Normal" ResourceId="2" />
							<Origin X="0" Y="0" />
							<Text>я</Text>
							<Size Width="7.155" Height="8.745116" />
							<Brush>
								<SolidBrush Color="#FF6D6E71" />
							</Brush>
							<Tag>convertedFont</Tag>
						</Glyphs>
						<Glyphs OutlineWidth="0.5" CharSpace="0" RenderTransform="0.5968368 0 -0 0.5968368 367.5033 103.104614">
							<Font SizePoints="15" Style="Regular" FamilyName="CSMVMI+BlissPro" Capitals="Normal" ResourceId="2" />
							<Origin X="0" Y="0" />
							<Text>0</Text>
							<Size Width="8.31" Height="8.745116" />
							<Brush>
								<SolidBrush Color="#FF000000" />
							</Brush>
							<Tag>convertedFont</Tag>
						</Glyphs>
						<Glyphs OutlineWidth="0.5" CharSpace="0" RenderTransform="0.5968368 0 -0 0.5968368 372.4925 103.104614">
							<Font SizePoints="15" Style="Regular" FamilyName="CSMVMI+BlissPro" Capitals="Normal" ResourceId="2" />
							<Origin X="0" Y="0" />
							<Text>3</Text>
							<Size Width="7.98" Height="8.745116" />
							<Brush>
								<SolidBrush Color="#FF000000" />
							</Brush>
							<Tag>convertedFont</Tag>
						</Glyphs>
						<Glyphs OutlineWidth="0.5" CharSpace="0" RenderTransform="0.5968368 0 -0 0.5968368 377.28583 103.104614">
							<Font SizePoints="15" Style="Regular" FamilyName="CSMVMI+BlissPro" Capitals="Normal" ResourceId="2" />
							<Origin X="0" Y="0" />
							<Text>.</Text>
							<Size Width="3.51" Height="8.745116" />
							<Brush>
								<SolidBrush Color="#FF000000" />
							</Brush>
							<Tag>convertedFont</Tag>
						</Glyphs>
						<Glyphs OutlineWidth="0.5" CharSpace="0" RenderTransform="0.5968368 0 -0 0.5968368 379.3934 103.104614">
							<Font SizePoints="15" Style="Regular" FamilyName="CSMVMI+BlissPro" Capitals="Normal" ResourceId="2" />
							<Origin X="0" Y="0" />
							<Text>1</Text>
							<Size Width="6.27" Height="8.745116" />
							<Brush>
								<SolidBrush Color="#FF000000" />
							</Brush>
							<Tag>convertedFont</Tag>
						</Glyphs>
						<Glyphs OutlineWidth="0.5" CharSpace="0" RenderTransform="0.5968368 0 -0 0.5968368 383.16095 103.104614">
							<Font SizePoints="15" Style="Regular" FamilyName="CSMVMI+BlissPro" Capitals="Normal" ResourceId="2" />
							<Origin X="0" Y="0" />
							<Text>1</Text>
							<Size Width="6.27" Height="8.745116" />
							<Brush>
								<SolidBrush Color="#FF000000" />
							</Brush>
							<Tag>convertedFont</Tag>
						</Glyphs>
						<Glyphs OutlineWidth="0.5" CharSpace="0" RenderTransform="0.5968368 0 -0 0.5968368 386.92847 103.104614">
							<Font SizePoints="15" Style="Regular" FamilyName="CSMVMI+BlissPro" Capitals="Normal" ResourceId="2" />
							<Origin X="0" Y="0" />
							<Text>.</Text>
							<Size Width="3.51" Height="8.745116" />
							<Brush>
								<SolidBrush Color="#FF000000" />
							</Brush>
							<Tag>convertedFont</Tag>
						</Glyphs>
						<Glyphs OutlineWidth="0.5" CharSpace="0" RenderTransform="0.5968368 0 -0 0.5968368 389.03607 103.104614">
							<Font SizePoints="15" Style="Regular" FamilyName="CSMVMI+BlissPro" Capitals="Normal" ResourceId="2" />
							<Origin X="0" Y="0" />
							<Text>2</Text>
							<Size Width="7.665" Height="8.745116" />
							<Brush>
								<SolidBrush Color="#FF000000" />
							</Brush>
							<Tag>convertedFont</Tag>
						</Glyphs>
						<Glyphs OutlineWidth="0.5" CharSpace="0" RenderTransform="0.5968368 0 -0 0.5968368 393.64288 103.104614">
							<Font SizePoints="15" Style="Regular" FamilyName="CSMVMI+BlissPro" Capitals="Normal" ResourceId="2" />
							<Origin X="0" Y="0" />
							<Text>0</Text>
							<Size Width="8.31" Height="8.745116" />
							<Brush>
								<SolidBrush Color="#FF000000" />
							</Brush>
							<Tag>convertedFont</Tag>
						</Glyphs>
						<Glyphs OutlineWidth="0.5" CharSpace="0" RenderTransform="0.5968368 0 -0 0.5968368 398.63208 103.104614">
							<Font SizePoints="15" Style="Regular" FamilyName="CSMVMI+BlissPro" Capitals="Normal" ResourceId="2" />
							<Origin X="0" Y="0" />
							<Text>2</Text>
							<Size Width="7.665" Height="8.745116" />
							<Brush>
								<SolidBrush Color="#FF000000" />
							</Brush>
							<Tag>convertedFont</Tag>
						</Glyphs>
						<Glyphs OutlineWidth="0.5" CharSpace="0" RenderTransform="0.5968368 0 -0 0.5968368 403.23892 103.104614">
							<Font SizePoints="15" Style="Regular" FamilyName="CSMVMI+BlissPro" Capitals="Normal" ResourceId="2" />
							<Origin X="0" Y="0" />
							<Text>3</Text>
							<Size Width="7.98" Height="8.745116" />
							<Brush>
								<SolidBrush Color="#FF000000" />
							</Brush>
							<Tag>convertedFont</Tag>
						</Glyphs>
						<Glyphs OutlineWidth="0.5" CharSpace="0" RenderTransform="0.5968368 0 -0 0.5968368 209.34155 126.97809">
							<Font SizePoints="15" Style="Regular" FamilyName="CSMVMI+BlissPro" Capitals="Normal" ResourceId="2" />
							<Origin X="0" Y="0" />
							<Text>Н</Text>
							<Size Width="10.365" Height="8.745116" />
							<Brush>
								<SolidBrush Color="#FF6D6E71" />
							</Brush>
							<Tag>convertedFont</Tag>
						</Glyphs>
						<Glyphs OutlineWidth="0.5" CharSpace="0" RenderTransform="0.5968368 0 -0 0.5968368 215.58037 126.97809">
							<Font SizePoints="15" Style="Regular" FamilyName="CSMVMI+BlissPro" Capitals="Normal" ResourceId="2" />
							<Origin X="0" Y="0" />
							<Text>а</Text>
							<Size Width="7.08" Height="8.745116" />
							<Brush>
								<SolidBrush Color="#FF6D6E71" />
							</Brush>
							<Tag>convertedFont</Tag>
						</Glyphs>
						<Glyphs OutlineWidth="0.5" CharSpace="0" RenderTransform="0.5968368 0 -0 0.5968368 219.83282 126.97809">
							<Font SizePoints="15" Style="Regular" FamilyName="CSMVMI+BlissPro" Capitals="Normal" ResourceId="2" />
							<Origin X="0" Y="0" />
							<Text>и</Text>
							<Size Width="8.055" Height="8.745116" />
							<Brush>
								<SolidBrush Color="#FF6D6E71" />
							</Brush>
							<Tag>convertedFont</Tag>
						</Glyphs>
						<Glyphs OutlineWidth="0.5" CharSpace="0" RenderTransform="0.5968368 0 -0 0.5968368 224.67279 126.97809">
							<Font SizePoints="15" Style="Regular" FamilyName="CSMVMI+BlissPro" Capitals="Normal" ResourceId="2" />
							<Origin X="0" Y="0" />
							<Text>м</Text>
							<Size Width="8.97" Height="8.745116" />
							<Brush>
								<SolidBrush Color="#FF6D6E71" />
							</Brush>
							<Tag>convertedFont</Tag>
						</Glyphs>
						<Glyphs OutlineWidth="0.5" CharSpace="0" RenderTransform="0.5968368 0 -0 0.5968368 230.06297 126.97809">
							<Font SizePoints="15" Style="Regular" FamilyName="CSMVMI+BlissPro" Capitals="Normal" ResourceId="2" />
							<Origin X="0" Y="0" />
							<Text>е</Text>
							<Size Width="7.11" Height="8.745116" />
							<Brush>
								<SolidBrush Color="#FF6D6E71" />
							</Brush>
							<Tag>convertedFont</Tag>
						</Glyphs>
						<Glyphs OutlineWidth="0.5" CharSpace="0" RenderTransform="0.5968368 0 -0 0.5968368 234.33409 126.97809">
							<Font SizePoints="15" Style="Regular" FamilyName="CSMVMI+BlissPro" Capitals="Normal" ResourceId="2" />
							<Origin X="0" Y="0" />
							<Text>н</Text>
							<Size Width="7.785" Height="8.745116" />
							<Brush>
								<SolidBrush Color="#FF6D6E71" />
							</Brush>
							<Tag>convertedFont</Tag>
						</Glyphs>
						<Glyphs OutlineWidth="0.5" CharSpace="0" RenderTransform="0.5968368 0 -0 0.5968368 239.01553 126.97809">
							<Font SizePoints="15" Style="Regular" FamilyName="CSMVMI+BlissPro" Capitals="Normal" ResourceId="2" />
							<Origin X="0" Y="0" />
							<Text>о</Text>
							<Size Width="7.89" Height="8.745116" />
							<Brush>
								<SolidBrush Color="#FF6D6E71" />
							</Brush>
							<Tag>convertedFont</Tag>
						</Glyphs>
						<Glyphs OutlineWidth="0.5" CharSpace="0" RenderTransform="0.5968368 0 -0 0.5968368 243.75293 126.97809">
							<Font SizePoints="15" Style="Regular" FamilyName="CSMVMI+BlissPro" Capitals="Normal" ResourceId="2" />
							<Origin X="0" Y="0" />
							<Text>в</Text>
							<Size Width="7.005" Height="8.745116" />
							<Brush>
								<SolidBrush Color="#FF6D6E71" />
							</Brush>
							<Tag>convertedFont</Tag>
						</Glyphs>
						<Glyphs OutlineWidth="0.5" CharSpace="0" RenderTransform="0.5968368 0 -0 0.5968368 247.96808 126.97809">
							<Font SizePoints="15" Style="Regular" FamilyName="CSMVMI+BlissPro" Capitals="Normal" ResourceId="2" />
							<Origin X="0" Y="0" />
							<Text>а</Text>
							<Size Width="7.08" Height="8.745116" />
							<Brush>
								<SolidBrush Color="#FF6D6E71" />
							</Brush>
							<Tag>convertedFont</Tag>
						</Glyphs>
						<Glyphs OutlineWidth="0.5" CharSpace="0" RenderTransform="0.5968368 0 -0 0.5968368 252.22055 126.97809">
							<Font SizePoints="15" Style="Regular" FamilyName="CSMVMI+BlissPro" Capitals="Normal" ResourceId="2" />
							<Origin X="0" Y="0" />
							<Text>н</Text>
							<Size Width="7.785" Height="8.745116" />
							<Brush>
								<SolidBrush Color="#FF6D6E71" />
							</Brush>
							<Tag>convertedFont</Tag>
						</Glyphs>
						<Glyphs OutlineWidth="0.5" CharSpace="0" RenderTransform="0.5968368 0 -0 0.5968368 256.90198 126.97809">
							<Font SizePoints="15" Style="Regular" FamilyName="CSMVMI+BlissPro" Capitals="Normal" ResourceId="2" />
							<Origin X="0" Y="0" />
							<Text>и</Text>
							<Size Width="8.055" Height="8.745116" />
							<Brush>
								<SolidBrush Color="#FF6D6E71" />
							</Brush>
							<Tag>convertedFont</Tag>
						</Glyphs>
						<Glyphs OutlineWidth="0.5" CharSpace="0" RenderTransform="0.5968368 0 -0 0.5968368 261.74194 126.97809">
							<Font SizePoints="15" Style="Regular" FamilyName="CSMVMI+BlissPro" Capitals="Normal" ResourceId="2" />
							<Origin X="0" Y="0" />
							<Text>е</Text>
							<Size Width="7.11" Height="8.745116" />
							<Brush>
								<SolidBrush Color="#FF6D6E71" />
							</Brush>
							<Tag>convertedFont</Tag>
						</Glyphs>
						<Glyphs OutlineWidth="0.5" CharSpace="0" RenderTransform="0.5968368 0 -0 0.5968368 266.01306 126.97809">
							<Font SizePoints="15" Style="Regular" FamilyName="CSMVMI+BlissPro" Capitals="Normal" ResourceId="2" />
							<Origin X="0" Y="0" />
							<Text> </Text>
							<Size Width="3.315" Height="8.745116" />
							<Brush>
								<SolidBrush Color="#FF6D6E71" />
							</Brush>
							<Tag>convertedFont</Tag>
						</Glyphs>
						<Glyphs OutlineWidth="0.5" CharSpace="0" RenderTransform="0.5968368 0 -0 0.5968368 268.00873 126.97809">
							<Font SizePoints="15" Style="Regular" FamilyName="CSMVMI+BlissPro" Capitals="Normal" ResourceId="2" />
							<Origin X="0" Y="0" />
							<Text>о</Text>
							<Size Width="7.89" Height="8.745116" />
							<Brush>
								<SolidBrush Color="#FF6D6E71" />
							</Brush>
							<Tag>convertedFont</Tag>
						</Glyphs>
						<Glyphs OutlineWidth="0.5" CharSpace="0" RenderTransform="0.5968368 0 -0 0.5968368 272.74615 126.97809">
							<Font SizePoints="15" Style="Regular" FamilyName="CSMVMI+BlissPro" Capitals="Normal" ResourceId="2" />
							<Origin X="0" Y="0" />
							<Text>б</Text>
							<Size Width="7.65" Height="8.745116" />
							<Brush>
								<SolidBrush Color="#FF6D6E71" />
							</Brush>
							<Tag>convertedFont</Tag>
						</Glyphs>
						<Glyphs OutlineWidth="0.5" CharSpace="0" RenderTransform="0.5968368 0 -0 0.5968368 277.34363 126.97809">
							<Font SizePoints="15" Style="Regular" FamilyName="CSMVMI+BlissPro" Capitals="Normal" ResourceId="2" />
							<Origin X="0" Y="0" />
							<Text>ъ</Text>
							<Size Width="8.82" Height="8.745116" />
							<Brush>
								<SolidBrush Color="#FF6D6E71" />
							</Brush>
							<Tag>convertedFont</Tag>
						</Glyphs>
						<Glyphs OutlineWidth="0.5" CharSpace="0" RenderTransform="0.5968368 0 -0 0.5968368 282.6499 126.97809">
							<Font SizePoints="15" Style="Regular" FamilyName="CSMVMI+BlissPro" Capitals="Normal" ResourceId="2" />
							<Origin X="0" Y="0" />
							<Text>е</Text>
							<Size Width="7.11" Height="8.745116" />
							<Brush>
								<SolidBrush Color="#FF6D6E71" />
							</Brush>
							<Tag>convertedFont</Tag>
						</Glyphs>
						<Glyphs OutlineWidth="0.5" CharSpace="0" RenderTransform="0.5968368 0 -0 0.5968368 286.92102 126.97809">
							<Font SizePoints="15" Style="Regular" FamilyName="CSMVMI+BlissPro" Capitals="Normal" ResourceId="2" />
							<Origin X="0" Y="0" />
							<Text>к</Text>
							<Size Width="6.96" Height="8.745116" />
							<Brush>
								<SolidBrush Color="#FF6D6E71" />
							</Brush>
							<Tag>convertedFont</Tag>
						</Glyphs>
						<Glyphs OutlineWidth="0.5" CharSpace="0" RenderTransform="0.5968368 0 -0 0.5968368 291.1082 126.97809">
							<Font SizePoints="15" Style="Regular" FamilyName="CSMVMI+BlissPro" Capitals="Normal" ResourceId="2" />
							<Origin X="0" Y="0" />
							<Text>т</Text>
							<Size Width="6.615" Height="8.745116" />
							<Brush>
								<SolidBrush Color="#FF6D6E71" />
							</Brush>
							<Tag>convertedFont</Tag>
						</Glyphs>
						<Glyphs OutlineWidth="0.5" CharSpace="0" RenderTransform="0.5968368 0 -0 0.5968368 295.0902 126.97809">
							<Font SizePoints="15" Style="Regular" FamilyName="CSMVMI+BlissPro" Capitals="Normal" ResourceId="2" />
							<Origin X="0" Y="0" />
							<Text>а</Text>
							<Size Width="7.08" Height="8.745116" />
							<Brush>
								<SolidBrush Color="#FF6D6E71" />
							</Brush>
							<Tag>convertedFont</Tag>
						</Glyphs>
						<Glyphs OutlineWidth="0.5" CharSpace="0" RenderTransform="0.5968368 0 -0 0.5968368 367.5033 116.234985">
							<Font SizePoints="15" Style="Regular" FamilyName="CSMVMI+BlissPro" Capitals="Normal" ResourceId="2" />
							<Origin X="0" Y="0" />
							<Text>М</Text>
							<Size Width="12" Height="8.745116" />
							<Brush>
								<SolidBrush Color="#FF000000" />
							</Brush>
							<Tag>convertedFont</Tag>
						</Glyphs>
						<Glyphs OutlineWidth="0.5" CharSpace="0" RenderTransform="0.5968368 0 -0 0.5968368 374.71198 116.234985">
							<Font SizePoints="15" Style="Regular" FamilyName="CSMVMI+BlissPro" Capitals="Normal" ResourceId="2" />
							<Origin X="0" Y="0" />
							<Text>о</Text>
							<Size Width="7.89" Height="8.745116" />
							<Brush>
								<SolidBrush Color="#FF000000" />
							</Brush>
							<Tag>convertedFont</Tag>
						</Glyphs>
						<Glyphs OutlineWidth="0.5" CharSpace="0" RenderTransform="0.5968368 0 -0 0.5968368 379.44937 116.234985">
							<Font SizePoints="15" Style="Regular" FamilyName="CSMVMI+BlissPro" Capitals="Normal" ResourceId="2" />
							<Origin X="0" Y="0" />
							<Text>р</Text>
							<Size Width="7.65" Height="8.745116" />
							<Brush>
								<SolidBrush Color="#FF000000" />
							</Brush>
							<Tag>convertedFont</Tag>
						</Glyphs>
						<Glyphs OutlineWidth="0.5" CharSpace="0" RenderTransform="0.5968368 0 -0 0.5968368 384.04688 116.234985">
							<Font SizePoints="15" Style="Regular" FamilyName="CSMVMI+BlissPro" Capitals="Normal" ResourceId="2" />
							<Origin X="0" Y="0" />
							<Text>с</Text>
							<Size Width="6.51" Height="8.745116" />
							<Brush>
								<SolidBrush Color="#FF000000" />
							</Brush>
							<Tag>convertedFont</Tag>
						</Glyphs>
						<Glyphs OutlineWidth="0.5" CharSpace="0" RenderTransform="0.5968368 0 -0 0.5968368 387.95428 116.234985">
							<Font SizePoints="15" Style="Regular" FamilyName="CSMVMI+BlissPro" Capitals="Normal" ResourceId="2" />
							<Origin X="0" Y="0" />
							<Text>к</Text>
							<Size Width="6.96" Height="8.745116" />
							<Brush>
								<SolidBrush Color="#FF000000" />
							</Brush>
							<Tag>convertedFont</Tag>
						</Glyphs>
						<Glyphs OutlineWidth="0.5" CharSpace="0" RenderTransform="0.5968368 0 -0 0.5968368 392.14148 116.234985">
							<Font SizePoints="15" Style="Regular" FamilyName="CSMVMI+BlissPro" Capitals="Normal" ResourceId="2" />
							<Origin X="0" Y="0" />
							<Text>о</Text>
							<Size Width="7.89" Height="8.745116" />
							<Brush>
								<SolidBrush Color="#FF000000" />
							</Brush>
							<Tag>convertedFont</Tag>
						</Glyphs>
						<Glyphs OutlineWidth="0.5" CharSpace="0" RenderTransform="0.5968368 0 -0 0.5968368 396.87888 116.234985">
							<Font SizePoints="15" Style="Regular" FamilyName="CSMVMI+BlissPro" Capitals="Normal" ResourceId="2" />
							<Origin X="0" Y="0" />
							<Text>й</Text>
							<Size Width="8.055" Height="8.745116" />
							<Brush>
								<SolidBrush Color="#FF000000" />
							</Brush>
							<Tag>convertedFont</Tag>
						</Glyphs>
						<Glyphs OutlineWidth="0.5" CharSpace="0" RenderTransform="0.5968368 0 -0 0.5968368 401.71884 116.234985">
							<Font SizePoints="15" Style="Regular" FamilyName="CSMVMI+BlissPro" Capitals="Normal" ResourceId="2" />
							<Origin X="0" Y="0" />
							<Text> </Text>
							<Size Width="3.315" Height="8.745116" />
							<Brush>
								<SolidBrush Color="#FF000000" />
							</Brush>
							<Tag>convertedFont</Tag>
						</Glyphs>
						<Glyphs OutlineWidth="0.5" CharSpace="0" RenderTransform="0.5968368 0 -0 0.5968368 403.7145 116.234985">
							<Font SizePoints="15" Style="Regular" FamilyName="CSMVMI+BlissPro" Capitals="Normal" ResourceId="2" />
							<Origin X="0" Y="0" />
							<Text>п</Text>
							<Size Width="7.695" Height="8.745116" />
							<Brush>
								<SolidBrush Color="#FF000000" />
							</Brush>
							<Tag>convertedFont</Tag>
						</Glyphs>
						<Glyphs OutlineWidth="0.5" CharSpace="0" RenderTransform="0.5968368 0 -0 0.5968368 408.34 116.234985">
							<Font SizePoints="15" Style="Regular" FamilyName="CSMVMI+BlissPro" Capitals="Normal" ResourceId="2" />
							<Origin X="0" Y="0" />
							<Text>о</Text>
							<Size Width="7.89" Height="8.745116" />
							<Brush>
								<SolidBrush Color="#FF000000" />
							</Brush>
							<Tag>convertedFont</Tag>
						</Glyphs>
						<Glyphs OutlineWidth="0.5" CharSpace="0" RenderTransform="0.5968368 0 -0 0.5968368 413.0774 116.234985">
							<Font SizePoints="15" Style="Regular" FamilyName="CSMVMI+BlissPro" Capitals="Normal" ResourceId="2" />
							<Origin X="0" Y="0" />
							<Text>р</Text>
							<Size Width="7.65" Height="8.745116" />
							<Brush>
								<SolidBrush Color="#FF000000" />
							</Brush>
							<Tag>convertedFont</Tag>
						</Glyphs>
						<Glyphs OutlineWidth="0.5" CharSpace="0" RenderTransform="0.5968368 0 -0 0.5968368 417.6749 116.234985">
							<Font SizePoints="15" Style="Regular" FamilyName="CSMVMI+BlissPro" Capitals="Normal" ResourceId="2" />
							<Origin X="0" Y="0" />
							<Text>т</Text>
							<Size Width="6.615" Height="8.745116" />
							<Brush>
								<SolidBrush Color="#FF000000" />
							</Brush>
							<Tag>convertedFont</Tag>
						</Glyphs>
						<Glyphs OutlineWidth="0.5" CharSpace="0" RenderTransform="0.5968368 0 -0 0.5968368 421.65692 116.234985">
							<Font SizePoints="15" Style="Regular" FamilyName="CSMVMI+BlissPro" Capitals="Normal" ResourceId="2" />
							<Origin X="0" Y="0" />
							<Text> </Text>
							<Size Width="3.315" Height="8.745116" />
							<Brush>
								<SolidBrush Color="#FF000000" />
							</Brush>
							<Tag>convertedFont</Tag>
						</Glyphs>
						<Glyphs OutlineWidth="0.5" CharSpace="0" RenderTransform="0.5968368 0 -0 0.5968368 423.6526 116.234985">
							<Font SizePoints="15" Style="Regular" FamilyName="CSMVMI+BlissPro" Capitals="Normal" ResourceId="2" />
							<Origin X="0" Y="0" />
							<Text>Г</Text>
							<Size Width="6.495" Height="8.745116" />
							<Brush>
								<SolidBrush Color="#FF000000" />
							</Brush>
							<Tag>convertedFont</Tag>
						</Glyphs>
						<Glyphs OutlineWidth="0.5" CharSpace="0" RenderTransform="0.5968368 0 -0 0.5968368 427.5507 116.234985">
							<Font SizePoints="15" Style="Regular" FamilyName="CSMVMI+BlissPro" Capitals="Normal" ResourceId="2" />
							<Origin X="0" Y="0" />
							<Text>е</Text>
							<Size Width="7.11" Height="8.745116" />
							<Brush>
								<SolidBrush Color="#FF000000" />
							</Brush>
							<Tag>convertedFont</Tag>
						</Glyphs>
						<Glyphs OutlineWidth="0.5" CharSpace="0" RenderTransform="0.5968368 0 -0 0.5968368 431.8218 116.234985">
							<Font SizePoints="15" Style="Regular" FamilyName="CSMVMI+BlissPro" Capitals="Normal" ResourceId="2" />
							<Origin X="0" Y="0" />
							<Text>л</Text>
							<Size Width="7.545" Height="8.745116" />
							<Brush>
								<SolidBrush Color="#FF000000" />
							</Brush>
							<Tag>convertedFont</Tag>
						</Glyphs>
						<Glyphs OutlineWidth="0.5" CharSpace="0" RenderTransform="0.5968368 0 -0 0.5968368 436.35403 116.234985">
							<Font SizePoints="15" Style="Regular" FamilyName="CSMVMI+BlissPro" Capitals="Normal" ResourceId="2" />
							<Origin X="0" Y="0" />
							<Text>е</Text>
							<Size Width="7.11" Height="8.745116" />
							<Brush>
								<SolidBrush Color="#FF000000" />
							</Brush>
							<Tag>convertedFont</Tag>
						</Glyphs>
						<Glyphs OutlineWidth="0.5" CharSpace="0" RenderTransform="0.5968368 0 -0 0.5968368 440.62515 116.234985">
							<Font SizePoints="15" Style="Regular" FamilyName="CSMVMI+BlissPro" Capitals="Normal" ResourceId="2" />
							<Origin X="0" Y="0" />
							<Text>н</Text>
							<Size Width="7.785" Height="8.745116" />
							<Brush>
								<SolidBrush Color="#FF000000" />
							</Brush>
							<Tag>convertedFont</Tag>
						</Glyphs>
						<Glyphs OutlineWidth="0.5" CharSpace="0" RenderTransform="0.5968368 0 -0 0.5968368 445.30658 116.234985">
							<Font SizePoints="15" Style="Regular" FamilyName="CSMVMI+BlissPro" Capitals="Normal" ResourceId="2" />
							<Origin X="0" Y="0" />
							<Text>д</Text>
							<Size Width="8.145" Height="8.745116" />
							<Brush>
								<SolidBrush Color="#FF000000" />
							</Brush>
							<Tag>convertedFont</Tag>
						</Glyphs>
						<Glyphs OutlineWidth="0.5" CharSpace="0" RenderTransform="0.5968368 0 -0 0.5968368 450.2025 116.234985">
							<Font SizePoints="15" Style="Regular" FamilyName="CSMVMI+BlissPro" Capitals="Normal" ResourceId="2" />
							<Origin X="0" Y="0" />
							<Text>ж</Text>
							<Size Width="10.32" Height="8.745116" />
							<Brush>
								<SolidBrush Color="#FF000000" />
							</Brush>
							<Tag>convertedFont</Tag>
						</Glyphs>
						<Glyphs OutlineWidth="0.5" CharSpace="0" RenderTransform="0.5968368 0 -0 0.5968368 456.41333 116.234985">
							<Font SizePoints="15" Style="Regular" FamilyName="CSMVMI+BlissPro" Capitals="Normal" ResourceId="2" />
							<Origin X="0" Y="0" />
							<Text>и</Text>
							<Size Width="8.055" Height="8.745116" />
							<Brush>
								<SolidBrush Color="#FF000000" />
							</Brush>
							<Tag>convertedFont</Tag>
						</Glyphs>
						<Glyphs OutlineWidth="0.5" CharSpace="0" RenderTransform="0.5968368 0 -0 0.5968368 461.25333 116.234985">
							<Font SizePoints="15" Style="Regular" FamilyName="CSMVMI+BlissPro" Capitals="Normal" ResourceId="2" />
							<Origin X="0" Y="0" />
							<Text>к</Text>
							<Size Width="6.96" Height="8.745116" />
							<Brush>
								<SolidBrush Color="#FF000000" />
							</Brush>
							<Tag>convertedFont</Tag>
						</Glyphs>
						<Glyphs OutlineWidth="0.5" CharSpace="0" RenderTransform="0.5968368 0 -0 0.5968368 465.4405 116.234985">
							<Font SizePoints="15" Style="Regular" FamilyName="CSMVMI+BlissPro" Capitals="Normal" ResourceId="2" />
							<Origin X="0" Y="0" />
							<Text> </Text>
							<Size Width="3.315" Height="8.745116" />
							<Brush>
								<SolidBrush Color="#FF000000" />
							</Brush>
							<Tag>convertedFont</Tag>
						</Glyphs>
						<Glyphs OutlineWidth="0.5" CharSpace="0" RenderTransform="0.5968368 0 -0 0.5968368 467.43616 116.234985">
							<Font SizePoints="15" Style="Regular" FamilyName="CSMVMI+BlissPro" Capitals="Normal" ResourceId="2" />
							<Origin X="0" Y="0" />
							<Text>п</Text>
							<Size Width="7.695" Height="8.745116" />
							<Brush>
								<SolidBrush Color="#FF000000" />
							</Brush>
							<Tag>convertedFont</Tag>
						</Glyphs>
						<Glyphs OutlineWidth="0.5" CharSpace="0" RenderTransform="0.5968368 0 -0 0.5968368 472.06165 116.234985">
							<Font SizePoints="15" Style="Regular" FamilyName="CSMVMI+BlissPro" Capitals="Normal" ResourceId="2" />
							<Origin X="0" Y="0" />
							<Text>о</Text>
							<Size Width="7.89" Height="8.745116" />
							<Brush>
								<SolidBrush Color="#FF000000" />
							</Brush>
							<Tag>convertedFont</Tag>
						</Glyphs>
						<Glyphs OutlineWidth="0.5" CharSpace="0" RenderTransform="0.5968368 0 -0 0.5968368 476.79904 116.234985">
							<Font SizePoints="15" Style="Regular" FamilyName="CSMVMI+BlissPro" Capitals="Normal" ResourceId="2" />
							<Origin X="0" Y="0" />
							<Text> </Text>
							<Size Width="3.315" Height="8.745116" />
							<Brush>
								<SolidBrush Color="#FF000000" />
							</Brush>
							<Tag>convertedFont</Tag>
						</Glyphs>
						<Glyphs OutlineWidth="0.5" CharSpace="0" RenderTransform="0.5968368 0 -0 0.5968368 478.7947 116.234985">
							<Font SizePoints="15" Style="Regular" FamilyName="CSMVMI+BlissPro" Capitals="Normal" ResourceId="2" />
							<Origin X="0" Y="0" />
							<Text>а</Text>
							<Size Width="7.08" Height="8.745116" />
							<Brush>
								<SolidBrush Color="#FF000000" />
							</Brush>
							<Tag>convertedFont</Tag>
						</Glyphs>
						<Glyphs OutlineWidth="0.5" CharSpace="0" RenderTransform="0.5968368 0 -0 0.5968368 483.04718 116.234985">
							<Font SizePoints="15" Style="Regular" FamilyName="CSMVMI+BlissPro" Capitals="Normal" ResourceId="2" />
							<Origin X="0" Y="0" />
							<Text>д</Text>
							<Size Width="8.145" Height="8.745116" />
							<Brush>
								<SolidBrush Color="#FF000000" />
							</Brush>
							<Tag>convertedFont</Tag>
						</Glyphs>
						<Glyphs OutlineWidth="0.5" CharSpace="0" RenderTransform="0.5968368 0 -0 0.5968368 487.9431 116.234985">
							<Font SizePoints="15" Style="Regular" FamilyName="CSMVMI+BlissPro" Capitals="Normal" ResourceId="2" />
							<Origin X="0" Y="0" />
							<Text>р</Text>
							<Size Width="7.65" Height="8.745116" />
							<Brush>
								<SolidBrush Color="#FF000000" />
							</Brush>
							<Tag>convertedFont</Tag>
						</Glyphs>
						<Glyphs OutlineWidth="0.5" CharSpace="0" RenderTransform="0.5968368 0 -0 0.5968368 492.54062 116.234985">
							<Font SizePoints="15" Style="Regular" FamilyName="CSMVMI+BlissPro" Capitals="Normal" ResourceId="2" />
							<Origin X="0" Y="0" />
							<Text>е</Text>
							<Size Width="7.11" Height="8.745116" />
							<Brush>
								<SolidBrush Color="#FF000000" />
							</Brush>
							<Tag>convertedFont</Tag>
						</Glyphs>
						<Glyphs OutlineWidth="0.5" CharSpace="0" RenderTransform="0.5968368 0 -0 0.5968368 496.81174 116.234985">
							<Font SizePoints="15" Style="Regular" FamilyName="CSMVMI+BlissPro" Capitals="Normal" ResourceId="2" />
							<Origin X="0" Y="0" />
							<Text>с</Text>
							<Size Width="6.51" Height="8.745116" />
							<Brush>
								<SolidBrush Color="#FF000000" />
							</Brush>
							<Tag>convertedFont</Tag>
						</Glyphs>
						<Glyphs OutlineWidth="0.5" CharSpace="0" RenderTransform="0.5968368 0 -0 0.5968368 500.71915 116.234985">
							<Font SizePoints="15" Style="Regular" FamilyName="CSMVMI+BlissPro" Capitals="Normal" ResourceId="2" />
							<Origin X="0" Y="0" />
							<Text>у</Text>
							<Size Width="7.26" Height="8.745116" />
							<Brush>
								<SolidBrush Color="#FF000000" />
							</Brush>
							<Tag>convertedFont</Tag>
						</Glyphs>
						<Glyphs OutlineWidth="0.5" CharSpace="0" RenderTransform="0.5968368 0 -0 0.5968368 505.08353 116.234985">
							<Font SizePoints="15" Style="Regular" FamilyName="CSMVMI+BlissPro" Capitals="Normal" ResourceId="2" />
							<Origin X="0" Y="0" />
							<Text>:</Text>
							<Size Width="3.51" Height="8.745116" />
							<Brush>
								<SolidBrush Color="#FF000000" />
							</Brush>
							<Tag>convertedFont</Tag>
						</Glyphs>
						<Glyphs OutlineWidth="0.5" CharSpace="0" RenderTransform="0.5968368 0 -0 0.5968368 507.1911 116.234985">
							<Font SizePoints="15" Style="Regular" FamilyName="CSMVMI+BlissPro" Capitals="Normal" ResourceId="2" />
							<Origin X="0" Y="0" />
							<Text> </Text>
							<Size Width="3.315" Height="8.745116" />
							<Brush>
								<SolidBrush Color="#FF000000" />
							</Brush>
							<Tag>convertedFont</Tag>
						</Glyphs>
						<Glyphs OutlineWidth="0.5" CharSpace="0" RenderTransform="0.5968368 0 -0 0.5968368 509.18677 116.234985">
							<Font SizePoints="15" Style="Regular" FamilyName="CSMVMI+BlissPro" Capitals="Normal" ResourceId="2" />
							<Origin X="0" Y="0" />
							<Text>3</Text>
							<Size Width="7.98" Height="8.745116" />
							<Brush>
								<SolidBrush Color="#FF000000" />
							</Brush>
							<Tag>convertedFont</Tag>
						</Glyphs>
						<Glyphs OutlineWidth="0.5" CharSpace="0" RenderTransform="0.5968368 0 -0 0.5968368 513.9801 116.234985">
							<Font SizePoints="15" Style="Regular" FamilyName="CSMVMI+BlissPro" Capitals="Normal" ResourceId="2" />
							<Origin X="0" Y="0" />
							<Text>5</Text>
							<Size Width="7.635" Height="8.745116" />
							<Brush>
								<SolidBrush Color="#FF000000" />
							</Brush>
							<Tag>convertedFont</Tag>
						</Glyphs>
						<Glyphs OutlineWidth="0.5" CharSpace="0" RenderTransform="0.5968368 0 -0 0.5968368 518.5683 116.234985">
							<Font SizePoints="15" Style="Regular" FamilyName="CSMVMI+BlissPro" Capitals="Normal" ResourceId="2" />
							<Origin X="0" Y="0" />
							<Text>3</Text>
							<Size Width="7.98" Height="8.745116" />
							<Brush>
								<SolidBrush Color="#FF000000" />
							</Brush>
							<Tag>convertedFont</Tag>
						</Glyphs>
						<Glyphs OutlineWidth="0.5" CharSpace="0" RenderTransform="0.5968368 0 -0 0.5968368 523.36163 116.234985">
							<Font SizePoints="15" Style="Regular" FamilyName="CSMVMI+BlissPro" Capitals="Normal" ResourceId="2" />
							<Origin X="0" Y="0" />
							<Text>4</Text>
							<Size Width="8.34" Height="8.745116" />
							<Brush>
								<SolidBrush Color="#FF000000" />
							</Brush>
							<Tag>convertedFont</Tag>
						</Glyphs>
						<Glyphs OutlineWidth="0.5" CharSpace="0" RenderTransform="0.5968368 0 -0 0.5968368 528.3695 116.234985">
							<Font SizePoints="15" Style="Regular" FamilyName="CSMVMI+BlissPro" Capitals="Normal" ResourceId="2" />
							<Origin X="0" Y="0" />
							<Text>6</Text>
							<Size Width="8.1" Height="8.745116" />
							<Brush>
								<SolidBrush Color="#FF000000" />
							</Brush>
							<Tag>convertedFont</Tag>
						</Glyphs>
						<Glyphs OutlineWidth="0.5" CharSpace="0" RenderTransform="0.5968368 0 -0 0.5968368 533.2374 116.234985">
							<Font SizePoints="15" Style="Regular" FamilyName="CSMVMI+BlissPro" Capitals="Normal" ResourceId="2" />
							<Origin X="0" Y="0" />
							<Text>6</Text>
							<Size Width="8.1" Height="8.745116" />
							<Brush>
								<SolidBrush Color="#FF000000" />
							</Brush>
							<Tag>convertedFont</Tag>
						</Glyphs>
						<Glyphs OutlineWidth="0.5" CharSpace="0" RenderTransform="0.5968368 0 -0 0.5968368 538.10535 116.234985">
							<Font SizePoints="15" Style="Regular" FamilyName="CSMVMI+BlissPro" Capitals="Normal" ResourceId="2" />
							<Origin X="0" Y="0" />
							<Text>,</Text>
							<Size Width="3.51" Height="8.745116" />
							<Brush>
								<SolidBrush Color="#FF000000" />
							</Brush>
							<Tag>convertedFont</Tag>
						</Glyphs>
						<Glyphs OutlineWidth="0.5" CharSpace="0" RenderTransform="0.5968368 0 -0 0.5968368 367.5033 126.97809">
							<Font SizePoints="15" Style="Regular" FamilyName="CSMVMI+BlissPro" Capitals="Normal" ResourceId="2" />
							<Origin X="0" Y="0" />
							<Text>Р</Text>
							<Size Width="7.62" Height="8.745116" />
							<Brush>
								<SolidBrush Color="#FF000000" />
							</Brush>
							<Tag>convertedFont</Tag>
						</Glyphs>
						<Glyphs OutlineWidth="0.5" CharSpace="0" RenderTransform="0.5968368 0 -0 0.5968368 372.08215 126.97809">
							<Font SizePoints="15" Style="Regular" FamilyName="CSMVMI+BlissPro" Capitals="Normal" ResourceId="2" />
							<Origin X="0" Y="0" />
							<Text>Ф</Text>
							<Size Width="11.145" Height="8.745116" />
							<Brush>
								<SolidBrush Color="#FF000000" />
							</Brush>
							<Tag>convertedFont</Tag>
						</Glyphs>
						<Glyphs OutlineWidth="0.5" CharSpace="0" RenderTransform="0.5968368 0 -0 0.5968368 378.78726 126.97809">
							<Font SizePoints="15" Style="Regular" FamilyName="CSMVMI+BlissPro" Capitals="Normal" ResourceId="2" />
							<Origin X="0" Y="0" />
							<Text>,</Text>
							<Size Width="3.51" Height="8.745116" />
							<Brush>
								<SolidBrush Color="#FF000000" />
							</Brush>
							<Tag>convertedFont</Tag>
						</Glyphs>
						<Glyphs OutlineWidth="0.5" CharSpace="0" RenderTransform="0.5968368 0 -0 0.5968368 380.89484 126.97809">
							<Font SizePoints="15" Style="Regular" FamilyName="CSMVMI+BlissPro" Capitals="Normal" ResourceId="2" />
							<Origin X="0" Y="0" />
							<Text> </Text>
							<Size Width="3.315" Height="8.745116" />
							<Brush>
								<SolidBrush Color="#FF000000" />
							</Brush>
							<Tag>convertedFont</Tag>
						</Glyphs>
						<Glyphs OutlineWidth="0.5" CharSpace="0" RenderTransform="0.5968368 0 -0 0.5968368 382.8905 126.97809">
							<Font SizePoints="15" Style="Regular" FamilyName="CSMVMI+BlissPro" Capitals="Normal" ResourceId="2" />
							<Origin X="0" Y="0" />
							<Text>К</Text>
							<Size Width="8.76" Height="8.745116" />
							<Brush>
								<SolidBrush Color="#FF000000" />
							</Brush>
							<Tag>convertedFont</Tag>
						</Glyphs>
						<Glyphs OutlineWidth="0.5" CharSpace="0" RenderTransform="0.5968368 0 -0 0.5968368 388.15945 126.97809">
							<Font SizePoints="15" Style="Regular" FamilyName="CSMVMI+BlissPro" Capitals="Normal" ResourceId="2" />
							<Origin X="0" Y="0" />
							<Text>р</Text>
							<Size Width="7.65" Height="8.745116" />
							<Brush>
								<SolidBrush Color="#FF000000" />
							</Brush>
							<Tag>convertedFont</Tag>
						</Glyphs>
						<Glyphs OutlineWidth="0.5" CharSpace="0" RenderTransform="0.5968368 0 -0 0.5968368 392.75696 126.97809">
							<Font SizePoints="15" Style="Regular" FamilyName="CSMVMI+BlissPro" Capitals="Normal" ResourceId="2" />
							<Origin X="0" Y="0" />
							<Text>а</Text>
							<Size Width="7.08" Height="8.745116" />
							<Brush>
								<SolidBrush Color="#FF000000" />
							</Brush>
							<Tag>convertedFont</Tag>
						</Glyphs>
						<Glyphs OutlineWidth="0.5" CharSpace="0" RenderTransform="0.5968368 0 -0 0.5968368 397.00943 126.97809">
							<Font SizePoints="15" Style="Regular" FamilyName="CSMVMI+BlissPro" Capitals="Normal" ResourceId="2" />
							<Origin X="0" Y="0" />
							<Text>с</Text>
							<Size Width="6.51" Height="8.745116" />
							<Brush>
								<SolidBrush Color="#FF000000" />
							</Brush>
							<Tag>convertedFont</Tag>
						</Glyphs>
						<Glyphs OutlineWidth="0.5" CharSpace="0" RenderTransform="0.5968368 0 -0 0.5968368 400.91684 126.97809">
							<Font SizePoints="15" Style="Regular" FamilyName="CSMVMI+BlissPro" Capitals="Normal" ResourceId="2" />
							<Origin X="0" Y="0" />
							<Text>н</Text>
							<Size Width="7.785" Height="8.745116" />
							<Brush>
								<SolidBrush Color="#FF000000" />
							</Brush>
							<Tag>convertedFont</Tag>
						</Glyphs>
						<Glyphs OutlineWidth="0.5" CharSpace="0" RenderTransform="0.5968368 0 -0 0.5968368 405.59827 126.97809">
							<Font SizePoints="15" Style="Regular" FamilyName="CSMVMI+BlissPro" Capitals="Normal" ResourceId="2" />
							<Origin X="0" Y="0" />
							<Text>о</Text>
							<Size Width="7.89" Height="8.745116" />
							<Brush>
								<SolidBrush Color="#FF000000" />
							</Brush>
							<Tag>convertedFont</Tag>
						</Glyphs>
						<Glyphs OutlineWidth="0.5" CharSpace="0" RenderTransform="0.5968368 0 -0 0.5968368 410.33566 126.97809">
							<Font SizePoints="15" Style="Regular" FamilyName="CSMVMI+BlissPro" Capitals="Normal" ResourceId="2" />
							<Origin X="0" Y="0" />
							<Text>д</Text>
							<Size Width="8.145" Height="8.745116" />
							<Brush>
								<SolidBrush Color="#FF000000" />
							</Brush>
							<Tag>convertedFont</Tag>
						</Glyphs>
						<Glyphs OutlineWidth="0.5" CharSpace="0" RenderTransform="0.5968368 0 -0 0.5968368 415.2316 126.97809">
							<Font SizePoints="15" Style="Regular" FamilyName="CSMVMI+BlissPro" Capitals="Normal" ResourceId="2" />
							<Origin X="0" Y="0" />
							<Text>а</Text>
							<Size Width="7.08" Height="8.745116" />
							<Brush>
								<SolidBrush Color="#FF000000" />
							</Brush>
							<Tag>convertedFont</Tag>
						</Glyphs>
						<Glyphs OutlineWidth="0.5" CharSpace="0" RenderTransform="0.5968368 0 -0 0.5968368 419.48407 126.97809">
							<Font SizePoints="15" Style="Regular" FamilyName="CSMVMI+BlissPro" Capitals="Normal" ResourceId="2" />
							<Origin X="0" Y="0" />
							<Text>р</Text>
							<Size Width="7.65" Height="8.745116" />
							<Brush>
								<SolidBrush Color="#FF000000" />
							</Brush>
							<Tag>convertedFont</Tag>
						</Glyphs>
						<Glyphs OutlineWidth="0.5" CharSpace="0" RenderTransform="0.5968368 0 -0 0.5968368 424.08157 126.97809">
							<Font SizePoints="15" Style="Regular" FamilyName="CSMVMI+BlissPro" Capitals="Normal" ResourceId="2" />
							<Origin X="0" Y="0" />
							<Text>с</Text>
							<Size Width="6.51" Height="8.745116" />
							<Brush>
								<SolidBrush Color="#FF000000" />
							</Brush>
							<Tag>convertedFont</Tag>
						</Glyphs>
						<Glyphs OutlineWidth="0.5" CharSpace="0" RenderTransform="0.5968368 0 -0 0.5968368 427.98898 126.97809">
							<Font SizePoints="15" Style="Regular" FamilyName="CSMVMI+BlissPro" Capitals="Normal" ResourceId="2" />
							<Origin X="0" Y="0" />
							<Text>к</Text>
							<Size Width="6.96" Height="8.745116" />
							<Brush>
								<SolidBrush Color="#FF000000" />
							</Brush>
							<Tag>convertedFont</Tag>
						</Glyphs>
						<Glyphs OutlineWidth="0.5" CharSpace="0" RenderTransform="0.5968368 0 -0 0.5968368 432.17618 126.97809">
							<Font SizePoints="15" Style="Regular" FamilyName="CSMVMI+BlissPro" Capitals="Normal" ResourceId="2" />
							<Origin X="0" Y="0" />
							<Text>и</Text>
							<Size Width="8.055" Height="8.745116" />
							<Brush>
								<SolidBrush Color="#FF000000" />
							</Brush>
							<Tag>convertedFont</Tag>
						</Glyphs>
						<Glyphs OutlineWidth="0.5" CharSpace="0" RenderTransform="0.5968368 0 -0 0.5968368 437.01614 126.97809">
							<Font SizePoints="15" Style="Regular" FamilyName="CSMVMI+BlissPro" Capitals="Normal" ResourceId="2" />
							<Origin X="0" Y="0" />
							<Text>й</Text>
							<Size Width="8.055" Height="8.745116" />
							<Brush>
								<SolidBrush Color="#FF000000" />
							</Brush>
							<Tag>convertedFont</Tag>
						</Glyphs>
						<Glyphs OutlineWidth="0.5" CharSpace="0" RenderTransform="0.5968368 0 -0 0.5968368 441.8561 126.97809">
							<Font SizePoints="15" Style="Regular" FamilyName="CSMVMI+BlissPro" Capitals="Normal" ResourceId="2" />
							<Origin X="0" Y="0" />
							<Text> </Text>
							<Size Width="3.315" Height="8.745116" />
							<Brush>
								<SolidBrush Color="#FF000000" />
							</Brush>
							<Tag>convertedFont</Tag>
						</Glyphs>
						<Glyphs OutlineWidth="0.5" CharSpace="0" RenderTransform="0.5968368 0 -0 0.5968368 443.85178 126.97809">
							<Font SizePoints="15" Style="Regular" FamilyName="CSMVMI+BlissPro" Capitals="Normal" ResourceId="2" />
							<Origin X="0" Y="0" />
							<Text>к</Text>
							<Size Width="6.96" Height="8.745116" />
							<Brush>
								<SolidBrush Color="#FF000000" />
							</Brush>
							<Tag>convertedFont</Tag>
						</Glyphs>
						<Glyphs OutlineWidth="0.5" CharSpace="0" RenderTransform="0.5968368 0 -0 0.5968368 448.03897 126.97809">
							<Font SizePoints="15" Style="Regular" FamilyName="CSMVMI+BlissPro" Capitals="Normal" ResourceId="2" />
							<Origin X="0" Y="0" />
							<Text>р</Text>
							<Size Width="7.65" Height="8.745116" />
							<Brush>
								<SolidBrush Color="#FF000000" />
							</Brush>
							<Tag>convertedFont</Tag>
						</Glyphs>
						<Glyphs OutlineWidth="0.5" CharSpace="0" RenderTransform="0.5968368 0 -0 0.5968368 452.63647 126.97809">
							<Font SizePoints="15" Style="Regular" FamilyName="CSMVMI+BlissPro" Capitals="Normal" ResourceId="2" />
							<Origin X="0" Y="0" />
							<Text>а</Text>
							<Size Width="7.08" Height="8.745116" />
							<Brush>
								<SolidBrush Color="#FF000000" />
							</Brush>
							<Tag>convertedFont</Tag>
						</Glyphs>
						<Glyphs OutlineWidth="0.5" CharSpace="0" RenderTransform="0.5968368 0 -0 0.5968368 456.88895 126.97809">
							<Font SizePoints="15" Style="Regular" FamilyName="CSMVMI+BlissPro" Capitals="Normal" ResourceId="2" />
							<Origin X="0" Y="0" />
							<Text>й</Text>
							<Size Width="8.055" Height="8.745116" />
							<Brush>
								<SolidBrush Color="#FF000000" />
							</Brush>
							<Tag>convertedFont</Tag>
						</Glyphs>
						<Glyphs OutlineWidth="0.5" CharSpace="0" RenderTransform="0.5968368 0 -0 0.5968368 461.7289 126.97809">
							<Font SizePoints="15" Style="Regular" FamilyName="CSMVMI+BlissPro" Capitals="Normal" ResourceId="2" />
							<Origin X="0" Y="0" />
							<Text>,</Text>
							<Size Width="3.51" Height="8.745116" />
							<Brush>
								<SolidBrush Color="#FF000000" />
							</Brush>
							<Tag>convertedFont</Tag>
						</Glyphs>
						<Glyphs OutlineWidth="0.5" CharSpace="0" RenderTransform="0.5968368 0 -0 0.5968368 463.8365 126.97809">
							<Font SizePoints="15" Style="Regular" FamilyName="CSMVMI+BlissPro" Capitals="Normal" ResourceId="2" />
							<Origin X="0" Y="0" />
							<Text> </Text>
							<Size Width="3.315" Height="8.745116" />
							<Brush>
								<SolidBrush Color="#FF000000" />
							</Brush>
							<Tag>convertedFont</Tag>
						</Glyphs>
						<Glyphs OutlineWidth="0.5" CharSpace="0" RenderTransform="0.5968368 0 -0 0.5968368 465.83218 126.97809">
							<Font SizePoints="15" Style="Regular" FamilyName="CSMVMI+BlissPro" Capitals="Normal" ResourceId="2" />
							<Origin X="0" Y="0" />
							<Text>М</Text>
							<Size Width="12" Height="8.745116" />
							<Brush>
								<SolidBrush Color="#FF000000" />
							</Brush>
							<Tag>convertedFont</Tag>
						</Glyphs>
						<Glyphs OutlineWidth="0.5" CharSpace="0" RenderTransform="0.5968368 0 -0 0.5968368 473.04083 126.97809">
							<Font SizePoints="15" Style="Regular" FamilyName="CSMVMI+BlissPro" Capitals="Normal" ResourceId="2" />
							<Origin X="0" Y="0" />
							<Text>О</Text>
							<Size Width="11.325" Height="8.745116" />
							<Brush>
								<SolidBrush Color="#FF000000" />
							</Brush>
							<Tag>convertedFont</Tag>
						</Glyphs>
						<Glyphs OutlineWidth="0.5" CharSpace="0" RenderTransform="0.5968368 0 -0 0.5968368 479.8485 126.97809">
							<Font SizePoints="15" Style="Regular" FamilyName="CSMVMI+BlissPro" Capitals="Normal" ResourceId="2" />
							<Origin X="0" Y="0" />
							<Text> </Text>
							<Size Width="3.315" Height="8.745116" />
							<Brush>
								<SolidBrush Color="#FF000000" />
							</Brush>
							<Tag>convertedFont</Tag>
						</Glyphs>
						<Glyphs OutlineWidth="0.5" CharSpace="0" RenderTransform="0.5968368 0 -0 0.5968368 481.84418 126.97809">
							<Font SizePoints="15" Style="Regular" FamilyName="CSMVMI+BlissPro" Capitals="Normal" ResourceId="2" />
							<Origin X="0" Y="0" />
							<Text>г</Text>
							<Size Width="5.94" Height="8.745116" />
							<Brush>
								<SolidBrush Color="#FF000000" />
							</Brush>
							<Tag>convertedFont</Tag>
						</Glyphs>
						<Glyphs OutlineWidth="0.5" CharSpace="0" RenderTransform="0.5968368 0 -0 0.5968368 485.41586 126.97809">
							<Font SizePoints="15" Style="Regular" FamilyName="CSMVMI+BlissPro" Capitals="Normal" ResourceId="2" />
							<Origin X="0" Y="0" />
							<Text>о</Text>
							<Size Width="7.89" Height="8.745116" />
							<Brush>
								<SolidBrush Color="#FF000000" />
							</Brush>
							<Tag>convertedFont</Tag>
						</Glyphs>
						<Glyphs OutlineWidth="0.5" CharSpace="0" RenderTransform="0.5968368 0 -0 0.5968368 490.15326 126.97809">
							<Font SizePoints="15" Style="Regular" FamilyName="CSMVMI+BlissPro" Capitals="Normal" ResourceId="2" />
							<Origin X="0" Y="0" />
							<Text>р</Text>
							<Size Width="7.65" Height="8.745116" />
							<Brush>
								<SolidBrush Color="#FF000000" />
							</Brush>
							<Tag>convertedFont</Tag>
						</Glyphs>
						<Glyphs OutlineWidth="0.5" CharSpace="0" RenderTransform="0.5968368 0 -0 0.5968368 494.75076 126.97809">
							<Font SizePoints="15" Style="Regular" FamilyName="CSMVMI+BlissPro" Capitals="Normal" ResourceId="2" />
							<Origin X="0" Y="0" />
							<Text>о</Text>
							<Size Width="7.89" Height="8.745116" />
							<Brush>
								<SolidBrush Color="#FF000000" />
							</Brush>
							<Tag>convertedFont</Tag>
						</Glyphs>
						<Glyphs OutlineWidth="0.5" CharSpace="0" RenderTransform="0.5968368 0 -0 0.5968368 499.48816 126.97809">
							<Font SizePoints="15" Style="Regular" FamilyName="CSMVMI+BlissPro" Capitals="Normal" ResourceId="2" />
							<Origin X="0" Y="0" />
							<Text>д</Text>
							<Size Width="8.145" Height="8.745116" />
							<Brush>
								<SolidBrush Color="#FF000000" />
							</Brush>
							<Tag>convertedFont</Tag>
						</Glyphs>
						<Glyphs OutlineWidth="0.5" CharSpace="0" RenderTransform="0.5968368 0 -0 0.5968368 504.3841 126.97809">
							<Font SizePoints="15" Style="Regular" FamilyName="CSMVMI+BlissPro" Capitals="Normal" ResourceId="2" />
							<Origin X="0" Y="0" />
							<Text>-</Text>
							<Size Width="5.34" Height="8.745116" />
							<Brush>
								<SolidBrush Color="#FF000000" />
							</Brush>
							<Tag>convertedFont</Tag>
						</Glyphs>
						<Glyphs OutlineWidth="0.5" CharSpace="0" RenderTransform="0.5968368 0 -0 0.5968368 507.5921 126.97809">
							<Font SizePoints="15" Style="Regular" FamilyName="CSMVMI+BlissPro" Capitals="Normal" ResourceId="2" />
							<Origin X="0" Y="0" />
							<Text>к</Text>
							<Size Width="6.96" Height="8.745116" />
							<Brush>
								<SolidBrush Color="#FF000000" />
							</Brush>
							<Tag>convertedFont</Tag>
						</Glyphs>
						<Glyphs OutlineWidth="0.5" CharSpace="0" RenderTransform="0.5968368 0 -0 0.5968368 511.77927 126.97809">
							<Font SizePoints="15" Style="Regular" FamilyName="CSMVMI+BlissPro" Capitals="Normal" ResourceId="2" />
							<Origin X="0" Y="0" />
							<Text>у</Text>
							<Size Width="7.26" Height="8.745116" />
							<Brush>
								<SolidBrush Color="#FF000000" />
							</Brush>
							<Tag>convertedFont</Tag>
						</Glyphs>
						<Glyphs OutlineWidth="0.5" CharSpace="0" RenderTransform="0.5968368 0 -0 0.5968368 516.1437 126.97809">
							<Font SizePoints="15" Style="Regular" FamilyName="CSMVMI+BlissPro" Capitals="Normal" ResourceId="2" />
							<Origin X="0" Y="0" />
							<Text>р</Text>
							<Size Width="7.65" Height="8.745116" />
							<Brush>
								<SolidBrush Color="#FF000000" />
							</Brush>
							<Tag>convertedFont</Tag>
						</Glyphs>
						<Glyphs OutlineWidth="0.5" CharSpace="0" RenderTransform="0.5968368 0 -0 0.5968368 520.74115 126.97809">
							<Font SizePoints="15" Style="Regular" FamilyName="CSMVMI+BlissPro" Capitals="Normal" ResourceId="2" />
							<Origin X="0" Y="0" />
							<Text>о</Text>
							<Size Width="7.89" Height="8.745116" />
							<Brush>
								<SolidBrush Color="#FF000000" />
							</Brush>
							<Tag>convertedFont</Tag>
						</Glyphs>
						<Glyphs OutlineWidth="0.5" CharSpace="0" RenderTransform="0.5968368 0 -0 0.5968368 525.4785 126.97809">
							<Font SizePoints="15" Style="Regular" FamilyName="CSMVMI+BlissPro" Capitals="Normal" ResourceId="2" />
							<Origin X="0" Y="0" />
							<Text>р</Text>
							<Size Width="7.65" Height="8.745116" />
							<Brush>
								<SolidBrush Color="#FF000000" />
							</Brush>
							<Tag>convertedFont</Tag>
						</Glyphs>
						<Glyphs OutlineWidth="0.5" CharSpace="0" RenderTransform="0.5968368 0 -0 0.5968368 530.07605 126.97809">
							<Font SizePoints="15" Style="Regular" FamilyName="CSMVMI+BlissPro" Capitals="Normal" ResourceId="2" />
							<Origin X="0" Y="0" />
							<Text>т</Text>
							<Size Width="6.615" Height="8.745116" />
							<Brush>
								<SolidBrush Color="#FF000000" />
							</Brush>
							<Tag>convertedFont</Tag>
						</Glyphs>
						<Glyphs OutlineWidth="0.5" CharSpace="0" RenderTransform="0.5968368 0 -0 0.5968368 367.5033 137.72113">
							<Font SizePoints="15" Style="Regular" FamilyName="CSMVMI+BlissPro" Capitals="Normal" ResourceId="2" />
							<Origin X="0" Y="0" />
							<Text>Г</Text>
							<Size Width="6.495" Height="8.745116" />
							<Brush>
								<SolidBrush Color="#FF000000" />
							</Brush>
							<Tag>convertedFont</Tag>
						</Glyphs>
						<Glyphs OutlineWidth="0.5" CharSpace="0" RenderTransform="0.5968368 0 -0 0.5968368 371.4014 137.72113">
							<Font SizePoints="15" Style="Regular" FamilyName="CSMVMI+BlissPro" Capitals="Normal" ResourceId="2" />
							<Origin X="0" Y="0" />
							<Text>е</Text>
							<Size Width="7.11" Height="8.745116" />
							<Brush>
								<SolidBrush Color="#FF000000" />
							</Brush>
							<Tag>convertedFont</Tag>
						</Glyphs>
						<Glyphs OutlineWidth="0.5" CharSpace="0" RenderTransform="0.5968368 0 -0 0.5968368 375.67252 137.72113">
							<Font SizePoints="15" Style="Regular" FamilyName="CSMVMI+BlissPro" Capitals="Normal" ResourceId="2" />
							<Origin X="0" Y="0" />
							<Text>л</Text>
							<Size Width="7.545" Height="8.745116" />
							<Brush>
								<SolidBrush Color="#FF000000" />
							</Brush>
							<Tag>convertedFont</Tag>
						</Glyphs>
						<Glyphs OutlineWidth="0.5" CharSpace="0" RenderTransform="0.5968368 0 -0 0.5968368 380.20474 137.72113">
							<Font SizePoints="15" Style="Regular" FamilyName="CSMVMI+BlissPro" Capitals="Normal" ResourceId="2" />
							<Origin X="0" Y="0" />
							<Text>е</Text>
							<Size Width="7.11" Height="8.745116" />
							<Brush>
								<SolidBrush Color="#FF000000" />
							</Brush>
							<Tag>convertedFont</Tag>
						</Glyphs>
						<Glyphs OutlineWidth="0.5" CharSpace="0" RenderTransform="0.5968368 0 -0 0.5968368 384.47586 137.72113">
							<Font SizePoints="15" Style="Regular" FamilyName="CSMVMI+BlissPro" Capitals="Normal" ResourceId="2" />
							<Origin X="0" Y="0" />
							<Text>н</Text>
							<Size Width="7.785" Height="8.745116" />
							<Brush>
								<SolidBrush Color="#FF000000" />
							</Brush>
							<Tag>convertedFont</Tag>
						</Glyphs>
						<Glyphs OutlineWidth="0.5" CharSpace="0" RenderTransform="0.5968368 0 -0 0.5968368 389.1573 137.72113">
							<Font SizePoints="15" Style="Regular" FamilyName="CSMVMI+BlissPro" Capitals="Normal" ResourceId="2" />
							<Origin X="0" Y="0" />
							<Text>д</Text>
							<Size Width="8.145" Height="8.745116" />
							<Brush>
								<SolidBrush Color="#FF000000" />
							</Brush>
							<Tag>convertedFont</Tag>
						</Glyphs>
						<Glyphs OutlineWidth="0.5" CharSpace="0" RenderTransform="0.5968368 0 -0 0.5968368 394.05322 137.72113">
							<Font SizePoints="15" Style="Regular" FamilyName="CSMVMI+BlissPro" Capitals="Normal" ResourceId="2" />
							<Origin X="0" Y="0" />
							<Text>ж</Text>
							<Size Width="10.32" Height="8.745116" />
							<Brush>
								<SolidBrush Color="#FF000000" />
							</Brush>
							<Tag>convertedFont</Tag>
						</Glyphs>
						<Glyphs OutlineWidth="0.5" CharSpace="0" RenderTransform="0.5968368 0 -0 0.5968368 400.26404 137.72113">
							<Font SizePoints="15" Style="Regular" FamilyName="CSMVMI+BlissPro" Capitals="Normal" ResourceId="2" />
							<Origin X="0" Y="0" />
							<Text>и</Text>
							<Size Width="8.055" Height="8.745116" />
							<Brush>
								<SolidBrush Color="#FF000000" />
							</Brush>
							<Tag>convertedFont</Tag>
						</Glyphs>
						<Glyphs OutlineWidth="0.5" CharSpace="0" RenderTransform="0.5968368 0 -0 0.5968368 405.10403 137.72113">
							<Font SizePoints="15" Style="Regular" FamilyName="CSMVMI+BlissPro" Capitals="Normal" ResourceId="2" />
							<Origin X="0" Y="0" />
							<Text>к</Text>
							<Size Width="6.96" Height="8.745116" />
							<Brush>
								<SolidBrush Color="#FF000000" />
							</Brush>
							<Tag>convertedFont</Tag>
						</Glyphs>
						<Glyphs OutlineWidth="0.5" CharSpace="0" RenderTransform="0.5968368 0 -0 0.5968368 409.2912 137.72113">
							<Font SizePoints="15" Style="Regular" FamilyName="CSMVMI+BlissPro" Capitals="Normal" ResourceId="2" />
							<Origin X="0" Y="0" />
							<Text>,</Text>
							<Size Width="3.51" Height="8.745116" />
							<Brush>
								<SolidBrush Color="#FF000000" />
							</Brush>
							<Tag>convertedFont</Tag>
						</Glyphs>
						<Glyphs OutlineWidth="0.5" CharSpace="0" RenderTransform="0.5968368 0 -0 0.5968368 411.39877 137.72113">
							<Font SizePoints="15" Style="Regular" FamilyName="CSMVMI+BlissPro" Capitals="Normal" ResourceId="2" />
							<Origin X="0" Y="0" />
							<Text> </Text>
							<Size Width="3.315" Height="8.745116" />
							<Brush>
								<SolidBrush Color="#FF000000" />
							</Brush>
							<Tag>convertedFont</Tag>
						</Glyphs>
						<Glyphs OutlineWidth="0.5" CharSpace="0" RenderTransform="0.5968368 0 -0 0.5968368 413.39447 137.72113">
							<Font SizePoints="15" Style="Regular" FamilyName="CSMVMI+BlissPro" Capitals="Normal" ResourceId="2" />
							<Origin X="0" Y="0" />
							<Text>у</Text>
							<Size Width="7.26" Height="8.745116" />
							<Brush>
								<SolidBrush Color="#FF000000" />
							</Brush>
							<Tag>convertedFont</Tag>
						</Glyphs>
						<Glyphs OutlineWidth="0.5" CharSpace="0" RenderTransform="0.5968368 0 -0 0.5968368 417.75882 137.72113">
							<Font SizePoints="15" Style="Regular" FamilyName="CSMVMI+BlissPro" Capitals="Normal" ResourceId="2" />
							<Origin X="0" Y="0" />
							<Text>л</Text>
							<Size Width="7.545" Height="8.745116" />
							<Brush>
								<SolidBrush Color="#FF000000" />
							</Brush>
							<Tag>convertedFont</Tag>
						</Glyphs>
						<Glyphs OutlineWidth="0.5" CharSpace="0" RenderTransform="0.5968368 0 -0 0.5968368 422.29105 137.72113">
							<Font SizePoints="15" Style="Regular" FamilyName="CSMVMI+BlissPro" Capitals="Normal" ResourceId="2" />
							<Origin X="0" Y="0" />
							<Text>.</Text>
							<Size Width="3.51" Height="8.745116" />
							<Brush>
								<SolidBrush Color="#FF000000" />
							</Brush>
							<Tag>convertedFont</Tag>
						</Glyphs>
						<Glyphs OutlineWidth="0.5" CharSpace="0" RenderTransform="0.5968368 0 -0 0.5968368 424.39865 137.72113">
							<Font SizePoints="15" Style="Regular" FamilyName="CSMVMI+BlissPro" Capitals="Normal" ResourceId="2" />
							<Origin X="0" Y="0" />
							<Text> </Text>
							<Size Width="3.315" Height="8.745116" />
							<Brush>
								<SolidBrush Color="#FF000000" />
							</Brush>
							<Tag>convertedFont</Tag>
						</Glyphs>
						<Glyphs OutlineWidth="0.5" CharSpace="0" RenderTransform="0.5968368 0 -0 0.5968368 426.39432 137.72113">
							<Font SizePoints="15" Style="Regular" FamilyName="CSMVMI+BlissPro" Capitals="Normal" ResourceId="2" />
							<Origin X="0" Y="0" />
							<Text>П</Text>
							<Size Width="9.96" Height="8.745116" />
							<Brush>
								<SolidBrush Color="#FF000000" />
							</Brush>
							<Tag>convertedFont</Tag>
						</Glyphs>
						<Glyphs OutlineWidth="0.5" CharSpace="0" RenderTransform="0.5968368 0 -0 0.5968368 432.38132 137.72113">
							<Font SizePoints="15" Style="Regular" FamilyName="CSMVMI+BlissPro" Capitals="Normal" ResourceId="2" />
							<Origin X="0" Y="0" />
							<Text>о</Text>
							<Size Width="7.89" Height="8.745116" />
							<Brush>
								<SolidBrush Color="#FF000000" />
							</Brush>
							<Tag>convertedFont</Tag>
						</Glyphs>
						<Glyphs OutlineWidth="0.5" CharSpace="0" RenderTransform="0.5968368 0 -0 0.5968368 437.1187 137.72113">
							<Font SizePoints="15" Style="Regular" FamilyName="CSMVMI+BlissPro" Capitals="Normal" ResourceId="2" />
							<Origin X="0" Y="0" />
							<Text>р</Text>
							<Size Width="7.65" Height="8.745116" />
							<Brush>
								<SolidBrush Color="#FF000000" />
							</Brush>
							<Tag>convertedFont</Tag>
						</Glyphs>
						<Glyphs OutlineWidth="0.5" CharSpace="0" RenderTransform="0.5968368 0 -0 0.5968368 441.71622 137.72113">
							<Font SizePoints="15" Style="Regular" FamilyName="CSMVMI+BlissPro" Capitals="Normal" ResourceId="2" />
							<Origin X="0" Y="0" />
							<Text>т</Text>
							<Size Width="6.615" Height="8.745116" />
							<Brush>
								<SolidBrush Color="#FF000000" />
							</Brush>
							<Tag>convertedFont</Tag>
						</Glyphs>
						<Glyphs OutlineWidth="0.5" CharSpace="0" RenderTransform="0.5968368 0 -0 0.5968368 445.69824 137.72113">
							<Font SizePoints="15" Style="Regular" FamilyName="CSMVMI+BlissPro" Capitals="Normal" ResourceId="2" />
							<Origin X="0" Y="0" />
							<Text>о</Text>
							<Size Width="7.89" Height="8.745116" />
							<Brush>
								<SolidBrush Color="#FF000000" />
							</Brush>
							<Tag>convertedFont</Tag>
						</Glyphs>
						<Glyphs OutlineWidth="0.5" CharSpace="0" RenderTransform="0.5968368 0 -0 0.5968368 450.43564 137.72113">
							<Font SizePoints="15" Style="Regular" FamilyName="CSMVMI+BlissPro" Capitals="Normal" ResourceId="2" />
							<Origin X="0" Y="0" />
							<Text>в</Text>
							<Size Width="7.005" Height="8.745116" />
							<Brush>
								<SolidBrush Color="#FF000000" />
							</Brush>
							<Tag>convertedFont</Tag>
						</Glyphs>
						<Glyphs OutlineWidth="0.5" CharSpace="0" RenderTransform="0.5968368 0 -0 0.5968368 454.65082 137.72113">
							<Font SizePoints="15" Style="Regular" FamilyName="CSMVMI+BlissPro" Capitals="Normal" ResourceId="2" />
							<Origin X="0" Y="0" />
							<Text>а</Text>
							<Size Width="7.08" Height="8.745116" />
							<Brush>
								<SolidBrush Color="#FF000000" />
							</Brush>
							<Tag>convertedFont</Tag>
						</Glyphs>
						<Glyphs OutlineWidth="0.5" CharSpace="0" RenderTransform="0.5968368 0 -0 0.5968368 458.90326 137.72113">
							<Font SizePoints="15" Style="Regular" FamilyName="CSMVMI+BlissPro" Capitals="Normal" ResourceId="2" />
							<Origin X="0" Y="0" />
							<Text>я</Text>
							<Size Width="7.155" Height="8.745116" />
							<Brush>
								<SolidBrush Color="#FF000000" />
							</Brush>
							<Tag>convertedFont</Tag>
						</Glyphs>
						<Glyphs OutlineWidth="0.5" CharSpace="0" RenderTransform="0.5968368 0 -0 0.5968368 463.20236 137.72113">
							<Font SizePoints="15" Style="Regular" FamilyName="CSMVMI+BlissPro" Capitals="Normal" ResourceId="2" />
							<Origin X="0" Y="0" />
							<Text>.</Text>
							<Size Width="3.51" Height="8.745116" />
							<Brush>
								<SolidBrush Color="#FF000000" />
							</Brush>
							<Tag>convertedFont</Tag>
						</Glyphs>
						<Glyphs OutlineWidth="0.5" CharSpace="0" RenderTransform="0.5968368 0 -0 0.5968368 209.34155 155.62622">
							<Font SizePoints="15" Style="Regular" FamilyName="CSMVMI+BlissPro" Capitals="Normal" ResourceId="2" />
							<Origin X="0" Y="0" />
							<Text>А</Text>
							<Size Width="9.03" Height="8.745116" />
							<Brush>
								<SolidBrush Color="#FF6D6E71" />
							</Brush>
							<Tag>convertedFont</Tag>
						</Glyphs>
						<Glyphs OutlineWidth="0.5" CharSpace="0" RenderTransform="0.5968368 0 -0 0.5968368 214.76904 155.62622">
							<Font SizePoints="15" Style="Regular" FamilyName="CSMVMI+BlissPro" Capitals="Normal" ResourceId="2" />
							<Origin X="0" Y="0" />
							<Text>д</Text>
							<Size Width="8.145" Height="8.745116" />
							<Brush>
								<SolidBrush Color="#FF6D6E71" />
							</Brush>
							<Tag>convertedFont</Tag>
						</Glyphs>
						<Glyphs OutlineWidth="0.5" CharSpace="0" RenderTransform="0.5968368 0 -0 0.5968368 219.66496 155.62622">
							<Font SizePoints="15" Style="Regular" FamilyName="CSMVMI+BlissPro" Capitals="Normal" ResourceId="2" />
							<Origin X="0" Y="0" />
							<Text>р</Text>
							<Size Width="7.65" Height="8.745116" />
							<Brush>
								<SolidBrush Color="#FF6D6E71" />
							</Brush>
							<Tag>convertedFont</Tag>
						</Glyphs>
						<Glyphs OutlineWidth="0.5" CharSpace="0" RenderTransform="0.5968368 0 -0 0.5968368 224.26247 155.62622">
							<Font SizePoints="15" Style="Regular" FamilyName="CSMVMI+BlissPro" Capitals="Normal" ResourceId="2" />
							<Origin X="0" Y="0" />
							<Text>е</Text>
							<Size Width="7.11" Height="8.745116" />
							<Brush>
								<SolidBrush Color="#FF6D6E71" />
							</Brush>
							<Tag>convertedFont</Tag>
						</Glyphs>
						<Glyphs OutlineWidth="0.5" CharSpace="0" RenderTransform="0.5968368 0 -0 0.5968368 228.53358 155.62622">
							<Font SizePoints="15" Style="Regular" FamilyName="CSMVMI+BlissPro" Capitals="Normal" ResourceId="2" />
							<Origin X="0" Y="0" />
							<Text>с</Text>
							<Size Width="6.51" Height="8.745116" />
							<Brush>
								<SolidBrush Color="#FF6D6E71" />
							</Brush>
							<Tag>convertedFont</Tag>
						</Glyphs>
						<Glyphs OutlineWidth="0.5" CharSpace="0" RenderTransform="0.5968368 0 -0 0.5968368 232.441 155.62622">
							<Font SizePoints="15" Style="Regular" FamilyName="CSMVMI+BlissPro" Capitals="Normal" ResourceId="2" />
							<Origin X="0" Y="0" />
							<Text> </Text>
							<Size Width="3.315" Height="8.745116" />
							<Brush>
								<SolidBrush Color="#FF6D6E71" />
							</Brush>
							<Tag>convertedFont</Tag>
						</Glyphs>
						<Glyphs OutlineWidth="0.5" CharSpace="0" RenderTransform="0.5968368 0 -0 0.5968368 234.43668 155.62622">
							<Font SizePoints="15" Style="Regular" FamilyName="CSMVMI+BlissPro" Capitals="Normal" ResourceId="2" />
							<Origin X="0" Y="0" />
							<Text>о</Text>
							<Size Width="7.89" Height="8.745116" />
							<Brush>
								<SolidBrush Color="#FF6D6E71" />
							</Brush>
							<Tag>convertedFont</Tag>
						</Glyphs>
						<Glyphs OutlineWidth="0.5" CharSpace="0" RenderTransform="0.5968368 0 -0 0.5968368 239.17407 155.62622">
							<Font SizePoints="15" Style="Regular" FamilyName="CSMVMI+BlissPro" Capitals="Normal" ResourceId="2" />
							<Origin X="0" Y="0" />
							<Text>б</Text>
							<Size Width="7.65" Height="8.745116" />
							<Brush>
								<SolidBrush Color="#FF6D6E71" />
							</Brush>
							<Tag>convertedFont</Tag>
						</Glyphs>
						<Glyphs OutlineWidth="0.5" CharSpace="0" RenderTransform="0.5968368 0 -0 0.5968368 243.77158 155.62622">
							<Font SizePoints="15" Style="Regular" FamilyName="CSMVMI+BlissPro" Capitals="Normal" ResourceId="2" />
							<Origin X="0" Y="0" />
							<Text>ъ</Text>
							<Size Width="8.82" Height="8.745116" />
							<Brush>
								<SolidBrush Color="#FF6D6E71" />
							</Brush>
							<Tag>convertedFont</Tag>
						</Glyphs>
						<Glyphs OutlineWidth="0.5" CharSpace="0" RenderTransform="0.5968368 0 -0 0.5968368 249.07782 155.62622">
							<Font SizePoints="15" Style="Regular" FamilyName="CSMVMI+BlissPro" Capitals="Normal" ResourceId="2" />
							<Origin X="0" Y="0" />
							<Text>е</Text>
							<Size Width="7.11" Height="8.745116" />
							<Brush>
								<SolidBrush Color="#FF6D6E71" />
							</Brush>
							<Tag>convertedFont</Tag>
						</Glyphs>
						<Glyphs OutlineWidth="0.5" CharSpace="0" RenderTransform="0.5968368 0 -0 0.5968368 253.34894 155.62622">
							<Font SizePoints="15" Style="Regular" FamilyName="CSMVMI+BlissPro" Capitals="Normal" ResourceId="2" />
							<Origin X="0" Y="0" />
							<Text>к</Text>
							<Size Width="6.96" Height="8.745116" />
							<Brush>
								<SolidBrush Color="#FF6D6E71" />
							</Brush>
							<Tag>convertedFont</Tag>
						</Glyphs>
						<Glyphs OutlineWidth="0.5" CharSpace="0" RenderTransform="0.5968368 0 -0 0.5968368 257.53613 155.62622">
							<Font SizePoints="15" Style="Regular" FamilyName="CSMVMI+BlissPro" Capitals="Normal" ResourceId="2" />
							<Origin X="0" Y="0" />
							<Text>т</Text>
							<Size Width="6.615" Height="8.745116" />
							<Brush>
								<SolidBrush Color="#FF6D6E71" />
							</Brush>
							<Tag>convertedFont</Tag>
						</Glyphs>
						<Glyphs OutlineWidth="0.5" CharSpace="0" RenderTransform="0.5968368 0 -0 0.5968368 261.51813 155.62622">
							<Font SizePoints="15" Style="Regular" FamilyName="CSMVMI+BlissPro" Capitals="Normal" ResourceId="2" />
							<Origin X="0" Y="0" />
							<Text>а</Text>
							<Size Width="7.08" Height="8.745116" />
							<Brush>
								<SolidBrush Color="#FF6D6E71" />
							</Brush>
							<Tag>convertedFont</Tag>
						</Glyphs>
						<Glyphs OutlineWidth="0.5" CharSpace="0" RenderTransform="0.5968368 0 -0 0.5968368 367.5033 150.2547">
							<Font SizePoints="15" Style="Regular" FamilyName="CSMVMI+BlissPro" Capitals="Normal" ResourceId="2" />
							<Origin X="0" Y="0" />
							<Text>Р</Text>
							<Size Width="7.62" Height="8.745116" />
							<Brush>
								<SolidBrush Color="#FF000000" />
							</Brush>
							<Tag>convertedFont</Tag>
						</Glyphs>
						<Glyphs OutlineWidth="0.5" CharSpace="0" RenderTransform="0.5968368 0 -0 0.5968368 372.08215 150.2547">
							<Font SizePoints="15" Style="Regular" FamilyName="CSMVMI+BlissPro" Capitals="Normal" ResourceId="2" />
							<Origin X="0" Y="0" />
							<Text>О</Text>
							<Size Width="11.325" Height="8.745116" />
							<Brush>
								<SolidBrush Color="#FF000000" />
							</Brush>
							<Tag>convertedFont</Tag>
						</Glyphs>
						<Glyphs OutlineWidth="0.5" CharSpace="0" RenderTransform="0.5968368 0 -0 0.5968368 378.88983 150.2547">
							<Font SizePoints="15" Style="Regular" FamilyName="CSMVMI+BlissPro" Capitals="Normal" ResourceId="2" />
							<Origin X="0" Y="0" />
							<Text>С</Text>
							<Size Width="9" Height="8.745116" />
							<Brush>
								<SolidBrush Color="#FF000000" />
							</Brush>
							<Tag>convertedFont</Tag>
						</Glyphs>
						<Glyphs OutlineWidth="0.5" CharSpace="0" RenderTransform="0.5968368 0 -0 0.5968368 384.29868 150.2547">
							<Font SizePoints="15" Style="Regular" FamilyName="CSMVMI+BlissPro" Capitals="Normal" ResourceId="2" />
							<Origin X="0" Y="0" />
							<Text>С</Text>
							<Size Width="9" Height="8.745116" />
							<Brush>
								<SolidBrush Color="#FF000000" />
							</Brush>
							<Tag>convertedFont</Tag>
						</Glyphs>
						<Glyphs OutlineWidth="0.5" CharSpace="0" RenderTransform="0.5968368 0 -0 0.5968368 389.7075 150.2547">
							<Font SizePoints="15" Style="Regular" FamilyName="CSMVMI+BlissPro" Capitals="Normal" ResourceId="2" />
							<Origin X="0" Y="0" />
							<Text>И</Text>
							<Size Width="10.845" Height="8.745116" />
							<Brush>
								<SolidBrush Color="#FF000000" />
							</Brush>
							<Tag>convertedFont</Tag>
						</Glyphs>
						<Glyphs OutlineWidth="0.5" CharSpace="0" RenderTransform="0.5968368 0 -0 0.5968368 396.22607 150.2547">
							<Font SizePoints="15" Style="Regular" FamilyName="CSMVMI+BlissPro" Capitals="Normal" ResourceId="2" />
							<Origin X="0" Y="0" />
							<Text>Я</Text>
							<Size Width="8.55" Height="8.745116" />
							<Brush>
								<SolidBrush Color="#FF000000" />
							</Brush>
							<Tag>convertedFont</Tag>
						</Glyphs>
						<Glyphs OutlineWidth="0.5" CharSpace="0" RenderTransform="0.5968368 0 -0 0.5968368 401.36447 150.2547">
							<Font SizePoints="15" Style="Regular" FamilyName="CSMVMI+BlissPro" Capitals="Normal" ResourceId="2" />
							<Origin X="0" Y="0" />
							<Text>,</Text>
							<Size Width="3.51" Height="8.745116" />
							<Brush>
								<SolidBrush Color="#FF000000" />
							</Brush>
							<Tag>convertedFont</Tag>
						</Glyphs>
						<Glyphs OutlineWidth="0.5" CharSpace="0" RenderTransform="0.5968368 0 -0 0.5968368 403.47205 150.2547">
							<Font SizePoints="15" Style="Regular" FamilyName="CSMVMI+BlissPro" Capitals="Normal" ResourceId="2" />
							<Origin X="0" Y="0" />
							<Text> </Text>
							<Size Width="3.315" Height="8.745116" />
							<Brush>
								<SolidBrush Color="#FF000000" />
							</Brush>
							<Tag>convertedFont</Tag>
						</Glyphs>
						<Glyphs OutlineWidth="0.5" CharSpace="0" RenderTransform="0.5968368 0 -0 0.5968368 405.4677 150.2547">
							<Font SizePoints="15" Style="Regular" FamilyName="CSMVMI+BlissPro" Capitals="Normal" ResourceId="2" />
							<Origin X="0" Y="0" />
							<Text>,</Text>
							<Size Width="3.51" Height="8.745116" />
							<Brush>
								<SolidBrush Color="#FF000000" />
							</Brush>
							<Tag>convertedFont</Tag>
						</Glyphs>
						<Glyphs OutlineWidth="0.5" CharSpace="0" RenderTransform="0.5968368 0 -0 0.5968368 407.5753 150.2547">
							<Font SizePoints="15" Style="Regular" FamilyName="CSMVMI+BlissPro" Capitals="Normal" ResourceId="2" />
							<Origin X="0" Y="0" />
							<Text> </Text>
							<Size Width="3.315" Height="8.745116" />
							<Brush>
								<SolidBrush Color="#FF000000" />
							</Brush>
							<Tag>convertedFont</Tag>
						</Glyphs>
						<Glyphs OutlineWidth="0.5" CharSpace="0" RenderTransform="0.5968368 0 -0 0.5968368 409.57098 150.2547">
							<Font SizePoints="15" Style="Regular" FamilyName="CSMVMI+BlissPro" Capitals="Normal" ResourceId="2" />
							<Origin X="0" Y="0" />
							<Text>К</Text>
							<Size Width="8.76" Height="8.745116" />
							<Brush>
								<SolidBrush Color="#FF000000" />
							</Brush>
							<Tag>convertedFont</Tag>
						</Glyphs>
						<Glyphs OutlineWidth="0.5" CharSpace="0" RenderTransform="0.5968368 0 -0 0.5968368 414.83994 150.2547">
							<Font SizePoints="15" Style="Regular" FamilyName="CSMVMI+BlissPro" Capitals="Normal" ResourceId="2" />
							<Origin X="0" Y="0" />
							<Text>р</Text>
							<Size Width="7.65" Height="8.745116" />
							<Brush>
								<SolidBrush Color="#FF000000" />
							</Brush>
							<Tag>convertedFont</Tag>
						</Glyphs>
						<Glyphs OutlineWidth="0.5" CharSpace="0" RenderTransform="0.5968368 0 -0 0.5968368 419.43744 150.2547">
							<Font SizePoints="15" Style="Regular" FamilyName="CSMVMI+BlissPro" Capitals="Normal" ResourceId="2" />
							<Origin X="0" Y="0" />
							<Text>а</Text>
							<Size Width="7.08" Height="8.745116" />
							<Brush>
								<SolidBrush Color="#FF000000" />
							</Brush>
							<Tag>convertedFont</Tag>
						</Glyphs>
						<Glyphs OutlineWidth="0.5" CharSpace="0" RenderTransform="0.5968368 0 -0 0.5968368 423.68988 150.2547">
							<Font SizePoints="15" Style="Regular" FamilyName="CSMVMI+BlissPro" Capitals="Normal" ResourceId="2" />
							<Origin X="0" Y="0" />
							<Text>с</Text>
							<Size Width="6.51" Height="8.745116" />
							<Brush>
								<SolidBrush Color="#FF000000" />
							</Brush>
							<Tag>convertedFont</Tag>
						</Glyphs>
						<Glyphs OutlineWidth="0.5" CharSpace="0" RenderTransform="0.5968368 0 -0 0.5968368 427.59732 150.2547">
							<Font SizePoints="15" Style="Regular" FamilyName="CSMVMI+BlissPro" Capitals="Normal" ResourceId="2" />
							<Origin X="0" Y="0" />
							<Text>н</Text>
							<Size Width="7.785" Height="8.745116" />
							<Brush>
								<SolidBrush Color="#FF000000" />
							</Brush>
							<Tag>convertedFont</Tag>
						</Glyphs>
						<Glyphs OutlineWidth="0.5" CharSpace="0" RenderTransform="0.5968368 0 -0 0.5968368 432.27875 150.2547">
							<Font SizePoints="15" Style="Regular" FamilyName="CSMVMI+BlissPro" Capitals="Normal" ResourceId="2" />
							<Origin X="0" Y="0" />
							<Text>о</Text>
							<Size Width="7.89" Height="8.745116" />
							<Brush>
								<SolidBrush Color="#FF000000" />
							</Brush>
							<Tag>convertedFont</Tag>
						</Glyphs>
						<Glyphs OutlineWidth="0.5" CharSpace="0" RenderTransform="0.5968368 0 -0 0.5968368 437.01614 150.2547">
							<Font SizePoints="15" Style="Regular" FamilyName="CSMVMI+BlissPro" Capitals="Normal" ResourceId="2" />
							<Origin X="0" Y="0" />
							<Text>д</Text>
							<Size Width="8.145" Height="8.745116" />
							<Brush>
								<SolidBrush Color="#FF000000" />
							</Brush>
							<Tag>convertedFont</Tag>
						</Glyphs>
						<Glyphs OutlineWidth="0.5" CharSpace="0" RenderTransform="0.5968368 0 -0 0.5968368 441.91208 150.2547">
							<Font SizePoints="15" Style="Regular" FamilyName="CSMVMI+BlissPro" Capitals="Normal" ResourceId="2" />
							<Origin X="0" Y="0" />
							<Text>а</Text>
							<Size Width="7.08" Height="8.745116" />
							<Brush>
								<SolidBrush Color="#FF000000" />
							</Brush>
							<Tag>convertedFont</Tag>
						</Glyphs>
						<Glyphs OutlineWidth="0.5" CharSpace="0" RenderTransform="0.5968368 0 -0 0.5968368 446.16452 150.2547">
							<Font SizePoints="15" Style="Regular" FamilyName="CSMVMI+BlissPro" Capitals="Normal" ResourceId="2" />
							<Origin X="0" Y="0" />
							<Text>р</Text>
							<Size Width="7.65" Height="8.745116" />
							<Brush>
								<SolidBrush Color="#FF000000" />
							</Brush>
							<Tag>convertedFont</Tag>
						</Glyphs>
						<Glyphs OutlineWidth="0.5" CharSpace="0" RenderTransform="0.5968368 0 -0 0.5968368 450.76205 150.2547">
							<Font SizePoints="15" Style="Regular" FamilyName="CSMVMI+BlissPro" Capitals="Normal" ResourceId="2" />
							<Origin X="0" Y="0" />
							<Text>с</Text>
							<Size Width="6.51" Height="8.745116" />
							<Brush>
								<SolidBrush Color="#FF000000" />
							</Brush>
							<Tag>convertedFont</Tag>
						</Glyphs>
						<Glyphs OutlineWidth="0.5" CharSpace="0" RenderTransform="0.5968368 0 -0 0.5968368 454.66946 150.2547">
							<Font SizePoints="15" Style="Regular" FamilyName="CSMVMI+BlissPro" Capitals="Normal" ResourceId="2" />
							<Origin X="0" Y="0" />
							<Text>к</Text>
							<Size Width="6.96" Height="8.745116" />
							<Brush>
								<SolidBrush Color="#FF000000" />
							</Brush>
							<Tag>convertedFont</Tag>
						</Glyphs>
						<Glyphs OutlineWidth="0.5" CharSpace="0" RenderTransform="0.5968368 0 -0 0.5968368 458.85663 150.2547">
							<Font SizePoints="15" Style="Regular" FamilyName="CSMVMI+BlissPro" Capitals="Normal" ResourceId="2" />
							<Origin X="0" Y="0" />
							<Text>и</Text>
							<Size Width="8.055" Height="8.745116" />
							<Brush>
								<SolidBrush Color="#FF000000" />
							</Brush>
							<Tag>convertedFont</Tag>
						</Glyphs>
						<Glyphs OutlineWidth="0.5" CharSpace="0" RenderTransform="0.5968368 0 -0 0.5968368 463.69662 150.2547">
							<Font SizePoints="15" Style="Regular" FamilyName="CSMVMI+BlissPro" Capitals="Normal" ResourceId="2" />
							<Origin X="0" Y="0" />
							<Text>й</Text>
							<Size Width="8.055" Height="8.745116" />
							<Brush>
								<SolidBrush Color="#FF000000" />
							</Brush>
							<Tag>convertedFont</Tag>
						</Glyphs>
						<Glyphs OutlineWidth="0.5" CharSpace="0" RenderTransform="0.5968368 0 -0 0.5968368 468.5366 150.2547">
							<Font SizePoints="15" Style="Regular" FamilyName="CSMVMI+BlissPro" Capitals="Normal" ResourceId="2" />
							<Origin X="0" Y="0" />
							<Text> </Text>
							<Size Width="3.315" Height="8.745116" />
							<Brush>
								<SolidBrush Color="#FF000000" />
							</Brush>
							<Tag>convertedFont</Tag>
						</Glyphs>
						<Glyphs OutlineWidth="0.5" CharSpace="0" RenderTransform="0.5968368 0 -0 0.5968368 470.53226 150.2547">
							<Font SizePoints="15" Style="Regular" FamilyName="CSMVMI+BlissPro" Capitals="Normal" ResourceId="2" />
							<Origin X="0" Y="0" />
							<Text>к</Text>
							<Size Width="6.96" Height="8.745116" />
							<Brush>
								<SolidBrush Color="#FF000000" />
							</Brush>
							<Tag>convertedFont</Tag>
						</Glyphs>
						<Glyphs OutlineWidth="0.5" CharSpace="0" RenderTransform="0.5968368 0 -0 0.5968368 474.71945 150.2547">
							<Font SizePoints="15" Style="Regular" FamilyName="CSMVMI+BlissPro" Capitals="Normal" ResourceId="2" />
							<Origin X="0" Y="0" />
							<Text>р</Text>
							<Size Width="7.65" Height="8.745116" />
							<Brush>
								<SolidBrush Color="#FF000000" />
							</Brush>
							<Tag>convertedFont</Tag>
						</Glyphs>
						<Glyphs OutlineWidth="0.5" CharSpace="0" RenderTransform="0.5968368 0 -0 0.5968368 479.31696 150.2547">
							<Font SizePoints="15" Style="Regular" FamilyName="CSMVMI+BlissPro" Capitals="Normal" ResourceId="2" />
							<Origin X="0" Y="0" />
							<Text>а</Text>
							<Size Width="7.08" Height="8.745116" />
							<Brush>
								<SolidBrush Color="#FF000000" />
							</Brush>
							<Tag>convertedFont</Tag>
						</Glyphs>
						<Glyphs OutlineWidth="0.5" CharSpace="0" RenderTransform="0.5968368 0 -0 0.5968368 483.56943 150.2547">
							<Font SizePoints="15" Style="Regular" FamilyName="CSMVMI+BlissPro" Capitals="Normal" ResourceId="2" />
							<Origin X="0" Y="0" />
							<Text>й</Text>
							<Size Width="8.055" Height="8.745116" />
							<Brush>
								<SolidBrush Color="#FF000000" />
							</Brush>
							<Tag>convertedFont</Tag>
						</Glyphs>
						<Glyphs OutlineWidth="0.5" CharSpace="0" RenderTransform="0.5968368 0 -0 0.5968368 488.4094 150.2547">
							<Font SizePoints="15" Style="Regular" FamilyName="CSMVMI+BlissPro" Capitals="Normal" ResourceId="2" />
							<Origin X="0" Y="0" />
							<Text>,</Text>
							<Size Width="3.51" Height="8.745116" />
							<Brush>
								<SolidBrush Color="#FF000000" />
							</Brush>
							<Tag>convertedFont</Tag>
						</Glyphs>
						<Glyphs OutlineWidth="0.5" CharSpace="0" RenderTransform="0.5968368 0 -0 0.5968368 490.51697 150.2547">
							<Font SizePoints="15" Style="Regular" FamilyName="CSMVMI+BlissPro" Capitals="Normal" ResourceId="2" />
							<Origin X="0" Y="0" />
							<Text> </Text>
							<Size Width="3.315" Height="8.745116" />
							<Brush>
								<SolidBrush Color="#FF000000" />
							</Brush>
							<Tag>convertedFont</Tag>
						</Glyphs>
						<Glyphs OutlineWidth="0.5" CharSpace="0" RenderTransform="0.5968368 0 -0 0.5968368 492.51263 150.2547">
							<Font SizePoints="15" Style="Regular" FamilyName="CSMVMI+BlissPro" Capitals="Normal" ResourceId="2" />
							<Origin X="0" Y="0" />
							<Text>,</Text>
							<Size Width="3.51" Height="8.745116" />
							<Brush>
								<SolidBrush Color="#FF000000" />
							</Brush>
							<Tag>convertedFont</Tag>
						</Glyphs>
						<Glyphs OutlineWidth="0.5" CharSpace="0" RenderTransform="0.5968368 0 -0 0.5968368 494.6202 150.2547">
							<Font SizePoints="15" Style="Regular" FamilyName="CSMVMI+BlissPro" Capitals="Normal" ResourceId="2" />
							<Origin X="0" Y="0" />
							<Text> </Text>
							<Size Width="3.315" Height="8.745116" />
							<Brush>
								<SolidBrush Color="#FF000000" />
							</Brush>
							<Tag>convertedFont</Tag>
						</Glyphs>
						<Glyphs OutlineWidth="0.5" CharSpace="0" RenderTransform="0.5968368 0 -0 0.5968368 496.6159 150.2547">
							<Font SizePoints="15" Style="Regular" FamilyName="CSMVMI+BlissPro" Capitals="Normal" ResourceId="2" />
							<Origin X="0" Y="0" />
							<Text>Г</Text>
							<Size Width="6.495" Height="8.745116" />
							<Brush>
								<SolidBrush Color="#FF000000" />
							</Brush>
							<Tag>convertedFont</Tag>
						</Glyphs>
						<Glyphs OutlineWidth="0.5" CharSpace="0" RenderTransform="0.5968368 0 -0 0.5968368 500.51398 150.2547">
							<Font SizePoints="15" Style="Regular" FamilyName="CSMVMI+BlissPro" Capitals="Normal" ResourceId="2" />
							<Origin X="0" Y="0" />
							<Text>е</Text>
							<Size Width="7.11" Height="8.745116" />
							<Brush>
								<SolidBrush Color="#FF000000" />
							</Brush>
							<Tag>convertedFont</Tag>
						</Glyphs>
						<Glyphs OutlineWidth="0.5" CharSpace="0" RenderTransform="0.5968368 0 -0 0.5968368 504.7851 150.2547">
							<Font SizePoints="15" Style="Regular" FamilyName="CSMVMI+BlissPro" Capitals="Normal" ResourceId="2" />
							<Origin X="0" Y="0" />
							<Text>л</Text>
							<Size Width="7.545" Height="8.745116" />
							<Brush>
								<SolidBrush Color="#FF000000" />
							</Brush>
							<Tag>convertedFont</Tag>
						</Glyphs>
						<Glyphs OutlineWidth="0.5" CharSpace="0" RenderTransform="0.5968368 0 -0 0.5968368 509.31732 150.2547">
							<Font SizePoints="15" Style="Regular" FamilyName="CSMVMI+BlissPro" Capitals="Normal" ResourceId="2" />
							<Origin X="0" Y="0" />
							<Text>е</Text>
							<Size Width="7.11" Height="8.745116" />
							<Brush>
								<SolidBrush Color="#FF000000" />
							</Brush>
							<Tag>convertedFont</Tag>
						</Glyphs>
						<Glyphs OutlineWidth="0.5" CharSpace="0" RenderTransform="0.5968368 0 -0 0.5968368 513.58844 150.2547">
							<Font SizePoints="15" Style="Regular" FamilyName="CSMVMI+BlissPro" Capitals="Normal" ResourceId="2" />
							<Origin X="0" Y="0" />
							<Text>н</Text>
							<Size Width="7.785" Height="8.745116" />
							<Brush>
								<SolidBrush Color="#FF000000" />
							</Brush>
							<Tag>convertedFont</Tag>
						</Glyphs>
						<Glyphs OutlineWidth="0.5" CharSpace="0" RenderTransform="0.5968368 0 -0 0.5968368 518.2699 150.2547">
							<Font SizePoints="15" Style="Regular" FamilyName="CSMVMI+BlissPro" Capitals="Normal" ResourceId="2" />
							<Origin X="0" Y="0" />
							<Text>д</Text>
							<Size Width="8.145" Height="8.745116" />
							<Brush>
								<SolidBrush Color="#FF000000" />
							</Brush>
							<Tag>convertedFont</Tag>
						</Glyphs>
						<Glyphs OutlineWidth="0.5" CharSpace="0" RenderTransform="0.5968368 0 -0 0.5968368 523.1658 150.2547">
							<Font SizePoints="15" Style="Regular" FamilyName="CSMVMI+BlissPro" Capitals="Normal" ResourceId="2" />
							<Origin X="0" Y="0" />
							<Text>ж</Text>
							<Size Width="10.32" Height="8.745116" />
							<Brush>
								<SolidBrush Color="#FF000000" />
							</Brush>
							<Tag>convertedFont</Tag>
						</Glyphs>
						<Glyphs OutlineWidth="0.5" CharSpace="0" RenderTransform="0.5968368 0 -0 0.5968368 529.37665 150.2547">
							<Font SizePoints="15" Style="Regular" FamilyName="CSMVMI+BlissPro" Capitals="Normal" ResourceId="2" />
							<Origin X="0" Y="0" />
							<Text>и</Text>
							<Size Width="8.055" Height="8.745116" />
							<Brush>
								<SolidBrush Color="#FF000000" />
							</Brush>
							<Tag>convertedFont</Tag>
						</Glyphs>
						<Glyphs OutlineWidth="0.5" CharSpace="0" RenderTransform="0.5968368 0 -0 0.5968368 534.2166 150.2547">
							<Font SizePoints="15" Style="Regular" FamilyName="CSMVMI+BlissPro" Capitals="Normal" ResourceId="2" />
							<Origin X="0" Y="0" />
							<Text>к</Text>
							<Size Width="6.96" Height="8.745116" />
							<Brush>
								<SolidBrush Color="#FF000000" />
							</Brush>
							<Tag>convertedFont</Tag>
						</Glyphs>
						<Glyphs OutlineWidth="0.5" CharSpace="0" RenderTransform="0.5968368 0 -0 0.5968368 367.5033 160.9978">
							<Font SizePoints="15" Style="Regular" FamilyName="CSMVMI+BlissPro" Capitals="Normal" ResourceId="2" />
							<Origin X="0" Y="0" />
							<Text>г</Text>
							<Size Width="5.94" Height="8.745116" />
							<Brush>
								<SolidBrush Color="#FF000000" />
							</Brush>
							<Tag>convertedFont</Tag>
						</Glyphs>
						<Glyphs OutlineWidth="0.5" CharSpace="0" RenderTransform="0.5968368 0 -0 0.5968368 371.075 160.9978">
							<Font SizePoints="15" Style="Regular" FamilyName="CSMVMI+BlissPro" Capitals="Normal" ResourceId="2" />
							<Origin X="0" Y="0" />
							<Text>,</Text>
							<Size Width="3.51" Height="8.745116" />
							<Brush>
								<SolidBrush Color="#FF000000" />
							</Brush>
							<Tag>convertedFont</Tag>
						</Glyphs>
						<Glyphs OutlineWidth="0.5" CharSpace="0" RenderTransform="0.5968368 0 -0 0.5968368 373.1826 160.9978">
							<Font SizePoints="15" Style="Regular" FamilyName="CSMVMI+BlissPro" Capitals="Normal" ResourceId="2" />
							<Origin X="0" Y="0" />
							<Text> </Text>
							<Size Width="3.315" Height="8.745116" />
							<Brush>
								<SolidBrush Color="#FF000000" />
							</Brush>
							<Tag>convertedFont</Tag>
						</Glyphs>
						<Glyphs OutlineWidth="0.5" CharSpace="0" RenderTransform="0.5968368 0 -0 0.5968368 375.17825 160.9978">
							<Font SizePoints="15" Style="Regular" FamilyName="CSMVMI+BlissPro" Capitals="Normal" ResourceId="2" />
							<Origin X="0" Y="0" />
							<Text>,</Text>
							<Size Width="3.51" Height="8.745116" />
							<Brush>
								<SolidBrush Color="#FF000000" />
							</Brush>
							<Tag>convertedFont</Tag>
						</Glyphs>
						<Glyphs OutlineWidth="0.5" CharSpace="0" RenderTransform="0.5968368 0 -0 0.5968368 377.28583 160.9978">
							<Font SizePoints="15" Style="Regular" FamilyName="CSMVMI+BlissPro" Capitals="Normal" ResourceId="2" />
							<Origin X="0" Y="0" />
							<Text> </Text>
							<Size Width="3.315" Height="8.745116" />
							<Brush>
								<SolidBrush Color="#FF000000" />
							</Brush>
							<Tag>convertedFont</Tag>
						</Glyphs>
						<Glyphs OutlineWidth="0.5" CharSpace="0" RenderTransform="0.5968368 0 -0 0.5968368 379.2815 160.9978">
							<Font SizePoints="15" Style="Regular" FamilyName="CSMVMI+BlissPro" Capitals="Normal" ResourceId="2" />
							<Origin X="0" Y="0" />
							<Text>у</Text>
							<Size Width="7.26" Height="8.745116" />
							<Brush>
								<SolidBrush Color="#FF000000" />
							</Brush>
							<Tag>convertedFont</Tag>
						</Glyphs>
						<Glyphs OutlineWidth="0.5" CharSpace="0" RenderTransform="0.5968368 0 -0 0.5968368 383.64587 160.9978">
							<Font SizePoints="15" Style="Regular" FamilyName="CSMVMI+BlissPro" Capitals="Normal" ResourceId="2" />
							<Origin X="0" Y="0" />
							<Text>л</Text>
							<Size Width="7.545" Height="8.745116" />
							<Brush>
								<SolidBrush Color="#FF000000" />
							</Brush>
							<Tag>convertedFont</Tag>
						</Glyphs>
						<Glyphs OutlineWidth="0.5" CharSpace="0" RenderTransform="0.5968368 0 -0 0.5968368 388.1781 160.9978">
							<Font SizePoints="15" Style="Regular" FamilyName="CSMVMI+BlissPro" Capitals="Normal" ResourceId="2" />
							<Origin X="0" Y="0" />
							<Text> </Text>
							<Size Width="3.315" Height="8.745116" />
							<Brush>
								<SolidBrush Color="#FF000000" />
							</Brush>
							<Tag>convertedFont</Tag>
						</Glyphs>
						<Glyphs OutlineWidth="0.5" CharSpace="0" RenderTransform="0.5968368 0 -0 0.5968368 390.17377 160.9978">
							<Font SizePoints="15" Style="Regular" FamilyName="CSMVMI+BlissPro" Capitals="Normal" ResourceId="2" />
							<Origin X="0" Y="0" />
							<Text>П</Text>
							<Size Width="9.96" Height="8.745116" />
							<Brush>
								<SolidBrush Color="#FF000000" />
							</Brush>
							<Tag>convertedFont</Tag>
						</Glyphs>
						<Glyphs OutlineWidth="0.5" CharSpace="0" RenderTransform="0.5968368 0 -0 0.5968368 396.1608 160.9978">
							<Font SizePoints="15" Style="Regular" FamilyName="CSMVMI+BlissPro" Capitals="Normal" ResourceId="2" />
							<Origin X="0" Y="0" />
							<Text>о</Text>
							<Size Width="7.89" Height="8.745116" />
							<Brush>
								<SolidBrush Color="#FF000000" />
							</Brush>
							<Tag>convertedFont</Tag>
						</Glyphs>
						<Glyphs OutlineWidth="0.5" CharSpace="0" RenderTransform="0.5968368 0 -0 0.5968368 400.8982 160.9978">
							<Font SizePoints="15" Style="Regular" FamilyName="CSMVMI+BlissPro" Capitals="Normal" ResourceId="2" />
							<Origin X="0" Y="0" />
							<Text>р</Text>
							<Size Width="7.65" Height="8.745116" />
							<Brush>
								<SolidBrush Color="#FF000000" />
							</Brush>
							<Tag>convertedFont</Tag>
						</Glyphs>
						<Glyphs OutlineWidth="0.5" CharSpace="0" RenderTransform="0.5968368 0 -0 0.5968368 405.4957 160.9978">
							<Font SizePoints="15" Style="Regular" FamilyName="CSMVMI+BlissPro" Capitals="Normal" ResourceId="2" />
							<Origin X="0" Y="0" />
							<Text>т</Text>
							<Size Width="6.615" Height="8.745116" />
							<Brush>
								<SolidBrush Color="#FF000000" />
							</Brush>
							<Tag>convertedFont</Tag>
						</Glyphs>
						<Glyphs OutlineWidth="0.5" CharSpace="0" RenderTransform="0.5968368 0 -0 0.5968368 409.47772 160.9978">
							<Font SizePoints="15" Style="Regular" FamilyName="CSMVMI+BlissPro" Capitals="Normal" ResourceId="2" />
							<Origin X="0" Y="0" />
							<Text>о</Text>
							<Size Width="7.89" Height="8.745116" />
							<Brush>
								<SolidBrush Color="#FF000000" />
							</Brush>
							<Tag>convertedFont</Tag>
						</Glyphs>
						<Glyphs OutlineWidth="0.5" CharSpace="0" RenderTransform="0.5968368 0 -0 0.5968368 414.21512 160.9978">
							<Font SizePoints="15" Style="Regular" FamilyName="CSMVMI+BlissPro" Capitals="Normal" ResourceId="2" />
							<Origin X="0" Y="0" />
							<Text>в</Text>
							<Size Width="7.005" Height="8.745116" />
							<Brush>
								<SolidBrush Color="#FF000000" />
							</Brush>
							<Tag>convertedFont</Tag>
						</Glyphs>
						<Glyphs OutlineWidth="0.5" CharSpace="0" RenderTransform="0.5968368 0 -0 0.5968368 418.43027 160.9978">
							<Font SizePoints="15" Style="Regular" FamilyName="CSMVMI+BlissPro" Capitals="Normal" ResourceId="2" />
							<Origin X="0" Y="0" />
							<Text>а</Text>
							<Size Width="7.08" Height="8.745116" />
							<Brush>
								<SolidBrush Color="#FF000000" />
							</Brush>
							<Tag>convertedFont</Tag>
						</Glyphs>
						<Glyphs OutlineWidth="0.5" CharSpace="0" RenderTransform="0.5968368 0 -0 0.5968368 422.68274 160.9978">
							<Font SizePoints="15" Style="Regular" FamilyName="CSMVMI+BlissPro" Capitals="Normal" ResourceId="2" />
							<Origin X="0" Y="0" />
							<Text>я</Text>
							<Size Width="7.155" Height="8.745116" />
							<Brush>
								<SolidBrush Color="#FF000000" />
							</Brush>
							<Tag>convertedFont</Tag>
						</Glyphs>
						<Glyphs OutlineWidth="0.5" CharSpace="0" RenderTransform="0.5968368 0 -0 0.5968368 426.9818 160.9978">
							<Font SizePoints="15" Style="Regular" FamilyName="CSMVMI+BlissPro" Capitals="Normal" ResourceId="2" />
							<Origin X="0" Y="0" />
							<Text>,</Text>
							<Size Width="3.51" Height="8.745116" />
							<Brush>
								<SolidBrush Color="#FF000000" />
							</Brush>
							<Tag>convertedFont</Tag>
						</Glyphs>
						<Glyphs OutlineWidth="0.5" CharSpace="0" RenderTransform="0.5968368 0 -0 0.5968368 429.08942 160.9978">
							<Font SizePoints="15" Style="Regular" FamilyName="CSMVMI+BlissPro" Capitals="Normal" ResourceId="2" />
							<Origin X="0" Y="0" />
							<Text> </Text>
							<Size Width="3.315" Height="8.745116" />
							<Brush>
								<SolidBrush Color="#FF000000" />
							</Brush>
							<Tag>convertedFont</Tag>
						</Glyphs>
						<Glyphs OutlineWidth="0.5" CharSpace="0" RenderTransform="0.5968368 0 -0 0.5968368 431.08508 160.9978">
							<Font SizePoints="15" Style="Regular" FamilyName="CSMVMI+BlissPro" Capitals="Normal" ResourceId="2" />
							<Origin X="0" Y="0" />
							<Text>,</Text>
							<Size Width="3.51" Height="8.745116" />
							<Brush>
								<SolidBrush Color="#FF000000" />
							</Brush>
							<Tag>convertedFont</Tag>
						</Glyphs>
						<Glyphs OutlineWidth="0.5" CharSpace="0" RenderTransform="0.5968368 0 -0 0.5968368 433.19266 160.9978">
							<Font SizePoints="15" Style="Regular" FamilyName="CSMVMI+BlissPro" Capitals="Normal" ResourceId="2" />
							<Origin X="0" Y="0" />
							<Text> </Text>
							<Size Width="3.315" Height="8.745116" />
							<Brush>
								<SolidBrush Color="#FF000000" />
							</Brush>
							<Tag>convertedFont</Tag>
						</Glyphs>
						<Glyphs OutlineWidth="0.5" CharSpace="0" RenderTransform="0.5968368 0 -0 0.5968368 435.18832 160.9978">
							<Font SizePoints="15" Style="Regular" FamilyName="CSMVMI+BlissPro" Capitals="Normal" ResourceId="2" />
							<Origin X="0" Y="0" />
							<Text>,</Text>
							<Size Width="3.51" Height="8.745116" />
							<Brush>
								<SolidBrush Color="#FF000000" />
							</Brush>
							<Tag>convertedFont</Tag>
						</Glyphs>
						<Path FillMode="Winding" RenderTransform="1 0 0 -1 0 842">
							<Brush>
								<SolidBrush Color="#FF005F7F" />
							</Brush>
							<PathFigure IsClosed="True">
								<PolyLine LineColor="#FF000000">
									<Point X="51.1798" Y="383.18066" />
									<Point X="287.52716" Y="383.18066" />
								</PolyLine>
								<PolyLine LineColor="#FF000000">
									<Point X="287.52716" Y="383.18066" />
									<Point X="287.52716" Y="381.987" />
								</PolyLine>
								<PolyLine LineColor="#FF000000">
									<Point X="287.52716" Y="381.987" />
									<Point X="51.1798" Y="381.987" />
								</PolyLine>
							</PathFigure>
						</Path>
					</Canvas>
					<Canvas>
						<Clip>
							<Path FillMode="Alternate">
								<PathFigure IsClosed="True">
									<PolyLine LineColor="#FF000000">
										<Point X="28.5" Y="28.5" />
										<Point X="566.25" Y="28.5" />
									</PolyLine>
									<PolyLine LineColor="#FF000000">
										<Point X="566.25" Y="28.5" />
										<Point X="566.25" Y="813.3404" />
									</PolyLine>
									<PolyLine LineColor="#FF000000">
										<Point X="566.25" Y="813.3404" />
										<Point X="28.5" Y="813.3404" />
									</PolyLine>
									<PolyLine LineColor="#FF000000">
										<Point X="28.5" Y="813.3404" />
										<Point X="28.5" Y="28.5" />
									</PolyLine>
								</PathFigure>
							</Path>
						</Clip>
						<Canvas>
							<Clip>
								<Path FillMode="Winding">
									<PathFigure IsClosed="False">
										<PolyLine LineColor="#FF000000">
											<Point X="52.373474" Y="473.14343" />
											<Point X="52.373474" Y="472.5466" />
										</PolyLine>
										<PolyLine LineColor="#FF000000">
											<Point X="52.373474" Y="472.5466" />
											<Point X="140.70532" Y="472.5466" />
										</PolyLine>
										<PolyLine LineColor="#FF000000">
											<Point X="140.70532" Y="472.5466" />
											<Point X="141.30215" Y="473.14343" />
										</PolyLine>
									</PathFigure>
								</Path>
							</Clip>
							<Path FillMode="Winding" RenderTransform="1 0 0 -1 0 842">
								<Brush>
									<SolidBrush Color="#FF706E74" />
								</Brush>
								<PathFigure IsClosed="True">
									<PolyLine LineColor="#FF000000">
										<Point X="52.373474" Y="369.45343" />
										<Point X="52.970306" Y="369.45343" />
									</PolyLine>
									<PolyLine LineColor="#FF000000">
										<Point X="52.970306" Y="369.45343" />
										<Point X="52.970306" Y="368.85657" />
									</PolyLine>
									<PolyLine LineColor="#FF000000">
										<Point X="52.970306" Y="368.85657" />
										<Point X="52.373474" Y="368.85657" />
									</PolyLine>
								</PathFigure>
							</Path>
							<Path FillMode="Winding" RenderTransform="1 0 0 -1 0 842">
								<Brush>
									<SolidBrush Color="#FF706E74" />
								</Brush>
								<PathFigure IsClosed="True">
									<PolyLine LineColor="#FF000000">
										<Point X="140.70532" Y="369.45343" />
										<Point X="141.30215" Y="369.45343" />
									</PolyLine>
									<PolyLine LineColor="#FF000000">
										<Point X="141.30215" Y="369.45343" />
										<Point X="141.30215" Y="368.85657" />
									</PolyLine>
									<PolyLine LineColor="#FF000000">
										<Point X="141.30215" Y="368.85657" />
										<Point X="140.70532" Y="368.85657" />
									</PolyLine>
								</PathFigure>
							</Path>
							<Path FillMode="Alternate" RenderTransform="1 0 0 -1 0 842">
								<Pen Alignment="Center" DashCap="Flat" DashOffset="0" DashPattern="0.5968368 0.5968368" DashStyle="Custom" EndCap="Flat" LineJoin="Miter" MiterLimit="10" StartCap="Flat" Width="0.5968368">
									<Brush>
										<SolidBrush Color="#FF706E74" />
									</Brush>
								</Pen>
								<PathFigure IsClosed="False">
									<PolyLine LineColor="#FF000000">
										<Point X="52.970306" Y="369.155" />
										<Point X="140.70532" Y="369.155" />
									</PolyLine>
								</PathFigure>
							</Path>
						</Canvas>
					</Canvas>
					<Canvas>
						<Clip>
							<Path FillMode="Alternate">
								<PathFigure IsClosed="True">
									<PolyLine LineColor="#FF000000">
										<Point X="28.5" Y="28.5" />
										<Point X="566.25" Y="28.5" />
									</PolyLine>
									<PolyLine LineColor="#FF000000">
										<Point X="566.25" Y="28.5" />
										<Point X="566.25" Y="813.3404" />
									</PolyLine>
									<PolyLine LineColor="#FF000000">
										<Point X="566.25" Y="813.3404" />
										<Point X="28.5" Y="813.3404" />
									</PolyLine>
									<PolyLine LineColor="#FF000000">
										<Point X="28.5" Y="813.3404" />
										<Point X="28.5" Y="28.5" />
									</PolyLine>
								</PathFigure>
							</Path>
						</Clip>
						<Path FillMode="Winding" RenderTransform="1 0 0 -1 0 842">
							<Brush>
								<SolidBrush Color="#FF939598" />
							</Brush>
							<PathFigure IsClosed="True">
								<PolyLine LineColor="#FF000000">
									<Point X="140.70532" Y="380.7933" />
									<Point X="140.70532" Y="369.4534" />
								</PolyLine>
								<PolyLine LineColor="#FF000000">
									<Point X="140.70532" Y="369.4534" />
									<Point X="141.30215" Y="368.85657" />
								</PolyLine>
								<PolyLine LineColor="#FF000000">
									<Point X="141.30215" Y="368.85657" />
									<Point X="141.30215" Y="380.7933" />
								</PolyLine>
								<PolyLine LineColor="#FF000000">
									<Point X="141.30215" Y="380.7933" />
									<Point X="140.70532" Y="380.7933" />
								</PolyLine>
							</PathFigure>
						</Path>
					</Canvas>
					<Canvas>
						<Clip>
							<Path FillMode="Alternate">
								<PathFigure IsClosed="True">
									<PolyLine LineColor="#FF000000">
										<Point X="28.5" Y="28.5" />
										<Point X="566.25" Y="28.5" />
									</PolyLine>
									<PolyLine LineColor="#FF000000">
										<Point X="566.25" Y="28.5" />
										<Point X="566.25" Y="813.3404" />
									</PolyLine>
									<PolyLine LineColor="#FF000000">
										<Point X="566.25" Y="813.3404" />
										<Point X="28.5" Y="813.3404" />
									</PolyLine>
									<PolyLine LineColor="#FF000000">
										<Point X="28.5" Y="813.3404" />
										<Point X="28.5" Y="28.5" />
									</PolyLine>
								</PathFigure>
							</Path>
						</Clip>
						<Canvas>
							<Clip>
								<Path FillMode="Winding">
									<PathFigure IsClosed="False">
										<PolyLine LineColor="#FF000000">
											<Point X="142.49583" Y="473.14343" />
											<Point X="142.49583" Y="472.5466" />
										</PolyLine>
										<PolyLine LineColor="#FF000000">
											<Point X="142.49583" Y="472.5466" />
											<Point X="213.51941" Y="472.5466" />
										</PolyLine>
										<PolyLine LineColor="#FF000000">
											<Point X="213.51941" Y="472.5466" />
											<Point X="214.11626" Y="473.14343" />
										</PolyLine>
									</PathFigure>
								</Path>
							</Clip>
							<Path FillMode="Winding" RenderTransform="1 0 0 -1 0 842">
								<Brush>
									<SolidBrush Color="#FF706E74" />
								</Brush>
								<PathFigure IsClosed="True">
									<PolyLine LineColor="#FF000000">
										<Point X="142.49582" Y="369.45343" />
										<Point X="143.09267" Y="369.45343" />
									</PolyLine>
									<PolyLine LineColor="#FF000000">
										<Point X="143.09267" Y="369.45343" />
										<Point X="143.09267" Y="368.85657" />
									</PolyLine>
									<PolyLine LineColor="#FF000000">
										<Point X="143.09267" Y="368.85657" />
										<Point X="142.49582" Y="368.85657" />
									</PolyLine>
								</PathFigure>
							</Path>
							<Path FillMode="Winding" RenderTransform="1 0 0 -1 0 842">
								<Brush>
									<SolidBrush Color="#FF706E74" />
								</Brush>
								<PathFigure IsClosed="True">
									<PolyLine LineColor="#FF000000">
										<Point X="213.51941" Y="369.45343" />
										<Point X="214.11624" Y="369.45343" />
									</PolyLine>
									<PolyLine LineColor="#FF000000">
										<Point X="214.11624" Y="369.45343" />
										<Point X="214.11624" Y="368.85657" />
									</PolyLine>
									<PolyLine LineColor="#FF000000">
										<Point X="214.11624" Y="368.85657" />
										<Point X="213.51941" Y="368.85657" />
									</PolyLine>
								</PathFigure>
							</Path>
							<Path FillMode="Alternate" RenderTransform="1 0 0 -1 0 842">
								<Pen Alignment="Center" DashCap="Flat" DashOffset="0" DashPattern="0.5968368 0.5968368" DashStyle="Custom" EndCap="Flat" LineJoin="Miter" MiterLimit="10" StartCap="Flat" Width="0.5968368">
									<Brush>
										<SolidBrush Color="#FF706E74" />
									</Brush>
								</Pen>
								<PathFigure IsClosed="False">
									<PolyLine LineColor="#FF000000">
										<Point X="143.09267" Y="369.155" />
										<Point X="213.51941" Y="369.155" />
									</PolyLine>
								</PathFigure>
							</Path>
						</Canvas>
					</Canvas>
					<Canvas>
						<Clip>
							<Path FillMode="Alternate">
								<PathFigure IsClosed="True">
									<PolyLine LineColor="#FF000000">
										<Point X="28.5" Y="28.5" />
										<Point X="566.25" Y="28.5" />
									</PolyLine>
									<PolyLine LineColor="#FF000000">
										<Point X="566.25" Y="28.5" />
										<Point X="566.25" Y="813.3404" />
									</PolyLine>
									<PolyLine LineColor="#FF000000">
										<Point X="566.25" Y="813.3404" />
										<Point X="28.5" Y="813.3404" />
									</PolyLine>
									<PolyLine LineColor="#FF000000">
										<Point X="28.5" Y="813.3404" />
										<Point X="28.5" Y="28.5" />
									</PolyLine>
								</PathFigure>
							</Path>
						</Clip>
						<Path FillMode="Winding" RenderTransform="1 0 0 -1 0 842">
							<Brush>
								<SolidBrush Color="#FF939598" />
							</Brush>
							<PathFigure IsClosed="True">
								<PolyLine LineColor="#FF000000">
									<Point X="213.51941" Y="380.7933" />
									<Point X="213.51941" Y="369.4534" />
								</PolyLine>
								<PolyLine LineColor="#FF000000">
									<Point X="213.51941" Y="369.4534" />
									<Point X="214.11626" Y="368.85657" />
								</PolyLine>
								<PolyLine LineColor="#FF000000">
									<Point X="214.11626" Y="368.85657" />
									<Point X="214.11626" Y="380.7933" />
								</PolyLine>
								<PolyLine LineColor="#FF000000">
									<Point X="214.11626" Y="380.7933" />
									<Point X="213.51941" Y="380.7933" />
								</PolyLine>
							</PathFigure>
						</Path>
					</Canvas>
					<Canvas>
						<Clip>
							<Path FillMode="Alternate">
								<PathFigure IsClosed="True">
									<PolyLine LineColor="#FF000000">
										<Point X="28.5" Y="28.5" />
										<Point X="566.25" Y="28.5" />
									</PolyLine>
									<PolyLine LineColor="#FF000000">
										<Point X="566.25" Y="28.5" />
										<Point X="566.25" Y="813.3404" />
									</PolyLine>
									<PolyLine LineColor="#FF000000">
										<Point X="566.25" Y="813.3404" />
										<Point X="28.5" Y="813.3404" />
									</PolyLine>
									<PolyLine LineColor="#FF000000">
										<Point X="28.5" Y="813.3404" />
										<Point X="28.5" Y="28.5" />
									</PolyLine>
								</PathFigure>
							</Path>
						</Clip>
						<Canvas>
							<Clip>
								<Path FillMode="Winding">
									<PathFigure IsClosed="False">
										<PolyLine LineColor="#FF000000">
											<Point X="215.30994" Y="473.14343" />
											<Point X="215.30994" Y="472.5466" />
										</PolyLine>
										<PolyLine LineColor="#FF000000">
											<Point X="215.30994" Y="472.5466" />
											<Point X="286.3335" Y="472.5466" />
										</PolyLine>
										<PolyLine LineColor="#FF000000">
											<Point X="286.3335" Y="472.5466" />
											<Point X="286.3335" Y="473.14343" />
										</PolyLine>
									</PathFigure>
								</Path>
							</Clip>
							<Path FillMode="Winding" RenderTransform="1 0 0 -1 0 842">
								<Brush>
									<SolidBrush Color="#FF706E74" />
								</Brush>
								<PathFigure IsClosed="True">
									<PolyLine LineColor="#FF000000">
										<Point X="215.30992" Y="369.45343" />
										<Point X="215.90675" Y="369.45343" />
									</PolyLine>
									<PolyLine LineColor="#FF000000">
										<Point X="215.90675" Y="369.45343" />
										<Point X="215.90675" Y="368.85657" />
									</PolyLine>
									<PolyLine LineColor="#FF000000">
										<Point X="215.90675" Y="368.85657" />
										<Point X="215.30992" Y="368.85657" />
									</PolyLine>
								</PathFigure>
							</Path>
							<Path FillMode="Winding" RenderTransform="1 0 0 -1 0 842">
								<Brush>
									<SolidBrush Color="#FF706E74" />
								</Brush>
								<PathFigure IsClosed="True">
									<PolyLine LineColor="#FF000000">
										<Point X="285.73666" Y="369.45343" />
										<Point X="286.3335" Y="369.45343" />
									</PolyLine>
									<PolyLine LineColor="#FF000000">
										<Point X="286.3335" Y="369.45343" />
										<Point X="286.3335" Y="368.85657" />
									</PolyLine>
									<PolyLine LineColor="#FF000000">
										<Point X="286.3335" Y="368.85657" />
										<Point X="285.73666" Y="368.85657" />
									</PolyLine>
								</PathFigure>
							</Path>
							<Path FillMode="Alternate" RenderTransform="1 0 0 -1 0 842">
								<Pen Alignment="Center" DashCap="Flat" DashOffset="0" DashPattern="0.5968368 0.5968368" DashStyle="Custom" EndCap="Flat" LineJoin="Miter" MiterLimit="10" StartCap="Flat" Width="0.5968368">
									<Brush>
										<SolidBrush Color="#FF706E74" />
									</Brush>
								</Pen>
								<PathFigure IsClosed="False">
									<PolyLine LineColor="#FF000000">
										<Point X="215.90675" Y="369.155" />
										<Point X="285.73666" Y="369.155" />
									</PolyLine>
								</PathFigure>
							</Path>
						</Canvas>
					</Canvas>
					<Canvas>
						<Clip>
							<Path FillMode="Alternate">
								<PathFigure IsClosed="True">
									<PolyLine LineColor="#FF000000">
										<Point X="28.5" Y="28.5" />
										<Point X="566.25" Y="28.5" />
									</PolyLine>
									<PolyLine LineColor="#FF000000">
										<Point X="566.25" Y="28.5" />
										<Point X="566.25" Y="813.3404" />
									</PolyLine>
									<PolyLine LineColor="#FF000000">
										<Point X="566.25" Y="813.3404" />
										<Point X="28.5" Y="813.3404" />
									</PolyLine>
									<PolyLine LineColor="#FF000000">
										<Point X="28.5" Y="813.3404" />
										<Point X="28.5" Y="28.5" />
									</PolyLine>
								</PathFigure>
							</Path>
						</Clip>
					</Canvas>
					<Canvas>
						<Clip>
							<Path FillMode="Alternate">
								<PathFigure IsClosed="True">
									<PolyLine LineColor="#FF000000">
										<Point X="28.5" Y="28.5" />
										<Point X="566.25" Y="28.5" />
									</PolyLine>
									<PolyLine LineColor="#FF000000">
										<Point X="566.25" Y="28.5" />
										<Point X="566.25" Y="813.3404" />
									</PolyLine>
									<PolyLine LineColor="#FF000000">
										<Point X="566.25" Y="813.3404" />
										<Point X="28.5" Y="813.3404" />
									</PolyLine>
									<PolyLine LineColor="#FF000000">
										<Point X="28.5" Y="813.3404" />
										<Point X="28.5" Y="28.5" />
									</PolyLine>
								</PathFigure>
							</Path>
						</Clip>
						<Canvas>
							<Clip>
								<Path FillMode="Winding">
									<PathFigure IsClosed="False">
										<PolyLine LineColor="#FF000000">
											<Point X="52.373474" Y="486.27383" />
											<Point X="52.373474" Y="485.677" />
										</PolyLine>
										<PolyLine LineColor="#FF000000">
											<Point X="52.373474" Y="485.677" />
											<Point X="140.70532" Y="485.677" />
										</PolyLine>
										<PolyLine LineColor="#FF000000">
											<Point X="140.70532" Y="485.677" />
											<Point X="141.30215" Y="486.27383" />
										</PolyLine>
									</PathFigure>
								</Path>
							</Clip>
							<Path FillMode="Winding" RenderTransform="1 0 0 -1 0 842">
								<Brush>
									<SolidBrush Color="#FF706E74" />
								</Brush>
								<PathFigure IsClosed="True">
									<PolyLine LineColor="#FF000000">
										<Point X="52.373474" Y="356.323" />
										<Point X="52.970306" Y="356.323" />
									</PolyLine>
									<PolyLine LineColor="#FF000000">
										<Point X="52.970306" Y="356.323" />
										<Point X="52.970306" Y="355.72617" />
									</PolyLine>
									<PolyLine LineColor="#FF000000">
										<Point X="52.970306" Y="355.72617" />
										<Point X="52.373474" Y="355.72617" />
									</PolyLine>
								</PathFigure>
							</Path>
							<Path FillMode="Winding" RenderTransform="1 0 0 -1 0 842">
								<Brush>
									<SolidBrush Color="#FF706E74" />
								</Brush>
								<PathFigure IsClosed="True">
									<PolyLine LineColor="#FF000000">
										<Point X="140.70532" Y="356.323" />
										<Point X="141.30215" Y="356.323" />
									</PolyLine>
									<PolyLine LineColor="#FF000000">
										<Point X="141.30215" Y="356.323" />
										<Point X="141.30215" Y="355.72617" />
									</PolyLine>
									<PolyLine LineColor="#FF000000">
										<Point X="141.30215" Y="355.72617" />
										<Point X="140.70532" Y="355.72617" />
									</PolyLine>
								</PathFigure>
							</Path>
							<Path FillMode="Alternate" RenderTransform="1 0 0 -1 0 842">
								<Pen Alignment="Center" DashCap="Flat" DashOffset="0" DashPattern="0.5968368 0.5968368" DashStyle="Custom" EndCap="Flat" LineJoin="Miter" MiterLimit="10" StartCap="Flat" Width="0.5968368">
									<Brush>
										<SolidBrush Color="#FF706E74" />
									</Brush>
								</Pen>
								<PathFigure IsClosed="False">
									<PolyLine LineColor="#FF000000">
										<Point X="52.970306" Y="356.0246" />
										<Point X="140.70532" Y="356.0246" />
									</PolyLine>
								</PathFigure>
							</Path>
						</Canvas>
					</Canvas>
					<Canvas>
						<Clip>
							<Path FillMode="Alternate">
								<PathFigure IsClosed="True">
									<PolyLine LineColor="#FF000000">
										<Point X="28.5" Y="28.5" />
										<Point X="566.25" Y="28.5" />
									</PolyLine>
									<PolyLine LineColor="#FF000000">
										<Point X="566.25" Y="28.5" />
										<Point X="566.25" Y="813.3404" />
									</PolyLine>
									<PolyLine LineColor="#FF000000">
										<Point X="566.25" Y="813.3404" />
										<Point X="28.5" Y="813.3404" />
									</PolyLine>
									<PolyLine LineColor="#FF000000">
										<Point X="28.5" Y="813.3404" />
										<Point X="28.5" Y="28.5" />
									</PolyLine>
								</PathFigure>
							</Path>
						</Clip>
						<Path FillMode="Winding" RenderTransform="1 0 0 -1 0 842">
							<Brush>
								<SolidBrush Color="#FF939598" />
							</Brush>
							<PathFigure IsClosed="True">
								<PolyLine LineColor="#FF000000">
									<Point X="140.70532" Y="367.6629" />
									<Point X="140.70532" Y="356.323" />
								</PolyLine>
								<PolyLine LineColor="#FF000000">
									<Point X="140.70532" Y="356.323" />
									<Point X="141.30215" Y="355.72617" />
								</PolyLine>
								<PolyLine LineColor="#FF000000">
									<Point X="141.30215" Y="355.72617" />
									<Point X="141.30215" Y="367.6629" />
								</PolyLine>
								<PolyLine LineColor="#FF000000">
									<Point X="141.30215" Y="367.6629" />
									<Point X="140.70532" Y="367.6629" />
								</PolyLine>
							</PathFigure>
						</Path>
					</Canvas>
					<Canvas>
						<Clip>
							<Path FillMode="Alternate">
								<PathFigure IsClosed="True">
									<PolyLine LineColor="#FF000000">
										<Point X="28.5" Y="28.5" />
										<Point X="566.25" Y="28.5" />
									</PolyLine>
									<PolyLine LineColor="#FF000000">
										<Point X="566.25" Y="28.5" />
										<Point X="566.25" Y="813.3404" />
									</PolyLine>
									<PolyLine LineColor="#FF000000">
										<Point X="566.25" Y="813.3404" />
										<Point X="28.5" Y="813.3404" />
									</PolyLine>
									<PolyLine LineColor="#FF000000">
										<Point X="28.5" Y="813.3404" />
										<Point X="28.5" Y="28.5" />
									</PolyLine>
								</PathFigure>
							</Path>
						</Clip>
						<Canvas>
							<Clip>
								<Path FillMode="Winding">
									<PathFigure IsClosed="False">
										<PolyLine LineColor="#FF000000">
											<Point X="142.49583" Y="486.27383" />
											<Point X="142.49583" Y="485.677" />
										</PolyLine>
										<PolyLine LineColor="#FF000000">
											<Point X="142.49583" Y="485.677" />
											<Point X="213.51941" Y="485.677" />
										</PolyLine>
										<PolyLine LineColor="#FF000000">
											<Point X="213.51941" Y="485.677" />
											<Point X="214.11626" Y="486.27383" />
										</PolyLine>
									</PathFigure>
								</Path>
							</Clip>
							<Path FillMode="Winding" RenderTransform="1 0 0 -1 0 842">
								<Brush>
									<SolidBrush Color="#FF706E74" />
								</Brush>
								<PathFigure IsClosed="True">
									<PolyLine LineColor="#FF000000">
										<Point X="142.49582" Y="356.323" />
										<Point X="143.09267" Y="356.323" />
									</PolyLine>
									<PolyLine LineColor="#FF000000">
										<Point X="143.09267" Y="356.323" />
										<Point X="143.09267" Y="355.72617" />
									</PolyLine>
									<PolyLine LineColor="#FF000000">
										<Point X="143.09267" Y="355.72617" />
										<Point X="142.49582" Y="355.72617" />
									</PolyLine>
								</PathFigure>
							</Path>
							<Path FillMode="Winding" RenderTransform="1 0 0 -1 0 842">
								<Brush>
									<SolidBrush Color="#FF706E74" />
								</Brush>
								<PathFigure IsClosed="True">
									<PolyLine LineColor="#FF000000">
										<Point X="213.51941" Y="356.323" />
										<Point X="214.11624" Y="356.323" />
									</PolyLine>
									<PolyLine LineColor="#FF000000">
										<Point X="214.11624" Y="356.323" />
										<Point X="214.11624" Y="355.72617" />
									</PolyLine>
									<PolyLine LineColor="#FF000000">
										<Point X="214.11624" Y="355.72617" />
										<Point X="213.51941" Y="355.72617" />
									</PolyLine>
								</PathFigure>
							</Path>
							<Path FillMode="Alternate" RenderTransform="1 0 0 -1 0 842">
								<Pen Alignment="Center" DashCap="Flat" DashOffset="0" DashPattern="0.5968368 0.5968368" DashStyle="Custom" EndCap="Flat" LineJoin="Miter" MiterLimit="10" StartCap="Flat" Width="0.5968368">
									<Brush>
										<SolidBrush Color="#FF706E74" />
									</Brush>
								</Pen>
								<PathFigure IsClosed="False">
									<PolyLine LineColor="#FF000000">
										<Point X="143.09267" Y="356.0246" />
										<Point X="213.51941" Y="356.0246" />
									</PolyLine>
								</PathFigure>
							</Path>
						</Canvas>
					</Canvas>
					<Canvas>
						<Clip>
							<Path FillMode="Alternate">
								<PathFigure IsClosed="True">
									<PolyLine LineColor="#FF000000">
										<Point X="28.5" Y="28.5" />
										<Point X="566.25" Y="28.5" />
									</PolyLine>
									<PolyLine LineColor="#FF000000">
										<Point X="566.25" Y="28.5" />
										<Point X="566.25" Y="813.3404" />
									</PolyLine>
									<PolyLine LineColor="#FF000000">
										<Point X="566.25" Y="813.3404" />
										<Point X="28.5" Y="813.3404" />
									</PolyLine>
									<PolyLine LineColor="#FF000000">
										<Point X="28.5" Y="813.3404" />
										<Point X="28.5" Y="28.5" />
									</PolyLine>
								</PathFigure>
							</Path>
						</Clip>
						<Path FillMode="Winding" RenderTransform="1 0 0 -1 0 842">
							<Brush>
								<SolidBrush Color="#FF939598" />
							</Brush>
							<PathFigure IsClosed="True">
								<PolyLine LineColor="#FF000000">
									<Point X="213.51941" Y="367.6629" />
									<Point X="213.51941" Y="356.323" />
								</PolyLine>
								<PolyLine LineColor="#FF000000">
									<Point X="213.51941" Y="356.323" />
									<Point X="214.11626" Y="355.72617" />
								</PolyLine>
								<PolyLine LineColor="#FF000000">
									<Point X="214.11626" Y="355.72617" />
									<Point X="214.11626" Y="367.6629" />
								</PolyLine>
								<PolyLine LineColor="#FF000000">
									<Point X="214.11626" Y="367.6629" />
									<Point X="213.51941" Y="367.6629" />
								</PolyLine>
							</PathFigure>
						</Path>
					</Canvas>
					<Canvas>
						<Clip>
							<Path FillMode="Alternate">
								<PathFigure IsClosed="True">
									<PolyLine LineColor="#FF000000">
										<Point X="28.5" Y="28.5" />
										<Point X="566.25" Y="28.5" />
									</PolyLine>
									<PolyLine LineColor="#FF000000">
										<Point X="566.25" Y="28.5" />
										<Point X="566.25" Y="813.3404" />
									</PolyLine>
									<PolyLine LineColor="#FF000000">
										<Point X="566.25" Y="813.3404" />
										<Point X="28.5" Y="813.3404" />
									</PolyLine>
									<PolyLine LineColor="#FF000000">
										<Point X="28.5" Y="813.3404" />
										<Point X="28.5" Y="28.5" />
									</PolyLine>
								</PathFigure>
							</Path>
						</Clip>
						<Canvas>
							<Clip>
								<Path FillMode="Winding">
									<PathFigure IsClosed="False">
										<PolyLine LineColor="#FF000000">
											<Point X="215.30994" Y="486.27383" />
											<Point X="215.30994" Y="485.677" />
										</PolyLine>
										<PolyLine LineColor="#FF000000">
											<Point X="215.30994" Y="485.677" />
											<Point X="286.3335" Y="485.677" />
										</PolyLine>
										<PolyLine LineColor="#FF000000">
											<Point X="286.3335" Y="485.677" />
											<Point X="286.3335" Y="486.27383" />
										</PolyLine>
									</PathFigure>
								</Path>
							</Clip>
							<Path FillMode="Winding" RenderTransform="1 0 0 -1 0 842">
								<Brush>
									<SolidBrush Color="#FF706E74" />
								</Brush>
								<PathFigure IsClosed="True">
									<PolyLine LineColor="#FF000000">
										<Point X="215.30992" Y="356.323" />
										<Point X="215.90675" Y="356.323" />
									</PolyLine>
									<PolyLine LineColor="#FF000000">
										<Point X="215.90675" Y="356.323" />
										<Point X="215.90675" Y="355.72617" />
									</PolyLine>
									<PolyLine LineColor="#FF000000">
										<Point X="215.90675" Y="355.72617" />
										<Point X="215.30992" Y="355.72617" />
									</PolyLine>
								</PathFigure>
							</Path>
							<Path FillMode="Winding" RenderTransform="1 0 0 -1 0 842">
								<Brush>
									<SolidBrush Color="#FF706E74" />
								</Brush>
								<PathFigure IsClosed="True">
									<PolyLine LineColor="#FF000000">
										<Point X="285.73666" Y="356.323" />
										<Point X="286.3335" Y="356.323" />
									</PolyLine>
									<PolyLine LineColor="#FF000000">
										<Point X="286.3335" Y="356.323" />
										<Point X="286.3335" Y="355.72617" />
									</PolyLine>
									<PolyLine LineColor="#FF000000">
										<Point X="286.3335" Y="355.72617" />
										<Point X="285.73666" Y="355.72617" />
									</PolyLine>
								</PathFigure>
							</Path>
							<Path FillMode="Alternate" RenderTransform="1 0 0 -1 0 842">
								<Pen Alignment="Center" DashCap="Flat" DashOffset="0" DashPattern="0.5968368 0.5968368" DashStyle="Custom" EndCap="Flat" LineJoin="Miter" MiterLimit="10" StartCap="Flat" Width="0.5968368">
									<Brush>
										<SolidBrush Color="#FF706E74" />
									</Brush>
								</Pen>
								<PathFigure IsClosed="False">
									<PolyLine LineColor="#FF000000">
										<Point X="215.90675" Y="356.0246" />
										<Point X="285.73666" Y="356.0246" />
									</PolyLine>
								</PathFigure>
							</Path>
						</Canvas>
					</Canvas>
					<Canvas>
						<Clip>
							<Path FillMode="Alternate">
								<PathFigure IsClosed="True">
									<PolyLine LineColor="#FF000000">
										<Point X="28.5" Y="28.5" />
										<Point X="566.25" Y="28.5" />
									</PolyLine>
									<PolyLine LineColor="#FF000000">
										<Point X="566.25" Y="28.5" />
										<Point X="566.25" Y="813.3404" />
									</PolyLine>
									<PolyLine LineColor="#FF000000">
										<Point X="566.25" Y="813.3404" />
										<Point X="28.5" Y="813.3404" />
									</PolyLine>
									<PolyLine LineColor="#FF000000">
										<Point X="28.5" Y="813.3404" />
										<Point X="28.5" Y="28.5" />
									</PolyLine>
								</PathFigure>
							</Path>
						</Clip>
					</Canvas>
					<Canvas>
						<Clip>
							<Path FillMode="Alternate">
								<PathFigure IsClosed="True">
									<PolyLine LineColor="#FF000000">
										<Point X="28.5" Y="28.5" />
										<Point X="566.25" Y="28.5" />
									</PolyLine>
									<PolyLine LineColor="#FF000000">
										<Point X="566.25" Y="28.5" />
										<Point X="566.25" Y="813.3404" />
									</PolyLine>
									<PolyLine LineColor="#FF000000">
										<Point X="566.25" Y="813.3404" />
										<Point X="28.5" Y="813.3404" />
									</PolyLine>
									<PolyLine LineColor="#FF000000">
										<Point X="28.5" Y="813.3404" />
										<Point X="28.5" Y="28.5" />
									</PolyLine>
								</PathFigure>
							</Path>
						</Clip>
						<Canvas>
							<Clip>
								<Path FillMode="Winding">
									<PathFigure IsClosed="False">
										<PolyLine LineColor="#FF000000">
											<Point X="52.373474" Y="499.4043" />
											<Point X="52.373474" Y="498.8074" />
										</PolyLine>
										<PolyLine LineColor="#FF000000">
											<Point X="52.373474" Y="498.8074" />
											<Point X="140.70532" Y="498.8074" />
										</PolyLine>
										<PolyLine LineColor="#FF000000">
											<Point X="140.70532" Y="498.8074" />
											<Point X="141.30215" Y="499.4043" />
										</PolyLine>
									</PathFigure>
								</Path>
							</Clip>
							<Path FillMode="Winding" RenderTransform="1 0 0 -1 0 842">
								<Brush>
									<SolidBrush Color="#FF706E74" />
								</Brush>
								<PathFigure IsClosed="True">
									<PolyLine LineColor="#FF000000">
										<Point X="52.373474" Y="343.1926" />
										<Point X="52.970306" Y="343.1926" />
									</PolyLine>
									<PolyLine LineColor="#FF000000">
										<Point X="52.970306" Y="343.1926" />
										<Point X="52.970306" Y="342.59576" />
									</PolyLine>
									<PolyLine LineColor="#FF000000">
										<Point X="52.970306" Y="342.59576" />
										<Point X="52.373474" Y="342.59576" />
									</PolyLine>
								</PathFigure>
							</Path>
							<Path FillMode="Winding" RenderTransform="1 0 0 -1 0 842">
								<Brush>
									<SolidBrush Color="#FF706E74" />
								</Brush>
								<PathFigure IsClosed="True">
									<PolyLine LineColor="#FF000000">
										<Point X="140.70532" Y="343.1926" />
										<Point X="141.30215" Y="343.1926" />
									</PolyLine>
									<PolyLine LineColor="#FF000000">
										<Point X="141.30215" Y="343.1926" />
										<Point X="141.30215" Y="342.59576" />
									</PolyLine>
									<PolyLine LineColor="#FF000000">
										<Point X="141.30215" Y="342.59576" />
										<Point X="140.70532" Y="342.59576" />
									</PolyLine>
								</PathFigure>
							</Path>
							<Path FillMode="Alternate" RenderTransform="1 0 0 -1 0 842">
								<Pen Alignment="Center" DashCap="Flat" DashOffset="0" DashPattern="0.5968368 0.5968368" DashStyle="Custom" EndCap="Flat" LineJoin="Miter" MiterLimit="10" StartCap="Flat" Width="0.5968368">
									<Brush>
										<SolidBrush Color="#FF706E74" />
									</Brush>
								</Pen>
								<PathFigure IsClosed="False">
									<PolyLine LineColor="#FF000000">
										<Point X="52.970306" Y="342.89417" />
										<Point X="140.70532" Y="342.89417" />
									</PolyLine>
								</PathFigure>
							</Path>
						</Canvas>
					</Canvas>
					<Canvas>
						<Clip>
							<Path FillMode="Alternate">
								<PathFigure IsClosed="True">
									<PolyLine LineColor="#FF000000">
										<Point X="28.5" Y="28.5" />
										<Point X="566.25" Y="28.5" />
									</PolyLine>
									<PolyLine LineColor="#FF000000">
										<Point X="566.25" Y="28.5" />
										<Point X="566.25" Y="813.3404" />
									</PolyLine>
									<PolyLine LineColor="#FF000000">
										<Point X="566.25" Y="813.3404" />
										<Point X="28.5" Y="813.3404" />
									</PolyLine>
									<PolyLine LineColor="#FF000000">
										<Point X="28.5" Y="813.3404" />
										<Point X="28.5" Y="28.5" />
									</PolyLine>
								</PathFigure>
							</Path>
						</Clip>
						<Path FillMode="Winding" RenderTransform="1 0 0 -1 0 842">
							<Brush>
								<SolidBrush Color="#FF939598" />
							</Brush>
							<PathFigure IsClosed="True">
								<PolyLine LineColor="#FF000000">
									<Point X="140.70532" Y="354.53247" />
									<Point X="140.70532" Y="343.1926" />
								</PolyLine>
								<PolyLine LineColor="#FF000000">
									<Point X="140.70532" Y="343.1926" />
									<Point X="141.30215" Y="342.5957" />
								</PolyLine>
								<PolyLine LineColor="#FF000000">
									<Point X="141.30215" Y="342.5957" />
									<Point X="141.30215" Y="354.53247" />
								</PolyLine>
								<PolyLine LineColor="#FF000000">
									<Point X="141.30215" Y="354.53247" />
									<Point X="140.70532" Y="354.53247" />
								</PolyLine>
							</PathFigure>
						</Path>
					</Canvas>
					<Canvas>
						<Clip>
							<Path FillMode="Alternate">
								<PathFigure IsClosed="True">
									<PolyLine LineColor="#FF000000">
										<Point X="28.5" Y="28.5" />
										<Point X="566.25" Y="28.5" />
									</PolyLine>
									<PolyLine LineColor="#FF000000">
										<Point X="566.25" Y="28.5" />
										<Point X="566.25" Y="813.3404" />
									</PolyLine>
									<PolyLine LineColor="#FF000000">
										<Point X="566.25" Y="813.3404" />
										<Point X="28.5" Y="813.3404" />
									</PolyLine>
									<PolyLine LineColor="#FF000000">
										<Point X="28.5" Y="813.3404" />
										<Point X="28.5" Y="28.5" />
									</PolyLine>
								</PathFigure>
							</Path>
						</Clip>
						<Canvas>
							<Clip>
								<Path FillMode="Winding">
									<PathFigure IsClosed="False">
										<PolyLine LineColor="#FF000000">
											<Point X="142.49583" Y="499.4043" />
											<Point X="142.49583" Y="498.8074" />
										</PolyLine>
										<PolyLine LineColor="#FF000000">
											<Point X="142.49583" Y="498.8074" />
											<Point X="213.51941" Y="498.8074" />
										</PolyLine>
										<PolyLine LineColor="#FF000000">
											<Point X="213.51941" Y="498.8074" />
											<Point X="214.11626" Y="499.4043" />
										</PolyLine>
									</PathFigure>
								</Path>
							</Clip>
							<Path FillMode="Winding" RenderTransform="1 0 0 -1 0 842">
								<Brush>
									<SolidBrush Color="#FF706E74" />
								</Brush>
								<PathFigure IsClosed="True">
									<PolyLine LineColor="#FF000000">
										<Point X="142.49582" Y="343.1926" />
										<Point X="143.09267" Y="343.1926" />
									</PolyLine>
									<PolyLine LineColor="#FF000000">
										<Point X="143.09267" Y="343.1926" />
										<Point X="143.09267" Y="342.59576" />
									</PolyLine>
									<PolyLine LineColor="#FF000000">
										<Point X="143.09267" Y="342.59576" />
										<Point X="142.49582" Y="342.59576" />
									</PolyLine>
								</PathFigure>
							</Path>
							<Path FillMode="Winding" RenderTransform="1 0 0 -1 0 842">
								<Brush>
									<SolidBrush Color="#FF706E74" />
								</Brush>
								<PathFigure IsClosed="True">
									<PolyLine LineColor="#FF000000">
										<Point X="213.51941" Y="343.1926" />
										<Point X="214.11624" Y="343.1926" />
									</PolyLine>
									<PolyLine LineColor="#FF000000">
										<Point X="214.11624" Y="343.1926" />
										<Point X="214.11624" Y="342.59576" />
									</PolyLine>
									<PolyLine LineColor="#FF000000">
										<Point X="214.11624" Y="342.59576" />
										<Point X="213.51941" Y="342.59576" />
									</PolyLine>
								</PathFigure>
							</Path>
							<Path FillMode="Alternate" RenderTransform="1 0 0 -1 0 842">
								<Pen Alignment="Center" DashCap="Flat" DashOffset="0" DashPattern="0.5968368 0.5968368" DashStyle="Custom" EndCap="Flat" LineJoin="Miter" MiterLimit="10" StartCap="Flat" Width="0.5968368">
									<Brush>
										<SolidBrush Color="#FF706E74" />
									</Brush>
								</Pen>
								<PathFigure IsClosed="False">
									<PolyLine LineColor="#FF000000">
										<Point X="143.09267" Y="342.89417" />
										<Point X="213.51941" Y="342.89417" />
									</PolyLine>
								</PathFigure>
							</Path>
						</Canvas>
					</Canvas>
					<Canvas>
						<Clip>
							<Path FillMode="Alternate">
								<PathFigure IsClosed="True">
									<PolyLine LineColor="#FF000000">
										<Point X="28.5" Y="28.5" />
										<Point X="566.25" Y="28.5" />
									</PolyLine>
									<PolyLine LineColor="#FF000000">
										<Point X="566.25" Y="28.5" />
										<Point X="566.25" Y="813.3404" />
									</PolyLine>
									<PolyLine LineColor="#FF000000">
										<Point X="566.25" Y="813.3404" />
										<Point X="28.5" Y="813.3404" />
									</PolyLine>
									<PolyLine LineColor="#FF000000">
										<Point X="28.5" Y="813.3404" />
										<Point X="28.5" Y="28.5" />
									</PolyLine>
								</PathFigure>
							</Path>
						</Clip>
						<Path FillMode="Winding" RenderTransform="1 0 0 -1 0 842">
							<Brush>
								<SolidBrush Color="#FF939598" />
							</Brush>
							<PathFigure IsClosed="True">
								<PolyLine LineColor="#FF000000">
									<Point X="213.51941" Y="354.53247" />
									<Point X="213.51941" Y="343.1926" />
								</PolyLine>
								<PolyLine LineColor="#FF000000">
									<Point X="213.51941" Y="343.1926" />
									<Point X="214.11626" Y="342.5957" />
								</PolyLine>
								<PolyLine LineColor="#FF000000">
									<Point X="214.11626" Y="342.5957" />
									<Point X="214.11626" Y="354.53247" />
								</PolyLine>
								<PolyLine LineColor="#FF000000">
									<Point X="214.11626" Y="354.53247" />
									<Point X="213.51941" Y="354.53247" />
								</PolyLine>
							</PathFigure>
						</Path>
					</Canvas>
					<Canvas>
						<Clip>
							<Path FillMode="Alternate">
								<PathFigure IsClosed="True">
									<PolyLine LineColor="#FF000000">
										<Point X="28.5" Y="28.5" />
										<Point X="566.25" Y="28.5" />
									</PolyLine>
									<PolyLine LineColor="#FF000000">
										<Point X="566.25" Y="28.5" />
										<Point X="566.25" Y="813.3404" />
									</PolyLine>
									<PolyLine LineColor="#FF000000">
										<Point X="566.25" Y="813.3404" />
										<Point X="28.5" Y="813.3404" />
									</PolyLine>
									<PolyLine LineColor="#FF000000">
										<Point X="28.5" Y="813.3404" />
										<Point X="28.5" Y="28.5" />
									</PolyLine>
								</PathFigure>
							</Path>
						</Clip>
						<Canvas>
							<Clip>
								<Path FillMode="Winding">
									<PathFigure IsClosed="False">
										<PolyLine LineColor="#FF000000">
											<Point X="215.30994" Y="499.4043" />
											<Point X="215.30994" Y="498.8074" />
										</PolyLine>
										<PolyLine LineColor="#FF000000">
											<Point X="215.30994" Y="498.8074" />
											<Point X="286.3335" Y="498.8074" />
										</PolyLine>
										<PolyLine LineColor="#FF000000">
											<Point X="286.3335" Y="498.8074" />
											<Point X="286.3335" Y="499.4043" />
										</PolyLine>
									</PathFigure>
								</Path>
							</Clip>
							<Path FillMode="Winding" RenderTransform="1 0 0 -1 0 842">
								<Brush>
									<SolidBrush Color="#FF706E74" />
								</Brush>
								<PathFigure IsClosed="True">
									<PolyLine LineColor="#FF000000">
										<Point X="215.30992" Y="343.1926" />
										<Point X="215.90675" Y="343.1926" />
									</PolyLine>
									<PolyLine LineColor="#FF000000">
										<Point X="215.90675" Y="343.1926" />
										<Point X="215.90675" Y="342.59576" />
									</PolyLine>
									<PolyLine LineColor="#FF000000">
										<Point X="215.90675" Y="342.59576" />
										<Point X="215.30992" Y="342.59576" />
									</PolyLine>
								</PathFigure>
							</Path>
							<Path FillMode="Winding" RenderTransform="1 0 0 -1 0 842">
								<Brush>
									<SolidBrush Color="#FF706E74" />
								</Brush>
								<PathFigure IsClosed="True">
									<PolyLine LineColor="#FF000000">
										<Point X="285.73666" Y="343.1926" />
										<Point X="286.3335" Y="343.1926" />
									</PolyLine>
									<PolyLine LineColor="#FF000000">
										<Point X="286.3335" Y="343.1926" />
										<Point X="286.3335" Y="342.59576" />
									</PolyLine>
									<PolyLine LineColor="#FF000000">
										<Point X="286.3335" Y="342.59576" />
										<Point X="285.73666" Y="342.59576" />
									</PolyLine>
								</PathFigure>
							</Path>
							<Path FillMode="Alternate" RenderTransform="1 0 0 -1 0 842">
								<Pen Alignment="Center" DashCap="Flat" DashOffset="0" DashPattern="0.5968368 0.5968368" DashStyle="Custom" EndCap="Flat" LineJoin="Miter" MiterLimit="10" StartCap="Flat" Width="0.5968368">
									<Brush>
										<SolidBrush Color="#FF706E74" />
									</Brush>
								</Pen>
								<PathFigure IsClosed="False">
									<PolyLine LineColor="#FF000000">
										<Point X="215.90675" Y="342.89417" />
										<Point X="285.73666" Y="342.89417" />
									</PolyLine>
								</PathFigure>
							</Path>
						</Canvas>
					</Canvas>
					<Canvas>
						<Clip>
							<Path FillMode="Alternate">
								<PathFigure IsClosed="True">
									<PolyLine LineColor="#FF000000">
										<Point X="28.5" Y="28.5" />
										<Point X="566.25" Y="28.5" />
									</PolyLine>
									<PolyLine LineColor="#FF000000">
										<Point X="566.25" Y="28.5" />
										<Point X="566.25" Y="813.3404" />
									</PolyLine>
									<PolyLine LineColor="#FF000000">
										<Point X="566.25" Y="813.3404" />
										<Point X="28.5" Y="813.3404" />
									</PolyLine>
									<PolyLine LineColor="#FF000000">
										<Point X="28.5" Y="813.3404" />
										<Point X="28.5" Y="28.5" />
									</PolyLine>
								</PathFigure>
							</Path>
						</Clip>
					</Canvas>
					<Canvas>
						<Clip>
							<Path FillMode="Alternate">
								<PathFigure IsClosed="True">
									<PolyLine LineColor="#FF000000">
										<Point X="28.5" Y="28.5" />
										<Point X="566.25" Y="28.5" />
									</PolyLine>
									<PolyLine LineColor="#FF000000">
										<Point X="566.25" Y="28.5" />
										<Point X="566.25" Y="813.3404" />
									</PolyLine>
									<PolyLine LineColor="#FF000000">
										<Point X="566.25" Y="813.3404" />
										<Point X="28.5" Y="813.3404" />
									</PolyLine>
									<PolyLine LineColor="#FF000000">
										<Point X="28.5" Y="813.3404" />
										<Point X="28.5" Y="28.5" />
									</PolyLine>
								</PathFigure>
							</Path>
						</Clip>
						<Canvas>
							<Clip>
								<Path FillMode="Winding">
									<PathFigure IsClosed="False">
										<PolyLine LineColor="#FF000000">
											<Point X="52.373474" Y="512.53467" />
											<Point X="52.373474" Y="511.93787" />
										</PolyLine>
										<PolyLine LineColor="#FF000000">
											<Point X="52.373474" Y="511.93787" />
											<Point X="140.70532" Y="511.93787" />
										</PolyLine>
										<PolyLine LineColor="#FF000000">
											<Point X="140.70532" Y="511.93787" />
											<Point X="141.30215" Y="512.53467" />
										</PolyLine>
									</PathFigure>
								</Path>
							</Clip>
							<Path FillMode="Winding" RenderTransform="1 0 0 -1 0 842">
								<Brush>
									<SolidBrush Color="#FF706E74" />
								</Brush>
								<PathFigure IsClosed="True">
									<PolyLine LineColor="#FF000000">
										<Point X="52.373474" Y="330.0622" />
										<Point X="52.970306" Y="330.0622" />
									</PolyLine>
									<PolyLine LineColor="#FF000000">
										<Point X="52.970306" Y="330.0622" />
										<Point X="52.970306" Y="329.46536" />
									</PolyLine>
									<PolyLine LineColor="#FF000000">
										<Point X="52.970306" Y="329.46536" />
										<Point X="52.373474" Y="329.46536" />
									</PolyLine>
								</PathFigure>
							</Path>
							<Path FillMode="Winding" RenderTransform="1 0 0 -1 0 842">
								<Brush>
									<SolidBrush Color="#FF706E74" />
								</Brush>
								<PathFigure IsClosed="True">
									<PolyLine LineColor="#FF000000">
										<Point X="140.70532" Y="330.0622" />
										<Point X="141.30215" Y="330.0622" />
									</PolyLine>
									<PolyLine LineColor="#FF000000">
										<Point X="141.30215" Y="330.0622" />
										<Point X="141.30215" Y="329.46536" />
									</PolyLine>
									<PolyLine LineColor="#FF000000">
										<Point X="141.30215" Y="329.46536" />
										<Point X="140.70532" Y="329.46536" />
									</PolyLine>
								</PathFigure>
							</Path>
							<Path FillMode="Alternate" RenderTransform="1 0 0 -1 0 842">
								<Pen Alignment="Center" DashCap="Flat" DashOffset="0" DashPattern="0.5968368 0.5968368" DashStyle="Custom" EndCap="Flat" LineJoin="Miter" MiterLimit="10" StartCap="Flat" Width="0.5968368">
									<Brush>
										<SolidBrush Color="#FF706E74" />
									</Brush>
								</Pen>
								<PathFigure IsClosed="False">
									<PolyLine LineColor="#FF000000">
										<Point X="52.970306" Y="329.76376" />
										<Point X="140.70532" Y="329.76376" />
									</PolyLine>
								</PathFigure>
							</Path>
						</Canvas>
					</Canvas>
					<Canvas>
						<Clip>
							<Path FillMode="Alternate">
								<PathFigure IsClosed="True">
									<PolyLine LineColor="#FF000000">
										<Point X="28.5" Y="28.5" />
										<Point X="566.25" Y="28.5" />
									</PolyLine>
									<PolyLine LineColor="#FF000000">
										<Point X="566.25" Y="28.5" />
										<Point X="566.25" Y="813.3404" />
									</PolyLine>
									<PolyLine LineColor="#FF000000">
										<Point X="566.25" Y="813.3404" />
										<Point X="28.5" Y="813.3404" />
									</PolyLine>
									<PolyLine LineColor="#FF000000">
										<Point X="28.5" Y="813.3404" />
										<Point X="28.5" Y="28.5" />
									</PolyLine>
								</PathFigure>
							</Path>
						</Clip>
						<Path FillMode="Winding" RenderTransform="1 0 0 -1 0 842">
							<Brush>
								<SolidBrush Color="#FF939598" />
							</Brush>
							<PathFigure IsClosed="True">
								<PolyLine LineColor="#FF000000">
									<Point X="140.70532" Y="341.40204" />
									<Point X="140.70532" Y="330.06213" />
								</PolyLine>
								<PolyLine LineColor="#FF000000">
									<Point X="140.70532" Y="330.06213" />
									<Point X="141.30215" Y="329.46533" />
								</PolyLine>
								<PolyLine LineColor="#FF000000">
									<Point X="141.30215" Y="329.46533" />
									<Point X="141.30215" Y="341.40204" />
								</PolyLine>
								<PolyLine LineColor="#FF000000">
									<Point X="141.30215" Y="341.40204" />
									<Point X="140.70532" Y="341.40204" />
								</PolyLine>
							</PathFigure>
						</Path>
					</Canvas>
					<Canvas>
						<Clip>
							<Path FillMode="Alternate">
								<PathFigure IsClosed="True">
									<PolyLine LineColor="#FF000000">
										<Point X="28.5" Y="28.5" />
										<Point X="566.25" Y="28.5" />
									</PolyLine>
									<PolyLine LineColor="#FF000000">
										<Point X="566.25" Y="28.5" />
										<Point X="566.25" Y="813.3404" />
									</PolyLine>
									<PolyLine LineColor="#FF000000">
										<Point X="566.25" Y="813.3404" />
										<Point X="28.5" Y="813.3404" />
									</PolyLine>
									<PolyLine LineColor="#FF000000">
										<Point X="28.5" Y="813.3404" />
										<Point X="28.5" Y="28.5" />
									</PolyLine>
								</PathFigure>
							</Path>
						</Clip>
						<Canvas>
							<Clip>
								<Path FillMode="Winding">
									<PathFigure IsClosed="False">
										<PolyLine LineColor="#FF000000">
											<Point X="142.49583" Y="512.53467" />
											<Point X="142.49583" Y="511.93787" />
										</PolyLine>
										<PolyLine LineColor="#FF000000">
											<Point X="142.49583" Y="511.93787" />
											<Point X="286.3335" Y="511.93787" />
										</PolyLine>
										<PolyLine LineColor="#FF000000">
											<Point X="286.3335" Y="511.93787" />
											<Point X="286.3335" Y="512.53467" />
										</PolyLine>
									</PathFigure>
								</Path>
							</Clip>
							<Path FillMode="Winding" RenderTransform="1 0 0 -1 0 842">
								<Brush>
									<SolidBrush Color="#FF706E74" />
								</Brush>
								<PathFigure IsClosed="True">
									<PolyLine LineColor="#FF000000">
										<Point X="142.49582" Y="330.0622" />
										<Point X="143.09267" Y="330.0622" />
									</PolyLine>
									<PolyLine LineColor="#FF000000">
										<Point X="143.09267" Y="330.0622" />
										<Point X="143.09267" Y="329.46536" />
									</PolyLine>
									<PolyLine LineColor="#FF000000">
										<Point X="143.09267" Y="329.46536" />
										<Point X="142.49582" Y="329.46536" />
									</PolyLine>
								</PathFigure>
							</Path>
							<Path FillMode="Winding" RenderTransform="1 0 0 -1 0 842">
								<Brush>
									<SolidBrush Color="#FF706E74" />
								</Brush>
								<PathFigure IsClosed="True">
									<PolyLine LineColor="#FF000000">
										<Point X="285.73666" Y="330.0622" />
										<Point X="286.3335" Y="330.0622" />
									</PolyLine>
									<PolyLine LineColor="#FF000000">
										<Point X="286.3335" Y="330.0622" />
										<Point X="286.3335" Y="329.46536" />
									</PolyLine>
									<PolyLine LineColor="#FF000000">
										<Point X="286.3335" Y="329.46536" />
										<Point X="285.73666" Y="329.46536" />
									</PolyLine>
								</PathFigure>
							</Path>
							<Path FillMode="Alternate" RenderTransform="1 0 0 -1 0 842">
								<Pen Alignment="Center" DashCap="Flat" DashOffset="0" DashPattern="0.5968368 0.5968368" DashStyle="Custom" EndCap="Flat" LineJoin="Miter" MiterLimit="10" StartCap="Flat" Width="0.5968368">
									<Brush>
										<SolidBrush Color="#FF706E74" />
									</Brush>
								</Pen>
								<PathFigure IsClosed="False">
									<PolyLine LineColor="#FF000000">
										<Point X="143.09267" Y="329.76376" />
										<Point X="285.73666" Y="329.76376" />
									</PolyLine>
								</PathFigure>
							</Path>
						</Canvas>
					</Canvas>
					<Canvas>
						<Clip>
							<Path FillMode="Alternate">
								<PathFigure IsClosed="True">
									<PolyLine LineColor="#FF000000">
										<Point X="28.5" Y="28.5" />
										<Point X="566.25" Y="28.5" />
									</PolyLine>
									<PolyLine LineColor="#FF000000">
										<Point X="566.25" Y="28.5" />
										<Point X="566.25" Y="813.3404" />
									</PolyLine>
									<PolyLine LineColor="#FF000000">
										<Point X="566.25" Y="813.3404" />
										<Point X="28.5" Y="813.3404" />
									</PolyLine>
									<PolyLine LineColor="#FF000000">
										<Point X="28.5" Y="813.3404" />
										<Point X="28.5" Y="28.5" />
									</PolyLine>
								</PathFigure>
							</Path>
						</Clip>
					</Canvas>
					<Canvas>
						<Clip>
							<Path FillMode="Alternate">
								<PathFigure IsClosed="True">
									<PolyLine LineColor="#FF000000">
										<Point X="28.5" Y="28.5" />
										<Point X="566.25" Y="28.5" />
									</PolyLine>
									<PolyLine LineColor="#FF000000">
										<Point X="566.25" Y="28.5" />
										<Point X="566.25" Y="813.3404" />
									</PolyLine>
									<PolyLine LineColor="#FF000000">
										<Point X="566.25" Y="813.3404" />
										<Point X="28.5" Y="813.3404" />
									</PolyLine>
									<PolyLine LineColor="#FF000000">
										<Point X="28.5" Y="813.3404" />
										<Point X="28.5" Y="28.5" />
									</PolyLine>
								</PathFigure>
							</Path>
						</Clip>
						<Canvas>
							<Clip>
								<Path FillMode="Winding">
									<PathFigure IsClosed="False">
										<PolyLine LineColor="#FF000000">
											<Point X="52.373474" Y="525.6651" />
											<Point X="52.373474" Y="525.06824" />
										</PolyLine>
										<PolyLine LineColor="#FF000000">
											<Point X="52.373474" Y="525.06824" />
											<Point X="140.70532" Y="525.06824" />
										</PolyLine>
										<PolyLine LineColor="#FF000000">
											<Point X="140.70532" Y="525.06824" />
											<Point X="141.30215" Y="525.6651" />
										</PolyLine>
									</PathFigure>
								</Path>
							</Clip>
							<Path FillMode="Winding" RenderTransform="1 0 0 -1 0 842">
								<Brush>
									<SolidBrush Color="#FF706E74" />
								</Brush>
								<PathFigure IsClosed="True">
									<PolyLine LineColor="#FF000000">
										<Point X="52.373474" Y="316.93176" />
										<Point X="52.970306" Y="316.93176" />
									</PolyLine>
									<PolyLine LineColor="#FF000000">
										<Point X="52.970306" Y="316.93176" />
										<Point X="52.970306" Y="316.33493" />
									</PolyLine>
									<PolyLine LineColor="#FF000000">
										<Point X="52.970306" Y="316.33493" />
										<Point X="52.373474" Y="316.33493" />
									</PolyLine>
								</PathFigure>
							</Path>
							<Path FillMode="Winding" RenderTransform="1 0 0 -1 0 842">
								<Brush>
									<SolidBrush Color="#FF706E74" />
								</Brush>
								<PathFigure IsClosed="True">
									<PolyLine LineColor="#FF000000">
										<Point X="140.70532" Y="316.93176" />
										<Point X="141.30215" Y="316.93176" />
									</PolyLine>
									<PolyLine LineColor="#FF000000">
										<Point X="141.30215" Y="316.93176" />
										<Point X="141.30215" Y="316.33493" />
									</PolyLine>
									<PolyLine LineColor="#FF000000">
										<Point X="141.30215" Y="316.33493" />
										<Point X="140.70532" Y="316.33493" />
									</PolyLine>
								</PathFigure>
							</Path>
							<Path FillMode="Alternate" RenderTransform="1 0 0 -1 0 842">
								<Pen Alignment="Center" DashCap="Flat" DashOffset="0" DashPattern="0.5968368 0.5968368" DashStyle="Custom" EndCap="Flat" LineJoin="Miter" MiterLimit="10" StartCap="Flat" Width="0.5968368">
									<Brush>
										<SolidBrush Color="#FF706E74" />
									</Brush>
								</Pen>
								<PathFigure IsClosed="False">
									<PolyLine LineColor="#FF000000">
										<Point X="52.970306" Y="316.63336" />
										<Point X="140.70532" Y="316.63336" />
									</PolyLine>
								</PathFigure>
							</Path>
						</Canvas>
					</Canvas>
					<Canvas>
						<Clip>
							<Path FillMode="Alternate">
								<PathFigure IsClosed="True">
									<PolyLine LineColor="#FF000000">
										<Point X="28.5" Y="28.5" />
										<Point X="566.25" Y="28.5" />
									</PolyLine>
									<PolyLine LineColor="#FF000000">
										<Point X="566.25" Y="28.5" />
										<Point X="566.25" Y="813.3404" />
									</PolyLine>
									<PolyLine LineColor="#FF000000">
										<Point X="566.25" Y="813.3404" />
										<Point X="28.5" Y="813.3404" />
									</PolyLine>
									<PolyLine LineColor="#FF000000">
										<Point X="28.5" Y="813.3404" />
										<Point X="28.5" Y="28.5" />
									</PolyLine>
								</PathFigure>
							</Path>
						</Clip>
						<Path FillMode="Winding" RenderTransform="1 0 0 -1 0 842">
							<Brush>
								<SolidBrush Color="#FF939598" />
							</Brush>
							<PathFigure IsClosed="True">
								<PolyLine LineColor="#FF000000">
									<Point X="140.70532" Y="328.27167" />
									<Point X="140.70532" Y="316.93176" />
								</PolyLine>
								<PolyLine LineColor="#FF000000">
									<Point X="140.70532" Y="316.93176" />
									<Point X="141.30215" Y="316.3349" />
								</PolyLine>
								<PolyLine LineColor="#FF000000">
									<Point X="141.30215" Y="316.3349" />
									<Point X="141.30215" Y="328.27167" />
								</PolyLine>
								<PolyLine LineColor="#FF000000">
									<Point X="141.30215" Y="328.27167" />
									<Point X="140.70532" Y="328.27167" />
								</PolyLine>
							</PathFigure>
						</Path>
					</Canvas>
					<Canvas>
						<Clip>
							<Path FillMode="Alternate">
								<PathFigure IsClosed="True">
									<PolyLine LineColor="#FF000000">
										<Point X="28.5" Y="28.5" />
										<Point X="566.25" Y="28.5" />
									</PolyLine>
									<PolyLine LineColor="#FF000000">
										<Point X="566.25" Y="28.5" />
										<Point X="566.25" Y="813.3404" />
									</PolyLine>
									<PolyLine LineColor="#FF000000">
										<Point X="566.25" Y="813.3404" />
										<Point X="28.5" Y="813.3404" />
									</PolyLine>
									<PolyLine LineColor="#FF000000">
										<Point X="28.5" Y="813.3404" />
										<Point X="28.5" Y="28.5" />
									</PolyLine>
								</PathFigure>
							</Path>
						</Clip>
						<Canvas>
							<Clip>
								<Path FillMode="Winding">
									<PathFigure IsClosed="False">
										<PolyLine LineColor="#FF000000">
											<Point X="142.49583" Y="525.6651" />
											<Point X="142.49583" Y="525.06824" />
										</PolyLine>
										<PolyLine LineColor="#FF000000">
											<Point X="142.49583" Y="525.06824" />
											<Point X="286.3335" Y="525.06824" />
										</PolyLine>
										<PolyLine LineColor="#FF000000">
											<Point X="286.3335" Y="525.06824" />
											<Point X="286.3335" Y="525.6651" />
										</PolyLine>
									</PathFigure>
								</Path>
							</Clip>
							<Path FillMode="Winding" RenderTransform="1 0 0 -1 0 842">
								<Brush>
									<SolidBrush Color="#FF706E74" />
								</Brush>
								<PathFigure IsClosed="True">
									<PolyLine LineColor="#FF000000">
										<Point X="142.49582" Y="316.93176" />
										<Point X="143.09267" Y="316.93176" />
									</PolyLine>
									<PolyLine LineColor="#FF000000">
										<Point X="143.09267" Y="316.93176" />
										<Point X="143.09267" Y="316.33493" />
									</PolyLine>
									<PolyLine LineColor="#FF000000">
										<Point X="143.09267" Y="316.33493" />
										<Point X="142.49582" Y="316.33493" />
									</PolyLine>
								</PathFigure>
							</Path>
							<Path FillMode="Winding" RenderTransform="1 0 0 -1 0 842">
								<Brush>
									<SolidBrush Color="#FF706E74" />
								</Brush>
								<PathFigure IsClosed="True">
									<PolyLine LineColor="#FF000000">
										<Point X="285.73666" Y="316.93176" />
										<Point X="286.3335" Y="316.93176" />
									</PolyLine>
									<PolyLine LineColor="#FF000000">
										<Point X="286.3335" Y="316.93176" />
										<Point X="286.3335" Y="316.33493" />
									</PolyLine>
									<PolyLine LineColor="#FF000000">
										<Point X="286.3335" Y="316.33493" />
										<Point X="285.73666" Y="316.33493" />
									</PolyLine>
								</PathFigure>
							</Path>
							<Path FillMode="Alternate" RenderTransform="1 0 0 -1 0 842">
								<Pen Alignment="Center" DashCap="Flat" DashOffset="0" DashPattern="0.5968368 0.5968368" DashStyle="Custom" EndCap="Flat" LineJoin="Miter" MiterLimit="10" StartCap="Flat" Width="0.5968368">
									<Brush>
										<SolidBrush Color="#FF706E74" />
									</Brush>
								</Pen>
								<PathFigure IsClosed="False">
									<PolyLine LineColor="#FF000000">
										<Point X="143.09267" Y="316.63336" />
										<Point X="285.73666" Y="316.63336" />
									</PolyLine>
								</PathFigure>
							</Path>
						</Canvas>
					</Canvas>
					<Canvas>
						<Clip>
							<Path FillMode="Alternate">
								<PathFigure IsClosed="True">
									<PolyLine LineColor="#FF000000">
										<Point X="28.5" Y="28.5" />
										<Point X="566.25" Y="28.5" />
									</PolyLine>
									<PolyLine LineColor="#FF000000">
										<Point X="566.25" Y="28.5" />
										<Point X="566.25" Y="813.3404" />
									</PolyLine>
									<PolyLine LineColor="#FF000000">
										<Point X="566.25" Y="813.3404" />
										<Point X="28.5" Y="813.3404" />
									</PolyLine>
									<PolyLine LineColor="#FF000000">
										<Point X="28.5" Y="813.3404" />
										<Point X="28.5" Y="28.5" />
									</PolyLine>
								</PathFigure>
							</Path>
						</Clip>
						<Glyphs OutlineWidth="0.5" CharSpace="0" RenderTransform="0.5968368 0 -0 0.5968368 51.1798 391.9736">
							<Font SizePoints="36" Style="Bold" FamilyName="RWWVBC+Circe Bold" Capitals="Normal" ResourceId="4" />
							<Origin X="0" Y="0" />
							<Text>Т</Text>
							<Size Width="21.312" Height="25.910156" />
							<Brush>
								<SolidBrush Color="#FF005F7F" />
							</Brush>
							<Tag>convertedFont</Tag>
						</Glyphs>
						<Glyphs OutlineWidth="0.5" CharSpace="0" RenderTransform="0.5968368 0 -0 0.5968368 64.002464 391.9736">
							<Font SizePoints="36" Style="Bold" FamilyName="RWWVBC+Circe Bold" Capitals="Normal" ResourceId="4" />
							<Origin X="0" Y="0" />
							<Text>Е</Text>
							<Size Width="20.556" Height="25.910156" />
							<Brush>
								<SolidBrush Color="#FF005F7F" />
							</Brush>
							<Tag>convertedFont</Tag>
						</Glyphs>
						<Glyphs OutlineWidth="0.5" CharSpace="0" RenderTransform="0.5968368 0 -0 0.5968368 76.349525 391.9736">
							<Font SizePoints="36" Style="Bold" FamilyName="RWWVBC+Circe Bold" Capitals="Normal" ResourceId="4" />
							<Origin X="0" Y="0" />
							<Text>Х</Text>
							<Size Width="23.904" Height="25.910156" />
							<Brush>
								<SolidBrush Color="#FF005F7F" />
							</Brush>
							<Tag>convertedFont</Tag>
						</Glyphs>
						<Glyphs OutlineWidth="0.5" CharSpace="0" RenderTransform="0.5968368 0 -0 0.5968368 90.72024 391.9736">
							<Font SizePoints="36" Style="Bold" FamilyName="RWWVBC+Circe Bold" Capitals="Normal" ResourceId="4" />
							<Origin X="0" Y="0" />
							<Text>Н</Text>
							<Size Width="27.108" Height="25.910156" />
							<Brush>
								<SolidBrush Color="#FF005F7F" />
							</Brush>
							<Tag>convertedFont</Tag>
						</Glyphs>
						<Glyphs OutlineWidth="0.5" CharSpace="0" RenderTransform="0.5968368 0 -0 0.5968368 107.02134 391.9736">
							<Font SizePoints="36" Style="Bold" FamilyName="RWWVBC+Circe Bold" Capitals="Normal" ResourceId="4" />
							<Origin X="0" Y="0" />
							<Text>И</Text>
							<Size Width="28.296" Height="25.910156" />
							<Brush>
								<SolidBrush Color="#FF005F7F" />
							</Brush>
							<Tag>convertedFont</Tag>
						</Glyphs>
						<Glyphs OutlineWidth="0.5" CharSpace="0" RenderTransform="0.5968368 0 -0 0.5968368 124.03119 391.9736">
							<Font SizePoints="36" Style="Bold" FamilyName="RWWVBC+Circe Bold" Capitals="Normal" ResourceId="4" />
							<Origin X="0" Y="0" />
							<Text>Ч</Text>
							<Size Width="23.832" Height="25.910156" />
							<Brush>
								<SolidBrush Color="#FF005F7F" />
							</Brush>
							<Tag>convertedFont</Tag>
						</Glyphs>
						<Glyphs OutlineWidth="0.5" CharSpace="0" RenderTransform="0.5968368 0 -0 0.5968368 138.35529 391.9736">
							<Font SizePoints="36" Style="Bold" FamilyName="RWWVBC+Circe Bold" Capitals="Normal" ResourceId="4" />
							<Origin X="0" Y="0" />
							<Text>Е</Text>
							<Size Width="20.556" Height="25.910156" />
							<Brush>
								<SolidBrush Color="#FF005F7F" />
							</Brush>
							<Tag>convertedFont</Tag>
						</Glyphs>
						<Glyphs OutlineWidth="0.5" CharSpace="0" RenderTransform="0.5968368 0 -0 0.5968368 150.70233 391.9736">
							<Font SizePoints="36" Style="Bold" FamilyName="RWWVBC+Circe Bold" Capitals="Normal" ResourceId="4" />
							<Origin X="0" Y="0" />
							<Text>С</Text>
							<Size Width="23.4" Height="25.910156" />
							<Brush>
								<SolidBrush Color="#FF005F7F" />
							</Brush>
							<Tag>convertedFont</Tag>
						</Glyphs>
						<Glyphs OutlineWidth="0.5" CharSpace="0" RenderTransform="0.5968368 0 -0 0.5968368 164.77463 391.9736">
							<Font SizePoints="36" Style="Bold" FamilyName="RWWVBC+Circe Bold" Capitals="Normal" ResourceId="4" />
							<Origin X="0" Y="0" />
							<Text>К</Text>
							<Size Width="24.012" Height="25.910156" />
							<Brush>
								<SolidBrush Color="#FF005F7F" />
							</Brush>
							<Tag>convertedFont</Tag>
						</Glyphs>
						<Glyphs OutlineWidth="0.5" CharSpace="0" RenderTransform="0.5968368 0 -0 0.5968368 179.21062 391.9736">
							<Font SizePoints="36" Style="Bold" FamilyName="RWWVBC+Circe Bold" Capitals="Normal" ResourceId="4" />
							<Origin X="0" Y="0" />
							<Text>И</Text>
							<Size Width="28.296" Height="25.910156" />
							<Brush>
								<SolidBrush Color="#FF005F7F" />
							</Brush>
							<Tag>convertedFont</Tag>
						</Glyphs>
						<Glyphs OutlineWidth="0.5" CharSpace="0" RenderTransform="0.5968368 0 -0 0.5968368 196.22047 391.9736">
							<Font SizePoints="36" Style="Bold" FamilyName="RWWVBC+Circe Bold" Capitals="Normal" ResourceId="4" />
							<Origin X="0" Y="0" />
							<Text>Е</Text>
							<Size Width="20.556" Height="25.910156" />
							<Brush>
								<SolidBrush Color="#FF005F7F" />
							</Brush>
							<Tag>convertedFont</Tag>
						</Glyphs>
						<Glyphs OutlineWidth="0.5" CharSpace="0" RenderTransform="0.5968368 0 -0 0.5968368 51.1798 420.02493">
							<Font SizePoints="36" Style="Bold" FamilyName="RWWVBC+Circe Bold" Capitals="Normal" ResourceId="4" />
							<Origin X="0" Y="0" />
							<Text>Д</Text>
							<Size Width="27" Height="25.910156" />
							<Brush>
								<SolidBrush Color="#FF005F7F" />
							</Brush>
							<Tag>convertedFont</Tag>
						</Glyphs>
						<Glyphs OutlineWidth="0.5" CharSpace="0" RenderTransform="0.5968368 0 -0 0.5968368 67.41563 420.02493">
							<Font SizePoints="36" Style="Bold" FamilyName="RWWVBC+Circe Bold" Capitals="Normal" ResourceId="4" />
							<Origin X="0" Y="0" />
							<Text>А</Text>
							<Size Width="25.524" Height="25.910156" />
							<Brush>
								<SolidBrush Color="#FF005F7F" />
							</Brush>
							<Tag>convertedFont</Tag>
						</Glyphs>
						<Glyphs OutlineWidth="0.5" CharSpace="0" RenderTransform="0.5968368 0 -0 0.5968368 82.77484 420.02493">
							<Font SizePoints="36" Style="Bold" FamilyName="RWWVBC+Circe Bold" Capitals="Normal" ResourceId="4" />
							<Origin X="0" Y="0" />
							<Text>Н</Text>
							<Size Width="27.108" Height="25.910156" />
							<Brush>
								<SolidBrush Color="#FF005F7F" />
							</Brush>
							<Tag>convertedFont</Tag>
						</Glyphs>
						<Glyphs OutlineWidth="0.5" CharSpace="0" RenderTransform="0.5968368 0 -0 0.5968368 99.07595 420.02493">
							<Font SizePoints="36" Style="Bold" FamilyName="RWWVBC+Circe Bold" Capitals="Normal" ResourceId="4" />
							<Origin X="0" Y="0" />
							<Text>Н</Text>
							<Size Width="27.108" Height="25.910156" />
							<Brush>
								<SolidBrush Color="#FF005F7F" />
							</Brush>
							<Tag>convertedFont</Tag>
						</Glyphs>
						<Glyphs OutlineWidth="0.5" CharSpace="0" RenderTransform="0.5968368 0 -0 0.5968368 115.37706 420.02493">
							<Font SizePoints="36" Style="Bold" FamilyName="RWWVBC+Circe Bold" Capitals="Normal" ResourceId="4" />
							<Origin X="0" Y="0" />
							<Text>Ы</Text>
							<Size Width="30.852" Height="25.910156" />
							<Brush>
								<SolidBrush Color="#FF005F7F" />
							</Brush>
							<Tag>convertedFont</Tag>
						</Glyphs>
						<Glyphs OutlineWidth="0.5" CharSpace="0" RenderTransform="0.5968368 0 -0 0.5968368 133.93495 420.02493">
							<Font SizePoints="36" Style="Bold" FamilyName="RWWVBC+Circe Bold" Capitals="Normal" ResourceId="4" />
							<Origin X="0" Y="0" />
							<Text>Е</Text>
							<Size Width="20.556" Height="25.910156" />
							<Brush>
								<SolidBrush Color="#FF005F7F" />
							</Brush>
							<Tag>convertedFont</Tag>
						</Glyphs>
						<Glyphs OutlineWidth="0.5" CharSpace="0" RenderTransform="0.5968368 0 -0 0.5968368 51.1798 454.04465">
							<Font SizePoints="16" Style="Bold" FamilyName="HPDHEV+BlissPro-Bold" Capitals="Normal" ResourceId="3" />
							<Origin X="0" Y="0" />
							<Text>Х</Text>
							<Size Width="10.08" Height="9.328125" />
							<Brush>
								<SolidBrush Color="#FF0063A8" />
							</Brush>
							<Tag>convertedFont</Tag>
						</Glyphs>
						<Glyphs OutlineWidth="0.5" CharSpace="0" RenderTransform="0.5968368 0 -0 0.5968368 57.241425 454.04465">
							<Font SizePoints="16" Style="Bold" FamilyName="HPDHEV+BlissPro-Bold" Capitals="Normal" ResourceId="3" />
							<Origin X="0" Y="0" />
							<Text>А</Text>
							<Size Width="10.064" Height="9.328125" />
							<Brush>
								<SolidBrush Color="#FF0063A8" />
							</Brush>
							<Tag>convertedFont</Tag>
						</Glyphs>
						<Glyphs OutlineWidth="0.5" CharSpace="0" RenderTransform="0.5968368 0 -0 0.5968368 63.29372 454.04465">
							<Font SizePoints="16" Style="Bold" FamilyName="HPDHEV+BlissPro-Bold" Capitals="Normal" ResourceId="3" />
							<Origin X="0" Y="0" />
							<Text>Р</Text>
							<Size Width="8.624" Height="9.328125" />
							<Brush>
								<SolidBrush Color="#FF0063A8" />
							</Brush>
							<Tag>convertedFont</Tag>
						</Glyphs>
						<Glyphs OutlineWidth="0.5" CharSpace="0" RenderTransform="0.5968368 0 -0 0.5968368 68.478745 454.04465">
							<Font SizePoints="16" Style="Bold" FamilyName="HPDHEV+BlissPro-Bold" Capitals="Normal" ResourceId="3" />
							<Origin X="0" Y="0" />
							<Text>А</Text>
							<Size Width="10.064" Height="9.328125" />
							<Brush>
								<SolidBrush Color="#FF0063A8" />
							</Brush>
							<Tag>convertedFont</Tag>
						</Glyphs>
						<Glyphs OutlineWidth="0.5" CharSpace="0" RenderTransform="0.5968368 0 -0 0.5968368 74.53104 454.04465">
							<Font SizePoints="16" Style="Bold" FamilyName="HPDHEV+BlissPro-Bold" Capitals="Normal" ResourceId="3" />
							<Origin X="0" Y="0" />
							<Text>К</Text>
							<Size Width="9.92" Height="9.328125" />
							<Brush>
								<SolidBrush Color="#FF0063A8" />
							</Brush>
							<Tag>convertedFont</Tag>
						</Glyphs>
						<Glyphs OutlineWidth="0.5" CharSpace="0" RenderTransform="0.5968368 0 -0 0.5968368 80.499405 454.04465">
							<Font SizePoints="16" Style="Bold" FamilyName="HPDHEV+BlissPro-Bold" Capitals="Normal" ResourceId="3" />
							<Origin X="0" Y="0" />
							<Text>Т</Text>
							<Size Width="8.56" Height="9.328125" />
							<Brush>
								<SolidBrush Color="#FF0063A8" />
							</Brush>
							<Tag>convertedFont</Tag>
						</Glyphs>
						<Glyphs OutlineWidth="0.5" CharSpace="0" RenderTransform="0.5968368 0 -0 0.5968368 85.6378 454.04465">
							<Font SizePoints="16" Style="Bold" FamilyName="HPDHEV+BlissPro-Bold" Capitals="Normal" ResourceId="3" />
							<Origin X="0" Y="0" />
							<Text>Е</Text>
							<Size Width="8.016" Height="9.328125" />
							<Brush>
								<SolidBrush Color="#FF0063A8" />
							</Brush>
							<Tag>convertedFont</Tag>
						</Glyphs>
						<Glyphs OutlineWidth="0.5" CharSpace="0" RenderTransform="0.5968368 0 -0 0.5968368 90.45912 454.04465">
							<Font SizePoints="16" Style="Bold" FamilyName="HPDHEV+BlissPro-Bold" Capitals="Normal" ResourceId="3" />
							<Origin X="0" Y="0" />
							<Text>Р</Text>
							<Size Width="8.624" Height="9.328125" />
							<Brush>
								<SolidBrush Color="#FF0063A8" />
							</Brush>
							<Tag>convertedFont</Tag>
						</Glyphs>
						<Glyphs OutlineWidth="0.5" CharSpace="0" RenderTransform="0.5968368 0 -0 0.5968368 95.64414 454.04465">
							<Font SizePoints="16" Style="Bold" FamilyName="HPDHEV+BlissPro-Bold" Capitals="Normal" ResourceId="3" />
							<Origin X="0" Y="0" />
							<Text>И</Text>
							<Size Width="11.872" Height="9.328125" />
							<Brush>
								<SolidBrush Color="#FF0063A8" />
							</Brush>
							<Tag>convertedFont</Tag>
						</Glyphs>
						<Glyphs OutlineWidth="0.5" CharSpace="0" RenderTransform="0.5968368 0 -0 0.5968368 102.778206 454.04465">
							<Font SizePoints="16" Style="Bold" FamilyName="HPDHEV+BlissPro-Bold" Capitals="Normal" ResourceId="3" />
							<Origin X="0" Y="0" />
							<Text>С</Text>
							<Size Width="9.984" Height="9.328125" />
							<Brush>
								<SolidBrush Color="#FF0063A8" />
							</Brush>
							<Tag>convertedFont</Tag>
						</Glyphs>
						<Glyphs OutlineWidth="0.5" CharSpace="0" RenderTransform="0.5968368 0 -0 0.5968368 108.783875 454.04465">
							<Font SizePoints="16" Style="Bold" FamilyName="HPDHEV+BlissPro-Bold" Capitals="Normal" ResourceId="3" />
							<Origin X="0" Y="0" />
							<Text>Т</Text>
							<Size Width="8.56" Height="9.328125" />
							<Brush>
								<SolidBrush Color="#FF0063A8" />
							</Brush>
							<Tag>convertedFont</Tag>
						</Glyphs>
						<Glyphs OutlineWidth="0.5" CharSpace="0" RenderTransform="0.5968368 0 -0 0.5968368 113.922264 454.04465">
							<Font SizePoints="16" Style="Bold" FamilyName="HPDHEV+BlissPro-Bold" Capitals="Normal" ResourceId="3" />
							<Origin X="0" Y="0" />
							<Text>И</Text>
							<Size Width="11.872" Height="9.328125" />
							<Brush>
								<SolidBrush Color="#FF0063A8" />
							</Brush>
							<Tag>convertedFont</Tag>
						</Glyphs>
						<Glyphs OutlineWidth="0.5" CharSpace="0" RenderTransform="0.5968368 0 -0 0.5968368 121.056335 454.04465">
							<Font SizePoints="16" Style="Bold" FamilyName="HPDHEV+BlissPro-Bold" Capitals="Normal" ResourceId="3" />
							<Origin X="0" Y="0" />
							<Text>К</Text>
							<Size Width="9.92" Height="9.328125" />
							<Brush>
								<SolidBrush Color="#FF0063A8" />
							</Brush>
							<Tag>convertedFont</Tag>
						</Glyphs>
						<Glyphs OutlineWidth="0.5" CharSpace="0" RenderTransform="0.5968368 0 -0 0.5968368 127.024704 454.04465">
							<Font SizePoints="16" Style="Bold" FamilyName="HPDHEV+BlissPro-Bold" Capitals="Normal" ResourceId="3" />
							<Origin X="0" Y="0" />
							<Text>И</Text>
							<Size Width="11.872" Height="9.328125" />
							<Brush>
								<SolidBrush Color="#FF0063A8" />
							</Brush>
							<Tag>convertedFont</Tag>
						</Glyphs>
						<Glyphs OutlineWidth="0.5" CharSpace="0" RenderTransform="0.5968368 0 -0 0.5968368 134.15877 454.04465">
							<Font SizePoints="16" Style="Bold" FamilyName="HPDHEV+BlissPro-Bold" Capitals="Normal" ResourceId="3" />
							<Origin X="0" Y="0" />
							<Text> </Text>
							<Size Width="3.424" Height="9.328125" />
							<Brush>
								<SolidBrush Color="#FF0063A8" />
							</Brush>
							<Tag>convertedFont</Tag>
						</Glyphs>
						<Glyphs OutlineWidth="0.5" CharSpace="0" RenderTransform="0.5968368 0 -0 0.5968368 136.21973 454.04465">
							<Font SizePoints="16" Style="Bold" FamilyName="HPDHEV+BlissPro-Bold" Capitals="Normal" ResourceId="3" />
							<Origin X="0" Y="0" />
							<Text>Е</Text>
							<Size Width="8.016" Height="9.328125" />
							<Brush>
								<SolidBrush Color="#FF0063A8" />
							</Brush>
							<Tag>convertedFont</Tag>
						</Glyphs>
						<Glyphs OutlineWidth="0.5" CharSpace="0" RenderTransform="0.5968368 0 -0 0.5968368 141.04105 454.04465">
							<Font SizePoints="16" Style="Bold" FamilyName="HPDHEV+BlissPro-Bold" Capitals="Normal" ResourceId="3" />
							<Origin X="0" Y="0" />
							<Text>Д</Text>
							<Size Width="11.136" Height="9.328125" />
							<Brush>
								<SolidBrush Color="#FF0063A8" />
							</Brush>
							<Tag>convertedFont</Tag>
						</Glyphs>
						<Glyphs OutlineWidth="0.5" CharSpace="0" RenderTransform="0.5968368 0 -0 0.5968368 147.72748 454.04465">
							<Font SizePoints="16" Style="Bold" FamilyName="HPDHEV+BlissPro-Bold" Capitals="Normal" ResourceId="3" />
							<Origin X="0" Y="0" />
							<Text>И</Text>
							<Size Width="11.872" Height="9.328125" />
							<Brush>
								<SolidBrush Color="#FF0063A8" />
							</Brush>
							<Tag>convertedFont</Tag>
						</Glyphs>
						<Glyphs OutlineWidth="0.5" CharSpace="0" RenderTransform="0.5968368 0 -0 0.5968368 154.86154 454.04465">
							<Font SizePoints="16" Style="Bold" FamilyName="HPDHEV+BlissPro-Bold" Capitals="Normal" ResourceId="3" />
							<Origin X="0" Y="0" />
							<Text>Н</Text>
							<Size Width="11.392" Height="9.328125" />
							<Brush>
								<SolidBrush Color="#FF0063A8" />
							</Brush>
							<Tag>convertedFont</Tag>
						</Glyphs>
						<Glyphs OutlineWidth="0.5" CharSpace="0" RenderTransform="0.5968368 0 -0 0.5968368 161.71584 454.04465">
							<Font SizePoints="16" Style="Bold" FamilyName="HPDHEV+BlissPro-Bold" Capitals="Normal" ResourceId="3" />
							<Origin X="0" Y="0" />
							<Text>И</Text>
							<Size Width="11.872" Height="9.328125" />
							<Brush>
								<SolidBrush Color="#FF0063A8" />
							</Brush>
							<Tag>convertedFont</Tag>
						</Glyphs>
						<Glyphs OutlineWidth="0.5" CharSpace="0" RenderTransform="0.5968368 0 -0 0.5968368 168.8499 454.04465">
							<Font SizePoints="16" Style="Bold" FamilyName="HPDHEV+BlissPro-Bold" Capitals="Normal" ResourceId="3" />
							<Origin X="0" Y="0" />
							<Text>Ц</Text>
							<Size Width="11.424" Height="9.328125" />
							<Brush>
								<SolidBrush Color="#FF0063A8" />
							</Brush>
							<Tag>convertedFont</Tag>
						</Glyphs>
						<Glyphs OutlineWidth="0.5" CharSpace="0" RenderTransform="0.5968368 0 -0 0.5968368 147.27052 468.96558">
							<Font SizePoints="13" Style="Bold" FamilyName="HPDHEV+BlissPro-Bold" Capitals="Normal" ResourceId="3" />
							<Origin X="0" Y="0" />
							<Text>З</Text>
							<Size Width="6.825" Height="7.5791016" />
							<Brush>
								<SolidBrush Color="#FF706E74" />
							</Brush>
							<Tag>convertedFont</Tag>
						</Glyphs>
						<Glyphs OutlineWidth="0.5" CharSpace="0" RenderTransform="0.5968368 0 -0 0.5968368 151.37378 468.96558">
							<Font SizePoints="13" Style="Bold" FamilyName="HPDHEV+BlissPro-Bold" Capitals="Normal" ResourceId="3" />
							<Origin X="0" Y="0" />
							<Text>А</Text>
							<Size Width="8.177" Height="7.5791016" />
							<Brush>
								<SolidBrush Color="#FF706E74" />
							</Brush>
							<Tag>convertedFont</Tag>
						</Glyphs>
						<Glyphs OutlineWidth="0.5" CharSpace="0" RenderTransform="0.5968368 0 -0 0.5968368 156.28836 468.96558">
							<Font SizePoints="13" Style="Bold" FamilyName="HPDHEV+BlissPro-Bold" Capitals="Normal" ResourceId="3" />
							<Origin X="0" Y="0" />
							<Text>Д</Text>
							<Size Width="9.048" Height="7.5791016" />
							<Brush>
								<SolidBrush Color="#FF706E74" />
							</Brush>
							<Tag>convertedFont</Tag>
						</Glyphs>
						<Glyphs OutlineWidth="0.5" CharSpace="0" RenderTransform="0.5968368 0 -0 0.5968368 161.72516 468.96558">
							<Font SizePoints="13" Style="Bold" FamilyName="HPDHEV+BlissPro-Bold" Capitals="Normal" ResourceId="3" />
							<Origin X="0" Y="0" />
							<Text>А</Text>
							<Size Width="8.177" Height="7.5791016" />
							<Brush>
								<SolidBrush Color="#FF706E74" />
							</Brush>
							<Tag>convertedFont</Tag>
						</Glyphs>
						<Glyphs OutlineWidth="0.5" CharSpace="0" RenderTransform="0.5968368 0 -0 0.5968368 166.63974 468.96558">
							<Font SizePoints="13" Style="Bold" FamilyName="HPDHEV+BlissPro-Bold" Capitals="Normal" ResourceId="3" />
							<Origin X="0" Y="0" />
							<Text>Н</Text>
							<Size Width="9.256" Height="7.5791016" />
							<Brush>
								<SolidBrush Color="#FF706E74" />
							</Brush>
							<Tag>convertedFont</Tag>
						</Glyphs>
						<Glyphs OutlineWidth="0.5" CharSpace="0" RenderTransform="0.5968368 0 -0 0.5968368 172.2071 468.96558">
							<Font SizePoints="13" Style="Bold" FamilyName="HPDHEV+BlissPro-Bold" Capitals="Normal" ResourceId="3" />
							<Origin X="0" Y="0" />
							<Text>Н</Text>
							<Size Width="9.256" Height="7.5791016" />
							<Brush>
								<SolidBrush Color="#FF706E74" />
							</Brush>
							<Tag>convertedFont</Tag>
						</Glyphs>
						<Glyphs OutlineWidth="0.5" CharSpace="0" RenderTransform="0.5968368 0 -0 0.5968368 177.77448 468.96558">
							<Font SizePoints="13" Style="Bold" FamilyName="HPDHEV+BlissPro-Bold" Capitals="Normal" ResourceId="3" />
							<Origin X="0" Y="0" />
							<Text>Ы</Text>
							<Size Width="10.127" Height="7.5791016" />
							<Brush>
								<SolidBrush Color="#FF706E74" />
							</Brush>
							<Tag>convertedFont</Tag>
						</Glyphs>
						<Glyphs OutlineWidth="0.5" CharSpace="0" RenderTransform="0.5968368 0 -0 0.5968368 183.86407 468.96558">
							<Font SizePoints="13" Style="Bold" FamilyName="HPDHEV+BlissPro-Bold" Capitals="Normal" ResourceId="3" />
							<Origin X="0" Y="0" />
							<Text>Е</Text>
							<Size Width="6.513" Height="7.5791016" />
							<Brush>
								<SolidBrush Color="#FF706E74" />
							</Brush>
							<Tag>convertedFont</Tag>
						</Glyphs>
						<Glyphs OutlineWidth="0.5" CharSpace="0" RenderTransform="0.5968368 0 -0 0.5968368 220.08461 468.96558">
							<Font SizePoints="13" Style="Bold" FamilyName="HPDHEV+BlissPro-Bold" Capitals="Normal" ResourceId="3" />
							<Origin X="0" Y="0" />
							<Text>Р</Text>
							<Size Width="7.007" Height="7.5791016" />
							<Brush>
								<SolidBrush Color="#FF706E74" />
							</Brush>
							<Tag>convertedFont</Tag>
						</Glyphs>
						<Glyphs OutlineWidth="0.5" CharSpace="0" RenderTransform="0.5968368 0 -0 0.5968368 224.29045 468.96558">
							<Font SizePoints="13" Style="Bold" FamilyName="HPDHEV+BlissPro-Bold" Capitals="Normal" ResourceId="3" />
							<Origin X="0" Y="0" />
							<Text>А</Text>
							<Size Width="8.177" Height="7.5791016" />
							<Brush>
								<SolidBrush Color="#FF706E74" />
							</Brush>
							<Tag>convertedFont</Tag>
						</Glyphs>
						<Glyphs OutlineWidth="0.5" CharSpace="0" RenderTransform="0.5968368 0 -0 0.5968368 229.20503 468.96558">
							<Font SizePoints="13" Style="Bold" FamilyName="HPDHEV+BlissPro-Bold" Capitals="Normal" ResourceId="3" />
							<Origin X="0" Y="0" />
							<Text>С</Text>
							<Size Width="8.112" Height="7.5791016" />
							<Brush>
								<SolidBrush Color="#FF706E74" />
							</Brush>
							<Tag>convertedFont</Tag>
						</Glyphs>
						<Glyphs OutlineWidth="0.5" CharSpace="0" RenderTransform="0.5968368 0 -0 0.5968368 234.0823 468.96558">
							<Font SizePoints="13" Style="Bold" FamilyName="HPDHEV+BlissPro-Bold" Capitals="Normal" ResourceId="3" />
							<Origin X="0" Y="0" />
							<Text>Ч</Text>
							<Size Width="8.216" Height="7.5791016" />
							<Brush>
								<SolidBrush Color="#FF706E74" />
							</Brush>
							<Tag>convertedFont</Tag>
						</Glyphs>
						<Glyphs OutlineWidth="0.5" CharSpace="0" RenderTransform="0.5968368 0 -0 0.5968368 239.01553 468.96558">
							<Font SizePoints="13" Style="Bold" FamilyName="HPDHEV+BlissPro-Bold" Capitals="Normal" ResourceId="3" />
							<Origin X="0" Y="0" />
							<Text>Е</Text>
							<Size Width="6.513" Height="7.5791016" />
							<Brush>
								<SolidBrush Color="#FF706E74" />
							</Brush>
							<Tag>convertedFont</Tag>
						</Glyphs>
						<Glyphs OutlineWidth="0.5" CharSpace="0" RenderTransform="0.5968368 0 -0 0.5968368 242.93227 468.96558">
							<Font SizePoints="13" Style="Bold" FamilyName="HPDHEV+BlissPro-Bold" Capitals="Normal" ResourceId="3" />
							<Origin X="0" Y="0" />
							<Text>Т</Text>
							<Size Width="6.955" Height="7.5791016" />
							<Brush>
								<SolidBrush Color="#FF706E74" />
							</Brush>
							<Tag>convertedFont</Tag>
						</Glyphs>
						<Glyphs OutlineWidth="0.5" CharSpace="0" RenderTransform="0.5968368 0 -0 0.5968368 247.11014 468.96558">
							<Font SizePoints="13" Style="Bold" FamilyName="HPDHEV+BlissPro-Bold" Capitals="Normal" ResourceId="3" />
							<Origin X="0" Y="0" />
							<Text>Н</Text>
							<Size Width="9.256" Height="7.5791016" />
							<Brush>
								<SolidBrush Color="#FF706E74" />
							</Brush>
							<Tag>convertedFont</Tag>
						</Glyphs>
						<Glyphs OutlineWidth="0.5" CharSpace="0" RenderTransform="0.5968368 0 -0 0.5968368 252.6775 468.96558">
							<Font SizePoints="13" Style="Bold" FamilyName="HPDHEV+BlissPro-Bold" Capitals="Normal" ResourceId="3" />
							<Origin X="0" Y="0" />
							<Text>Ы</Text>
							<Size Width="10.127" Height="7.5791016" />
							<Brush>
								<SolidBrush Color="#FF706E74" />
							</Brush>
							<Tag>convertedFont</Tag>
						</Glyphs>
						<Glyphs OutlineWidth="0.5" CharSpace="0" RenderTransform="0.5968368 0 -0 0.5968368 258.7671 468.96558">
							<Font SizePoints="13" Style="Bold" FamilyName="HPDHEV+BlissPro-Bold" Capitals="Normal" ResourceId="3" />
							<Origin X="0" Y="0" />
							<Text>Е</Text>
							<Size Width="6.513" Height="7.5791016" />
							<Brush>
								<SolidBrush Color="#FF706E74" />
							</Brush>
							<Tag>convertedFont</Tag>
						</Glyphs>
						<Glyphs OutlineWidth="0.5" CharSpace="0" RenderTransform="0.5968368 0 -0 0.5968368 57.148167 482.6928">
							<Font SizePoints="14" Style="Regular" FamilyName="CSMVMI+BlissPro" Capitals="Normal" ResourceId="2" />
							<Origin X="0" Y="0" />
							<Text>Р</Text>
							<Size Width="7.112" Height="8.162108" />
							<Brush>
								<SolidBrush Color="#FF000000" />
							</Brush>
							<Tag>convertedFont</Tag>
						</Glyphs>
						<Glyphs OutlineWidth="0.5" CharSpace="0" RenderTransform="0.5968368 0 -0 0.5968368 61.41928 482.6928">
							<Font SizePoints="14" Style="Regular" FamilyName="CSMVMI+BlissPro" Capitals="Normal" ResourceId="2" />
							<Origin X="0" Y="0" />
							<Text>а</Text>
							<Size Width="6.608" Height="8.162108" />
							<Brush>
								<SolidBrush Color="#FF000000" />
							</Brush>
							<Tag>convertedFont</Tag>
						</Glyphs>
						<Glyphs OutlineWidth="0.5" CharSpace="0" RenderTransform="0.5968368 0 -0 0.5968368 65.391975 482.6928">
							<Font SizePoints="14" Style="Regular" FamilyName="CSMVMI+BlissPro" Capitals="Normal" ResourceId="2" />
							<Origin X="0" Y="0" />
							<Text>с</Text>
							<Size Width="6.076" Height="8.162108" />
							<Brush>
								<SolidBrush Color="#FF000000" />
							</Brush>
							<Tag>convertedFont</Tag>
						</Glyphs>
						<Glyphs OutlineWidth="0.5" CharSpace="0" RenderTransform="0.5968368 0 -0 0.5968368 69.03828 482.6928">
							<Font SizePoints="14" Style="Regular" FamilyName="CSMVMI+BlissPro" Capitals="Normal" ResourceId="2" />
							<Origin X="0" Y="0" />
							<Text>х</Text>
							<Size Width="6.454" Height="8.162108" />
							<Brush>
								<SolidBrush Color="#FF000000" />
							</Brush>
							<Tag>convertedFont</Tag>
						</Glyphs>
						<Glyphs OutlineWidth="0.5" CharSpace="0" RenderTransform="0.5968368 0 -0 0.5968368 72.91771 482.6928">
							<Font SizePoints="14" Style="Regular" FamilyName="CSMVMI+BlissPro" Capitals="Normal" ResourceId="2" />
							<Origin X="0" Y="0" />
							<Text>о</Text>
							<Size Width="7.364" Height="8.162108" />
							<Brush>
								<SolidBrush Color="#FF000000" />
							</Brush>
							<Tag>convertedFont</Tag>
						</Glyphs>
						<Glyphs OutlineWidth="0.5" CharSpace="0" RenderTransform="0.5968368 0 -0 0.5968368 77.338036 482.6928">
							<Font SizePoints="14" Style="Regular" FamilyName="CSMVMI+BlissPro" Capitals="Normal" ResourceId="2" />
							<Origin X="0" Y="0" />
							<Text>д</Text>
							<Size Width="7.602" Height="8.162108" />
							<Brush>
								<SolidBrush Color="#FF000000" />
							</Brush>
							<Tag>convertedFont</Tag>
						</Glyphs>
						<Glyphs OutlineWidth="0.5" CharSpace="0" RenderTransform="0.5968368 0 -0 0.5968368 81.90757 482.6928">
							<Font SizePoints="14" Style="Regular" FamilyName="CSMVMI+BlissPro" Capitals="Normal" ResourceId="2" />
							<Origin X="0" Y="0" />
							<Text> </Text>
							<Size Width="3.094" Height="8.162108" />
							<Brush>
								<SolidBrush Color="#FF000000" />
							</Brush>
							<Tag>convertedFont</Tag>
						</Glyphs>
						<Glyphs OutlineWidth="0.5" CharSpace="0" RenderTransform="0.5968368 0 -0 0.5968368 83.76336 482.6928">
							<Font SizePoints="14" Style="Regular" FamilyName="CSMVMI+BlissPro" Capitals="Normal" ResourceId="2" />
							<Origin X="0" Y="0" />
							<Text>в</Text>
							<Size Width="6.538" Height="8.162108" />
							<Brush>
								<SolidBrush Color="#FF000000" />
							</Brush>
							<Tag>convertedFont</Tag>
						</Glyphs>
						<Glyphs OutlineWidth="0.5" CharSpace="0" RenderTransform="0.5968368 0 -0 0.5968368 87.698746 482.6928">
							<Font SizePoints="14" Style="Regular" FamilyName="CSMVMI+BlissPro" Capitals="Normal" ResourceId="2" />
							<Origin X="0" Y="0" />
							<Text>о</Text>
							<Size Width="7.364" Height="8.162108" />
							<Brush>
								<SolidBrush Color="#FF000000" />
							</Brush>
							<Tag>convertedFont</Tag>
						</Glyphs>
						<Glyphs OutlineWidth="0.5" CharSpace="0" RenderTransform="0.5968368 0 -0 0.5968368 92.11907 482.6928">
							<Font SizePoints="14" Style="Regular" FamilyName="CSMVMI+BlissPro" Capitals="Normal" ResourceId="2" />
							<Origin X="0" Y="0" />
							<Text>з</Text>
							<Size Width="5.894" Height="8.162108" />
							<Brush>
								<SolidBrush Color="#FF000000" />
							</Brush>
							<Tag>convertedFont</Tag>
						</Glyphs>
						<Glyphs OutlineWidth="0.5" CharSpace="0" RenderTransform="0.5968368 0 -0 0.5968368 95.66279 482.6928">
							<Font SizePoints="14" Style="Regular" FamilyName="CSMVMI+BlissPro" Capitals="Normal" ResourceId="2" />
							<Origin X="0" Y="0" />
							<Text>д</Text>
							<Size Width="7.602" Height="8.162108" />
							<Brush>
								<SolidBrush Color="#FF000000" />
							</Brush>
							<Tag>convertedFont</Tag>
						</Glyphs>
						<Glyphs OutlineWidth="0.5" CharSpace="0" RenderTransform="0.5968368 0 -0 0.5968368 100.23232 482.6928">
							<Font SizePoints="14" Style="Regular" FamilyName="CSMVMI+BlissPro" Capitals="Normal" ResourceId="2" />
							<Origin X="0" Y="0" />
							<Text>у</Text>
							<Size Width="6.776" Height="8.162108" />
							<Brush>
								<SolidBrush Color="#FF000000" />
							</Brush>
							<Tag>convertedFont</Tag>
						</Glyphs>
						<Glyphs OutlineWidth="0.5" CharSpace="0" RenderTransform="0.5968368 0 -0 0.5968368 104.3076 482.6928">
							<Font SizePoints="14" Style="Regular" FamilyName="CSMVMI+BlissPro" Capitals="Normal" ResourceId="2" />
							<Origin X="0" Y="0" />
							<Text>х</Text>
							<Size Width="6.454" Height="8.162108" />
							<Brush>
								<SolidBrush Color="#FF000000" />
							</Brush>
							<Tag>convertedFont</Tag>
						</Glyphs>
						<Glyphs OutlineWidth="0.5" CharSpace="0" RenderTransform="0.5968368 0 -0 0.5968368 108.18704 482.6928">
							<Font SizePoints="14" Style="Regular" FamilyName="CSMVMI+BlissPro" Capitals="Normal" ResourceId="2" />
							<Origin X="0" Y="0" />
							<Text>а</Text>
							<Size Width="6.608" Height="8.162108" />
							<Brush>
								<SolidBrush Color="#FF000000" />
							</Brush>
							<Tag>convertedFont</Tag>
						</Glyphs>
						<Glyphs OutlineWidth="0.5" CharSpace="0" RenderTransform="0.5968368 0 -0 0.5968368 112.15974 482.6928">
							<Font SizePoints="14" Style="Regular" FamilyName="CSMVMI+BlissPro" Capitals="Normal" ResourceId="2" />
							<Origin X="0" Y="0" />
							<Text> </Text>
							<Size Width="3.094" Height="8.162108" />
							<Brush>
								<SolidBrush Color="#FF000000" />
							</Brush>
							<Tag>convertedFont</Tag>
						</Glyphs>
						<Glyphs OutlineWidth="0.5" CharSpace="0" RenderTransform="0.5968368 0 -0 0.5968368 114.015526 482.6928">
							<Font SizePoints="14" Style="Regular" FamilyName="CSMVMI+BlissPro" Capitals="Normal" ResourceId="2" />
							<Origin X="0" Y="0" />
							<Text>(</Text>
							<Size Width="4.508" Height="8.162108" />
							<Brush>
								<SolidBrush Color="#FF000000" />
							</Brush>
							<Tag>convertedFont</Tag>
						</Glyphs>
						<Glyphs OutlineWidth="0.5" CharSpace="0" RenderTransform="0.5968368 0 -0 0.5968368 116.71994 482.6928">
							<Font SizePoints="14" Style="Regular" FamilyName="CSMVMI+BlissPro" Capitals="Normal" ResourceId="2" />
							<Origin X="0" Y="0" />
							<Text>м</Text>
							<Size Width="8.372" Height="8.162108" />
							<Brush>
								<SolidBrush Color="#FF000000" />
							</Brush>
							<Tag>convertedFont</Tag>
						</Glyphs>
						<Glyphs OutlineWidth="0.5" CharSpace="0" RenderTransform="0.5968368 0 -0 0.5968368 121.606544 482.6928">
							<Font SizePoints="14" Style="Regular" FamilyName="CSMVMI+BlissPro" Capitals="Normal" ResourceId="2" />
							<Origin X="0" Y="0" />
							<Text>3</Text>
							<Size Width="7.448" Height="8.162108" />
							<Brush>
								<SolidBrush Color="#FF000000" />
							</Brush>
							<Tag>convertedFont</Tag>
						</Glyphs>
						<Glyphs OutlineWidth="0.5" CharSpace="0" RenderTransform="0.5968368 0 -0 0.5968368 126.38123 482.6928">
							<Font SizePoints="14" Style="Regular" FamilyName="CSMVMI+BlissPro" Capitals="Normal" ResourceId="2" />
							<Origin X="0" Y="0" />
							<Text>/</Text>
							<Size Width="5.096" Height="8.162108" />
							<Brush>
								<SolidBrush Color="#FF000000" />
							</Brush>
							<Tag>convertedFont</Tag>
						</Glyphs>
						<Glyphs OutlineWidth="0.5" CharSpace="0" RenderTransform="0.5968368 0 -0 0.5968368 129.44003 482.6928">
							<Font SizePoints="14" Style="Regular" FamilyName="CSMVMI+BlissPro" Capitals="Normal" ResourceId="2" />
							<Origin X="0" Y="0" />
							<Text>ч</Text>
							<Size Width="6.776" Height="8.162108" />
							<Brush>
								<SolidBrush Color="#FF000000" />
							</Brush>
							<Tag>convertedFont</Tag>
						</Glyphs>
						<Glyphs OutlineWidth="0.5" CharSpace="0" RenderTransform="0.5968368 0 -0 0.5968368 133.5153 482.6928">
							<Font SizePoints="14" Style="Regular" FamilyName="CSMVMI+BlissPro" Capitals="Normal" ResourceId="2" />
							<Origin X="0" Y="0" />
							<Text>)</Text>
							<Size Width="4.508" Height="8.162108" />
							<Brush>
								<SolidBrush Color="#FF000000" />
							</Brush>
							<Tag>convertedFont</Tag>
						</Glyphs>
						<Glyphs OutlineWidth="0.5" CharSpace="0" RenderTransform="0.5968368 0 -0 0.5968368 147.27052 482.6928">
							<Font SizePoints="14" Style="Regular" FamilyName="CSMVMI+BlissPro" Capitals="Normal" ResourceId="2" />
							<Origin X="0" Y="0" />
							<Text>9</Text>
							<Size Width="7.476" Height="8.162108" />
							<Brush>
								<SolidBrush Color="#FF000000" />
							</Brush>
							<Tag>convertedFont</Tag>
						</Glyphs>
						<Glyphs OutlineWidth="0.5" CharSpace="0" RenderTransform="0.5968368 0 -0 0.5968368 151.76544 482.6928">
							<Font SizePoints="14" Style="Regular" FamilyName="CSMVMI+BlissPro" Capitals="Normal" ResourceId="2" />
							<Origin X="0" Y="0" />
							<Text>2</Text>
							<Size Width="7.154" Height="8.162108" />
							<Brush>
								<SolidBrush Color="#FF000000" />
							</Brush>
							<Tag>convertedFont</Tag>
						</Glyphs>
						<Glyphs OutlineWidth="0.5" CharSpace="0" RenderTransform="0.5968368 0 -0 0.5968368 156.06454 482.6928">
							<Font SizePoints="14" Style="Regular" FamilyName="CSMVMI+BlissPro" Capitals="Normal" ResourceId="2" />
							<Origin X="0" Y="0" />
							<Text>0</Text>
							<Size Width="7.756" Height="8.162108" />
							<Brush>
								<SolidBrush Color="#FF000000" />
							</Brush>
							<Tag>convertedFont</Tag>
						</Glyphs>
						<Glyphs OutlineWidth="0.5" CharSpace="0" RenderTransform="0.5968368 0 -0 0.5968368 160.718 482.6928">
							<Font SizePoints="14" Style="Regular" FamilyName="CSMVMI+BlissPro" Capitals="Normal" ResourceId="2" />
							<Origin X="0" Y="0" />
							<Text> </Text>
							<Size Width="3.094" Height="8.162108" />
							<Brush>
								<SolidBrush Color="#FF000000" />
							</Brush>
							<Tag>convertedFont</Tag>
						</Glyphs>
						<Glyphs OutlineWidth="0.5" CharSpace="0" RenderTransform="0.5968368 0 -0 0.5968368 162.57379 482.6928">
							<Font SizePoints="14" Style="Regular" FamilyName="CSMVMI+BlissPro" Capitals="Normal" ResourceId="2" />
							<Origin X="0" Y="0" />
							<Text>/</Text>
							<Size Width="5.096" Height="8.162108" />
							<Brush>
								<SolidBrush Color="#FF000000" />
							</Brush>
							<Tag>convertedFont</Tag>
						</Glyphs>
						<Glyphs OutlineWidth="0.5" CharSpace="0" RenderTransform="0.5968368 0 -0 0.5968368 220.08461 482.6928">
							<Font SizePoints="14" Style="Regular" FamilyName="CSMVMI+BlissPro" Capitals="Normal" ResourceId="2" />
							<Origin X="0" Y="0" />
							<Text>9</Text>
							<Size Width="7.476" Height="8.162108" />
							<Brush>
								<SolidBrush Color="#FF000000" />
							</Brush>
							<Tag>convertedFont</Tag>
						</Glyphs>
						<Glyphs OutlineWidth="0.5" CharSpace="0" RenderTransform="0.5968368 0 -0 0.5968368 224.57954 482.6928">
							<Font SizePoints="14" Style="Regular" FamilyName="CSMVMI+BlissPro" Capitals="Normal" ResourceId="2" />
							<Origin X="0" Y="0" />
							<Text>2</Text>
							<Size Width="7.154" Height="8.162108" />
							<Brush>
								<SolidBrush Color="#FF000000" />
							</Brush>
							<Tag>convertedFont</Tag>
						</Glyphs>
						<Glyphs OutlineWidth="0.5" CharSpace="0" RenderTransform="0.5968368 0 -0 0.5968368 228.87863 482.6928">
							<Font SizePoints="14" Style="Regular" FamilyName="CSMVMI+BlissPro" Capitals="Normal" ResourceId="2" />
							<Origin X="0" Y="0" />
							<Text>0</Text>
							<Size Width="7.756" Height="8.162108" />
							<Brush>
								<SolidBrush Color="#FF000000" />
							</Brush>
							<Tag>convertedFont</Tag>
						</Glyphs>
						<Glyphs OutlineWidth="0.5" CharSpace="0" RenderTransform="0.5968368 0 -0 0.5968368 233.53209 482.6928">
							<Font SizePoints="14" Style="Regular" FamilyName="CSMVMI+BlissPro" Capitals="Normal" ResourceId="2" />
							<Origin X="0" Y="0" />
							<Text> </Text>
							<Size Width="3.094" Height="8.162108" />
							<Brush>
								<SolidBrush Color="#FF000000" />
							</Brush>
							<Tag>convertedFont</Tag>
						</Glyphs>
						<Glyphs OutlineWidth="0.5" CharSpace="0" RenderTransform="0.5968368 0 -0 0.5968368 235.38788 482.6928">
							<Font SizePoints="14" Style="Regular" FamilyName="CSMVMI+BlissPro" Capitals="Normal" ResourceId="2" />
							<Origin X="0" Y="0" />
							<Text>/</Text>
							<Size Width="5.096" Height="8.162108" />
							<Brush>
								<SolidBrush Color="#FF000000" />
							</Brush>
							<Tag>convertedFont</Tag>
						</Glyphs>
						<Glyphs OutlineWidth="0.5" CharSpace="0" RenderTransform="0.5968368 0 -0 0.5968368 57.148167 495.8232">
							<Font SizePoints="14" Style="Regular" FamilyName="CSMVMI+BlissPro" Capitals="Normal" ResourceId="2" />
							<Origin X="0" Y="0" />
							<Text>P</Text>
							<Size Width="7.168" Height="8.162108" />
							<Brush>
								<SolidBrush Color="#FF000000" />
							</Brush>
							<Tag>convertedFont</Tag>
						</Glyphs>
						<Glyphs OutlineWidth="0.5" CharSpace="0" RenderTransform="0.5968368 0 -0 0.5968368 61.45658 495.8232">
							<Font SizePoints="14" Style="Regular" FamilyName="CSMVMI+BlissPro" Capitals="Normal" ResourceId="2" />
							<Origin X="0" Y="0" />
							<Text> </Text>
							<Size Width="3.094" Height="8.162108" />
							<Brush>
								<SolidBrush Color="#FF000000" />
							</Brush>
							<Tag>convertedFont</Tag>
						</Glyphs>
						<Glyphs OutlineWidth="0.5" CharSpace="0" RenderTransform="0.5968368 0 -0 0.5968368 63.31237 495.8232">
							<Font SizePoints="14" Style="Regular" FamilyName="CSMVMI+BlissPro" Capitals="Normal" ResourceId="2" />
							<Origin X="0" Y="0" />
							<Text>с</Text>
							<Size Width="6.076" Height="8.162108" />
							<Brush>
								<SolidBrush Color="#FF000000" />
							</Brush>
							<Tag>convertedFont</Tag>
						</Glyphs>
						<Glyphs OutlineWidth="0.5" CharSpace="0" RenderTransform="0.5968368 0 -0 0.5968368 66.95867 495.8232">
							<Font SizePoints="14" Style="Regular" FamilyName="CSMVMI+BlissPro" Capitals="Normal" ResourceId="2" />
							<Origin X="0" Y="0" />
							<Text>в</Text>
							<Size Width="6.538" Height="8.162108" />
							<Brush>
								<SolidBrush Color="#FF000000" />
							</Brush>
							<Tag>convertedFont</Tag>
						</Glyphs>
						<Glyphs OutlineWidth="0.5" CharSpace="0" RenderTransform="0.5968368 0 -0 0.5968368 70.894066 495.8232">
							<Font SizePoints="14" Style="Regular" FamilyName="CSMVMI+BlissPro" Capitals="Normal" ResourceId="2" />
							<Origin X="0" Y="0" />
							<Text>о</Text>
							<Size Width="7.364" Height="8.162108" />
							<Brush>
								<SolidBrush Color="#FF000000" />
							</Brush>
							<Tag>convertedFont</Tag>
						</Glyphs>
						<Glyphs OutlineWidth="0.5" CharSpace="0" RenderTransform="0.5968368 0 -0 0.5968368 75.31439 495.8232">
							<Font SizePoints="14" Style="Regular" FamilyName="CSMVMI+BlissPro" Capitals="Normal" ResourceId="2" />
							<Origin X="0" Y="0" />
							<Text>б</Text>
							<Size Width="7.14" Height="8.162108" />
							<Brush>
								<SolidBrush Color="#FF000000" />
							</Brush>
							<Tag>convertedFont</Tag>
						</Glyphs>
						<Glyphs OutlineWidth="0.5" CharSpace="0" RenderTransform="0.5968368 0 -0 0.5968368 79.60416 495.8232">
							<Font SizePoints="14" Style="Regular" FamilyName="CSMVMI+BlissPro" Capitals="Normal" ResourceId="2" />
							<Origin X="0" Y="0" />
							<Text>о</Text>
							<Size Width="7.364" Height="8.162108" />
							<Brush>
								<SolidBrush Color="#FF000000" />
							</Brush>
							<Tag>convertedFont</Tag>
						</Glyphs>
						<Glyphs OutlineWidth="0.5" CharSpace="0" RenderTransform="0.5968368 0 -0 0.5968368 84.024475 495.8232">
							<Font SizePoints="14" Style="Regular" FamilyName="CSMVMI+BlissPro" Capitals="Normal" ResourceId="2" />
							<Origin X="0" Y="0" />
							<Text>д</Text>
							<Size Width="7.602" Height="8.162108" />
							<Brush>
								<SolidBrush Color="#FF000000" />
							</Brush>
							<Tag>convertedFont</Tag>
						</Glyphs>
						<Glyphs OutlineWidth="0.5" CharSpace="0" RenderTransform="0.5968368 0 -0 0.5968368 88.59401 495.8232">
							<Font SizePoints="14" Style="Regular" FamilyName="CSMVMI+BlissPro" Capitals="Normal" ResourceId="2" />
							<Origin X="0" Y="0" />
							<Text>н</Text>
							<Size Width="7.266" Height="8.162108" />
							<Brush>
								<SolidBrush Color="#FF000000" />
							</Brush>
							<Tag>convertedFont</Tag>
						</Glyphs>
						<Glyphs OutlineWidth="0.5" CharSpace="0" RenderTransform="0.5968368 0 -0 0.5968368 92.958374 495.8232">
							<Font SizePoints="14" Style="Regular" FamilyName="CSMVMI+BlissPro" Capitals="Normal" ResourceId="2" />
							<Origin X="0" Y="0" />
							<Text>о</Text>
							<Size Width="7.364" Height="8.162108" />
							<Brush>
								<SolidBrush Color="#FF000000" />
							</Brush>
							<Tag>convertedFont</Tag>
						</Glyphs>
						<Glyphs OutlineWidth="0.5" CharSpace="0" RenderTransform="0.5968368 0 -0 0.5968368 97.3787 495.8232">
							<Font SizePoints="14" Style="Regular" FamilyName="CSMVMI+BlissPro" Capitals="Normal" ResourceId="2" />
							<Origin X="0" Y="0" />
							<Text>е</Text>
							<Size Width="6.636" Height="8.162108" />
							<Brush>
								<SolidBrush Color="#FF000000" />
							</Brush>
							<Tag>convertedFont</Tag>
						</Glyphs>
						<Glyphs OutlineWidth="0.5" CharSpace="0" RenderTransform="0.5968368 0 -0 0.5968368 101.37004 495.8232">
							<Font SizePoints="14" Style="Regular" FamilyName="CSMVMI+BlissPro" Capitals="Normal" ResourceId="2" />
							<Origin X="0" Y="0" />
							<Text> </Text>
							<Size Width="3.094" Height="8.162108" />
							<Brush>
								<SolidBrush Color="#FF000000" />
							</Brush>
							<Tag>convertedFont</Tag>
						</Glyphs>
						<Glyphs OutlineWidth="0.5" CharSpace="0" RenderTransform="0.5968368 0 -0 0.5968368 103.22583 495.8232">
							<Font SizePoints="14" Style="Regular" FamilyName="CSMVMI+BlissPro" Capitals="Normal" ResourceId="2" />
							<Origin X="0" Y="0" />
							<Text>(</Text>
							<Size Width="4.508" Height="8.162108" />
							<Brush>
								<SolidBrush Color="#FF000000" />
							</Brush>
							<Tag>convertedFont</Tag>
						</Glyphs>
						<Glyphs OutlineWidth="0.5" CharSpace="0" RenderTransform="0.5968368 0 -0 0.5968368 105.93025 495.8232">
							<Font SizePoints="14" Style="Regular" FamilyName="CSMVMI+BlissPro" Capitals="Normal" ResourceId="2" />
							<Origin X="0" Y="0" />
							<Text>П</Text>
							<Size Width="9.296" Height="8.162108" />
							<Brush>
								<SolidBrush Color="#FF000000" />
							</Brush>
							<Tag>convertedFont</Tag>
						</Glyphs>
						<Glyphs OutlineWidth="0.5" CharSpace="0" RenderTransform="0.5968368 0 -0 0.5968368 111.516266 495.8232">
							<Font SizePoints="14" Style="Regular" FamilyName="CSMVMI+BlissPro" Capitals="Normal" ResourceId="2" />
							<Origin X="0" Y="0" />
							<Text>а</Text>
							<Size Width="6.608" Height="8.162108" />
							<Brush>
								<SolidBrush Color="#FF000000" />
							</Brush>
							<Tag>convertedFont</Tag>
						</Glyphs>
						<Glyphs OutlineWidth="0.5" CharSpace="0" RenderTransform="0.5968368 0 -0 0.5968368 115.48897 495.8232">
							<Font SizePoints="14" Style="Regular" FamilyName="CSMVMI+BlissPro" Capitals="Normal" ResourceId="2" />
							<Origin X="0" Y="0" />
							<Text>)</Text>
							<Size Width="4.508" Height="8.162108" />
							<Brush>
								<SolidBrush Color="#FF000000" />
							</Brush>
							<Tag>convertedFont</Tag>
						</Glyphs>
						<Glyphs OutlineWidth="0.5" CharSpace="0" RenderTransform="0.5968368 0 -0 0.5968368 147.27052 495.8232">
							<Font SizePoints="14" Style="Regular" FamilyName="CSMVMI+BlissPro" Capitals="Normal" ResourceId="2" />
							<Origin X="0" Y="0" />
							<Text>1</Text>
							<Size Width="5.852" Height="8.162108" />
							<Brush>
								<SolidBrush Color="#FF000000" />
							</Brush>
							<Tag>convertedFont</Tag>
						</Glyphs>
						<Glyphs OutlineWidth="0.5" CharSpace="0" RenderTransform="0.5968368 0 -0 0.5968368 150.78625 495.8232">
							<Font SizePoints="14" Style="Regular" FamilyName="CSMVMI+BlissPro" Capitals="Normal" ResourceId="2" />
							<Origin X="0" Y="0" />
							<Text>5</Text>
							<Size Width="7.126" Height="8.162108" />
							<Brush>
								<SolidBrush Color="#FF000000" />
							</Brush>
							<Tag>convertedFont</Tag>
						</Glyphs>
						<Glyphs OutlineWidth="0.5" CharSpace="0" RenderTransform="0.5968368 0 -0 0.5968368 155.06671 495.8232">
							<Font SizePoints="14" Style="Regular" FamilyName="CSMVMI+BlissPro" Capitals="Normal" ResourceId="2" />
							<Origin X="0" Y="0" />
							<Text>0</Text>
							<Size Width="7.756" Height="8.162108" />
							<Brush>
								<SolidBrush Color="#FF000000" />
							</Brush>
							<Tag>convertedFont</Tag>
						</Glyphs>
						<Glyphs OutlineWidth="0.5" CharSpace="0" RenderTransform="0.5968368 0 -0 0.5968368 159.72017 495.8232">
							<Font SizePoints="14" Style="Regular" FamilyName="CSMVMI+BlissPro" Capitals="Normal" ResourceId="2" />
							<Origin X="0" Y="0" />
							<Text> </Text>
							<Size Width="3.094" Height="8.162108" />
							<Brush>
								<SolidBrush Color="#FF000000" />
							</Brush>
							<Tag>convertedFont</Tag>
						</Glyphs>
						<Glyphs OutlineWidth="0.5" CharSpace="0" RenderTransform="0.5968368 0 -0 0.5968368 161.57596 495.8232">
							<Font SizePoints="14" Style="Regular" FamilyName="CSMVMI+BlissPro" Capitals="Normal" ResourceId="2" />
							<Origin X="0" Y="0" />
							<Text>/</Text>
							<Size Width="5.096" Height="8.162108" />
							<Brush>
								<SolidBrush Color="#FF000000" />
							</Brush>
							<Tag>convertedFont</Tag>
						</Glyphs>
						<Glyphs OutlineWidth="0.5" CharSpace="0" RenderTransform="0.5968368 0 -0 0.5968368 220.08461 495.8232">
							<Font SizePoints="14" Style="Regular" FamilyName="CSMVMI+BlissPro" Capitals="Normal" ResourceId="2" />
							<Origin X="0" Y="0" />
							<Text>1</Text>
							<Size Width="5.852" Height="8.162108" />
							<Brush>
								<SolidBrush Color="#FF000000" />
							</Brush>
							<Tag>convertedFont</Tag>
						</Glyphs>
						<Glyphs OutlineWidth="0.5" CharSpace="0" RenderTransform="0.5968368 0 -0 0.5968368 223.60036 495.8232">
							<Font SizePoints="14" Style="Regular" FamilyName="CSMVMI+BlissPro" Capitals="Normal" ResourceId="2" />
							<Origin X="0" Y="0" />
							<Text>5</Text>
							<Size Width="7.126" Height="8.162108" />
							<Brush>
								<SolidBrush Color="#FF000000" />
							</Brush>
							<Tag>convertedFont</Tag>
						</Glyphs>
						<Glyphs OutlineWidth="0.5" CharSpace="0" RenderTransform="0.5968368 0 -0 0.5968368 227.8808 495.8232">
							<Font SizePoints="14" Style="Regular" FamilyName="CSMVMI+BlissPro" Capitals="Normal" ResourceId="2" />
							<Origin X="0" Y="0" />
							<Text>0</Text>
							<Size Width="7.756" Height="8.162108" />
							<Brush>
								<SolidBrush Color="#FF000000" />
							</Brush>
							<Tag>convertedFont</Tag>
						</Glyphs>
						<Glyphs OutlineWidth="0.5" CharSpace="0" RenderTransform="0.5968368 0 -0 0.5968368 232.53426 495.8232">
							<Font SizePoints="14" Style="Regular" FamilyName="CSMVMI+BlissPro" Capitals="Normal" ResourceId="2" />
							<Origin X="0" Y="0" />
							<Text> </Text>
							<Size Width="3.094" Height="8.162108" />
							<Brush>
								<SolidBrush Color="#FF000000" />
							</Brush>
							<Tag>convertedFont</Tag>
						</Glyphs>
						<Glyphs OutlineWidth="0.5" CharSpace="0" RenderTransform="0.5968368 0 -0 0.5968368 234.39005 495.8232">
							<Font SizePoints="14" Style="Regular" FamilyName="CSMVMI+BlissPro" Capitals="Normal" ResourceId="2" />
							<Origin X="0" Y="0" />
							<Text>/</Text>
							<Size Width="5.096" Height="8.162108" />
							<Brush>
								<SolidBrush Color="#FF000000" />
							</Brush>
							<Tag>convertedFont</Tag>
						</Glyphs>
						<Glyphs OutlineWidth="0.5" CharSpace="0" RenderTransform="0.5968368 0 -0 0.5968368 57.148167 508.9536">
							<Font SizePoints="14" Style="Regular" FamilyName="CSMVMI+BlissPro" Capitals="Normal" ResourceId="2" />
							<Origin X="0" Y="0" />
							<Text>С</Text>
							<Size Width="8.4" Height="8.162108" />
							<Brush>
								<SolidBrush Color="#FF000000" />
							</Brush>
							<Tag>convertedFont</Tag>
						</Glyphs>
						<Glyphs OutlineWidth="0.5" CharSpace="0" RenderTransform="0.5968368 0 -0 0.5968368 62.20263 508.9536">
							<Font SizePoints="14" Style="Regular" FamilyName="CSMVMI+BlissPro" Capitals="Normal" ResourceId="2" />
							<Origin X="0" Y="0" />
							<Text>к</Text>
							<Size Width="6.496" Height="8.162108" />
							<Brush>
								<SolidBrush Color="#FF000000" />
							</Brush>
							<Tag>convertedFont</Tag>
						</Glyphs>
						<Glyphs OutlineWidth="0.5" CharSpace="0" RenderTransform="0.5968368 0 -0 0.5968368 66.11005 508.9536">
							<Font SizePoints="14" Style="Regular" FamilyName="CSMVMI+BlissPro" Capitals="Normal" ResourceId="2" />
							<Origin X="0" Y="0" />
							<Text>о</Text>
							<Size Width="7.364" Height="8.162108" />
							<Brush>
								<SolidBrush Color="#FF000000" />
							</Brush>
							<Tag>convertedFont</Tag>
						</Glyphs>
						<Glyphs OutlineWidth="0.5" CharSpace="0" RenderTransform="0.5968368 0 -0 0.5968368 70.530365 508.9536">
							<Font SizePoints="14" Style="Regular" FamilyName="CSMVMI+BlissPro" Capitals="Normal" ResourceId="2" />
							<Origin X="0" Y="0" />
							<Text>р</Text>
							<Size Width="7.14" Height="8.162108" />
							<Brush>
								<SolidBrush Color="#FF000000" />
							</Brush>
							<Tag>convertedFont</Tag>
						</Glyphs>
						<Glyphs OutlineWidth="0.5" CharSpace="0" RenderTransform="0.5968368 0 -0 0.5968368 74.82013 508.9536">
							<Font SizePoints="14" Style="Regular" FamilyName="CSMVMI+BlissPro" Capitals="Normal" ResourceId="2" />
							<Origin X="0" Y="0" />
							<Text>о</Text>
							<Size Width="7.364" Height="8.162108" />
							<Brush>
								<SolidBrush Color="#FF000000" />
							</Brush>
							<Tag>convertedFont</Tag>
						</Glyphs>
						<Glyphs OutlineWidth="0.5" CharSpace="0" RenderTransform="0.5968368 0 -0 0.5968368 79.240456 508.9536">
							<Font SizePoints="14" Style="Regular" FamilyName="CSMVMI+BlissPro" Capitals="Normal" ResourceId="2" />
							<Origin X="0" Y="0" />
							<Text>с</Text>
							<Size Width="6.076" Height="8.162108" />
							<Brush>
								<SolidBrush Color="#FF000000" />
							</Brush>
							<Tag>convertedFont</Tag>
						</Glyphs>
						<Glyphs OutlineWidth="0.5" CharSpace="0" RenderTransform="0.5968368 0 -0 0.5968368 82.88675 508.9536">
							<Font SizePoints="14" Style="Regular" FamilyName="CSMVMI+BlissPro" Capitals="Normal" ResourceId="2" />
							<Origin X="0" Y="0" />
							<Text>т</Text>
							<Size Width="6.174" Height="8.162108" />
							<Brush>
								<SolidBrush Color="#FF000000" />
							</Brush>
							<Tag>convertedFont</Tag>
						</Glyphs>
						<Glyphs OutlineWidth="0.5" CharSpace="0" RenderTransform="0.5968368 0 -0 0.5968368 86.59833 508.9536">
							<Font SizePoints="14" Style="Regular" FamilyName="CSMVMI+BlissPro" Capitals="Normal" ResourceId="2" />
							<Origin X="0" Y="0" />
							<Text>ь</Text>
							<Size Width="6.454" Height="8.162108" />
							<Brush>
								<SolidBrush Color="#FF000000" />
							</Brush>
							<Tag>convertedFont</Tag>
						</Glyphs>
						<Glyphs OutlineWidth="0.5" CharSpace="0" RenderTransform="0.5968368 0 -0 0.5968368 90.47777 508.9536">
							<Font SizePoints="14" Style="Regular" FamilyName="CSMVMI+BlissPro" Capitals="Normal" ResourceId="2" />
							<Origin X="0" Y="0" />
							<Text> </Text>
							<Size Width="3.094" Height="8.162108" />
							<Brush>
								<SolidBrush Color="#FF000000" />
							</Brush>
							<Tag>convertedFont</Tag>
						</Glyphs>
						<Glyphs OutlineWidth="0.5" CharSpace="0" RenderTransform="0.5968368 0 -0 0.5968368 92.33356 508.9536">
							<Font SizePoints="14" Style="Regular" FamilyName="CSMVMI+BlissPro" Capitals="Normal" ResourceId="2" />
							<Origin X="0" Y="0" />
							<Text>в</Text>
							<Size Width="6.538" Height="8.162108" />
							<Brush>
								<SolidBrush Color="#FF000000" />
							</Brush>
							<Tag>convertedFont</Tag>
						</Glyphs>
						<Glyphs OutlineWidth="0.5" CharSpace="0" RenderTransform="0.5968368 0 -0 0.5968368 96.26895 508.9536">
							<Font SizePoints="14" Style="Regular" FamilyName="CSMVMI+BlissPro" Capitals="Normal" ResourceId="2" />
							<Origin X="0" Y="0" />
							<Text>о</Text>
							<Size Width="7.364" Height="8.162108" />
							<Brush>
								<SolidBrush Color="#FF000000" />
							</Brush>
							<Tag>convertedFont</Tag>
						</Glyphs>
						<Glyphs OutlineWidth="0.5" CharSpace="0" RenderTransform="0.5968368 0 -0 0.5968368 100.68928 508.9536">
							<Font SizePoints="14" Style="Regular" FamilyName="CSMVMI+BlissPro" Capitals="Normal" ResourceId="2" />
							<Origin X="0" Y="0" />
							<Text>з</Text>
							<Size Width="5.894" Height="8.162108" />
							<Brush>
								<SolidBrush Color="#FF000000" />
							</Brush>
							<Tag>convertedFont</Tag>
						</Glyphs>
						<Glyphs OutlineWidth="0.5" CharSpace="0" RenderTransform="0.5968368 0 -0 0.5968368 104.232994 508.9536">
							<Font SizePoints="14" Style="Regular" FamilyName="CSMVMI+BlissPro" Capitals="Normal" ResourceId="2" />
							<Origin X="0" Y="0" />
							<Text>д</Text>
							<Size Width="7.602" Height="8.162108" />
							<Brush>
								<SolidBrush Color="#FF000000" />
							</Brush>
							<Tag>convertedFont</Tag>
						</Glyphs>
						<Glyphs OutlineWidth="0.5" CharSpace="0" RenderTransform="0.5968368 0 -0 0.5968368 108.80253 508.9536">
							<Font SizePoints="14" Style="Regular" FamilyName="CSMVMI+BlissPro" Capitals="Normal" ResourceId="2" />
							<Origin X="0" Y="0" />
							<Text>у</Text>
							<Size Width="6.776" Height="8.162108" />
							<Brush>
								<SolidBrush Color="#FF000000" />
							</Brush>
							<Tag>convertedFont</Tag>
						</Glyphs>
						<Glyphs OutlineWidth="0.5" CharSpace="0" RenderTransform="0.5968368 0 -0 0.5968368 112.8778 508.9536">
							<Font SizePoints="14" Style="Regular" FamilyName="CSMVMI+BlissPro" Capitals="Normal" ResourceId="2" />
							<Origin X="0" Y="0" />
							<Text>х</Text>
							<Size Width="6.454" Height="8.162108" />
							<Brush>
								<SolidBrush Color="#FF000000" />
							</Brush>
							<Tag>convertedFont</Tag>
						</Glyphs>
						<Glyphs OutlineWidth="0.5" CharSpace="0" RenderTransform="0.5968368 0 -0 0.5968368 116.75724 508.9536">
							<Font SizePoints="14" Style="Regular" FamilyName="CSMVMI+BlissPro" Capitals="Normal" ResourceId="2" />
							<Origin X="0" Y="0" />
							<Text>а</Text>
							<Size Width="6.608" Height="8.162108" />
							<Brush>
								<SolidBrush Color="#FF000000" />
							</Brush>
							<Tag>convertedFont</Tag>
						</Glyphs>
						<Glyphs OutlineWidth="0.5" CharSpace="0" RenderTransform="0.5968368 0 -0 0.5968368 120.729935 508.9536">
							<Font SizePoints="14" Style="Regular" FamilyName="CSMVMI+BlissPro" Capitals="Normal" ResourceId="2" />
							<Origin X="0" Y="0" />
							<Text> </Text>
							<Size Width="3.094" Height="8.162108" />
							<Brush>
								<SolidBrush Color="#FF000000" />
							</Brush>
							<Tag>convertedFont</Tag>
						</Glyphs>
						<Glyphs OutlineWidth="0.5" CharSpace="0" RenderTransform="0.5968368 0 -0 0.5968368 122.585724 508.9536">
							<Font SizePoints="14" Style="Regular" FamilyName="CSMVMI+BlissPro" Capitals="Normal" ResourceId="2" />
							<Origin X="0" Y="0" />
							<Text>(</Text>
							<Size Width="4.508" Height="8.162108" />
							<Brush>
								<SolidBrush Color="#FF000000" />
							</Brush>
							<Tag>convertedFont</Tag>
						</Glyphs>
						<Glyphs OutlineWidth="0.5" CharSpace="0" RenderTransform="0.5968368 0 -0 0.5968368 125.290146 508.9536">
							<Font SizePoints="14" Style="Regular" FamilyName="CSMVMI+BlissPro" Capitals="Normal" ResourceId="2" />
							<Origin X="0" Y="0" />
							<Text>м</Text>
							<Size Width="8.372" Height="8.162108" />
							<Brush>
								<SolidBrush Color="#FF000000" />
							</Brush>
							<Tag>convertedFont</Tag>
						</Glyphs>
						<Glyphs OutlineWidth="0.5" CharSpace="0" RenderTransform="0.5968368 0 -0 0.5968368 130.32596 508.9536">
							<Font SizePoints="14" Style="Regular" FamilyName="CSMVMI+BlissPro" Capitals="Normal" ResourceId="2" />
							<Origin X="0" Y="0" />
							<Text>/</Text>
							<Size Width="5.096" Height="8.162108" />
							<Brush>
								<SolidBrush Color="#FF000000" />
							</Brush>
							<Tag>convertedFont</Tag>
						</Glyphs>
						<Glyphs OutlineWidth="0.5" CharSpace="0" RenderTransform="0.5968368 0 -0 0.5968368 133.38474 508.9536">
							<Font SizePoints="14" Style="Regular" FamilyName="CSMVMI+BlissPro" Capitals="Normal" ResourceId="2" />
							<Origin X="0" Y="0" />
							<Text>с</Text>
							<Size Width="6.076" Height="8.162108" />
							<Brush>
								<SolidBrush Color="#FF000000" />
							</Brush>
							<Tag>convertedFont</Tag>
						</Glyphs>
						<Glyphs OutlineWidth="0.5" CharSpace="0" RenderTransform="0.5968368 0 -0 0.5968368 137.03104 508.9536">
							<Font SizePoints="14" Style="Regular" FamilyName="CSMVMI+BlissPro" Capitals="Normal" ResourceId="2" />
							<Origin X="0" Y="0" />
							<Text>)</Text>
							<Size Width="4.508" Height="8.162108" />
							<Brush>
								<SolidBrush Color="#FF000000" />
							</Brush>
							<Tag>convertedFont</Tag>
						</Glyphs>
						<Glyphs OutlineWidth="0.5" CharSpace="0" RenderTransform="0.5968368 0 -0 0.5968368 147.27052 508.9536">
							<Font SizePoints="14" Style="Regular" FamilyName="CSMVMI+BlissPro" Capitals="Normal" ResourceId="2" />
							<Origin X="0" Y="0" />
							<Text>2</Text>
							<Size Width="7.154" Height="8.162108" />
							<Brush>
								<SolidBrush Color="#FF000000" />
							</Brush>
							<Tag>convertedFont</Tag>
						</Glyphs>
						<Glyphs OutlineWidth="0.5" CharSpace="0" RenderTransform="0.5968368 0 -0 0.5968368 151.56961 508.9536">
							<Font SizePoints="14" Style="Regular" FamilyName="CSMVMI+BlissPro" Capitals="Normal" ResourceId="2" />
							<Origin X="0" Y="0" />
							<Text> </Text>
							<Size Width="3.094" Height="8.162108" />
							<Brush>
								<SolidBrush Color="#FF000000" />
							</Brush>
							<Tag>convertedFont</Tag>
						</Glyphs>
						<Glyphs OutlineWidth="0.5" CharSpace="0" RenderTransform="0.5968368 0 -0 0.5968368 153.42542 508.9536">
							<Font SizePoints="14" Style="Regular" FamilyName="CSMVMI+BlissPro" Capitals="Normal" ResourceId="2" />
							<Origin X="0" Y="0" />
							<Text>/</Text>
							<Size Width="5.096" Height="8.162108" />
							<Brush>
								<SolidBrush Color="#FF000000" />
							</Brush>
							<Tag>convertedFont</Tag>
						</Glyphs>
						<Glyphs OutlineWidth="0.5" CharSpace="0" RenderTransform="0.5968368 0 -0 0.5968368 156.48419 508.9536">
							<Font SizePoints="14" Style="Regular" FamilyName="CSMVMI+BlissPro" Capitals="Normal" ResourceId="2" />
							<Origin X="0" Y="0" />
							<Text> </Text>
							<Size Width="3.094" Height="8.162108" />
							<Brush>
								<SolidBrush Color="#FF000000" />
							</Brush>
							<Tag>convertedFont</Tag>
						</Glyphs>
						<Glyphs OutlineWidth="0.5" CharSpace="0" RenderTransform="0.5968368 0 -0 0.5968368 158.33998 508.9536">
							<Font SizePoints="14" Style="Regular" FamilyName="CSMVMI+BlissPro" Capitals="Normal" ResourceId="2" />
							<Origin X="0" Y="0" />
							<Text>2</Text>
							<Size Width="7.154" Height="8.162108" />
							<Brush>
								<SolidBrush Color="#FF000000" />
							</Brush>
							<Tag>convertedFont</Tag>
						</Glyphs>
						<Glyphs OutlineWidth="0.5" CharSpace="0" RenderTransform="0.5968368 0 -0 0.5968368 57.148167 522.08405">
							<Font SizePoints="14" Style="Regular" FamilyName="CSMVMI+BlissPro" Capitals="Normal" ResourceId="2" />
							<Origin X="0" Y="0" />
							<Text>Р</Text>
							<Size Width="7.112" Height="8.162108" />
							<Brush>
								<SolidBrush Color="#FF000000" />
							</Brush>
							<Tag>convertedFont</Tag>
						</Glyphs>
						<Glyphs OutlineWidth="0.5" CharSpace="0" RenderTransform="0.5968368 0 -0 0.5968368 61.41928 522.08405">
							<Font SizePoints="14" Style="Regular" FamilyName="CSMVMI+BlissPro" Capitals="Normal" ResourceId="2" />
							<Origin X="0" Y="0" />
							<Text>а</Text>
							<Size Width="6.608" Height="8.162108" />
							<Brush>
								<SolidBrush Color="#FF000000" />
							</Brush>
							<Tag>convertedFont</Tag>
						</Glyphs>
						<Glyphs OutlineWidth="0.5" CharSpace="0" RenderTransform="0.5968368 0 -0 0.5968368 65.391975 522.08405">
							<Font SizePoints="14" Style="Regular" FamilyName="CSMVMI+BlissPro" Capitals="Normal" ResourceId="2" />
							<Origin X="0" Y="0" />
							<Text>з</Text>
							<Size Width="5.894" Height="8.162108" />
							<Brush>
								<SolidBrush Color="#FF000000" />
							</Brush>
							<Tag>convertedFont</Tag>
						</Glyphs>
						<Glyphs OutlineWidth="0.5" CharSpace="0" RenderTransform="0.5968368 0 -0 0.5968368 68.93569 522.08405">
							<Font SizePoints="14" Style="Regular" FamilyName="CSMVMI+BlissPro" Capitals="Normal" ResourceId="2" />
							<Origin X="0" Y="0" />
							<Text>м</Text>
							<Size Width="8.372" Height="8.162108" />
							<Brush>
								<SolidBrush Color="#FF000000" />
							</Brush>
							<Tag>convertedFont</Tag>
						</Glyphs>
						<Glyphs OutlineWidth="0.5" CharSpace="0" RenderTransform="0.5968368 0 -0 0.5968368 73.971504 522.08405">
							<Font SizePoints="14" Style="Regular" FamilyName="CSMVMI+BlissPro" Capitals="Normal" ResourceId="2" />
							<Origin X="0" Y="0" />
							<Text>е</Text>
							<Size Width="6.636" Height="8.162108" />
							<Brush>
								<SolidBrush Color="#FF000000" />
							</Brush>
							<Tag>convertedFont</Tag>
						</Glyphs>
						<Glyphs OutlineWidth="0.5" CharSpace="0" RenderTransform="0.5968368 0 -0 0.5968368 77.962845 522.08405">
							<Font SizePoints="14" Style="Regular" FamilyName="CSMVMI+BlissPro" Capitals="Normal" ResourceId="2" />
							<Origin X="0" Y="0" />
							<Text>р</Text>
							<Size Width="7.14" Height="8.162108" />
							<Brush>
								<SolidBrush Color="#FF000000" />
							</Brush>
							<Tag>convertedFont</Tag>
						</Glyphs>
						<Glyphs OutlineWidth="0.5" CharSpace="0" RenderTransform="0.5968368 0 -0 0.5968368 82.25261 522.08405">
							<Font SizePoints="14" Style="Regular" FamilyName="CSMVMI+BlissPro" Capitals="Normal" ResourceId="2" />
							<Origin X="0" Y="0" />
							<Text>ы</Text>
							<Size Width="8.722" Height="8.162108" />
							<Brush>
								<SolidBrush Color="#FF000000" />
							</Brush>
							<Tag>convertedFont</Tag>
						</Glyphs>
						<Glyphs OutlineWidth="0.5" CharSpace="0" RenderTransform="0.5968368 0 -0 0.5968368 87.49359 522.08405">
							<Font SizePoints="14" Style="Regular" FamilyName="CSMVMI+BlissPro" Capitals="Normal" ResourceId="2" />
							<Origin X="0" Y="0" />
							<Text> </Text>
							<Size Width="3.094" Height="8.162108" />
							<Brush>
								<SolidBrush Color="#FF000000" />
							</Brush>
							<Tag>convertedFont</Tag>
						</Glyphs>
						<Glyphs OutlineWidth="0.5" CharSpace="0" RenderTransform="0.5968368 0 -0 0.5968368 89.34938 522.08405">
							<Font SizePoints="14" Style="Regular" FamilyName="CSMVMI+BlissPro" Capitals="Normal" ResourceId="2" />
							<Origin X="0" Y="0" />
							<Text>Д</Text>
							<Size Width="9.142" Height="8.162108" />
							<Brush>
								<SolidBrush Color="#FF000000" />
							</Brush>
							<Tag>convertedFont</Tag>
						</Glyphs>
						<Glyphs OutlineWidth="0.5" CharSpace="0" RenderTransform="0.5968368 0 -0 0.5968368 94.84214 522.08405">
							<Font SizePoints="14" Style="Regular" FamilyName="CSMVMI+BlissPro" Capitals="Normal" ResourceId="2" />
							<Origin X="0" Y="0" />
							<Text>/</Text>
							<Size Width="5.096" Height="8.162108" />
							<Brush>
								<SolidBrush Color="#FF000000" />
							</Brush>
							<Tag>convertedFont</Tag>
						</Glyphs>
						<Glyphs OutlineWidth="0.5" CharSpace="0" RenderTransform="0.5968368 0 -0 0.5968368 97.90093 522.08405">
							<Font SizePoints="14" Style="Regular" FamilyName="CSMVMI+BlissPro" Capitals="Normal" ResourceId="2" />
							<Origin X="0" Y="0" />
							<Text>Ш</Text>
							<Size Width="12.516" Height="8.162108" />
							<Brush>
								<SolidBrush Color="#FF000000" />
							</Brush>
							<Tag>convertedFont</Tag>
						</Glyphs>
						<Glyphs OutlineWidth="0.5" CharSpace="0" RenderTransform="0.5968368 0 -0 0.5968368 105.42667 522.08405">
							<Font SizePoints="14" Style="Regular" FamilyName="CSMVMI+BlissPro" Capitals="Normal" ResourceId="2" />
							<Origin X="0" Y="0" />
							<Text>/</Text>
							<Size Width="5.096" Height="8.162108" />
							<Brush>
								<SolidBrush Color="#FF000000" />
							</Brush>
							<Tag>convertedFont</Tag>
						</Glyphs>
						<Glyphs OutlineWidth="0.5" CharSpace="0" RenderTransform="0.5968368 0 -0 0.5968368 108.48546 522.08405">
							<Font SizePoints="14" Style="Regular" FamilyName="CSMVMI+BlissPro" Capitals="Normal" ResourceId="2" />
							<Origin X="0" Y="0" />
							<Text>В</Text>
							<Size Width="7.63" Height="8.162108" />
							<Brush>
								<SolidBrush Color="#FF000000" />
							</Brush>
							<Tag>convertedFont</Tag>
						</Glyphs>
						<Glyphs OutlineWidth="0.5" CharSpace="0" RenderTransform="0.5968368 0 -0 0.5968368 113.07364 522.08405">
							<Font SizePoints="14" Style="Regular" FamilyName="CSMVMI+BlissPro" Capitals="Normal" ResourceId="2" />
							<Origin X="0" Y="0" />
							<Text> </Text>
							<Size Width="3.094" Height="8.162108" />
							<Brush>
								<SolidBrush Color="#FF000000" />
							</Brush>
							<Tag>convertedFont</Tag>
						</Glyphs>
						<Glyphs OutlineWidth="0.5" CharSpace="0" RenderTransform="0.5968368 0 -0 0.5968368 114.92943 522.08405">
							<Font SizePoints="14" Style="Regular" FamilyName="CSMVMI+BlissPro" Capitals="Normal" ResourceId="2" />
							<Origin X="0" Y="0" />
							<Text>(</Text>
							<Size Width="4.508" Height="8.162108" />
							<Brush>
								<SolidBrush Color="#FF000000" />
							</Brush>
							<Tag>convertedFont</Tag>
						</Glyphs>
						<Glyphs OutlineWidth="0.5" CharSpace="0" RenderTransform="0.5968368 0 -0 0.5968368 117.63385 522.08405">
							<Font SizePoints="14" Style="Regular" FamilyName="CSMVMI+BlissPro" Capitals="Normal" ResourceId="2" />
							<Origin X="0" Y="0" />
							<Text>м</Text>
							<Size Width="8.372" Height="8.162108" />
							<Brush>
								<SolidBrush Color="#FF000000" />
							</Brush>
							<Tag>convertedFont</Tag>
						</Glyphs>
						<Glyphs OutlineWidth="0.5" CharSpace="0" RenderTransform="0.5968368 0 -0 0.5968368 122.669655 522.08405">
							<Font SizePoints="14" Style="Regular" FamilyName="CSMVMI+BlissPro" Capitals="Normal" ResourceId="2" />
							<Origin X="0" Y="0" />
							<Text>м</Text>
							<Size Width="8.372" Height="8.162108" />
							<Brush>
								<SolidBrush Color="#FF000000" />
							</Brush>
							<Tag>convertedFont</Tag>
						</Glyphs>
						<Glyphs OutlineWidth="0.5" CharSpace="0" RenderTransform="0.5968368 0 -0 0.5968368 127.70547 522.08405">
							<Font SizePoints="14" Style="Regular" FamilyName="CSMVMI+BlissPro" Capitals="Normal" ResourceId="2" />
							<Origin X="0" Y="0" />
							<Text>)</Text>
							<Size Width="4.508" Height="8.162108" />
							<Brush>
								<SolidBrush Color="#FF000000" />
							</Brush>
							<Tag>convertedFont</Tag>
						</Glyphs>
						<Glyphs OutlineWidth="0.5" CharSpace="0" RenderTransform="0.5968368 0 -0 0.5968368 147.27052 522.08405">
							<Font SizePoints="14" Style="Regular" FamilyName="CSMVMI+BlissPro" Capitals="Normal" ResourceId="2" />
							<Origin X="0" Y="0" />
							<Text>3</Text>
							<Size Width="7.448" Height="8.162108" />
							<Brush>
								<SolidBrush Color="#FF000000" />
							</Brush>
							<Tag>convertedFont</Tag>
						</Glyphs>
						<Glyphs OutlineWidth="0.5" CharSpace="0" RenderTransform="0.5968368 0 -0 0.5968368 151.7468 522.08405">
							<Font SizePoints="14" Style="Regular" FamilyName="CSMVMI+BlissPro" Capitals="Normal" ResourceId="2" />
							<Origin X="0" Y="0" />
							<Text>4</Text>
							<Size Width="7.784" Height="8.162108" />
							<Brush>
								<SolidBrush Color="#FF000000" />
							</Brush>
							<Tag>convertedFont</Tag>
						</Glyphs>
						<Glyphs OutlineWidth="0.5" CharSpace="0" RenderTransform="0.5968368 0 -0 0.5968368 156.41891 522.08405">
							<Font SizePoints="14" Style="Regular" FamilyName="CSMVMI+BlissPro" Capitals="Normal" ResourceId="2" />
							<Origin X="0" Y="0" />
							<Text>4</Text>
							<Size Width="7.784" Height="8.162108" />
							<Brush>
								<SolidBrush Color="#FF000000" />
							</Brush>
							<Tag>convertedFont</Tag>
						</Glyphs>
						<Glyphs OutlineWidth="0.5" CharSpace="0" RenderTransform="0.5968368 0 -0 0.5968368 161.09103 522.08405">
							<Font SizePoints="14" Style="Regular" FamilyName="CSMVMI+BlissPro" Capitals="Normal" ResourceId="2" />
							<Origin X="0" Y="0" />
							<Text>6</Text>
							<Size Width="7.56" Height="8.162108" />
							<Brush>
								<SolidBrush Color="#FF000000" />
							</Brush>
							<Tag>convertedFont</Tag>
						</Glyphs>
						<Glyphs OutlineWidth="0.5" CharSpace="0" RenderTransform="0.5968368 0 -0 0.5968368 165.63258 522.08405">
							<Font SizePoints="14" Style="Regular" FamilyName="CSMVMI+BlissPro" Capitals="Normal" ResourceId="2" />
							<Origin X="0" Y="0" />
							<Text>/</Text>
							<Size Width="5.096" Height="8.162108" />
							<Brush>
								<SolidBrush Color="#FF000000" />
							</Brush>
							<Tag>convertedFont</Tag>
						</Glyphs>
						<Glyphs OutlineWidth="0.5" CharSpace="0" RenderTransform="0.5968368 0 -0 0.5968368 168.69138 522.08405">
							<Font SizePoints="14" Style="Regular" FamilyName="CSMVMI+BlissPro" Capitals="Normal" ResourceId="2" />
							<Origin X="0" Y="0" />
							<Text>1</Text>
							<Size Width="5.852" Height="8.162108" />
							<Brush>
								<SolidBrush Color="#FF000000" />
							</Brush>
							<Tag>convertedFont</Tag>
						</Glyphs>
						<Glyphs OutlineWidth="0.5" CharSpace="0" RenderTransform="0.5968368 0 -0 0.5968368 172.2071 522.08405">
							<Font SizePoints="14" Style="Regular" FamilyName="CSMVMI+BlissPro" Capitals="Normal" ResourceId="2" />
							<Origin X="0" Y="0" />
							<Text>1</Text>
							<Size Width="5.852" Height="8.162108" />
							<Brush>
								<SolidBrush Color="#FF000000" />
							</Brush>
							<Tag>convertedFont</Tag>
						</Glyphs>
						<Glyphs OutlineWidth="0.5" CharSpace="0" RenderTransform="0.5968368 0 -0 0.5968368 175.72285 522.08405">
							<Font SizePoints="14" Style="Regular" FamilyName="CSMVMI+BlissPro" Capitals="Normal" ResourceId="2" />
							<Origin X="0" Y="0" />
							<Text>5</Text>
							<Size Width="7.126" Height="8.162108" />
							<Brush>
								<SolidBrush Color="#FF000000" />
							</Brush>
							<Tag>convertedFont</Tag>
						</Glyphs>
						<Glyphs OutlineWidth="0.5" CharSpace="0" RenderTransform="0.5968368 0 -0 0.5968368 180.0033 522.08405">
							<Font SizePoints="14" Style="Regular" FamilyName="CSMVMI+BlissPro" Capitals="Normal" ResourceId="2" />
							<Origin X="0" Y="0" />
							<Text>0</Text>
							<Size Width="7.756" Height="8.162108" />
							<Brush>
								<SolidBrush Color="#FF000000" />
							</Brush>
							<Tag>convertedFont</Tag>
						</Glyphs>
						<Glyphs OutlineWidth="0.5" CharSpace="0" RenderTransform="0.5968368 0 -0 0.5968368 184.65675 522.08405">
							<Font SizePoints="14" Style="Regular" FamilyName="CSMVMI+BlissPro" Capitals="Normal" ResourceId="2" />
							<Origin X="0" Y="0" />
							<Text>/</Text>
							<Size Width="5.096" Height="8.162108" />
							<Brush>
								<SolidBrush Color="#FF000000" />
							</Brush>
							<Tag>convertedFont</Tag>
						</Glyphs>
						<Glyphs OutlineWidth="0.5" CharSpace="0" RenderTransform="0.5968368 0 -0 0.5968368 187.71555 522.08405">
							<Font SizePoints="14" Style="Regular" FamilyName="CSMVMI+BlissPro" Capitals="Normal" ResourceId="2" />
							<Origin X="0" Y="0" />
							<Text>2</Text>
							<Size Width="7.154" Height="8.162108" />
							<Brush>
								<SolidBrush Color="#FF000000" />
							</Brush>
							<Tag>convertedFont</Tag>
						</Glyphs>
						<Glyphs OutlineWidth="0.5" CharSpace="0" RenderTransform="0.5968368 0 -0 0.5968368 192.01463 522.08405">
							<Font SizePoints="14" Style="Regular" FamilyName="CSMVMI+BlissPro" Capitals="Normal" ResourceId="2" />
							<Origin X="0" Y="0" />
							<Text>9</Text>
							<Size Width="7.476" Height="8.162108" />
							<Brush>
								<SolidBrush Color="#FF000000" />
							</Brush>
							<Tag>convertedFont</Tag>
						</Glyphs>
						<Glyphs OutlineWidth="0.5" CharSpace="0" RenderTransform="0.5968368 0 -0 0.5968368 196.50957 522.08405">
							<Font SizePoints="14" Style="Regular" FamilyName="CSMVMI+BlissPro" Capitals="Normal" ResourceId="2" />
							<Origin X="0" Y="0" />
							<Text>0</Text>
							<Size Width="7.756" Height="8.162108" />
							<Brush>
								<SolidBrush Color="#FF000000" />
							</Brush>
							<Tag>convertedFont</Tag>
						</Glyphs>
						<Path FillMode="Winding" RenderTransform="1 0 0 -1 0 842">
							<Brush>
								<SolidBrush Color="#FF005F7F" />
							</Brush>
							<PathFigure IsClosed="True">
								<PolyLine LineColor="#FF000000">
									<Point X="307.22278" Y="462.55997" />
									<Point X="543.5702" Y="462.55997" />
								</PolyLine>
								<PolyLine LineColor="#FF000000">
									<Point X="543.5702" Y="462.55997" />
									<Point X="543.5702" Y="461.36627" />
								</PolyLine>
								<PolyLine LineColor="#FF000000">
									<Point X="543.5702" Y="461.36627" />
									<Point X="307.22278" Y="461.36627" />
								</PolyLine>
							</PathFigure>
						</Path>
					</Canvas>
					<Canvas>
						<Clip>
							<Path FillMode="Alternate">
								<PathFigure IsClosed="True">
									<PolyLine LineColor="#FF000000">
										<Point X="28.5" Y="28.5" />
										<Point X="566.25" Y="28.5" />
									</PolyLine>
									<PolyLine LineColor="#FF000000">
										<Point X="566.25" Y="28.5" />
										<Point X="566.25" Y="813.3404" />
									</PolyLine>
									<PolyLine LineColor="#FF000000">
										<Point X="566.25" Y="813.3404" />
										<Point X="28.5" Y="813.3404" />
									</PolyLine>
									<PolyLine LineColor="#FF000000">
										<Point X="28.5" Y="813.3404" />
										<Point X="28.5" Y="28.5" />
									</PolyLine>
								</PathFigure>
							</Path>
						</Clip>
						<Canvas>
							<Clip>
								<Path FillMode="Winding">
									<PathFigure IsClosed="False">
										<PolyLine LineColor="#FF000000">
											<Point X="308.41647" Y="393.76416" />
											<Point X="308.41647" Y="393.1673" />
										</PolyLine>
										<PolyLine LineColor="#FF000000">
											<Point X="308.41647" Y="393.1673" />
											<Point X="452.851" Y="393.1673" />
										</PolyLine>
										<PolyLine LineColor="#FF000000">
											<Point X="452.851" Y="393.1673" />
											<Point X="453.4478" Y="393.76416" />
										</PolyLine>
									</PathFigure>
								</Path>
							</Clip>
							<Path FillMode="Winding" RenderTransform="1 0 0 -1 0 842">
								<Brush>
									<SolidBrush Color="#FF706E74" />
								</Brush>
								<PathFigure IsClosed="True">
									<PolyLine LineColor="#FF000000">
										<Point X="308.41647" Y="448.8327" />
										<Point X="309.0133" Y="448.8327" />
									</PolyLine>
									<PolyLine LineColor="#FF000000">
										<Point X="309.0133" Y="448.8327" />
										<Point X="309.0133" Y="448.23587" />
									</PolyLine>
									<PolyLine LineColor="#FF000000">
										<Point X="309.0133" Y="448.23587" />
										<Point X="308.41647" Y="448.23587" />
									</PolyLine>
								</PathFigure>
							</Path>
							<Path FillMode="Winding" RenderTransform="1 0 0 -1 0 842">
								<Brush>
									<SolidBrush Color="#FF706E74" />
								</Brush>
								<PathFigure IsClosed="True">
									<PolyLine LineColor="#FF000000">
										<Point X="452.85098" Y="448.8327" />
										<Point X="453.4478" Y="448.8327" />
									</PolyLine>
									<PolyLine LineColor="#FF000000">
										<Point X="453.4478" Y="448.8327" />
										<Point X="453.4478" Y="448.23587" />
									</PolyLine>
									<PolyLine LineColor="#FF000000">
										<Point X="453.4478" Y="448.23587" />
										<Point X="452.85098" Y="448.23587" />
									</PolyLine>
								</PathFigure>
							</Path>
							<Path FillMode="Alternate" RenderTransform="1 0 0 -1 0 842">
								<Pen Alignment="Center" DashCap="Flat" DashOffset="0" DashPattern="0.5968368 0.5968368" DashStyle="Custom" EndCap="Flat" LineJoin="Miter" MiterLimit="10" StartCap="Flat" Width="0.5968368">
									<Brush>
										<SolidBrush Color="#FF706E74" />
									</Brush>
								</Pen>
								<PathFigure IsClosed="False">
									<PolyLine LineColor="#FF000000">
										<Point X="309.0133" Y="448.5343" />
										<Point X="452.85098" Y="448.5343" />
									</PolyLine>
								</PathFigure>
							</Path>
						</Canvas>
					</Canvas>
					<Canvas>
						<Clip>
							<Path FillMode="Alternate">
								<PathFigure IsClosed="True">
									<PolyLine LineColor="#FF000000">
										<Point X="28.5" Y="28.5" />
										<Point X="566.25" Y="28.5" />
									</PolyLine>
									<PolyLine LineColor="#FF000000">
										<Point X="566.25" Y="28.5" />
										<Point X="566.25" Y="813.3404" />
									</PolyLine>
									<PolyLine LineColor="#FF000000">
										<Point X="566.25" Y="813.3404" />
										<Point X="28.5" Y="813.3404" />
									</PolyLine>
									<PolyLine LineColor="#FF000000">
										<Point X="28.5" Y="813.3404" />
										<Point X="28.5" Y="28.5" />
									</PolyLine>
								</PathFigure>
							</Path>
						</Clip>
						<Path FillMode="Winding" RenderTransform="1 0 0 -1 0 842">
							<Brush>
								<SolidBrush Color="#FF939598" />
							</Brush>
							<PathFigure IsClosed="True">
								<PolyLine LineColor="#FF000000">
									<Point X="452.851" Y="460.1726" />
									<Point X="452.851" Y="448.8327" />
								</PolyLine>
								<PolyLine LineColor="#FF000000">
									<Point X="452.851" Y="448.8327" />
									<Point X="453.4478" Y="448.23584" />
								</PolyLine>
								<PolyLine LineColor="#FF000000">
									<Point X="453.4478" Y="448.23584" />
									<Point X="453.4478" Y="460.1726" />
								</PolyLine>
								<PolyLine LineColor="#FF000000">
									<Point X="453.4478" Y="460.1726" />
									<Point X="452.851" Y="460.1726" />
								</PolyLine>
							</PathFigure>
						</Path>
					</Canvas>
					<Canvas>
						<Clip>
							<Path FillMode="Alternate">
								<PathFigure IsClosed="True">
									<PolyLine LineColor="#FF000000">
										<Point X="28.5" Y="28.5" />
										<Point X="566.25" Y="28.5" />
									</PolyLine>
									<PolyLine LineColor="#FF000000">
										<Point X="566.25" Y="28.5" />
										<Point X="566.25" Y="813.3404" />
									</PolyLine>
									<PolyLine LineColor="#FF000000">
										<Point X="566.25" Y="813.3404" />
										<Point X="28.5" Y="813.3404" />
									</PolyLine>
									<PolyLine LineColor="#FF000000">
										<Point X="28.5" Y="813.3404" />
										<Point X="28.5" Y="28.5" />
									</PolyLine>
								</PathFigure>
							</Path>
						</Clip>
						<Canvas>
							<Clip>
								<Path FillMode="Winding">
									<PathFigure IsClosed="False">
										<PolyLine LineColor="#FF000000">
											<Point X="454.64148" Y="393.76416" />
											<Point X="454.64148" Y="393.1673" />
										</PolyLine>
										<PolyLine LineColor="#FF000000">
											<Point X="454.64148" Y="393.1673" />
											<Point X="542.3765" Y="393.1673" />
										</PolyLine>
										<PolyLine LineColor="#FF000000">
											<Point X="542.3765" Y="393.1673" />
											<Point X="542.3765" Y="393.76416" />
										</PolyLine>
									</PathFigure>
								</Path>
							</Clip>
							<Path FillMode="Winding" RenderTransform="1 0 0 -1 0 842">
								<Brush>
									<SolidBrush Color="#FF706E74" />
								</Brush>
								<PathFigure IsClosed="True">
									<PolyLine LineColor="#FF000000">
										<Point X="454.64148" Y="448.8327" />
										<Point X="455.2383" Y="448.8327" />
									</PolyLine>
									<PolyLine LineColor="#FF000000">
										<Point X="455.2383" Y="448.8327" />
										<Point X="455.2383" Y="448.23587" />
									</PolyLine>
									<PolyLine LineColor="#FF000000">
										<Point X="455.2383" Y="448.23587" />
										<Point X="454.64148" Y="448.23587" />
									</PolyLine>
								</PathFigure>
							</Path>
							<Path FillMode="Winding" RenderTransform="1 0 0 -1 0 842">
								<Brush>
									<SolidBrush Color="#FF706E74" />
								</Brush>
								<PathFigure IsClosed="True">
									<PolyLine LineColor="#FF000000">
										<Point X="541.77966" Y="448.8327" />
										<Point X="542.37646" Y="448.8327" />
									</PolyLine>
									<PolyLine LineColor="#FF000000">
										<Point X="542.37646" Y="448.8327" />
										<Point X="542.37646" Y="448.23587" />
									</PolyLine>
									<PolyLine LineColor="#FF000000">
										<Point X="542.37646" Y="448.23587" />
										<Point X="541.77966" Y="448.23587" />
									</PolyLine>
								</PathFigure>
							</Path>
							<Path FillMode="Alternate" RenderTransform="1 0 0 -1 0 842">
								<Pen Alignment="Center" DashCap="Flat" DashOffset="0" DashPattern="0.5968368 0.5968368" DashStyle="Custom" EndCap="Flat" LineJoin="Miter" MiterLimit="10" StartCap="Flat" Width="0.5968368">
									<Brush>
										<SolidBrush Color="#FF706E74" />
									</Brush>
								</Pen>
								<PathFigure IsClosed="False">
									<PolyLine LineColor="#FF000000">
										<Point X="455.2383" Y="448.5343" />
										<Point X="541.77966" Y="448.5343" />
									</PolyLine>
								</PathFigure>
							</Path>
						</Canvas>
					</Canvas>
					<Canvas>
						<Clip>
							<Path FillMode="Alternate">
								<PathFigure IsClosed="True">
									<PolyLine LineColor="#FF000000">
										<Point X="28.5" Y="28.5" />
										<Point X="566.25" Y="28.5" />
									</PolyLine>
									<PolyLine LineColor="#FF000000">
										<Point X="566.25" Y="28.5" />
										<Point X="566.25" Y="813.3404" />
									</PolyLine>
									<PolyLine LineColor="#FF000000">
										<Point X="566.25" Y="813.3404" />
										<Point X="28.5" Y="813.3404" />
									</PolyLine>
									<PolyLine LineColor="#FF000000">
										<Point X="28.5" Y="813.3404" />
										<Point X="28.5" Y="28.5" />
									</PolyLine>
								</PathFigure>
							</Path>
						</Clip>
					</Canvas>
					<Canvas>
						<Clip>
							<Path FillMode="Alternate">
								<PathFigure IsClosed="True">
									<PolyLine LineColor="#FF000000">
										<Point X="28.5" Y="28.5" />
										<Point X="566.25" Y="28.5" />
									</PolyLine>
									<PolyLine LineColor="#FF000000">
										<Point X="566.25" Y="28.5" />
										<Point X="566.25" Y="813.3404" />
									</PolyLine>
									<PolyLine LineColor="#FF000000">
										<Point X="566.25" Y="813.3404" />
										<Point X="28.5" Y="813.3404" />
									</PolyLine>
									<PolyLine LineColor="#FF000000">
										<Point X="28.5" Y="813.3404" />
										<Point X="28.5" Y="28.5" />
									</PolyLine>
								</PathFigure>
							</Path>
						</Clip>
						<Canvas>
							<Clip>
								<Path FillMode="Winding">
									<PathFigure IsClosed="False">
										<PolyLine LineColor="#FF000000">
											<Point X="308.41647" Y="406.89453" />
											<Point X="308.41647" Y="406.29773" />
										</PolyLine>
										<PolyLine LineColor="#FF000000">
											<Point X="308.41647" Y="406.29773" />
											<Point X="452.851" Y="406.29773" />
										</PolyLine>
										<PolyLine LineColor="#FF000000">
											<Point X="452.851" Y="406.29773" />
											<Point X="453.4478" Y="406.89453" />
										</PolyLine>
									</PathFigure>
								</Path>
							</Clip>
							<Path FillMode="Winding" RenderTransform="1 0 0 -1 0 842">
								<Brush>
									<SolidBrush Color="#FF706E74" />
								</Brush>
								<PathFigure IsClosed="True">
									<PolyLine LineColor="#FF000000">
										<Point X="308.41647" Y="435.7023" />
										<Point X="309.0133" Y="435.7023" />
									</PolyLine>
									<PolyLine LineColor="#FF000000">
										<Point X="309.0133" Y="435.7023" />
										<Point X="309.0133" Y="435.10547" />
									</PolyLine>
									<PolyLine LineColor="#FF000000">
										<Point X="309.0133" Y="435.10547" />
										<Point X="308.41647" Y="435.10547" />
									</PolyLine>
								</PathFigure>
							</Path>
							<Path FillMode="Winding" RenderTransform="1 0 0 -1 0 842">
								<Brush>
									<SolidBrush Color="#FF706E74" />
								</Brush>
								<PathFigure IsClosed="True">
									<PolyLine LineColor="#FF000000">
										<Point X="452.85098" Y="435.7023" />
										<Point X="453.4478" Y="435.7023" />
									</PolyLine>
									<PolyLine LineColor="#FF000000">
										<Point X="453.4478" Y="435.7023" />
										<Point X="453.4478" Y="435.10547" />
									</PolyLine>
									<PolyLine LineColor="#FF000000">
										<Point X="453.4478" Y="435.10547" />
										<Point X="452.85098" Y="435.10547" />
									</PolyLine>
								</PathFigure>
							</Path>
							<Path FillMode="Alternate" RenderTransform="1 0 0 -1 0 842">
								<Pen Alignment="Center" DashCap="Flat" DashOffset="0" DashPattern="0.5968368 0.5968368" DashStyle="Custom" EndCap="Flat" LineJoin="Miter" MiterLimit="10" StartCap="Flat" Width="0.5968368">
									<Brush>
										<SolidBrush Color="#FF706E74" />
									</Brush>
								</Pen>
								<PathFigure IsClosed="False">
									<PolyLine LineColor="#FF000000">
										<Point X="309.0133" Y="435.40387" />
										<Point X="452.85098" Y="435.40387" />
									</PolyLine>
								</PathFigure>
							</Path>
						</Canvas>
					</Canvas>
					<Canvas>
						<Clip>
							<Path FillMode="Alternate">
								<PathFigure IsClosed="True">
									<PolyLine LineColor="#FF000000">
										<Point X="28.5" Y="28.5" />
										<Point X="566.25" Y="28.5" />
									</PolyLine>
									<PolyLine LineColor="#FF000000">
										<Point X="566.25" Y="28.5" />
										<Point X="566.25" Y="813.3404" />
									</PolyLine>
									<PolyLine LineColor="#FF000000">
										<Point X="566.25" Y="813.3404" />
										<Point X="28.5" Y="813.3404" />
									</PolyLine>
									<PolyLine LineColor="#FF000000">
										<Point X="28.5" Y="813.3404" />
										<Point X="28.5" Y="28.5" />
									</PolyLine>
								</PathFigure>
							</Path>
						</Clip>
						<Path FillMode="Winding" RenderTransform="1 0 0 -1 0 842">
							<Brush>
								<SolidBrush Color="#FF939598" />
							</Brush>
							<PathFigure IsClosed="True">
								<PolyLine LineColor="#FF000000">
									<Point X="452.851" Y="447.04218" />
									<Point X="452.851" Y="435.70227" />
								</PolyLine>
								<PolyLine LineColor="#FF000000">
									<Point X="452.851" Y="435.70227" />
									<Point X="453.4478" Y="435.10547" />
								</PolyLine>
								<PolyLine LineColor="#FF000000">
									<Point X="453.4478" Y="435.10547" />
									<Point X="453.4478" Y="447.04218" />
								</PolyLine>
								<PolyLine LineColor="#FF000000">
									<Point X="453.4478" Y="447.04218" />
									<Point X="452.851" Y="447.04218" />
								</PolyLine>
							</PathFigure>
						</Path>
					</Canvas>
					<Canvas>
						<Clip>
							<Path FillMode="Alternate">
								<PathFigure IsClosed="True">
									<PolyLine LineColor="#FF000000">
										<Point X="28.5" Y="28.5" />
										<Point X="566.25" Y="28.5" />
									</PolyLine>
									<PolyLine LineColor="#FF000000">
										<Point X="566.25" Y="28.5" />
										<Point X="566.25" Y="813.3404" />
									</PolyLine>
									<PolyLine LineColor="#FF000000">
										<Point X="566.25" Y="813.3404" />
										<Point X="28.5" Y="813.3404" />
									</PolyLine>
									<PolyLine LineColor="#FF000000">
										<Point X="28.5" Y="813.3404" />
										<Point X="28.5" Y="28.5" />
									</PolyLine>
								</PathFigure>
							</Path>
						</Clip>
						<Canvas>
							<Clip>
								<Path FillMode="Winding">
									<PathFigure IsClosed="False">
										<PolyLine LineColor="#FF000000">
											<Point X="454.64148" Y="406.89453" />
											<Point X="454.64148" Y="406.29773" />
										</PolyLine>
										<PolyLine LineColor="#FF000000">
											<Point X="454.64148" Y="406.29773" />
											<Point X="542.3765" Y="406.29773" />
										</PolyLine>
										<PolyLine LineColor="#FF000000">
											<Point X="542.3765" Y="406.29773" />
											<Point X="542.3765" Y="406.89453" />
										</PolyLine>
									</PathFigure>
								</Path>
							</Clip>
							<Path FillMode="Winding" RenderTransform="1 0 0 -1 0 842">
								<Brush>
									<SolidBrush Color="#FF706E74" />
								</Brush>
								<PathFigure IsClosed="True">
									<PolyLine LineColor="#FF000000">
										<Point X="454.64148" Y="435.7023" />
										<Point X="455.2383" Y="435.7023" />
									</PolyLine>
									<PolyLine LineColor="#FF000000">
										<Point X="455.2383" Y="435.7023" />
										<Point X="455.2383" Y="435.10547" />
									</PolyLine>
									<PolyLine LineColor="#FF000000">
										<Point X="455.2383" Y="435.10547" />
										<Point X="454.64148" Y="435.10547" />
									</PolyLine>
								</PathFigure>
							</Path>
							<Path FillMode="Winding" RenderTransform="1 0 0 -1 0 842">
								<Brush>
									<SolidBrush Color="#FF706E74" />
								</Brush>
								<PathFigure IsClosed="True">
									<PolyLine LineColor="#FF000000">
										<Point X="541.77966" Y="435.7023" />
										<Point X="542.37646" Y="435.7023" />
									</PolyLine>
									<PolyLine LineColor="#FF000000">
										<Point X="542.37646" Y="435.7023" />
										<Point X="542.37646" Y="435.10547" />
									</PolyLine>
									<PolyLine LineColor="#FF000000">
										<Point X="542.37646" Y="435.10547" />
										<Point X="541.77966" Y="435.10547" />
									</PolyLine>
								</PathFigure>
							</Path>
							<Path FillMode="Alternate" RenderTransform="1 0 0 -1 0 842">
								<Pen Alignment="Center" DashCap="Flat" DashOffset="0" DashPattern="0.5968368 0.5968368" DashStyle="Custom" EndCap="Flat" LineJoin="Miter" MiterLimit="10" StartCap="Flat" Width="0.5968368">
									<Brush>
										<SolidBrush Color="#FF706E74" />
									</Brush>
								</Pen>
								<PathFigure IsClosed="False">
									<PolyLine LineColor="#FF000000">
										<Point X="455.2383" Y="435.40387" />
										<Point X="541.77966" Y="435.40387" />
									</PolyLine>
								</PathFigure>
							</Path>
						</Canvas>
					</Canvas>
					<Canvas>
						<Clip>
							<Path FillMode="Alternate">
								<PathFigure IsClosed="True">
									<PolyLine LineColor="#FF000000">
										<Point X="28.5" Y="28.5" />
										<Point X="566.25" Y="28.5" />
									</PolyLine>
									<PolyLine LineColor="#FF000000">
										<Point X="566.25" Y="28.5" />
										<Point X="566.25" Y="813.3404" />
									</PolyLine>
									<PolyLine LineColor="#FF000000">
										<Point X="566.25" Y="813.3404" />
										<Point X="28.5" Y="813.3404" />
									</PolyLine>
									<PolyLine LineColor="#FF000000">
										<Point X="28.5" Y="813.3404" />
										<Point X="28.5" Y="28.5" />
									</PolyLine>
								</PathFigure>
							</Path>
						</Clip>
					</Canvas>
					<Canvas>
						<Clip>
							<Path FillMode="Alternate">
								<PathFigure IsClosed="True">
									<PolyLine LineColor="#FF000000">
										<Point X="28.5" Y="28.5" />
										<Point X="566.25" Y="28.5" />
									</PolyLine>
									<PolyLine LineColor="#FF000000">
										<Point X="566.25" Y="28.5" />
										<Point X="566.25" Y="813.3404" />
									</PolyLine>
									<PolyLine LineColor="#FF000000">
										<Point X="566.25" Y="813.3404" />
										<Point X="28.5" Y="813.3404" />
									</PolyLine>
									<PolyLine LineColor="#FF000000">
										<Point X="28.5" Y="813.3404" />
										<Point X="28.5" Y="28.5" />
									</PolyLine>
								</PathFigure>
							</Path>
						</Clip>
						<Canvas>
							<Clip>
								<Path FillMode="Winding">
									<PathFigure IsClosed="False">
										<PolyLine LineColor="#FF000000">
											<Point X="308.41647" Y="420.02496" />
											<Point X="308.41647" Y="419.4281" />
										</PolyLine>
										<PolyLine LineColor="#FF000000">
											<Point X="308.41647" Y="419.4281" />
											<Point X="452.851" Y="419.4281" />
										</PolyLine>
										<PolyLine LineColor="#FF000000">
											<Point X="452.851" Y="419.4281" />
											<Point X="453.4478" Y="420.02496" />
										</PolyLine>
									</PathFigure>
								</Path>
							</Clip>
							<Path FillMode="Winding" RenderTransform="1 0 0 -1 0 842">
								<Brush>
									<SolidBrush Color="#FF706E74" />
								</Brush>
								<PathFigure IsClosed="True">
									<PolyLine LineColor="#FF000000">
										<Point X="308.41647" Y="422.5719" />
										<Point X="309.0133" Y="422.5719" />
									</PolyLine>
									<PolyLine LineColor="#FF000000">
										<Point X="309.0133" Y="422.5719" />
										<Point X="309.0133" Y="421.97507" />
									</PolyLine>
									<PolyLine LineColor="#FF000000">
										<Point X="309.0133" Y="421.97507" />
										<Point X="308.41647" Y="421.97507" />
									</PolyLine>
								</PathFigure>
							</Path>
							<Path FillMode="Winding" RenderTransform="1 0 0 -1 0 842">
								<Brush>
									<SolidBrush Color="#FF706E74" />
								</Brush>
								<PathFigure IsClosed="True">
									<PolyLine LineColor="#FF000000">
										<Point X="452.85098" Y="422.5719" />
										<Point X="453.4478" Y="422.5719" />
									</PolyLine>
									<PolyLine LineColor="#FF000000">
										<Point X="453.4478" Y="422.5719" />
										<Point X="453.4478" Y="421.97507" />
									</PolyLine>
									<PolyLine LineColor="#FF000000">
										<Point X="453.4478" Y="421.97507" />
										<Point X="452.85098" Y="421.97507" />
									</PolyLine>
								</PathFigure>
							</Path>
							<Path FillMode="Alternate" RenderTransform="1 0 0 -1 0 842">
								<Pen Alignment="Center" DashCap="Flat" DashOffset="0" DashPattern="0.5968368 0.5968368" DashStyle="Custom" EndCap="Flat" LineJoin="Miter" MiterLimit="10" StartCap="Flat" Width="0.5968368">
									<Brush>
										<SolidBrush Color="#FF706E74" />
									</Brush>
								</Pen>
								<PathFigure IsClosed="False">
									<PolyLine LineColor="#FF000000">
										<Point X="309.0133" Y="422.27347" />
										<Point X="452.85098" Y="422.27347" />
									</PolyLine>
								</PathFigure>
							</Path>
						</Canvas>
					</Canvas>
					<Canvas>
						<Clip>
							<Path FillMode="Alternate">
								<PathFigure IsClosed="True">
									<PolyLine LineColor="#FF000000">
										<Point X="28.5" Y="28.5" />
										<Point X="566.25" Y="28.5" />
									</PolyLine>
									<PolyLine LineColor="#FF000000">
										<Point X="566.25" Y="28.5" />
										<Point X="566.25" Y="813.3404" />
									</PolyLine>
									<PolyLine LineColor="#FF000000">
										<Point X="566.25" Y="813.3404" />
										<Point X="28.5" Y="813.3404" />
									</PolyLine>
									<PolyLine LineColor="#FF000000">
										<Point X="28.5" Y="813.3404" />
										<Point X="28.5" Y="28.5" />
									</PolyLine>
								</PathFigure>
							</Path>
						</Clip>
						<Path FillMode="Winding" RenderTransform="1 0 0 -1 0 842">
							<Brush>
								<SolidBrush Color="#FF939598" />
							</Brush>
							<PathFigure IsClosed="True">
								<PolyLine LineColor="#FF000000">
									<Point X="452.851" Y="433.91177" />
									<Point X="452.851" Y="422.5719" />
								</PolyLine>
								<PolyLine LineColor="#FF000000">
									<Point X="452.851" Y="422.5719" />
									<Point X="453.4478" Y="421.97504" />
								</PolyLine>
								<PolyLine LineColor="#FF000000">
									<Point X="453.4478" Y="421.97504" />
									<Point X="453.4478" Y="433.91177" />
								</PolyLine>
								<PolyLine LineColor="#FF000000">
									<Point X="453.4478" Y="433.91177" />
									<Point X="452.851" Y="433.91177" />
								</PolyLine>
							</PathFigure>
						</Path>
					</Canvas>
					<Canvas>
						<Clip>
							<Path FillMode="Alternate">
								<PathFigure IsClosed="True">
									<PolyLine LineColor="#FF000000">
										<Point X="28.5" Y="28.5" />
										<Point X="566.25" Y="28.5" />
									</PolyLine>
									<PolyLine LineColor="#FF000000">
										<Point X="566.25" Y="28.5" />
										<Point X="566.25" Y="813.3404" />
									</PolyLine>
									<PolyLine LineColor="#FF000000">
										<Point X="566.25" Y="813.3404" />
										<Point X="28.5" Y="813.3404" />
									</PolyLine>
									<PolyLine LineColor="#FF000000">
										<Point X="28.5" Y="813.3404" />
										<Point X="28.5" Y="28.5" />
									</PolyLine>
								</PathFigure>
							</Path>
						</Clip>
						<Canvas>
							<Clip>
								<Path FillMode="Winding">
									<PathFigure IsClosed="False">
										<PolyLine LineColor="#FF000000">
											<Point X="454.64148" Y="420.02496" />
											<Point X="454.64148" Y="419.4281" />
										</PolyLine>
										<PolyLine LineColor="#FF000000">
											<Point X="454.64148" Y="419.4281" />
											<Point X="542.3765" Y="419.4281" />
										</PolyLine>
										<PolyLine LineColor="#FF000000">
											<Point X="542.3765" Y="419.4281" />
											<Point X="542.3765" Y="420.02496" />
										</PolyLine>
									</PathFigure>
								</Path>
							</Clip>
							<Path FillMode="Winding" RenderTransform="1 0 0 -1 0 842">
								<Brush>
									<SolidBrush Color="#FF706E74" />
								</Brush>
								<PathFigure IsClosed="True">
									<PolyLine LineColor="#FF000000">
										<Point X="454.64148" Y="422.5719" />
										<Point X="455.2383" Y="422.5719" />
									</PolyLine>
									<PolyLine LineColor="#FF000000">
										<Point X="455.2383" Y="422.5719" />
										<Point X="455.2383" Y="421.97507" />
									</PolyLine>
									<PolyLine LineColor="#FF000000">
										<Point X="455.2383" Y="421.97507" />
										<Point X="454.64148" Y="421.97507" />
									</PolyLine>
								</PathFigure>
							</Path>
							<Path FillMode="Winding" RenderTransform="1 0 0 -1 0 842">
								<Brush>
									<SolidBrush Color="#FF706E74" />
								</Brush>
								<PathFigure IsClosed="True">
									<PolyLine LineColor="#FF000000">
										<Point X="541.77966" Y="422.5719" />
										<Point X="542.37646" Y="422.5719" />
									</PolyLine>
									<PolyLine LineColor="#FF000000">
										<Point X="542.37646" Y="422.5719" />
										<Point X="542.37646" Y="421.97507" />
									</PolyLine>
									<PolyLine LineColor="#FF000000">
										<Point X="542.37646" Y="421.97507" />
										<Point X="541.77966" Y="421.97507" />
									</PolyLine>
								</PathFigure>
							</Path>
							<Path FillMode="Alternate" RenderTransform="1 0 0 -1 0 842">
								<Pen Alignment="Center" DashCap="Flat" DashOffset="0" DashPattern="0.5968368 0.5968368" DashStyle="Custom" EndCap="Flat" LineJoin="Miter" MiterLimit="10" StartCap="Flat" Width="0.5968368">
									<Brush>
										<SolidBrush Color="#FF706E74" />
									</Brush>
								</Pen>
								<PathFigure IsClosed="False">
									<PolyLine LineColor="#FF000000">
										<Point X="455.2383" Y="422.27347" />
										<Point X="541.77966" Y="422.27347" />
									</PolyLine>
								</PathFigure>
							</Path>
						</Canvas>
					</Canvas>
					<Canvas>
						<Clip>
							<Path FillMode="Alternate">
								<PathFigure IsClosed="True">
									<PolyLine LineColor="#FF000000">
										<Point X="28.5" Y="28.5" />
										<Point X="566.25" Y="28.5" />
									</PolyLine>
									<PolyLine LineColor="#FF000000">
										<Point X="566.25" Y="28.5" />
										<Point X="566.25" Y="813.3404" />
									</PolyLine>
									<PolyLine LineColor="#FF000000">
										<Point X="566.25" Y="813.3404" />
										<Point X="28.5" Y="813.3404" />
									</PolyLine>
									<PolyLine LineColor="#FF000000">
										<Point X="28.5" Y="813.3404" />
										<Point X="28.5" Y="28.5" />
									</PolyLine>
								</PathFigure>
							</Path>
						</Clip>
						<Path FillMode="Winding" RenderTransform="1 0 0 -1 0 842">
							<Brush>
								<SolidBrush Color="#FF005F7F" />
							</Brush>
							<PathFigure IsClosed="True">
								<PolyLine LineColor="#FF000000">
									<Point X="307.22278" Y="398.69843" />
									<Point X="543.5702" Y="398.69843" />
								</PolyLine>
								<PolyLine LineColor="#FF000000">
									<Point X="543.5702" Y="398.69843" />
									<Point X="543.5702" Y="397.50476" />
								</PolyLine>
								<PolyLine LineColor="#FF000000">
									<Point X="543.5702" Y="397.50476" />
									<Point X="307.22278" Y="397.50476" />
								</PolyLine>
							</PathFigure>
						</Path>
					</Canvas>
					<Canvas>
						<Clip>
							<Path FillMode="Alternate">
								<PathFigure IsClosed="True">
									<PolyLine LineColor="#FF000000">
										<Point X="28.5" Y="28.5" />
										<Point X="566.25" Y="28.5" />
									</PolyLine>
									<PolyLine LineColor="#FF000000">
										<Point X="566.25" Y="28.5" />
										<Point X="566.25" Y="813.3404" />
									</PolyLine>
									<PolyLine LineColor="#FF000000">
										<Point X="566.25" Y="813.3404" />
										<Point X="28.5" Y="813.3404" />
									</PolyLine>
									<PolyLine LineColor="#FF000000">
										<Point X="28.5" Y="813.3404" />
										<Point X="28.5" Y="28.5" />
									</PolyLine>
								</PathFigure>
							</Path>
						</Clip>
						<Canvas>
							<Clip>
								<Path FillMode="Winding">
									<PathFigure IsClosed="False">
										<PolyLine LineColor="#FF000000">
											<Point X="308.41647" Y="457.6257" />
											<Point X="308.41647" Y="457.02887" />
										</PolyLine>
										<PolyLine LineColor="#FF000000">
											<Point X="308.41647" Y="457.02887" />
											<Point X="446.2858" Y="457.02887" />
										</PolyLine>
										<PolyLine LineColor="#FF000000">
											<Point X="446.2858" Y="457.02887" />
											<Point X="446.88263" Y="457.6257" />
										</PolyLine>
									</PathFigure>
								</Path>
							</Clip>
							<Path FillMode="Winding" RenderTransform="1 0 0 -1 0 842">
								<Brush>
									<SolidBrush Color="#FF706E74" />
								</Brush>
								<PathFigure IsClosed="True">
									<PolyLine LineColor="#FF000000">
										<Point X="308.41647" Y="384.97116" />
										<Point X="309.0133" Y="384.97116" />
									</PolyLine>
									<PolyLine LineColor="#FF000000">
										<Point X="309.0133" Y="384.97116" />
										<Point X="309.0133" Y="384.37433" />
									</PolyLine>
									<PolyLine LineColor="#FF000000">
										<Point X="309.0133" Y="384.37433" />
										<Point X="308.41647" Y="384.37433" />
									</PolyLine>
								</PathFigure>
							</Path>
							<Path FillMode="Winding" RenderTransform="1 0 0 -1 0 842">
								<Brush>
									<SolidBrush Color="#FF706E74" />
								</Brush>
								<PathFigure IsClosed="True">
									<PolyLine LineColor="#FF000000">
										<Point X="446.28577" Y="384.97116" />
										<Point X="446.8826" Y="384.97116" />
									</PolyLine>
									<PolyLine LineColor="#FF000000">
										<Point X="446.8826" Y="384.97116" />
										<Point X="446.8826" Y="384.37433" />
									</PolyLine>
									<PolyLine LineColor="#FF000000">
										<Point X="446.8826" Y="384.37433" />
										<Point X="446.28577" Y="384.37433" />
									</PolyLine>
								</PathFigure>
							</Path>
							<Path FillMode="Alternate" RenderTransform="1 0 0 -1 0 842">
								<Pen Alignment="Center" DashCap="Flat" DashOffset="0" DashPattern="0.5968368 0.5968368" DashStyle="Custom" EndCap="Flat" LineJoin="Miter" MiterLimit="10" StartCap="Flat" Width="0.5968368">
									<Brush>
										<SolidBrush Color="#FF706E74" />
									</Brush>
								</Pen>
								<PathFigure IsClosed="False">
									<PolyLine LineColor="#FF000000">
										<Point X="309.0133" Y="384.67276" />
										<Point X="446.28577" Y="384.67276" />
									</PolyLine>
								</PathFigure>
							</Path>
						</Canvas>
					</Canvas>
					<Canvas>
						<Clip>
							<Path FillMode="Alternate">
								<PathFigure IsClosed="True">
									<PolyLine LineColor="#FF000000">
										<Point X="28.5" Y="28.5" />
										<Point X="566.25" Y="28.5" />
									</PolyLine>
									<PolyLine LineColor="#FF000000">
										<Point X="566.25" Y="28.5" />
										<Point X="566.25" Y="813.3404" />
									</PolyLine>
									<PolyLine LineColor="#FF000000">
										<Point X="566.25" Y="813.3404" />
										<Point X="28.5" Y="813.3404" />
									</PolyLine>
									<PolyLine LineColor="#FF000000">
										<Point X="28.5" Y="813.3404" />
										<Point X="28.5" Y="28.5" />
									</PolyLine>
								</PathFigure>
							</Path>
						</Clip>
						<Path FillMode="Winding" RenderTransform="1 0 0 -1 0 842">
							<Brush>
								<SolidBrush Color="#FF939598" />
							</Brush>
							<PathFigure IsClosed="True">
								<PolyLine LineColor="#FF000000">
									<Point X="446.2858" Y="396.31104" />
									<Point X="446.2858" Y="384.97113" />
								</PolyLine>
								<PolyLine LineColor="#FF000000">
									<Point X="446.2858" Y="384.97113" />
									<Point X="446.88263" Y="384.3743" />
								</PolyLine>
								<PolyLine LineColor="#FF000000">
									<Point X="446.88263" Y="384.3743" />
									<Point X="446.88263" Y="396.31104" />
								</PolyLine>
								<PolyLine LineColor="#FF000000">
									<Point X="446.88263" Y="396.31104" />
									<Point X="446.2858" Y="396.31104" />
								</PolyLine>
							</PathFigure>
						</Path>
					</Canvas>
					<Canvas>
						<Clip>
							<Path FillMode="Alternate">
								<PathFigure IsClosed="True">
									<PolyLine LineColor="#FF000000">
										<Point X="28.5" Y="28.5" />
										<Point X="566.25" Y="28.5" />
									</PolyLine>
									<PolyLine LineColor="#FF000000">
										<Point X="566.25" Y="28.5" />
										<Point X="566.25" Y="813.3404" />
									</PolyLine>
									<PolyLine LineColor="#FF000000">
										<Point X="566.25" Y="813.3404" />
										<Point X="28.5" Y="813.3404" />
									</PolyLine>
									<PolyLine LineColor="#FF000000">
										<Point X="28.5" Y="813.3404" />
										<Point X="28.5" Y="28.5" />
									</PolyLine>
								</PathFigure>
							</Path>
						</Clip>
						<Canvas>
							<Clip>
								<Path FillMode="Winding">
									<PathFigure IsClosed="False">
										<PolyLine LineColor="#FF000000">
											<Point X="448.0763" Y="457.6257" />
											<Point X="448.0763" Y="457.02887" />
										</PolyLine>
										<PolyLine LineColor="#FF000000">
											<Point X="448.0763" Y="457.02887" />
											<Point X="542.3765" Y="457.02887" />
										</PolyLine>
										<PolyLine LineColor="#FF000000">
											<Point X="542.3765" Y="457.02887" />
											<Point X="542.3765" Y="457.6257" />
										</PolyLine>
									</PathFigure>
								</Path>
							</Clip>
							<Path FillMode="Winding" RenderTransform="1 0 0 -1 0 842">
								<Brush>
									<SolidBrush Color="#FF706E74" />
								</Brush>
								<PathFigure IsClosed="True">
									<PolyLine LineColor="#FF000000">
										<Point X="448.07626" Y="384.97116" />
										<Point X="448.6731" Y="384.97116" />
									</PolyLine>
									<PolyLine LineColor="#FF000000">
										<Point X="448.6731" Y="384.97116" />
										<Point X="448.6731" Y="384.37433" />
									</PolyLine>
									<PolyLine LineColor="#FF000000">
										<Point X="448.6731" Y="384.37433" />
										<Point X="448.07626" Y="384.37433" />
									</PolyLine>
								</PathFigure>
							</Path>
							<Path FillMode="Winding" RenderTransform="1 0 0 -1 0 842">
								<Brush>
									<SolidBrush Color="#FF706E74" />
								</Brush>
								<PathFigure IsClosed="True">
									<PolyLine LineColor="#FF000000">
										<Point X="541.77966" Y="384.97116" />
										<Point X="542.37646" Y="384.97116" />
									</PolyLine>
									<PolyLine LineColor="#FF000000">
										<Point X="542.37646" Y="384.97116" />
										<Point X="542.37646" Y="384.37433" />
									</PolyLine>
									<PolyLine LineColor="#FF000000">
										<Point X="542.37646" Y="384.37433" />
										<Point X="541.77966" Y="384.37433" />
									</PolyLine>
								</PathFigure>
							</Path>
							<Path FillMode="Alternate" RenderTransform="1 0 0 -1 0 842">
								<Pen Alignment="Center" DashCap="Flat" DashOffset="0" DashPattern="0.5968368 0.5968368" DashStyle="Custom" EndCap="Flat" LineJoin="Miter" MiterLimit="10" StartCap="Flat" Width="0.5968368">
									<Brush>
										<SolidBrush Color="#FF706E74" />
									</Brush>
								</Pen>
								<PathFigure IsClosed="False">
									<PolyLine LineColor="#FF000000">
										<Point X="448.6731" Y="384.67276" />
										<Point X="541.77966" Y="384.67276" />
									</PolyLine>
								</PathFigure>
							</Path>
						</Canvas>
					</Canvas>
					<Canvas>
						<Clip>
							<Path FillMode="Alternate">
								<PathFigure IsClosed="True">
									<PolyLine LineColor="#FF000000">
										<Point X="28.5" Y="28.5" />
										<Point X="566.25" Y="28.5" />
									</PolyLine>
									<PolyLine LineColor="#FF000000">
										<Point X="566.25" Y="28.5" />
										<Point X="566.25" Y="813.3404" />
									</PolyLine>
									<PolyLine LineColor="#FF000000">
										<Point X="566.25" Y="813.3404" />
										<Point X="28.5" Y="813.3404" />
									</PolyLine>
									<PolyLine LineColor="#FF000000">
										<Point X="28.5" Y="813.3404" />
										<Point X="28.5" Y="28.5" />
									</PolyLine>
								</PathFigure>
							</Path>
						</Clip>
					</Canvas>
					<Canvas>
						<Clip>
							<Path FillMode="Alternate">
								<PathFigure IsClosed="True">
									<PolyLine LineColor="#FF000000">
										<Point X="28.5" Y="28.5" />
										<Point X="566.25" Y="28.5" />
									</PolyLine>
									<PolyLine LineColor="#FF000000">
										<Point X="566.25" Y="28.5" />
										<Point X="566.25" Y="813.3404" />
									</PolyLine>
									<PolyLine LineColor="#FF000000">
										<Point X="566.25" Y="813.3404" />
										<Point X="28.5" Y="813.3404" />
									</PolyLine>
									<PolyLine LineColor="#FF000000">
										<Point X="28.5" Y="813.3404" />
										<Point X="28.5" Y="28.5" />
									</PolyLine>
								</PathFigure>
							</Path>
						</Clip>
						<Canvas>
							<Clip>
								<Path FillMode="Winding">
									<PathFigure IsClosed="False">
										<PolyLine LineColor="#FF000000">
											<Point X="308.41647" Y="470.7561" />
											<Point X="308.41647" Y="470.15927" />
										</PolyLine>
										<PolyLine LineColor="#FF000000">
											<Point X="308.41647" Y="470.15927" />
											<Point X="446.2858" Y="470.15927" />
										</PolyLine>
										<PolyLine LineColor="#FF000000">
											<Point X="446.2858" Y="470.15927" />
											<Point X="446.88263" Y="470.7561" />
										</PolyLine>
									</PathFigure>
								</Path>
							</Clip>
							<Path FillMode="Winding" RenderTransform="1 0 0 -1 0 842">
								<Brush>
									<SolidBrush Color="#FF706E74" />
								</Brush>
								<PathFigure IsClosed="True">
									<PolyLine LineColor="#FF000000">
										<Point X="308.41647" Y="371.84076" />
										<Point X="309.0133" Y="371.84076" />
									</PolyLine>
									<PolyLine LineColor="#FF000000">
										<Point X="309.0133" Y="371.84076" />
										<Point X="309.0133" Y="371.24393" />
									</PolyLine>
									<PolyLine LineColor="#FF000000">
										<Point X="309.0133" Y="371.24393" />
										<Point X="308.41647" Y="371.24393" />
									</PolyLine>
								</PathFigure>
							</Path>
							<Path FillMode="Winding" RenderTransform="1 0 0 -1 0 842">
								<Brush>
									<SolidBrush Color="#FF706E74" />
								</Brush>
								<PathFigure IsClosed="True">
									<PolyLine LineColor="#FF000000">
										<Point X="446.28577" Y="371.84076" />
										<Point X="446.8826" Y="371.84076" />
									</PolyLine>
									<PolyLine LineColor="#FF000000">
										<Point X="446.8826" Y="371.84076" />
										<Point X="446.8826" Y="371.24393" />
									</PolyLine>
									<PolyLine LineColor="#FF000000">
										<Point X="446.8826" Y="371.24393" />
										<Point X="446.28577" Y="371.24393" />
									</PolyLine>
								</PathFigure>
							</Path>
							<Path FillMode="Alternate" RenderTransform="1 0 0 -1 0 842">
								<Pen Alignment="Center" DashCap="Flat" DashOffset="0" DashPattern="0.5968368 0.5968368" DashStyle="Custom" EndCap="Flat" LineJoin="Miter" MiterLimit="10" StartCap="Flat" Width="0.5968368">
									<Brush>
										<SolidBrush Color="#FF706E74" />
									</Brush>
								</Pen>
								<PathFigure IsClosed="False">
									<PolyLine LineColor="#FF000000">
										<Point X="309.0133" Y="371.54236" />
										<Point X="446.28577" Y="371.54236" />
									</PolyLine>
								</PathFigure>
							</Path>
						</Canvas>
					</Canvas>
					<Canvas>
						<Clip>
							<Path FillMode="Alternate">
								<PathFigure IsClosed="True">
									<PolyLine LineColor="#FF000000">
										<Point X="28.5" Y="28.5" />
										<Point X="566.25" Y="28.5" />
									</PolyLine>
									<PolyLine LineColor="#FF000000">
										<Point X="566.25" Y="28.5" />
										<Point X="566.25" Y="813.3404" />
									</PolyLine>
									<PolyLine LineColor="#FF000000">
										<Point X="566.25" Y="813.3404" />
										<Point X="28.5" Y="813.3404" />
									</PolyLine>
									<PolyLine LineColor="#FF000000">
										<Point X="28.5" Y="813.3404" />
										<Point X="28.5" Y="28.5" />
									</PolyLine>
								</PathFigure>
							</Path>
						</Clip>
						<Path FillMode="Winding" RenderTransform="1 0 0 -1 0 842">
							<Brush>
								<SolidBrush Color="#FF939598" />
							</Brush>
							<PathFigure IsClosed="True">
								<PolyLine LineColor="#FF000000">
									<Point X="446.2858" Y="383.18063" />
									<Point X="446.2858" Y="371.84073" />
								</PolyLine>
								<PolyLine LineColor="#FF000000">
									<Point X="446.2858" Y="371.84073" />
									<Point X="446.88263" Y="371.2439" />
								</PolyLine>
								<PolyLine LineColor="#FF000000">
									<Point X="446.88263" Y="371.2439" />
									<Point X="446.88263" Y="383.18063" />
								</PolyLine>
								<PolyLine LineColor="#FF000000">
									<Point X="446.88263" Y="383.18063" />
									<Point X="446.2858" Y="383.18063" />
								</PolyLine>
							</PathFigure>
						</Path>
					</Canvas>
					<Canvas>
						<Clip>
							<Path FillMode="Alternate">
								<PathFigure IsClosed="True">
									<PolyLine LineColor="#FF000000">
										<Point X="28.5" Y="28.5" />
										<Point X="566.25" Y="28.5" />
									</PolyLine>
									<PolyLine LineColor="#FF000000">
										<Point X="566.25" Y="28.5" />
										<Point X="566.25" Y="813.3404" />
									</PolyLine>
									<PolyLine LineColor="#FF000000">
										<Point X="566.25" Y="813.3404" />
										<Point X="28.5" Y="813.3404" />
									</PolyLine>
									<PolyLine LineColor="#FF000000">
										<Point X="28.5" Y="813.3404" />
										<Point X="28.5" Y="28.5" />
									</PolyLine>
								</PathFigure>
							</Path>
						</Clip>
						<Canvas>
							<Clip>
								<Path FillMode="Winding">
									<PathFigure IsClosed="False">
										<PolyLine LineColor="#FF000000">
											<Point X="448.0763" Y="470.7561" />
											<Point X="448.0763" Y="470.15927" />
										</PolyLine>
										<PolyLine LineColor="#FF000000">
											<Point X="448.0763" Y="470.15927" />
											<Point X="542.3765" Y="470.15927" />
										</PolyLine>
										<PolyLine LineColor="#FF000000">
											<Point X="542.3765" Y="470.15927" />
											<Point X="542.3765" Y="470.7561" />
										</PolyLine>
									</PathFigure>
								</Path>
							</Clip>
							<Path FillMode="Winding" RenderTransform="1 0 0 -1 0 842">
								<Brush>
									<SolidBrush Color="#FF706E74" />
								</Brush>
								<PathFigure IsClosed="True">
									<PolyLine LineColor="#FF000000">
										<Point X="448.07626" Y="371.84076" />
										<Point X="448.6731" Y="371.84076" />
									</PolyLine>
									<PolyLine LineColor="#FF000000">
										<Point X="448.6731" Y="371.84076" />
										<Point X="448.6731" Y="371.24393" />
									</PolyLine>
									<PolyLine LineColor="#FF000000">
										<Point X="448.6731" Y="371.24393" />
										<Point X="448.07626" Y="371.24393" />
									</PolyLine>
								</PathFigure>
							</Path>
							<Path FillMode="Winding" RenderTransform="1 0 0 -1 0 842">
								<Brush>
									<SolidBrush Color="#FF706E74" />
								</Brush>
								<PathFigure IsClosed="True">
									<PolyLine LineColor="#FF000000">
										<Point X="541.77966" Y="371.84076" />
										<Point X="542.37646" Y="371.84076" />
									</PolyLine>
									<PolyLine LineColor="#FF000000">
										<Point X="542.37646" Y="371.84076" />
										<Point X="542.37646" Y="371.24393" />
									</PolyLine>
									<PolyLine LineColor="#FF000000">
										<Point X="542.37646" Y="371.24393" />
										<Point X="541.77966" Y="371.24393" />
									</PolyLine>
								</PathFigure>
							</Path>
							<Path FillMode="Alternate" RenderTransform="1 0 0 -1 0 842">
								<Pen Alignment="Center" DashCap="Flat" DashOffset="0" DashPattern="0.5968368 0.5968368" DashStyle="Custom" EndCap="Flat" LineJoin="Miter" MiterLimit="10" StartCap="Flat" Width="0.5968368">
									<Brush>
										<SolidBrush Color="#FF706E74" />
									</Brush>
								</Pen>
								<PathFigure IsClosed="False">
									<PolyLine LineColor="#FF000000">
										<Point X="448.6731" Y="371.54236" />
										<Point X="541.77966" Y="371.54236" />
									</PolyLine>
								</PathFigure>
							</Path>
						</Canvas>
					</Canvas>
					<Canvas>
						<Clip>
							<Path FillMode="Alternate">
								<PathFigure IsClosed="True">
									<PolyLine LineColor="#FF000000">
										<Point X="28.5" Y="28.5" />
										<Point X="566.25" Y="28.5" />
									</PolyLine>
									<PolyLine LineColor="#FF000000">
										<Point X="566.25" Y="28.5" />
										<Point X="566.25" Y="813.3404" />
									</PolyLine>
									<PolyLine LineColor="#FF000000">
										<Point X="566.25" Y="813.3404" />
										<Point X="28.5" Y="813.3404" />
									</PolyLine>
									<PolyLine LineColor="#FF000000">
										<Point X="28.5" Y="813.3404" />
										<Point X="28.5" Y="28.5" />
									</PolyLine>
								</PathFigure>
							</Path>
						</Clip>
					</Canvas>
					<Canvas>
						<Clip>
							<Path FillMode="Alternate">
								<PathFigure IsClosed="True">
									<PolyLine LineColor="#FF000000">
										<Point X="28.5" Y="28.5" />
										<Point X="566.25" Y="28.5" />
									</PolyLine>
									<PolyLine LineColor="#FF000000">
										<Point X="566.25" Y="28.5" />
										<Point X="566.25" Y="813.3404" />
									</PolyLine>
									<PolyLine LineColor="#FF000000">
										<Point X="566.25" Y="813.3404" />
										<Point X="28.5" Y="813.3404" />
									</PolyLine>
									<PolyLine LineColor="#FF000000">
										<Point X="28.5" Y="813.3404" />
										<Point X="28.5" Y="28.5" />
									</PolyLine>
								</PathFigure>
							</Path>
						</Clip>
						<Canvas>
							<Clip>
								<Path FillMode="Winding">
									<PathFigure IsClosed="False">
										<PolyLine LineColor="#FF000000">
											<Point X="308.41647" Y="492.83905" />
											<Point X="308.41647" Y="492.2422" />
										</PolyLine>
										<PolyLine LineColor="#FF000000">
											<Point X="308.41647" Y="492.2422" />
											<Point X="446.2858" Y="492.2422" />
										</PolyLine>
										<PolyLine LineColor="#FF000000">
											<Point X="446.2858" Y="492.2422" />
											<Point X="446.88263" Y="492.83905" />
										</PolyLine>
									</PathFigure>
								</Path>
							</Clip>
							<Path FillMode="Winding" RenderTransform="1 0 0 -1 0 842">
								<Brush>
									<SolidBrush Color="#FF706E74" />
								</Brush>
								<PathFigure IsClosed="True">
									<PolyLine LineColor="#FF000000">
										<Point X="308.41647" Y="349.7578" />
										<Point X="309.0133" Y="349.7578" />
									</PolyLine>
									<PolyLine LineColor="#FF000000">
										<Point X="309.0133" Y="349.7578" />
										<Point X="309.0133" Y="349.16098" />
									</PolyLine>
									<PolyLine LineColor="#FF000000">
										<Point X="309.0133" Y="349.16098" />
										<Point X="308.41647" Y="349.16098" />
									</PolyLine>
								</PathFigure>
							</Path>
							<Path FillMode="Winding" RenderTransform="1 0 0 -1 0 842">
								<Brush>
									<SolidBrush Color="#FF706E74" />
								</Brush>
								<PathFigure IsClosed="True">
									<PolyLine LineColor="#FF000000">
										<Point X="446.28577" Y="349.7578" />
										<Point X="446.8826" Y="349.7578" />
									</PolyLine>
									<PolyLine LineColor="#FF000000">
										<Point X="446.8826" Y="349.7578" />
										<Point X="446.8826" Y="349.16098" />
									</PolyLine>
									<PolyLine LineColor="#FF000000">
										<Point X="446.8826" Y="349.16098" />
										<Point X="446.28577" Y="349.16098" />
									</PolyLine>
								</PathFigure>
							</Path>
							<Path FillMode="Alternate" RenderTransform="1 0 0 -1 0 842">
								<Pen Alignment="Center" DashCap="Flat" DashOffset="0" DashPattern="0.5968368 0.5968368" DashStyle="Custom" EndCap="Flat" LineJoin="Miter" MiterLimit="10" StartCap="Flat" Width="0.5968368">
									<Brush>
										<SolidBrush Color="#FF706E74" />
									</Brush>
								</Pen>
								<PathFigure IsClosed="False">
									<PolyLine LineColor="#FF000000">
										<Point X="309.0133" Y="349.45938" />
										<Point X="446.28577" Y="349.45938" />
									</PolyLine>
								</PathFigure>
							</Path>
						</Canvas>
					</Canvas>
					<Canvas>
						<Clip>
							<Path FillMode="Alternate">
								<PathFigure IsClosed="True">
									<PolyLine LineColor="#FF000000">
										<Point X="28.5" Y="28.5" />
										<Point X="566.25" Y="28.5" />
									</PolyLine>
									<PolyLine LineColor="#FF000000">
										<Point X="566.25" Y="28.5" />
										<Point X="566.25" Y="813.3404" />
									</PolyLine>
									<PolyLine LineColor="#FF000000">
										<Point X="566.25" Y="813.3404" />
										<Point X="28.5" Y="813.3404" />
									</PolyLine>
									<PolyLine LineColor="#FF000000">
										<Point X="28.5" Y="813.3404" />
										<Point X="28.5" Y="28.5" />
									</PolyLine>
								</PathFigure>
							</Path>
						</Clip>
						<Path FillMode="Winding" RenderTransform="1 0 0 -1 0 842">
							<Brush>
								<SolidBrush Color="#FF939598" />
							</Brush>
							<PathFigure IsClosed="True">
								<PolyLine LineColor="#FF000000">
									<Point X="446.2858" Y="370.05023" />
									<Point X="446.2858" Y="349.7578" />
								</PolyLine>
								<PolyLine LineColor="#FF000000">
									<Point X="446.2858" Y="349.7578" />
									<Point X="446.88263" Y="349.16095" />
								</PolyLine>
								<PolyLine LineColor="#FF000000">
									<Point X="446.88263" Y="349.16095" />
									<Point X="446.88263" Y="370.05023" />
								</PolyLine>
								<PolyLine LineColor="#FF000000">
									<Point X="446.88263" Y="370.05023" />
									<Point X="446.2858" Y="370.05023" />
								</PolyLine>
							</PathFigure>
						</Path>
					</Canvas>
					<Canvas>
						<Clip>
							<Path FillMode="Alternate">
								<PathFigure IsClosed="True">
									<PolyLine LineColor="#FF000000">
										<Point X="28.5" Y="28.5" />
										<Point X="566.25" Y="28.5" />
									</PolyLine>
									<PolyLine LineColor="#FF000000">
										<Point X="566.25" Y="28.5" />
										<Point X="566.25" Y="813.3404" />
									</PolyLine>
									<PolyLine LineColor="#FF000000">
										<Point X="566.25" Y="813.3404" />
										<Point X="28.5" Y="813.3404" />
									</PolyLine>
									<PolyLine LineColor="#FF000000">
										<Point X="28.5" Y="813.3404" />
										<Point X="28.5" Y="28.5" />
									</PolyLine>
								</PathFigure>
							</Path>
						</Clip>
						<Canvas>
							<Clip>
								<Path FillMode="Winding">
									<PathFigure IsClosed="False">
										<PolyLine LineColor="#FF000000">
											<Point X="448.0763" Y="492.83905" />
											<Point X="448.0763" Y="492.2422" />
										</PolyLine>
										<PolyLine LineColor="#FF000000">
											<Point X="448.0763" Y="492.2422" />
											<Point X="542.3765" Y="492.2422" />
										</PolyLine>
										<PolyLine LineColor="#FF000000">
											<Point X="542.3765" Y="492.2422" />
											<Point X="542.3765" Y="492.83905" />
										</PolyLine>
									</PathFigure>
								</Path>
							</Clip>
							<Path FillMode="Winding" RenderTransform="1 0 0 -1 0 842">
								<Brush>
									<SolidBrush Color="#FF706E74" />
								</Brush>
								<PathFigure IsClosed="True">
									<PolyLine LineColor="#FF000000">
										<Point X="448.07626" Y="349.7578" />
										<Point X="448.6731" Y="349.7578" />
									</PolyLine>
									<PolyLine LineColor="#FF000000">
										<Point X="448.6731" Y="349.7578" />
										<Point X="448.6731" Y="349.16098" />
									</PolyLine>
									<PolyLine LineColor="#FF000000">
										<Point X="448.6731" Y="349.16098" />
										<Point X="448.07626" Y="349.16098" />
									</PolyLine>
								</PathFigure>
							</Path>
							<Path FillMode="Winding" RenderTransform="1 0 0 -1 0 842">
								<Brush>
									<SolidBrush Color="#FF706E74" />
								</Brush>
								<PathFigure IsClosed="True">
									<PolyLine LineColor="#FF000000">
										<Point X="541.77966" Y="349.7578" />
										<Point X="542.37646" Y="349.7578" />
									</PolyLine>
									<PolyLine LineColor="#FF000000">
										<Point X="542.37646" Y="349.7578" />
										<Point X="542.37646" Y="349.16098" />
									</PolyLine>
									<PolyLine LineColor="#FF000000">
										<Point X="542.37646" Y="349.16098" />
										<Point X="541.77966" Y="349.16098" />
									</PolyLine>
								</PathFigure>
							</Path>
							<Path FillMode="Alternate" RenderTransform="1 0 0 -1 0 842">
								<Pen Alignment="Center" DashCap="Flat" DashOffset="0" DashPattern="0.5968368 0.5968368" DashStyle="Custom" EndCap="Flat" LineJoin="Miter" MiterLimit="10" StartCap="Flat" Width="0.5968368">
									<Brush>
										<SolidBrush Color="#FF706E74" />
									</Brush>
								</Pen>
								<PathFigure IsClosed="False">
									<PolyLine LineColor="#FF000000">
										<Point X="448.6731" Y="349.45938" />
										<Point X="541.77966" Y="349.45938" />
									</PolyLine>
								</PathFigure>
							</Path>
						</Canvas>
					</Canvas>
					<Canvas>
						<Clip>
							<Path FillMode="Alternate">
								<PathFigure IsClosed="True">
									<PolyLine LineColor="#FF000000">
										<Point X="28.5" Y="28.5" />
										<Point X="566.25" Y="28.5" />
									</PolyLine>
									<PolyLine LineColor="#FF000000">
										<Point X="566.25" Y="28.5" />
										<Point X="566.25" Y="813.3404" />
									</PolyLine>
									<PolyLine LineColor="#FF000000">
										<Point X="566.25" Y="813.3404" />
										<Point X="28.5" Y="813.3404" />
									</PolyLine>
									<PolyLine LineColor="#FF000000">
										<Point X="28.5" Y="813.3404" />
										<Point X="28.5" Y="28.5" />
									</PolyLine>
								</PathFigure>
							</Path>
						</Clip>
					</Canvas>
					<Canvas>
						<Clip>
							<Path FillMode="Alternate">
								<PathFigure IsClosed="True">
									<PolyLine LineColor="#FF000000">
										<Point X="28.5" Y="28.5" />
										<Point X="566.25" Y="28.5" />
									</PolyLine>
									<PolyLine LineColor="#FF000000">
										<Point X="566.25" Y="28.5" />
										<Point X="566.25" Y="813.3404" />
									</PolyLine>
									<PolyLine LineColor="#FF000000">
										<Point X="566.25" Y="813.3404" />
										<Point X="28.5" Y="813.3404" />
									</PolyLine>
									<PolyLine LineColor="#FF000000">
										<Point X="28.5" Y="813.3404" />
										<Point X="28.5" Y="28.5" />
									</PolyLine>
								</PathFigure>
							</Path>
						</Clip>
						<Canvas>
							<Clip>
								<Path FillMode="Winding">
									<PathFigure IsClosed="False">
										<PolyLine LineColor="#FF000000">
											<Point X="308.41647" Y="505.96948" />
											<Point X="308.41647" Y="505.37265" />
										</PolyLine>
										<PolyLine LineColor="#FF000000">
											<Point X="308.41647" Y="505.37265" />
											<Point X="446.2858" Y="505.37265" />
										</PolyLine>
										<PolyLine LineColor="#FF000000">
											<Point X="446.2858" Y="505.37265" />
											<Point X="446.88263" Y="505.96948" />
										</PolyLine>
									</PathFigure>
								</Path>
							</Clip>
							<Path FillMode="Winding" RenderTransform="1 0 0 -1 0 842">
								<Brush>
									<SolidBrush Color="#FF706E74" />
								</Brush>
								<PathFigure IsClosed="True">
									<PolyLine LineColor="#FF000000">
										<Point X="308.41647" Y="336.62738" />
										<Point X="309.0133" Y="336.62738" />
									</PolyLine>
									<PolyLine LineColor="#FF000000">
										<Point X="309.0133" Y="336.62738" />
										<Point X="309.0133" Y="336.03055" />
									</PolyLine>
									<PolyLine LineColor="#FF000000">
										<Point X="309.0133" Y="336.03055" />
										<Point X="308.41647" Y="336.03055" />
									</PolyLine>
								</PathFigure>
							</Path>
							<Path FillMode="Winding" RenderTransform="1 0 0 -1 0 842">
								<Brush>
									<SolidBrush Color="#FF706E74" />
								</Brush>
								<PathFigure IsClosed="True">
									<PolyLine LineColor="#FF000000">
										<Point X="446.28577" Y="336.62738" />
										<Point X="446.8826" Y="336.62738" />
									</PolyLine>
									<PolyLine LineColor="#FF000000">
										<Point X="446.8826" Y="336.62738" />
										<Point X="446.8826" Y="336.03055" />
									</PolyLine>
									<PolyLine LineColor="#FF000000">
										<Point X="446.8826" Y="336.03055" />
										<Point X="446.28577" Y="336.03055" />
									</PolyLine>
								</PathFigure>
							</Path>
							<Path FillMode="Alternate" RenderTransform="1 0 0 -1 0 842">
								<Pen Alignment="Center" DashCap="Flat" DashOffset="0" DashPattern="0.5968368 0.5968368" DashStyle="Custom" EndCap="Flat" LineJoin="Miter" MiterLimit="10" StartCap="Flat" Width="0.5968368">
									<Brush>
										<SolidBrush Color="#FF706E74" />
									</Brush>
								</Pen>
								<PathFigure IsClosed="False">
									<PolyLine LineColor="#FF000000">
										<Point X="309.0133" Y="336.32898" />
										<Point X="446.28577" Y="336.32898" />
									</PolyLine>
								</PathFigure>
							</Path>
						</Canvas>
					</Canvas>
					<Canvas>
						<Clip>
							<Path FillMode="Alternate">
								<PathFigure IsClosed="True">
									<PolyLine LineColor="#FF000000">
										<Point X="28.5" Y="28.5" />
										<Point X="566.25" Y="28.5" />
									</PolyLine>
									<PolyLine LineColor="#FF000000">
										<Point X="566.25" Y="28.5" />
										<Point X="566.25" Y="813.3404" />
									</PolyLine>
									<PolyLine LineColor="#FF000000">
										<Point X="566.25" Y="813.3404" />
										<Point X="28.5" Y="813.3404" />
									</PolyLine>
									<PolyLine LineColor="#FF000000">
										<Point X="28.5" Y="813.3404" />
										<Point X="28.5" Y="28.5" />
									</PolyLine>
								</PathFigure>
							</Path>
						</Clip>
						<Path FillMode="Winding" RenderTransform="1 0 0 -1 0 842">
							<Brush>
								<SolidBrush Color="#FF939598" />
							</Brush>
							<PathFigure IsClosed="True">
								<PolyLine LineColor="#FF000000">
									<Point X="446.2858" Y="347.96725" />
									<Point X="446.2858" Y="336.62735" />
								</PolyLine>
								<PolyLine LineColor="#FF000000">
									<Point X="446.2858" Y="336.62735" />
									<Point X="446.88263" Y="336.03052" />
								</PolyLine>
								<PolyLine LineColor="#FF000000">
									<Point X="446.88263" Y="336.03052" />
									<Point X="446.88263" Y="347.96725" />
								</PolyLine>
								<PolyLine LineColor="#FF000000">
									<Point X="446.88263" Y="347.96725" />
									<Point X="446.2858" Y="347.96725" />
								</PolyLine>
							</PathFigure>
						</Path>
					</Canvas>
					<Canvas>
						<Clip>
							<Path FillMode="Alternate">
								<PathFigure IsClosed="True">
									<PolyLine LineColor="#FF000000">
										<Point X="28.5" Y="28.5" />
										<Point X="566.25" Y="28.5" />
									</PolyLine>
									<PolyLine LineColor="#FF000000">
										<Point X="566.25" Y="28.5" />
										<Point X="566.25" Y="813.3404" />
									</PolyLine>
									<PolyLine LineColor="#FF000000">
										<Point X="566.25" Y="813.3404" />
										<Point X="28.5" Y="813.3404" />
									</PolyLine>
									<PolyLine LineColor="#FF000000">
										<Point X="28.5" Y="813.3404" />
										<Point X="28.5" Y="28.5" />
									</PolyLine>
								</PathFigure>
							</Path>
						</Clip>
						<Canvas>
							<Clip>
								<Path FillMode="Winding">
									<PathFigure IsClosed="False">
										<PolyLine LineColor="#FF000000">
											<Point X="448.0763" Y="505.96948" />
											<Point X="448.0763" Y="505.37265" />
										</PolyLine>
										<PolyLine LineColor="#FF000000">
											<Point X="448.0763" Y="505.37265" />
											<Point X="542.3765" Y="505.37265" />
										</PolyLine>
										<PolyLine LineColor="#FF000000">
											<Point X="542.3765" Y="505.37265" />
											<Point X="542.3765" Y="505.96948" />
										</PolyLine>
									</PathFigure>
								</Path>
							</Clip>
							<Path FillMode="Winding" RenderTransform="1 0 0 -1 0 842">
								<Brush>
									<SolidBrush Color="#FF706E74" />
								</Brush>
								<PathFigure IsClosed="True">
									<PolyLine LineColor="#FF000000">
										<Point X="448.07626" Y="336.62738" />
										<Point X="448.6731" Y="336.62738" />
									</PolyLine>
									<PolyLine LineColor="#FF000000">
										<Point X="448.6731" Y="336.62738" />
										<Point X="448.6731" Y="336.03055" />
									</PolyLine>
									<PolyLine LineColor="#FF000000">
										<Point X="448.6731" Y="336.03055" />
										<Point X="448.07626" Y="336.03055" />
									</PolyLine>
								</PathFigure>
							</Path>
							<Path FillMode="Winding" RenderTransform="1 0 0 -1 0 842">
								<Brush>
									<SolidBrush Color="#FF706E74" />
								</Brush>
								<PathFigure IsClosed="True">
									<PolyLine LineColor="#FF000000">
										<Point X="541.77966" Y="336.62738" />
										<Point X="542.37646" Y="336.62738" />
									</PolyLine>
									<PolyLine LineColor="#FF000000">
										<Point X="542.37646" Y="336.62738" />
										<Point X="542.37646" Y="336.03055" />
									</PolyLine>
									<PolyLine LineColor="#FF000000">
										<Point X="542.37646" Y="336.03055" />
										<Point X="541.77966" Y="336.03055" />
									</PolyLine>
								</PathFigure>
							</Path>
							<Path FillMode="Alternate" RenderTransform="1 0 0 -1 0 842">
								<Pen Alignment="Center" DashCap="Flat" DashOffset="0" DashPattern="0.5968368 0.5968368" DashStyle="Custom" EndCap="Flat" LineJoin="Miter" MiterLimit="10" StartCap="Flat" Width="0.5968368">
									<Brush>
										<SolidBrush Color="#FF706E74" />
									</Brush>
								</Pen>
								<PathFigure IsClosed="False">
									<PolyLine LineColor="#FF000000">
										<Point X="448.6731" Y="336.32898" />
										<Point X="541.77966" Y="336.32898" />
									</PolyLine>
								</PathFigure>
							</Path>
						</Canvas>
					</Canvas>
					<Canvas>
						<Clip>
							<Path FillMode="Alternate">
								<PathFigure IsClosed="True">
									<PolyLine LineColor="#FF000000">
										<Point X="28.5" Y="28.5" />
										<Point X="566.25" Y="28.5" />
									</PolyLine>
									<PolyLine LineColor="#FF000000">
										<Point X="566.25" Y="28.5" />
										<Point X="566.25" Y="813.3404" />
									</PolyLine>
									<PolyLine LineColor="#FF000000">
										<Point X="566.25" Y="813.3404" />
										<Point X="28.5" Y="813.3404" />
									</PolyLine>
									<PolyLine LineColor="#FF000000">
										<Point X="28.5" Y="813.3404" />
										<Point X="28.5" Y="28.5" />
									</PolyLine>
								</PathFigure>
							</Path>
						</Clip>
					</Canvas>
					<Canvas>
						<Clip>
							<Path FillMode="Alternate">
								<PathFigure IsClosed="True">
									<PolyLine LineColor="#FF000000">
										<Point X="28.5" Y="28.5" />
										<Point X="566.25" Y="28.5" />
									</PolyLine>
									<PolyLine LineColor="#FF000000">
										<Point X="566.25" Y="28.5" />
										<Point X="566.25" Y="813.3404" />
									</PolyLine>
									<PolyLine LineColor="#FF000000">
										<Point X="566.25" Y="813.3404" />
										<Point X="28.5" Y="813.3404" />
									</PolyLine>
									<PolyLine LineColor="#FF000000">
										<Point X="28.5" Y="813.3404" />
										<Point X="28.5" Y="28.5" />
									</PolyLine>
								</PathFigure>
							</Path>
						</Clip>
						<Canvas>
							<Clip>
								<Path FillMode="Winding">
									<PathFigure IsClosed="False">
										<PolyLine LineColor="#FF000000">
											<Point X="308.41647" Y="519.09985" />
											<Point X="308.41647" Y="518.50305" />
										</PolyLine>
										<PolyLine LineColor="#FF000000">
											<Point X="308.41647" Y="518.50305" />
											<Point X="446.2858" Y="518.50305" />
										</PolyLine>
										<PolyLine LineColor="#FF000000">
											<Point X="446.2858" Y="518.50305" />
											<Point X="446.88263" Y="519.09985" />
										</PolyLine>
									</PathFigure>
								</Path>
							</Clip>
							<Path FillMode="Winding" RenderTransform="1 0 0 -1 0 842">
								<Brush>
									<SolidBrush Color="#FF706E74" />
								</Brush>
								<PathFigure IsClosed="True">
									<PolyLine LineColor="#FF000000">
										<Point X="308.41647" Y="323.49698" />
										<Point X="309.0133" Y="323.49698" />
									</PolyLine>
									<PolyLine LineColor="#FF000000">
										<Point X="309.0133" Y="323.49698" />
										<Point X="309.0133" Y="322.90015" />
									</PolyLine>
									<PolyLine LineColor="#FF000000">
										<Point X="309.0133" Y="322.90015" />
										<Point X="308.41647" Y="322.90015" />
									</PolyLine>
								</PathFigure>
							</Path>
							<Path FillMode="Winding" RenderTransform="1 0 0 -1 0 842">
								<Brush>
									<SolidBrush Color="#FF706E74" />
								</Brush>
								<PathFigure IsClosed="True">
									<PolyLine LineColor="#FF000000">
										<Point X="446.28577" Y="323.49698" />
										<Point X="446.8826" Y="323.49698" />
									</PolyLine>
									<PolyLine LineColor="#FF000000">
										<Point X="446.8826" Y="323.49698" />
										<Point X="446.8826" Y="322.90015" />
									</PolyLine>
									<PolyLine LineColor="#FF000000">
										<Point X="446.8826" Y="322.90015" />
										<Point X="446.28577" Y="322.90015" />
									</PolyLine>
								</PathFigure>
							</Path>
							<Path FillMode="Alternate" RenderTransform="1 0 0 -1 0 842">
								<Pen Alignment="Center" DashCap="Flat" DashOffset="0" DashPattern="0.5968368 0.5968368" DashStyle="Custom" EndCap="Flat" LineJoin="Miter" MiterLimit="10" StartCap="Flat" Width="0.5968368">
									<Brush>
										<SolidBrush Color="#FF706E74" />
									</Brush>
								</Pen>
								<PathFigure IsClosed="False">
									<PolyLine LineColor="#FF000000">
										<Point X="309.0133" Y="323.19858" />
										<Point X="446.28577" Y="323.19858" />
									</PolyLine>
								</PathFigure>
							</Path>
						</Canvas>
					</Canvas>
					<Canvas>
						<Clip>
							<Path FillMode="Alternate">
								<PathFigure IsClosed="True">
									<PolyLine LineColor="#FF000000">
										<Point X="28.5" Y="28.5" />
										<Point X="566.25" Y="28.5" />
									</PolyLine>
									<PolyLine LineColor="#FF000000">
										<Point X="566.25" Y="28.5" />
										<Point X="566.25" Y="813.3404" />
									</PolyLine>
									<PolyLine LineColor="#FF000000">
										<Point X="566.25" Y="813.3404" />
										<Point X="28.5" Y="813.3404" />
									</PolyLine>
									<PolyLine LineColor="#FF000000">
										<Point X="28.5" Y="813.3404" />
										<Point X="28.5" Y="28.5" />
									</PolyLine>
								</PathFigure>
							</Path>
						</Clip>
						<Path FillMode="Winding" RenderTransform="1 0 0 -1 0 842">
							<Brush>
								<SolidBrush Color="#FF939598" />
							</Brush>
							<PathFigure IsClosed="True">
								<PolyLine LineColor="#FF000000">
									<Point X="446.2858" Y="334.83685" />
									<Point X="446.2858" Y="323.49695" />
								</PolyLine>
								<PolyLine LineColor="#FF000000">
									<Point X="446.2858" Y="323.49695" />
									<Point X="446.88263" Y="322.90012" />
								</PolyLine>
								<PolyLine LineColor="#FF000000">
									<Point X="446.88263" Y="322.90012" />
									<Point X="446.88263" Y="334.83685" />
								</PolyLine>
								<PolyLine LineColor="#FF000000">
									<Point X="446.88263" Y="334.83685" />
									<Point X="446.2858" Y="334.83685" />
								</PolyLine>
							</PathFigure>
						</Path>
					</Canvas>
					<Canvas>
						<Clip>
							<Path FillMode="Alternate">
								<PathFigure IsClosed="True">
									<PolyLine LineColor="#FF000000">
										<Point X="28.5" Y="28.5" />
										<Point X="566.25" Y="28.5" />
									</PolyLine>
									<PolyLine LineColor="#FF000000">
										<Point X="566.25" Y="28.5" />
										<Point X="566.25" Y="813.3404" />
									</PolyLine>
									<PolyLine LineColor="#FF000000">
										<Point X="566.25" Y="813.3404" />
										<Point X="28.5" Y="813.3404" />
									</PolyLine>
									<PolyLine LineColor="#FF000000">
										<Point X="28.5" Y="813.3404" />
										<Point X="28.5" Y="28.5" />
									</PolyLine>
								</PathFigure>
							</Path>
						</Clip>
						<Canvas>
							<Clip>
								<Path FillMode="Winding">
									<PathFigure IsClosed="False">
										<PolyLine LineColor="#FF000000">
											<Point X="448.0763" Y="519.09985" />
											<Point X="448.0763" Y="518.50305" />
										</PolyLine>
										<PolyLine LineColor="#FF000000">
											<Point X="448.0763" Y="518.50305" />
											<Point X="542.3765" Y="518.50305" />
										</PolyLine>
										<PolyLine LineColor="#FF000000">
											<Point X="542.3765" Y="518.50305" />
											<Point X="542.3765" Y="519.09985" />
										</PolyLine>
									</PathFigure>
								</Path>
							</Clip>
							<Path FillMode="Winding" RenderTransform="1 0 0 -1 0 842">
								<Brush>
									<SolidBrush Color="#FF706E74" />
								</Brush>
								<PathFigure IsClosed="True">
									<PolyLine LineColor="#FF000000">
										<Point X="448.07626" Y="323.49698" />
										<Point X="448.6731" Y="323.49698" />
									</PolyLine>
									<PolyLine LineColor="#FF000000">
										<Point X="448.6731" Y="323.49698" />
										<Point X="448.6731" Y="322.90015" />
									</PolyLine>
									<PolyLine LineColor="#FF000000">
										<Point X="448.6731" Y="322.90015" />
										<Point X="448.07626" Y="322.90015" />
									</PolyLine>
								</PathFigure>
							</Path>
							<Path FillMode="Winding" RenderTransform="1 0 0 -1 0 842">
								<Brush>
									<SolidBrush Color="#FF706E74" />
								</Brush>
								<PathFigure IsClosed="True">
									<PolyLine LineColor="#FF000000">
										<Point X="541.77966" Y="323.49698" />
										<Point X="542.37646" Y="323.49698" />
									</PolyLine>
									<PolyLine LineColor="#FF000000">
										<Point X="542.37646" Y="323.49698" />
										<Point X="542.37646" Y="322.90015" />
									</PolyLine>
									<PolyLine LineColor="#FF000000">
										<Point X="542.37646" Y="322.90015" />
										<Point X="541.77966" Y="322.90015" />
									</PolyLine>
								</PathFigure>
							</Path>
							<Path FillMode="Alternate" RenderTransform="1 0 0 -1 0 842">
								<Pen Alignment="Center" DashCap="Flat" DashOffset="0" DashPattern="0.5968368 0.5968368" DashStyle="Custom" EndCap="Flat" LineJoin="Miter" MiterLimit="10" StartCap="Flat" Width="0.5968368">
									<Brush>
										<SolidBrush Color="#FF706E74" />
									</Brush>
								</Pen>
								<PathFigure IsClosed="False">
									<PolyLine LineColor="#FF000000">
										<Point X="448.6731" Y="323.19858" />
										<Point X="541.77966" Y="323.19858" />
									</PolyLine>
								</PathFigure>
							</Path>
						</Canvas>
					</Canvas>
					<Canvas>
						<Clip>
							<Path FillMode="Alternate">
								<PathFigure IsClosed="True">
									<PolyLine LineColor="#FF000000">
										<Point X="28.5" Y="28.5" />
										<Point X="566.25" Y="28.5" />
									</PolyLine>
									<PolyLine LineColor="#FF000000">
										<Point X="566.25" Y="28.5" />
										<Point X="566.25" Y="813.3404" />
									</PolyLine>
									<PolyLine LineColor="#FF000000">
										<Point X="566.25" Y="813.3404" />
										<Point X="28.5" Y="813.3404" />
									</PolyLine>
									<PolyLine LineColor="#FF000000">
										<Point X="28.5" Y="813.3404" />
										<Point X="28.5" Y="28.5" />
									</PolyLine>
								</PathFigure>
							</Path>
						</Clip>
					</Canvas>
					<Canvas>
						<Clip>
							<Path FillMode="Alternate">
								<PathFigure IsClosed="True">
									<PolyLine LineColor="#FF000000">
										<Point X="28.5" Y="28.5" />
										<Point X="566.25" Y="28.5" />
									</PolyLine>
									<PolyLine LineColor="#FF000000">
										<Point X="566.25" Y="28.5" />
										<Point X="566.25" Y="813.3404" />
									</PolyLine>
									<PolyLine LineColor="#FF000000">
										<Point X="566.25" Y="813.3404" />
										<Point X="28.5" Y="813.3404" />
									</PolyLine>
									<PolyLine LineColor="#FF000000">
										<Point X="28.5" Y="813.3404" />
										<Point X="28.5" Y="28.5" />
									</PolyLine>
								</PathFigure>
							</Path>
						</Clip>
						<Canvas>
							<Clip>
								<Path FillMode="Winding">
									<PathFigure IsClosed="False">
										<PolyLine LineColor="#FF000000">
											<Point X="308.41647" Y="532.2303" />
											<Point X="308.41647" Y="531.6334" />
										</PolyLine>
										<PolyLine LineColor="#FF000000">
											<Point X="308.41647" Y="531.6334" />
											<Point X="446.2858" Y="531.6334" />
										</PolyLine>
										<PolyLine LineColor="#FF000000">
											<Point X="446.2858" Y="531.6334" />
											<Point X="446.88263" Y="532.2303" />
										</PolyLine>
									</PathFigure>
								</Path>
							</Clip>
							<Path FillMode="Winding" RenderTransform="1 0 0 -1 0 842">
								<Brush>
									<SolidBrush Color="#FF706E74" />
								</Brush>
								<PathFigure IsClosed="True">
									<PolyLine LineColor="#FF000000">
										<Point X="308.41647" Y="310.36658" />
										<Point X="309.0133" Y="310.36658" />
									</PolyLine>
									<PolyLine LineColor="#FF000000">
										<Point X="309.0133" Y="310.36658" />
										<Point X="309.0133" Y="309.76974" />
									</PolyLine>
									<PolyLine LineColor="#FF000000">
										<Point X="309.0133" Y="309.76974" />
										<Point X="308.41647" Y="309.76974" />
									</PolyLine>
								</PathFigure>
							</Path>
							<Path FillMode="Winding" RenderTransform="1 0 0 -1 0 842">
								<Brush>
									<SolidBrush Color="#FF706E74" />
								</Brush>
								<PathFigure IsClosed="True">
									<PolyLine LineColor="#FF000000">
										<Point X="446.28577" Y="310.36658" />
										<Point X="446.8826" Y="310.36658" />
									</PolyLine>
									<PolyLine LineColor="#FF000000">
										<Point X="446.8826" Y="310.36658" />
										<Point X="446.8826" Y="309.76974" />
									</PolyLine>
									<PolyLine LineColor="#FF000000">
										<Point X="446.8826" Y="309.76974" />
										<Point X="446.28577" Y="309.76974" />
									</PolyLine>
								</PathFigure>
							</Path>
							<Path FillMode="Alternate" RenderTransform="1 0 0 -1 0 842">
								<Pen Alignment="Center" DashCap="Flat" DashOffset="0" DashPattern="0.5968368 0.5968368" DashStyle="Custom" EndCap="Flat" LineJoin="Miter" MiterLimit="10" StartCap="Flat" Width="0.5968368">
									<Brush>
										<SolidBrush Color="#FF706E74" />
									</Brush>
								</Pen>
								<PathFigure IsClosed="False">
									<PolyLine LineColor="#FF000000">
										<Point X="309.0133" Y="310.06815" />
										<Point X="446.28577" Y="310.06815" />
									</PolyLine>
								</PathFigure>
							</Path>
						</Canvas>
					</Canvas>
					<Canvas>
						<Clip>
							<Path FillMode="Alternate">
								<PathFigure IsClosed="True">
									<PolyLine LineColor="#FF000000">
										<Point X="28.5" Y="28.5" />
										<Point X="566.25" Y="28.5" />
									</PolyLine>
									<PolyLine LineColor="#FF000000">
										<Point X="566.25" Y="28.5" />
										<Point X="566.25" Y="813.3404" />
									</PolyLine>
									<PolyLine LineColor="#FF000000">
										<Point X="566.25" Y="813.3404" />
										<Point X="28.5" Y="813.3404" />
									</PolyLine>
									<PolyLine LineColor="#FF000000">
										<Point X="28.5" Y="813.3404" />
										<Point X="28.5" Y="28.5" />
									</PolyLine>
								</PathFigure>
							</Path>
						</Clip>
						<Path FillMode="Winding" RenderTransform="1 0 0 -1 0 842">
							<Brush>
								<SolidBrush Color="#FF939598" />
							</Brush>
							<PathFigure IsClosed="True">
								<PolyLine LineColor="#FF000000">
									<Point X="446.2858" Y="321.70645" />
									<Point X="446.2858" Y="310.36655" />
								</PolyLine>
								<PolyLine LineColor="#FF000000">
									<Point X="446.2858" Y="310.36655" />
									<Point X="446.88263" Y="309.7697" />
								</PolyLine>
								<PolyLine LineColor="#FF000000">
									<Point X="446.88263" Y="309.7697" />
									<Point X="446.88263" Y="321.70645" />
								</PolyLine>
								<PolyLine LineColor="#FF000000">
									<Point X="446.88263" Y="321.70645" />
									<Point X="446.2858" Y="321.70645" />
								</PolyLine>
							</PathFigure>
						</Path>
					</Canvas>
					<Canvas>
						<Clip>
							<Path FillMode="Alternate">
								<PathFigure IsClosed="True">
									<PolyLine LineColor="#FF000000">
										<Point X="28.5" Y="28.5" />
										<Point X="566.25" Y="28.5" />
									</PolyLine>
									<PolyLine LineColor="#FF000000">
										<Point X="566.25" Y="28.5" />
										<Point X="566.25" Y="813.3404" />
									</PolyLine>
									<PolyLine LineColor="#FF000000">
										<Point X="566.25" Y="813.3404" />
										<Point X="28.5" Y="813.3404" />
									</PolyLine>
									<PolyLine LineColor="#FF000000">
										<Point X="28.5" Y="813.3404" />
										<Point X="28.5" Y="28.5" />
									</PolyLine>
								</PathFigure>
							</Path>
						</Clip>
						<Canvas>
							<Clip>
								<Path FillMode="Winding">
									<PathFigure IsClosed="False">
										<PolyLine LineColor="#FF000000">
											<Point X="448.0763" Y="532.2303" />
											<Point X="448.0763" Y="531.6334" />
										</PolyLine>
										<PolyLine LineColor="#FF000000">
											<Point X="448.0763" Y="531.6334" />
											<Point X="542.3765" Y="531.6334" />
										</PolyLine>
										<PolyLine LineColor="#FF000000">
											<Point X="542.3765" Y="531.6334" />
											<Point X="542.3765" Y="532.2303" />
										</PolyLine>
									</PathFigure>
								</Path>
							</Clip>
							<Path FillMode="Winding" RenderTransform="1 0 0 -1 0 842">
								<Brush>
									<SolidBrush Color="#FF706E74" />
								</Brush>
								<PathFigure IsClosed="True">
									<PolyLine LineColor="#FF000000">
										<Point X="448.07626" Y="310.36658" />
										<Point X="448.6731" Y="310.36658" />
									</PolyLine>
									<PolyLine LineColor="#FF000000">
										<Point X="448.6731" Y="310.36658" />
										<Point X="448.6731" Y="309.76974" />
									</PolyLine>
									<PolyLine LineColor="#FF000000">
										<Point X="448.6731" Y="309.76974" />
										<Point X="448.07626" Y="309.76974" />
									</PolyLine>
								</PathFigure>
							</Path>
							<Path FillMode="Winding" RenderTransform="1 0 0 -1 0 842">
								<Brush>
									<SolidBrush Color="#FF706E74" />
								</Brush>
								<PathFigure IsClosed="True">
									<PolyLine LineColor="#FF000000">
										<Point X="541.77966" Y="310.36658" />
										<Point X="542.37646" Y="310.36658" />
									</PolyLine>
									<PolyLine LineColor="#FF000000">
										<Point X="542.37646" Y="310.36658" />
										<Point X="542.37646" Y="309.76974" />
									</PolyLine>
									<PolyLine LineColor="#FF000000">
										<Point X="542.37646" Y="309.76974" />
										<Point X="541.77966" Y="309.76974" />
									</PolyLine>
								</PathFigure>
							</Path>
							<Path FillMode="Alternate" RenderTransform="1 0 0 -1 0 842">
								<Pen Alignment="Center" DashCap="Flat" DashOffset="0" DashPattern="0.5968368 0.5968368" DashStyle="Custom" EndCap="Flat" LineJoin="Miter" MiterLimit="10" StartCap="Flat" Width="0.5968368">
									<Brush>
										<SolidBrush Color="#FF706E74" />
									</Brush>
								</Pen>
								<PathFigure IsClosed="False">
									<PolyLine LineColor="#FF000000">
										<Point X="448.6731" Y="310.06815" />
										<Point X="541.77966" Y="310.06815" />
									</PolyLine>
								</PathFigure>
							</Path>
						</Canvas>
					</Canvas>
					<Canvas>
						<Clip>
							<Path FillMode="Alternate">
								<PathFigure IsClosed="True">
									<PolyLine LineColor="#FF000000">
										<Point X="28.5" Y="28.5" />
										<Point X="566.25" Y="28.5" />
									</PolyLine>
									<PolyLine LineColor="#FF000000">
										<Point X="566.25" Y="28.5" />
										<Point X="566.25" Y="813.3404" />
									</PolyLine>
									<PolyLine LineColor="#FF000000">
										<Point X="566.25" Y="813.3404" />
										<Point X="28.5" Y="813.3404" />
									</PolyLine>
									<PolyLine LineColor="#FF000000">
										<Point X="28.5" Y="813.3404" />
										<Point X="28.5" Y="28.5" />
									</PolyLine>
								</PathFigure>
							</Path>
						</Clip>
						<Glyphs OutlineWidth="0.5" CharSpace="0" RenderTransform="0.5968368 0 -0 0.5968368 307.22278 374.66534">
							<Font SizePoints="16" Style="Bold" FamilyName="HPDHEV+BlissPro-Bold" Capitals="Normal" ResourceId="3" />
							<Origin X="0" Y="0" />
							<Text>О</Text>
							<Size Width="12.224" Height="9.328125" />
							<Brush>
								<SolidBrush Color="#FF0063A8" />
							</Brush>
							<Tag>convertedFont</Tag>
						</Glyphs>
						<Glyphs OutlineWidth="0.5" CharSpace="0" RenderTransform="0.5968368 0 -0 0.5968368 314.57135 374.66534">
							<Font SizePoints="16" Style="Bold" FamilyName="HPDHEV+BlissPro-Bold" Capitals="Normal" ResourceId="3" />
							<Origin X="0" Y="0" />
							<Text>Б</Text>
							<Size Width="9.024" Height="9.328125" />
							<Brush>
								<SolidBrush Color="#FF0063A8" />
							</Brush>
							<Tag>convertedFont</Tag>
						</Glyphs>
						<Glyphs OutlineWidth="0.5" CharSpace="0" RenderTransform="0.5968368 0 -0 0.5968368 319.99884 374.66534">
							<Font SizePoints="16" Style="Bold" FamilyName="HPDHEV+BlissPro-Bold" Capitals="Normal" ResourceId="3" />
							<Origin X="0" Y="0" />
							<Text>Щ</Text>
							<Size Width="15.568" Height="9.328125" />
							<Brush>
								<SolidBrush Color="#FF0063A8" />
							</Brush>
							<Tag>convertedFont</Tag>
						</Glyphs>
						<Glyphs OutlineWidth="0.5" CharSpace="0" RenderTransform="0.5968368 0 -0 0.5968368 329.3617 374.66534">
							<Font SizePoints="16" Style="Bold" FamilyName="HPDHEV+BlissPro-Bold" Capitals="Normal" ResourceId="3" />
							<Origin X="0" Y="0" />
							<Text>А</Text>
							<Size Width="10.064" Height="9.328125" />
							<Brush>
								<SolidBrush Color="#FF0063A8" />
							</Brush>
							<Tag>convertedFont</Tag>
						</Glyphs>
						<Glyphs OutlineWidth="0.5" CharSpace="0" RenderTransform="0.5968368 0 -0 0.5968368 335.414 374.66534">
							<Font SizePoints="16" Style="Bold" FamilyName="HPDHEV+BlissPro-Bold" Capitals="Normal" ResourceId="3" />
							<Origin X="0" Y="0" />
							<Text>Я</Text>
							<Size Width="9.632" Height="9.328125" />
							<Brush>
								<SolidBrush Color="#FF0063A8" />
							</Brush>
							<Tag>convertedFont</Tag>
						</Glyphs>
						<Glyphs OutlineWidth="0.5" CharSpace="0" RenderTransform="0.5968368 0 -0 0.5968368 341.20517 374.66534">
							<Font SizePoints="16" Style="Bold" FamilyName="HPDHEV+BlissPro-Bold" Capitals="Normal" ResourceId="3" />
							<Origin X="0" Y="0" />
							<Text> </Text>
							<Size Width="3.424" Height="9.328125" />
							<Brush>
								<SolidBrush Color="#FF0063A8" />
							</Brush>
							<Tag>convertedFont</Tag>
						</Glyphs>
						<Glyphs OutlineWidth="0.5" CharSpace="0" RenderTransform="0.5968368 0 -0 0.5968368 343.26614 374.66534">
							<Font SizePoints="16" Style="Bold" FamilyName="HPDHEV+BlissPro-Bold" Capitals="Normal" ResourceId="3" />
							<Origin X="0" Y="0" />
							<Text>И</Text>
							<Size Width="11.872" Height="9.328125" />
							<Brush>
								<SolidBrush Color="#FF0063A8" />
							</Brush>
							<Tag>convertedFont</Tag>
						</Glyphs>
						<Glyphs OutlineWidth="0.5" CharSpace="0" RenderTransform="0.5968368 0 -0 0.5968368 350.4002 374.66534">
							<Font SizePoints="16" Style="Bold" FamilyName="HPDHEV+BlissPro-Bold" Capitals="Normal" ResourceId="3" />
							<Origin X="0" Y="0" />
							<Text>Н</Text>
							<Size Width="11.392" Height="9.328125" />
							<Brush>
								<SolidBrush Color="#FF0063A8" />
							</Brush>
							<Tag>convertedFont</Tag>
						</Glyphs>
						<Glyphs OutlineWidth="0.5" CharSpace="0" RenderTransform="0.5968368 0 -0 0.5968368 357.2545 374.66534">
							<Font SizePoints="16" Style="Bold" FamilyName="HPDHEV+BlissPro-Bold" Capitals="Normal" ResourceId="3" />
							<Origin X="0" Y="0" />
							<Text>Ф</Text>
							<Size Width="12.416" Height="9.328125" />
							<Brush>
								<SolidBrush Color="#FF0063A8" />
							</Brush>
							<Tag>convertedFont</Tag>
						</Glyphs>
						<Glyphs OutlineWidth="0.5" CharSpace="0" RenderTransform="0.5968368 0 -0 0.5968368 364.71497 374.66534">
							<Font SizePoints="16" Style="Bold" FamilyName="HPDHEV+BlissPro-Bold" Capitals="Normal" ResourceId="3" />
							<Origin X="0" Y="0" />
							<Text>О</Text>
							<Size Width="12.224" Height="9.328125" />
							<Brush>
								<SolidBrush Color="#FF0063A8" />
							</Brush>
							<Tag>convertedFont</Tag>
						</Glyphs>
						<Glyphs OutlineWidth="0.5" CharSpace="0" RenderTransform="0.5968368 0 -0 0.5968368 372.0635 374.66534">
							<Font SizePoints="16" Style="Bold" FamilyName="HPDHEV+BlissPro-Bold" Capitals="Normal" ResourceId="3" />
							<Origin X="0" Y="0" />
							<Text>Р</Text>
							<Size Width="8.624" Height="9.328125" />
							<Brush>
								<SolidBrush Color="#FF0063A8" />
							</Brush>
							<Tag>convertedFont</Tag>
						</Glyphs>
						<Glyphs OutlineWidth="0.5" CharSpace="0" RenderTransform="0.5968368 0 -0 0.5968368 377.24854 374.66534">
							<Font SizePoints="16" Style="Bold" FamilyName="HPDHEV+BlissPro-Bold" Capitals="Normal" ResourceId="3" />
							<Origin X="0" Y="0" />
							<Text>М</Text>
							<Size Width="13.072" Height="9.328125" />
							<Brush>
								<SolidBrush Color="#FF0063A8" />
							</Brush>
							<Tag>convertedFont</Tag>
						</Glyphs>
						<Glyphs OutlineWidth="0.5" CharSpace="0" RenderTransform="0.5968368 0 -0 0.5968368 385.10068 374.66534">
							<Font SizePoints="16" Style="Bold" FamilyName="HPDHEV+BlissPro-Bold" Capitals="Normal" ResourceId="3" />
							<Origin X="0" Y="0" />
							<Text>А</Text>
							<Size Width="10.064" Height="9.328125" />
							<Brush>
								<SolidBrush Color="#FF0063A8" />
							</Brush>
							<Tag>convertedFont</Tag>
						</Glyphs>
						<Glyphs OutlineWidth="0.5" CharSpace="0" RenderTransform="0.5968368 0 -0 0.5968368 391.15295 374.66534">
							<Font SizePoints="16" Style="Bold" FamilyName="HPDHEV+BlissPro-Bold" Capitals="Normal" ResourceId="3" />
							<Origin X="0" Y="0" />
							<Text>Ц</Text>
							<Size Width="11.424" Height="9.328125" />
							<Brush>
								<SolidBrush Color="#FF0063A8" />
							</Brush>
							<Tag>convertedFont</Tag>
						</Glyphs>
						<Glyphs OutlineWidth="0.5" CharSpace="0" RenderTransform="0.5968368 0 -0 0.5968368 398.0259 374.66534">
							<Font SizePoints="16" Style="Bold" FamilyName="HPDHEV+BlissPro-Bold" Capitals="Normal" ResourceId="3" />
							<Origin X="0" Y="0" />
							<Text>И</Text>
							<Size Width="11.872" Height="9.328125" />
							<Brush>
								<SolidBrush Color="#FF0063A8" />
							</Brush>
							<Tag>convertedFont</Tag>
						</Glyphs>
						<Glyphs OutlineWidth="0.5" CharSpace="0" RenderTransform="0.5968368 0 -0 0.5968368 405.15997 374.66534">
							<Font SizePoints="16" Style="Bold" FamilyName="HPDHEV+BlissPro-Bold" Capitals="Normal" ResourceId="3" />
							<Origin X="0" Y="0" />
							<Text>Я</Text>
							<Size Width="9.632" Height="9.328125" />
							<Brush>
								<SolidBrush Color="#FF0063A8" />
							</Brush>
							<Tag>convertedFont</Tag>
						</Glyphs>
						<Glyphs OutlineWidth="0.5" CharSpace="0" RenderTransform="0.5968368 0 -0 0.5968368 313.19116 390.1831">
							<Font SizePoints="14" Style="Regular" FamilyName="CSMVMI+BlissPro" Capitals="Normal" ResourceId="2" />
							<Origin X="0" Y="0" />
							<Text>Т</Text>
							<Size Width="7.14" Height="8.162108" />
							<Brush>
								<SolidBrush Color="#FF000000" />
							</Brush>
							<Tag>convertedFont</Tag>
						</Glyphs>
						<Glyphs OutlineWidth="0.5" CharSpace="0" RenderTransform="0.5968368 0 -0 0.5968368 317.48093 390.1831">
							<Font SizePoints="14" Style="Regular" FamilyName="CSMVMI+BlissPro" Capitals="Normal" ResourceId="2" />
							<Origin X="0" Y="0" />
							<Text>и</Text>
							<Size Width="7.518" Height="8.162108" />
							<Brush>
								<SolidBrush Color="#FF000000" />
							</Brush>
							<Tag>convertedFont</Tag>
						</Glyphs>
						<Glyphs OutlineWidth="0.5" CharSpace="0" RenderTransform="0.5968368 0 -0 0.5968368 321.9945 390.1831">
							<Font SizePoints="14" Style="Regular" FamilyName="CSMVMI+BlissPro" Capitals="Normal" ResourceId="2" />
							<Origin X="0" Y="0" />
							<Text>п</Text>
							<Size Width="7.182" Height="8.162108" />
							<Brush>
								<SolidBrush Color="#FF000000" />
							</Brush>
							<Tag>convertedFont</Tag>
						</Glyphs>
						<Glyphs OutlineWidth="0.5" CharSpace="0" RenderTransform="0.5968368 0 -0 0.5968368 326.31223 390.1831">
							<Font SizePoints="14" Style="Regular" FamilyName="CSMVMI+BlissPro" Capitals="Normal" ResourceId="2" />
							<Origin X="0" Y="0" />
							<Text> </Text>
							<Size Width="3.094" Height="8.162108" />
							<Brush>
								<SolidBrush Color="#FF000000" />
							</Brush>
							<Tag>convertedFont</Tag>
						</Glyphs>
						<Glyphs OutlineWidth="0.5" CharSpace="0" RenderTransform="0.5968368 0 -0 0.5968368 328.16803 390.1831">
							<Font SizePoints="14" Style="Regular" FamilyName="CSMVMI+BlissPro" Capitals="Normal" ResourceId="2" />
							<Origin X="0" Y="0" />
							<Text>у</Text>
							<Size Width="6.776" Height="8.162108" />
							<Brush>
								<SolidBrush Color="#FF000000" />
							</Brush>
							<Tag>convertedFont</Tag>
						</Glyphs>
						<Glyphs OutlineWidth="0.5" CharSpace="0" RenderTransform="0.5968368 0 -0 0.5968368 332.24332 390.1831">
							<Font SizePoints="14" Style="Regular" FamilyName="CSMVMI+BlissPro" Capitals="Normal" ResourceId="2" />
							<Origin X="0" Y="0" />
							<Text>с</Text>
							<Size Width="6.076" Height="8.162108" />
							<Brush>
								<SolidBrush Color="#FF000000" />
							</Brush>
							<Tag>convertedFont</Tag>
						</Glyphs>
						<Glyphs OutlineWidth="0.5" CharSpace="0" RenderTransform="0.5968368 0 -0 0.5968368 335.88962 390.1831">
							<Font SizePoints="14" Style="Regular" FamilyName="CSMVMI+BlissPro" Capitals="Normal" ResourceId="2" />
							<Origin X="0" Y="0" />
							<Text>т</Text>
							<Size Width="6.174" Height="8.162108" />
							<Brush>
								<SolidBrush Color="#FF000000" />
							</Brush>
							<Tag>convertedFont</Tag>
						</Glyphs>
						<Glyphs OutlineWidth="0.5" CharSpace="0" RenderTransform="0.5968368 0 -0 0.5968368 339.6012 390.1831">
							<Font SizePoints="14" Style="Regular" FamilyName="CSMVMI+BlissPro" Capitals="Normal" ResourceId="2" />
							<Origin X="0" Y="0" />
							<Text>а</Text>
							<Size Width="6.608" Height="8.162108" />
							<Brush>
								<SolidBrush Color="#FF000000" />
							</Brush>
							<Tag>convertedFont</Tag>
						</Glyphs>
						<Glyphs OutlineWidth="0.5" CharSpace="0" RenderTransform="0.5968368 0 -0 0.5968368 343.57388 390.1831">
							<Font SizePoints="14" Style="Regular" FamilyName="CSMVMI+BlissPro" Capitals="Normal" ResourceId="2" />
							<Origin X="0" Y="0" />
							<Text>н</Text>
							<Size Width="7.266" Height="8.162108" />
							<Brush>
								<SolidBrush Color="#FF000000" />
							</Brush>
							<Tag>convertedFont</Tag>
						</Glyphs>
						<Glyphs OutlineWidth="0.5" CharSpace="0" RenderTransform="0.5968368 0 -0 0.5968368 347.93826 390.1831">
							<Font SizePoints="14" Style="Regular" FamilyName="CSMVMI+BlissPro" Capitals="Normal" ResourceId="2" />
							<Origin X="0" Y="0" />
							<Text>о</Text>
							<Size Width="7.364" Height="8.162108" />
							<Brush>
								<SolidBrush Color="#FF000000" />
							</Brush>
							<Tag>convertedFont</Tag>
						</Glyphs>
						<Glyphs OutlineWidth="0.5" CharSpace="0" RenderTransform="0.5968368 0 -0 0.5968368 352.35858 390.1831">
							<Font SizePoints="14" Style="Regular" FamilyName="CSMVMI+BlissPro" Capitals="Normal" ResourceId="2" />
							<Origin X="0" Y="0" />
							<Text>в</Text>
							<Size Width="6.538" Height="8.162108" />
							<Brush>
								<SolidBrush Color="#FF000000" />
							</Brush>
							<Tag>convertedFont</Tag>
						</Glyphs>
						<Glyphs OutlineWidth="0.5" CharSpace="0" RenderTransform="0.5968368 0 -0 0.5968368 356.29398 390.1831">
							<Font SizePoints="14" Style="Regular" FamilyName="CSMVMI+BlissPro" Capitals="Normal" ResourceId="2" />
							<Origin X="0" Y="0" />
							<Text>к</Text>
							<Size Width="6.496" Height="8.162108" />
							<Brush>
								<SolidBrush Color="#FF000000" />
							</Brush>
							<Tag>convertedFont</Tag>
						</Glyphs>
						<Glyphs OutlineWidth="0.5" CharSpace="0" RenderTransform="0.5968368 0 -0 0.5968368 360.2014 390.1831">
							<Font SizePoints="14" Style="Regular" FamilyName="CSMVMI+BlissPro" Capitals="Normal" ResourceId="2" />
							<Origin X="0" Y="0" />
							<Text>и</Text>
							<Size Width="7.518" Height="8.162108" />
							<Brush>
								<SolidBrush Color="#FF000000" />
							</Brush>
							<Tag>convertedFont</Tag>
						</Glyphs>
						<Glyphs OutlineWidth="0.5" CharSpace="0" RenderTransform="0.5968368 0 -0 0.5968368 459.41617 390.1831">
							<Font SizePoints="14" Style="Regular" FamilyName="CSMVMI+BlissPro" Capitals="Normal" ResourceId="2" />
							<Origin X="0" Y="0" />
							<Text>V</Text>
							<Size Width="8.624" Height="8.162108" />
							<Brush>
								<SolidBrush Color="#FF000000" />
							</Brush>
							<Tag>convertedFont</Tag>
						</Glyphs>
						<Glyphs OutlineWidth="0.5" CharSpace="0" RenderTransform="0.5968368 0 -0 0.5968368 464.6012 390.1831">
							<Font SizePoints="14" Style="Regular" FamilyName="CSMVMI+BlissPro" Capitals="Normal" ResourceId="2" />
							<Origin X="0" Y="0" />
							<Text>R</Text>
							<Size Width="7.728" Height="8.162108" />
							<Brush>
								<SolidBrush Color="#FF000000" />
							</Brush>
							<Tag>convertedFont</Tag>
						</Glyphs>
						<Glyphs OutlineWidth="0.5" CharSpace="0" RenderTransform="0.5968368 0 -0 0.5968368 469.24533 390.1831">
							<Font SizePoints="14" Style="Regular" FamilyName="CSMVMI+BlissPro" Capitals="Normal" ResourceId="2" />
							<Origin X="0" Y="0" />
							<Text>N</Text>
							<Size Width="10.094" Height="8.162108" />
							<Brush>
								<SolidBrush Color="#FF000000" />
							</Brush>
							<Tag>convertedFont</Tag>
						</Glyphs>
						<Glyphs OutlineWidth="0.5" CharSpace="0" RenderTransform="0.5968368 0 -0 0.5968368 475.31628 390.1831">
							<Font SizePoints="14" Style="Regular" FamilyName="CSMVMI+BlissPro" Capitals="Normal" ResourceId="2" />
							<Origin X="0" Y="0" />
							<Text> </Text>
							<Size Width="3.094" Height="8.162108" />
							<Brush>
								<SolidBrush Color="#FF000000" />
							</Brush>
							<Tag>convertedFont</Tag>
						</Glyphs>
						<Glyphs OutlineWidth="0.5" CharSpace="0" RenderTransform="0.5968368 0 -0 0.5968368 477.17206 390.1831">
							<Font SizePoints="14" Style="Regular" FamilyName="CSMVMI+BlissPro" Capitals="Normal" ResourceId="2" />
							<Origin X="0" Y="0" />
							<Text>B</Text>
							<Size Width="7.574" Height="8.162108" />
							<Brush>
								<SolidBrush Color="#FF000000" />
							</Brush>
							<Tag>convertedFont</Tag>
						</Glyphs>
						<Glyphs OutlineWidth="0.5" CharSpace="0" RenderTransform="0.5968368 0 -0 0.5968368 481.72296 390.1831">
							<Font SizePoints="14" Style="Regular" FamilyName="CSMVMI+BlissPro" Capitals="Normal" ResourceId="2" />
							<Origin X="0" Y="0" />
							<Text>S</Text>
							<Size Width="7.014" Height="8.162108" />
							<Brush>
								<SolidBrush Color="#FF000000" />
							</Brush>
							<Tag>convertedFont</Tag>
						</Glyphs>
						<Glyphs OutlineWidth="0.5" CharSpace="0" RenderTransform="0.5968368 0 -0 0.5968368 313.19116 403.3135">
							<Font SizePoints="14" Style="Regular" FamilyName="CSMVMI+BlissPro" Capitals="Normal" ResourceId="2" />
							<Origin X="0" Y="0" />
							<Text>С</Text>
							<Size Width="8.4" Height="8.162108" />
							<Brush>
								<SolidBrush Color="#FF000000" />
							</Brush>
							<Tag>convertedFont</Tag>
						</Glyphs>
						<Glyphs OutlineWidth="0.5" CharSpace="0" RenderTransform="0.5968368 0 -0 0.5968368 318.2456 403.3135">
							<Font SizePoints="14" Style="Regular" FamilyName="CSMVMI+BlissPro" Capitals="Normal" ResourceId="2" />
							<Origin X="0" Y="0" />
							<Text>т</Text>
							<Size Width="6.174" Height="8.162108" />
							<Brush>
								<SolidBrush Color="#FF000000" />
							</Brush>
							<Tag>convertedFont</Tag>
						</Glyphs>
						<Glyphs OutlineWidth="0.5" CharSpace="0" RenderTransform="0.5968368 0 -0 0.5968368 321.95718 403.3135">
							<Font SizePoints="14" Style="Regular" FamilyName="CSMVMI+BlissPro" Capitals="Normal" ResourceId="2" />
							<Origin X="0" Y="0" />
							<Text>о</Text>
							<Size Width="7.364" Height="8.162108" />
							<Brush>
								<SolidBrush Color="#FF000000" />
							</Brush>
							<Tag>convertedFont</Tag>
						</Glyphs>
						<Glyphs OutlineWidth="0.5" CharSpace="0" RenderTransform="0.5968368 0 -0 0.5968368 326.37753 403.3135">
							<Font SizePoints="14" Style="Regular" FamilyName="CSMVMI+BlissPro" Capitals="Normal" ResourceId="2" />
							<Origin X="0" Y="0" />
							<Text>р</Text>
							<Size Width="7.14" Height="8.162108" />
							<Brush>
								<SolidBrush Color="#FF000000" />
							</Brush>
							<Tag>convertedFont</Tag>
						</Glyphs>
						<Glyphs OutlineWidth="0.5" CharSpace="0" RenderTransform="0.5968368 0 -0 0.5968368 330.6673 403.3135">
							<Font SizePoints="14" Style="Regular" FamilyName="CSMVMI+BlissPro" Capitals="Normal" ResourceId="2" />
							<Origin X="0" Y="0" />
							<Text>о</Text>
							<Size Width="7.364" Height="8.162108" />
							<Brush>
								<SolidBrush Color="#FF000000" />
							</Brush>
							<Tag>convertedFont</Tag>
						</Glyphs>
						<Glyphs OutlineWidth="0.5" CharSpace="0" RenderTransform="0.5968368 0 -0 0.5968368 335.08762 403.3135">
							<Font SizePoints="14" Style="Regular" FamilyName="CSMVMI+BlissPro" Capitals="Normal" ResourceId="2" />
							<Origin X="0" Y="0" />
							<Text>н</Text>
							<Size Width="7.266" Height="8.162108" />
							<Brush>
								<SolidBrush Color="#FF000000" />
							</Brush>
							<Tag>convertedFont</Tag>
						</Glyphs>
						<Glyphs OutlineWidth="0.5" CharSpace="0" RenderTransform="0.5968368 0 -0 0.5968368 339.45197 403.3135">
							<Font SizePoints="14" Style="Regular" FamilyName="CSMVMI+BlissPro" Capitals="Normal" ResourceId="2" />
							<Origin X="0" Y="0" />
							<Text>а</Text>
							<Size Width="6.608" Height="8.162108" />
							<Brush>
								<SolidBrush Color="#FF000000" />
							</Brush>
							<Tag>convertedFont</Tag>
						</Glyphs>
						<Glyphs OutlineWidth="0.5" CharSpace="0" RenderTransform="0.5968368 0 -0 0.5968368 343.42468 403.3135">
							<Font SizePoints="14" Style="Regular" FamilyName="CSMVMI+BlissPro" Capitals="Normal" ResourceId="2" />
							<Origin X="0" Y="0" />
							<Text> </Text>
							<Size Width="3.094" Height="8.162108" />
							<Brush>
								<SolidBrush Color="#FF000000" />
							</Brush>
							<Tag>convertedFont</Tag>
						</Glyphs>
						<Glyphs OutlineWidth="0.5" CharSpace="0" RenderTransform="0.5968368 0 -0 0.5968368 345.28046 403.3135">
							<Font SizePoints="14" Style="Regular" FamilyName="CSMVMI+BlissPro" Capitals="Normal" ResourceId="2" />
							<Origin X="0" Y="0" />
							<Text>о</Text>
							<Size Width="7.364" Height="8.162108" />
							<Brush>
								<SolidBrush Color="#FF000000" />
							</Brush>
							<Tag>convertedFont</Tag>
						</Glyphs>
						<Glyphs OutlineWidth="0.5" CharSpace="0" RenderTransform="0.5968368 0 -0 0.5968368 349.70078 403.3135">
							<Font SizePoints="14" Style="Regular" FamilyName="CSMVMI+BlissPro" Capitals="Normal" ResourceId="2" />
							<Origin X="0" Y="0" />
							<Text>б</Text>
							<Size Width="7.14" Height="8.162108" />
							<Brush>
								<SolidBrush Color="#FF000000" />
							</Brush>
							<Tag>convertedFont</Tag>
						</Glyphs>
						<Glyphs OutlineWidth="0.5" CharSpace="0" RenderTransform="0.5968368 0 -0 0.5968368 353.99054 403.3135">
							<Font SizePoints="14" Style="Regular" FamilyName="CSMVMI+BlissPro" Capitals="Normal" ResourceId="2" />
							<Origin X="0" Y="0" />
							<Text>с</Text>
							<Size Width="6.076" Height="8.162108" />
							<Brush>
								<SolidBrush Color="#FF000000" />
							</Brush>
							<Tag>convertedFont</Tag>
						</Glyphs>
						<Glyphs OutlineWidth="0.5" CharSpace="0" RenderTransform="0.5968368 0 -0 0.5968368 357.63684 403.3135">
							<Font SizePoints="14" Style="Regular" FamilyName="CSMVMI+BlissPro" Capitals="Normal" ResourceId="2" />
							<Origin X="0" Y="0" />
							<Text>л</Text>
							<Size Width="7.042" Height="8.162108" />
							<Brush>
								<SolidBrush Color="#FF000000" />
							</Brush>
							<Tag>convertedFont</Tag>
						</Glyphs>
						<Glyphs OutlineWidth="0.5" CharSpace="0" RenderTransform="0.5968368 0 -0 0.5968368 361.87067 403.3135">
							<Font SizePoints="14" Style="Regular" FamilyName="CSMVMI+BlissPro" Capitals="Normal" ResourceId="2" />
							<Origin X="0" Y="0" />
							<Text>у</Text>
							<Size Width="6.776" Height="8.162108" />
							<Brush>
								<SolidBrush Color="#FF000000" />
							</Brush>
							<Tag>convertedFont</Tag>
						</Glyphs>
						<Glyphs OutlineWidth="0.5" CharSpace="0" RenderTransform="0.5968368 0 -0 0.5968368 365.94592 403.3135">
							<Font SizePoints="14" Style="Regular" FamilyName="CSMVMI+BlissPro" Capitals="Normal" ResourceId="2" />
							<Origin X="0" Y="0" />
							<Text>ж</Text>
							<Size Width="9.632" Height="8.162108" />
							<Brush>
								<SolidBrush Color="#FF000000" />
							</Brush>
							<Tag>convertedFont</Tag>
						</Glyphs>
						<Glyphs OutlineWidth="0.5" CharSpace="0" RenderTransform="0.5968368 0 -0 0.5968368 371.73712 403.3135">
							<Font SizePoints="14" Style="Regular" FamilyName="CSMVMI+BlissPro" Capitals="Normal" ResourceId="2" />
							<Origin X="0" Y="0" />
							<Text>и</Text>
							<Size Width="7.518" Height="8.162108" />
							<Brush>
								<SolidBrush Color="#FF000000" />
							</Brush>
							<Tag>convertedFont</Tag>
						</Glyphs>
						<Glyphs OutlineWidth="0.5" CharSpace="0" RenderTransform="0.5968368 0 -0 0.5968368 376.2507 403.3135">
							<Font SizePoints="14" Style="Regular" FamilyName="CSMVMI+BlissPro" Capitals="Normal" ResourceId="2" />
							<Origin X="0" Y="0" />
							<Text>в</Text>
							<Size Width="6.538" Height="8.162108" />
							<Brush>
								<SolidBrush Color="#FF000000" />
							</Brush>
							<Tag>convertedFont</Tag>
						</Glyphs>
						<Glyphs OutlineWidth="0.5" CharSpace="0" RenderTransform="0.5968368 0 -0 0.5968368 380.1861 403.3135">
							<Font SizePoints="14" Style="Regular" FamilyName="CSMVMI+BlissPro" Capitals="Normal" ResourceId="2" />
							<Origin X="0" Y="0" />
							<Text>а</Text>
							<Size Width="6.608" Height="8.162108" />
							<Brush>
								<SolidBrush Color="#FF000000" />
							</Brush>
							<Tag>convertedFont</Tag>
						</Glyphs>
						<Glyphs OutlineWidth="0.5" CharSpace="0" RenderTransform="0.5968368 0 -0 0.5968368 384.15878 403.3135">
							<Font SizePoints="14" Style="Regular" FamilyName="CSMVMI+BlissPro" Capitals="Normal" ResourceId="2" />
							<Origin X="0" Y="0" />
							<Text>н</Text>
							<Size Width="7.266" Height="8.162108" />
							<Brush>
								<SolidBrush Color="#FF000000" />
							</Brush>
							<Tag>convertedFont</Tag>
						</Glyphs>
						<Glyphs OutlineWidth="0.5" CharSpace="0" RenderTransform="0.5968368 0 -0 0.5968368 388.52316 403.3135">
							<Font SizePoints="14" Style="Regular" FamilyName="CSMVMI+BlissPro" Capitals="Normal" ResourceId="2" />
							<Origin X="0" Y="0" />
							<Text>и</Text>
							<Size Width="7.518" Height="8.162108" />
							<Brush>
								<SolidBrush Color="#FF000000" />
							</Brush>
							<Tag>convertedFont</Tag>
						</Glyphs>
						<Glyphs OutlineWidth="0.5" CharSpace="0" RenderTransform="0.5968368 0 -0 0.5968368 393.03674 403.3135">
							<Font SizePoints="14" Style="Regular" FamilyName="CSMVMI+BlissPro" Capitals="Normal" ResourceId="2" />
							<Origin X="0" Y="0" />
							<Text>я</Text>
							<Size Width="6.678" Height="8.162108" />
							<Brush>
								<SolidBrush Color="#FF000000" />
							</Brush>
							<Tag>convertedFont</Tag>
						</Glyphs>
						<Glyphs OutlineWidth="0.5" CharSpace="0" RenderTransform="0.5968368 0 -0 0.5968368 459.41617 403.3135">
							<Font SizePoints="14" Style="Regular" FamilyName="CSMVMI+BlissPro" Capitals="Normal" ResourceId="2" />
							<Origin X="0" Y="0" />
							<Text>С</Text>
							<Size Width="8.4" Height="8.162108" />
							<Brush>
								<SolidBrush Color="#FF000000" />
							</Brush>
							<Tag>convertedFont</Tag>
						</Glyphs>
						<Glyphs OutlineWidth="0.5" CharSpace="0" RenderTransform="0.5968368 0 -0 0.5968368 464.47064 403.3135">
							<Font SizePoints="14" Style="Regular" FamilyName="CSMVMI+BlissPro" Capitals="Normal" ResourceId="2" />
							<Origin X="0" Y="0" />
							<Text>л</Text>
							<Size Width="7.042" Height="8.162108" />
							<Brush>
								<SolidBrush Color="#FF000000" />
							</Brush>
							<Tag>convertedFont</Tag>
						</Glyphs>
						<Glyphs OutlineWidth="0.5" CharSpace="0" RenderTransform="0.5968368 0 -0 0.5968368 468.70444 403.3135">
							<Font SizePoints="14" Style="Regular" FamilyName="CSMVMI+BlissPro" Capitals="Normal" ResourceId="2" />
							<Origin X="0" Y="0" />
							<Text>е</Text>
							<Size Width="6.636" Height="8.162108" />
							<Brush>
								<SolidBrush Color="#FF000000" />
							</Brush>
							<Tag>convertedFont</Tag>
						</Glyphs>
						<Glyphs OutlineWidth="0.5" CharSpace="0" RenderTransform="0.5968368 0 -0 0.5968368 472.6958 403.3135">
							<Font SizePoints="14" Style="Regular" FamilyName="CSMVMI+BlissPro" Capitals="Normal" ResourceId="2" />
							<Origin X="0" Y="0" />
							<Text>в</Text>
							<Size Width="6.538" Height="8.162108" />
							<Brush>
								<SolidBrush Color="#FF000000" />
							</Brush>
							<Tag>convertedFont</Tag>
						</Glyphs>
						<Glyphs OutlineWidth="0.5" CharSpace="0" RenderTransform="0.5968368 0 -0 0.5968368 476.6312 403.3135">
							<Font SizePoints="14" Style="Regular" FamilyName="CSMVMI+BlissPro" Capitals="Normal" ResourceId="2" />
							<Origin X="0" Y="0" />
							<Text>а</Text>
							<Size Width="6.608" Height="8.162108" />
							<Brush>
								<SolidBrush Color="#FF000000" />
							</Brush>
							<Tag>convertedFont</Tag>
						</Glyphs>
						<Glyphs OutlineWidth="0.5" CharSpace="0" RenderTransform="0.5968368 0 -0 0.5968368 313.19116 416.4439">
							<Font SizePoints="14" Style="Regular" FamilyName="CSMVMI+BlissPro" Capitals="Normal" ResourceId="2" />
							<Origin X="0" Y="0" />
							<Text>М</Text>
							<Size Width="11.2" Height="8.162108" />
							<Brush>
								<SolidBrush Color="#FF000000" />
							</Brush>
							<Tag>convertedFont</Tag>
						</Glyphs>
						<Glyphs OutlineWidth="0.5" CharSpace="0" RenderTransform="0.5968368 0 -0 0.5968368 319.92422 416.4439">
							<Font SizePoints="14" Style="Regular" FamilyName="CSMVMI+BlissPro" Capitals="Normal" ResourceId="2" />
							<Origin X="0" Y="0" />
							<Text>а</Text>
							<Size Width="6.608" Height="8.162108" />
							<Brush>
								<SolidBrush Color="#FF000000" />
							</Brush>
							<Tag>convertedFont</Tag>
						</Glyphs>
						<Glyphs OutlineWidth="0.5" CharSpace="0" RenderTransform="0.5968368 0 -0 0.5968368 323.8969 416.4439">
							<Font SizePoints="14" Style="Regular" FamilyName="CSMVMI+BlissPro" Capitals="Normal" ResourceId="2" />
							<Origin X="0" Y="0" />
							<Text>с</Text>
							<Size Width="6.076" Height="8.162108" />
							<Brush>
								<SolidBrush Color="#FF000000" />
							</Brush>
							<Tag>convertedFont</Tag>
						</Glyphs>
						<Glyphs OutlineWidth="0.5" CharSpace="0" RenderTransform="0.5968368 0 -0 0.5968368 327.5432 416.4439">
							<Font SizePoints="14" Style="Regular" FamilyName="CSMVMI+BlissPro" Capitals="Normal" ResourceId="2" />
							<Origin X="0" Y="0" />
							<Text>с</Text>
							<Size Width="6.076" Height="8.162108" />
							<Brush>
								<SolidBrush Color="#FF000000" />
							</Brush>
							<Tag>convertedFont</Tag>
						</Glyphs>
						<Glyphs OutlineWidth="0.5" CharSpace="0" RenderTransform="0.5968368 0 -0 0.5968368 331.1895 416.4439">
							<Font SizePoints="14" Style="Regular" FamilyName="CSMVMI+BlissPro" Capitals="Normal" ResourceId="2" />
							<Origin X="0" Y="0" />
							<Text>а</Text>
							<Size Width="6.608" Height="8.162108" />
							<Brush>
								<SolidBrush Color="#FF000000" />
							</Brush>
							<Tag>convertedFont</Tag>
						</Glyphs>
						<Glyphs OutlineWidth="0.5" CharSpace="0" RenderTransform="0.5968368 0 -0 0.5968368 459.41617 416.4439">
							<Font SizePoints="14" Style="Regular" FamilyName="CSMVMI+BlissPro" Capitals="Normal" ResourceId="2" />
							<Origin X="0" Y="0" />
							<Text>1</Text>
							<Size Width="5.852" Height="8.162108" />
							<Brush>
								<SolidBrush Color="#FF000000" />
							</Brush>
							<Tag>convertedFont</Tag>
						</Glyphs>
						<Glyphs OutlineWidth="0.5" CharSpace="0" RenderTransform="0.5968368 0 -0 0.5968368 462.93192 416.4439">
							<Font SizePoints="14" Style="Regular" FamilyName="CSMVMI+BlissPro" Capitals="Normal" ResourceId="2" />
							<Origin X="0" Y="0" />
							<Text>3</Text>
							<Size Width="7.448" Height="8.162108" />
							<Brush>
								<SolidBrush Color="#FF000000" />
							</Brush>
							<Tag>convertedFont</Tag>
						</Glyphs>
						<Glyphs OutlineWidth="0.5" CharSpace="0" RenderTransform="0.5968368 0 -0 0.5968368 467.4082 416.4439">
							<Font SizePoints="14" Style="Regular" FamilyName="CSMVMI+BlissPro" Capitals="Normal" ResourceId="2" />
							<Origin X="0" Y="0" />
							<Text>5</Text>
							<Size Width="7.126" Height="8.162108" />
							<Brush>
								<SolidBrush Color="#FF000000" />
							</Brush>
							<Tag>convertedFont</Tag>
						</Glyphs>
						<Glyphs OutlineWidth="0.5" CharSpace="0" RenderTransform="0.5968368 0 -0 0.5968368 471.68863 416.4439">
							<Font SizePoints="14" Style="Regular" FamilyName="CSMVMI+BlissPro" Capitals="Normal" ResourceId="2" />
							<Origin X="0" Y="0" />
							<Text>.</Text>
							<Size Width="3.276" Height="8.162108" />
							<Brush>
								<SolidBrush Color="#FF000000" />
							</Brush>
							<Tag>convertedFont</Tag>
						</Glyphs>
						<Glyphs OutlineWidth="0.5" CharSpace="0" RenderTransform="0.5968368 0 -0 0.5968368 473.65634 416.4439">
							<Font SizePoints="14" Style="Regular" FamilyName="CSMVMI+BlissPro" Capitals="Normal" ResourceId="2" />
							<Origin X="0" Y="0" />
							<Text>4</Text>
							<Size Width="7.784" Height="8.162108" />
							<Brush>
								<SolidBrush Color="#FF000000" />
							</Brush>
							<Tag>convertedFont</Tag>
						</Glyphs>
						<Glyphs OutlineWidth="0.5" CharSpace="0" RenderTransform="0.5968368 0 -0 0.5968368 478.32843 416.4439">
							<Font SizePoints="14" Style="Regular" FamilyName="CSMVMI+BlissPro" Capitals="Normal" ResourceId="2" />
							<Origin X="0" Y="0" />
							<Text> </Text>
							<Size Width="3.094" Height="8.162108" />
							<Brush>
								<SolidBrush Color="#FF000000" />
							</Brush>
							<Tag>convertedFont</Tag>
						</Glyphs>
						<Glyphs OutlineWidth="0.5" CharSpace="0" RenderTransform="0.5968368 0 -0 0.5968368 480.18423 416.4439">
							<Font SizePoints="14" Style="Regular" FamilyName="CSMVMI+BlissPro" Capitals="Normal" ResourceId="2" />
							<Origin X="0" Y="0" />
							<Text>к</Text>
							<Size Width="6.496" Height="8.162108" />
							<Brush>
								<SolidBrush Color="#FF000000" />
							</Brush>
							<Tag>convertedFont</Tag>
						</Glyphs>
						<Glyphs OutlineWidth="0.5" CharSpace="0" RenderTransform="0.5968368 0 -0 0.5968368 484.09164 416.4439">
							<Font SizePoints="14" Style="Regular" FamilyName="CSMVMI+BlissPro" Capitals="Normal" ResourceId="2" />
							<Origin X="0" Y="0" />
							<Text>г</Text>
							<Size Width="5.544" Height="8.162108" />
							<Brush>
								<SolidBrush Color="#FF000000" />
							</Brush>
							<Tag>convertedFont</Tag>
						</Glyphs>
						<Glyphs OutlineWidth="0.5" CharSpace="0" RenderTransform="0.5968368 0 -0 0.5968368 307.22278 438.5269">
							<Font SizePoints="16" Style="Bold" FamilyName="HPDHEV+BlissPro-Bold" Capitals="Normal" ResourceId="3" />
							<Origin X="0" Y="0" />
							<Text>Д</Text>
							<Size Width="11.136" Height="9.328125" />
							<Brush>
								<SolidBrush Color="#FF0063A8" />
							</Brush>
							<Tag>convertedFont</Tag>
						</Glyphs>
						<Glyphs OutlineWidth="0.5" CharSpace="0" RenderTransform="0.5968368 0 -0 0.5968368 313.9092 438.5269">
							<Font SizePoints="16" Style="Bold" FamilyName="HPDHEV+BlissPro-Bold" Capitals="Normal" ResourceId="3" />
							<Origin X="0" Y="0" />
							<Text>А</Text>
							<Size Width="10.064" Height="9.328125" />
							<Brush>
								<SolidBrush Color="#FF0063A8" />
							</Brush>
							<Tag>convertedFont</Tag>
						</Glyphs>
						<Glyphs OutlineWidth="0.5" CharSpace="0" RenderTransform="0.5968368 0 -0 0.5968368 319.96152 438.5269">
							<Font SizePoints="16" Style="Bold" FamilyName="HPDHEV+BlissPro-Bold" Capitals="Normal" ResourceId="3" />
							<Origin X="0" Y="0" />
							<Text>Н</Text>
							<Size Width="11.392" Height="9.328125" />
							<Brush>
								<SolidBrush Color="#FF0063A8" />
							</Brush>
							<Tag>convertedFont</Tag>
						</Glyphs>
						<Glyphs OutlineWidth="0.5" CharSpace="0" RenderTransform="0.5968368 0 -0 0.5968368 326.81583 438.5269">
							<Font SizePoints="16" Style="Bold" FamilyName="HPDHEV+BlissPro-Bold" Capitals="Normal" ResourceId="3" />
							<Origin X="0" Y="0" />
							<Text>Н</Text>
							<Size Width="11.392" Height="9.328125" />
							<Brush>
								<SolidBrush Color="#FF0063A8" />
							</Brush>
							<Tag>convertedFont</Tag>
						</Glyphs>
						<Glyphs OutlineWidth="0.5" CharSpace="0" RenderTransform="0.5968368 0 -0 0.5968368 333.6701 438.5269">
							<Font SizePoints="16" Style="Bold" FamilyName="HPDHEV+BlissPro-Bold" Capitals="Normal" ResourceId="3" />
							<Origin X="0" Y="0" />
							<Text>Ы</Text>
							<Size Width="12.464" Height="9.328125" />
							<Brush>
								<SolidBrush Color="#FF0063A8" />
							</Brush>
							<Tag>convertedFont</Tag>
						</Glyphs>
						<Glyphs OutlineWidth="0.5" CharSpace="0" RenderTransform="0.5968368 0 -0 0.5968368 341.15857 438.5269">
							<Font SizePoints="16" Style="Bold" FamilyName="HPDHEV+BlissPro-Bold" Capitals="Normal" ResourceId="3" />
							<Origin X="0" Y="0" />
							<Text>Е</Text>
							<Size Width="8.016" Height="9.328125" />
							<Brush>
								<SolidBrush Color="#FF0063A8" />
							</Brush>
							<Tag>convertedFont</Tag>
						</Glyphs>
						<Glyphs OutlineWidth="0.5" CharSpace="0" RenderTransform="0.5968368 0 -0 0.5968368 345.9799 438.5269">
							<Font SizePoints="16" Style="Bold" FamilyName="HPDHEV+BlissPro-Bold" Capitals="Normal" ResourceId="3" />
							<Origin X="0" Y="0" />
							<Text> </Text>
							<Size Width="3.424" Height="9.328125" />
							<Brush>
								<SolidBrush Color="#FF0063A8" />
							</Brush>
							<Tag>convertedFont</Tag>
						</Glyphs>
						<Glyphs OutlineWidth="0.5" CharSpace="0" RenderTransform="0.5968368 0 -0 0.5968368 348.04083 438.5269">
							<Font SizePoints="16" Style="Bold" FamilyName="HPDHEV+BlissPro-Bold" Capitals="Normal" ResourceId="3" />
							<Origin X="0" Y="0" />
							<Text>К</Text>
							<Size Width="9.92" Height="9.328125" />
							<Brush>
								<SolidBrush Color="#FF0063A8" />
							</Brush>
							<Tag>convertedFont</Tag>
						</Glyphs>
						<Glyphs OutlineWidth="0.5" CharSpace="0" RenderTransform="0.5968368 0 -0 0.5968368 354.0092 438.5269">
							<Font SizePoints="16" Style="Bold" FamilyName="HPDHEV+BlissPro-Bold" Capitals="Normal" ResourceId="3" />
							<Origin X="0" Y="0" />
							<Text>О</Text>
							<Size Width="12.224" Height="9.328125" />
							<Brush>
								<SolidBrush Color="#FF0063A8" />
							</Brush>
							<Tag>convertedFont</Tag>
						</Glyphs>
						<Glyphs OutlineWidth="0.5" CharSpace="0" RenderTransform="0.5968368 0 -0 0.5968368 361.35776 438.5269">
							<Font SizePoints="16" Style="Bold" FamilyName="HPDHEV+BlissPro-Bold" Capitals="Normal" ResourceId="3" />
							<Origin X="0" Y="0" />
							<Text>Р</Text>
							<Size Width="8.624" Height="9.328125" />
							<Brush>
								<SolidBrush Color="#FF0063A8" />
							</Brush>
							<Tag>convertedFont</Tag>
						</Glyphs>
						<Glyphs OutlineWidth="0.5" CharSpace="0" RenderTransform="0.5968368 0 -0 0.5968368 366.5428 438.5269">
							<Font SizePoints="16" Style="Bold" FamilyName="HPDHEV+BlissPro-Bold" Capitals="Normal" ResourceId="3" />
							<Origin X="0" Y="0" />
							<Text>П</Text>
							<Size Width="10.928" Height="9.328125" />
							<Brush>
								<SolidBrush Color="#FF0063A8" />
							</Brush>
							<Tag>convertedFont</Tag>
						</Glyphs>
						<Glyphs OutlineWidth="0.5" CharSpace="0" RenderTransform="0.5968368 0 -0 0.5968368 373.1173 438.5269">
							<Font SizePoints="16" Style="Bold" FamilyName="HPDHEV+BlissPro-Bold" Capitals="Normal" ResourceId="3" />
							<Origin X="0" Y="0" />
							<Text>У</Text>
							<Size Width="9.568" Height="9.328125" />
							<Brush>
								<SolidBrush Color="#FF0063A8" />
							</Brush>
							<Tag>convertedFont</Tag>
						</Glyphs>
						<Glyphs OutlineWidth="0.5" CharSpace="0" RenderTransform="0.5968368 0 -0 0.5968368 378.8712 438.5269">
							<Font SizePoints="16" Style="Bold" FamilyName="HPDHEV+BlissPro-Bold" Capitals="Normal" ResourceId="3" />
							<Origin X="0" Y="0" />
							<Text>С</Text>
							<Size Width="9.984" Height="9.328125" />
							<Brush>
								<SolidBrush Color="#FF0063A8" />
							</Brush>
							<Tag>convertedFont</Tag>
						</Glyphs>
						<Glyphs OutlineWidth="0.5" CharSpace="0" RenderTransform="0.5968368 0 -0 0.5968368 384.87686 438.5269">
							<Font SizePoints="16" Style="Bold" FamilyName="HPDHEV+BlissPro-Bold" Capitals="Normal" ResourceId="3" />
							<Origin X="0" Y="0" />
							<Text>А</Text>
							<Size Width="10.064" Height="9.328125" />
							<Brush>
								<SolidBrush Color="#FF0063A8" />
							</Brush>
							<Tag>convertedFont</Tag>
						</Glyphs>
						<Glyphs OutlineWidth="0.5" CharSpace="0" RenderTransform="0.5968368 0 -0 0.5968368 313.19116 454.04465">
							<Font SizePoints="14" Style="Regular" FamilyName="CSMVMI+BlissPro" Capitals="Normal" ResourceId="2" />
							<Origin X="0" Y="0" />
							<Text>Т</Text>
							<Size Width="7.14" Height="8.162108" />
							<Brush>
								<SolidBrush Color="#FF000000" />
							</Brush>
							<Tag>convertedFont</Tag>
						</Glyphs>
						<Glyphs OutlineWidth="0.5" CharSpace="0" RenderTransform="0.5968368 0 -0 0.5968368 317.48093 454.04465">
							<Font SizePoints="14" Style="Regular" FamilyName="CSMVMI+BlissPro" Capitals="Normal" ResourceId="2" />
							<Origin X="0" Y="0" />
							<Text>о</Text>
							<Size Width="7.364" Height="8.162108" />
							<Brush>
								<SolidBrush Color="#FF000000" />
							</Brush>
							<Tag>convertedFont</Tag>
						</Glyphs>
						<Glyphs OutlineWidth="0.5" CharSpace="0" RenderTransform="0.5968368 0 -0 0.5968368 321.90125 454.04465">
							<Font SizePoints="14" Style="Regular" FamilyName="CSMVMI+BlissPro" Capitals="Normal" ResourceId="2" />
							<Origin X="0" Y="0" />
							<Text>л</Text>
							<Size Width="7.042" Height="8.162108" />
							<Brush>
								<SolidBrush Color="#FF000000" />
							</Brush>
							<Tag>convertedFont</Tag>
						</Glyphs>
						<Glyphs OutlineWidth="0.5" CharSpace="0" RenderTransform="0.5968368 0 -0 0.5968368 326.13504 454.04465">
							<Font SizePoints="14" Style="Regular" FamilyName="CSMVMI+BlissPro" Capitals="Normal" ResourceId="2" />
							<Origin X="0" Y="0" />
							<Text>щ</Text>
							<Size Width="10.094" Height="8.162108" />
							<Brush>
								<SolidBrush Color="#FF000000" />
							</Brush>
							<Tag>convertedFont</Tag>
						</Glyphs>
						<Glyphs OutlineWidth="0.5" CharSpace="0" RenderTransform="0.5968368 0 -0 0.5968368 332.206 454.04465">
							<Font SizePoints="14" Style="Regular" FamilyName="CSMVMI+BlissPro" Capitals="Normal" ResourceId="2" />
							<Origin X="0" Y="0" />
							<Text>и</Text>
							<Size Width="7.518" Height="8.162108" />
							<Brush>
								<SolidBrush Color="#FF000000" />
							</Brush>
							<Tag>convertedFont</Tag>
						</Glyphs>
						<Glyphs OutlineWidth="0.5" CharSpace="0" RenderTransform="0.5968368 0 -0 0.5968368 336.71957 454.04465">
							<Font SizePoints="14" Style="Regular" FamilyName="CSMVMI+BlissPro" Capitals="Normal" ResourceId="2" />
							<Origin X="0" Y="0" />
							<Text>н</Text>
							<Size Width="7.266" Height="8.162108" />
							<Brush>
								<SolidBrush Color="#FF000000" />
							</Brush>
							<Tag>convertedFont</Tag>
						</Glyphs>
						<Glyphs OutlineWidth="0.5" CharSpace="0" RenderTransform="0.5968368 0 -0 0.5968368 341.08395 454.04465">
							<Font SizePoints="14" Style="Regular" FamilyName="CSMVMI+BlissPro" Capitals="Normal" ResourceId="2" />
							<Origin X="0" Y="0" />
							<Text>а</Text>
							<Size Width="6.608" Height="8.162108" />
							<Brush>
								<SolidBrush Color="#FF000000" />
							</Brush>
							<Tag>convertedFont</Tag>
						</Glyphs>
						<Glyphs OutlineWidth="0.5" CharSpace="0" RenderTransform="0.5968368 0 -0 0.5968368 345.05664 454.04465">
							<Font SizePoints="14" Style="Regular" FamilyName="CSMVMI+BlissPro" Capitals="Normal" ResourceId="2" />
							<Origin X="0" Y="0" />
							<Text> </Text>
							<Size Width="3.094" Height="8.162108" />
							<Brush>
								<SolidBrush Color="#FF000000" />
							</Brush>
							<Tag>convertedFont</Tag>
						</Glyphs>
						<Glyphs OutlineWidth="0.5" CharSpace="0" RenderTransform="0.5968368 0 -0 0.5968368 346.91245 454.04465">
							<Font SizePoints="14" Style="Regular" FamilyName="CSMVMI+BlissPro" Capitals="Normal" ResourceId="2" />
							<Origin X="0" Y="0" />
							<Text>п</Text>
							<Size Width="7.182" Height="8.162108" />
							<Brush>
								<SolidBrush Color="#FF000000" />
							</Brush>
							<Tag>convertedFont</Tag>
						</Glyphs>
						<Glyphs OutlineWidth="0.5" CharSpace="0" RenderTransform="0.5968368 0 -0 0.5968368 351.23016 454.04465">
							<Font SizePoints="14" Style="Regular" FamilyName="CSMVMI+BlissPro" Capitals="Normal" ResourceId="2" />
							<Origin X="0" Y="0" />
							<Text>а</Text>
							<Size Width="6.608" Height="8.162108" />
							<Brush>
								<SolidBrush Color="#FF000000" />
							</Brush>
							<Tag>convertedFont</Tag>
						</Glyphs>
						<Glyphs OutlineWidth="0.5" CharSpace="0" RenderTransform="0.5968368 0 -0 0.5968368 355.20288 454.04465">
							<Font SizePoints="14" Style="Regular" FamilyName="CSMVMI+BlissPro" Capitals="Normal" ResourceId="2" />
							<Origin X="0" Y="0" />
							<Text>н</Text>
							<Size Width="7.266" Height="8.162108" />
							<Brush>
								<SolidBrush Color="#FF000000" />
							</Brush>
							<Tag>convertedFont</Tag>
						</Glyphs>
						<Glyphs OutlineWidth="0.5" CharSpace="0" RenderTransform="0.5968368 0 -0 0.5968368 359.56723 454.04465">
							<Font SizePoints="14" Style="Regular" FamilyName="CSMVMI+BlissPro" Capitals="Normal" ResourceId="2" />
							<Origin X="0" Y="0" />
							<Text>е</Text>
							<Size Width="6.636" Height="8.162108" />
							<Brush>
								<SolidBrush Color="#FF000000" />
							</Brush>
							<Tag>convertedFont</Tag>
						</Glyphs>
						<Glyphs OutlineWidth="0.5" CharSpace="0" RenderTransform="0.5968368 0 -0 0.5968368 363.5586 454.04465">
							<Font SizePoints="14" Style="Regular" FamilyName="CSMVMI+BlissPro" Capitals="Normal" ResourceId="2" />
							<Origin X="0" Y="0" />
							<Text>л</Text>
							<Size Width="7.042" Height="8.162108" />
							<Brush>
								<SolidBrush Color="#FF000000" />
							</Brush>
							<Tag>convertedFont</Tag>
						</Glyphs>
						<Glyphs OutlineWidth="0.5" CharSpace="0" RenderTransform="0.5968368 0 -0 0.5968368 367.7924 454.04465">
							<Font SizePoints="14" Style="Regular" FamilyName="CSMVMI+BlissPro" Capitals="Normal" ResourceId="2" />
							<Origin X="0" Y="0" />
							<Text>е</Text>
							<Size Width="6.636" Height="8.162108" />
							<Brush>
								<SolidBrush Color="#FF000000" />
							</Brush>
							<Tag>convertedFont</Tag>
						</Glyphs>
						<Glyphs OutlineWidth="0.5" CharSpace="0" RenderTransform="0.5968368 0 -0 0.5968368 371.78375 454.04465">
							<Font SizePoints="14" Style="Regular" FamilyName="CSMVMI+BlissPro" Capitals="Normal" ResourceId="2" />
							<Origin X="0" Y="0" />
							<Text>й</Text>
							<Size Width="7.518" Height="8.162108" />
							<Brush>
								<SolidBrush Color="#FF000000" />
							</Brush>
							<Tag>convertedFont</Tag>
						</Glyphs>
						<Glyphs OutlineWidth="0.5" CharSpace="0" RenderTransform="0.5968368 0 -0 0.5968368 376.29733 454.04465">
							<Font SizePoints="14" Style="Regular" FamilyName="CSMVMI+BlissPro" Capitals="Normal" ResourceId="2" />
							<Origin X="0" Y="0" />
							<Text>,</Text>
							<Size Width="3.276" Height="8.162108" />
							<Brush>
								<SolidBrush Color="#FF000000" />
							</Brush>
							<Tag>convertedFont</Tag>
						</Glyphs>
						<Glyphs OutlineWidth="0.5" CharSpace="0" RenderTransform="0.5968368 0 -0 0.5968368 378.265 454.04465">
							<Font SizePoints="14" Style="Regular" FamilyName="CSMVMI+BlissPro" Capitals="Normal" ResourceId="2" />
							<Origin X="0" Y="0" />
							<Text> </Text>
							<Size Width="3.094" Height="8.162108" />
							<Brush>
								<SolidBrush Color="#FF000000" />
							</Brush>
							<Tag>convertedFont</Tag>
						</Glyphs>
						<Glyphs OutlineWidth="0.5" CharSpace="0" RenderTransform="0.5968368 0 -0 0.5968368 380.12082 454.04465">
							<Font SizePoints="14" Style="Regular" FamilyName="CSMVMI+BlissPro" Capitals="Normal" ResourceId="2" />
							<Origin X="0" Y="0" />
							<Text>м</Text>
							<Size Width="8.372" Height="8.162108" />
							<Brush>
								<SolidBrush Color="#FF000000" />
							</Brush>
							<Tag>convertedFont</Tag>
						</Glyphs>
						<Glyphs OutlineWidth="0.5" CharSpace="0" RenderTransform="0.5968368 0 -0 0.5968368 385.15662 454.04465">
							<Font SizePoints="14" Style="Regular" FamilyName="CSMVMI+BlissPro" Capitals="Normal" ResourceId="2" />
							<Origin X="0" Y="0" />
							<Text>м</Text>
							<Size Width="8.372" Height="8.162108" />
							<Brush>
								<SolidBrush Color="#FF000000" />
							</Brush>
							<Tag>convertedFont</Tag>
						</Glyphs>
						<Glyphs OutlineWidth="0.5" CharSpace="0" RenderTransform="0.5968368 0 -0 0.5968368 452.85098 454.04465">
							<Font SizePoints="14" Style="Regular" FamilyName="CSMVMI+BlissPro" Capitals="Normal" ResourceId="2" />
							<Origin X="0" Y="0" />
							<Text>0</Text>
							<Size Width="7.756" Height="8.162108" />
							<Brush>
								<SolidBrush Color="#FF000000" />
							</Brush>
							<Tag>convertedFont</Tag>
						</Glyphs>
						<Glyphs OutlineWidth="0.5" CharSpace="0" RenderTransform="0.5968368 0 -0 0.5968368 313.19116 467.17505">
							<Font SizePoints="14" Style="Regular" FamilyName="CSMVMI+BlissPro" Capitals="Normal" ResourceId="2" />
							<Origin X="0" Y="0" />
							<Text>У</Text>
							<Size Width="8.008" Height="8.162108" />
							<Brush>
								<SolidBrush Color="#FF000000" />
							</Brush>
							<Tag>convertedFont</Tag>
						</Glyphs>
						<Glyphs OutlineWidth="0.5" CharSpace="0" RenderTransform="0.5968368 0 -0 0.5968368 318.00314 467.17505">
							<Font SizePoints="14" Style="Regular" FamilyName="CSMVMI+BlissPro" Capitals="Normal" ResourceId="2" />
							<Origin X="0" Y="0" />
							<Text>т</Text>
							<Size Width="6.174" Height="8.162108" />
							<Brush>
								<SolidBrush Color="#FF000000" />
							</Brush>
							<Tag>convertedFont</Tag>
						</Glyphs>
						<Glyphs OutlineWidth="0.5" CharSpace="0" RenderTransform="0.5968368 0 -0 0.5968368 321.71472 467.17505">
							<Font SizePoints="14" Style="Regular" FamilyName="CSMVMI+BlissPro" Capitals="Normal" ResourceId="2" />
							<Origin X="0" Y="0" />
							<Text>е</Text>
							<Size Width="6.636" Height="8.162108" />
							<Brush>
								<SolidBrush Color="#FF000000" />
							</Brush>
							<Tag>convertedFont</Tag>
						</Glyphs>
						<Glyphs OutlineWidth="0.5" CharSpace="0" RenderTransform="0.5968368 0 -0 0.5968368 325.7061 467.17505">
							<Font SizePoints="14" Style="Regular" FamilyName="CSMVMI+BlissPro" Capitals="Normal" ResourceId="2" />
							<Origin X="0" Y="0" />
							<Text>п</Text>
							<Size Width="7.182" Height="8.162108" />
							<Brush>
								<SolidBrush Color="#FF000000" />
							</Brush>
							<Tag>convertedFont</Tag>
						</Glyphs>
						<Glyphs OutlineWidth="0.5" CharSpace="0" RenderTransform="0.5968368 0 -0 0.5968368 330.02383 467.17505">
							<Font SizePoints="14" Style="Regular" FamilyName="CSMVMI+BlissPro" Capitals="Normal" ResourceId="2" />
							<Origin X="0" Y="0" />
							<Text>л</Text>
							<Size Width="7.042" Height="8.162108" />
							<Brush>
								<SolidBrush Color="#FF000000" />
							</Brush>
							<Tag>convertedFont</Tag>
						</Glyphs>
						<Glyphs OutlineWidth="0.5" CharSpace="0" RenderTransform="0.5968368 0 -0 0.5968368 334.25763 467.17505">
							<Font SizePoints="14" Style="Regular" FamilyName="CSMVMI+BlissPro" Capitals="Normal" ResourceId="2" />
							<Origin X="0" Y="0" />
							<Text>и</Text>
							<Size Width="7.518" Height="8.162108" />
							<Brush>
								<SolidBrush Color="#FF000000" />
							</Brush>
							<Tag>convertedFont</Tag>
						</Glyphs>
						<Glyphs OutlineWidth="0.5" CharSpace="0" RenderTransform="0.5968368 0 -0 0.5968368 338.7712 467.17505">
							<Font SizePoints="14" Style="Regular" FamilyName="CSMVMI+BlissPro" Capitals="Normal" ResourceId="2" />
							<Origin X="0" Y="0" />
							<Text>т</Text>
							<Size Width="6.174" Height="8.162108" />
							<Brush>
								<SolidBrush Color="#FF000000" />
							</Brush>
							<Tag>convertedFont</Tag>
						</Glyphs>
						<Glyphs OutlineWidth="0.5" CharSpace="0" RenderTransform="0.5968368 0 -0 0.5968368 342.4828 467.17505">
							<Font SizePoints="14" Style="Regular" FamilyName="CSMVMI+BlissPro" Capitals="Normal" ResourceId="2" />
							<Origin X="0" Y="0" />
							<Text>е</Text>
							<Size Width="6.636" Height="8.162108" />
							<Brush>
								<SolidBrush Color="#FF000000" />
							</Brush>
							<Tag>convertedFont</Tag>
						</Glyphs>
						<Glyphs OutlineWidth="0.5" CharSpace="0" RenderTransform="0.5968368 0 -0 0.5968368 346.47412 467.17505">
							<Font SizePoints="14" Style="Regular" FamilyName="CSMVMI+BlissPro" Capitals="Normal" ResourceId="2" />
							<Origin X="0" Y="0" />
							<Text>л</Text>
							<Size Width="7.042" Height="8.162108" />
							<Brush>
								<SolidBrush Color="#FF000000" />
							</Brush>
							<Tag>convertedFont</Tag>
						</Glyphs>
						<Glyphs OutlineWidth="0.5" CharSpace="0" RenderTransform="0.5968368 0 -0 0.5968368 350.70795 467.17505">
							<Font SizePoints="14" Style="Regular" FamilyName="CSMVMI+BlissPro" Capitals="Normal" ResourceId="2" />
							<Origin X="0" Y="0" />
							<Text>ь</Text>
							<Size Width="6.454" Height="8.162108" />
							<Brush>
								<SolidBrush Color="#FF000000" />
							</Brush>
							<Tag>convertedFont</Tag>
						</Glyphs>
						<Glyphs OutlineWidth="0.5" CharSpace="0" RenderTransform="0.5968368 0 -0 0.5968368 452.85098 467.17505">
							<Font SizePoints="14" Style="Regular" FamilyName="CSMVMI+BlissPro" Capitals="Normal" ResourceId="2" />
							<Origin X="0" Y="0" />
							<Text>-</Text>
							<Size Width="4.984" Height="8.162108" />
							<Brush>
								<SolidBrush Color="#FF000000" />
							</Brush>
							<Tag>convertedFont</Tag>
						</Glyphs>
						<Glyphs OutlineWidth="0.5" CharSpace="0" RenderTransform="0.5968368 0 -0 0.5968368 455.84448 467.17505">
							<Font SizePoints="14" Style="Regular" FamilyName="CSMVMI+BlissPro" Capitals="Normal" ResourceId="2" />
							<Origin X="0" Y="0" />
							<Text>-</Text>
							<Size Width="4.984" Height="8.162108" />
							<Brush>
								<SolidBrush Color="#FF000000" />
							</Brush>
							<Tag>convertedFont</Tag>
						</Glyphs>
						<Glyphs OutlineWidth="0.5" CharSpace="0" RenderTransform="0.5968368 0 -0 0.5968368 458.83798 467.17505">
							<Font SizePoints="14" Style="Regular" FamilyName="CSMVMI+BlissPro" Capitals="Normal" ResourceId="2" />
							<Origin X="0" Y="0" />
							<Text>-</Text>
							<Size Width="4.984" Height="8.162108" />
							<Brush>
								<SolidBrush Color="#FF000000" />
							</Brush>
							<Tag>convertedFont</Tag>
						</Glyphs>
						<Glyphs OutlineWidth="0.5" CharSpace="0" RenderTransform="0.5968368 0 -0 0.5968368 313.19116 479.70862">
							<Font SizePoints="14" Style="Regular" FamilyName="CSMVMI+BlissPro" Capitals="Normal" ResourceId="2" />
							<Origin X="0" Y="0" />
							<Text>М</Text>
							<Size Width="11.2" Height="8.162108" />
							<Brush>
								<SolidBrush Color="#FF000000" />
							</Brush>
							<Tag>convertedFont</Tag>
						</Glyphs>
						<Glyphs OutlineWidth="0.5" CharSpace="0" RenderTransform="0.5968368 0 -0 0.5968368 319.92422 479.70862">
							<Font SizePoints="14" Style="Regular" FamilyName="CSMVMI+BlissPro" Capitals="Normal" ResourceId="2" />
							<Origin X="0" Y="0" />
							<Text>а</Text>
							<Size Width="6.608" Height="8.162108" />
							<Brush>
								<SolidBrush Color="#FF000000" />
							</Brush>
							<Tag>convertedFont</Tag>
						</Glyphs>
						<Glyphs OutlineWidth="0.5" CharSpace="0" RenderTransform="0.5968368 0 -0 0.5968368 323.8969 479.70862">
							<Font SizePoints="14" Style="Regular" FamilyName="CSMVMI+BlissPro" Capitals="Normal" ResourceId="2" />
							<Origin X="0" Y="0" />
							<Text>т</Text>
							<Size Width="6.174" Height="8.162108" />
							<Brush>
								<SolidBrush Color="#FF000000" />
							</Brush>
							<Tag>convertedFont</Tag>
						</Glyphs>
						<Glyphs OutlineWidth="0.5" CharSpace="0" RenderTransform="0.5968368 0 -0 0.5968368 327.6085 479.70862">
							<Font SizePoints="14" Style="Regular" FamilyName="CSMVMI+BlissPro" Capitals="Normal" ResourceId="2" />
							<Origin X="0" Y="0" />
							<Text>е</Text>
							<Size Width="6.636" Height="8.162108" />
							<Brush>
								<SolidBrush Color="#FF000000" />
							</Brush>
							<Tag>convertedFont</Tag>
						</Glyphs>
						<Glyphs OutlineWidth="0.5" CharSpace="0" RenderTransform="0.5968368 0 -0 0.5968368 331.59985 479.70862">
							<Font SizePoints="14" Style="Regular" FamilyName="CSMVMI+BlissPro" Capitals="Normal" ResourceId="2" />
							<Origin X="0" Y="0" />
							<Text>р</Text>
							<Size Width="7.14" Height="8.162108" />
							<Brush>
								<SolidBrush Color="#FF000000" />
							</Brush>
							<Tag>convertedFont</Tag>
						</Glyphs>
						<Glyphs OutlineWidth="0.5" CharSpace="0" RenderTransform="0.5968368 0 -0 0.5968368 335.88962 479.70862">
							<Font SizePoints="14" Style="Regular" FamilyName="CSMVMI+BlissPro" Capitals="Normal" ResourceId="2" />
							<Origin X="0" Y="0" />
							<Text>и</Text>
							<Size Width="7.518" Height="8.162108" />
							<Brush>
								<SolidBrush Color="#FF000000" />
							</Brush>
							<Tag>convertedFont</Tag>
						</Glyphs>
						<Glyphs OutlineWidth="0.5" CharSpace="0" RenderTransform="0.5968368 0 -0 0.5968368 340.4032 479.70862">
							<Font SizePoints="14" Style="Regular" FamilyName="CSMVMI+BlissPro" Capitals="Normal" ResourceId="2" />
							<Origin X="0" Y="0" />
							<Text>а</Text>
							<Size Width="6.608" Height="8.162108" />
							<Brush>
								<SolidBrush Color="#FF000000" />
							</Brush>
							<Tag>convertedFont</Tag>
						</Glyphs>
						<Glyphs OutlineWidth="0.5" CharSpace="0" RenderTransform="0.5968368 0 -0 0.5968368 344.3759 479.70862">
							<Font SizePoints="14" Style="Regular" FamilyName="CSMVMI+BlissPro" Capitals="Normal" ResourceId="2" />
							<Origin X="0" Y="0" />
							<Text>л</Text>
							<Size Width="7.042" Height="8.162108" />
							<Brush>
								<SolidBrush Color="#FF000000" />
							</Brush>
							<Tag>convertedFont</Tag>
						</Glyphs>
						<Glyphs OutlineWidth="0.5" CharSpace="0" RenderTransform="0.5968368 0 -0 0.5968368 348.60968 479.70862">
							<Font SizePoints="14" Style="Regular" FamilyName="CSMVMI+BlissPro" Capitals="Normal" ResourceId="2" />
							<Origin X="0" Y="0" />
							<Text> </Text>
							<Size Width="3.094" Height="8.162108" />
							<Brush>
								<SolidBrush Color="#FF000000" />
							</Brush>
							<Tag>convertedFont</Tag>
						</Glyphs>
						<Glyphs OutlineWidth="0.5" CharSpace="0" RenderTransform="0.5968368 0 -0 0.5968368 350.46548 479.70862">
							<Font SizePoints="14" Style="Regular" FamilyName="CSMVMI+BlissPro" Capitals="Normal" ResourceId="2" />
							<Origin X="0" Y="0" />
							<Text>п</Text>
							<Size Width="7.182" Height="8.162108" />
							<Brush>
								<SolidBrush Color="#FF000000" />
							</Brush>
							<Tag>convertedFont</Tag>
						</Glyphs>
						<Glyphs OutlineWidth="0.5" CharSpace="0" RenderTransform="0.5968368 0 -0 0.5968368 354.78323 479.70862">
							<Font SizePoints="14" Style="Regular" FamilyName="CSMVMI+BlissPro" Capitals="Normal" ResourceId="2" />
							<Origin X="0" Y="0" />
							<Text>а</Text>
							<Size Width="6.608" Height="8.162108" />
							<Brush>
								<SolidBrush Color="#FF000000" />
							</Brush>
							<Tag>convertedFont</Tag>
						</Glyphs>
						<Glyphs OutlineWidth="0.5" CharSpace="0" RenderTransform="0.5968368 0 -0 0.5968368 358.75592 479.70862">
							<Font SizePoints="14" Style="Regular" FamilyName="CSMVMI+BlissPro" Capitals="Normal" ResourceId="2" />
							<Origin X="0" Y="0" />
							<Text>н</Text>
							<Size Width="7.266" Height="8.162108" />
							<Brush>
								<SolidBrush Color="#FF000000" />
							</Brush>
							<Tag>convertedFont</Tag>
						</Glyphs>
						<Glyphs OutlineWidth="0.5" CharSpace="0" RenderTransform="0.5968368 0 -0 0.5968368 363.1203 479.70862">
							<Font SizePoints="14" Style="Regular" FamilyName="CSMVMI+BlissPro" Capitals="Normal" ResourceId="2" />
							<Origin X="0" Y="0" />
							<Text>е</Text>
							<Size Width="6.636" Height="8.162108" />
							<Brush>
								<SolidBrush Color="#FF000000" />
							</Brush>
							<Tag>convertedFont</Tag>
						</Glyphs>
						<Glyphs OutlineWidth="0.5" CharSpace="0" RenderTransform="0.5968368 0 -0 0.5968368 367.11163 479.70862">
							<Font SizePoints="14" Style="Regular" FamilyName="CSMVMI+BlissPro" Capitals="Normal" ResourceId="2" />
							<Origin X="0" Y="0" />
							<Text>л</Text>
							<Size Width="7.042" Height="8.162108" />
							<Brush>
								<SolidBrush Color="#FF000000" />
							</Brush>
							<Tag>convertedFont</Tag>
						</Glyphs>
						<Glyphs OutlineWidth="0.5" CharSpace="0" RenderTransform="0.5968368 0 -0 0.5968368 371.34543 479.70862">
							<Font SizePoints="14" Style="Regular" FamilyName="CSMVMI+BlissPro" Capitals="Normal" ResourceId="2" />
							<Origin X="0" Y="0" />
							<Text>е</Text>
							<Size Width="6.636" Height="8.162108" />
							<Brush>
								<SolidBrush Color="#FF000000" />
							</Brush>
							<Tag>convertedFont</Tag>
						</Glyphs>
						<Glyphs OutlineWidth="0.5" CharSpace="0" RenderTransform="0.5968368 0 -0 0.5968368 375.3368 479.70862">
							<Font SizePoints="14" Style="Regular" FamilyName="CSMVMI+BlissPro" Capitals="Normal" ResourceId="2" />
							<Origin X="0" Y="0" />
							<Text>й</Text>
							<Size Width="7.518" Height="8.162108" />
							<Brush>
								<SolidBrush Color="#FF000000" />
							</Brush>
							<Tag>convertedFont</Tag>
						</Glyphs>
						<Glyphs OutlineWidth="0.5" CharSpace="0" RenderTransform="0.5968368 0 -0 0.5968368 379.85037 479.70862">
							<Font SizePoints="14" Style="Regular" FamilyName="CSMVMI+BlissPro" Capitals="Normal" ResourceId="2" />
							<Origin X="0" Y="0" />
							<Text> </Text>
							<Size Width="3.094" Height="8.162108" />
							<Brush>
								<SolidBrush Color="#FF000000" />
							</Brush>
							<Tag>convertedFont</Tag>
						</Glyphs>
						<Glyphs OutlineWidth="0.5" CharSpace="0" RenderTransform="0.5968368 0 -0 0.5968368 381.70615 479.70862">
							<Font SizePoints="14" Style="Regular" FamilyName="CSMVMI+BlissPro" Capitals="Normal" ResourceId="2" />
							<Origin X="0" Y="0" />
							<Text>н</Text>
							<Size Width="7.266" Height="8.162108" />
							<Brush>
								<SolidBrush Color="#FF000000" />
							</Brush>
							<Tag>convertedFont</Tag>
						</Glyphs>
						<Glyphs OutlineWidth="0.5" CharSpace="0" RenderTransform="0.5968368 0 -0 0.5968368 386.07053 479.70862">
							<Font SizePoints="14" Style="Regular" FamilyName="CSMVMI+BlissPro" Capitals="Normal" ResourceId="2" />
							<Origin X="0" Y="0" />
							<Text>а</Text>
							<Size Width="6.608" Height="8.162108" />
							<Brush>
								<SolidBrush Color="#FF000000" />
							</Brush>
							<Tag>convertedFont</Tag>
						</Glyphs>
						<Glyphs OutlineWidth="0.5" CharSpace="0" RenderTransform="0.5968368 0 -0 0.5968368 390.0432 479.70862">
							<Font SizePoints="14" Style="Regular" FamilyName="CSMVMI+BlissPro" Capitals="Normal" ResourceId="2" />
							<Origin X="0" Y="0" />
							<Text>р</Text>
							<Size Width="7.14" Height="8.162108" />
							<Brush>
								<SolidBrush Color="#FF000000" />
							</Brush>
							<Tag>convertedFont</Tag>
						</Glyphs>
						<Glyphs OutlineWidth="0.5" CharSpace="0" RenderTransform="0.5968368 0 -0 0.5968368 394.33298 479.70862">
							<Font SizePoints="14" Style="Regular" FamilyName="CSMVMI+BlissPro" Capitals="Normal" ResourceId="2" />
							<Origin X="0" Y="0" />
							<Text>у</Text>
							<Size Width="6.776" Height="8.162108" />
							<Brush>
								<SolidBrush Color="#FF000000" />
							</Brush>
							<Tag>convertedFont</Tag>
						</Glyphs>
						<Glyphs OutlineWidth="0.5" CharSpace="0" RenderTransform="0.5968368 0 -0 0.5968368 398.40826 479.70862">
							<Font SizePoints="14" Style="Regular" FamilyName="CSMVMI+BlissPro" Capitals="Normal" ResourceId="2" />
							<Origin X="0" Y="0" />
							<Text>ж</Text>
							<Size Width="9.632" Height="8.162108" />
							<Brush>
								<SolidBrush Color="#FF000000" />
							</Brush>
							<Tag>convertedFont</Tag>
						</Glyphs>
						<Glyphs OutlineWidth="0.5" CharSpace="0" RenderTransform="0.5968368 0 -0 0.5968368 404.19943 479.70862">
							<Font SizePoints="14" Style="Regular" FamilyName="CSMVMI+BlissPro" Capitals="Normal" ResourceId="2" />
							<Origin X="0" Y="0" />
							<Text>н</Text>
							<Size Width="7.266" Height="8.162108" />
							<Brush>
								<SolidBrush Color="#FF000000" />
							</Brush>
							<Tag>convertedFont</Tag>
						</Glyphs>
						<Glyphs OutlineWidth="0.5" CharSpace="0" RenderTransform="0.5968368 0 -0 0.5968368 408.5638 479.70862">
							<Font SizePoints="14" Style="Regular" FamilyName="CSMVMI+BlissPro" Capitals="Normal" ResourceId="2" />
							<Origin X="0" Y="0" />
							<Text>ы</Text>
							<Size Width="8.722" Height="8.162108" />
							<Brush>
								<SolidBrush Color="#FF000000" />
							</Brush>
							<Tag>convertedFont</Tag>
						</Glyphs>
						<Glyphs OutlineWidth="0.5" CharSpace="0" RenderTransform="0.5968368 0 -0 0.5968368 413.80478 479.70862">
							<Font SizePoints="14" Style="Regular" FamilyName="CSMVMI+BlissPro" Capitals="Normal" ResourceId="2" />
							<Origin X="0" Y="0" />
							<Text>й</Text>
							<Size Width="7.518" Height="8.162108" />
							<Brush>
								<SolidBrush Color="#FF000000" />
							</Brush>
							<Tag>convertedFont</Tag>
						</Glyphs>
						<Glyphs OutlineWidth="0.5" CharSpace="0" RenderTransform="0.5968368 0 -0 0.5968368 418.31836 479.70862">
							<Font SizePoints="14" Style="Regular" FamilyName="CSMVMI+BlissPro" Capitals="Normal" ResourceId="2" />
							<Origin X="0" Y="0" />
							<Text> </Text>
							<Size Width="3.094" Height="8.162108" />
							<Brush>
								<SolidBrush Color="#FF000000" />
							</Brush>
							<Tag>convertedFont</Tag>
						</Glyphs>
						<Glyphs OutlineWidth="0.5" CharSpace="0" RenderTransform="0.5968368 0 -0 0.5968368 420.02493 479.70862">
							<Font SizePoints="14" Style="Regular" FamilyName="CSMVMI+BlissPro" Capitals="Normal" ResourceId="2" />
							<Origin X="0" Y="0" />
							<Text>/</Text>
							<Size Width="5.096" Height="8.162108" />
							<Brush>
								<SolidBrush Color="#FF000000" />
							</Brush>
							<Tag>convertedFont</Tag>
						</Glyphs>
						<Glyphs OutlineWidth="0.5" CharSpace="0" RenderTransform="0.5968368 0 -0 0.5968368 313.19116 489.85486">
							<Font SizePoints="14" Style="Regular" FamilyName="CSMVMI+BlissPro" Capitals="Normal" ResourceId="2" />
							<Origin X="0" Y="0" />
							<Text>в</Text>
							<Size Width="6.538" Height="8.162108" />
							<Brush>
								<SolidBrush Color="#FF000000" />
							</Brush>
							<Tag>convertedFont</Tag>
						</Glyphs>
						<Glyphs OutlineWidth="0.5" CharSpace="0" RenderTransform="0.5968368 0 -0 0.5968368 317.12656 489.85486">
							<Font SizePoints="14" Style="Regular" FamilyName="CSMVMI+BlissPro" Capitals="Normal" ResourceId="2" />
							<Origin X="0" Y="0" />
							<Text>н</Text>
							<Size Width="7.266" Height="8.162108" />
							<Brush>
								<SolidBrush Color="#FF000000" />
							</Brush>
							<Tag>convertedFont</Tag>
						</Glyphs>
						<Glyphs OutlineWidth="0.5" CharSpace="0" RenderTransform="0.5968368 0 -0 0.5968368 321.4909 489.85486">
							<Font SizePoints="14" Style="Regular" FamilyName="CSMVMI+BlissPro" Capitals="Normal" ResourceId="2" />
							<Origin X="0" Y="0" />
							<Text>у</Text>
							<Size Width="6.776" Height="8.162108" />
							<Brush>
								<SolidBrush Color="#FF000000" />
							</Brush>
							<Tag>convertedFont</Tag>
						</Glyphs>
						<Glyphs OutlineWidth="0.5" CharSpace="0" RenderTransform="0.5968368 0 -0 0.5968368 325.5662 489.85486">
							<Font SizePoints="14" Style="Regular" FamilyName="CSMVMI+BlissPro" Capitals="Normal" ResourceId="2" />
							<Origin X="0" Y="0" />
							<Text>т</Text>
							<Size Width="6.174" Height="8.162108" />
							<Brush>
								<SolidBrush Color="#FF000000" />
							</Brush>
							<Tag>convertedFont</Tag>
						</Glyphs>
						<Glyphs OutlineWidth="0.5" CharSpace="0" RenderTransform="0.5968368 0 -0 0.5968368 329.27777 489.85486">
							<Font SizePoints="14" Style="Regular" FamilyName="CSMVMI+BlissPro" Capitals="Normal" ResourceId="2" />
							<Origin X="0" Y="0" />
							<Text>р</Text>
							<Size Width="7.14" Height="8.162108" />
							<Brush>
								<SolidBrush Color="#FF000000" />
							</Brush>
							<Tag>convertedFont</Tag>
						</Glyphs>
						<Glyphs OutlineWidth="0.5" CharSpace="0" RenderTransform="0.5968368 0 -0 0.5968368 333.56754 489.85486">
							<Font SizePoints="14" Style="Regular" FamilyName="CSMVMI+BlissPro" Capitals="Normal" ResourceId="2" />
							<Origin X="0" Y="0" />
							<Text>е</Text>
							<Size Width="6.636" Height="8.162108" />
							<Brush>
								<SolidBrush Color="#FF000000" />
							</Brush>
							<Tag>convertedFont</Tag>
						</Glyphs>
						<Glyphs OutlineWidth="0.5" CharSpace="0" RenderTransform="0.5968368 0 -0 0.5968368 337.5589 489.85486">
							<Font SizePoints="14" Style="Regular" FamilyName="CSMVMI+BlissPro" Capitals="Normal" ResourceId="2" />
							<Origin X="0" Y="0" />
							<Text>н</Text>
							<Size Width="7.266" Height="8.162108" />
							<Brush>
								<SolidBrush Color="#FF000000" />
							</Brush>
							<Tag>convertedFont</Tag>
						</Glyphs>
						<Glyphs OutlineWidth="0.5" CharSpace="0" RenderTransform="0.5968368 0 -0 0.5968368 341.92325 489.85486">
							<Font SizePoints="14" Style="Regular" FamilyName="CSMVMI+BlissPro" Capitals="Normal" ResourceId="2" />
							<Origin X="0" Y="0" />
							<Text>н</Text>
							<Size Width="7.266" Height="8.162108" />
							<Brush>
								<SolidBrush Color="#FF000000" />
							</Brush>
							<Tag>convertedFont</Tag>
						</Glyphs>
						<Glyphs OutlineWidth="0.5" CharSpace="0" RenderTransform="0.5968368 0 -0 0.5968368 346.28763 489.85486">
							<Font SizePoints="14" Style="Regular" FamilyName="CSMVMI+BlissPro" Capitals="Normal" ResourceId="2" />
							<Origin X="0" Y="0" />
							<Text>ы</Text>
							<Size Width="8.722" Height="8.162108" />
							<Brush>
								<SolidBrush Color="#FF000000" />
							</Brush>
							<Tag>convertedFont</Tag>
						</Glyphs>
						<Glyphs OutlineWidth="0.5" CharSpace="0" RenderTransform="0.5968368 0 -0 0.5968368 351.5286 489.85486">
							<Font SizePoints="14" Style="Regular" FamilyName="CSMVMI+BlissPro" Capitals="Normal" ResourceId="2" />
							<Origin X="0" Y="0" />
							<Text>й</Text>
							<Size Width="7.518" Height="8.162108" />
							<Brush>
								<SolidBrush Color="#FF000000" />
							</Brush>
							<Tag>convertedFont</Tag>
						</Glyphs>
						<Glyphs OutlineWidth="0.5" CharSpace="0" RenderTransform="0.5968368 0 -0 0.5968368 452.85098 484.4833">
							<Font SizePoints="14" Style="Regular" FamilyName="CSMVMI+BlissPro" Capitals="Normal" ResourceId="2" />
							<Origin X="0" Y="0" />
							<Text>A</Text>
							<Size Width="8.358" Height="8.162108" />
							<Brush>
								<SolidBrush Color="#FF000000" />
							</Brush>
							<Tag>convertedFont</Tag>
						</Glyphs>
						<Glyphs OutlineWidth="0.5" CharSpace="0" RenderTransform="0.5968368 0 -0 0.5968368 457.87744 484.4833">
							<Font SizePoints="14" Style="Regular" FamilyName="CSMVMI+BlissPro" Capitals="Normal" ResourceId="2" />
							<Origin X="0" Y="0" />
							<Text>I</Text>
							<Size Width="3.57" Height="8.162108" />
							<Brush>
								<SolidBrush Color="#FF000000" />
							</Brush>
							<Tag>convertedFont</Tag>
						</Glyphs>
						<Glyphs OutlineWidth="0.5" CharSpace="0" RenderTransform="0.5968368 0 -0 0.5968368 460.02234 484.4833">
							<Font SizePoints="14" Style="Regular" FamilyName="CSMVMI+BlissPro" Capitals="Normal" ResourceId="2" />
							<Origin X="0" Y="0" />
							<Text>S</Text>
							<Size Width="7.014" Height="8.162108" />
							<Brush>
								<SolidBrush Color="#FF000000" />
							</Brush>
							<Tag>convertedFont</Tag>
						</Glyphs>
						<Glyphs OutlineWidth="0.5" CharSpace="0" RenderTransform="0.5968368 0 -0 0.5968368 464.2375 484.4833">
							<Font SizePoints="14" Style="Regular" FamilyName="CSMVMI+BlissPro" Capitals="Normal" ResourceId="2" />
							<Origin X="0" Y="0" />
							<Text>I</Text>
							<Size Width="3.57" Height="8.162108" />
							<Brush>
								<SolidBrush Color="#FF000000" />
							</Brush>
							<Tag>convertedFont</Tag>
						</Glyphs>
						<Glyphs OutlineWidth="0.5" CharSpace="0" RenderTransform="0.5968368 0 -0 0.5968368 466.3824 484.4833">
							<Font SizePoints="14" Style="Regular" FamilyName="CSMVMI+BlissPro" Capitals="Normal" ResourceId="2" />
							<Origin X="0" Y="0" />
							<Text> </Text>
							<Size Width="3.094" Height="8.162108" />
							<Brush>
								<SolidBrush Color="#FF000000" />
							</Brush>
							<Tag>convertedFont</Tag>
						</Glyphs>
						<Glyphs OutlineWidth="0.5" CharSpace="0" RenderTransform="0.5968368 0 -0 0.5968368 468.23816 484.4833">
							<Font SizePoints="14" Style="Regular" FamilyName="CSMVMI+BlissPro" Capitals="Normal" ResourceId="2" />
							<Origin X="0" Y="0" />
							<Text>3</Text>
							<Size Width="7.448" Height="8.162108" />
							<Brush>
								<SolidBrush Color="#FF000000" />
							</Brush>
							<Tag>convertedFont</Tag>
						</Glyphs>
						<Glyphs OutlineWidth="0.5" CharSpace="0" RenderTransform="0.5968368 0 -0 0.5968368 472.71445 484.4833">
							<Font SizePoints="14" Style="Regular" FamilyName="CSMVMI+BlissPro" Capitals="Normal" ResourceId="2" />
							<Origin X="0" Y="0" />
							<Text>1</Text>
							<Size Width="5.852" Height="8.162108" />
							<Brush>
								<SolidBrush Color="#FF000000" />
							</Brush>
							<Tag>convertedFont</Tag>
						</Glyphs>
						<Glyphs OutlineWidth="0.5" CharSpace="0" RenderTransform="0.5968368 0 -0 0.5968368 476.2302 484.4833">
							<Font SizePoints="14" Style="Regular" FamilyName="CSMVMI+BlissPro" Capitals="Normal" ResourceId="2" />
							<Origin X="0" Y="0" />
							<Text>6</Text>
							<Size Width="7.56" Height="8.162108" />
							<Brush>
								<SolidBrush Color="#FF000000" />
							</Brush>
							<Tag>convertedFont</Tag>
						</Glyphs>
						<Glyphs OutlineWidth="0.5" CharSpace="0" RenderTransform="0.5968368 0 -0 0.5968368 313.19116 502.38843">
							<Font SizePoints="14" Style="Regular" FamilyName="CSMVMI+BlissPro" Capitals="Normal" ResourceId="2" />
							<Origin X="0" Y="0" />
							<Text>В</Text>
							<Size Width="7.63" Height="8.162108" />
							<Brush>
								<SolidBrush Color="#FF000000" />
							</Brush>
							<Tag>convertedFont</Tag>
						</Glyphs>
						<Glyphs OutlineWidth="0.5" CharSpace="0" RenderTransform="0.5968368 0 -0 0.5968368 317.77933 502.38843">
							<Font SizePoints="14" Style="Regular" FamilyName="CSMVMI+BlissPro" Capitals="Normal" ResourceId="2" />
							<Origin X="0" Y="0" />
							<Text>н</Text>
							<Size Width="7.266" Height="8.162108" />
							<Brush>
								<SolidBrush Color="#FF000000" />
							</Brush>
							<Tag>convertedFont</Tag>
						</Glyphs>
						<Glyphs OutlineWidth="0.5" CharSpace="0" RenderTransform="0.5968368 0 -0 0.5968368 322.1437 502.38843">
							<Font SizePoints="14" Style="Regular" FamilyName="CSMVMI+BlissPro" Capitals="Normal" ResourceId="2" />
							<Origin X="0" Y="0" />
							<Text>у</Text>
							<Size Width="6.776" Height="8.162108" />
							<Brush>
								<SolidBrush Color="#FF000000" />
							</Brush>
							<Tag>convertedFont</Tag>
						</Glyphs>
						<Glyphs OutlineWidth="0.5" CharSpace="0" RenderTransform="0.5968368 0 -0 0.5968368 326.219 502.38843">
							<Font SizePoints="14" Style="Regular" FamilyName="CSMVMI+BlissPro" Capitals="Normal" ResourceId="2" />
							<Origin X="0" Y="0" />
							<Text>т</Text>
							<Size Width="6.174" Height="8.162108" />
							<Brush>
								<SolidBrush Color="#FF000000" />
							</Brush>
							<Tag>convertedFont</Tag>
						</Glyphs>
						<Glyphs OutlineWidth="0.5" CharSpace="0" RenderTransform="0.5968368 0 -0 0.5968368 329.93057 502.38843">
							<Font SizePoints="14" Style="Regular" FamilyName="CSMVMI+BlissPro" Capitals="Normal" ResourceId="2" />
							<Origin X="0" Y="0" />
							<Text>р</Text>
							<Size Width="7.14" Height="8.162108" />
							<Brush>
								<SolidBrush Color="#FF000000" />
							</Brush>
							<Tag>convertedFont</Tag>
						</Glyphs>
						<Glyphs OutlineWidth="0.5" CharSpace="0" RenderTransform="0.5968368 0 -0 0.5968368 334.22034 502.38843">
							<Font SizePoints="14" Style="Regular" FamilyName="CSMVMI+BlissPro" Capitals="Normal" ResourceId="2" />
							<Origin X="0" Y="0" />
							<Text>е</Text>
							<Size Width="6.636" Height="8.162108" />
							<Brush>
								<SolidBrush Color="#FF000000" />
							</Brush>
							<Tag>convertedFont</Tag>
						</Glyphs>
						<Glyphs OutlineWidth="0.5" CharSpace="0" RenderTransform="0.5968368 0 -0 0.5968368 338.21167 502.38843">
							<Font SizePoints="14" Style="Regular" FamilyName="CSMVMI+BlissPro" Capitals="Normal" ResourceId="2" />
							<Origin X="0" Y="0" />
							<Text>н</Text>
							<Size Width="7.266" Height="8.162108" />
							<Brush>
								<SolidBrush Color="#FF000000" />
							</Brush>
							<Tag>convertedFont</Tag>
						</Glyphs>
						<Glyphs OutlineWidth="0.5" CharSpace="0" RenderTransform="0.5968368 0 -0 0.5968368 342.57605 502.38843">
							<Font SizePoints="14" Style="Regular" FamilyName="CSMVMI+BlissPro" Capitals="Normal" ResourceId="2" />
							<Origin X="0" Y="0" />
							<Text>н</Text>
							<Size Width="7.266" Height="8.162108" />
							<Brush>
								<SolidBrush Color="#FF000000" />
							</Brush>
							<Tag>convertedFont</Tag>
						</Glyphs>
						<Glyphs OutlineWidth="0.5" CharSpace="0" RenderTransform="0.5968368 0 -0 0.5968368 346.9404 502.38843">
							<Font SizePoints="14" Style="Regular" FamilyName="CSMVMI+BlissPro" Capitals="Normal" ResourceId="2" />
							<Origin X="0" Y="0" />
							<Text>и</Text>
							<Size Width="7.518" Height="8.162108" />
							<Brush>
								<SolidBrush Color="#FF000000" />
							</Brush>
							<Tag>convertedFont</Tag>
						</Glyphs>
						<Glyphs OutlineWidth="0.5" CharSpace="0" RenderTransform="0.5968368 0 -0 0.5968368 351.45398 502.38843">
							<Font SizePoints="14" Style="Regular" FamilyName="CSMVMI+BlissPro" Capitals="Normal" ResourceId="2" />
							<Origin X="0" Y="0" />
							<Text>й</Text>
							<Size Width="7.518" Height="8.162108" />
							<Brush>
								<SolidBrush Color="#FF000000" />
							</Brush>
							<Tag>convertedFont</Tag>
						</Glyphs>
						<Glyphs OutlineWidth="0.5" CharSpace="0" RenderTransform="0.5968368 0 -0 0.5968368 355.96756 502.38843">
							<Font SizePoints="14" Style="Regular" FamilyName="CSMVMI+BlissPro" Capitals="Normal" ResourceId="2" />
							<Origin X="0" Y="0" />
							<Text> </Text>
							<Size Width="3.094" Height="8.162108" />
							<Brush>
								<SolidBrush Color="#FF000000" />
							</Brush>
							<Tag>convertedFont</Tag>
						</Glyphs>
						<Glyphs OutlineWidth="0.5" CharSpace="0" RenderTransform="0.5968368 0 -0 0.5968368 357.82336 502.38843">
							<Font SizePoints="14" Style="Regular" FamilyName="CSMVMI+BlissPro" Capitals="Normal" ResourceId="2" />
							<Origin X="0" Y="0" />
							<Text>л</Text>
							<Size Width="7.042" Height="8.162108" />
							<Brush>
								<SolidBrush Color="#FF000000" />
							</Brush>
							<Tag>convertedFont</Tag>
						</Glyphs>
						<Glyphs OutlineWidth="0.5" CharSpace="0" RenderTransform="0.5968368 0 -0 0.5968368 362.05716 502.38843">
							<Font SizePoints="14" Style="Regular" FamilyName="CSMVMI+BlissPro" Capitals="Normal" ResourceId="2" />
							<Origin X="0" Y="0" />
							<Text>и</Text>
							<Size Width="7.518" Height="8.162108" />
							<Brush>
								<SolidBrush Color="#FF000000" />
							</Brush>
							<Tag>convertedFont</Tag>
						</Glyphs>
						<Glyphs OutlineWidth="0.5" CharSpace="0" RenderTransform="0.5968368 0 -0 0.5968368 366.57074 502.38843">
							<Font SizePoints="14" Style="Regular" FamilyName="CSMVMI+BlissPro" Capitals="Normal" ResourceId="2" />
							<Origin X="0" Y="0" />
							<Text>с</Text>
							<Size Width="6.076" Height="8.162108" />
							<Brush>
								<SolidBrush Color="#FF000000" />
							</Brush>
							<Tag>convertedFont</Tag>
						</Glyphs>
						<Glyphs OutlineWidth="0.5" CharSpace="0" RenderTransform="0.5968368 0 -0 0.5968368 370.21704 502.38843">
							<Font SizePoints="14" Style="Regular" FamilyName="CSMVMI+BlissPro" Capitals="Normal" ResourceId="2" />
							<Origin X="0" Y="0" />
							<Text>т</Text>
							<Size Width="6.174" Height="8.162108" />
							<Brush>
								<SolidBrush Color="#FF000000" />
							</Brush>
							<Tag>convertedFont</Tag>
						</Glyphs>
						<Glyphs OutlineWidth="0.5" CharSpace="0" RenderTransform="0.5968368 0 -0 0.5968368 373.92862 502.38843">
							<Font SizePoints="14" Style="Regular" FamilyName="CSMVMI+BlissPro" Capitals="Normal" ResourceId="2" />
							<Origin X="0" Y="0" />
							<Text> </Text>
							<Size Width="3.094" Height="8.162108" />
							<Brush>
								<SolidBrush Color="#FF000000" />
							</Brush>
							<Tag>convertedFont</Tag>
						</Glyphs>
						<Glyphs OutlineWidth="0.5" CharSpace="0" RenderTransform="0.5968368 0 -0 0.5968368 375.78442 502.38843">
							<Font SizePoints="14" Style="Regular" FamilyName="CSMVMI+BlissPro" Capitals="Normal" ResourceId="2" />
							<Origin X="0" Y="0" />
							<Text>т</Text>
							<Size Width="6.174" Height="8.162108" />
							<Brush>
								<SolidBrush Color="#FF000000" />
							</Brush>
							<Tag>convertedFont</Tag>
						</Glyphs>
						<Glyphs OutlineWidth="0.5" CharSpace="0" RenderTransform="0.5968368 0 -0 0.5968368 379.496 502.38843">
							<Font SizePoints="14" Style="Regular" FamilyName="CSMVMI+BlissPro" Capitals="Normal" ResourceId="2" />
							<Origin X="0" Y="0" />
							<Text>о</Text>
							<Size Width="7.364" Height="8.162108" />
							<Brush>
								<SolidBrush Color="#FF000000" />
							</Brush>
							<Tag>convertedFont</Tag>
						</Glyphs>
						<Glyphs OutlineWidth="0.5" CharSpace="0" RenderTransform="0.5968368 0 -0 0.5968368 383.91632 502.38843">
							<Font SizePoints="14" Style="Regular" FamilyName="CSMVMI+BlissPro" Capitals="Normal" ResourceId="2" />
							<Origin X="0" Y="0" />
							<Text>л</Text>
							<Size Width="7.042" Height="8.162108" />
							<Brush>
								<SolidBrush Color="#FF000000" />
							</Brush>
							<Tag>convertedFont</Tag>
						</Glyphs>
						<Glyphs OutlineWidth="0.5" CharSpace="0" RenderTransform="0.5968368 0 -0 0.5968368 388.15012 502.38843">
							<Font SizePoints="14" Style="Regular" FamilyName="CSMVMI+BlissPro" Capitals="Normal" ResourceId="2" />
							<Origin X="0" Y="0" />
							<Text>щ</Text>
							<Size Width="10.094" Height="8.162108" />
							<Brush>
								<SolidBrush Color="#FF000000" />
							</Brush>
							<Tag>convertedFont</Tag>
						</Glyphs>
						<Glyphs OutlineWidth="0.5" CharSpace="0" RenderTransform="0.5968368 0 -0 0.5968368 394.22107 502.38843">
							<Font SizePoints="14" Style="Regular" FamilyName="CSMVMI+BlissPro" Capitals="Normal" ResourceId="2" />
							<Origin X="0" Y="0" />
							<Text>и</Text>
							<Size Width="7.518" Height="8.162108" />
							<Brush>
								<SolidBrush Color="#FF000000" />
							</Brush>
							<Tag>convertedFont</Tag>
						</Glyphs>
						<Glyphs OutlineWidth="0.5" CharSpace="0" RenderTransform="0.5968368 0 -0 0.5968368 398.73465 502.38843">
							<Font SizePoints="14" Style="Regular" FamilyName="CSMVMI+BlissPro" Capitals="Normal" ResourceId="2" />
							<Origin X="0" Y="0" />
							<Text>н</Text>
							<Size Width="7.266" Height="8.162108" />
							<Brush>
								<SolidBrush Color="#FF000000" />
							</Brush>
							<Tag>convertedFont</Tag>
						</Glyphs>
						<Glyphs OutlineWidth="0.5" CharSpace="0" RenderTransform="0.5968368 0 -0 0.5968368 403.09903 502.38843">
							<Font SizePoints="14" Style="Regular" FamilyName="CSMVMI+BlissPro" Capitals="Normal" ResourceId="2" />
							<Origin X="0" Y="0" />
							<Text>а</Text>
							<Size Width="6.608" Height="8.162108" />
							<Brush>
								<SolidBrush Color="#FF000000" />
							</Brush>
							<Tag>convertedFont</Tag>
						</Glyphs>
						<Glyphs OutlineWidth="0.5" CharSpace="0" RenderTransform="0.5968368 0 -0 0.5968368 407.07172 502.38843">
							<Font SizePoints="14" Style="Regular" FamilyName="CSMVMI+BlissPro" Capitals="Normal" ResourceId="2" />
							<Origin X="0" Y="0" />
							<Text>,</Text>
							<Size Width="3.276" Height="8.162108" />
							<Brush>
								<SolidBrush Color="#FF000000" />
							</Brush>
							<Tag>convertedFont</Tag>
						</Glyphs>
						<Glyphs OutlineWidth="0.5" CharSpace="0" RenderTransform="0.5968368 0 -0 0.5968368 409.03943 502.38843">
							<Font SizePoints="14" Style="Regular" FamilyName="CSMVMI+BlissPro" Capitals="Normal" ResourceId="2" />
							<Origin X="0" Y="0" />
							<Text> </Text>
							<Size Width="3.094" Height="8.162108" />
							<Brush>
								<SolidBrush Color="#FF000000" />
							</Brush>
							<Tag>convertedFont</Tag>
						</Glyphs>
						<Glyphs OutlineWidth="0.5" CharSpace="0" RenderTransform="0.5968368 0 -0 0.5968368 410.8952 502.38843">
							<Font SizePoints="14" Style="Regular" FamilyName="CSMVMI+BlissPro" Capitals="Normal" ResourceId="2" />
							<Origin X="0" Y="0" />
							<Text>м</Text>
							<Size Width="8.372" Height="8.162108" />
							<Brush>
								<SolidBrush Color="#FF000000" />
							</Brush>
							<Tag>convertedFont</Tag>
						</Glyphs>
						<Glyphs OutlineWidth="0.5" CharSpace="0" RenderTransform="0.5968368 0 -0 0.5968368 415.93103 502.38843">
							<Font SizePoints="14" Style="Regular" FamilyName="CSMVMI+BlissPro" Capitals="Normal" ResourceId="2" />
							<Origin X="0" Y="0" />
							<Text>м</Text>
							<Size Width="8.372" Height="8.162108" />
							<Brush>
								<SolidBrush Color="#FF000000" />
							</Brush>
							<Tag>convertedFont</Tag>
						</Glyphs>
						<Glyphs OutlineWidth="0.5" CharSpace="0" RenderTransform="0.5968368 0 -0 0.5968368 452.85098 502.38843">
							<Font SizePoints="14" Style="Regular" FamilyName="CSMVMI+BlissPro" Capitals="Normal" ResourceId="2" />
							<Origin X="0" Y="0" />
							<Text>0</Text>
							<Size Width="7.756" Height="8.162108" />
							<Brush>
								<SolidBrush Color="#FF000000" />
							</Brush>
							<Tag>convertedFont</Tag>
						</Glyphs>
						<Glyphs OutlineWidth="0.5" CharSpace="0" RenderTransform="0.5968368 0 -0 0.5968368 457.50443 502.38843">
							<Font SizePoints="14" Style="Regular" FamilyName="CSMVMI+BlissPro" Capitals="Normal" ResourceId="2" />
							<Origin X="0" Y="0" />
							<Text>.</Text>
							<Size Width="3.276" Height="8.162108" />
							<Brush>
								<SolidBrush Color="#FF000000" />
							</Brush>
							<Tag>convertedFont</Tag>
						</Glyphs>
						<Glyphs OutlineWidth="0.5" CharSpace="0" RenderTransform="0.5968368 0 -0 0.5968368 459.47214 502.38843">
							<Font SizePoints="14" Style="Regular" FamilyName="CSMVMI+BlissPro" Capitals="Normal" ResourceId="2" />
							<Origin X="0" Y="0" />
							<Text>5</Text>
							<Size Width="7.126" Height="8.162108" />
							<Brush>
								<SolidBrush Color="#FF000000" />
							</Brush>
							<Tag>convertedFont</Tag>
						</Glyphs>
						<Glyphs OutlineWidth="0.5" CharSpace="0" RenderTransform="0.5968368 0 -0 0.5968368 463.75256 502.38843">
							<Font SizePoints="14" Style="Regular" FamilyName="CSMVMI+BlissPro" Capitals="Normal" ResourceId="2" />
							<Origin X="0" Y="0" />
							<Text>5</Text>
							<Size Width="7.126" Height="8.162108" />
							<Brush>
								<SolidBrush Color="#FF000000" />
							</Brush>
							<Tag>convertedFont</Tag>
						</Glyphs>
						<Glyphs OutlineWidth="0.5" CharSpace="0" RenderTransform="0.5968368 0 -0 0.5968368 313.19116 515.5188">
							<Font SizePoints="14" Style="Regular" FamilyName="CSMVMI+BlissPro" Capitals="Normal" ResourceId="2" />
							<Origin X="0" Y="0" />
							<Text>Н</Text>
							<Size Width="9.674" Height="8.162108" />
							<Brush>
								<SolidBrush Color="#FF000000" />
							</Brush>
							<Tag>convertedFont</Tag>
						</Glyphs>
						<Glyphs OutlineWidth="0.5" CharSpace="0" RenderTransform="0.5968368 0 -0 0.5968368 319.0103 515.5188">
							<Font SizePoints="14" Style="Regular" FamilyName="CSMVMI+BlissPro" Capitals="Normal" ResourceId="2" />
							<Origin X="0" Y="0" />
							<Text>а</Text>
							<Size Width="6.608" Height="8.162108" />
							<Brush>
								<SolidBrush Color="#FF000000" />
							</Brush>
							<Tag>convertedFont</Tag>
						</Glyphs>
						<Glyphs OutlineWidth="0.5" CharSpace="0" RenderTransform="0.5968368 0 -0 0.5968368 322.983 515.5188">
							<Font SizePoints="14" Style="Regular" FamilyName="CSMVMI+BlissPro" Capitals="Normal" ResourceId="2" />
							<Origin X="0" Y="0" />
							<Text>р</Text>
							<Size Width="7.14" Height="8.162108" />
							<Brush>
								<SolidBrush Color="#FF000000" />
							</Brush>
							<Tag>convertedFont</Tag>
						</Glyphs>
						<Glyphs OutlineWidth="0.5" CharSpace="0" RenderTransform="0.5968368 0 -0 0.5968368 327.27277 515.5188">
							<Font SizePoints="14" Style="Regular" FamilyName="CSMVMI+BlissPro" Capitals="Normal" ResourceId="2" />
							<Origin X="0" Y="0" />
							<Text>у</Text>
							<Size Width="6.776" Height="8.162108" />
							<Brush>
								<SolidBrush Color="#FF000000" />
							</Brush>
							<Tag>convertedFont</Tag>
						</Glyphs>
						<Glyphs OutlineWidth="0.5" CharSpace="0" RenderTransform="0.5968368 0 -0 0.5968368 331.34805 515.5188">
							<Font SizePoints="14" Style="Regular" FamilyName="CSMVMI+BlissPro" Capitals="Normal" ResourceId="2" />
							<Origin X="0" Y="0" />
							<Text>ж</Text>
							<Size Width="9.632" Height="8.162108" />
							<Brush>
								<SolidBrush Color="#FF000000" />
							</Brush>
							<Tag>convertedFont</Tag>
						</Glyphs>
						<Glyphs OutlineWidth="0.5" CharSpace="0" RenderTransform="0.5968368 0 -0 0.5968368 337.13922 515.5188">
							<Font SizePoints="14" Style="Regular" FamilyName="CSMVMI+BlissPro" Capitals="Normal" ResourceId="2" />
							<Origin X="0" Y="0" />
							<Text>н</Text>
							<Size Width="7.266" Height="8.162108" />
							<Brush>
								<SolidBrush Color="#FF000000" />
							</Brush>
							<Tag>convertedFont</Tag>
						</Glyphs>
						<Glyphs OutlineWidth="0.5" CharSpace="0" RenderTransform="0.5968368 0 -0 0.5968368 341.5036 515.5188">
							<Font SizePoints="14" Style="Regular" FamilyName="CSMVMI+BlissPro" Capitals="Normal" ResourceId="2" />
							<Origin X="0" Y="0" />
							<Text>ы</Text>
							<Size Width="8.722" Height="8.162108" />
							<Brush>
								<SolidBrush Color="#FF000000" />
							</Brush>
							<Tag>convertedFont</Tag>
						</Glyphs>
						<Glyphs OutlineWidth="0.5" CharSpace="0" RenderTransform="0.5968368 0 -0 0.5968368 346.74457 515.5188">
							<Font SizePoints="14" Style="Regular" FamilyName="CSMVMI+BlissPro" Capitals="Normal" ResourceId="2" />
							<Origin X="0" Y="0" />
							<Text>й</Text>
							<Size Width="7.518" Height="8.162108" />
							<Brush>
								<SolidBrush Color="#FF000000" />
							</Brush>
							<Tag>convertedFont</Tag>
						</Glyphs>
						<Glyphs OutlineWidth="0.5" CharSpace="0" RenderTransform="0.5968368 0 -0 0.5968368 351.25815 515.5188">
							<Font SizePoints="14" Style="Regular" FamilyName="CSMVMI+BlissPro" Capitals="Normal" ResourceId="2" />
							<Origin X="0" Y="0" />
							<Text> </Text>
							<Size Width="3.094" Height="8.162108" />
							<Brush>
								<SolidBrush Color="#FF000000" />
							</Brush>
							<Tag>convertedFont</Tag>
						</Glyphs>
						<Glyphs OutlineWidth="0.5" CharSpace="0" RenderTransform="0.5968368 0 -0 0.5968368 353.11395 515.5188">
							<Font SizePoints="14" Style="Regular" FamilyName="CSMVMI+BlissPro" Capitals="Normal" ResourceId="2" />
							<Origin X="0" Y="0" />
							<Text>л</Text>
							<Size Width="7.042" Height="8.162108" />
							<Brush>
								<SolidBrush Color="#FF000000" />
							</Brush>
							<Tag>convertedFont</Tag>
						</Glyphs>
						<Glyphs OutlineWidth="0.5" CharSpace="0" RenderTransform="0.5968368 0 -0 0.5968368 357.34775 515.5188">
							<Font SizePoints="14" Style="Regular" FamilyName="CSMVMI+BlissPro" Capitals="Normal" ResourceId="2" />
							<Origin X="0" Y="0" />
							<Text>и</Text>
							<Size Width="7.518" Height="8.162108" />
							<Brush>
								<SolidBrush Color="#FF000000" />
							</Brush>
							<Tag>convertedFont</Tag>
						</Glyphs>
						<Glyphs OutlineWidth="0.5" CharSpace="0" RenderTransform="0.5968368 0 -0 0.5968368 361.86133 515.5188">
							<Font SizePoints="14" Style="Regular" FamilyName="CSMVMI+BlissPro" Capitals="Normal" ResourceId="2" />
							<Origin X="0" Y="0" />
							<Text>с</Text>
							<Size Width="6.076" Height="8.162108" />
							<Brush>
								<SolidBrush Color="#FF000000" />
							</Brush>
							<Tag>convertedFont</Tag>
						</Glyphs>
						<Glyphs OutlineWidth="0.5" CharSpace="0" RenderTransform="0.5968368 0 -0 0.5968368 365.50763 515.5188">
							<Font SizePoints="14" Style="Regular" FamilyName="CSMVMI+BlissPro" Capitals="Normal" ResourceId="2" />
							<Origin X="0" Y="0" />
							<Text>т</Text>
							<Size Width="6.174" Height="8.162108" />
							<Brush>
								<SolidBrush Color="#FF000000" />
							</Brush>
							<Tag>convertedFont</Tag>
						</Glyphs>
						<Glyphs OutlineWidth="0.5" CharSpace="0" RenderTransform="0.5968368 0 -0 0.5968368 369.2192 515.5188">
							<Font SizePoints="14" Style="Regular" FamilyName="CSMVMI+BlissPro" Capitals="Normal" ResourceId="2" />
							<Origin X="0" Y="0" />
							<Text> </Text>
							<Size Width="3.094" Height="8.162108" />
							<Brush>
								<SolidBrush Color="#FF000000" />
							</Brush>
							<Tag>convertedFont</Tag>
						</Glyphs>
						<Glyphs OutlineWidth="0.5" CharSpace="0" RenderTransform="0.5968368 0 -0 0.5968368 371.075 515.5188">
							<Font SizePoints="14" Style="Regular" FamilyName="CSMVMI+BlissPro" Capitals="Normal" ResourceId="2" />
							<Origin X="0" Y="0" />
							<Text>т</Text>
							<Size Width="6.174" Height="8.162108" />
							<Brush>
								<SolidBrush Color="#FF000000" />
							</Brush>
							<Tag>convertedFont</Tag>
						</Glyphs>
						<Glyphs OutlineWidth="0.5" CharSpace="0" RenderTransform="0.5968368 0 -0 0.5968368 374.7866 515.5188">
							<Font SizePoints="14" Style="Regular" FamilyName="CSMVMI+BlissPro" Capitals="Normal" ResourceId="2" />
							<Origin X="0" Y="0" />
							<Text>о</Text>
							<Size Width="7.364" Height="8.162108" />
							<Brush>
								<SolidBrush Color="#FF000000" />
							</Brush>
							<Tag>convertedFont</Tag>
						</Glyphs>
						<Glyphs OutlineWidth="0.5" CharSpace="0" RenderTransform="0.5968368 0 -0 0.5968368 379.2069 515.5188">
							<Font SizePoints="14" Style="Regular" FamilyName="CSMVMI+BlissPro" Capitals="Normal" ResourceId="2" />
							<Origin X="0" Y="0" />
							<Text>л</Text>
							<Size Width="7.042" Height="8.162108" />
							<Brush>
								<SolidBrush Color="#FF000000" />
							</Brush>
							<Tag>convertedFont</Tag>
						</Glyphs>
						<Glyphs OutlineWidth="0.5" CharSpace="0" RenderTransform="0.5968368 0 -0 0.5968368 383.4407 515.5188">
							<Font SizePoints="14" Style="Regular" FamilyName="CSMVMI+BlissPro" Capitals="Normal" ResourceId="2" />
							<Origin X="0" Y="0" />
							<Text>щ</Text>
							<Size Width="10.094" Height="8.162108" />
							<Brush>
								<SolidBrush Color="#FF000000" />
							</Brush>
							<Tag>convertedFont</Tag>
						</Glyphs>
						<Glyphs OutlineWidth="0.5" CharSpace="0" RenderTransform="0.5968368 0 -0 0.5968368 389.51166 515.5188">
							<Font SizePoints="14" Style="Regular" FamilyName="CSMVMI+BlissPro" Capitals="Normal" ResourceId="2" />
							<Origin X="0" Y="0" />
							<Text>и</Text>
							<Size Width="7.518" Height="8.162108" />
							<Brush>
								<SolidBrush Color="#FF000000" />
							</Brush>
							<Tag>convertedFont</Tag>
						</Glyphs>
						<Glyphs OutlineWidth="0.5" CharSpace="0" RenderTransform="0.5968368 0 -0 0.5968368 394.02524 515.5188">
							<Font SizePoints="14" Style="Regular" FamilyName="CSMVMI+BlissPro" Capitals="Normal" ResourceId="2" />
							<Origin X="0" Y="0" />
							<Text>н</Text>
							<Size Width="7.266" Height="8.162108" />
							<Brush>
								<SolidBrush Color="#FF000000" />
							</Brush>
							<Tag>convertedFont</Tag>
						</Glyphs>
						<Glyphs OutlineWidth="0.5" CharSpace="0" RenderTransform="0.5968368 0 -0 0.5968368 398.38962 515.5188">
							<Font SizePoints="14" Style="Regular" FamilyName="CSMVMI+BlissPro" Capitals="Normal" ResourceId="2" />
							<Origin X="0" Y="0" />
							<Text>а</Text>
							<Size Width="6.608" Height="8.162108" />
							<Brush>
								<SolidBrush Color="#FF000000" />
							</Brush>
							<Tag>convertedFont</Tag>
						</Glyphs>
						<Glyphs OutlineWidth="0.5" CharSpace="0" RenderTransform="0.5968368 0 -0 0.5968368 402.3623 515.5188">
							<Font SizePoints="14" Style="Regular" FamilyName="CSMVMI+BlissPro" Capitals="Normal" ResourceId="2" />
							<Origin X="0" Y="0" />
							<Text>,</Text>
							<Size Width="3.276" Height="8.162108" />
							<Brush>
								<SolidBrush Color="#FF000000" />
							</Brush>
							<Tag>convertedFont</Tag>
						</Glyphs>
						<Glyphs OutlineWidth="0.5" CharSpace="0" RenderTransform="0.5968368 0 -0 0.5968368 404.33 515.5188">
							<Font SizePoints="14" Style="Regular" FamilyName="CSMVMI+BlissPro" Capitals="Normal" ResourceId="2" />
							<Origin X="0" Y="0" />
							<Text> </Text>
							<Size Width="3.094" Height="8.162108" />
							<Brush>
								<SolidBrush Color="#FF000000" />
							</Brush>
							<Tag>convertedFont</Tag>
						</Glyphs>
						<Glyphs OutlineWidth="0.5" CharSpace="0" RenderTransform="0.5968368 0 -0 0.5968368 406.1858 515.5188">
							<Font SizePoints="14" Style="Regular" FamilyName="CSMVMI+BlissPro" Capitals="Normal" ResourceId="2" />
							<Origin X="0" Y="0" />
							<Text>м</Text>
							<Size Width="8.372" Height="8.162108" />
							<Brush>
								<SolidBrush Color="#FF000000" />
							</Brush>
							<Tag>convertedFont</Tag>
						</Glyphs>
						<Glyphs OutlineWidth="0.5" CharSpace="0" RenderTransform="0.5968368 0 -0 0.5968368 411.2216 515.5188">
							<Font SizePoints="14" Style="Regular" FamilyName="CSMVMI+BlissPro" Capitals="Normal" ResourceId="2" />
							<Origin X="0" Y="0" />
							<Text>м</Text>
							<Size Width="8.372" Height="8.162108" />
							<Brush>
								<SolidBrush Color="#FF000000" />
							</Brush>
							<Tag>convertedFont</Tag>
						</Glyphs>
						<Glyphs OutlineWidth="0.5" CharSpace="0" RenderTransform="0.5968368 0 -0 0.5968368 452.85098 515.5188">
							<Font SizePoints="14" Style="Regular" FamilyName="CSMVMI+BlissPro" Capitals="Normal" ResourceId="2" />
							<Origin X="0" Y="0" />
							<Text>0</Text>
							<Size Width="7.756" Height="8.162108" />
							<Brush>
								<SolidBrush Color="#FF000000" />
							</Brush>
							<Tag>convertedFont</Tag>
						</Glyphs>
						<Glyphs OutlineWidth="0.5" CharSpace="0" RenderTransform="0.5968368 0 -0 0.5968368 457.50443 515.5188">
							<Font SizePoints="14" Style="Regular" FamilyName="CSMVMI+BlissPro" Capitals="Normal" ResourceId="2" />
							<Origin X="0" Y="0" />
							<Text>.</Text>
							<Size Width="3.276" Height="8.162108" />
							<Brush>
								<SolidBrush Color="#FF000000" />
							</Brush>
							<Tag>convertedFont</Tag>
						</Glyphs>
						<Glyphs OutlineWidth="0.5" CharSpace="0" RenderTransform="0.5968368 0 -0 0.5968368 459.47214 515.5188">
							<Font SizePoints="14" Style="Regular" FamilyName="CSMVMI+BlissPro" Capitals="Normal" ResourceId="2" />
							<Origin X="0" Y="0" />
							<Text>5</Text>
							<Size Width="7.126" Height="8.162108" />
							<Brush>
								<SolidBrush Color="#FF000000" />
							</Brush>
							<Tag>convertedFont</Tag>
						</Glyphs>
						<Glyphs OutlineWidth="0.5" CharSpace="0" RenderTransform="0.5968368 0 -0 0.5968368 463.75256 515.5188">
							<Font SizePoints="14" Style="Regular" FamilyName="CSMVMI+BlissPro" Capitals="Normal" ResourceId="2" />
							<Origin X="0" Y="0" />
							<Text>5</Text>
							<Size Width="7.126" Height="8.162108" />
							<Brush>
								<SolidBrush Color="#FF000000" />
							</Brush>
							<Tag>convertedFont</Tag>
						</Glyphs>
						<Glyphs OutlineWidth="0.5" CharSpace="0" RenderTransform="0.5968368 0 -0 0.5968368 313.19116 528.64923">
							<Font SizePoints="14" Style="Regular" FamilyName="CSMVMI+BlissPro" Capitals="Normal" ResourceId="2" />
							<Origin X="0" Y="0" />
							<Text>М</Text>
							<Size Width="11.2" Height="8.162108" />
							<Brush>
								<SolidBrush Color="#FF000000" />
							</Brush>
							<Tag>convertedFont</Tag>
						</Glyphs>
						<Glyphs OutlineWidth="0.5" CharSpace="0" RenderTransform="0.5968368 0 -0 0.5968368 319.92422 528.64923">
							<Font SizePoints="14" Style="Regular" FamilyName="CSMVMI+BlissPro" Capitals="Normal" ResourceId="2" />
							<Origin X="0" Y="0" />
							<Text>а</Text>
							<Size Width="6.608" Height="8.162108" />
							<Brush>
								<SolidBrush Color="#FF000000" />
							</Brush>
							<Tag>convertedFont</Tag>
						</Glyphs>
						<Glyphs OutlineWidth="0.5" CharSpace="0" RenderTransform="0.5968368 0 -0 0.5968368 323.8969 528.64923">
							<Font SizePoints="14" Style="Regular" FamilyName="CSMVMI+BlissPro" Capitals="Normal" ResourceId="2" />
							<Origin X="0" Y="0" />
							<Text>т</Text>
							<Size Width="6.174" Height="8.162108" />
							<Brush>
								<SolidBrush Color="#FF000000" />
							</Brush>
							<Tag>convertedFont</Tag>
						</Glyphs>
						<Glyphs OutlineWidth="0.5" CharSpace="0" RenderTransform="0.5968368 0 -0 0.5968368 327.6085 528.64923">
							<Font SizePoints="14" Style="Regular" FamilyName="CSMVMI+BlissPro" Capitals="Normal" ResourceId="2" />
							<Origin X="0" Y="0" />
							<Text>е</Text>
							<Size Width="6.636" Height="8.162108" />
							<Brush>
								<SolidBrush Color="#FF000000" />
							</Brush>
							<Tag>convertedFont</Tag>
						</Glyphs>
						<Glyphs OutlineWidth="0.5" CharSpace="0" RenderTransform="0.5968368 0 -0 0.5968368 331.59985 528.64923">
							<Font SizePoints="14" Style="Regular" FamilyName="CSMVMI+BlissPro" Capitals="Normal" ResourceId="2" />
							<Origin X="0" Y="0" />
							<Text>р</Text>
							<Size Width="7.14" Height="8.162108" />
							<Brush>
								<SolidBrush Color="#FF000000" />
							</Brush>
							<Tag>convertedFont</Tag>
						</Glyphs>
						<Glyphs OutlineWidth="0.5" CharSpace="0" RenderTransform="0.5968368 0 -0 0.5968368 335.88962 528.64923">
							<Font SizePoints="14" Style="Regular" FamilyName="CSMVMI+BlissPro" Capitals="Normal" ResourceId="2" />
							<Origin X="0" Y="0" />
							<Text>и</Text>
							<Size Width="7.518" Height="8.162108" />
							<Brush>
								<SolidBrush Color="#FF000000" />
							</Brush>
							<Tag>convertedFont</Tag>
						</Glyphs>
						<Glyphs OutlineWidth="0.5" CharSpace="0" RenderTransform="0.5968368 0 -0 0.5968368 340.4032 528.64923">
							<Font SizePoints="14" Style="Regular" FamilyName="CSMVMI+BlissPro" Capitals="Normal" ResourceId="2" />
							<Origin X="0" Y="0" />
							<Text>а</Text>
							<Size Width="6.608" Height="8.162108" />
							<Brush>
								<SolidBrush Color="#FF000000" />
							</Brush>
							<Tag>convertedFont</Tag>
						</Glyphs>
						<Glyphs OutlineWidth="0.5" CharSpace="0" RenderTransform="0.5968368 0 -0 0.5968368 344.3759 528.64923">
							<Font SizePoints="14" Style="Regular" FamilyName="CSMVMI+BlissPro" Capitals="Normal" ResourceId="2" />
							<Origin X="0" Y="0" />
							<Text>л</Text>
							<Size Width="7.042" Height="8.162108" />
							<Brush>
								<SolidBrush Color="#FF000000" />
							</Brush>
							<Tag>convertedFont</Tag>
						</Glyphs>
						<Glyphs OutlineWidth="0.5" CharSpace="0" RenderTransform="0.5968368 0 -0 0.5968368 348.60968 528.64923">
							<Font SizePoints="14" Style="Regular" FamilyName="CSMVMI+BlissPro" Capitals="Normal" ResourceId="2" />
							<Origin X="0" Y="0" />
							<Text> </Text>
							<Size Width="3.094" Height="8.162108" />
							<Brush>
								<SolidBrush Color="#FF000000" />
							</Brush>
							<Tag>convertedFont</Tag>
						</Glyphs>
						<Glyphs OutlineWidth="0.5" CharSpace="0" RenderTransform="0.5968368 0 -0 0.5968368 350.46548 528.64923">
							<Font SizePoints="14" Style="Regular" FamilyName="CSMVMI+BlissPro" Capitals="Normal" ResourceId="2" />
							<Origin X="0" Y="0" />
							<Text>п</Text>
							<Size Width="7.182" Height="8.162108" />
							<Brush>
								<SolidBrush Color="#FF000000" />
							</Brush>
							<Tag>convertedFont</Tag>
						</Glyphs>
						<Glyphs OutlineWidth="0.5" CharSpace="0" RenderTransform="0.5968368 0 -0 0.5968368 354.78323 528.64923">
							<Font SizePoints="14" Style="Regular" FamilyName="CSMVMI+BlissPro" Capitals="Normal" ResourceId="2" />
							<Origin X="0" Y="0" />
							<Text>р</Text>
							<Size Width="7.14" Height="8.162108" />
							<Brush>
								<SolidBrush Color="#FF000000" />
							</Brush>
							<Tag>convertedFont</Tag>
						</Glyphs>
						<Glyphs OutlineWidth="0.5" CharSpace="0" RenderTransform="0.5968368 0 -0 0.5968368 359.073 528.64923">
							<Font SizePoints="14" Style="Regular" FamilyName="CSMVMI+BlissPro" Capitals="Normal" ResourceId="2" />
							<Origin X="0" Y="0" />
							<Text>о</Text>
							<Size Width="7.364" Height="8.162108" />
							<Brush>
								<SolidBrush Color="#FF000000" />
							</Brush>
							<Tag>convertedFont</Tag>
						</Glyphs>
						<Glyphs OutlineWidth="0.5" CharSpace="0" RenderTransform="0.5968368 0 -0 0.5968368 363.49332 528.64923">
							<Font SizePoints="14" Style="Regular" FamilyName="CSMVMI+BlissPro" Capitals="Normal" ResourceId="2" />
							<Origin X="0" Y="0" />
							<Text>ф</Text>
							<Size Width="9.044" Height="8.162108" />
							<Brush>
								<SolidBrush Color="#FF000000" />
							</Brush>
							<Tag>convertedFont</Tag>
						</Glyphs>
						<Glyphs OutlineWidth="0.5" CharSpace="0" RenderTransform="0.5968368 0 -0 0.5968368 368.9301 528.64923">
							<Font SizePoints="14" Style="Regular" FamilyName="CSMVMI+BlissPro" Capitals="Normal" ResourceId="2" />
							<Origin X="0" Y="0" />
							<Text>и</Text>
							<Size Width="7.518" Height="8.162108" />
							<Brush>
								<SolidBrush Color="#FF000000" />
							</Brush>
							<Tag>convertedFont</Tag>
						</Glyphs>
						<Glyphs OutlineWidth="0.5" CharSpace="0" RenderTransform="0.5968368 0 -0 0.5968368 373.4437 528.64923">
							<Font SizePoints="14" Style="Regular" FamilyName="CSMVMI+BlissPro" Capitals="Normal" ResourceId="2" />
							<Origin X="0" Y="0" />
							<Text>л</Text>
							<Size Width="7.042" Height="8.162108" />
							<Brush>
								<SolidBrush Color="#FF000000" />
							</Brush>
							<Tag>convertedFont</Tag>
						</Glyphs>
						<Glyphs OutlineWidth="0.5" CharSpace="0" RenderTransform="0.5968368 0 -0 0.5968368 377.67752 528.64923">
							<Font SizePoints="14" Style="Regular" FamilyName="CSMVMI+BlissPro" Capitals="Normal" ResourceId="2" />
							<Origin X="0" Y="0" />
							<Text>я</Text>
							<Size Width="6.678" Height="8.162108" />
							<Brush>
								<SolidBrush Color="#FF000000" />
							</Brush>
							<Tag>convertedFont</Tag>
						</Glyphs>
						<Glyphs OutlineWidth="0.5" CharSpace="0" RenderTransform="0.5968368 0 -0 0.5968368 452.85098 528.64923">
							<Font SizePoints="14" Style="Regular" FamilyName="CSMVMI+BlissPro" Capitals="Normal" ResourceId="2" />
							<Origin X="0" Y="0" />
							<Text>-</Text>
							<Size Width="4.984" Height="8.162108" />
							<Brush>
								<SolidBrush Color="#FF000000" />
							</Brush>
							<Tag>convertedFont</Tag>
						</Glyphs>
						<Glyphs OutlineWidth="0.5" CharSpace="0" RenderTransform="0.5968368 0 -0 0.5968368 455.84448 528.64923">
							<Font SizePoints="14" Style="Regular" FamilyName="CSMVMI+BlissPro" Capitals="Normal" ResourceId="2" />
							<Origin X="0" Y="0" />
							<Text>-</Text>
							<Size Width="4.984" Height="8.162108" />
							<Brush>
								<SolidBrush Color="#FF000000" />
							</Brush>
							<Tag>convertedFont</Tag>
						</Glyphs>
						<Glyphs OutlineWidth="0.5" CharSpace="0" RenderTransform="0.5968368 0 -0 0.5968368 458.83798 528.64923">
							<Font SizePoints="14" Style="Regular" FamilyName="CSMVMI+BlissPro" Capitals="Normal" ResourceId="2" />
							<Origin X="0" Y="0" />
							<Text>-</Text>
							<Size Width="4.984" Height="8.162108" />
							<Brush>
								<SolidBrush Color="#FF000000" />
							</Brush>
							<Tag>convertedFont</Tag>
						</Glyphs>
						<Canvas RenderTransform="0.5471004 0 -0 0.54611415 51.179802 165.77246">
							<Image ResourceId="5">
								<Origin X="0" Y="0" />
								<Size Width="900" Height="353" />
							</Image>
						</Canvas>
						<Glyphs OutlineWidth="0.5" CharSpace="0" RenderTransform="0.5968368 0 -0 0.5968368 58.938675 564.4595">
							<Font SizePoints="16" Style="Bold" FamilyName="HPDHEV+BlissPro-Bold" Capitals="Normal" ResourceId="3" />
							<Origin X="0" Y="0" />
							<Text>С</Text>
							<Size Width="9.984" Height="9.328125" />
							<Brush>
								<SolidBrush Color="#FFFFFFFF" />
							</Brush>
							<Tag>convertedFont</Tag>
						</Glyphs>
						<Glyphs OutlineWidth="0.5" CharSpace="0" RenderTransform="0.5968368 0 -0 0.5968368 64.94435 564.4595">
							<Font SizePoints="16" Style="Bold" FamilyName="HPDHEV+BlissPro-Bold" Capitals="Normal" ResourceId="3" />
							<Origin X="0" Y="0" />
							<Text>Е</Text>
							<Size Width="8.016" Height="9.328125" />
							<Brush>
								<SolidBrush Color="#FFFFFFFF" />
							</Brush>
							<Tag>convertedFont</Tag>
						</Glyphs>
						<Glyphs OutlineWidth="0.5" CharSpace="0" RenderTransform="0.5968368 0 -0 0.5968368 69.76567 564.4595">
							<Font SizePoints="16" Style="Bold" FamilyName="HPDHEV+BlissPro-Bold" Capitals="Normal" ResourceId="3" />
							<Origin X="0" Y="0" />
							<Text>К</Text>
							<Size Width="9.92" Height="9.328125" />
							<Brush>
								<SolidBrush Color="#FFFFFFFF" />
							</Brush>
							<Tag>convertedFont</Tag>
						</Glyphs>
						<Glyphs OutlineWidth="0.5" CharSpace="0" RenderTransform="0.5968368 0 -0 0.5968368 75.73404 564.4595">
							<Font SizePoints="16" Style="Bold" FamilyName="HPDHEV+BlissPro-Bold" Capitals="Normal" ResourceId="3" />
							<Origin X="0" Y="0" />
							<Text>Ц</Text>
							<Size Width="11.424" Height="9.328125" />
							<Brush>
								<SolidBrush Color="#FFFFFFFF" />
							</Brush>
							<Tag>convertedFont</Tag>
						</Glyphs>
						<Glyphs OutlineWidth="0.5" CharSpace="0" RenderTransform="0.5968368 0 -0 0.5968368 82.60699 564.4595">
							<Font SizePoints="16" Style="Bold" FamilyName="HPDHEV+BlissPro-Bold" Capitals="Normal" ResourceId="3" />
							<Origin X="0" Y="0" />
							<Text>И</Text>
							<Size Width="11.872" Height="9.328125" />
							<Brush>
								<SolidBrush Color="#FFFFFFFF" />
							</Brush>
							<Tag>convertedFont</Tag>
						</Glyphs>
						<Glyphs OutlineWidth="0.5" CharSpace="0" RenderTransform="0.5968368 0 -0 0.5968368 89.74105 564.4595">
							<Font SizePoints="16" Style="Bold" FamilyName="HPDHEV+BlissPro-Bold" Capitals="Normal" ResourceId="3" />
							<Origin X="0" Y="0" />
							<Text>И</Text>
							<Size Width="11.872" Height="9.328125" />
							<Brush>
								<SolidBrush Color="#FFFFFFFF" />
							</Brush>
							<Tag>convertedFont</Tag>
						</Glyphs>
						<Glyphs OutlineWidth="0.5" CharSpace="0" RenderTransform="0.5968368 0 -0 0.5968368 96.875114 564.4595">
							<Font SizePoints="16" Style="Bold" FamilyName="HPDHEV+BlissPro-Bold" Capitals="Normal" ResourceId="3" />
							<Origin X="0" Y="0" />
							<Text> </Text>
							<Size Width="3.424" Height="9.328125" />
							<Brush>
								<SolidBrush Color="#FFFFFFFF" />
							</Brush>
							<Tag>convertedFont</Tag>
						</Glyphs>
						<Glyphs OutlineWidth="0.5" CharSpace="0" RenderTransform="0.5968368 0 -0 0.5968368 98.936066 564.4595">
							<Font SizePoints="16" Style="Bold" FamilyName="HPDHEV+BlissPro-Bold" Capitals="Normal" ResourceId="3" />
							<Origin X="0" Y="0" />
							<Text>У</Text>
							<Size Width="9.568" Height="9.328125" />
							<Brush>
								<SolidBrush Color="#FFFFFFFF" />
							</Brush>
							<Tag>convertedFont</Tag>
						</Glyphs>
						<Glyphs OutlineWidth="0.5" CharSpace="0" RenderTransform="0.5968368 0 -0 0.5968368 104.68995 564.4595">
							<Font SizePoints="16" Style="Bold" FamilyName="HPDHEV+BlissPro-Bold" Capitals="Normal" ResourceId="3" />
							<Origin X="0" Y="0" />
							<Text>С</Text>
							<Size Width="9.984" Height="9.328125" />
							<Brush>
								<SolidBrush Color="#FFFFFFFF" />
							</Brush>
							<Tag>convertedFont</Tag>
						</Glyphs>
						<Glyphs OutlineWidth="0.5" CharSpace="0" RenderTransform="0.5968368 0 -0 0.5968368 110.69562 564.4595">
							<Font SizePoints="16" Style="Bold" FamilyName="HPDHEV+BlissPro-Bold" Capitals="Normal" ResourceId="3" />
							<Origin X="0" Y="0" />
							<Text>Т</Text>
							<Size Width="8.56" Height="9.328125" />
							<Brush>
								<SolidBrush Color="#FFFFFFFF" />
							</Brush>
							<Tag>convertedFont</Tag>
						</Glyphs>
						<Glyphs OutlineWidth="0.5" CharSpace="0" RenderTransform="0.5968368 0 -0 0.5968368 115.83401 564.4595">
							<Font SizePoints="16" Style="Bold" FamilyName="HPDHEV+BlissPro-Bold" Capitals="Normal" ResourceId="3" />
							<Origin X="0" Y="0" />
							<Text>А</Text>
							<Size Width="10.064" Height="9.328125" />
							<Brush>
								<SolidBrush Color="#FFFFFFFF" />
							</Brush>
							<Tag>convertedFont</Tag>
						</Glyphs>
						<Glyphs OutlineWidth="0.5" CharSpace="0" RenderTransform="0.5968368 0 -0 0.5968368 121.88631 564.4595">
							<Font SizePoints="16" Style="Bold" FamilyName="HPDHEV+BlissPro-Bold" Capitals="Normal" ResourceId="3" />
							<Origin X="0" Y="0" />
							<Text>Н</Text>
							<Size Width="11.392" Height="9.328125" />
							<Brush>
								<SolidBrush Color="#FFFFFFFF" />
							</Brush>
							<Tag>convertedFont</Tag>
						</Glyphs>
						<Glyphs OutlineWidth="0.5" CharSpace="0" RenderTransform="0.5968368 0 -0 0.5968368 128.7406 564.4595">
							<Font SizePoints="16" Style="Bold" FamilyName="HPDHEV+BlissPro-Bold" Capitals="Normal" ResourceId="3" />
							<Origin X="0" Y="0" />
							<Text>О</Text>
							<Size Width="12.224" Height="9.328125" />
							<Brush>
								<SolidBrush Color="#FFFFFFFF" />
							</Brush>
							<Tag>convertedFont</Tag>
						</Glyphs>
						<Glyphs OutlineWidth="0.5" CharSpace="0" RenderTransform="0.5968368 0 -0 0.5968368 136.08916 564.4595">
							<Font SizePoints="16" Style="Bold" FamilyName="HPDHEV+BlissPro-Bold" Capitals="Normal" ResourceId="3" />
							<Origin X="0" Y="0" />
							<Text>В</Text>
							<Size Width="9.024" Height="9.328125" />
							<Brush>
								<SolidBrush Color="#FFFFFFFF" />
							</Brush>
							<Tag>convertedFont</Tag>
						</Glyphs>
						<Glyphs OutlineWidth="0.5" CharSpace="0" RenderTransform="0.5968368 0 -0 0.5968368 141.51665 564.4595">
							<Font SizePoints="16" Style="Bold" FamilyName="HPDHEV+BlissPro-Bold" Capitals="Normal" ResourceId="3" />
							<Origin X="0" Y="0" />
							<Text>К</Text>
							<Size Width="9.92" Height="9.328125" />
							<Brush>
								<SolidBrush Color="#FFFFFFFF" />
							</Brush>
							<Tag>convertedFont</Tag>
						</Glyphs>
						<Glyphs OutlineWidth="0.5" CharSpace="0" RenderTransform="0.5968368 0 -0 0.5968368 147.48502 564.4595">
							<Font SizePoints="16" Style="Bold" FamilyName="HPDHEV+BlissPro-Bold" Capitals="Normal" ResourceId="3" />
							<Origin X="0" Y="0" />
							<Text>И</Text>
							<Size Width="11.872" Height="9.328125" />
							<Brush>
								<SolidBrush Color="#FFFFFFFF" />
							</Brush>
							<Tag>convertedFont</Tag>
						</Glyphs>
						<Glyphs OutlineWidth="0.5" CharSpace="0" RenderTransform="0.5968368 0 -0 0.5968368 213.51941 564.4595">
							<Font SizePoints="16" Style="Bold" FamilyName="HPDHEV+BlissPro-Bold" Capitals="Normal" ResourceId="3" />
							<Origin X="0" Y="0" />
							<Text>П</Text>
							<Size Width="10.928" Height="9.328125" />
							<Brush>
								<SolidBrush Color="#FFFFFFFF" />
							</Brush>
							<Tag>convertedFont</Tag>
						</Glyphs>
						<Glyphs OutlineWidth="0.5" CharSpace="0" RenderTransform="0.5968368 0 -0 0.5968368 220.09393 564.4595">
							<Font SizePoints="16" Style="Bold" FamilyName="HPDHEV+BlissPro-Bold" Capitals="Normal" ResourceId="3" />
							<Origin X="0" Y="0" />
							<Text>Р</Text>
							<Size Width="8.624" Height="9.328125" />
							<Brush>
								<SolidBrush Color="#FFFFFFFF" />
							</Brush>
							<Tag>convertedFont</Tag>
						</Glyphs>
						<Glyphs OutlineWidth="0.5" CharSpace="0" RenderTransform="0.5968368 0 -0 0.5968368 225.27896 564.4595">
							<Font SizePoints="16" Style="Bold" FamilyName="HPDHEV+BlissPro-Bold" Capitals="Normal" ResourceId="3" />
							<Origin X="0" Y="0" />
							<Text>И</Text>
							<Size Width="11.872" Height="9.328125" />
							<Brush>
								<SolidBrush Color="#FFFFFFFF" />
							</Brush>
							<Tag>convertedFont</Tag>
						</Glyphs>
						<Glyphs OutlineWidth="0.5" CharSpace="0" RenderTransform="0.5968368 0 -0 0.5968368 232.41302 564.4595">
							<Font SizePoints="16" Style="Bold" FamilyName="HPDHEV+BlissPro-Bold" Capitals="Normal" ResourceId="3" />
							<Origin X="0" Y="0" />
							<Text>Т</Text>
							<Size Width="8.56" Height="9.328125" />
							<Brush>
								<SolidBrush Color="#FFFFFFFF" />
							</Brush>
							<Tag>convertedFont</Tag>
						</Glyphs>
						<Glyphs OutlineWidth="0.5" CharSpace="0" RenderTransform="0.5968368 0 -0 0.5968368 237.55142 564.4595">
							<Font SizePoints="16" Style="Bold" FamilyName="HPDHEV+BlissPro-Bold" Capitals="Normal" ResourceId="3" />
							<Origin X="0" Y="0" />
							<Text>О</Text>
							<Size Width="12.224" Height="9.328125" />
							<Brush>
								<SolidBrush Color="#FFFFFFFF" />
							</Brush>
							<Tag>convertedFont</Tag>
						</Glyphs>
						<Glyphs OutlineWidth="0.5" CharSpace="0" RenderTransform="0.5968368 0 -0 0.5968368 244.89996 564.4595">
							<Font SizePoints="16" Style="Bold" FamilyName="HPDHEV+BlissPro-Bold" Capitals="Normal" ResourceId="3" />
							<Origin X="0" Y="0" />
							<Text>Ч</Text>
							<Size Width="10.112" Height="9.328125" />
							<Brush>
								<SolidBrush Color="#FFFFFFFF" />
							</Brush>
							<Tag>convertedFont</Tag>
						</Glyphs>
						<Glyphs OutlineWidth="0.5" CharSpace="0" RenderTransform="0.5968368 0 -0 0.5968368 250.98024 564.4595">
							<Font SizePoints="16" Style="Bold" FamilyName="HPDHEV+BlissPro-Bold" Capitals="Normal" ResourceId="3" />
							<Origin X="0" Y="0" />
							<Text>Н</Text>
							<Size Width="11.392" Height="9.328125" />
							<Brush>
								<SolidBrush Color="#FFFFFFFF" />
							</Brush>
							<Tag>convertedFont</Tag>
						</Glyphs>
						<Glyphs OutlineWidth="0.5" CharSpace="0" RenderTransform="0.5968368 0 -0 0.5968368 257.83453 564.4595">
							<Font SizePoints="16" Style="Bold" FamilyName="HPDHEV+BlissPro-Bold" Capitals="Normal" ResourceId="3" />
							<Origin X="0" Y="0" />
							<Text>А</Text>
							<Size Width="10.064" Height="9.328125" />
							<Brush>
								<SolidBrush Color="#FFFFFFFF" />
							</Brush>
							<Tag>convertedFont</Tag>
						</Glyphs>
						<Glyphs OutlineWidth="0.5" CharSpace="0" RenderTransform="0.5968368 0 -0 0.5968368 263.88684 564.4595">
							<Font SizePoints="16" Style="Bold" FamilyName="HPDHEV+BlissPro-Bold" Capitals="Normal" ResourceId="3" />
							<Origin X="0" Y="0" />
							<Text>Я</Text>
							<Size Width="9.632" Height="9.328125" />
							<Brush>
								<SolidBrush Color="#FFFFFFFF" />
							</Brush>
							<Tag>convertedFont</Tag>
						</Glyphs>
						<Glyphs OutlineWidth="0.5" CharSpace="0" RenderTransform="0.5968368 0 -0 0.5968368 269.67804 564.4595">
							<Font SizePoints="16" Style="Bold" FamilyName="HPDHEV+BlissPro-Bold" Capitals="Normal" ResourceId="3" />
							<Origin X="0" Y="0" />
							<Text> </Text>
							<Size Width="3.424" Height="9.328125" />
							<Brush>
								<SolidBrush Color="#FFFFFFFF" />
							</Brush>
							<Tag>convertedFont</Tag>
						</Glyphs>
						<Glyphs OutlineWidth="0.5" CharSpace="0" RenderTransform="0.5968368 0 -0 0.5968368 271.73895 564.4595">
							<Font SizePoints="16" Style="Bold" FamilyName="HPDHEV+BlissPro-Bold" Capitals="Normal" ResourceId="3" />
							<Origin X="0" Y="0" />
							<Text>Ч</Text>
							<Size Width="10.112" Height="9.328125" />
							<Brush>
								<SolidBrush Color="#FFFFFFFF" />
							</Brush>
							<Tag>convertedFont</Tag>
						</Glyphs>
						<Glyphs OutlineWidth="0.5" CharSpace="0" RenderTransform="0.5968368 0 -0 0.5968368 277.81924 564.4595">
							<Font SizePoints="16" Style="Bold" FamilyName="HPDHEV+BlissPro-Bold" Capitals="Normal" ResourceId="3" />
							<Origin X="0" Y="0" />
							<Text>А</Text>
							<Size Width="10.064" Height="9.328125" />
							<Brush>
								<SolidBrush Color="#FFFFFFFF" />
							</Brush>
							<Tag>convertedFont</Tag>
						</Glyphs>
						<Glyphs OutlineWidth="0.5" CharSpace="0" RenderTransform="0.5968368 0 -0 0.5968368 283.87155 564.4595">
							<Font SizePoints="16" Style="Bold" FamilyName="HPDHEV+BlissPro-Bold" Capitals="Normal" ResourceId="3" />
							<Origin X="0" Y="0" />
							<Text>С</Text>
							<Size Width="9.984" Height="9.328125" />
							<Brush>
								<SolidBrush Color="#FFFFFFFF" />
							</Brush>
							<Tag>convertedFont</Tag>
						</Glyphs>
						<Glyphs OutlineWidth="0.5" CharSpace="0" RenderTransform="0.5968368 0 -0 0.5968368 289.87723 564.4595">
							<Font SizePoints="16" Style="Bold" FamilyName="HPDHEV+BlissPro-Bold" Capitals="Normal" ResourceId="3" />
							<Origin X="0" Y="0" />
							<Text>Т</Text>
							<Size Width="8.56" Height="9.328125" />
							<Brush>
								<SolidBrush Color="#FFFFFFFF" />
							</Brush>
							<Tag>convertedFont</Tag>
						</Glyphs>
						<Glyphs OutlineWidth="0.5" CharSpace="0" RenderTransform="0.5968368 0 -0 0.5968368 295.01562 564.4595">
							<Font SizePoints="16" Style="Bold" FamilyName="HPDHEV+BlissPro-Bold" Capitals="Normal" ResourceId="3" />
							<Origin X="0" Y="0" />
							<Text>Ь</Text>
							<Size Width="9.024" Height="9.328125" />
							<Brush>
								<SolidBrush Color="#FFFFFFFF" />
							</Brush>
							<Tag>convertedFont</Tag>
						</Glyphs>
						<Glyphs OutlineWidth="0.5" CharSpace="0" RenderTransform="0.5968368 0 -0 0.5968368 381.8274 564.4595">
							<Font SizePoints="16" Style="Bold" FamilyName="HPDHEV+BlissPro-Bold" Capitals="Normal" ResourceId="3" />
							<Origin X="0" Y="0" />
							<Text>В</Text>
							<Size Width="9.024" Height="9.328125" />
							<Brush>
								<SolidBrush Color="#FFFFFFFF" />
							</Brush>
							<Tag>convertedFont</Tag>
						</Glyphs>
						<Glyphs OutlineWidth="0.5" CharSpace="0" RenderTransform="0.5968368 0 -0 0.5968368 387.25488 564.4595">
							<Font SizePoints="16" Style="Bold" FamilyName="HPDHEV+BlissPro-Bold" Capitals="Normal" ResourceId="3" />
							<Origin X="0" Y="0" />
							<Text>Ы</Text>
							<Size Width="12.464" Height="9.328125" />
							<Brush>
								<SolidBrush Color="#FFFFFFFF" />
							</Brush>
							<Tag>convertedFont</Tag>
						</Glyphs>
						<Glyphs OutlineWidth="0.5" CharSpace="0" RenderTransform="0.5968368 0 -0 0.5968368 394.74332 564.4595">
							<Font SizePoints="16" Style="Bold" FamilyName="HPDHEV+BlissPro-Bold" Capitals="Normal" ResourceId="3" />
							<Origin X="0" Y="0" />
							<Text>Т</Text>
							<Size Width="8.56" Height="9.328125" />
							<Brush>
								<SolidBrush Color="#FFFFFFFF" />
							</Brush>
							<Tag>convertedFont</Tag>
						</Glyphs>
						<Glyphs OutlineWidth="0.5" CharSpace="0" RenderTransform="0.5968368 0 -0 0.5968368 399.8817 564.4595">
							<Font SizePoints="16" Style="Bold" FamilyName="HPDHEV+BlissPro-Bold" Capitals="Normal" ResourceId="3" />
							<Origin X="0" Y="0" />
							<Text>Я</Text>
							<Size Width="9.632" Height="9.328125" />
							<Brush>
								<SolidBrush Color="#FFFFFFFF" />
							</Brush>
							<Tag>convertedFont</Tag>
						</Glyphs>
						<Glyphs OutlineWidth="0.5" CharSpace="0" RenderTransform="0.5968368 0 -0 0.5968368 405.67288 564.4595">
							<Font SizePoints="16" Style="Bold" FamilyName="HPDHEV+BlissPro-Bold" Capitals="Normal" ResourceId="3" />
							<Origin X="0" Y="0" />
							<Text>Ж</Text>
							<Size Width="14.528" Height="9.328125" />
							<Brush>
								<SolidBrush Color="#FFFFFFFF" />
							</Brush>
							<Tag>convertedFont</Tag>
						</Glyphs>
						<Glyphs OutlineWidth="0.5" CharSpace="0" RenderTransform="0.5968368 0 -0 0.5968368 414.4016 564.4595">
							<Font SizePoints="16" Style="Bold" FamilyName="HPDHEV+BlissPro-Bold" Capitals="Normal" ResourceId="3" />
							<Origin X="0" Y="0" />
							<Text>Н</Text>
							<Size Width="11.392" Height="9.328125" />
							<Brush>
								<SolidBrush Color="#FFFFFFFF" />
							</Brush>
							<Tag>convertedFont</Tag>
						</Glyphs>
						<Glyphs OutlineWidth="0.5" CharSpace="0" RenderTransform="0.5968368 0 -0 0.5968368 421.25592 564.4595">
							<Font SizePoints="16" Style="Bold" FamilyName="HPDHEV+BlissPro-Bold" Capitals="Normal" ResourceId="3" />
							<Origin X="0" Y="0" />
							<Text>А</Text>
							<Size Width="10.064" Height="9.328125" />
							<Brush>
								<SolidBrush Color="#FFFFFFFF" />
							</Brush>
							<Tag>convertedFont</Tag>
						</Glyphs>
						<Glyphs OutlineWidth="0.5" CharSpace="0" RenderTransform="0.5968368 0 -0 0.5968368 427.30823 564.4595">
							<Font SizePoints="16" Style="Bold" FamilyName="HPDHEV+BlissPro-Bold" Capitals="Normal" ResourceId="3" />
							<Origin X="0" Y="0" />
							<Text>Я</Text>
							<Size Width="9.632" Height="9.328125" />
							<Brush>
								<SolidBrush Color="#FFFFFFFF" />
							</Brush>
							<Tag>convertedFont</Tag>
						</Glyphs>
						<Glyphs OutlineWidth="0.5" CharSpace="0" RenderTransform="0.5968368 0 -0 0.5968368 433.0994 564.4595">
							<Font SizePoints="16" Style="Bold" FamilyName="HPDHEV+BlissPro-Bold" Capitals="Normal" ResourceId="3" />
							<Origin X="0" Y="0" />
							<Text> </Text>
							<Size Width="3.424" Height="9.328125" />
							<Brush>
								<SolidBrush Color="#FFFFFFFF" />
							</Brush>
							<Tag>convertedFont</Tag>
						</Glyphs>
						<Glyphs OutlineWidth="0.5" CharSpace="0" RenderTransform="0.5968368 0 -0 0.5968368 435.16034 564.4595">
							<Font SizePoints="16" Style="Bold" FamilyName="HPDHEV+BlissPro-Bold" Capitals="Normal" ResourceId="3" />
							<Origin X="0" Y="0" />
							<Text>Ч</Text>
							<Size Width="10.112" Height="9.328125" />
							<Brush>
								<SolidBrush Color="#FFFFFFFF" />
							</Brush>
							<Tag>convertedFont</Tag>
						</Glyphs>
						<Glyphs OutlineWidth="0.5" CharSpace="0" RenderTransform="0.5968368 0 -0 0.5968368 441.24063 564.4595">
							<Font SizePoints="16" Style="Bold" FamilyName="HPDHEV+BlissPro-Bold" Capitals="Normal" ResourceId="3" />
							<Origin X="0" Y="0" />
							<Text>А</Text>
							<Size Width="10.064" Height="9.328125" />
							<Brush>
								<SolidBrush Color="#FFFFFFFF" />
							</Brush>
							<Tag>convertedFont</Tag>
						</Glyphs>
						<Glyphs OutlineWidth="0.5" CharSpace="0" RenderTransform="0.5968368 0 -0 0.5968368 447.29294 564.4595">
							<Font SizePoints="16" Style="Bold" FamilyName="HPDHEV+BlissPro-Bold" Capitals="Normal" ResourceId="3" />
							<Origin X="0" Y="0" />
							<Text>С</Text>
							<Size Width="9.984" Height="9.328125" />
							<Brush>
								<SolidBrush Color="#FFFFFFFF" />
							</Brush>
							<Tag>convertedFont</Tag>
						</Glyphs>
						<Glyphs OutlineWidth="0.5" CharSpace="0" RenderTransform="0.5968368 0 -0 0.5968368 453.29858 564.4595">
							<Font SizePoints="16" Style="Bold" FamilyName="HPDHEV+BlissPro-Bold" Capitals="Normal" ResourceId="3" />
							<Origin X="0" Y="0" />
							<Text>Т</Text>
							<Size Width="8.56" Height="9.328125" />
							<Brush>
								<SolidBrush Color="#FFFFFFFF" />
							</Brush>
							<Tag>convertedFont</Tag>
						</Glyphs>
						<Glyphs OutlineWidth="0.5" CharSpace="0" RenderTransform="0.5968368 0 -0 0.5968368 458.43698 564.4595">
							<Font SizePoints="16" Style="Bold" FamilyName="HPDHEV+BlissPro-Bold" Capitals="Normal" ResourceId="3" />
							<Origin X="0" Y="0" />
							<Text>Ь</Text>
							<Size Width="9.024" Height="9.328125" />
							<Brush>
								<SolidBrush Color="#FFFFFFFF" />
							</Brush>
							<Tag>convertedFont</Tag>
						</Glyphs>
						<Glyphs OutlineWidth="0.5" CharSpace="0" RenderTransform="0.5968368 0 -0 0.5968368 58.938675 593.1076">
							<Font SizePoints="16" Style="Bold" FamilyName="HPDHEV+BlissPro-Bold" Capitals="Normal" ResourceId="3" />
							<Origin X="0" Y="0" />
							<Text>Н</Text>
							<Size Width="11.392" Height="9.328125" />
							<Brush>
								<SolidBrush Color="#FFFFFFFF" />
							</Brush>
							<Tag>convertedFont</Tag>
						</Glyphs>
						<Glyphs OutlineWidth="0.5" CharSpace="0" RenderTransform="0.5968368 0 -0 0.5968368 65.79298 593.1076">
							<Font SizePoints="16" Style="Bold" FamilyName="HPDHEV+BlissPro-Bold" Capitals="Normal" ResourceId="3" />
							<Origin X="0" Y="0" />
							<Text>А</Text>
							<Size Width="10.064" Height="9.328125" />
							<Brush>
								<SolidBrush Color="#FFFFFFFF" />
							</Brush>
							<Tag>convertedFont</Tag>
						</Glyphs>
						<Glyphs OutlineWidth="0.5" CharSpace="0" RenderTransform="0.5968368 0 -0 0.5968368 71.845276 593.1076">
							<Font SizePoints="16" Style="Bold" FamilyName="HPDHEV+BlissPro-Bold" Capitals="Normal" ResourceId="3" />
							<Origin X="0" Y="0" />
							<Text>И</Text>
							<Size Width="11.872" Height="9.328125" />
							<Brush>
								<SolidBrush Color="#FFFFFFFF" />
							</Brush>
							<Tag>convertedFont</Tag>
						</Glyphs>
						<Glyphs OutlineWidth="0.5" CharSpace="0" RenderTransform="0.5968368 0 -0 0.5968368 78.97934 593.1076">
							<Font SizePoints="16" Style="Bold" FamilyName="HPDHEV+BlissPro-Bold" Capitals="Normal" ResourceId="3" />
							<Origin X="0" Y="0" />
							<Text>М</Text>
							<Size Width="13.072" Height="9.328125" />
							<Brush>
								<SolidBrush Color="#FFFFFFFF" />
							</Brush>
							<Tag>convertedFont</Tag>
						</Glyphs>
						<Glyphs OutlineWidth="0.5" CharSpace="0" RenderTransform="0.5968368 0 -0 0.5968368 86.83147 593.1076">
							<Font SizePoints="16" Style="Bold" FamilyName="HPDHEV+BlissPro-Bold" Capitals="Normal" ResourceId="3" />
							<Origin X="0" Y="0" />
							<Text>Е</Text>
							<Size Width="8.016" Height="9.328125" />
							<Brush>
								<SolidBrush Color="#FFFFFFFF" />
							</Brush>
							<Tag>convertedFont</Tag>
						</Glyphs>
						<Glyphs OutlineWidth="0.5" CharSpace="0" RenderTransform="0.5968368 0 -0 0.5968368 91.652794 593.1076">
							<Font SizePoints="16" Style="Bold" FamilyName="HPDHEV+BlissPro-Bold" Capitals="Normal" ResourceId="3" />
							<Origin X="0" Y="0" />
							<Text>Н</Text>
							<Size Width="11.392" Height="9.328125" />
							<Brush>
								<SolidBrush Color="#FFFFFFFF" />
							</Brush>
							<Tag>convertedFont</Tag>
						</Glyphs>
						<Glyphs OutlineWidth="0.5" CharSpace="0" RenderTransform="0.5968368 0 -0 0.5968368 98.507095 593.1076">
							<Font SizePoints="16" Style="Bold" FamilyName="HPDHEV+BlissPro-Bold" Capitals="Normal" ResourceId="3" />
							<Origin X="0" Y="0" />
							<Text>О</Text>
							<Size Width="12.224" Height="9.328125" />
							<Brush>
								<SolidBrush Color="#FFFFFFFF" />
							</Brush>
							<Tag>convertedFont</Tag>
						</Glyphs>
						<Glyphs OutlineWidth="0.5" CharSpace="0" RenderTransform="0.5968368 0 -0 0.5968368 105.855644 593.1076">
							<Font SizePoints="16" Style="Bold" FamilyName="HPDHEV+BlissPro-Bold" Capitals="Normal" ResourceId="3" />
							<Origin X="0" Y="0" />
							<Text>В</Text>
							<Size Width="9.024" Height="9.328125" />
							<Brush>
								<SolidBrush Color="#FFFFFFFF" />
							</Brush>
							<Tag>convertedFont</Tag>
						</Glyphs>
						<Glyphs OutlineWidth="0.5" CharSpace="0" RenderTransform="0.5968368 0 -0 0.5968368 111.28313 593.1076">
							<Font SizePoints="16" Style="Bold" FamilyName="HPDHEV+BlissPro-Bold" Capitals="Normal" ResourceId="3" />
							<Origin X="0" Y="0" />
							<Text>А</Text>
							<Size Width="10.064" Height="9.328125" />
							<Brush>
								<SolidBrush Color="#FFFFFFFF" />
							</Brush>
							<Tag>convertedFont</Tag>
						</Glyphs>
						<Glyphs OutlineWidth="0.5" CharSpace="0" RenderTransform="0.5968368 0 -0 0.5968368 117.33543 593.1076">
							<Font SizePoints="16" Style="Bold" FamilyName="HPDHEV+BlissPro-Bold" Capitals="Normal" ResourceId="3" />
							<Origin X="0" Y="0" />
							<Text>Н</Text>
							<Size Width="11.392" Height="9.328125" />
							<Brush>
								<SolidBrush Color="#FFFFFFFF" />
							</Brush>
							<Tag>convertedFont</Tag>
						</Glyphs>
						<Glyphs OutlineWidth="0.5" CharSpace="0" RenderTransform="0.5968368 0 -0 0.5968368 124.18973 593.1076">
							<Font SizePoints="16" Style="Bold" FamilyName="HPDHEV+BlissPro-Bold" Capitals="Normal" ResourceId="3" />
							<Origin X="0" Y="0" />
							<Text>И</Text>
							<Size Width="11.872" Height="9.328125" />
							<Brush>
								<SolidBrush Color="#FFFFFFFF" />
							</Brush>
							<Tag>convertedFont</Tag>
						</Glyphs>
						<Glyphs OutlineWidth="0.5" CharSpace="0" RenderTransform="0.5968368 0 -0 0.5968368 131.32379 593.1076">
							<Font SizePoints="16" Style="Bold" FamilyName="HPDHEV+BlissPro-Bold" Capitals="Normal" ResourceId="3" />
							<Origin X="0" Y="0" />
							<Text>Е</Text>
							<Size Width="8.016" Height="9.328125" />
							<Brush>
								<SolidBrush Color="#FFFFFFFF" />
							</Brush>
							<Tag>convertedFont</Tag>
						</Glyphs>
						<Glyphs OutlineWidth="0.5" CharSpace="0" RenderTransform="0.5968368 0 -0 0.5968368 220.68146 581.7677">
							<Font SizePoints="16" Style="Bold" FamilyName="HPDHEV+BlissPro-Bold" Capitals="Normal" ResourceId="3" />
							<Origin X="0" Y="0" />
							<Text>Р</Text>
							<Size Width="8.624" Height="9.328125" />
							<Brush>
								<SolidBrush Color="#FFFFFFFF" />
							</Brush>
							<Tag>convertedFont</Tag>
						</Glyphs>
						<Glyphs OutlineWidth="0.5" CharSpace="0" RenderTransform="0.5968368 0 -0 0.5968368 225.86647 581.7677">
							<Font SizePoints="16" Style="Bold" FamilyName="HPDHEV+BlissPro-Bold" Capitals="Normal" ResourceId="3" />
							<Origin X="0" Y="0" />
							<Text>А</Text>
							<Size Width="10.064" Height="9.328125" />
							<Brush>
								<SolidBrush Color="#FFFFFFFF" />
							</Brush>
							<Tag>convertedFont</Tag>
						</Glyphs>
						<Glyphs OutlineWidth="0.5" CharSpace="0" RenderTransform="0.5968368 0 -0 0.5968368 231.91876 581.7677">
							<Font SizePoints="16" Style="Bold" FamilyName="HPDHEV+BlissPro-Bold" Capitals="Normal" ResourceId="3" />
							<Origin X="0" Y="0" />
							<Text>З</Text>
							<Size Width="8.4" Height="9.328125" />
							<Brush>
								<SolidBrush Color="#FFFFFFFF" />
							</Brush>
							<Tag>convertedFont</Tag>
						</Glyphs>
						<Glyphs OutlineWidth="0.5" CharSpace="0" RenderTransform="0.5968368 0 -0 0.5968368 236.96391 581.7677">
							<Font SizePoints="16" Style="Bold" FamilyName="HPDHEV+BlissPro-Bold" Capitals="Normal" ResourceId="3" />
							<Origin X="0" Y="0" />
							<Text>М</Text>
							<Size Width="13.072" Height="9.328125" />
							<Brush>
								<SolidBrush Color="#FFFFFFFF" />
							</Brush>
							<Tag>convertedFont</Tag>
						</Glyphs>
						<Glyphs OutlineWidth="0.5" CharSpace="0" RenderTransform="0.5968368 0 -0 0.5968368 244.81604 581.7677">
							<Font SizePoints="16" Style="Bold" FamilyName="HPDHEV+BlissPro-Bold" Capitals="Normal" ResourceId="3" />
							<Origin X="0" Y="0" />
							<Text>Е</Text>
							<Size Width="8.016" Height="9.328125" />
							<Brush>
								<SolidBrush Color="#FFFFFFFF" />
							</Brush>
							<Tag>convertedFont</Tag>
						</Glyphs>
						<Glyphs OutlineWidth="0.5" CharSpace="0" RenderTransform="0.5968368 0 -0 0.5968368 249.63736 581.7677">
							<Font SizePoints="16" Style="Bold" FamilyName="HPDHEV+BlissPro-Bold" Capitals="Normal" ResourceId="3" />
							<Origin X="0" Y="0" />
							<Text>Р</Text>
							<Size Width="8.624" Height="9.328125" />
							<Brush>
								<SolidBrush Color="#FFFFFFFF" />
							</Brush>
							<Tag>convertedFont</Tag>
						</Glyphs>
						<Glyphs OutlineWidth="0.5" CharSpace="0" RenderTransform="0.5968368 0 -0 0.5968368 220.68146 593.1076">
							<Font SizePoints="16" Style="Bold" FamilyName="HPDHEV+BlissPro-Bold" Capitals="Normal" ResourceId="3" />
							<Origin X="0" Y="0" />
							<Text>Д</Text>
							<Size Width="11.136" Height="9.328125" />
							<Brush>
								<SolidBrush Color="#FFFFFFFF" />
							</Brush>
							<Tag>convertedFont</Tag>
						</Glyphs>
						<Glyphs OutlineWidth="0.5" CharSpace="0" RenderTransform="0.5968368 0 -0 0.5968368 227.36789 593.1076">
							<Font SizePoints="16" Style="Bold" FamilyName="HPDHEV+BlissPro-Bold" Capitals="Normal" ResourceId="3" />
							<Origin X="0" Y="0" />
							<Text>Х</Text>
							<Size Width="10.08" Height="9.328125" />
							<Brush>
								<SolidBrush Color="#FFFFFFFF" />
							</Brush>
							<Tag>convertedFont</Tag>
						</Glyphs>
						<Glyphs OutlineWidth="0.5" CharSpace="0" RenderTransform="0.5968368 0 -0 0.5968368 233.42952 593.1076">
							<Font SizePoints="16" Style="Bold" FamilyName="HPDHEV+BlissPro-Bold" Capitals="Normal" ResourceId="3" />
							<Origin X="0" Y="0" />
							<Text>Ш</Text>
							<Size Width="15.056" Height="9.328125" />
							<Brush>
								<SolidBrush Color="#FFFFFFFF" />
							</Brush>
							<Tag>convertedFont</Tag>
						</Glyphs>
						<Glyphs OutlineWidth="0.5" CharSpace="0" RenderTransform="0.5968368 0 -0 0.5968368 242.47533 593.1076">
							<Font SizePoints="16" Style="Bold" FamilyName="HPDHEV+BlissPro-Bold" Capitals="Normal" ResourceId="3" />
							<Origin X="0" Y="0" />
							<Text>Х</Text>
							<Size Width="10.08" Height="9.328125" />
							<Brush>
								<SolidBrush Color="#FFFFFFFF" />
							</Brush>
							<Tag>convertedFont</Tag>
						</Glyphs>
						<Glyphs OutlineWidth="0.5" CharSpace="0" RenderTransform="0.5968368 0 -0 0.5968368 248.53694 593.1076">
							<Font SizePoints="16" Style="Bold" FamilyName="HPDHEV+BlissPro-Bold" Capitals="Normal" ResourceId="3" />
							<Origin X="0" Y="0" />
							<Text>В</Text>
							<Size Width="9.024" Height="9.328125" />
							<Brush>
								<SolidBrush Color="#FFFFFFFF" />
							</Brush>
							<Tag>convertedFont</Tag>
						</Glyphs>
						<Glyphs OutlineWidth="0.5" CharSpace="0" RenderTransform="0.5968368 0 -0 0.5968368 220.68146 604.4475">
							<Font SizePoints="16" Style="Bold" FamilyName="HPDHEV+BlissPro-Bold" Capitals="Normal" ResourceId="3" />
							<Origin X="0" Y="0" />
							<Text>(</Text>
							<Size Width="5.52" Height="9.328125" />
							<Brush>
								<SolidBrush Color="#FFFFFFFF" />
							</Brush>
							<Tag>convertedFont</Tag>
						</Glyphs>
						<Glyphs OutlineWidth="0.5" CharSpace="0" RenderTransform="0.5968368 0 -0 0.5968368 224.00136 604.4475">
							<Font SizePoints="16" Style="Bold" FamilyName="HPDHEV+BlissPro-Bold" Capitals="Normal" ResourceId="3" />
							<Origin X="0" Y="0" />
							<Text>М</Text>
							<Size Width="13.072" Height="9.328125" />
							<Brush>
								<SolidBrush Color="#FFFFFFFF" />
							</Brush>
							<Tag>convertedFont</Tag>
						</Glyphs>
						<Glyphs OutlineWidth="0.5" CharSpace="0" RenderTransform="0.5968368 0 -0 0.5968368 231.85349 604.4475">
							<Font SizePoints="16" Style="Bold" FamilyName="HPDHEV+BlissPro-Bold" Capitals="Normal" ResourceId="3" />
							<Origin X="0" Y="0" />
							<Text>М</Text>
							<Size Width="13.072" Height="9.328125" />
							<Brush>
								<SolidBrush Color="#FFFFFFFF" />
							</Brush>
							<Tag>convertedFont</Tag>
						</Glyphs>
						<Glyphs OutlineWidth="0.5" CharSpace="0" RenderTransform="0.5968368 0 -0 0.5968368 239.70563 604.4475">
							<Font SizePoints="16" Style="Bold" FamilyName="HPDHEV+BlissPro-Bold" Capitals="Normal" ResourceId="3" />
							<Origin X="0" Y="0" />
							<Text>)</Text>
							<Size Width="5.52" Height="9.328125" />
							<Brush>
								<SolidBrush Color="#FFFFFFFF" />
							</Brush>
							<Tag>convertedFont</Tag>
						</Glyphs>
						<Glyphs OutlineWidth="0.5" CharSpace="0" RenderTransform="0.5968368 0 -0 0.5968368 279.17145 587.1392">
							<Font SizePoints="16" Style="Bold" FamilyName="HPDHEV+BlissPro-Bold" Capitals="Normal" ResourceId="3" />
							<Origin X="0" Y="0" />
							<Text>М</Text>
							<Size Width="13.072" Height="9.328125" />
							<Brush>
								<SolidBrush Color="#FFFFFFFF" />
							</Brush>
							<Tag>convertedFont</Tag>
						</Glyphs>
						<Glyphs OutlineWidth="0.5" CharSpace="0" RenderTransform="0.5968368 0 -0 0.5968368 287.0236 587.1392">
							<Font SizePoints="16" Style="Bold" FamilyName="HPDHEV+BlissPro-Bold" Capitals="Normal" ResourceId="3" />
							<Origin X="0" Y="0" />
							<Text>А</Text>
							<Size Width="10.064" Height="9.328125" />
							<Brush>
								<SolidBrush Color="#FFFFFFFF" />
							</Brush>
							<Tag>convertedFont</Tag>
						</Glyphs>
						<Glyphs OutlineWidth="0.5" CharSpace="0" RenderTransform="0.5968368 0 -0 0.5968368 293.0759 587.1392">
							<Font SizePoints="16" Style="Bold" FamilyName="HPDHEV+BlissPro-Bold" Capitals="Normal" ResourceId="3" />
							<Origin X="0" Y="0" />
							<Text>С</Text>
							<Size Width="9.984" Height="9.328125" />
							<Brush>
								<SolidBrush Color="#FFFFFFFF" />
							</Brush>
							<Tag>convertedFont</Tag>
						</Glyphs>
						<Glyphs OutlineWidth="0.5" CharSpace="0" RenderTransform="0.5968368 0 -0 0.5968368 299.08157 587.1392">
							<Font SizePoints="16" Style="Bold" FamilyName="HPDHEV+BlissPro-Bold" Capitals="Normal" ResourceId="3" />
							<Origin X="0" Y="0" />
							<Text>С</Text>
							<Size Width="9.984" Height="9.328125" />
							<Brush>
								<SolidBrush Color="#FFFFFFFF" />
							</Brush>
							<Tag>convertedFont</Tag>
						</Glyphs>
						<Glyphs OutlineWidth="0.5" CharSpace="0" RenderTransform="0.5968368 0 -0 0.5968368 305.08722 587.1392">
							<Font SizePoints="16" Style="Bold" FamilyName="HPDHEV+BlissPro-Bold" Capitals="Normal" ResourceId="3" />
							<Origin X="0" Y="0" />
							<Text>А</Text>
							<Size Width="10.064" Height="9.328125" />
							<Brush>
								<SolidBrush Color="#FFFFFFFF" />
							</Brush>
							<Tag>convertedFont</Tag>
						</Glyphs>
						<Glyphs OutlineWidth="0.5" CharSpace="0" RenderTransform="0.5968368 0 -0 0.5968368 279.17145 598.4791">
							<Font SizePoints="16" Style="Bold" FamilyName="HPDHEV+BlissPro-Bold" Capitals="Normal" ResourceId="3" />
							<Origin X="0" Y="0" />
							<Text>(</Text>
							<Size Width="5.52" Height="9.328125" />
							<Brush>
								<SolidBrush Color="#FFFFFFFF" />
							</Brush>
							<Tag>convertedFont</Tag>
						</Glyphs>
						<Glyphs OutlineWidth="0.5" CharSpace="0" RenderTransform="0.5968368 0 -0 0.5968368 282.49136 598.4791">
							<Font SizePoints="16" Style="Bold" FamilyName="HPDHEV+BlissPro-Bold" Capitals="Normal" ResourceId="3" />
							<Origin X="0" Y="0" />
							<Text>К</Text>
							<Size Width="9.92" Height="9.328125" />
							<Brush>
								<SolidBrush Color="#FFFFFFFF" />
							</Brush>
							<Tag>convertedFont</Tag>
						</Glyphs>
						<Glyphs OutlineWidth="0.5" CharSpace="0" RenderTransform="0.5968368 0 -0 0.5968368 288.45972 598.4791">
							<Font SizePoints="16" Style="Bold" FamilyName="HPDHEV+BlissPro-Bold" Capitals="Normal" ResourceId="3" />
							<Origin X="0" Y="0" />
							<Text>Г</Text>
							<Size Width="7.264" Height="9.328125" />
							<Brush>
								<SolidBrush Color="#FFFFFFFF" />
							</Brush>
							<Tag>convertedFont</Tag>
						</Glyphs>
						<Glyphs OutlineWidth="0.5" CharSpace="0" RenderTransform="0.5968368 0 -0 0.5968368 292.8241 598.4791">
							<Font SizePoints="16" Style="Bold" FamilyName="HPDHEV+BlissPro-Bold" Capitals="Normal" ResourceId="3" />
							<Origin X="0" Y="0" />
							<Text>)</Text>
							<Size Width="5.52" Height="9.328125" />
							<Brush>
								<SolidBrush Color="#FFFFFFFF" />
							</Brush>
							<Tag>convertedFont</Tag>
						</Glyphs>
						<Glyphs OutlineWidth="0.5" CharSpace="0" RenderTransform="0.5968368 0 -0 0.5968368 320.95004 581.7677">
							<Font SizePoints="16" Style="Bold" FamilyName="HPDHEV+BlissPro-Bold" Capitals="Normal" ResourceId="3" />
							<Origin X="0" Y="0" />
							<Text>П</Text>
							<Size Width="10.928" Height="9.328125" />
							<Brush>
								<SolidBrush Color="#FFFFFFFF" />
							</Brush>
							<Tag>convertedFont</Tag>
						</Glyphs>
						<Glyphs OutlineWidth="0.5" CharSpace="0" RenderTransform="0.5968368 0 -0 0.5968368 327.52457 581.7677">
							<Font SizePoints="16" Style="Bold" FamilyName="HPDHEV+BlissPro-Bold" Capitals="Normal" ResourceId="3" />
							<Origin X="0" Y="0" />
							<Text>О</Text>
							<Size Width="12.224" Height="9.328125" />
							<Brush>
								<SolidBrush Color="#FFFFFFFF" />
							</Brush>
							<Tag>convertedFont</Tag>
						</Glyphs>
						<Glyphs OutlineWidth="0.5" CharSpace="0" RenderTransform="0.5968368 0 -0 0.5968368 334.8731 581.7677">
							<Font SizePoints="16" Style="Bold" FamilyName="HPDHEV+BlissPro-Bold" Capitals="Normal" ResourceId="3" />
							<Origin X="0" Y="0" />
							<Text>Т</Text>
							<Size Width="8.56" Height="9.328125" />
							<Brush>
								<SolidBrush Color="#FFFFFFFF" />
							</Brush>
							<Tag>convertedFont</Tag>
						</Glyphs>
						<Glyphs OutlineWidth="0.5" CharSpace="0" RenderTransform="0.5968368 0 -0 0.5968368 340.0115 581.7677">
							<Font SizePoints="16" Style="Bold" FamilyName="HPDHEV+BlissPro-Bold" Capitals="Normal" ResourceId="3" />
							<Origin X="0" Y="0" />
							<Text>Е</Text>
							<Size Width="8.016" Height="9.328125" />
							<Brush>
								<SolidBrush Color="#FFFFFFFF" />
							</Brush>
							<Tag>convertedFont</Tag>
						</Glyphs>
						<Glyphs OutlineWidth="0.5" CharSpace="0" RenderTransform="0.5968368 0 -0 0.5968368 344.83282 581.7677">
							<Font SizePoints="16" Style="Bold" FamilyName="HPDHEV+BlissPro-Bold" Capitals="Normal" ResourceId="3" />
							<Origin X="0" Y="0" />
							<Text>Р</Text>
							<Size Width="8.624" Height="9.328125" />
							<Brush>
								<SolidBrush Color="#FFFFFFFF" />
							</Brush>
							<Tag>convertedFont</Tag>
						</Glyphs>
						<Glyphs OutlineWidth="0.5" CharSpace="0" RenderTransform="0.5968368 0 -0 0.5968368 350.01785 581.7677">
							<Font SizePoints="16" Style="Bold" FamilyName="HPDHEV+BlissPro-Bold" Capitals="Normal" ResourceId="3" />
							<Origin X="0" Y="0" />
							<Text>И</Text>
							<Size Width="11.872" Height="9.328125" />
							<Brush>
								<SolidBrush Color="#FFFFFFFF" />
							</Brush>
							<Tag>convertedFont</Tag>
						</Glyphs>
						<Glyphs OutlineWidth="0.5" CharSpace="0" RenderTransform="0.5968368 0 -0 0.5968368 320.95004 593.1076">
							<Font SizePoints="16" Style="Bold" FamilyName="HPDHEV+BlissPro-Bold" Capitals="Normal" ResourceId="3" />
							<Origin X="0" Y="0" />
							<Text>Д</Text>
							<Size Width="11.136" Height="9.328125" />
							<Brush>
								<SolidBrush Color="#FFFFFFFF" />
							</Brush>
							<Tag>convertedFont</Tag>
						</Glyphs>
						<Glyphs OutlineWidth="0.5" CharSpace="0" RenderTransform="0.5968368 0 -0 0.5968368 327.63647 593.1076">
							<Font SizePoints="16" Style="Bold" FamilyName="HPDHEV+BlissPro-Bold" Capitals="Normal" ResourceId="3" />
							<Origin X="0" Y="0" />
							<Text>А</Text>
							<Size Width="10.064" Height="9.328125" />
							<Brush>
								<SolidBrush Color="#FFFFFFFF" />
							</Brush>
							<Tag>convertedFont</Tag>
						</Glyphs>
						<Glyphs OutlineWidth="0.5" CharSpace="0" RenderTransform="0.5968368 0 -0 0.5968368 333.68878 593.1076">
							<Font SizePoints="16" Style="Bold" FamilyName="HPDHEV+BlissPro-Bold" Capitals="Normal" ResourceId="3" />
							<Origin X="0" Y="0" />
							<Text>В</Text>
							<Size Width="9.024" Height="9.328125" />
							<Brush>
								<SolidBrush Color="#FFFFFFFF" />
							</Brush>
							<Tag>convertedFont</Tag>
						</Glyphs>
						<Glyphs OutlineWidth="0.5" CharSpace="0" RenderTransform="0.5968368 0 -0 0.5968368 339.11624 593.1076">
							<Font SizePoints="16" Style="Bold" FamilyName="HPDHEV+BlissPro-Bold" Capitals="Normal" ResourceId="3" />
							<Origin X="0" Y="0" />
							<Text>Л</Text>
							<Size Width="10.368" Height="9.328125" />
							<Brush>
								<SolidBrush Color="#FFFFFFFF" />
							</Brush>
							<Tag>convertedFont</Tag>
						</Glyphs>
						<Glyphs OutlineWidth="0.5" CharSpace="0" RenderTransform="0.5968368 0 -0 0.5968368 345.34573 593.1076">
							<Font SizePoints="16" Style="Bold" FamilyName="HPDHEV+BlissPro-Bold" Capitals="Normal" ResourceId="3" />
							<Origin X="0" Y="0" />
							<Text>Е</Text>
							<Size Width="8.016" Height="9.328125" />
							<Brush>
								<SolidBrush Color="#FFFFFFFF" />
							</Brush>
							<Tag>convertedFont</Tag>
						</Glyphs>
						<Glyphs OutlineWidth="0.5" CharSpace="0" RenderTransform="0.5968368 0 -0 0.5968368 350.16705 593.1076">
							<Font SizePoints="16" Style="Bold" FamilyName="HPDHEV+BlissPro-Bold" Capitals="Normal" ResourceId="3" />
							<Origin X="0" Y="0" />
							<Text>Н</Text>
							<Size Width="11.392" Height="9.328125" />
							<Brush>
								<SolidBrush Color="#FFFFFFFF" />
							</Brush>
							<Tag>convertedFont</Tag>
						</Glyphs>
						<Glyphs OutlineWidth="0.5" CharSpace="0" RenderTransform="0.5968368 0 -0 0.5968368 357.02136 593.1076">
							<Font SizePoints="16" Style="Bold" FamilyName="HPDHEV+BlissPro-Bold" Capitals="Normal" ResourceId="3" />
							<Origin X="0" Y="0" />
							<Text>И</Text>
							<Size Width="11.872" Height="9.328125" />
							<Brush>
								<SolidBrush Color="#FFFFFFFF" />
							</Brush>
							<Tag>convertedFont</Tag>
						</Glyphs>
						<Glyphs OutlineWidth="0.5" CharSpace="0" RenderTransform="0.5968368 0 -0 0.5968368 364.15543 593.1076">
							<Font SizePoints="16" Style="Bold" FamilyName="HPDHEV+BlissPro-Bold" Capitals="Normal" ResourceId="3" />
							<Origin X="0" Y="0" />
							<Text>Я</Text>
							<Size Width="9.632" Height="9.328125" />
							<Brush>
								<SolidBrush Color="#FFFFFFFF" />
							</Brush>
							<Tag>convertedFont</Tag>
						</Glyphs>
						<Glyphs OutlineWidth="0.5" CharSpace="0" RenderTransform="0.5968368 0 -0 0.5968368 320.95004 604.4475">
							<Font SizePoints="16" Style="Bold" FamilyName="HPDHEV+BlissPro-Bold" Capitals="Normal" ResourceId="3" />
							<Origin X="0" Y="0" />
							<Text>(</Text>
							<Size Width="5.52" Height="9.328125" />
							<Brush>
								<SolidBrush Color="#FFFFFFFF" />
							</Brush>
							<Tag>convertedFont</Tag>
						</Glyphs>
						<Glyphs OutlineWidth="0.5" CharSpace="0" RenderTransform="0.5968368 0 -0 0.5968368 324.26993 604.4475">
							<Font SizePoints="16" Style="Bold" FamilyName="HPDHEV+BlissPro-Bold" Capitals="Normal" ResourceId="3" />
							<Origin X="0" Y="0" />
							<Text>П</Text>
							<Size Width="10.928" Height="9.328125" />
							<Brush>
								<SolidBrush Color="#FFFFFFFF" />
							</Brush>
							<Tag>convertedFont</Tag>
						</Glyphs>
						<Glyphs OutlineWidth="0.5" CharSpace="0" RenderTransform="0.5968368 0 -0 0.5968368 330.84448 604.4475">
							<Font SizePoints="16" Style="Bold" FamilyName="HPDHEV+BlissPro-Bold" Capitals="Normal" ResourceId="3" />
							<Origin X="0" Y="0" />
							<Text>А</Text>
							<Size Width="10.064" Height="9.328125" />
							<Brush>
								<SolidBrush Color="#FFFFFFFF" />
							</Brush>
							<Tag>convertedFont</Tag>
						</Glyphs>
						<Glyphs OutlineWidth="0.5" CharSpace="0" RenderTransform="0.5968368 0 -0 0.5968368 336.89676 604.4475">
							<Font SizePoints="16" Style="Bold" FamilyName="HPDHEV+BlissPro-Bold" Capitals="Normal" ResourceId="3" />
							<Origin X="0" Y="0" />
							<Text>)</Text>
							<Size Width="5.52" Height="9.328125" />
							<Brush>
								<SolidBrush Color="#FFFFFFFF" />
							</Brush>
							<Tag>convertedFont</Tag>
						</Glyphs>
						<Glyphs OutlineWidth="0.5" CharSpace="0" RenderTransform="0.5968368 0 -0 0.5968368 388.98944 581.7677">
							<Font SizePoints="16" Style="Bold" FamilyName="HPDHEV+BlissPro-Bold" Capitals="Normal" ResourceId="3" />
							<Origin X="0" Y="0" />
							<Text>Р</Text>
							<Size Width="8.624" Height="9.328125" />
							<Brush>
								<SolidBrush Color="#FFFFFFFF" />
							</Brush>
							<Tag>convertedFont</Tag>
						</Glyphs>
						<Glyphs OutlineWidth="0.5" CharSpace="0" RenderTransform="0.5968368 0 -0 0.5968368 394.17444 581.7677">
							<Font SizePoints="16" Style="Bold" FamilyName="HPDHEV+BlissPro-Bold" Capitals="Normal" ResourceId="3" />
							<Origin X="0" Y="0" />
							<Text>А</Text>
							<Size Width="10.064" Height="9.328125" />
							<Brush>
								<SolidBrush Color="#FFFFFFFF" />
							</Brush>
							<Tag>convertedFont</Tag>
						</Glyphs>
						<Glyphs OutlineWidth="0.5" CharSpace="0" RenderTransform="0.5968368 0 -0 0.5968368 400.22675 581.7677">
							<Font SizePoints="16" Style="Bold" FamilyName="HPDHEV+BlissPro-Bold" Capitals="Normal" ResourceId="3" />
							<Origin X="0" Y="0" />
							<Text>З</Text>
							<Size Width="8.4" Height="9.328125" />
							<Brush>
								<SolidBrush Color="#FFFFFFFF" />
							</Brush>
							<Tag>convertedFont</Tag>
						</Glyphs>
						<Glyphs OutlineWidth="0.5" CharSpace="0" RenderTransform="0.5968368 0 -0 0.5968368 405.27188 581.7677">
							<Font SizePoints="16" Style="Bold" FamilyName="HPDHEV+BlissPro-Bold" Capitals="Normal" ResourceId="3" />
							<Origin X="0" Y="0" />
							<Text>М</Text>
							<Size Width="13.072" Height="9.328125" />
							<Brush>
								<SolidBrush Color="#FFFFFFFF" />
							</Brush>
							<Tag>convertedFont</Tag>
						</Glyphs>
						<Glyphs OutlineWidth="0.5" CharSpace="0" RenderTransform="0.5968368 0 -0 0.5968368 413.12402 581.7677">
							<Font SizePoints="16" Style="Bold" FamilyName="HPDHEV+BlissPro-Bold" Capitals="Normal" ResourceId="3" />
							<Origin X="0" Y="0" />
							<Text>Е</Text>
							<Size Width="8.016" Height="9.328125" />
							<Brush>
								<SolidBrush Color="#FFFFFFFF" />
							</Brush>
							<Tag>convertedFont</Tag>
						</Glyphs>
						<Glyphs OutlineWidth="0.5" CharSpace="0" RenderTransform="0.5968368 0 -0 0.5968368 417.94534 581.7677">
							<Font SizePoints="16" Style="Bold" FamilyName="HPDHEV+BlissPro-Bold" Capitals="Normal" ResourceId="3" />
							<Origin X="0" Y="0" />
							<Text>Р</Text>
							<Size Width="8.624" Height="9.328125" />
							<Brush>
								<SolidBrush Color="#FFFFFFFF" />
							</Brush>
							<Tag>convertedFont</Tag>
						</Glyphs>
						<Glyphs OutlineWidth="0.5" CharSpace="0" RenderTransform="0.5968368 0 -0 0.5968368 388.98944 593.1076">
							<Font SizePoints="16" Style="Bold" FamilyName="HPDHEV+BlissPro-Bold" Capitals="Normal" ResourceId="3" />
							<Origin X="0" Y="0" />
							<Text>Д</Text>
							<Size Width="11.136" Height="9.328125" />
							<Brush>
								<SolidBrush Color="#FFFFFFFF" />
							</Brush>
							<Tag>convertedFont</Tag>
						</Glyphs>
						<Glyphs OutlineWidth="0.5" CharSpace="0" RenderTransform="0.5968368 0 -0 0.5968368 395.67587 593.1076">
							<Font SizePoints="16" Style="Bold" FamilyName="HPDHEV+BlissPro-Bold" Capitals="Normal" ResourceId="3" />
							<Origin X="0" Y="0" />
							<Text>Х</Text>
							<Size Width="10.08" Height="9.328125" />
							<Brush>
								<SolidBrush Color="#FFFFFFFF" />
							</Brush>
							<Tag>convertedFont</Tag>
						</Glyphs>
						<Glyphs OutlineWidth="0.5" CharSpace="0" RenderTransform="0.5968368 0 -0 0.5968368 401.7375 593.1076">
							<Font SizePoints="16" Style="Bold" FamilyName="HPDHEV+BlissPro-Bold" Capitals="Normal" ResourceId="3" />
							<Origin X="0" Y="0" />
							<Text>Ш</Text>
							<Size Width="15.056" Height="9.328125" />
							<Brush>
								<SolidBrush Color="#FFFFFFFF" />
							</Brush>
							<Tag>convertedFont</Tag>
						</Glyphs>
						<Glyphs OutlineWidth="0.5" CharSpace="0" RenderTransform="0.5968368 0 -0 0.5968368 410.7833 593.1076">
							<Font SizePoints="16" Style="Bold" FamilyName="HPDHEV+BlissPro-Bold" Capitals="Normal" ResourceId="3" />
							<Origin X="0" Y="0" />
							<Text>Х</Text>
							<Size Width="10.08" Height="9.328125" />
							<Brush>
								<SolidBrush Color="#FFFFFFFF" />
							</Brush>
							<Tag>convertedFont</Tag>
						</Glyphs>
						<Glyphs OutlineWidth="0.5" CharSpace="0" RenderTransform="0.5968368 0 -0 0.5968368 416.8449 593.1076">
							<Font SizePoints="16" Style="Bold" FamilyName="HPDHEV+BlissPro-Bold" Capitals="Normal" ResourceId="3" />
							<Origin X="0" Y="0" />
							<Text>В</Text>
							<Size Width="9.024" Height="9.328125" />
							<Brush>
								<SolidBrush Color="#FFFFFFFF" />
							</Brush>
							<Tag>convertedFont</Tag>
						</Glyphs>
						<Glyphs OutlineWidth="0.5" CharSpace="0" RenderTransform="0.5968368 0 -0 0.5968368 388.98944 604.4475">
							<Font SizePoints="16" Style="Bold" FamilyName="HPDHEV+BlissPro-Bold" Capitals="Normal" ResourceId="3" />
							<Origin X="0" Y="0" />
							<Text>(</Text>
							<Size Width="5.52" Height="9.328125" />
							<Brush>
								<SolidBrush Color="#FFFFFFFF" />
							</Brush>
							<Tag>convertedFont</Tag>
						</Glyphs>
						<Glyphs OutlineWidth="0.5" CharSpace="0" RenderTransform="0.5968368 0 -0 0.5968368 392.30933 604.4475">
							<Font SizePoints="16" Style="Bold" FamilyName="HPDHEV+BlissPro-Bold" Capitals="Normal" ResourceId="3" />
							<Origin X="0" Y="0" />
							<Text>М</Text>
							<Size Width="13.072" Height="9.328125" />
							<Brush>
								<SolidBrush Color="#FFFFFFFF" />
							</Brush>
							<Tag>convertedFont</Tag>
						</Glyphs>
						<Glyphs OutlineWidth="0.5" CharSpace="0" RenderTransform="0.5968368 0 -0 0.5968368 400.16147 604.4475">
							<Font SizePoints="16" Style="Bold" FamilyName="HPDHEV+BlissPro-Bold" Capitals="Normal" ResourceId="3" />
							<Origin X="0" Y="0" />
							<Text>М</Text>
							<Size Width="13.072" Height="9.328125" />
							<Brush>
								<SolidBrush Color="#FFFFFFFF" />
							</Brush>
							<Tag>convertedFont</Tag>
						</Glyphs>
						<Glyphs OutlineWidth="0.5" CharSpace="0" RenderTransform="0.5968368 0 -0 0.5968368 408.0136 604.4475">
							<Font SizePoints="16" Style="Bold" FamilyName="HPDHEV+BlissPro-Bold" Capitals="Normal" ResourceId="3" />
							<Origin X="0" Y="0" />
							<Text>)</Text>
							<Size Width="5.52" Height="9.328125" />
							<Brush>
								<SolidBrush Color="#FFFFFFFF" />
							</Brush>
							<Tag>convertedFont</Tag>
						</Glyphs>
						<Glyphs OutlineWidth="0.5" CharSpace="0" RenderTransform="0.5968368 0 -0 0.5968368 447.47943 587.1392">
							<Font SizePoints="16" Style="Bold" FamilyName="HPDHEV+BlissPro-Bold" Capitals="Normal" ResourceId="3" />
							<Origin X="0" Y="0" />
							<Text>М</Text>
							<Size Width="13.072" Height="9.328125" />
							<Brush>
								<SolidBrush Color="#FFFFFFFF" />
							</Brush>
							<Tag>convertedFont</Tag>
						</Glyphs>
						<Glyphs OutlineWidth="0.5" CharSpace="0" RenderTransform="0.5968368 0 -0 0.5968368 455.33157 587.1392">
							<Font SizePoints="16" Style="Bold" FamilyName="HPDHEV+BlissPro-Bold" Capitals="Normal" ResourceId="3" />
							<Origin X="0" Y="0" />
							<Text>А</Text>
							<Size Width="10.064" Height="9.328125" />
							<Brush>
								<SolidBrush Color="#FFFFFFFF" />
							</Brush>
							<Tag>convertedFont</Tag>
						</Glyphs>
						<Glyphs OutlineWidth="0.5" CharSpace="0" RenderTransform="0.5968368 0 -0 0.5968368 461.38388 587.1392">
							<Font SizePoints="16" Style="Bold" FamilyName="HPDHEV+BlissPro-Bold" Capitals="Normal" ResourceId="3" />
							<Origin X="0" Y="0" />
							<Text>С</Text>
							<Size Width="9.984" Height="9.328125" />
							<Brush>
								<SolidBrush Color="#FFFFFFFF" />
							</Brush>
							<Tag>convertedFont</Tag>
						</Glyphs>
						<Glyphs OutlineWidth="0.5" CharSpace="0" RenderTransform="0.5968368 0 -0 0.5968368 467.38953 587.1392">
							<Font SizePoints="16" Style="Bold" FamilyName="HPDHEV+BlissPro-Bold" Capitals="Normal" ResourceId="3" />
							<Origin X="0" Y="0" />
							<Text>С</Text>
							<Size Width="9.984" Height="9.328125" />
							<Brush>
								<SolidBrush Color="#FFFFFFFF" />
							</Brush>
							<Tag>convertedFont</Tag>
						</Glyphs>
						<Glyphs OutlineWidth="0.5" CharSpace="0" RenderTransform="0.5968368 0 -0 0.5968368 473.3952 587.1392">
							<Font SizePoints="16" Style="Bold" FamilyName="HPDHEV+BlissPro-Bold" Capitals="Normal" ResourceId="3" />
							<Origin X="0" Y="0" />
							<Text>А</Text>
							<Size Width="10.064" Height="9.328125" />
							<Brush>
								<SolidBrush Color="#FFFFFFFF" />
							</Brush>
							<Tag>convertedFont</Tag>
						</Glyphs>
						<Glyphs OutlineWidth="0.5" CharSpace="0" RenderTransform="0.5968368 0 -0 0.5968368 447.47943 598.4791">
							<Font SizePoints="16" Style="Bold" FamilyName="HPDHEV+BlissPro-Bold" Capitals="Normal" ResourceId="3" />
							<Origin X="0" Y="0" />
							<Text>(</Text>
							<Size Width="5.52" Height="9.328125" />
							<Brush>
								<SolidBrush Color="#FFFFFFFF" />
							</Brush>
							<Tag>convertedFont</Tag>
						</Glyphs>
						<Glyphs OutlineWidth="0.5" CharSpace="0" RenderTransform="0.5968368 0 -0 0.5968368 450.79935 598.4791">
							<Font SizePoints="16" Style="Bold" FamilyName="HPDHEV+BlissPro-Bold" Capitals="Normal" ResourceId="3" />
							<Origin X="0" Y="0" />
							<Text>К</Text>
							<Size Width="9.92" Height="9.328125" />
							<Brush>
								<SolidBrush Color="#FFFFFFFF" />
							</Brush>
							<Tag>convertedFont</Tag>
						</Glyphs>
						<Glyphs OutlineWidth="0.5" CharSpace="0" RenderTransform="0.5968368 0 -0 0.5968368 456.7677 598.4791">
							<Font SizePoints="16" Style="Bold" FamilyName="HPDHEV+BlissPro-Bold" Capitals="Normal" ResourceId="3" />
							<Origin X="0" Y="0" />
							<Text>Г</Text>
							<Size Width="7.264" Height="9.328125" />
							<Brush>
								<SolidBrush Color="#FFFFFFFF" />
							</Brush>
							<Tag>convertedFont</Tag>
						</Glyphs>
						<Glyphs OutlineWidth="0.5" CharSpace="0" RenderTransform="0.5968368 0 -0 0.5968368 461.13208 598.4791">
							<Font SizePoints="16" Style="Bold" FamilyName="HPDHEV+BlissPro-Bold" Capitals="Normal" ResourceId="3" />
							<Origin X="0" Y="0" />
							<Text>)</Text>
							<Size Width="5.52" Height="9.328125" />
							<Brush>
								<SolidBrush Color="#FFFFFFFF" />
							</Brush>
							<Tag>convertedFont</Tag>
						</Glyphs>
						<Glyphs OutlineWidth="0.5" CharSpace="0" RenderTransform="0.5968368 0 -0 0.5968368 489.25803 581.7677">
							<Font SizePoints="16" Style="Bold" FamilyName="HPDHEV+BlissPro-Bold" Capitals="Normal" ResourceId="3" />
							<Origin X="0" Y="0" />
							<Text>П</Text>
							<Size Width="10.928" Height="9.328125" />
							<Brush>
								<SolidBrush Color="#FFFFFFFF" />
							</Brush>
							<Tag>convertedFont</Tag>
						</Glyphs>
						<Glyphs OutlineWidth="0.5" CharSpace="0" RenderTransform="0.5968368 0 -0 0.5968368 495.83255 581.7677">
							<Font SizePoints="16" Style="Bold" FamilyName="HPDHEV+BlissPro-Bold" Capitals="Normal" ResourceId="3" />
							<Origin X="0" Y="0" />
							<Text>О</Text>
							<Size Width="12.224" Height="9.328125" />
							<Brush>
								<SolidBrush Color="#FFFFFFFF" />
							</Brush>
							<Tag>convertedFont</Tag>
						</Glyphs>
						<Glyphs OutlineWidth="0.5" CharSpace="0" RenderTransform="0.5968368 0 -0 0.5968368 503.1811 581.7677">
							<Font SizePoints="16" Style="Bold" FamilyName="HPDHEV+BlissPro-Bold" Capitals="Normal" ResourceId="3" />
							<Origin X="0" Y="0" />
							<Text>Т</Text>
							<Size Width="8.56" Height="9.328125" />
							<Brush>
								<SolidBrush Color="#FFFFFFFF" />
							</Brush>
							<Tag>convertedFont</Tag>
						</Glyphs>
						<Glyphs OutlineWidth="0.5" CharSpace="0" RenderTransform="0.5968368 0 -0 0.5968368 508.3195 581.7677">
							<Font SizePoints="16" Style="Bold" FamilyName="HPDHEV+BlissPro-Bold" Capitals="Normal" ResourceId="3" />
							<Origin X="0" Y="0" />
							<Text>Е</Text>
							<Size Width="8.016" Height="9.328125" />
							<Brush>
								<SolidBrush Color="#FFFFFFFF" />
							</Brush>
							<Tag>convertedFont</Tag>
						</Glyphs>
						<Glyphs OutlineWidth="0.5" CharSpace="0" RenderTransform="0.5968368 0 -0 0.5968368 513.1408 581.7677">
							<Font SizePoints="16" Style="Bold" FamilyName="HPDHEV+BlissPro-Bold" Capitals="Normal" ResourceId="3" />
							<Origin X="0" Y="0" />
							<Text>Р</Text>
							<Size Width="8.624" Height="9.328125" />
							<Brush>
								<SolidBrush Color="#FFFFFFFF" />
							</Brush>
							<Tag>convertedFont</Tag>
						</Glyphs>
						<Glyphs OutlineWidth="0.5" CharSpace="0" RenderTransform="0.5968368 0 -0 0.5968368 518.3258 581.7677">
							<Font SizePoints="16" Style="Bold" FamilyName="HPDHEV+BlissPro-Bold" Capitals="Normal" ResourceId="3" />
							<Origin X="0" Y="0" />
							<Text>И</Text>
							<Size Width="11.872" Height="9.328125" />
							<Brush>
								<SolidBrush Color="#FFFFFFFF" />
							</Brush>
							<Tag>convertedFont</Tag>
						</Glyphs>
						<Glyphs OutlineWidth="0.5" CharSpace="0" RenderTransform="0.5968368 0 -0 0.5968368 489.25803 593.1076">
							<Font SizePoints="16" Style="Bold" FamilyName="HPDHEV+BlissPro-Bold" Capitals="Normal" ResourceId="3" />
							<Origin X="0" Y="0" />
							<Text>Д</Text>
							<Size Width="11.136" Height="9.328125" />
							<Brush>
								<SolidBrush Color="#FFFFFFFF" />
							</Brush>
							<Tag>convertedFont</Tag>
						</Glyphs>
						<Glyphs OutlineWidth="0.5" CharSpace="0" RenderTransform="0.5968368 0 -0 0.5968368 495.94446 593.1076">
							<Font SizePoints="16" Style="Bold" FamilyName="HPDHEV+BlissPro-Bold" Capitals="Normal" ResourceId="3" />
							<Origin X="0" Y="0" />
							<Text>А</Text>
							<Size Width="10.064" Height="9.328125" />
							<Brush>
								<SolidBrush Color="#FFFFFFFF" />
							</Brush>
							<Tag>convertedFont</Tag>
						</Glyphs>
						<Glyphs OutlineWidth="0.5" CharSpace="0" RenderTransform="0.5968368 0 -0 0.5968368 501.99673 593.1076">
							<Font SizePoints="16" Style="Bold" FamilyName="HPDHEV+BlissPro-Bold" Capitals="Normal" ResourceId="3" />
							<Origin X="0" Y="0" />
							<Text>В</Text>
							<Size Width="9.024" Height="9.328125" />
							<Brush>
								<SolidBrush Color="#FFFFFFFF" />
							</Brush>
							<Tag>convertedFont</Tag>
						</Glyphs>
						<Glyphs OutlineWidth="0.5" CharSpace="0" RenderTransform="0.5968368 0 -0 0.5968368 507.42422 593.1076">
							<Font SizePoints="16" Style="Bold" FamilyName="HPDHEV+BlissPro-Bold" Capitals="Normal" ResourceId="3" />
							<Origin X="0" Y="0" />
							<Text>Л</Text>
							<Size Width="10.368" Height="9.328125" />
							<Brush>
								<SolidBrush Color="#FFFFFFFF" />
							</Brush>
							<Tag>convertedFont</Tag>
						</Glyphs>
						<Glyphs OutlineWidth="0.5" CharSpace="0" RenderTransform="0.5968368 0 -0 0.5968368 513.6537 593.1076">
							<Font SizePoints="16" Style="Bold" FamilyName="HPDHEV+BlissPro-Bold" Capitals="Normal" ResourceId="3" />
							<Origin X="0" Y="0" />
							<Text>Е</Text>
							<Size Width="8.016" Height="9.328125" />
							<Brush>
								<SolidBrush Color="#FFFFFFFF" />
							</Brush>
							<Tag>convertedFont</Tag>
						</Glyphs>
						<Glyphs OutlineWidth="0.5" CharSpace="0" RenderTransform="0.5968368 0 -0 0.5968368 518.47504 593.1076">
							<Font SizePoints="16" Style="Bold" FamilyName="HPDHEV+BlissPro-Bold" Capitals="Normal" ResourceId="3" />
							<Origin X="0" Y="0" />
							<Text>Н</Text>
							<Size Width="11.392" Height="9.328125" />
							<Brush>
								<SolidBrush Color="#FFFFFFFF" />
							</Brush>
							<Tag>convertedFont</Tag>
						</Glyphs>
						<Glyphs OutlineWidth="0.5" CharSpace="0" RenderTransform="0.5968368 0 -0 0.5968368 525.32935 593.1076">
							<Font SizePoints="16" Style="Bold" FamilyName="HPDHEV+BlissPro-Bold" Capitals="Normal" ResourceId="3" />
							<Origin X="0" Y="0" />
							<Text>И</Text>
							<Size Width="11.872" Height="9.328125" />
							<Brush>
								<SolidBrush Color="#FFFFFFFF" />
							</Brush>
							<Tag>convertedFont</Tag>
						</Glyphs>
						<Glyphs OutlineWidth="0.5" CharSpace="0" RenderTransform="0.5968368 0 -0 0.5968368 532.4634 593.1076">
							<Font SizePoints="16" Style="Bold" FamilyName="HPDHEV+BlissPro-Bold" Capitals="Normal" ResourceId="3" />
							<Origin X="0" Y="0" />
							<Text>Я</Text>
							<Size Width="9.632" Height="9.328125" />
							<Brush>
								<SolidBrush Color="#FFFFFFFF" />
							</Brush>
							<Tag>convertedFont</Tag>
						</Glyphs>
						<Glyphs OutlineWidth="0.5" CharSpace="0" RenderTransform="0.5968368 0 -0 0.5968368 489.25803 604.4475">
							<Font SizePoints="16" Style="Bold" FamilyName="HPDHEV+BlissPro-Bold" Capitals="Normal" ResourceId="3" />
							<Origin X="0" Y="0" />
							<Text>(</Text>
							<Size Width="5.52" Height="9.328125" />
							<Brush>
								<SolidBrush Color="#FFFFFFFF" />
							</Brush>
							<Tag>convertedFont</Tag>
						</Glyphs>
						<Glyphs OutlineWidth="0.5" CharSpace="0" RenderTransform="0.5968368 0 -0 0.5968368 492.5779 604.4475">
							<Font SizePoints="16" Style="Bold" FamilyName="HPDHEV+BlissPro-Bold" Capitals="Normal" ResourceId="3" />
							<Origin X="0" Y="0" />
							<Text>П</Text>
							<Size Width="10.928" Height="9.328125" />
							<Brush>
								<SolidBrush Color="#FFFFFFFF" />
							</Brush>
							<Tag>convertedFont</Tag>
						</Glyphs>
						<Glyphs OutlineWidth="0.5" CharSpace="0" RenderTransform="0.5968368 0 -0 0.5968368 499.15244 604.4475">
							<Font SizePoints="16" Style="Bold" FamilyName="HPDHEV+BlissPro-Bold" Capitals="Normal" ResourceId="3" />
							<Origin X="0" Y="0" />
							<Text>А</Text>
							<Size Width="10.064" Height="9.328125" />
							<Brush>
								<SolidBrush Color="#FFFFFFFF" />
							</Brush>
							<Tag>convertedFont</Tag>
						</Glyphs>
						<Glyphs OutlineWidth="0.5" CharSpace="0" RenderTransform="0.5968368 0 -0 0.5968368 505.20474 604.4475">
							<Font SizePoints="16" Style="Bold" FamilyName="HPDHEV+BlissPro-Bold" Capitals="Normal" ResourceId="3" />
							<Origin X="0" Y="0" />
							<Text>)</Text>
							<Size Width="5.52" Height="9.328125" />
							<Brush>
								<SolidBrush Color="#FFFFFFFF" />
							</Brush>
							<Tag>convertedFont</Tag>
						</Glyphs>
						<Glyphs OutlineWidth="0.5" CharSpace="0" RenderTransform="0.5968368 0 -0 0.5968368 57.148167 618.17474">
							<Font SizePoints="14" Style="Regular" FamilyName="CSMVMI+BlissPro" Capitals="Normal" ResourceId="2" />
							<Origin X="0" Y="0" />
							<Text>К</Text>
							<Size Width="8.176" Height="8.162108" />
							<Brush>
								<SolidBrush Color="#FF000000" />
							</Brush>
							<Tag>convertedFont</Tag>
						</Glyphs>
						<Glyphs OutlineWidth="0.5" CharSpace="0" RenderTransform="0.5968368 0 -0 0.5968368 62.062744 618.17474">
							<Font SizePoints="14" Style="Regular" FamilyName="CSMVMI+BlissPro" Capitals="Normal" ResourceId="2" />
							<Origin X="0" Y="0" />
							<Text>а</Text>
							<Size Width="6.608" Height="8.162108" />
							<Brush>
								<SolidBrush Color="#FF000000" />
							</Brush>
							<Tag>convertedFont</Tag>
						</Glyphs>
						<Glyphs OutlineWidth="0.5" CharSpace="0" RenderTransform="0.5968368 0 -0 0.5968368 66.03544 618.17474">
							<Font SizePoints="14" Style="Regular" FamilyName="CSMVMI+BlissPro" Capitals="Normal" ResourceId="2" />
							<Origin X="0" Y="0" />
							<Text>р</Text>
							<Size Width="7.14" Height="8.162108" />
							<Brush>
								<SolidBrush Color="#FF000000" />
							</Brush>
							<Tag>convertedFont</Tag>
						</Glyphs>
						<Glyphs OutlineWidth="0.5" CharSpace="0" RenderTransform="0.5968368 0 -0 0.5968368 70.3252 618.17474">
							<Font SizePoints="14" Style="Regular" FamilyName="CSMVMI+BlissPro" Capitals="Normal" ResourceId="2" />
							<Origin X="0" Y="0" />
							<Text>м</Text>
							<Size Width="8.372" Height="8.162108" />
							<Brush>
								<SolidBrush Color="#FF000000" />
							</Brush>
							<Tag>convertedFont</Tag>
						</Glyphs>
						<Glyphs OutlineWidth="0.5" CharSpace="0" RenderTransform="0.5968368 0 -0 0.5968368 75.361015 618.17474">
							<Font SizePoints="14" Style="Regular" FamilyName="CSMVMI+BlissPro" Capitals="Normal" ResourceId="2" />
							<Origin X="0" Y="0" />
							<Text>а</Text>
							<Size Width="6.608" Height="8.162108" />
							<Brush>
								<SolidBrush Color="#FF000000" />
							</Brush>
							<Tag>convertedFont</Tag>
						</Glyphs>
						<Glyphs OutlineWidth="0.5" CharSpace="0" RenderTransform="0.5968368 0 -0 0.5968368 79.33371 618.17474">
							<Font SizePoints="14" Style="Regular" FamilyName="CSMVMI+BlissPro" Capitals="Normal" ResourceId="2" />
							<Origin X="0" Y="0" />
							<Text>н</Text>
							<Size Width="7.266" Height="8.162108" />
							<Brush>
								<SolidBrush Color="#FF000000" />
							</Brush>
							<Tag>convertedFont</Tag>
						</Glyphs>
						<Glyphs OutlineWidth="0.5" CharSpace="0" RenderTransform="0.5968368 0 -0 0.5968368 83.698074 618.17474">
							<Font SizePoints="14" Style="Regular" FamilyName="CSMVMI+BlissPro" Capitals="Normal" ResourceId="2" />
							<Origin X="0" Y="0" />
							<Text>н</Text>
							<Size Width="7.266" Height="8.162108" />
							<Brush>
								<SolidBrush Color="#FF000000" />
							</Brush>
							<Tag>convertedFont</Tag>
						</Glyphs>
						<Glyphs OutlineWidth="0.5" CharSpace="0" RenderTransform="0.5968368 0 -0 0.5968368 88.06245 618.17474">
							<Font SizePoints="14" Style="Regular" FamilyName="CSMVMI+BlissPro" Capitals="Normal" ResourceId="2" />
							<Origin X="0" Y="0" />
							<Text>ы</Text>
							<Size Width="8.722" Height="8.162108" />
							<Brush>
								<SolidBrush Color="#FF000000" />
							</Brush>
							<Tag>convertedFont</Tag>
						</Glyphs>
						<Glyphs OutlineWidth="0.5" CharSpace="0" RenderTransform="0.5968368 0 -0 0.5968368 93.30342 618.17474">
							<Font SizePoints="14" Style="Regular" FamilyName="CSMVMI+BlissPro" Capitals="Normal" ResourceId="2" />
							<Origin X="0" Y="0" />
							<Text>й</Text>
							<Size Width="7.518" Height="8.162108" />
							<Brush>
								<SolidBrush Color="#FF000000" />
							</Brush>
							<Tag>convertedFont</Tag>
						</Glyphs>
						<Glyphs OutlineWidth="0.5" CharSpace="0" RenderTransform="0.5968368 0 -0 0.5968368 97.817 618.17474">
							<Font SizePoints="14" Style="Regular" FamilyName="CSMVMI+BlissPro" Capitals="Normal" ResourceId="2" />
							<Origin X="0" Y="0" />
							<Text> </Text>
							<Size Width="3.094" Height="8.162108" />
							<Brush>
								<SolidBrush Color="#FF000000" />
							</Brush>
							<Tag>convertedFont</Tag>
						</Glyphs>
						<Glyphs OutlineWidth="0.5" CharSpace="0" RenderTransform="0.5968368 0 -0 0.5968368 99.67279 618.17474">
							<Font SizePoints="14" Style="Regular" FamilyName="CSMVMI+BlissPro" Capitals="Normal" ResourceId="2" />
							<Origin X="0" Y="0" />
							<Text>ф</Text>
							<Size Width="9.044" Height="8.162108" />
							<Brush>
								<SolidBrush Color="#FF000000" />
							</Brush>
							<Tag>convertedFont</Tag>
						</Glyphs>
						<Glyphs OutlineWidth="0.5" CharSpace="0" RenderTransform="0.5968368 0 -0 0.5968368 105.1096 618.17474">
							<Font SizePoints="14" Style="Regular" FamilyName="CSMVMI+BlissPro" Capitals="Normal" ResourceId="2" />
							<Origin X="0" Y="0" />
							<Text>и</Text>
							<Size Width="7.518" Height="8.162108" />
							<Brush>
								<SolidBrush Color="#FF000000" />
							</Brush>
							<Tag>convertedFont</Tag>
						</Glyphs>
						<Glyphs OutlineWidth="0.5" CharSpace="0" RenderTransform="0.5968368 0 -0 0.5968368 109.62318 618.17474">
							<Font SizePoints="14" Style="Regular" FamilyName="CSMVMI+BlissPro" Capitals="Normal" ResourceId="2" />
							<Origin X="0" Y="0" />
							<Text>л</Text>
							<Size Width="7.042" Height="8.162108" />
							<Brush>
								<SolidBrush Color="#FF000000" />
							</Brush>
							<Tag>convertedFont</Tag>
						</Glyphs>
						<Glyphs OutlineWidth="0.5" CharSpace="0" RenderTransform="0.5968368 0 -0 0.5968368 113.85699 618.17474">
							<Font SizePoints="14" Style="Regular" FamilyName="CSMVMI+BlissPro" Capitals="Normal" ResourceId="2" />
							<Origin X="0" Y="0" />
							<Text>ь</Text>
							<Size Width="6.454" Height="8.162108" />
							<Brush>
								<SolidBrush Color="#FF000000" />
							</Brush>
							<Tag>convertedFont</Tag>
						</Glyphs>
						<Glyphs OutlineWidth="0.5" CharSpace="0" RenderTransform="0.5968368 0 -0 0.5968368 117.73643 618.17474">
							<Font SizePoints="14" Style="Regular" FamilyName="CSMVMI+BlissPro" Capitals="Normal" ResourceId="2" />
							<Origin X="0" Y="0" />
							<Text>т</Text>
							<Size Width="6.174" Height="8.162108" />
							<Brush>
								<SolidBrush Color="#FF000000" />
							</Brush>
							<Tag>convertedFont</Tag>
						</Glyphs>
						<Glyphs OutlineWidth="0.5" CharSpace="0" RenderTransform="0.5968368 0 -0 0.5968368 121.448006 618.17474">
							<Font SizePoints="14" Style="Regular" FamilyName="CSMVMI+BlissPro" Capitals="Normal" ResourceId="2" />
							<Origin X="0" Y="0" />
							<Text>р</Text>
							<Size Width="7.14" Height="8.162108" />
							<Brush>
								<SolidBrush Color="#FF000000" />
							</Brush>
							<Tag>convertedFont</Tag>
						</Glyphs>
						<Glyphs OutlineWidth="0.5" CharSpace="0" RenderTransform="0.5968368 0 -0 0.5968368 125.73777 618.17474">
							<Font SizePoints="14" Style="Regular" FamilyName="CSMVMI+BlissPro" Capitals="Normal" ResourceId="2" />
							<Origin X="0" Y="0" />
							<Text> </Text>
							<Size Width="3.094" Height="8.162108" />
							<Brush>
								<SolidBrush Color="#FF000000" />
							</Brush>
							<Tag>convertedFont</Tag>
						</Glyphs>
						<Glyphs OutlineWidth="0.5" CharSpace="0" RenderTransform="0.5968368 0 -0 0.5968368 127.59356 618.17474">
							<Font SizePoints="14" Style="Regular" FamilyName="CSMVMI+BlissPro" Capitals="Normal" ResourceId="2" />
							<Origin X="0" Y="0" />
							<Text>у</Text>
							<Size Width="6.776" Height="8.162108" />
							<Brush>
								<SolidBrush Color="#FF000000" />
							</Brush>
							<Tag>convertedFont</Tag>
						</Glyphs>
						<Glyphs OutlineWidth="0.5" CharSpace="0" RenderTransform="0.5968368 0 -0 0.5968368 131.66884 618.17474">
							<Font SizePoints="14" Style="Regular" FamilyName="CSMVMI+BlissPro" Capitals="Normal" ResourceId="2" />
							<Origin X="0" Y="0" />
							<Text>к</Text>
							<Size Width="6.496" Height="8.162108" />
							<Brush>
								<SolidBrush Color="#FF000000" />
							</Brush>
							<Tag>convertedFont</Tag>
						</Glyphs>
						<Glyphs OutlineWidth="0.5" CharSpace="0" RenderTransform="0.5968368 0 -0 0.5968368 135.57626 618.17474">
							<Font SizePoints="14" Style="Regular" FamilyName="CSMVMI+BlissPro" Capitals="Normal" ResourceId="2" />
							<Origin X="0" Y="0" />
							<Text>о</Text>
							<Size Width="7.364" Height="8.162108" />
							<Brush>
								<SolidBrush Color="#FF000000" />
							</Brush>
							<Tag>convertedFont</Tag>
						</Glyphs>
						<Glyphs OutlineWidth="0.5" CharSpace="0" RenderTransform="0.5968368 0 -0 0.5968368 139.99658 618.17474">
							<Font SizePoints="14" Style="Regular" FamilyName="CSMVMI+BlissPro" Capitals="Normal" ResourceId="2" />
							<Origin X="0" Y="0" />
							<Text>р</Text>
							<Size Width="7.14" Height="8.162108" />
							<Brush>
								<SolidBrush Color="#FF000000" />
							</Brush>
							<Tag>convertedFont</Tag>
						</Glyphs>
						<Glyphs OutlineWidth="0.5" CharSpace="0" RenderTransform="0.5968368 0 -0 0.5968368 144.28635 618.17474">
							<Font SizePoints="14" Style="Regular" FamilyName="CSMVMI+BlissPro" Capitals="Normal" ResourceId="2" />
							<Origin X="0" Y="0" />
							<Text>о</Text>
							<Size Width="7.364" Height="8.162108" />
							<Brush>
								<SolidBrush Color="#FF000000" />
							</Brush>
							<Tag>convertedFont</Tag>
						</Glyphs>
						<Glyphs OutlineWidth="0.5" CharSpace="0" RenderTransform="0.5968368 0 -0 0.5968368 148.70667 618.17474">
							<Font SizePoints="14" Style="Regular" FamilyName="CSMVMI+BlissPro" Capitals="Normal" ResourceId="2" />
							<Origin X="0" Y="0" />
							<Text>ч</Text>
							<Size Width="6.776" Height="8.162108" />
							<Brush>
								<SolidBrush Color="#FF000000" />
							</Brush>
							<Tag>convertedFont</Tag>
						</Glyphs>
						<Glyphs OutlineWidth="0.5" CharSpace="0" RenderTransform="0.5968368 0 -0 0.5968368 152.78194 618.17474">
							<Font SizePoints="14" Style="Regular" FamilyName="CSMVMI+BlissPro" Capitals="Normal" ResourceId="2" />
							<Origin X="0" Y="0" />
							<Text>е</Text>
							<Size Width="6.636" Height="8.162108" />
							<Brush>
								<SolidBrush Color="#FF000000" />
							</Brush>
							<Tag>convertedFont</Tag>
						</Glyphs>
						<Glyphs OutlineWidth="0.5" CharSpace="0" RenderTransform="0.5968368 0 -0 0.5968368 156.77328 618.17474">
							<Font SizePoints="14" Style="Regular" FamilyName="CSMVMI+BlissPro" Capitals="Normal" ResourceId="2" />
							<Origin X="0" Y="0" />
							<Text>н</Text>
							<Size Width="7.266" Height="8.162108" />
							<Brush>
								<SolidBrush Color="#FF000000" />
							</Brush>
							<Tag>convertedFont</Tag>
						</Glyphs>
						<Glyphs OutlineWidth="0.5" CharSpace="0" RenderTransform="0.5968368 0 -0 0.5968368 161.13765 618.17474">
							<Font SizePoints="14" Style="Regular" FamilyName="CSMVMI+BlissPro" Capitals="Normal" ResourceId="2" />
							<Origin X="0" Y="0" />
							<Text>н</Text>
							<Size Width="7.266" Height="8.162108" />
							<Brush>
								<SolidBrush Color="#FF000000" />
							</Brush>
							<Tag>convertedFont</Tag>
						</Glyphs>
						<Glyphs OutlineWidth="0.5" CharSpace="0" RenderTransform="0.5968368 0 -0 0.5968368 165.50203 618.17474">
							<Font SizePoints="14" Style="Regular" FamilyName="CSMVMI+BlissPro" Capitals="Normal" ResourceId="2" />
							<Origin X="0" Y="0" />
							<Text>ы</Text>
							<Size Width="8.722" Height="8.162108" />
							<Brush>
								<SolidBrush Color="#FF000000" />
							</Brush>
							<Tag>convertedFont</Tag>
						</Glyphs>
						<Glyphs OutlineWidth="0.5" CharSpace="0" RenderTransform="0.5968368 0 -0 0.5968368 170.743 618.17474">
							<Font SizePoints="14" Style="Regular" FamilyName="CSMVMI+BlissPro" Capitals="Normal" ResourceId="2" />
							<Origin X="0" Y="0" />
							<Text>й</Text>
							<Size Width="7.518" Height="8.162108" />
							<Brush>
								<SolidBrush Color="#FF000000" />
							</Brush>
							<Tag>convertedFont</Tag>
						</Glyphs>
						<Glyphs OutlineWidth="0.5" CharSpace="0" RenderTransform="0.5968368 0 -0 0.5968368 57.148167 628.321">
							<Font SizePoints="14" Style="Regular" FamilyName="CSMVMI+BlissPro" Capitals="Normal" ResourceId="2" />
							<Origin X="0" Y="0" />
							<Text>(</Text>
							<Size Width="4.508" Height="8.162108" />
							<Brush>
								<SolidBrush Color="#FF000000" />
							</Brush>
							<Tag>convertedFont</Tag>
						</Glyphs>
						<Glyphs OutlineWidth="0.5" CharSpace="0" RenderTransform="0.5968368 0 -0 0.5968368 59.852585 628.321">
							<Font SizePoints="14" Style="Regular" FamilyName="CSMVMI+BlissPro" Capitals="Normal" ResourceId="2" />
							<Origin X="0" Y="0" />
							<Text>к</Text>
							<Size Width="6.496" Height="8.162108" />
							<Brush>
								<SolidBrush Color="#FF000000" />
							</Brush>
							<Tag>convertedFont</Tag>
						</Glyphs>
						<Glyphs OutlineWidth="0.5" CharSpace="0" RenderTransform="0.5968368 0 -0 0.5968368 63.76 628.321">
							<Font SizePoints="14" Style="Regular" FamilyName="CSMVMI+BlissPro" Capitals="Normal" ResourceId="2" />
							<Origin X="0" Y="0" />
							<Text>о</Text>
							<Size Width="7.364" Height="8.162108" />
							<Brush>
								<SolidBrush Color="#FF000000" />
							</Brush>
							<Tag>convertedFont</Tag>
						</Glyphs>
						<Glyphs OutlineWidth="0.5" CharSpace="0" RenderTransform="0.5968368 0 -0 0.5968368 68.18032 628.321">
							<Font SizePoints="14" Style="Regular" FamilyName="CSMVMI+BlissPro" Capitals="Normal" ResourceId="2" />
							<Origin X="0" Y="0" />
							<Text>р</Text>
							<Size Width="7.14" Height="8.162108" />
							<Brush>
								<SolidBrush Color="#FF000000" />
							</Brush>
							<Tag>convertedFont</Tag>
						</Glyphs>
						<Glyphs OutlineWidth="0.5" CharSpace="0" RenderTransform="0.5968368 0 -0 0.5968368 72.470085 628.321">
							<Font SizePoints="14" Style="Regular" FamilyName="CSMVMI+BlissPro" Capitals="Normal" ResourceId="2" />
							<Origin X="0" Y="0" />
							<Text>п</Text>
							<Size Width="7.182" Height="8.162108" />
							<Brush>
								<SolidBrush Color="#FF000000" />
							</Brush>
							<Tag>convertedFont</Tag>
						</Glyphs>
						<Glyphs OutlineWidth="0.5" CharSpace="0" RenderTransform="0.5968368 0 -0 0.5968368 76.78783 628.321">
							<Font SizePoints="14" Style="Regular" FamilyName="CSMVMI+BlissPro" Capitals="Normal" ResourceId="2" />
							<Origin X="0" Y="0" />
							<Text>у</Text>
							<Size Width="6.776" Height="8.162108" />
							<Brush>
								<SolidBrush Color="#FF000000" />
							</Brush>
							<Tag>convertedFont</Tag>
						</Glyphs>
						<Glyphs OutlineWidth="0.5" CharSpace="0" RenderTransform="0.5968368 0 -0 0.5968368 80.863106 628.321">
							<Font SizePoints="14" Style="Regular" FamilyName="CSMVMI+BlissPro" Capitals="Normal" ResourceId="2" />
							<Origin X="0" Y="0" />
							<Text>с</Text>
							<Size Width="6.076" Height="8.162108" />
							<Brush>
								<SolidBrush Color="#FF000000" />
							</Brush>
							<Tag>convertedFont</Tag>
						</Glyphs>
						<Glyphs OutlineWidth="0.5" CharSpace="0" RenderTransform="0.5968368 0 -0 0.5968368 84.5094 628.321">
							<Font SizePoints="14" Style="Regular" FamilyName="CSMVMI+BlissPro" Capitals="Normal" ResourceId="2" />
							<Origin X="0" Y="0" />
							<Text>)</Text>
							<Size Width="4.508" Height="8.162108" />
							<Brush>
								<SolidBrush Color="#FF000000" />
							</Brush>
							<Tag>convertedFont</Tag>
						</Glyphs>
						<Glyphs OutlineWidth="0.5" CharSpace="0" RenderTransform="0.5968368 0 -0 0.5968368 213.51941 622.94946">
							<Font SizePoints="14" Style="Regular" FamilyName="CSMVMI+BlissPro" Capitals="Normal" ResourceId="2" />
							<Origin X="0" Y="0" />
							<Text>3</Text>
							<Size Width="7.448" Height="8.162108" />
							<Brush>
								<SolidBrush Color="#FF000000" />
							</Brush>
							<Tag>convertedFont</Tag>
						</Glyphs>
						<Glyphs OutlineWidth="0.5" CharSpace="0" RenderTransform="0.5968368 0 -0 0.5968368 217.99568 622.94946">
							<Font SizePoints="14" Style="Regular" FamilyName="CSMVMI+BlissPro" Capitals="Normal" ResourceId="2" />
							<Origin X="0" Y="0" />
							<Text>3</Text>
							<Size Width="7.448" Height="8.162108" />
							<Brush>
								<SolidBrush Color="#FF000000" />
							</Brush>
							<Tag>convertedFont</Tag>
						</Glyphs>
						<Glyphs OutlineWidth="0.5" CharSpace="0" RenderTransform="0.5968368 0 -0 0.5968368 222.47195 622.94946">
							<Font SizePoints="14" Style="Regular" FamilyName="CSMVMI+BlissPro" Capitals="Normal" ResourceId="2" />
							<Origin X="0" Y="0" />
							<Text>0</Text>
							<Size Width="7.756" Height="8.162108" />
							<Brush>
								<SolidBrush Color="#FF000000" />
							</Brush>
							<Tag>convertedFont</Tag>
						</Glyphs>
						<Glyphs OutlineWidth="0.5" CharSpace="0" RenderTransform="0.5968368 0 -0 0.5968368 227.12543 622.94946">
							<Font SizePoints="14" Style="Regular" FamilyName="CSMVMI+BlissPro" Capitals="Normal" ResourceId="2" />
							<Origin X="0" Y="0" />
							<Text>x</Text>
							<Size Width="6.384" Height="8.162108" />
							<Brush>
								<SolidBrush Color="#FF000000" />
							</Brush>
							<Tag>convertedFont</Tag>
						</Glyphs>
						<Glyphs OutlineWidth="0.5" CharSpace="0" RenderTransform="0.5968368 0 -0 0.5968368 230.96756 622.94946">
							<Font SizePoints="14" Style="Regular" FamilyName="CSMVMI+BlissPro" Capitals="Normal" ResourceId="2" />
							<Origin X="0" Y="0" />
							<Text>5</Text>
							<Size Width="7.126" Height="8.162108" />
							<Brush>
								<SolidBrush Color="#FF000000" />
							</Brush>
							<Tag>convertedFont</Tag>
						</Glyphs>
						<Glyphs OutlineWidth="0.5" CharSpace="0" RenderTransform="0.5968368 0 -0 0.5968368 235.248 622.94946">
							<Font SizePoints="14" Style="Regular" FamilyName="CSMVMI+BlissPro" Capitals="Normal" ResourceId="2" />
							<Origin X="0" Y="0" />
							<Text>4</Text>
							<Size Width="7.784" Height="8.162108" />
							<Brush>
								<SolidBrush Color="#FF000000" />
							</Brush>
							<Tag>convertedFont</Tag>
						</Glyphs>
						<Glyphs OutlineWidth="0.5" CharSpace="0" RenderTransform="0.5968368 0 -0 0.5968368 239.92012 622.94946">
							<Font SizePoints="14" Style="Regular" FamilyName="CSMVMI+BlissPro" Capitals="Normal" ResourceId="2" />
							<Origin X="0" Y="0" />
							<Text>0</Text>
							<Size Width="7.756" Height="8.162108" />
							<Brush>
								<SolidBrush Color="#FF000000" />
							</Brush>
							<Tag>convertedFont</Tag>
						</Glyphs>
						<Glyphs OutlineWidth="0.5" CharSpace="0" RenderTransform="0.5968368 0 -0 0.5968368 244.57358 622.94946">
							<Font SizePoints="14" Style="Regular" FamilyName="CSMVMI+BlissPro" Capitals="Normal" ResourceId="2" />
							<Origin X="0" Y="0" />
							<Text>x</Text>
							<Size Width="6.384" Height="8.162108" />
							<Brush>
								<SolidBrush Color="#FF000000" />
							</Brush>
							<Tag>convertedFont</Tag>
						</Glyphs>
						<Glyphs OutlineWidth="0.5" CharSpace="0" RenderTransform="0.5968368 0 -0 0.5968368 248.41571 622.94946">
							<Font SizePoints="14" Style="Regular" FamilyName="CSMVMI+BlissPro" Capitals="Normal" ResourceId="2" />
							<Origin X="0" Y="0" />
							<Text>2</Text>
							<Size Width="7.154" Height="8.162108" />
							<Brush>
								<SolidBrush Color="#FF000000" />
							</Brush>
							<Tag>convertedFont</Tag>
						</Glyphs>
						<Glyphs OutlineWidth="0.5" CharSpace="0" RenderTransform="0.5968368 0 -0 0.5968368 252.7148 622.94946">
							<Font SizePoints="14" Style="Regular" FamilyName="CSMVMI+BlissPro" Capitals="Normal" ResourceId="2" />
							<Origin X="0" Y="0" />
							<Text>9</Text>
							<Size Width="7.476" Height="8.162108" />
							<Brush>
								<SolidBrush Color="#FF000000" />
							</Brush>
							<Tag>convertedFont</Tag>
						</Glyphs>
						<Glyphs OutlineWidth="0.5" CharSpace="0" RenderTransform="0.5968368 0 -0 0.5968368 257.20972 622.94946">
							<Font SizePoints="14" Style="Regular" FamilyName="CSMVMI+BlissPro" Capitals="Normal" ResourceId="2" />
							<Origin X="0" Y="0" />
							<Text>0</Text>
							<Size Width="7.756" Height="8.162108" />
							<Brush>
								<SolidBrush Color="#FF000000" />
							</Brush>
							<Tag>convertedFont</Tag>
						</Glyphs>
						<Glyphs OutlineWidth="0.5" CharSpace="0" RenderTransform="0.5968368 0 -0 0.5968368 292.30188 622.94946">
							<Font SizePoints="14" Style="Regular" FamilyName="CSMVMI+BlissPro" Capitals="Normal" ResourceId="2" />
							<Origin X="0" Y="0" />
							<Text>4</Text>
							<Size Width="7.784" Height="8.162108" />
							<Brush>
								<SolidBrush Color="#FF000000" />
							</Brush>
							<Tag>convertedFont</Tag>
						</Glyphs>
						<Glyphs OutlineWidth="0.5" CharSpace="0" RenderTransform="0.5968368 0 -0 0.5968368 296.97397 622.94946">
							<Font SizePoints="14" Style="Regular" FamilyName="CSMVMI+BlissPro" Capitals="Normal" ResourceId="2" />
							<Origin X="0" Y="0" />
							<Text>.</Text>
							<Size Width="3.276" Height="8.162108" />
							<Brush>
								<SolidBrush Color="#FF000000" />
							</Brush>
							<Tag>convertedFont</Tag>
						</Glyphs>
						<Glyphs OutlineWidth="0.5" CharSpace="0" RenderTransform="0.5968368 0 -0 0.5968368 298.94168 622.94946">
							<Font SizePoints="14" Style="Regular" FamilyName="CSMVMI+BlissPro" Capitals="Normal" ResourceId="2" />
							<Origin X="0" Y="0" />
							<Text>7</Text>
							<Size Width="6.636" Height="8.162108" />
							<Brush>
								<SolidBrush Color="#FF000000" />
							</Brush>
							<Tag>convertedFont</Tag>
						</Glyphs>
						<Glyphs OutlineWidth="0.5" CharSpace="0" RenderTransform="0.5968368 0 -0 0.5968368 328.1121 622.94946">
							<Font SizePoints="14" Style="Regular" FamilyName="CSMVMI+BlissPro" Capitals="Normal" ResourceId="2" />
							<Origin X="0" Y="0" />
							<Text>0</Text>
							<Size Width="7.756" Height="8.162108" />
							<Brush>
								<SolidBrush Color="#FF000000" />
							</Brush>
							<Tag>convertedFont</Tag>
						</Glyphs>
						<Glyphs OutlineWidth="0.5" CharSpace="0" RenderTransform="0.5968368 0 -0 0.5968368 381.8274 622.94946">
							<Font SizePoints="14" Style="Regular" FamilyName="CSMVMI+BlissPro" Capitals="Normal" ResourceId="2" />
							<Origin X="0" Y="0" />
							<Text>-</Text>
							<Size Width="4.984" Height="8.162108" />
							<Brush>
								<SolidBrush Color="#FF000000" />
							</Brush>
							<Tag>convertedFont</Tag>
						</Glyphs>
						<Glyphs OutlineWidth="0.5" CharSpace="0" RenderTransform="0.5968368 0 -0 0.5968368 455.83514 622.94946">
							<Font SizePoints="14" Style="Regular" FamilyName="CSMVMI+BlissPro" Capitals="Normal" ResourceId="2" />
							<Origin X="0" Y="0" />
							<Text>-</Text>
							<Size Width="4.984" Height="8.162108" />
							<Brush>
								<SolidBrush Color="#FF000000" />
							</Brush>
							<Tag>convertedFont</Tag>
						</Glyphs>
						<Glyphs OutlineWidth="0.5" CharSpace="0" RenderTransform="0.5968368 0 -0 0.5968368 492.83902 622.94946">
							<Font SizePoints="14" Style="Regular" FamilyName="CSMVMI+BlissPro" Capitals="Normal" ResourceId="2" />
							<Origin X="0" Y="0" />
							<Text>-</Text>
							<Size Width="4.984" Height="8.162108" />
							<Brush>
								<SolidBrush Color="#FF000000" />
							</Brush>
							<Tag>convertedFont</Tag>
						</Glyphs>
						<Glyphs OutlineWidth="0.5" CharSpace="0" RenderTransform="0.5968368 0 -0 0.5968368 57.148167 640.25775">
							<Font SizePoints="14" Style="Regular" FamilyName="CSMVMI+BlissPro" Capitals="Normal" ResourceId="2" />
							<Origin X="0" Y="0" />
							<Text>Ф</Text>
							<Size Width="10.402" Height="8.162108" />
							<Brush>
								<SolidBrush Color="#FF000000" />
							</Brush>
							<Tag>convertedFont</Tag>
						</Glyphs>
						<Glyphs OutlineWidth="0.5" CharSpace="0" RenderTransform="0.5968368 0 -0 0.5968368 63.40563 640.25775">
							<Font SizePoints="14" Style="Regular" FamilyName="CSMVMI+BlissPro" Capitals="Normal" ResourceId="2" />
							<Origin X="0" Y="0" />
							<Text>и</Text>
							<Size Width="7.518" Height="8.162108" />
							<Brush>
								<SolidBrush Color="#FF000000" />
							</Brush>
							<Tag>convertedFont</Tag>
						</Glyphs>
						<Glyphs OutlineWidth="0.5" CharSpace="0" RenderTransform="0.5968368 0 -0 0.5968368 67.919205 640.25775">
							<Font SizePoints="14" Style="Regular" FamilyName="CSMVMI+BlissPro" Capitals="Normal" ResourceId="2" />
							<Origin X="0" Y="0" />
							<Text>л</Text>
							<Size Width="7.042" Height="8.162108" />
							<Brush>
								<SolidBrush Color="#FF000000" />
							</Brush>
							<Tag>convertedFont</Tag>
						</Glyphs>
						<Glyphs OutlineWidth="0.5" CharSpace="0" RenderTransform="0.5968368 0 -0 0.5968368 72.153015 640.25775">
							<Font SizePoints="14" Style="Regular" FamilyName="CSMVMI+BlissPro" Capitals="Normal" ResourceId="2" />
							<Origin X="0" Y="0" />
							<Text>ь</Text>
							<Size Width="6.454" Height="8.162108" />
							<Brush>
								<SolidBrush Color="#FF000000" />
							</Brush>
							<Tag>convertedFont</Tag>
						</Glyphs>
						<Glyphs OutlineWidth="0.5" CharSpace="0" RenderTransform="0.5968368 0 -0 0.5968368 76.032455 640.25775">
							<Font SizePoints="14" Style="Regular" FamilyName="CSMVMI+BlissPro" Capitals="Normal" ResourceId="2" />
							<Origin X="0" Y="0" />
							<Text>т</Text>
							<Size Width="6.174" Height="8.162108" />
							<Brush>
								<SolidBrush Color="#FF000000" />
							</Brush>
							<Tag>convertedFont</Tag>
						</Glyphs>
						<Glyphs OutlineWidth="0.5" CharSpace="0" RenderTransform="0.5968368 0 -0 0.5968368 79.74403 640.25775">
							<Font SizePoints="14" Style="Regular" FamilyName="CSMVMI+BlissPro" Capitals="Normal" ResourceId="2" />
							<Origin X="0" Y="0" />
							<Text>р</Text>
							<Size Width="7.14" Height="8.162108" />
							<Brush>
								<SolidBrush Color="#FF000000" />
							</Brush>
							<Tag>convertedFont</Tag>
						</Glyphs>
						<Glyphs OutlineWidth="0.5" CharSpace="0" RenderTransform="0.5968368 0 -0 0.5968368 84.0338 640.25775">
							<Font SizePoints="14" Style="Regular" FamilyName="CSMVMI+BlissPro" Capitals="Normal" ResourceId="2" />
							<Origin X="0" Y="0" />
							<Text>у</Text>
							<Size Width="6.776" Height="8.162108" />
							<Brush>
								<SolidBrush Color="#FF000000" />
							</Brush>
							<Tag>convertedFont</Tag>
						</Glyphs>
						<Glyphs OutlineWidth="0.5" CharSpace="0" RenderTransform="0.5968368 0 -0 0.5968368 88.10908 640.25775">
							<Font SizePoints="14" Style="Regular" FamilyName="CSMVMI+BlissPro" Capitals="Normal" ResourceId="2" />
							<Origin X="0" Y="0" />
							<Text>ю</Text>
							<Size Width="9.982" Height="8.162108" />
							<Brush>
								<SolidBrush Color="#FF000000" />
							</Brush>
							<Tag>convertedFont</Tag>
						</Glyphs>
						<Glyphs OutlineWidth="0.5" CharSpace="0" RenderTransform="0.5968368 0 -0 0.5968368 94.114746 640.25775">
							<Font SizePoints="14" Style="Regular" FamilyName="CSMVMI+BlissPro" Capitals="Normal" ResourceId="2" />
							<Origin X="0" Y="0" />
							<Text>щ</Text>
							<Size Width="10.094" Height="8.162108" />
							<Brush>
								<SolidBrush Color="#FF000000" />
							</Brush>
							<Tag>convertedFont</Tag>
						</Glyphs>
						<Glyphs OutlineWidth="0.5" CharSpace="0" RenderTransform="0.5968368 0 -0 0.5968368 100.1857 640.25775">
							<Font SizePoints="14" Style="Regular" FamilyName="CSMVMI+BlissPro" Capitals="Normal" ResourceId="2" />
							<Origin X="0" Y="0" />
							<Text>а</Text>
							<Size Width="6.608" Height="8.162108" />
							<Brush>
								<SolidBrush Color="#FF000000" />
							</Brush>
							<Tag>convertedFont</Tag>
						</Glyphs>
						<Glyphs OutlineWidth="0.5" CharSpace="0" RenderTransform="0.5968368 0 -0 0.5968368 104.158394 640.25775">
							<Font SizePoints="14" Style="Regular" FamilyName="CSMVMI+BlissPro" Capitals="Normal" ResourceId="2" />
							<Origin X="0" Y="0" />
							<Text>я</Text>
							<Size Width="6.678" Height="8.162108" />
							<Brush>
								<SolidBrush Color="#FF000000" />
							</Brush>
							<Tag>convertedFont</Tag>
						</Glyphs>
						<Glyphs OutlineWidth="0.5" CharSpace="0" RenderTransform="0.5968368 0 -0 0.5968368 108.16839 640.25775">
							<Font SizePoints="14" Style="Regular" FamilyName="CSMVMI+BlissPro" Capitals="Normal" ResourceId="2" />
							<Origin X="0" Y="0" />
							<Text> </Text>
							<Size Width="3.094" Height="8.162108" />
							<Brush>
								<SolidBrush Color="#FF000000" />
							</Brush>
							<Tag>convertedFont</Tag>
						</Glyphs>
						<Glyphs OutlineWidth="0.5" CharSpace="0" RenderTransform="0.5968368 0 -0 0.5968368 110.02418 640.25775">
							<Font SizePoints="14" Style="Regular" FamilyName="CSMVMI+BlissPro" Capitals="Normal" ResourceId="2" />
							<Origin X="0" Y="0" />
							<Text>к</Text>
							<Size Width="6.496" Height="8.162108" />
							<Brush>
								<SolidBrush Color="#FF000000" />
							</Brush>
							<Tag>convertedFont</Tag>
						</Glyphs>
						<Glyphs OutlineWidth="0.5" CharSpace="0" RenderTransform="0.5968368 0 -0 0.5968368 113.931595 640.25775">
							<Font SizePoints="14" Style="Regular" FamilyName="CSMVMI+BlissPro" Capitals="Normal" ResourceId="2" />
							<Origin X="0" Y="0" />
							<Text>а</Text>
							<Size Width="6.608" Height="8.162108" />
							<Brush>
								<SolidBrush Color="#FF000000" />
							</Brush>
							<Tag>convertedFont</Tag>
						</Glyphs>
						<Glyphs OutlineWidth="0.5" CharSpace="0" RenderTransform="0.5968368 0 -0 0.5968368 117.90429 640.25775">
							<Font SizePoints="14" Style="Regular" FamilyName="CSMVMI+BlissPro" Capitals="Normal" ResourceId="2" />
							<Origin X="0" Y="0" />
							<Text>р</Text>
							<Size Width="7.14" Height="8.162108" />
							<Brush>
								<SolidBrush Color="#FF000000" />
							</Brush>
							<Tag>convertedFont</Tag>
						</Glyphs>
						<Glyphs OutlineWidth="0.5" CharSpace="0" RenderTransform="0.5968368 0 -0 0.5968368 122.19405 640.25775">
							<Font SizePoints="14" Style="Regular" FamilyName="CSMVMI+BlissPro" Capitals="Normal" ResourceId="2" />
							<Origin X="0" Y="0" />
							<Text>м</Text>
							<Size Width="8.372" Height="8.162108" />
							<Brush>
								<SolidBrush Color="#FF000000" />
							</Brush>
							<Tag>convertedFont</Tag>
						</Glyphs>
						<Glyphs OutlineWidth="0.5" CharSpace="0" RenderTransform="0.5968368 0 -0 0.5968368 127.229866 640.25775">
							<Font SizePoints="14" Style="Regular" FamilyName="CSMVMI+BlissPro" Capitals="Normal" ResourceId="2" />
							<Origin X="0" Y="0" />
							<Text>а</Text>
							<Size Width="6.608" Height="8.162108" />
							<Brush>
								<SolidBrush Color="#FF000000" />
							</Brush>
							<Tag>convertedFont</Tag>
						</Glyphs>
						<Glyphs OutlineWidth="0.5" CharSpace="0" RenderTransform="0.5968368 0 -0 0.5968368 131.20256 640.25775">
							<Font SizePoints="14" Style="Regular" FamilyName="CSMVMI+BlissPro" Capitals="Normal" ResourceId="2" />
							<Origin X="0" Y="0" />
							<Text>н</Text>
							<Size Width="7.266" Height="8.162108" />
							<Brush>
								<SolidBrush Color="#FF000000" />
							</Brush>
							<Tag>convertedFont</Tag>
						</Glyphs>
						<Glyphs OutlineWidth="0.5" CharSpace="0" RenderTransform="0.5968368 0 -0 0.5968368 135.56693 640.25775">
							<Font SizePoints="14" Style="Regular" FamilyName="CSMVMI+BlissPro" Capitals="Normal" ResourceId="2" />
							<Origin X="0" Y="0" />
							<Text>н</Text>
							<Size Width="7.266" Height="8.162108" />
							<Brush>
								<SolidBrush Color="#FF000000" />
							</Brush>
							<Tag>convertedFont</Tag>
						</Glyphs>
						<Glyphs OutlineWidth="0.5" CharSpace="0" RenderTransform="0.5968368 0 -0 0.5968368 139.9313 640.25775">
							<Font SizePoints="14" Style="Regular" FamilyName="CSMVMI+BlissPro" Capitals="Normal" ResourceId="2" />
							<Origin X="0" Y="0" />
							<Text>а</Text>
							<Size Width="6.608" Height="8.162108" />
							<Brush>
								<SolidBrush Color="#FF000000" />
							</Brush>
							<Tag>convertedFont</Tag>
						</Glyphs>
						<Glyphs OutlineWidth="0.5" CharSpace="0" RenderTransform="0.5968368 0 -0 0.5968368 143.90399 640.25775">
							<Font SizePoints="14" Style="Regular" FamilyName="CSMVMI+BlissPro" Capitals="Normal" ResourceId="2" />
							<Origin X="0" Y="0" />
							<Text>я</Text>
							<Size Width="6.678" Height="8.162108" />
							<Brush>
								<SolidBrush Color="#FF000000" />
							</Brush>
							<Tag>convertedFont</Tag>
						</Glyphs>
						<Glyphs OutlineWidth="0.5" CharSpace="0" RenderTransform="0.5968368 0 -0 0.5968368 147.91399 640.25775">
							<Font SizePoints="14" Style="Regular" FamilyName="CSMVMI+BlissPro" Capitals="Normal" ResourceId="2" />
							<Origin X="0" Y="0" />
							<Text> </Text>
							<Size Width="3.094" Height="8.162108" />
							<Brush>
								<SolidBrush Color="#FF000000" />
							</Brush>
							<Tag>convertedFont</Tag>
						</Glyphs>
						<Glyphs OutlineWidth="0.5" CharSpace="0" RenderTransform="0.5968368 0 -0 0.5968368 149.76978 640.25775">
							<Font SizePoints="14" Style="Regular" FamilyName="CSMVMI+BlissPro" Capitals="Normal" ResourceId="2" />
							<Origin X="0" Y="0" />
							<Text>у</Text>
							<Size Width="6.776" Height="8.162108" />
							<Brush>
								<SolidBrush Color="#FF000000" />
							</Brush>
							<Tag>convertedFont</Tag>
						</Glyphs>
						<Glyphs OutlineWidth="0.5" CharSpace="0" RenderTransform="0.5968368 0 -0 0.5968368 153.84506 640.25775">
							<Font SizePoints="14" Style="Regular" FamilyName="CSMVMI+BlissPro" Capitals="Normal" ResourceId="2" />
							<Origin X="0" Y="0" />
							<Text>к</Text>
							<Size Width="6.496" Height="8.162108" />
							<Brush>
								<SolidBrush Color="#FF000000" />
							</Brush>
							<Tag>convertedFont</Tag>
						</Glyphs>
						<Glyphs OutlineWidth="0.5" CharSpace="0" RenderTransform="0.5968368 0 -0 0.5968368 157.75247 640.25775">
							<Font SizePoints="14" Style="Regular" FamilyName="CSMVMI+BlissPro" Capitals="Normal" ResourceId="2" />
							<Origin X="0" Y="0" />
							<Text>о</Text>
							<Size Width="7.364" Height="8.162108" />
							<Brush>
								<SolidBrush Color="#FF000000" />
							</Brush>
							<Tag>convertedFont</Tag>
						</Glyphs>
						<Glyphs OutlineWidth="0.5" CharSpace="0" RenderTransform="0.5968368 0 -0 0.5968368 162.17279 640.25775">
							<Font SizePoints="14" Style="Regular" FamilyName="CSMVMI+BlissPro" Capitals="Normal" ResourceId="2" />
							<Origin X="0" Y="0" />
							<Text>р</Text>
							<Size Width="7.14" Height="8.162108" />
							<Brush>
								<SolidBrush Color="#FF000000" />
							</Brush>
							<Tag>convertedFont</Tag>
						</Glyphs>
						<Glyphs OutlineWidth="0.5" CharSpace="0" RenderTransform="0.5968368 0 -0 0.5968368 166.46255 640.25775">
							<Font SizePoints="14" Style="Regular" FamilyName="CSMVMI+BlissPro" Capitals="Normal" ResourceId="2" />
							<Origin X="0" Y="0" />
							<Text>о</Text>
							<Size Width="7.364" Height="8.162108" />
							<Brush>
								<SolidBrush Color="#FF000000" />
							</Brush>
							<Tag>convertedFont</Tag>
						</Glyphs>
						<Glyphs OutlineWidth="0.5" CharSpace="0" RenderTransform="0.5968368 0 -0 0.5968368 170.88287 640.25775">
							<Font SizePoints="14" Style="Regular" FamilyName="CSMVMI+BlissPro" Capitals="Normal" ResourceId="2" />
							<Origin X="0" Y="0" />
							<Text>ч</Text>
							<Size Width="6.776" Height="8.162108" />
							<Brush>
								<SolidBrush Color="#FF000000" />
							</Brush>
							<Tag>convertedFont</Tag>
						</Glyphs>
						<Glyphs OutlineWidth="0.5" CharSpace="0" RenderTransform="0.5968368 0 -0 0.5968368 174.95816 640.25775">
							<Font SizePoints="14" Style="Regular" FamilyName="CSMVMI+BlissPro" Capitals="Normal" ResourceId="2" />
							<Origin X="0" Y="0" />
							<Text>е</Text>
							<Size Width="6.636" Height="8.162108" />
							<Brush>
								<SolidBrush Color="#FF000000" />
							</Brush>
							<Tag>convertedFont</Tag>
						</Glyphs>
						<Glyphs OutlineWidth="0.5" CharSpace="0" RenderTransform="0.5968368 0 -0 0.5968368 178.94951 640.25775">
							<Font SizePoints="14" Style="Regular" FamilyName="CSMVMI+BlissPro" Capitals="Normal" ResourceId="2" />
							<Origin X="0" Y="0" />
							<Text>н</Text>
							<Size Width="7.266" Height="8.162108" />
							<Brush>
								<SolidBrush Color="#FF000000" />
							</Brush>
							<Tag>convertedFont</Tag>
						</Glyphs>
						<Glyphs OutlineWidth="0.5" CharSpace="0" RenderTransform="0.5968368 0 -0 0.5968368 183.31387 640.25775">
							<Font SizePoints="14" Style="Regular" FamilyName="CSMVMI+BlissPro" Capitals="Normal" ResourceId="2" />
							<Origin X="0" Y="0" />
							<Text>н</Text>
							<Size Width="7.266" Height="8.162108" />
							<Brush>
								<SolidBrush Color="#FF000000" />
							</Brush>
							<Tag>convertedFont</Tag>
						</Glyphs>
						<Glyphs OutlineWidth="0.5" CharSpace="0" RenderTransform="0.5968368 0 -0 0.5968368 187.67824 640.25775">
							<Font SizePoints="14" Style="Regular" FamilyName="CSMVMI+BlissPro" Capitals="Normal" ResourceId="2" />
							<Origin X="0" Y="0" />
							<Text>а</Text>
							<Size Width="6.608" Height="8.162108" />
							<Brush>
								<SolidBrush Color="#FF000000" />
							</Brush>
							<Tag>convertedFont</Tag>
						</Glyphs>
						<Glyphs OutlineWidth="0.5" CharSpace="0" RenderTransform="0.5968368 0 -0 0.5968368 191.65094 640.25775">
							<Font SizePoints="14" Style="Regular" FamilyName="CSMVMI+BlissPro" Capitals="Normal" ResourceId="2" />
							<Origin X="0" Y="0" />
							<Text>я</Text>
							<Size Width="6.678" Height="8.162108" />
							<Brush>
								<SolidBrush Color="#FF000000" />
							</Brush>
							<Tag>convertedFont</Tag>
						</Glyphs>
						<Glyphs OutlineWidth="0.5" CharSpace="0" RenderTransform="0.5968368 0 -0 0.5968368 57.148167 650.40393">
							<Font SizePoints="14" Style="Regular" FamilyName="CSMVMI+BlissPro" Capitals="Normal" ResourceId="2" />
							<Origin X="0" Y="0" />
							<Text>в</Text>
							<Size Width="6.538" Height="8.162108" />
							<Brush>
								<SolidBrush Color="#FF000000" />
							</Brush>
							<Tag>convertedFont</Tag>
						</Glyphs>
						<Glyphs OutlineWidth="0.5" CharSpace="0" RenderTransform="0.5968368 0 -0 0.5968368 61.08356 650.40393">
							<Font SizePoints="14" Style="Regular" FamilyName="CSMVMI+BlissPro" Capitals="Normal" ResourceId="2" />
							<Origin X="0" Y="0" />
							<Text>с</Text>
							<Size Width="6.076" Height="8.162108" />
							<Brush>
								<SolidBrush Color="#FF000000" />
							</Brush>
							<Tag>convertedFont</Tag>
						</Glyphs>
						<Glyphs OutlineWidth="0.5" CharSpace="0" RenderTransform="0.5968368 0 -0 0.5968368 64.72986 650.40393">
							<Font SizePoints="14" Style="Regular" FamilyName="CSMVMI+BlissPro" Capitals="Normal" ResourceId="2" />
							<Origin X="0" Y="0" />
							<Text>т</Text>
							<Size Width="6.174" Height="8.162108" />
							<Brush>
								<SolidBrush Color="#FF000000" />
							</Brush>
							<Tag>convertedFont</Tag>
						</Glyphs>
						<Glyphs OutlineWidth="0.5" CharSpace="0" RenderTransform="0.5968368 0 -0 0.5968368 68.44144 650.40393">
							<Font SizePoints="14" Style="Regular" FamilyName="CSMVMI+BlissPro" Capitals="Normal" ResourceId="2" />
							<Origin X="0" Y="0" />
							<Text>а</Text>
							<Size Width="6.608" Height="8.162108" />
							<Brush>
								<SolidBrush Color="#FF000000" />
							</Brush>
							<Tag>convertedFont</Tag>
						</Glyphs>
						<Glyphs OutlineWidth="0.5" CharSpace="0" RenderTransform="0.5968368 0 -0 0.5968368 72.41413 650.40393">
							<Font SizePoints="14" Style="Regular" FamilyName="CSMVMI+BlissPro" Capitals="Normal" ResourceId="2" />
							<Origin X="0" Y="0" />
							<Text>в</Text>
							<Size Width="6.538" Height="8.162108" />
							<Brush>
								<SolidBrush Color="#FF000000" />
							</Brush>
							<Tag>convertedFont</Tag>
						</Glyphs>
						<Glyphs OutlineWidth="0.5" CharSpace="0" RenderTransform="0.5968368 0 -0 0.5968368 76.349525 650.40393">
							<Font SizePoints="14" Style="Regular" FamilyName="CSMVMI+BlissPro" Capitals="Normal" ResourceId="2" />
							<Origin X="0" Y="0" />
							<Text>к</Text>
							<Size Width="6.496" Height="8.162108" />
							<Brush>
								<SolidBrush Color="#FF000000" />
							</Brush>
							<Tag>convertedFont</Tag>
						</Glyphs>
						<Glyphs OutlineWidth="0.5" CharSpace="0" RenderTransform="0.5968368 0 -0 0.5968368 80.25694 650.40393">
							<Font SizePoints="14" Style="Regular" FamilyName="CSMVMI+BlissPro" Capitals="Normal" ResourceId="2" />
							<Origin X="0" Y="0" />
							<Text>а</Text>
							<Size Width="6.608" Height="8.162108" />
							<Brush>
								<SolidBrush Color="#FF000000" />
							</Brush>
							<Tag>convertedFont</Tag>
						</Glyphs>
						<Glyphs OutlineWidth="0.5" CharSpace="0" RenderTransform="0.5968368 0 -0 0.5968368 84.22964 650.40393">
							<Font SizePoints="14" Style="Regular" FamilyName="CSMVMI+BlissPro" Capitals="Normal" ResourceId="2" />
							<Origin X="0" Y="0" />
							<Text> </Text>
							<Size Width="3.094" Height="8.162108" />
							<Brush>
								<SolidBrush Color="#FF000000" />
							</Brush>
							<Tag>convertedFont</Tag>
						</Glyphs>
						<Glyphs OutlineWidth="0.5" CharSpace="0" RenderTransform="0.5968368 0 -0 0.5968368 86.08543 650.40393">
							<Font SizePoints="14" Style="Regular" FamilyName="CSMVMI+BlissPro" Capitals="Normal" ResourceId="2" />
							<Origin X="0" Y="0" />
							<Text>E</Text>
							<Size Width="6.65" Height="8.162108" />
							<Brush>
								<SolidBrush Color="#FF000000" />
							</Brush>
							<Tag>convertedFont</Tag>
						</Glyphs>
						<Glyphs OutlineWidth="0.5" CharSpace="0" RenderTransform="0.5968368 0 -0 0.5968368 90.0861 650.40393">
							<Font SizePoints="14" Style="Regular" FamilyName="CSMVMI+BlissPro" Capitals="Normal" ResourceId="2" />
							<Origin X="0" Y="0" />
							<Text>U</Text>
							<Size Width="9.254" Height="8.162108" />
							<Brush>
								<SolidBrush Color="#FF000000" />
							</Brush>
							<Tag>convertedFont</Tag>
						</Glyphs>
						<Glyphs OutlineWidth="0.5" CharSpace="0" RenderTransform="0.5968368 0 -0 0.5968368 95.64414 650.40393">
							<Font SizePoints="14" Style="Regular" FamilyName="CSMVMI+BlissPro" Capitals="Normal" ResourceId="2" />
							<Origin X="0" Y="0" />
							<Text>4</Text>
							<Size Width="7.784" Height="8.162108" />
							<Brush>
								<SolidBrush Color="#FF000000" />
							</Brush>
							<Tag>convertedFont</Tag>
						</Glyphs>
						<Glyphs OutlineWidth="0.5" CharSpace="0" RenderTransform="0.5968368 0 -0 0.5968368 213.51941 645.0324">
							<Font SizePoints="14" Style="Regular" FamilyName="CSMVMI+BlissPro" Capitals="Normal" ResourceId="2" />
							<Origin X="0" Y="0" />
							<Text>3</Text>
							<Size Width="7.448" Height="8.162108" />
							<Brush>
								<SolidBrush Color="#FF000000" />
							</Brush>
							<Tag>convertedFont</Tag>
						</Glyphs>
						<Glyphs OutlineWidth="0.5" CharSpace="0" RenderTransform="0.5968368 0 -0 0.5968368 217.99568 645.0324">
							<Font SizePoints="14" Style="Regular" FamilyName="CSMVMI+BlissPro" Capitals="Normal" ResourceId="2" />
							<Origin X="0" Y="0" />
							<Text>3</Text>
							<Size Width="7.448" Height="8.162108" />
							<Brush>
								<SolidBrush Color="#FF000000" />
							</Brush>
							<Tag>convertedFont</Tag>
						</Glyphs>
						<Glyphs OutlineWidth="0.5" CharSpace="0" RenderTransform="0.5968368 0 -0 0.5968368 222.47195 645.0324">
							<Font SizePoints="14" Style="Regular" FamilyName="CSMVMI+BlissPro" Capitals="Normal" ResourceId="2" />
							<Origin X="0" Y="0" />
							<Text>0</Text>
							<Size Width="7.756" Height="8.162108" />
							<Brush>
								<SolidBrush Color="#FF000000" />
							</Brush>
							<Tag>convertedFont</Tag>
						</Glyphs>
						<Glyphs OutlineWidth="0.5" CharSpace="0" RenderTransform="0.5968368 0 -0 0.5968368 227.12543 645.0324">
							<Font SizePoints="14" Style="Regular" FamilyName="CSMVMI+BlissPro" Capitals="Normal" ResourceId="2" />
							<Origin X="0" Y="0" />
							<Text>x</Text>
							<Size Width="6.384" Height="8.162108" />
							<Brush>
								<SolidBrush Color="#FF000000" />
							</Brush>
							<Tag>convertedFont</Tag>
						</Glyphs>
						<Glyphs OutlineWidth="0.5" CharSpace="0" RenderTransform="0.5968368 0 -0 0.5968368 230.96756 645.0324">
							<Font SizePoints="14" Style="Regular" FamilyName="CSMVMI+BlissPro" Capitals="Normal" ResourceId="2" />
							<Origin X="0" Y="0" />
							<Text>5</Text>
							<Size Width="7.126" Height="8.162108" />
							<Brush>
								<SolidBrush Color="#FF000000" />
							</Brush>
							<Tag>convertedFont</Tag>
						</Glyphs>
						<Glyphs OutlineWidth="0.5" CharSpace="0" RenderTransform="0.5968368 0 -0 0.5968368 235.248 645.0324">
							<Font SizePoints="14" Style="Regular" FamilyName="CSMVMI+BlissPro" Capitals="Normal" ResourceId="2" />
							<Origin X="0" Y="0" />
							<Text>4</Text>
							<Size Width="7.784" Height="8.162108" />
							<Brush>
								<SolidBrush Color="#FF000000" />
							</Brush>
							<Tag>convertedFont</Tag>
						</Glyphs>
						<Glyphs OutlineWidth="0.5" CharSpace="0" RenderTransform="0.5968368 0 -0 0.5968368 239.92012 645.0324">
							<Font SizePoints="14" Style="Regular" FamilyName="CSMVMI+BlissPro" Capitals="Normal" ResourceId="2" />
							<Origin X="0" Y="0" />
							<Text>0</Text>
							<Size Width="7.756" Height="8.162108" />
							<Brush>
								<SolidBrush Color="#FF000000" />
							</Brush>
							<Tag>convertedFont</Tag>
						</Glyphs>
						<Glyphs OutlineWidth="0.5" CharSpace="0" RenderTransform="0.5968368 0 -0 0.5968368 244.57358 645.0324">
							<Font SizePoints="14" Style="Regular" FamilyName="CSMVMI+BlissPro" Capitals="Normal" ResourceId="2" />
							<Origin X="0" Y="0" />
							<Text>x</Text>
							<Size Width="6.384" Height="8.162108" />
							<Brush>
								<SolidBrush Color="#FF000000" />
							</Brush>
							<Tag>convertedFont</Tag>
						</Glyphs>
						<Glyphs OutlineWidth="0.5" CharSpace="0" RenderTransform="0.5968368 0 -0 0.5968368 248.41571 645.0324">
							<Font SizePoints="14" Style="Regular" FamilyName="CSMVMI+BlissPro" Capitals="Normal" ResourceId="2" />
							<Origin X="0" Y="0" />
							<Text>2</Text>
							<Size Width="7.154" Height="8.162108" />
							<Brush>
								<SolidBrush Color="#FF000000" />
							</Brush>
							<Tag>convertedFont</Tag>
						</Glyphs>
						<Glyphs OutlineWidth="0.5" CharSpace="0" RenderTransform="0.5968368 0 -0 0.5968368 252.7148 645.0324">
							<Font SizePoints="14" Style="Regular" FamilyName="CSMVMI+BlissPro" Capitals="Normal" ResourceId="2" />
							<Origin X="0" Y="0" />
							<Text>9</Text>
							<Size Width="7.476" Height="8.162108" />
							<Brush>
								<SolidBrush Color="#FF000000" />
							</Brush>
							<Tag>convertedFont</Tag>
						</Glyphs>
						<Glyphs OutlineWidth="0.5" CharSpace="0" RenderTransform="0.5968368 0 -0 0.5968368 257.20972 645.0324">
							<Font SizePoints="14" Style="Regular" FamilyName="CSMVMI+BlissPro" Capitals="Normal" ResourceId="2" />
							<Origin X="0" Y="0" />
							<Text>0</Text>
							<Size Width="7.756" Height="8.162108" />
							<Brush>
								<SolidBrush Color="#FF000000" />
							</Brush>
							<Tag>convertedFont</Tag>
						</Glyphs>
						<Glyphs OutlineWidth="0.5" CharSpace="0" RenderTransform="0.5968368 0 -0 0.5968368 291.1082 645.0324">
							<Font SizePoints="14" Style="Regular" FamilyName="CSMVMI+BlissPro" Capitals="Normal" ResourceId="2" />
							<Origin X="0" Y="0" />
							<Text>4</Text>
							<Size Width="7.784" Height="8.162108" />
							<Brush>
								<SolidBrush Color="#FF000000" />
							</Brush>
							<Tag>convertedFont</Tag>
						</Glyphs>
						<Glyphs OutlineWidth="0.5" CharSpace="0" RenderTransform="0.5968368 0 -0 0.5968368 295.7803 645.0324">
							<Font SizePoints="14" Style="Regular" FamilyName="CSMVMI+BlissPro" Capitals="Normal" ResourceId="2" />
							<Origin X="0" Y="0" />
							<Text>.</Text>
							<Size Width="3.276" Height="8.162108" />
							<Brush>
								<SolidBrush Color="#FF000000" />
							</Brush>
							<Tag>convertedFont</Tag>
						</Glyphs>
						<Glyphs OutlineWidth="0.5" CharSpace="0" RenderTransform="0.5968368 0 -0 0.5968368 297.74802 645.0324">
							<Font SizePoints="14" Style="Regular" FamilyName="CSMVMI+BlissPro" Capitals="Normal" ResourceId="2" />
							<Origin X="0" Y="0" />
							<Text>7</Text>
							<Size Width="6.636" Height="8.162108" />
							<Brush>
								<SolidBrush Color="#FF000000" />
							</Brush>
							<Tag>convertedFont</Tag>
						</Glyphs>
						<Glyphs OutlineWidth="0.5" CharSpace="0" RenderTransform="0.5968368 0 -0 0.5968368 326.9184 645.0324">
							<Font SizePoints="14" Style="Regular" FamilyName="CSMVMI+BlissPro" Capitals="Normal" ResourceId="2" />
							<Origin X="0" Y="0" />
							<Text>2</Text>
							<Size Width="7.154" Height="8.162108" />
							<Brush>
								<SolidBrush Color="#FF000000" />
							</Brush>
							<Tag>convertedFont</Tag>
						</Glyphs>
						<Glyphs OutlineWidth="0.5" CharSpace="0" RenderTransform="0.5968368 0 -0 0.5968368 331.2175 645.0324">
							<Font SizePoints="14" Style="Regular" FamilyName="CSMVMI+BlissPro" Capitals="Normal" ResourceId="2" />
							<Origin X="0" Y="0" />
							<Text>1</Text>
							<Size Width="5.852" Height="8.162108" />
							<Brush>
								<SolidBrush Color="#FF000000" />
							</Brush>
							<Tag>convertedFont</Tag>
						</Glyphs>
						<Glyphs OutlineWidth="0.5" CharSpace="0" RenderTransform="0.5968368 0 -0 0.5968368 334.73325 645.0324">
							<Font SizePoints="14" Style="Regular" FamilyName="CSMVMI+BlissPro" Capitals="Normal" ResourceId="2" />
							<Origin X="0" Y="0" />
							<Text>.</Text>
							<Size Width="3.276" Height="8.162108" />
							<Brush>
								<SolidBrush Color="#FF000000" />
							</Brush>
							<Tag>convertedFont</Tag>
						</Glyphs>
						<Glyphs OutlineWidth="0.5" CharSpace="0" RenderTransform="0.5968368 0 -0 0.5968368 336.70093 645.0324">
							<Font SizePoints="14" Style="Regular" FamilyName="CSMVMI+BlissPro" Capitals="Normal" ResourceId="2" />
							<Origin X="0" Y="0" />
							<Text>3</Text>
							<Size Width="7.448" Height="8.162108" />
							<Brush>
								<SolidBrush Color="#FF000000" />
							</Brush>
							<Tag>convertedFont</Tag>
						</Glyphs>
						<Glyphs OutlineWidth="0.5" CharSpace="0" RenderTransform="0.5968368 0 -0 0.5968368 381.8274 645.0324">
							<Font SizePoints="14" Style="Regular" FamilyName="CSMVMI+BlissPro" Capitals="Normal" ResourceId="2" />
							<Origin X="0" Y="0" />
							<Text>-</Text>
							<Size Width="4.984" Height="8.162108" />
							<Brush>
								<SolidBrush Color="#FF000000" />
							</Brush>
							<Tag>convertedFont</Tag>
						</Glyphs>
						<Glyphs OutlineWidth="0.5" CharSpace="0" RenderTransform="0.5968368 0 -0 0.5968368 455.83514 645.0324">
							<Font SizePoints="14" Style="Regular" FamilyName="CSMVMI+BlissPro" Capitals="Normal" ResourceId="2" />
							<Origin X="0" Y="0" />
							<Text>-</Text>
							<Size Width="4.984" Height="8.162108" />
							<Brush>
								<SolidBrush Color="#FF000000" />
							</Brush>
							<Tag>convertedFont</Tag>
						</Glyphs>
						<Glyphs OutlineWidth="0.5" CharSpace="0" RenderTransform="0.5968368 0 -0 0.5968368 492.83902 645.0324">
							<Font SizePoints="14" Style="Regular" FamilyName="CSMVMI+BlissPro" Capitals="Normal" ResourceId="2" />
							<Origin X="0" Y="0" />
							<Text>-</Text>
							<Size Width="4.984" Height="8.162108" />
							<Brush>
								<SolidBrush Color="#FF000000" />
							</Brush>
							<Tag>convertedFont</Tag>
						</Glyphs>
						<Glyphs OutlineWidth="0.5" CharSpace="0" RenderTransform="0.5968368 0 -0 0.5968368 57.148167 664.1312">
							<Font SizePoints="14" Style="Regular" FamilyName="CSMVMI+BlissPro" Capitals="Normal" ResourceId="2" />
							<Origin X="0" Y="0" />
							<Text>З</Text>
							<Size Width="7.14" Height="8.162108" />
							<Brush>
								<SolidBrush Color="#FF000000" />
							</Brush>
							<Tag>convertedFont</Tag>
						</Glyphs>
						<Glyphs OutlineWidth="0.5" CharSpace="0" RenderTransform="0.5968368 0 -0 0.5968368 61.43793 664.1312">
							<Font SizePoints="14" Style="Regular" FamilyName="CSMVMI+BlissPro" Capitals="Normal" ResourceId="2" />
							<Origin X="0" Y="0" />
							<Text>а</Text>
							<Size Width="6.608" Height="8.162108" />
							<Brush>
								<SolidBrush Color="#FF000000" />
							</Brush>
							<Tag>convertedFont</Tag>
						</Glyphs>
						<Glyphs OutlineWidth="0.5" CharSpace="0" RenderTransform="0.5968368 0 -0 0.5968368 65.41063 664.1312">
							<Font SizePoints="14" Style="Regular" FamilyName="CSMVMI+BlissPro" Capitals="Normal" ResourceId="2" />
							<Origin X="0" Y="0" />
							<Text>с</Text>
							<Size Width="6.076" Height="8.162108" />
							<Brush>
								<SolidBrush Color="#FF000000" />
							</Brush>
							<Tag>convertedFont</Tag>
						</Glyphs>
						<Glyphs OutlineWidth="0.5" CharSpace="0" RenderTransform="0.5968368 0 -0 0.5968368 69.05693 664.1312">
							<Font SizePoints="14" Style="Regular" FamilyName="CSMVMI+BlissPro" Capitals="Normal" ResourceId="2" />
							<Origin X="0" Y="0" />
							<Text>л</Text>
							<Size Width="7.042" Height="8.162108" />
							<Brush>
								<SolidBrush Color="#FF000000" />
							</Brush>
							<Tag>convertedFont</Tag>
						</Glyphs>
						<Glyphs OutlineWidth="0.5" CharSpace="0" RenderTransform="0.5968368 0 -0 0.5968368 73.29074 664.1312">
							<Font SizePoints="14" Style="Regular" FamilyName="CSMVMI+BlissPro" Capitals="Normal" ResourceId="2" />
							<Origin X="0" Y="0" />
							<Text>о</Text>
							<Size Width="7.364" Height="8.162108" />
							<Brush>
								<SolidBrush Color="#FF000000" />
							</Brush>
							<Tag>convertedFont</Tag>
						</Glyphs>
						<Glyphs OutlineWidth="0.5" CharSpace="0" RenderTransform="0.5968368 0 -0 0.5968368 77.71106 664.1312">
							<Font SizePoints="14" Style="Regular" FamilyName="CSMVMI+BlissPro" Capitals="Normal" ResourceId="2" />
							<Origin X="0" Y="0" />
							<Text>н</Text>
							<Size Width="7.266" Height="8.162108" />
							<Brush>
								<SolidBrush Color="#FF000000" />
							</Brush>
							<Tag>convertedFont</Tag>
						</Glyphs>
						<Glyphs OutlineWidth="0.5" CharSpace="0" RenderTransform="0.5968368 0 -0 0.5968368 82.075424 664.1312">
							<Font SizePoints="14" Style="Regular" FamilyName="CSMVMI+BlissPro" Capitals="Normal" ResourceId="2" />
							<Origin X="0" Y="0" />
							<Text>к</Text>
							<Size Width="6.496" Height="8.162108" />
							<Brush>
								<SolidBrush Color="#FF000000" />
							</Brush>
							<Tag>convertedFont</Tag>
						</Glyphs>
						<Glyphs OutlineWidth="0.5" CharSpace="0" RenderTransform="0.5968368 0 -0 0.5968368 85.98285 664.1312">
							<Font SizePoints="14" Style="Regular" FamilyName="CSMVMI+BlissPro" Capitals="Normal" ResourceId="2" />
							<Origin X="0" Y="0" />
							<Text>а</Text>
							<Size Width="6.608" Height="8.162108" />
							<Brush>
								<SolidBrush Color="#FF000000" />
							</Brush>
							<Tag>convertedFont</Tag>
						</Glyphs>
						<Glyphs OutlineWidth="0.5" CharSpace="0" RenderTransform="0.5968368 0 -0 0.5968368 89.955536 664.1312">
							<Font SizePoints="14" Style="Regular" FamilyName="CSMVMI+BlissPro" Capitals="Normal" ResourceId="2" />
							<Origin X="0" Y="0" />
							<Text> </Text>
							<Size Width="3.094" Height="8.162108" />
							<Brush>
								<SolidBrush Color="#FF000000" />
							</Brush>
							<Tag>convertedFont</Tag>
						</Glyphs>
						<Glyphs OutlineWidth="0.5" CharSpace="0" RenderTransform="0.5968368 0 -0 0.5968368 91.811325 664.1312">
							<Font SizePoints="14" Style="Regular" FamilyName="CSMVMI+BlissPro" Capitals="Normal" ResourceId="2" />
							<Origin X="0" Y="0" />
							<Text>т</Text>
							<Size Width="6.174" Height="8.162108" />
							<Brush>
								<SolidBrush Color="#FF000000" />
							</Brush>
							<Tag>convertedFont</Tag>
						</Glyphs>
						<Glyphs OutlineWidth="0.5" CharSpace="0" RenderTransform="0.5968368 0 -0 0.5968368 95.52291 664.1312">
							<Font SizePoints="14" Style="Regular" FamilyName="CSMVMI+BlissPro" Capitals="Normal" ResourceId="2" />
							<Origin X="0" Y="0" />
							<Text>о</Text>
							<Size Width="7.364" Height="8.162108" />
							<Brush>
								<SolidBrush Color="#FF000000" />
							</Brush>
							<Tag>convertedFont</Tag>
						</Glyphs>
						<Glyphs OutlineWidth="0.5" CharSpace="0" RenderTransform="0.5968368 0 -0 0.5968368 99.94323 664.1312">
							<Font SizePoints="14" Style="Regular" FamilyName="CSMVMI+BlissPro" Capitals="Normal" ResourceId="2" />
							<Origin X="0" Y="0" />
							<Text>р</Text>
							<Size Width="7.14" Height="8.162108" />
							<Brush>
								<SolidBrush Color="#FF000000" />
							</Brush>
							<Tag>convertedFont</Tag>
						</Glyphs>
						<Glyphs OutlineWidth="0.5" CharSpace="0" RenderTransform="0.5968368 0 -0 0.5968368 104.232994 664.1312">
							<Font SizePoints="14" Style="Regular" FamilyName="CSMVMI+BlissPro" Capitals="Normal" ResourceId="2" />
							<Origin X="0" Y="0" />
							<Text>ц</Text>
							<Size Width="7.518" Height="8.162108" />
							<Brush>
								<SolidBrush Color="#FF000000" />
							</Brush>
							<Tag>convertedFont</Tag>
						</Glyphs>
						<Glyphs OutlineWidth="0.5" CharSpace="0" RenderTransform="0.5968368 0 -0 0.5968368 108.746574 664.1312">
							<Font SizePoints="14" Style="Regular" FamilyName="CSMVMI+BlissPro" Capitals="Normal" ResourceId="2" />
							<Origin X="0" Y="0" />
							<Text>е</Text>
							<Size Width="6.636" Height="8.162108" />
							<Brush>
								<SolidBrush Color="#FF000000" />
							</Brush>
							<Tag>convertedFont</Tag>
						</Glyphs>
						<Glyphs OutlineWidth="0.5" CharSpace="0" RenderTransform="0.5968368 0 -0 0.5968368 112.73792 664.1312">
							<Font SizePoints="14" Style="Regular" FamilyName="CSMVMI+BlissPro" Capitals="Normal" ResourceId="2" />
							<Origin X="0" Y="0" />
							<Text>в</Text>
							<Size Width="6.538" Height="8.162108" />
							<Brush>
								<SolidBrush Color="#FF000000" />
							</Brush>
							<Tag>convertedFont</Tag>
						</Glyphs>
						<Glyphs OutlineWidth="0.5" CharSpace="0" RenderTransform="0.5968368 0 -0 0.5968368 116.67331 664.1312">
							<Font SizePoints="14" Style="Regular" FamilyName="CSMVMI+BlissPro" Capitals="Normal" ResourceId="2" />
							<Origin X="0" Y="0" />
							<Text>а</Text>
							<Size Width="6.608" Height="8.162108" />
							<Brush>
								<SolidBrush Color="#FF000000" />
							</Brush>
							<Tag>convertedFont</Tag>
						</Glyphs>
						<Glyphs OutlineWidth="0.5" CharSpace="0" RenderTransform="0.5968368 0 -0 0.5968368 120.646 664.1312">
							<Font SizePoints="14" Style="Regular" FamilyName="CSMVMI+BlissPro" Capitals="Normal" ResourceId="2" />
							<Origin X="0" Y="0" />
							<Text>я</Text>
							<Size Width="6.678" Height="8.162108" />
							<Brush>
								<SolidBrush Color="#FF000000" />
							</Brush>
							<Tag>convertedFont</Tag>
						</Glyphs>
						<Glyphs OutlineWidth="0.5" CharSpace="0" RenderTransform="0.5968368 0 -0 0.5968368 213.51941 664.1312">
							<Font SizePoints="14" Style="Regular" FamilyName="CSMVMI+BlissPro" Capitals="Normal" ResourceId="2" />
							<Origin X="0" Y="0" />
							<Text>1</Text>
							<Size Width="5.852" Height="8.162108" />
							<Brush>
								<SolidBrush Color="#FF000000" />
							</Brush>
							<Tag>convertedFont</Tag>
						</Glyphs>
						<Glyphs OutlineWidth="0.5" CharSpace="0" RenderTransform="0.5968368 0 -0 0.5968368 217.03516 664.1312">
							<Font SizePoints="14" Style="Regular" FamilyName="CSMVMI+BlissPro" Capitals="Normal" ResourceId="2" />
							<Origin X="0" Y="0" />
							<Text>7</Text>
							<Size Width="6.636" Height="8.162108" />
							<Brush>
								<SolidBrush Color="#FF000000" />
							</Brush>
							<Tag>convertedFont</Tag>
						</Glyphs>
						<Glyphs OutlineWidth="0.5" CharSpace="0" RenderTransform="0.5968368 0 -0 0.5968368 221.0265 664.1312">
							<Font SizePoints="14" Style="Regular" FamilyName="CSMVMI+BlissPro" Capitals="Normal" ResourceId="2" />
							<Origin X="0" Y="0" />
							<Text>8</Text>
							<Size Width="7.742" Height="8.162108" />
							<Brush>
								<SolidBrush Color="#FF000000" />
							</Brush>
							<Tag>convertedFont</Tag>
						</Glyphs>
						<Glyphs OutlineWidth="0.5" CharSpace="0" RenderTransform="0.5968368 0 -0 0.5968368 225.67996 664.1312">
							<Font SizePoints="14" Style="Regular" FamilyName="CSMVMI+BlissPro" Capitals="Normal" ResourceId="2" />
							<Origin X="0" Y="0" />
							<Text>x</Text>
							<Size Width="6.384" Height="8.162108" />
							<Brush>
								<SolidBrush Color="#FF000000" />
							</Brush>
							<Tag>convertedFont</Tag>
						</Glyphs>
						<Glyphs OutlineWidth="0.5" CharSpace="0" RenderTransform="0.5968368 0 -0 0.5968368 229.5221 664.1312">
							<Font SizePoints="14" Style="Regular" FamilyName="CSMVMI+BlissPro" Capitals="Normal" ResourceId="2" />
							<Origin X="0" Y="0" />
							<Text>5</Text>
							<Size Width="7.126" Height="8.162108" />
							<Brush>
								<SolidBrush Color="#FF000000" />
							</Brush>
							<Tag>convertedFont</Tag>
						</Glyphs>
						<Glyphs OutlineWidth="0.5" CharSpace="0" RenderTransform="0.5968368 0 -0 0.5968368 233.80254 664.1312">
							<Font SizePoints="14" Style="Regular" FamilyName="CSMVMI+BlissPro" Capitals="Normal" ResourceId="2" />
							<Origin X="0" Y="0" />
							<Text>4</Text>
							<Size Width="7.784" Height="8.162108" />
							<Brush>
								<SolidBrush Color="#FF000000" />
							</Brush>
							<Tag>convertedFont</Tag>
						</Glyphs>
						<Glyphs OutlineWidth="0.5" CharSpace="0" RenderTransform="0.5968368 0 -0 0.5968368 238.47466 664.1312">
							<Font SizePoints="14" Style="Regular" FamilyName="CSMVMI+BlissPro" Capitals="Normal" ResourceId="2" />
							<Origin X="0" Y="0" />
							<Text>0</Text>
							<Size Width="7.756" Height="8.162108" />
							<Brush>
								<SolidBrush Color="#FF000000" />
							</Brush>
							<Tag>convertedFont</Tag>
						</Glyphs>
						<Glyphs OutlineWidth="0.5" CharSpace="0" RenderTransform="0.5968368 0 -0 0.5968368 243.12811 664.1312">
							<Font SizePoints="14" Style="Regular" FamilyName="CSMVMI+BlissPro" Capitals="Normal" ResourceId="2" />
							<Origin X="0" Y="0" />
							<Text>x</Text>
							<Size Width="6.384" Height="8.162108" />
							<Brush>
								<SolidBrush Color="#FF000000" />
							</Brush>
							<Tag>convertedFont</Tag>
						</Glyphs>
						<Glyphs OutlineWidth="0.5" CharSpace="0" RenderTransform="0.5968368 0 -0 0.5968368 246.97025 664.1312">
							<Font SizePoints="14" Style="Regular" FamilyName="CSMVMI+BlissPro" Capitals="Normal" ResourceId="2" />
							<Origin X="0" Y="0" />
							<Text>2</Text>
							<Size Width="7.154" Height="8.162108" />
							<Brush>
								<SolidBrush Color="#FF000000" />
							</Brush>
							<Tag>convertedFont</Tag>
						</Glyphs>
						<Glyphs OutlineWidth="0.5" CharSpace="0" RenderTransform="0.5968368 0 -0 0.5968368 251.26933 664.1312">
							<Font SizePoints="14" Style="Regular" FamilyName="CSMVMI+BlissPro" Capitals="Normal" ResourceId="2" />
							<Origin X="0" Y="0" />
							<Text>9</Text>
							<Size Width="7.476" Height="8.162108" />
							<Brush>
								<SolidBrush Color="#FF000000" />
							</Brush>
							<Tag>convertedFont</Tag>
						</Glyphs>
						<Glyphs OutlineWidth="0.5" CharSpace="0" RenderTransform="0.5968368 0 -0 0.5968368 255.76427 664.1312">
							<Font SizePoints="14" Style="Regular" FamilyName="CSMVMI+BlissPro" Capitals="Normal" ResourceId="2" />
							<Origin X="0" Y="0" />
							<Text>0</Text>
							<Size Width="7.756" Height="8.162108" />
							<Brush>
								<SolidBrush Color="#FF000000" />
							</Brush>
							<Tag>convertedFont</Tag>
						</Glyphs>
						<Glyphs OutlineWidth="0.5" CharSpace="0" RenderTransform="0.5968368 0 -0 0.5968368 291.1082 664.1312">
							<Font SizePoints="14" Style="Regular" FamilyName="CSMVMI+BlissPro" Capitals="Normal" ResourceId="2" />
							<Origin X="0" Y="0" />
							<Text>6</Text>
							<Size Width="7.56" Height="8.162108" />
							<Brush>
								<SolidBrush Color="#FF000000" />
							</Brush>
							<Tag>convertedFont</Tag>
						</Glyphs>
						<Glyphs OutlineWidth="0.5" CharSpace="0" RenderTransform="0.5968368 0 -0 0.5968368 295.64975 664.1312">
							<Font SizePoints="14" Style="Regular" FamilyName="CSMVMI+BlissPro" Capitals="Normal" ResourceId="2" />
							<Origin X="0" Y="0" />
							<Text>.</Text>
							<Size Width="3.276" Height="8.162108" />
							<Brush>
								<SolidBrush Color="#FF000000" />
							</Brush>
							<Tag>convertedFont</Tag>
						</Glyphs>
						<Glyphs OutlineWidth="0.5" CharSpace="0" RenderTransform="0.5968368 0 -0 0.5968368 297.61743 664.1312">
							<Font SizePoints="14" Style="Regular" FamilyName="CSMVMI+BlissPro" Capitals="Normal" ResourceId="2" />
							<Origin X="0" Y="0" />
							<Text>6</Text>
							<Size Width="7.56" Height="8.162108" />
							<Brush>
								<SolidBrush Color="#FF000000" />
							</Brush>
							<Tag>convertedFont</Tag>
						</Glyphs>
						<Glyphs OutlineWidth="0.5" CharSpace="0" RenderTransform="0.5968368 0 -0 0.5968368 326.9184 664.1312">
							<Font SizePoints="14" Style="Regular" FamilyName="CSMVMI+BlissPro" Capitals="Normal" ResourceId="2" />
							<Origin X="0" Y="0" />
							<Text>0</Text>
							<Size Width="7.756" Height="8.162108" />
							<Brush>
								<SolidBrush Color="#FF000000" />
							</Brush>
							<Tag>convertedFont</Tag>
						</Glyphs>
						<Glyphs OutlineWidth="0.5" CharSpace="0" RenderTransform="0.5968368 0 -0 0.5968368 331.57187 664.1312">
							<Font SizePoints="14" Style="Regular" FamilyName="CSMVMI+BlissPro" Capitals="Normal" ResourceId="2" />
							<Origin X="0" Y="0" />
							<Text>.</Text>
							<Size Width="3.276" Height="8.162108" />
							<Brush>
								<SolidBrush Color="#FF000000" />
							</Brush>
							<Tag>convertedFont</Tag>
						</Glyphs>
						<Glyphs OutlineWidth="0.5" CharSpace="0" RenderTransform="0.5968368 0 -0 0.5968368 333.53955 664.1312">
							<Font SizePoints="14" Style="Regular" FamilyName="CSMVMI+BlissPro" Capitals="Normal" ResourceId="2" />
							<Origin X="0" Y="0" />
							<Text>8</Text>
							<Size Width="7.742" Height="8.162108" />
							<Brush>
								<SolidBrush Color="#FF000000" />
							</Brush>
							<Tag>convertedFont</Tag>
						</Glyphs>
						<Glyphs OutlineWidth="0.5" CharSpace="0" RenderTransform="0.5968368 0 -0 0.5968368 381.8274 664.1312">
							<Font SizePoints="14" Style="Regular" FamilyName="CSMVMI+BlissPro" Capitals="Normal" ResourceId="2" />
							<Origin X="0" Y="0" />
							<Text>1</Text>
							<Size Width="5.852" Height="8.162108" />
							<Brush>
								<SolidBrush Color="#FF000000" />
							</Brush>
							<Tag>convertedFont</Tag>
						</Glyphs>
						<Glyphs OutlineWidth="0.5" CharSpace="0" RenderTransform="0.5968368 0 -0 0.5968368 385.34314 664.1312">
							<Font SizePoints="14" Style="Regular" FamilyName="CSMVMI+BlissPro" Capitals="Normal" ResourceId="2" />
							<Origin X="0" Y="0" />
							<Text>7</Text>
							<Size Width="6.636" Height="8.162108" />
							<Brush>
								<SolidBrush Color="#FF000000" />
							</Brush>
							<Tag>convertedFont</Tag>
						</Glyphs>
						<Glyphs OutlineWidth="0.5" CharSpace="0" RenderTransform="0.5968368 0 -0 0.5968368 389.33447 664.1312">
							<Font SizePoints="14" Style="Regular" FamilyName="CSMVMI+BlissPro" Capitals="Normal" ResourceId="2" />
							<Origin X="0" Y="0" />
							<Text>8</Text>
							<Size Width="7.742" Height="8.162108" />
							<Brush>
								<SolidBrush Color="#FF000000" />
							</Brush>
							<Tag>convertedFont</Tag>
						</Glyphs>
						<Glyphs OutlineWidth="0.5" CharSpace="0" RenderTransform="0.5968368 0 -0 0.5968368 393.98795 664.1312">
							<Font SizePoints="14" Style="Regular" FamilyName="CSMVMI+BlissPro" Capitals="Normal" ResourceId="2" />
							<Origin X="0" Y="0" />
							<Text>x</Text>
							<Size Width="6.384" Height="8.162108" />
							<Brush>
								<SolidBrush Color="#FF000000" />
							</Brush>
							<Tag>convertedFont</Tag>
						</Glyphs>
						<Glyphs OutlineWidth="0.5" CharSpace="0" RenderTransform="0.5968368 0 -0 0.5968368 397.83008 664.1312">
							<Font SizePoints="14" Style="Regular" FamilyName="CSMVMI+BlissPro" Capitals="Normal" ResourceId="2" />
							<Origin X="0" Y="0" />
							<Text>5</Text>
							<Size Width="7.126" Height="8.162108" />
							<Brush>
								<SolidBrush Color="#FF000000" />
							</Brush>
							<Tag>convertedFont</Tag>
						</Glyphs>
						<Glyphs OutlineWidth="0.5" CharSpace="0" RenderTransform="0.5968368 0 -0 0.5968368 402.1105 664.1312">
							<Font SizePoints="14" Style="Regular" FamilyName="CSMVMI+BlissPro" Capitals="Normal" ResourceId="2" />
							<Origin X="0" Y="0" />
							<Text>4</Text>
							<Size Width="7.784" Height="8.162108" />
							<Brush>
								<SolidBrush Color="#FF000000" />
							</Brush>
							<Tag>convertedFont</Tag>
						</Glyphs>
						<Glyphs OutlineWidth="0.5" CharSpace="0" RenderTransform="0.5968368 0 -0 0.5968368 406.78262 664.1312">
							<Font SizePoints="14" Style="Regular" FamilyName="CSMVMI+BlissPro" Capitals="Normal" ResourceId="2" />
							<Origin X="0" Y="0" />
							<Text>0</Text>
							<Size Width="7.756" Height="8.162108" />
							<Brush>
								<SolidBrush Color="#FF000000" />
							</Brush>
							<Tag>convertedFont</Tag>
						</Glyphs>
						<Glyphs OutlineWidth="0.5" CharSpace="0" RenderTransform="0.5968368 0 -0 0.5968368 411.4361 664.1312">
							<Font SizePoints="14" Style="Regular" FamilyName="CSMVMI+BlissPro" Capitals="Normal" ResourceId="2" />
							<Origin X="0" Y="0" />
							<Text>x</Text>
							<Size Width="6.384" Height="8.162108" />
							<Brush>
								<SolidBrush Color="#FF000000" />
							</Brush>
							<Tag>convertedFont</Tag>
						</Glyphs>
						<Glyphs OutlineWidth="0.5" CharSpace="0" RenderTransform="0.5968368 0 -0 0.5968368 415.27823 664.1312">
							<Font SizePoints="14" Style="Regular" FamilyName="CSMVMI+BlissPro" Capitals="Normal" ResourceId="2" />
							<Origin X="0" Y="0" />
							<Text>2</Text>
							<Size Width="7.154" Height="8.162108" />
							<Brush>
								<SolidBrush Color="#FF000000" />
							</Brush>
							<Tag>convertedFont</Tag>
						</Glyphs>
						<Glyphs OutlineWidth="0.5" CharSpace="0" RenderTransform="0.5968368 0 -0 0.5968368 419.57733 664.1312">
							<Font SizePoints="14" Style="Regular" FamilyName="CSMVMI+BlissPro" Capitals="Normal" ResourceId="2" />
							<Origin X="0" Y="0" />
							<Text>9</Text>
							<Size Width="7.476" Height="8.162108" />
							<Brush>
								<SolidBrush Color="#FF000000" />
							</Brush>
							<Tag>convertedFont</Tag>
						</Glyphs>
						<Glyphs OutlineWidth="0.5" CharSpace="0" RenderTransform="0.5968368 0 -0 0.5968368 424.07224 664.1312">
							<Font SizePoints="14" Style="Regular" FamilyName="CSMVMI+BlissPro" Capitals="Normal" ResourceId="2" />
							<Origin X="0" Y="0" />
							<Text>0</Text>
							<Size Width="7.756" Height="8.162108" />
							<Brush>
								<SolidBrush Color="#FF000000" />
							</Brush>
							<Tag>convertedFont</Tag>
						</Glyphs>
						<Glyphs OutlineWidth="0.5" CharSpace="0" RenderTransform="0.5968368 0 -0 0.5968368 459.41617 664.1312">
							<Font SizePoints="14" Style="Regular" FamilyName="CSMVMI+BlissPro" Capitals="Normal" ResourceId="2" />
							<Origin X="0" Y="0" />
							<Text>6</Text>
							<Size Width="7.56" Height="8.162108" />
							<Brush>
								<SolidBrush Color="#FF000000" />
							</Brush>
							<Tag>convertedFont</Tag>
						</Glyphs>
						<Glyphs OutlineWidth="0.5" CharSpace="0" RenderTransform="0.5968368 0 -0 0.5968368 463.95773 664.1312">
							<Font SizePoints="14" Style="Regular" FamilyName="CSMVMI+BlissPro" Capitals="Normal" ResourceId="2" />
							<Origin X="0" Y="0" />
							<Text>.</Text>
							<Size Width="3.276" Height="8.162108" />
							<Brush>
								<SolidBrush Color="#FF000000" />
							</Brush>
							<Tag>convertedFont</Tag>
						</Glyphs>
						<Glyphs OutlineWidth="0.5" CharSpace="0" RenderTransform="0.5968368 0 -0 0.5968368 465.9254 664.1312">
							<Font SizePoints="14" Style="Regular" FamilyName="CSMVMI+BlissPro" Capitals="Normal" ResourceId="2" />
							<Origin X="0" Y="0" />
							<Text>6</Text>
							<Size Width="7.56" Height="8.162108" />
							<Brush>
								<SolidBrush Color="#FF000000" />
							</Brush>
							<Tag>convertedFont</Tag>
						</Glyphs>
						<Glyphs OutlineWidth="0.5" CharSpace="0" RenderTransform="0.5968368 0 -0 0.5968368 495.22638 664.1312">
							<Font SizePoints="14" Style="Regular" FamilyName="CSMVMI+BlissPro" Capitals="Normal" ResourceId="2" />
							<Origin X="0" Y="0" />
							<Text>0</Text>
							<Size Width="7.756" Height="8.162108" />
							<Brush>
								<SolidBrush Color="#FF000000" />
							</Brush>
							<Tag>convertedFont</Tag>
						</Glyphs>
						<Glyphs OutlineWidth="0.5" CharSpace="0" RenderTransform="0.5968368 0 -0 0.5968368 499.87985 664.1312">
							<Font SizePoints="14" Style="Regular" FamilyName="CSMVMI+BlissPro" Capitals="Normal" ResourceId="2" />
							<Origin X="0" Y="0" />
							<Text>.</Text>
							<Size Width="3.276" Height="8.162108" />
							<Brush>
								<SolidBrush Color="#FF000000" />
							</Brush>
							<Tag>convertedFont</Tag>
						</Glyphs>
						<Glyphs OutlineWidth="0.5" CharSpace="0" RenderTransform="0.5968368 0 -0 0.5968368 501.84753 664.1312">
							<Font SizePoints="14" Style="Regular" FamilyName="CSMVMI+BlissPro" Capitals="Normal" ResourceId="2" />
							<Origin X="0" Y="0" />
							<Text>8</Text>
							<Size Width="7.742" Height="8.162108" />
							<Brush>
								<SolidBrush Color="#FF000000" />
							</Brush>
							<Tag>convertedFont</Tag>
						</Glyphs>
						<Glyphs OutlineWidth="0.5" CharSpace="0" RenderTransform="0.5968368 0 -0 0.5968368 57.148167 680.2458">
							<Font SizePoints="14" Style="Regular" FamilyName="CSMVMI+BlissPro" Capitals="Normal" ResourceId="2" />
							<Origin X="0" Y="0" />
							<Text>К</Text>
							<Size Width="8.176" Height="8.162108" />
							<Brush>
								<SolidBrush Color="#FF000000" />
							</Brush>
							<Tag>convertedFont</Tag>
						</Glyphs>
						<Glyphs OutlineWidth="0.5" CharSpace="0" RenderTransform="0.5968368 0 -0 0.5968368 62.062744 680.2458">
							<Font SizePoints="14" Style="Regular" FamilyName="CSMVMI+BlissPro" Capitals="Normal" ResourceId="2" />
							<Origin X="0" Y="0" />
							<Text>а</Text>
							<Size Width="6.608" Height="8.162108" />
							<Brush>
								<SolidBrush Color="#FF000000" />
							</Brush>
							<Tag>convertedFont</Tag>
						</Glyphs>
						<Glyphs OutlineWidth="0.5" CharSpace="0" RenderTransform="0.5968368 0 -0 0.5968368 66.03544 680.2458">
							<Font SizePoints="14" Style="Regular" FamilyName="CSMVMI+BlissPro" Capitals="Normal" ResourceId="2" />
							<Origin X="0" Y="0" />
							<Text>р</Text>
							<Size Width="7.14" Height="8.162108" />
							<Brush>
								<SolidBrush Color="#FF000000" />
							</Brush>
							<Tag>convertedFont</Tag>
						</Glyphs>
						<Glyphs OutlineWidth="0.5" CharSpace="0" RenderTransform="0.5968368 0 -0 0.5968368 70.3252 680.2458">
							<Font SizePoints="14" Style="Regular" FamilyName="CSMVMI+BlissPro" Capitals="Normal" ResourceId="2" />
							<Origin X="0" Y="0" />
							<Text>м</Text>
							<Size Width="8.372" Height="8.162108" />
							<Brush>
								<SolidBrush Color="#FF000000" />
							</Brush>
							<Tag>convertedFont</Tag>
						</Glyphs>
						<Glyphs OutlineWidth="0.5" CharSpace="0" RenderTransform="0.5968368 0 -0 0.5968368 75.361015 680.2458">
							<Font SizePoints="14" Style="Regular" FamilyName="CSMVMI+BlissPro" Capitals="Normal" ResourceId="2" />
							<Origin X="0" Y="0" />
							<Text>а</Text>
							<Size Width="6.608" Height="8.162108" />
							<Brush>
								<SolidBrush Color="#FF000000" />
							</Brush>
							<Tag>convertedFont</Tag>
						</Glyphs>
						<Glyphs OutlineWidth="0.5" CharSpace="0" RenderTransform="0.5968368 0 -0 0.5968368 79.33371 680.2458">
							<Font SizePoints="14" Style="Regular" FamilyName="CSMVMI+BlissPro" Capitals="Normal" ResourceId="2" />
							<Origin X="0" Y="0" />
							<Text>н</Text>
							<Size Width="7.266" Height="8.162108" />
							<Brush>
								<SolidBrush Color="#FF000000" />
							</Brush>
							<Tag>convertedFont</Tag>
						</Glyphs>
						<Glyphs OutlineWidth="0.5" CharSpace="0" RenderTransform="0.5968368 0 -0 0.5968368 83.698074 680.2458">
							<Font SizePoints="14" Style="Regular" FamilyName="CSMVMI+BlissPro" Capitals="Normal" ResourceId="2" />
							<Origin X="0" Y="0" />
							<Text>н</Text>
							<Size Width="7.266" Height="8.162108" />
							<Brush>
								<SolidBrush Color="#FF000000" />
							</Brush>
							<Tag>convertedFont</Tag>
						</Glyphs>
						<Glyphs OutlineWidth="0.5" CharSpace="0" RenderTransform="0.5968368 0 -0 0.5968368 88.06245 680.2458">
							<Font SizePoints="14" Style="Regular" FamilyName="CSMVMI+BlissPro" Capitals="Normal" ResourceId="2" />
							<Origin X="0" Y="0" />
							<Text>ы</Text>
							<Size Width="8.722" Height="8.162108" />
							<Brush>
								<SolidBrush Color="#FF000000" />
							</Brush>
							<Tag>convertedFont</Tag>
						</Glyphs>
						<Glyphs OutlineWidth="0.5" CharSpace="0" RenderTransform="0.5968368 0 -0 0.5968368 93.30342 680.2458">
							<Font SizePoints="14" Style="Regular" FamilyName="CSMVMI+BlissPro" Capitals="Normal" ResourceId="2" />
							<Origin X="0" Y="0" />
							<Text>й</Text>
							<Size Width="7.518" Height="8.162108" />
							<Brush>
								<SolidBrush Color="#FF000000" />
							</Brush>
							<Tag>convertedFont</Tag>
						</Glyphs>
						<Glyphs OutlineWidth="0.5" CharSpace="0" RenderTransform="0.5968368 0 -0 0.5968368 97.817 680.2458">
							<Font SizePoints="14" Style="Regular" FamilyName="CSMVMI+BlissPro" Capitals="Normal" ResourceId="2" />
							<Origin X="0" Y="0" />
							<Text> </Text>
							<Size Width="3.094" Height="8.162108" />
							<Brush>
								<SolidBrush Color="#FF000000" />
							</Brush>
							<Tag>convertedFont</Tag>
						</Glyphs>
						<Glyphs OutlineWidth="0.5" CharSpace="0" RenderTransform="0.5968368 0 -0 0.5968368 99.67279 680.2458">
							<Font SizePoints="14" Style="Regular" FamilyName="CSMVMI+BlissPro" Capitals="Normal" ResourceId="2" />
							<Origin X="0" Y="0" />
							<Text>ф</Text>
							<Size Width="9.044" Height="8.162108" />
							<Brush>
								<SolidBrush Color="#FF000000" />
							</Brush>
							<Tag>convertedFont</Tag>
						</Glyphs>
						<Glyphs OutlineWidth="0.5" CharSpace="0" RenderTransform="0.5968368 0 -0 0.5968368 105.1096 680.2458">
							<Font SizePoints="14" Style="Regular" FamilyName="CSMVMI+BlissPro" Capitals="Normal" ResourceId="2" />
							<Origin X="0" Y="0" />
							<Text>и</Text>
							<Size Width="7.518" Height="8.162108" />
							<Brush>
								<SolidBrush Color="#FF000000" />
							</Brush>
							<Tag>convertedFont</Tag>
						</Glyphs>
						<Glyphs OutlineWidth="0.5" CharSpace="0" RenderTransform="0.5968368 0 -0 0.5968368 109.62318 680.2458">
							<Font SizePoints="14" Style="Regular" FamilyName="CSMVMI+BlissPro" Capitals="Normal" ResourceId="2" />
							<Origin X="0" Y="0" />
							<Text>л</Text>
							<Size Width="7.042" Height="8.162108" />
							<Brush>
								<SolidBrush Color="#FF000000" />
							</Brush>
							<Tag>convertedFont</Tag>
						</Glyphs>
						<Glyphs OutlineWidth="0.5" CharSpace="0" RenderTransform="0.5968368 0 -0 0.5968368 113.85699 680.2458">
							<Font SizePoints="14" Style="Regular" FamilyName="CSMVMI+BlissPro" Capitals="Normal" ResourceId="2" />
							<Origin X="0" Y="0" />
							<Text>ь</Text>
							<Size Width="6.454" Height="8.162108" />
							<Brush>
								<SolidBrush Color="#FF000000" />
							</Brush>
							<Tag>convertedFont</Tag>
						</Glyphs>
						<Glyphs OutlineWidth="0.5" CharSpace="0" RenderTransform="0.5968368 0 -0 0.5968368 117.73643 680.2458">
							<Font SizePoints="14" Style="Regular" FamilyName="CSMVMI+BlissPro" Capitals="Normal" ResourceId="2" />
							<Origin X="0" Y="0" />
							<Text>т</Text>
							<Size Width="6.174" Height="8.162108" />
							<Brush>
								<SolidBrush Color="#FF000000" />
							</Brush>
							<Tag>convertedFont</Tag>
						</Glyphs>
						<Glyphs OutlineWidth="0.5" CharSpace="0" RenderTransform="0.5968368 0 -0 0.5968368 121.448006 680.2458">
							<Font SizePoints="14" Style="Regular" FamilyName="CSMVMI+BlissPro" Capitals="Normal" ResourceId="2" />
							<Origin X="0" Y="0" />
							<Text>р</Text>
							<Size Width="7.14" Height="8.162108" />
							<Brush>
								<SolidBrush Color="#FF000000" />
							</Brush>
							<Tag>convertedFont</Tag>
						</Glyphs>
						<Glyphs OutlineWidth="0.5" CharSpace="0" RenderTransform="0.5968368 0 -0 0.5968368 125.73777 680.2458">
							<Font SizePoints="14" Style="Regular" FamilyName="CSMVMI+BlissPro" Capitals="Normal" ResourceId="2" />
							<Origin X="0" Y="0" />
							<Text> </Text>
							<Size Width="3.094" Height="8.162108" />
							<Brush>
								<SolidBrush Color="#FF000000" />
							</Brush>
							<Tag>convertedFont</Tag>
						</Glyphs>
						<Glyphs OutlineWidth="0.5" CharSpace="0" RenderTransform="0.5968368 0 -0 0.5968368 127.59356 680.2458">
							<Font SizePoints="14" Style="Regular" FamilyName="CSMVMI+BlissPro" Capitals="Normal" ResourceId="2" />
							<Origin X="0" Y="0" />
							<Text>(</Text>
							<Size Width="4.508" Height="8.162108" />
							<Brush>
								<SolidBrush Color="#FF000000" />
							</Brush>
							<Tag>convertedFont</Tag>
						</Glyphs>
						<Glyphs OutlineWidth="0.5" CharSpace="0" RenderTransform="0.5968368 0 -0 0.5968368 130.29797 680.2458">
							<Font SizePoints="14" Style="Regular" FamilyName="CSMVMI+BlissPro" Capitals="Normal" ResourceId="2" />
							<Origin X="0" Y="0" />
							<Text>к</Text>
							<Size Width="6.496" Height="8.162108" />
							<Brush>
								<SolidBrush Color="#FF000000" />
							</Brush>
							<Tag>convertedFont</Tag>
						</Glyphs>
						<Glyphs OutlineWidth="0.5" CharSpace="0" RenderTransform="0.5968368 0 -0 0.5968368 134.20538 680.2458">
							<Font SizePoints="14" Style="Regular" FamilyName="CSMVMI+BlissPro" Capitals="Normal" ResourceId="2" />
							<Origin X="0" Y="0" />
							<Text>о</Text>
							<Size Width="7.364" Height="8.162108" />
							<Brush>
								<SolidBrush Color="#FF000000" />
							</Brush>
							<Tag>convertedFont</Tag>
						</Glyphs>
						<Glyphs OutlineWidth="0.5" CharSpace="0" RenderTransform="0.5968368 0 -0 0.5968368 138.62572 680.2458">
							<Font SizePoints="14" Style="Regular" FamilyName="CSMVMI+BlissPro" Capitals="Normal" ResourceId="2" />
							<Origin X="0" Y="0" />
							<Text>р</Text>
							<Size Width="7.14" Height="8.162108" />
							<Brush>
								<SolidBrush Color="#FF000000" />
							</Brush>
							<Tag>convertedFont</Tag>
						</Glyphs>
						<Glyphs OutlineWidth="0.5" CharSpace="0" RenderTransform="0.5968368 0 -0 0.5968368 142.91548 680.2458">
							<Font SizePoints="14" Style="Regular" FamilyName="CSMVMI+BlissPro" Capitals="Normal" ResourceId="2" />
							<Origin X="0" Y="0" />
							<Text>п</Text>
							<Size Width="7.182" Height="8.162108" />
							<Brush>
								<SolidBrush Color="#FF000000" />
							</Brush>
							<Tag>convertedFont</Tag>
						</Glyphs>
						<Glyphs OutlineWidth="0.5" CharSpace="0" RenderTransform="0.5968368 0 -0 0.5968368 147.23322 680.2458">
							<Font SizePoints="14" Style="Regular" FamilyName="CSMVMI+BlissPro" Capitals="Normal" ResourceId="2" />
							<Origin X="0" Y="0" />
							<Text>у</Text>
							<Size Width="6.776" Height="8.162108" />
							<Brush>
								<SolidBrush Color="#FF000000" />
							</Brush>
							<Tag>convertedFont</Tag>
						</Glyphs>
						<Glyphs OutlineWidth="0.5" CharSpace="0" RenderTransform="0.5968368 0 -0 0.5968368 151.3085 680.2458">
							<Font SizePoints="14" Style="Regular" FamilyName="CSMVMI+BlissPro" Capitals="Normal" ResourceId="2" />
							<Origin X="0" Y="0" />
							<Text>с</Text>
							<Size Width="6.076" Height="8.162108" />
							<Brush>
								<SolidBrush Color="#FF000000" />
							</Brush>
							<Tag>convertedFont</Tag>
						</Glyphs>
						<Glyphs OutlineWidth="0.5" CharSpace="0" RenderTransform="0.5968368 0 -0 0.5968368 154.9548 680.2458">
							<Font SizePoints="14" Style="Regular" FamilyName="CSMVMI+BlissPro" Capitals="Normal" ResourceId="2" />
							<Origin X="0" Y="0" />
							<Text>)</Text>
							<Size Width="4.508" Height="8.162108" />
							<Brush>
								<SolidBrush Color="#FF000000" />
							</Brush>
							<Tag>convertedFont</Tag>
						</Glyphs>
						<Glyphs OutlineWidth="0.5" CharSpace="0" RenderTransform="0.5968368 0 -0 0.5968368 213.51941 680.2458">
							<Font SizePoints="14" Style="Regular" FamilyName="CSMVMI+BlissPro" Capitals="Normal" ResourceId="2" />
							<Origin X="0" Y="0" />
							<Text>6</Text>
							<Size Width="7.56" Height="8.162108" />
							<Brush>
								<SolidBrush Color="#FF000000" />
							</Brush>
							<Tag>convertedFont</Tag>
						</Glyphs>
						<Glyphs OutlineWidth="0.5" CharSpace="0" RenderTransform="0.5968368 0 -0 0.5968368 218.06096 680.2458">
							<Font SizePoints="14" Style="Regular" FamilyName="CSMVMI+BlissPro" Capitals="Normal" ResourceId="2" />
							<Origin X="0" Y="0" />
							<Text>4</Text>
							<Size Width="7.784" Height="8.162108" />
							<Brush>
								<SolidBrush Color="#FF000000" />
							</Brush>
							<Tag>convertedFont</Tag>
						</Glyphs>
						<Glyphs OutlineWidth="0.5" CharSpace="0" RenderTransform="0.5968368 0 -0 0.5968368 222.73308 680.2458">
							<Font SizePoints="14" Style="Regular" FamilyName="CSMVMI+BlissPro" Capitals="Normal" ResourceId="2" />
							<Origin X="0" Y="0" />
							<Text>0</Text>
							<Size Width="7.756" Height="8.162108" />
							<Brush>
								<SolidBrush Color="#FF000000" />
							</Brush>
							<Tag>convertedFont</Tag>
						</Glyphs>
						<Glyphs OutlineWidth="0.5" CharSpace="0" RenderTransform="0.5968368 0 -0 0.5968368 227.38654 680.2458">
							<Font SizePoints="14" Style="Regular" FamilyName="CSMVMI+BlissPro" Capitals="Normal" ResourceId="2" />
							<Origin X="0" Y="0" />
							<Text>x</Text>
							<Size Width="6.384" Height="8.162108" />
							<Brush>
								<SolidBrush Color="#FF000000" />
							</Brush>
							<Tag>convertedFont</Tag>
						</Glyphs>
						<Glyphs OutlineWidth="0.5" CharSpace="0" RenderTransform="0.5968368 0 -0 0.5968368 231.22868 680.2458">
							<Font SizePoints="14" Style="Regular" FamilyName="CSMVMI+BlissPro" Capitals="Normal" ResourceId="2" />
							<Origin X="0" Y="0" />
							<Text>5</Text>
							<Size Width="7.126" Height="8.162108" />
							<Brush>
								<SolidBrush Color="#FF000000" />
							</Brush>
							<Tag>convertedFont</Tag>
						</Glyphs>
						<Glyphs OutlineWidth="0.5" CharSpace="0" RenderTransform="0.5968368 0 -0 0.5968368 235.50911 680.2458">
							<Font SizePoints="14" Style="Regular" FamilyName="CSMVMI+BlissPro" Capitals="Normal" ResourceId="2" />
							<Origin X="0" Y="0" />
							<Text>4</Text>
							<Size Width="7.784" Height="8.162108" />
							<Brush>
								<SolidBrush Color="#FF000000" />
							</Brush>
							<Tag>convertedFont</Tag>
						</Glyphs>
						<Glyphs OutlineWidth="0.5" CharSpace="0" RenderTransform="0.5968368 0 -0 0.5968368 240.18123 680.2458">
							<Font SizePoints="14" Style="Regular" FamilyName="CSMVMI+BlissPro" Capitals="Normal" ResourceId="2" />
							<Origin X="0" Y="0" />
							<Text>0</Text>
							<Size Width="7.756" Height="8.162108" />
							<Brush>
								<SolidBrush Color="#FF000000" />
							</Brush>
							<Tag>convertedFont</Tag>
						</Glyphs>
						<Glyphs OutlineWidth="0.5" CharSpace="0" RenderTransform="0.5968368 0 -0 0.5968368 244.83469 680.2458">
							<Font SizePoints="14" Style="Regular" FamilyName="CSMVMI+BlissPro" Capitals="Normal" ResourceId="2" />
							<Origin X="0" Y="0" />
							<Text>x</Text>
							<Size Width="6.384" Height="8.162108" />
							<Brush>
								<SolidBrush Color="#FF000000" />
							</Brush>
							<Tag>convertedFont</Tag>
						</Glyphs>
						<Glyphs OutlineWidth="0.5" CharSpace="0" RenderTransform="0.5968368 0 -0 0.5968368 248.67683 680.2458">
							<Font SizePoints="14" Style="Regular" FamilyName="CSMVMI+BlissPro" Capitals="Normal" ResourceId="2" />
							<Origin X="0" Y="0" />
							<Text>2</Text>
							<Size Width="7.154" Height="8.162108" />
							<Brush>
								<SolidBrush Color="#FF000000" />
							</Brush>
							<Tag>convertedFont</Tag>
						</Glyphs>
						<Glyphs OutlineWidth="0.5" CharSpace="0" RenderTransform="0.5968368 0 -0 0.5968368 252.97592 680.2458">
							<Font SizePoints="14" Style="Regular" FamilyName="CSMVMI+BlissPro" Capitals="Normal" ResourceId="2" />
							<Origin X="0" Y="0" />
							<Text>9</Text>
							<Size Width="7.476" Height="8.162108" />
							<Brush>
								<SolidBrush Color="#FF000000" />
							</Brush>
							<Tag>convertedFont</Tag>
						</Glyphs>
						<Glyphs OutlineWidth="0.5" CharSpace="0" RenderTransform="0.5968368 0 -0 0.5968368 257.47083 680.2458">
							<Font SizePoints="14" Style="Regular" FamilyName="CSMVMI+BlissPro" Capitals="Normal" ResourceId="2" />
							<Origin X="0" Y="0" />
							<Text>0</Text>
							<Size Width="7.756" Height="8.162108" />
							<Brush>
								<SolidBrush Color="#FF000000" />
							</Brush>
							<Tag>convertedFont</Tag>
						</Glyphs>
						<Glyphs OutlineWidth="0.5" CharSpace="0" RenderTransform="0.5968368 0 -0 0.5968368 292.30188 680.2458">
							<Font SizePoints="14" Style="Regular" FamilyName="CSMVMI+BlissPro" Capitals="Normal" ResourceId="2" />
							<Origin X="0" Y="0" />
							<Text>9</Text>
							<Size Width="7.476" Height="8.162108" />
							<Brush>
								<SolidBrush Color="#FF000000" />
							</Brush>
							<Tag>convertedFont</Tag>
						</Glyphs>
						<Glyphs OutlineWidth="0.5" CharSpace="0" RenderTransform="0.5968368 0 -0 0.5968368 296.79678 680.2458">
							<Font SizePoints="14" Style="Regular" FamilyName="CSMVMI+BlissPro" Capitals="Normal" ResourceId="2" />
							<Origin X="0" Y="0" />
							<Text>.</Text>
							<Size Width="3.276" Height="8.162108" />
							<Brush>
								<SolidBrush Color="#FF000000" />
							</Brush>
							<Tag>convertedFont</Tag>
						</Glyphs>
						<Glyphs OutlineWidth="0.5" CharSpace="0" RenderTransform="0.5968368 0 -0 0.5968368 298.7645 680.2458">
							<Font SizePoints="14" Style="Regular" FamilyName="CSMVMI+BlissPro" Capitals="Normal" ResourceId="2" />
							<Origin X="0" Y="0" />
							<Text>2</Text>
							<Size Width="7.154" Height="8.162108" />
							<Brush>
								<SolidBrush Color="#FF000000" />
							</Brush>
							<Tag>convertedFont</Tag>
						</Glyphs>
						<Glyphs OutlineWidth="0.5" CharSpace="0" RenderTransform="0.5968368 0 -0 0.5968368 328.1121 680.2458">
							<Font SizePoints="14" Style="Regular" FamilyName="CSMVMI+BlissPro" Capitals="Normal" ResourceId="2" />
							<Origin X="0" Y="0" />
							<Text>0</Text>
							<Size Width="7.756" Height="8.162108" />
							<Brush>
								<SolidBrush Color="#FF000000" />
							</Brush>
							<Tag>convertedFont</Tag>
						</Glyphs>
						<Glyphs OutlineWidth="0.5" CharSpace="0" RenderTransform="0.5968368 0 -0 0.5968368 381.8274 680.2458">
							<Font SizePoints="14" Style="Regular" FamilyName="CSMVMI+BlissPro" Capitals="Normal" ResourceId="2" />
							<Origin X="0" Y="0" />
							<Text>-</Text>
							<Size Width="4.984" Height="8.162108" />
							<Brush>
								<SolidBrush Color="#FF000000" />
							</Brush>
							<Tag>convertedFont</Tag>
						</Glyphs>
						<Glyphs OutlineWidth="0.5" CharSpace="0" RenderTransform="0.5968368 0 -0 0.5968368 455.83514 680.2458">
							<Font SizePoints="14" Style="Regular" FamilyName="CSMVMI+BlissPro" Capitals="Normal" ResourceId="2" />
							<Origin X="0" Y="0" />
							<Text>-</Text>
							<Size Width="4.984" Height="8.162108" />
							<Brush>
								<SolidBrush Color="#FF000000" />
							</Brush>
							<Tag>convertedFont</Tag>
						</Glyphs>
						<Glyphs OutlineWidth="0.5" CharSpace="0" RenderTransform="0.5968368 0 -0 0.5968368 492.83902 680.2458">
							<Font SizePoints="14" Style="Regular" FamilyName="CSMVMI+BlissPro" Capitals="Normal" ResourceId="2" />
							<Origin X="0" Y="0" />
							<Text>-</Text>
							<Size Width="4.984" Height="8.162108" />
							<Brush>
								<SolidBrush Color="#FF000000" />
							</Brush>
							<Tag>convertedFont</Tag>
						</Glyphs>
						<Glyphs OutlineWidth="0.5" CharSpace="0" RenderTransform="0.5968368 0 -0 0.5968368 57.148167 696.3604">
							<Font SizePoints="14" Style="Regular" FamilyName="CSMVMI+BlissPro" Capitals="Normal" ResourceId="2" />
							<Origin X="0" Y="0" />
							<Text>Ф</Text>
							<Size Width="10.402" Height="8.162108" />
							<Brush>
								<SolidBrush Color="#FF000000" />
							</Brush>
							<Tag>convertedFont</Tag>
						</Glyphs>
						<Glyphs OutlineWidth="0.5" CharSpace="0" RenderTransform="0.5968368 0 -0 0.5968368 63.40563 696.3604">
							<Font SizePoints="14" Style="Regular" FamilyName="CSMVMI+BlissPro" Capitals="Normal" ResourceId="2" />
							<Origin X="0" Y="0" />
							<Text>и</Text>
							<Size Width="7.518" Height="8.162108" />
							<Brush>
								<SolidBrush Color="#FF000000" />
							</Brush>
							<Tag>convertedFont</Tag>
						</Glyphs>
						<Glyphs OutlineWidth="0.5" CharSpace="0" RenderTransform="0.5968368 0 -0 0.5968368 67.919205 696.3604">
							<Font SizePoints="14" Style="Regular" FamilyName="CSMVMI+BlissPro" Capitals="Normal" ResourceId="2" />
							<Origin X="0" Y="0" />
							<Text>л</Text>
							<Size Width="7.042" Height="8.162108" />
							<Brush>
								<SolidBrush Color="#FF000000" />
							</Brush>
							<Tag>convertedFont</Tag>
						</Glyphs>
						<Glyphs OutlineWidth="0.5" CharSpace="0" RenderTransform="0.5968368 0 -0 0.5968368 72.153015 696.3604">
							<Font SizePoints="14" Style="Regular" FamilyName="CSMVMI+BlissPro" Capitals="Normal" ResourceId="2" />
							<Origin X="0" Y="0" />
							<Text>ь</Text>
							<Size Width="6.454" Height="8.162108" />
							<Brush>
								<SolidBrush Color="#FF000000" />
							</Brush>
							<Tag>convertedFont</Tag>
						</Glyphs>
						<Glyphs OutlineWidth="0.5" CharSpace="0" RenderTransform="0.5968368 0 -0 0.5968368 76.032455 696.3604">
							<Font SizePoints="14" Style="Regular" FamilyName="CSMVMI+BlissPro" Capitals="Normal" ResourceId="2" />
							<Origin X="0" Y="0" />
							<Text>т</Text>
							<Size Width="6.174" Height="8.162108" />
							<Brush>
								<SolidBrush Color="#FF000000" />
							</Brush>
							<Tag>convertedFont</Tag>
						</Glyphs>
						<Glyphs OutlineWidth="0.5" CharSpace="0" RenderTransform="0.5968368 0 -0 0.5968368 79.74403 696.3604">
							<Font SizePoints="14" Style="Regular" FamilyName="CSMVMI+BlissPro" Capitals="Normal" ResourceId="2" />
							<Origin X="0" Y="0" />
							<Text>р</Text>
							<Size Width="7.14" Height="8.162108" />
							<Brush>
								<SolidBrush Color="#FF000000" />
							</Brush>
							<Tag>convertedFont</Tag>
						</Glyphs>
						<Glyphs OutlineWidth="0.5" CharSpace="0" RenderTransform="0.5968368 0 -0 0.5968368 84.0338 696.3604">
							<Font SizePoints="14" Style="Regular" FamilyName="CSMVMI+BlissPro" Capitals="Normal" ResourceId="2" />
							<Origin X="0" Y="0" />
							<Text>у</Text>
							<Size Width="6.776" Height="8.162108" />
							<Brush>
								<SolidBrush Color="#FF000000" />
							</Brush>
							<Tag>convertedFont</Tag>
						</Glyphs>
						<Glyphs OutlineWidth="0.5" CharSpace="0" RenderTransform="0.5968368 0 -0 0.5968368 88.10908 696.3604">
							<Font SizePoints="14" Style="Regular" FamilyName="CSMVMI+BlissPro" Capitals="Normal" ResourceId="2" />
							<Origin X="0" Y="0" />
							<Text>ю</Text>
							<Size Width="9.982" Height="8.162108" />
							<Brush>
								<SolidBrush Color="#FF000000" />
							</Brush>
							<Tag>convertedFont</Tag>
						</Glyphs>
						<Glyphs OutlineWidth="0.5" CharSpace="0" RenderTransform="0.5968368 0 -0 0.5968368 94.114746 696.3604">
							<Font SizePoints="14" Style="Regular" FamilyName="CSMVMI+BlissPro" Capitals="Normal" ResourceId="2" />
							<Origin X="0" Y="0" />
							<Text>щ</Text>
							<Size Width="10.094" Height="8.162108" />
							<Brush>
								<SolidBrush Color="#FF000000" />
							</Brush>
							<Tag>convertedFont</Tag>
						</Glyphs>
						<Glyphs OutlineWidth="0.5" CharSpace="0" RenderTransform="0.5968368 0 -0 0.5968368 100.1857 696.3604">
							<Font SizePoints="14" Style="Regular" FamilyName="CSMVMI+BlissPro" Capitals="Normal" ResourceId="2" />
							<Origin X="0" Y="0" />
							<Text>а</Text>
							<Size Width="6.608" Height="8.162108" />
							<Brush>
								<SolidBrush Color="#FF000000" />
							</Brush>
							<Tag>convertedFont</Tag>
						</Glyphs>
						<Glyphs OutlineWidth="0.5" CharSpace="0" RenderTransform="0.5968368 0 -0 0.5968368 104.158394 696.3604">
							<Font SizePoints="14" Style="Regular" FamilyName="CSMVMI+BlissPro" Capitals="Normal" ResourceId="2" />
							<Origin X="0" Y="0" />
							<Text>я</Text>
							<Size Width="6.678" Height="8.162108" />
							<Brush>
								<SolidBrush Color="#FF000000" />
							</Brush>
							<Tag>convertedFont</Tag>
						</Glyphs>
						<Glyphs OutlineWidth="0.5" CharSpace="0" RenderTransform="0.5968368 0 -0 0.5968368 108.16839 696.3604">
							<Font SizePoints="14" Style="Regular" FamilyName="CSMVMI+BlissPro" Capitals="Normal" ResourceId="2" />
							<Origin X="0" Y="0" />
							<Text> </Text>
							<Size Width="3.094" Height="8.162108" />
							<Brush>
								<SolidBrush Color="#FF000000" />
							</Brush>
							<Tag>convertedFont</Tag>
						</Glyphs>
						<Glyphs OutlineWidth="0.5" CharSpace="0" RenderTransform="0.5968368 0 -0 0.5968368 110.02418 696.3604">
							<Font SizePoints="14" Style="Regular" FamilyName="CSMVMI+BlissPro" Capitals="Normal" ResourceId="2" />
							<Origin X="0" Y="0" />
							<Text>к</Text>
							<Size Width="6.496" Height="8.162108" />
							<Brush>
								<SolidBrush Color="#FF000000" />
							</Brush>
							<Tag>convertedFont</Tag>
						</Glyphs>
						<Glyphs OutlineWidth="0.5" CharSpace="0" RenderTransform="0.5968368 0 -0 0.5968368 113.931595 696.3604">
							<Font SizePoints="14" Style="Regular" FamilyName="CSMVMI+BlissPro" Capitals="Normal" ResourceId="2" />
							<Origin X="0" Y="0" />
							<Text>а</Text>
							<Size Width="6.608" Height="8.162108" />
							<Brush>
								<SolidBrush Color="#FF000000" />
							</Brush>
							<Tag>convertedFont</Tag>
						</Glyphs>
						<Glyphs OutlineWidth="0.5" CharSpace="0" RenderTransform="0.5968368 0 -0 0.5968368 117.90429 696.3604">
							<Font SizePoints="14" Style="Regular" FamilyName="CSMVMI+BlissPro" Capitals="Normal" ResourceId="2" />
							<Origin X="0" Y="0" />
							<Text>р</Text>
							<Size Width="7.14" Height="8.162108" />
							<Brush>
								<SolidBrush Color="#FF000000" />
							</Brush>
							<Tag>convertedFont</Tag>
						</Glyphs>
						<Glyphs OutlineWidth="0.5" CharSpace="0" RenderTransform="0.5968368 0 -0 0.5968368 122.19405 696.3604">
							<Font SizePoints="14" Style="Regular" FamilyName="CSMVMI+BlissPro" Capitals="Normal" ResourceId="2" />
							<Origin X="0" Y="0" />
							<Text>м</Text>
							<Size Width="8.372" Height="8.162108" />
							<Brush>
								<SolidBrush Color="#FF000000" />
							</Brush>
							<Tag>convertedFont</Tag>
						</Glyphs>
						<Glyphs OutlineWidth="0.5" CharSpace="0" RenderTransform="0.5968368 0 -0 0.5968368 127.229866 696.3604">
							<Font SizePoints="14" Style="Regular" FamilyName="CSMVMI+BlissPro" Capitals="Normal" ResourceId="2" />
							<Origin X="0" Y="0" />
							<Text>а</Text>
							<Size Width="6.608" Height="8.162108" />
							<Brush>
								<SolidBrush Color="#FF000000" />
							</Brush>
							<Tag>convertedFont</Tag>
						</Glyphs>
						<Glyphs OutlineWidth="0.5" CharSpace="0" RenderTransform="0.5968368 0 -0 0.5968368 131.20256 696.3604">
							<Font SizePoints="14" Style="Regular" FamilyName="CSMVMI+BlissPro" Capitals="Normal" ResourceId="2" />
							<Origin X="0" Y="0" />
							<Text>н</Text>
							<Size Width="7.266" Height="8.162108" />
							<Brush>
								<SolidBrush Color="#FF000000" />
							</Brush>
							<Tag>convertedFont</Tag>
						</Glyphs>
						<Glyphs OutlineWidth="0.5" CharSpace="0" RenderTransform="0.5968368 0 -0 0.5968368 135.56693 696.3604">
							<Font SizePoints="14" Style="Regular" FamilyName="CSMVMI+BlissPro" Capitals="Normal" ResourceId="2" />
							<Origin X="0" Y="0" />
							<Text>н</Text>
							<Size Width="7.266" Height="8.162108" />
							<Brush>
								<SolidBrush Color="#FF000000" />
							</Brush>
							<Tag>convertedFont</Tag>
						</Glyphs>
						<Glyphs OutlineWidth="0.5" CharSpace="0" RenderTransform="0.5968368 0 -0 0.5968368 139.9313 696.3604">
							<Font SizePoints="14" Style="Regular" FamilyName="CSMVMI+BlissPro" Capitals="Normal" ResourceId="2" />
							<Origin X="0" Y="0" />
							<Text>а</Text>
							<Size Width="6.608" Height="8.162108" />
							<Brush>
								<SolidBrush Color="#FF000000" />
							</Brush>
							<Tag>convertedFont</Tag>
						</Glyphs>
						<Glyphs OutlineWidth="0.5" CharSpace="0" RenderTransform="0.5968368 0 -0 0.5968368 143.90399 696.3604">
							<Font SizePoints="14" Style="Regular" FamilyName="CSMVMI+BlissPro" Capitals="Normal" ResourceId="2" />
							<Origin X="0" Y="0" />
							<Text>я</Text>
							<Size Width="6.678" Height="8.162108" />
							<Brush>
								<SolidBrush Color="#FF000000" />
							</Brush>
							<Tag>convertedFont</Tag>
						</Glyphs>
						<Glyphs OutlineWidth="0.5" CharSpace="0" RenderTransform="0.5968368 0 -0 0.5968368 147.91399 696.3604">
							<Font SizePoints="14" Style="Regular" FamilyName="CSMVMI+BlissPro" Capitals="Normal" ResourceId="2" />
							<Origin X="0" Y="0" />
							<Text> </Text>
							<Size Width="3.094" Height="8.162108" />
							<Brush>
								<SolidBrush Color="#FF000000" />
							</Brush>
							<Tag>convertedFont</Tag>
						</Glyphs>
						<Glyphs OutlineWidth="0.5" CharSpace="0" RenderTransform="0.5968368 0 -0 0.5968368 149.76978 696.3604">
							<Font SizePoints="14" Style="Regular" FamilyName="CSMVMI+BlissPro" Capitals="Normal" ResourceId="2" />
							<Origin X="0" Y="0" />
							<Text>в</Text>
							<Size Width="6.538" Height="8.162108" />
							<Brush>
								<SolidBrush Color="#FF000000" />
							</Brush>
							<Tag>convertedFont</Tag>
						</Glyphs>
						<Glyphs OutlineWidth="0.5" CharSpace="0" RenderTransform="0.5968368 0 -0 0.5968368 153.70517 696.3604">
							<Font SizePoints="14" Style="Regular" FamilyName="CSMVMI+BlissPro" Capitals="Normal" ResourceId="2" />
							<Origin X="0" Y="0" />
							<Text>с</Text>
							<Size Width="6.076" Height="8.162108" />
							<Brush>
								<SolidBrush Color="#FF000000" />
							</Brush>
							<Tag>convertedFont</Tag>
						</Glyphs>
						<Glyphs OutlineWidth="0.5" CharSpace="0" RenderTransform="0.5968368 0 -0 0.5968368 157.35147 696.3604">
							<Font SizePoints="14" Style="Regular" FamilyName="CSMVMI+BlissPro" Capitals="Normal" ResourceId="2" />
							<Origin X="0" Y="0" />
							<Text>т</Text>
							<Size Width="6.174" Height="8.162108" />
							<Brush>
								<SolidBrush Color="#FF000000" />
							</Brush>
							<Tag>convertedFont</Tag>
						</Glyphs>
						<Glyphs OutlineWidth="0.5" CharSpace="0" RenderTransform="0.5968368 0 -0 0.5968368 161.06305 696.3604">
							<Font SizePoints="14" Style="Regular" FamilyName="CSMVMI+BlissPro" Capitals="Normal" ResourceId="2" />
							<Origin X="0" Y="0" />
							<Text>а</Text>
							<Size Width="6.608" Height="8.162108" />
							<Brush>
								<SolidBrush Color="#FF000000" />
							</Brush>
							<Tag>convertedFont</Tag>
						</Glyphs>
						<Glyphs OutlineWidth="0.5" CharSpace="0" RenderTransform="0.5968368 0 -0 0.5968368 165.03575 696.3604">
							<Font SizePoints="14" Style="Regular" FamilyName="CSMVMI+BlissPro" Capitals="Normal" ResourceId="2" />
							<Origin X="0" Y="0" />
							<Text>в</Text>
							<Size Width="6.538" Height="8.162108" />
							<Brush>
								<SolidBrush Color="#FF000000" />
							</Brush>
							<Tag>convertedFont</Tag>
						</Glyphs>
						<Glyphs OutlineWidth="0.5" CharSpace="0" RenderTransform="0.5968368 0 -0 0.5968368 168.97113 696.3604">
							<Font SizePoints="14" Style="Regular" FamilyName="CSMVMI+BlissPro" Capitals="Normal" ResourceId="2" />
							<Origin X="0" Y="0" />
							<Text>к</Text>
							<Size Width="6.496" Height="8.162108" />
							<Brush>
								<SolidBrush Color="#FF000000" />
							</Brush>
							<Tag>convertedFont</Tag>
						</Glyphs>
						<Glyphs OutlineWidth="0.5" CharSpace="0" RenderTransform="0.5968368 0 -0 0.5968368 172.87856 696.3604">
							<Font SizePoints="14" Style="Regular" FamilyName="CSMVMI+BlissPro" Capitals="Normal" ResourceId="2" />
							<Origin X="0" Y="0" />
							<Text>а</Text>
							<Size Width="6.608" Height="8.162108" />
							<Brush>
								<SolidBrush Color="#FF000000" />
							</Brush>
							<Tag>convertedFont</Tag>
						</Glyphs>
						<Glyphs OutlineWidth="0.5" CharSpace="0" RenderTransform="0.5968368 0 -0 0.5968368 176.85124 696.3604">
							<Font SizePoints="14" Style="Regular" FamilyName="CSMVMI+BlissPro" Capitals="Normal" ResourceId="2" />
							<Origin X="0" Y="0" />
							<Text> </Text>
							<Size Width="3.094" Height="8.162108" />
							<Brush>
								<SolidBrush Color="#FF000000" />
							</Brush>
							<Tag>convertedFont</Tag>
						</Glyphs>
						<Glyphs OutlineWidth="0.5" CharSpace="0" RenderTransform="0.5968368 0 -0 0.5968368 178.70703 696.3604">
							<Font SizePoints="14" Style="Regular" FamilyName="CSMVMI+BlissPro" Capitals="Normal" ResourceId="2" />
							<Origin X="0" Y="0" />
							<Text>E</Text>
							<Size Width="6.65" Height="8.162108" />
							<Brush>
								<SolidBrush Color="#FF000000" />
							</Brush>
							<Tag>convertedFont</Tag>
						</Glyphs>
						<Glyphs OutlineWidth="0.5" CharSpace="0" RenderTransform="0.5968368 0 -0 0.5968368 182.7077 696.3604">
							<Font SizePoints="14" Style="Regular" FamilyName="CSMVMI+BlissPro" Capitals="Normal" ResourceId="2" />
							<Origin X="0" Y="0" />
							<Text>U</Text>
							<Size Width="9.254" Height="8.162108" />
							<Brush>
								<SolidBrush Color="#FF000000" />
							</Brush>
							<Tag>convertedFont</Tag>
						</Glyphs>
						<Glyphs OutlineWidth="0.5" CharSpace="0" RenderTransform="0.5968368 0 -0 0.5968368 188.26575 696.3604">
							<Font SizePoints="14" Style="Regular" FamilyName="CSMVMI+BlissPro" Capitals="Normal" ResourceId="2" />
							<Origin X="0" Y="0" />
							<Text>7</Text>
							<Size Width="6.636" Height="8.162108" />
							<Brush>
								<SolidBrush Color="#FF000000" />
							</Brush>
							<Tag>convertedFont</Tag>
						</Glyphs>
						<Glyphs OutlineWidth="0.5" CharSpace="0" RenderTransform="0.5968368 0 -0 0.5968368 213.51941 696.3604">
							<Font SizePoints="14" Style="Regular" FamilyName="CSMVMI+BlissPro" Capitals="Normal" ResourceId="2" />
							<Origin X="0" Y="0" />
							<Text>6</Text>
							<Size Width="7.56" Height="8.162108" />
							<Brush>
								<SolidBrush Color="#FF000000" />
							</Brush>
							<Tag>convertedFont</Tag>
						</Glyphs>
						<Glyphs OutlineWidth="0.5" CharSpace="0" RenderTransform="0.5968368 0 -0 0.5968368 218.06096 696.3604">
							<Font SizePoints="14" Style="Regular" FamilyName="CSMVMI+BlissPro" Capitals="Normal" ResourceId="2" />
							<Origin X="0" Y="0" />
							<Text>4</Text>
							<Size Width="7.784" Height="8.162108" />
							<Brush>
								<SolidBrush Color="#FF000000" />
							</Brush>
							<Tag>convertedFont</Tag>
						</Glyphs>
						<Glyphs OutlineWidth="0.5" CharSpace="0" RenderTransform="0.5968368 0 -0 0.5968368 222.73308 696.3604">
							<Font SizePoints="14" Style="Regular" FamilyName="CSMVMI+BlissPro" Capitals="Normal" ResourceId="2" />
							<Origin X="0" Y="0" />
							<Text>0</Text>
							<Size Width="7.756" Height="8.162108" />
							<Brush>
								<SolidBrush Color="#FF000000" />
							</Brush>
							<Tag>convertedFont</Tag>
						</Glyphs>
						<Glyphs OutlineWidth="0.5" CharSpace="0" RenderTransform="0.5968368 0 -0 0.5968368 227.38654 696.3604">
							<Font SizePoints="14" Style="Regular" FamilyName="CSMVMI+BlissPro" Capitals="Normal" ResourceId="2" />
							<Origin X="0" Y="0" />
							<Text>x</Text>
							<Size Width="6.384" Height="8.162108" />
							<Brush>
								<SolidBrush Color="#FF000000" />
							</Brush>
							<Tag>convertedFont</Tag>
						</Glyphs>
						<Glyphs OutlineWidth="0.5" CharSpace="0" RenderTransform="0.5968368 0 -0 0.5968368 231.22868 696.3604">
							<Font SizePoints="14" Style="Regular" FamilyName="CSMVMI+BlissPro" Capitals="Normal" ResourceId="2" />
							<Origin X="0" Y="0" />
							<Text>5</Text>
							<Size Width="7.126" Height="8.162108" />
							<Brush>
								<SolidBrush Color="#FF000000" />
							</Brush>
							<Tag>convertedFont</Tag>
						</Glyphs>
						<Glyphs OutlineWidth="0.5" CharSpace="0" RenderTransform="0.5968368 0 -0 0.5968368 235.50911 696.3604">
							<Font SizePoints="14" Style="Regular" FamilyName="CSMVMI+BlissPro" Capitals="Normal" ResourceId="2" />
							<Origin X="0" Y="0" />
							<Text>4</Text>
							<Size Width="7.784" Height="8.162108" />
							<Brush>
								<SolidBrush Color="#FF000000" />
							</Brush>
							<Tag>convertedFont</Tag>
						</Glyphs>
						<Glyphs OutlineWidth="0.5" CharSpace="0" RenderTransform="0.5968368 0 -0 0.5968368 240.18123 696.3604">
							<Font SizePoints="14" Style="Regular" FamilyName="CSMVMI+BlissPro" Capitals="Normal" ResourceId="2" />
							<Origin X="0" Y="0" />
							<Text>0</Text>
							<Size Width="7.756" Height="8.162108" />
							<Brush>
								<SolidBrush Color="#FF000000" />
							</Brush>
							<Tag>convertedFont</Tag>
						</Glyphs>
						<Glyphs OutlineWidth="0.5" CharSpace="0" RenderTransform="0.5968368 0 -0 0.5968368 244.83469 696.3604">
							<Font SizePoints="14" Style="Regular" FamilyName="CSMVMI+BlissPro" Capitals="Normal" ResourceId="2" />
							<Origin X="0" Y="0" />
							<Text>x</Text>
							<Size Width="6.384" Height="8.162108" />
							<Brush>
								<SolidBrush Color="#FF000000" />
							</Brush>
							<Tag>convertedFont</Tag>
						</Glyphs>
						<Glyphs OutlineWidth="0.5" CharSpace="0" RenderTransform="0.5968368 0 -0 0.5968368 248.67683 696.3604">
							<Font SizePoints="14" Style="Regular" FamilyName="CSMVMI+BlissPro" Capitals="Normal" ResourceId="2" />
							<Origin X="0" Y="0" />
							<Text>2</Text>
							<Size Width="7.154" Height="8.162108" />
							<Brush>
								<SolidBrush Color="#FF000000" />
							</Brush>
							<Tag>convertedFont</Tag>
						</Glyphs>
						<Glyphs OutlineWidth="0.5" CharSpace="0" RenderTransform="0.5968368 0 -0 0.5968368 252.97592 696.3604">
							<Font SizePoints="14" Style="Regular" FamilyName="CSMVMI+BlissPro" Capitals="Normal" ResourceId="2" />
							<Origin X="0" Y="0" />
							<Text>9</Text>
							<Size Width="7.476" Height="8.162108" />
							<Brush>
								<SolidBrush Color="#FF000000" />
							</Brush>
							<Tag>convertedFont</Tag>
						</Glyphs>
						<Glyphs OutlineWidth="0.5" CharSpace="0" RenderTransform="0.5968368 0 -0 0.5968368 257.47083 696.3604">
							<Font SizePoints="14" Style="Regular" FamilyName="CSMVMI+BlissPro" Capitals="Normal" ResourceId="2" />
							<Origin X="0" Y="0" />
							<Text>0</Text>
							<Size Width="7.756" Height="8.162108" />
							<Brush>
								<SolidBrush Color="#FF000000" />
							</Brush>
							<Tag>convertedFont</Tag>
						</Glyphs>
						<Glyphs OutlineWidth="0.5" CharSpace="0" RenderTransform="0.5968368 0 -0 0.5968368 290.51135 696.3604">
							<Font SizePoints="14" Style="Regular" FamilyName="CSMVMI+BlissPro" Capitals="Normal" ResourceId="2" />
							<Origin X="0" Y="0" />
							<Text>9</Text>
							<Size Width="7.476" Height="8.162108" />
							<Brush>
								<SolidBrush Color="#FF000000" />
							</Brush>
							<Tag>convertedFont</Tag>
						</Glyphs>
						<Glyphs OutlineWidth="0.5" CharSpace="0" RenderTransform="0.5968368 0 -0 0.5968368 295.0063 696.3604">
							<Font SizePoints="14" Style="Regular" FamilyName="CSMVMI+BlissPro" Capitals="Normal" ResourceId="2" />
							<Origin X="0" Y="0" />
							<Text>.</Text>
							<Size Width="3.276" Height="8.162108" />
							<Brush>
								<SolidBrush Color="#FF000000" />
							</Brush>
							<Tag>convertedFont</Tag>
						</Glyphs>
						<Glyphs OutlineWidth="0.5" CharSpace="0" RenderTransform="0.5968368 0 -0 0.5968368 296.97397 696.3604">
							<Font SizePoints="14" Style="Regular" FamilyName="CSMVMI+BlissPro" Capitals="Normal" ResourceId="2" />
							<Origin X="0" Y="0" />
							<Text>2</Text>
							<Size Width="7.154" Height="8.162108" />
							<Brush>
								<SolidBrush Color="#FF000000" />
							</Brush>
							<Tag>convertedFont</Tag>
						</Glyphs>
						<Glyphs OutlineWidth="0.5" CharSpace="0" RenderTransform="0.5968368 0 -0 0.5968368 325.72473 696.3604">
							<Font SizePoints="14" Style="Regular" FamilyName="CSMVMI+BlissPro" Capitals="Normal" ResourceId="2" />
							<Origin X="0" Y="0" />
							<Text>1</Text>
							<Size Width="5.852" Height="8.162108" />
							<Brush>
								<SolidBrush Color="#FF000000" />
							</Brush>
							<Tag>convertedFont</Tag>
						</Glyphs>
						<Glyphs OutlineWidth="0.5" CharSpace="0" RenderTransform="0.5968368 0 -0 0.5968368 329.24048 696.3604">
							<Font SizePoints="14" Style="Regular" FamilyName="CSMVMI+BlissPro" Capitals="Normal" ResourceId="2" />
							<Origin X="0" Y="0" />
							<Text>0</Text>
							<Size Width="7.756" Height="8.162108" />
							<Brush>
								<SolidBrush Color="#FF000000" />
							</Brush>
							<Tag>convertedFont</Tag>
						</Glyphs>
						<Glyphs OutlineWidth="0.5" CharSpace="0" RenderTransform="0.5968368 0 -0 0.5968368 333.89392 696.3604">
							<Font SizePoints="14" Style="Regular" FamilyName="CSMVMI+BlissPro" Capitals="Normal" ResourceId="2" />
							<Origin X="0" Y="0" />
							<Text>8</Text>
							<Size Width="7.742" Height="8.162108" />
							<Brush>
								<SolidBrush Color="#FF000000" />
							</Brush>
							<Tag>convertedFont</Tag>
						</Glyphs>
						<Glyphs OutlineWidth="0.5" CharSpace="0" RenderTransform="0.5968368 0 -0 0.5968368 338.5474 696.3604">
							<Font SizePoints="14" Style="Regular" FamilyName="CSMVMI+BlissPro" Capitals="Normal" ResourceId="2" />
							<Origin X="0" Y="0" />
							<Text>.</Text>
							<Size Width="3.276" Height="8.162108" />
							<Brush>
								<SolidBrush Color="#FF000000" />
							</Brush>
							<Tag>convertedFont</Tag>
						</Glyphs>
						<Glyphs OutlineWidth="0.5" CharSpace="0" RenderTransform="0.5968368 0 -0 0.5968368 340.5151 696.3604">
							<Font SizePoints="14" Style="Regular" FamilyName="CSMVMI+BlissPro" Capitals="Normal" ResourceId="2" />
							<Origin X="0" Y="0" />
							<Text>4</Text>
							<Size Width="7.784" Height="8.162108" />
							<Brush>
								<SolidBrush Color="#FF000000" />
							</Brush>
							<Tag>convertedFont</Tag>
						</Glyphs>
						<Glyphs OutlineWidth="0.5" CharSpace="0" RenderTransform="0.5968368 0 -0 0.5968368 381.8274 696.3604">
							<Font SizePoints="14" Style="Regular" FamilyName="CSMVMI+BlissPro" Capitals="Normal" ResourceId="2" />
							<Origin X="0" Y="0" />
							<Text>-</Text>
							<Size Width="4.984" Height="8.162108" />
							<Brush>
								<SolidBrush Color="#FF000000" />
							</Brush>
							<Tag>convertedFont</Tag>
						</Glyphs>
						<Glyphs OutlineWidth="0.5" CharSpace="0" RenderTransform="0.5968368 0 -0 0.5968368 455.83514 696.3604">
							<Font SizePoints="14" Style="Regular" FamilyName="CSMVMI+BlissPro" Capitals="Normal" ResourceId="2" />
							<Origin X="0" Y="0" />
							<Text>-</Text>
							<Size Width="4.984" Height="8.162108" />
							<Brush>
								<SolidBrush Color="#FF000000" />
							</Brush>
							<Tag>convertedFont</Tag>
						</Glyphs>
						<Glyphs OutlineWidth="0.5" CharSpace="0" RenderTransform="0.5968368 0 -0 0.5968368 492.83902 696.3604">
							<Font SizePoints="14" Style="Regular" FamilyName="CSMVMI+BlissPro" Capitals="Normal" ResourceId="2" />
							<Origin X="0" Y="0" />
							<Text>-</Text>
							<Size Width="4.984" Height="8.162108" />
							<Brush>
								<SolidBrush Color="#FF000000" />
							</Brush>
							<Tag>convertedFont</Tag>
						</Glyphs>
						<Glyphs OutlineWidth="0.5" CharSpace="0" RenderTransform="0.5968368 0 -0 0.5968368 57.148167 712.475">
							<Font SizePoints="14" Style="Regular" FamilyName="CSMVMI+BlissPro" Capitals="Normal" ResourceId="2" />
							<Origin X="0" Y="0" />
							<Text>Э</Text>
							<Size Width="8.288" Height="8.162108" />
							<Brush>
								<SolidBrush Color="#FF000000" />
							</Brush>
							<Tag>convertedFont</Tag>
						</Glyphs>
						<Glyphs OutlineWidth="0.5" CharSpace="0" RenderTransform="0.5968368 0 -0 0.5968368 62.128025 712.475">
							<Font SizePoints="14" Style="Regular" FamilyName="CSMVMI+BlissPro" Capitals="Normal" ResourceId="2" />
							<Origin X="0" Y="0" />
							<Text>л</Text>
							<Size Width="7.042" Height="8.162108" />
							<Brush>
								<SolidBrush Color="#FF000000" />
							</Brush>
							<Tag>convertedFont</Tag>
						</Glyphs>
						<Glyphs OutlineWidth="0.5" CharSpace="0" RenderTransform="0.5968368 0 -0 0.5968368 66.36183 712.475">
							<Font SizePoints="14" Style="Regular" FamilyName="CSMVMI+BlissPro" Capitals="Normal" ResourceId="2" />
							<Origin X="0" Y="0" />
							<Text>е</Text>
							<Size Width="6.636" Height="8.162108" />
							<Brush>
								<SolidBrush Color="#FF000000" />
							</Brush>
							<Tag>convertedFont</Tag>
						</Glyphs>
						<Glyphs OutlineWidth="0.5" CharSpace="0" RenderTransform="0.5968368 0 -0 0.5968368 70.35318 712.475">
							<Font SizePoints="14" Style="Regular" FamilyName="CSMVMI+BlissPro" Capitals="Normal" ResourceId="2" />
							<Origin X="0" Y="0" />
							<Text>к</Text>
							<Size Width="6.496" Height="8.162108" />
							<Brush>
								<SolidBrush Color="#FF000000" />
							</Brush>
							<Tag>convertedFont</Tag>
						</Glyphs>
						<Glyphs OutlineWidth="0.5" CharSpace="0" RenderTransform="0.5968368 0 -0 0.5968368 74.2606 712.475">
							<Font SizePoints="14" Style="Regular" FamilyName="CSMVMI+BlissPro" Capitals="Normal" ResourceId="2" />
							<Origin X="0" Y="0" />
							<Text>т</Text>
							<Size Width="6.174" Height="8.162108" />
							<Brush>
								<SolidBrush Color="#FF000000" />
							</Brush>
							<Tag>convertedFont</Tag>
						</Glyphs>
						<Glyphs OutlineWidth="0.5" CharSpace="0" RenderTransform="0.5968368 0 -0 0.5968368 77.972176 712.475">
							<Font SizePoints="14" Style="Regular" FamilyName="CSMVMI+BlissPro" Capitals="Normal" ResourceId="2" />
							<Origin X="0" Y="0" />
							<Text>р</Text>
							<Size Width="7.14" Height="8.162108" />
							<Brush>
								<SolidBrush Color="#FF000000" />
							</Brush>
							<Tag>convertedFont</Tag>
						</Glyphs>
						<Glyphs OutlineWidth="0.5" CharSpace="0" RenderTransform="0.5968368 0 -0 0.5968368 82.26194 712.475">
							<Font SizePoints="14" Style="Regular" FamilyName="CSMVMI+BlissPro" Capitals="Normal" ResourceId="2" />
							<Origin X="0" Y="0" />
							<Text>о</Text>
							<Size Width="7.364" Height="8.162108" />
							<Brush>
								<SolidBrush Color="#FF000000" />
							</Brush>
							<Tag>convertedFont</Tag>
						</Glyphs>
						<Glyphs OutlineWidth="0.5" CharSpace="0" RenderTransform="0.5968368 0 -0 0.5968368 86.68227 712.475">
							<Font SizePoints="14" Style="Regular" FamilyName="CSMVMI+BlissPro" Capitals="Normal" ResourceId="2" />
							<Origin X="0" Y="0" />
							<Text>н</Text>
							<Size Width="7.266" Height="8.162108" />
							<Brush>
								<SolidBrush Color="#FF000000" />
							</Brush>
							<Tag>convertedFont</Tag>
						</Glyphs>
						<Glyphs OutlineWidth="0.5" CharSpace="0" RenderTransform="0.5968368 0 -0 0.5968368 91.04663 712.475">
							<Font SizePoints="14" Style="Regular" FamilyName="CSMVMI+BlissPro" Capitals="Normal" ResourceId="2" />
							<Origin X="0" Y="0" />
							<Text>а</Text>
							<Size Width="6.608" Height="8.162108" />
							<Brush>
								<SolidBrush Color="#FF000000" />
							</Brush>
							<Tag>convertedFont</Tag>
						</Glyphs>
						<Glyphs OutlineWidth="0.5" CharSpace="0" RenderTransform="0.5968368 0 -0 0.5968368 95.019325 712.475">
							<Font SizePoints="14" Style="Regular" FamilyName="CSMVMI+BlissPro" Capitals="Normal" ResourceId="2" />
							<Origin X="0" Y="0" />
							<Text>г</Text>
							<Size Width="5.544" Height="8.162108" />
							<Brush>
								<SolidBrush Color="#FF000000" />
							</Brush>
							<Tag>convertedFont</Tag>
						</Glyphs>
						<Glyphs OutlineWidth="0.5" CharSpace="0" RenderTransform="0.5968368 0 -0 0.5968368 98.34856 712.475">
							<Font SizePoints="14" Style="Regular" FamilyName="CSMVMI+BlissPro" Capitals="Normal" ResourceId="2" />
							<Origin X="0" Y="0" />
							<Text>р</Text>
							<Size Width="7.14" Height="8.162108" />
							<Brush>
								<SolidBrush Color="#FF000000" />
							</Brush>
							<Tag>convertedFont</Tag>
						</Glyphs>
						<Glyphs OutlineWidth="0.5" CharSpace="0" RenderTransform="0.5968368 0 -0 0.5968368 102.63832 712.475">
							<Font SizePoints="14" Style="Regular" FamilyName="CSMVMI+BlissPro" Capitals="Normal" ResourceId="2" />
							<Origin X="0" Y="0" />
							<Text>е</Text>
							<Size Width="6.636" Height="8.162108" />
							<Brush>
								<SolidBrush Color="#FF000000" />
							</Brush>
							<Tag>convertedFont</Tag>
						</Glyphs>
						<Glyphs OutlineWidth="0.5" CharSpace="0" RenderTransform="0.5968368 0 -0 0.5968368 106.62967 712.475">
							<Font SizePoints="14" Style="Regular" FamilyName="CSMVMI+BlissPro" Capitals="Normal" ResourceId="2" />
							<Origin X="0" Y="0" />
							<Text>в</Text>
							<Size Width="6.538" Height="8.162108" />
							<Brush>
								<SolidBrush Color="#FF000000" />
							</Brush>
							<Tag>convertedFont</Tag>
						</Glyphs>
						<Glyphs OutlineWidth="0.5" CharSpace="0" RenderTransform="0.5968368 0 -0 0.5968368 110.56506 712.475">
							<Font SizePoints="14" Style="Regular" FamilyName="CSMVMI+BlissPro" Capitals="Normal" ResourceId="2" />
							<Origin X="0" Y="0" />
							<Text>а</Text>
							<Size Width="6.608" Height="8.162108" />
							<Brush>
								<SolidBrush Color="#FF000000" />
							</Brush>
							<Tag>convertedFont</Tag>
						</Glyphs>
						<Glyphs OutlineWidth="0.5" CharSpace="0" RenderTransform="0.5968368 0 -0 0.5968368 114.53776 712.475">
							<Font SizePoints="14" Style="Regular" FamilyName="CSMVMI+BlissPro" Capitals="Normal" ResourceId="2" />
							<Origin X="0" Y="0" />
							<Text>т</Text>
							<Size Width="6.174" Height="8.162108" />
							<Brush>
								<SolidBrush Color="#FF000000" />
							</Brush>
							<Tag>convertedFont</Tag>
						</Glyphs>
						<Glyphs OutlineWidth="0.5" CharSpace="0" RenderTransform="0.5968368 0 -0 0.5968368 118.24934 712.475">
							<Font SizePoints="14" Style="Regular" FamilyName="CSMVMI+BlissPro" Capitals="Normal" ResourceId="2" />
							<Origin X="0" Y="0" />
							<Text>е</Text>
							<Size Width="6.636" Height="8.162108" />
							<Brush>
								<SolidBrush Color="#FF000000" />
							</Brush>
							<Tag>convertedFont</Tag>
						</Glyphs>
						<Glyphs OutlineWidth="0.5" CharSpace="0" RenderTransform="0.5968368 0 -0 0.5968368 122.240685 712.475">
							<Font SizePoints="14" Style="Regular" FamilyName="CSMVMI+BlissPro" Capitals="Normal" ResourceId="2" />
							<Origin X="0" Y="0" />
							<Text>л</Text>
							<Size Width="7.042" Height="8.162108" />
							<Brush>
								<SolidBrush Color="#FF000000" />
							</Brush>
							<Tag>convertedFont</Tag>
						</Glyphs>
						<Glyphs OutlineWidth="0.5" CharSpace="0" RenderTransform="0.5968368 0 -0 0.5968368 126.474495 712.475">
							<Font SizePoints="14" Style="Regular" FamilyName="CSMVMI+BlissPro" Capitals="Normal" ResourceId="2" />
							<Origin X="0" Y="0" />
							<Text>ь</Text>
							<Size Width="6.454" Height="8.162108" />
							<Brush>
								<SolidBrush Color="#FF000000" />
							</Brush>
							<Tag>convertedFont</Tag>
						</Glyphs>
						<Glyphs OutlineWidth="0.5" CharSpace="0" RenderTransform="0.5968368 0 -0 0.5968368 130.35393 712.475">
							<Font SizePoints="14" Style="Regular" FamilyName="CSMVMI+BlissPro" Capitals="Normal" ResourceId="2" />
							<Origin X="0" Y="0" />
							<Text> </Text>
							<Size Width="3.094" Height="8.162108" />
							<Brush>
								<SolidBrush Color="#FF000000" />
							</Brush>
							<Tag>convertedFont</Tag>
						</Glyphs>
						<Glyphs OutlineWidth="0.5" CharSpace="0" RenderTransform="0.5968368 0 -0 0.5968368 132.20972 712.475">
							<Font SizePoints="14" Style="Regular" FamilyName="CSMVMI+BlissPro" Capitals="Normal" ResourceId="2" />
							<Origin X="0" Y="0" />
							<Text>7</Text>
							<Size Width="6.636" Height="8.162108" />
							<Brush>
								<SolidBrush Color="#FF000000" />
							</Brush>
							<Tag>convertedFont</Tag>
						</Glyphs>
						<Glyphs OutlineWidth="0.5" CharSpace="0" RenderTransform="0.5968368 0 -0 0.5968368 136.20107 712.475">
							<Font SizePoints="14" Style="Regular" FamilyName="CSMVMI+BlissPro" Capitals="Normal" ResourceId="2" />
							<Origin X="0" Y="0" />
							<Text>,</Text>
							<Size Width="3.276" Height="8.162108" />
							<Brush>
								<SolidBrush Color="#FF000000" />
							</Brush>
							<Tag>convertedFont</Tag>
						</Glyphs>
						<Glyphs OutlineWidth="0.5" CharSpace="0" RenderTransform="0.5968368 0 -0 0.5968368 138.16876 712.475">
							<Font SizePoints="14" Style="Regular" FamilyName="CSMVMI+BlissPro" Capitals="Normal" ResourceId="2" />
							<Origin X="0" Y="0" />
							<Text>5</Text>
							<Size Width="7.126" Height="8.162108" />
							<Brush>
								<SolidBrush Color="#FF000000" />
							</Brush>
							<Tag>convertedFont</Tag>
						</Glyphs>
						<Glyphs OutlineWidth="0.5" CharSpace="0" RenderTransform="0.5968368 0 -0 0.5968368 142.4492 712.475">
							<Font SizePoints="14" Style="Regular" FamilyName="CSMVMI+BlissPro" Capitals="Normal" ResourceId="2" />
							<Origin X="0" Y="0" />
							<Text> </Text>
							<Size Width="3.094" Height="8.162108" />
							<Brush>
								<SolidBrush Color="#FF000000" />
							</Brush>
							<Tag>convertedFont</Tag>
						</Glyphs>
						<Glyphs OutlineWidth="0.5" CharSpace="0" RenderTransform="0.5968368 0 -0 0.5968368 144.305 712.475">
							<Font SizePoints="14" Style="Regular" FamilyName="CSMVMI+BlissPro" Capitals="Normal" ResourceId="2" />
							<Origin X="0" Y="0" />
							<Text>к</Text>
							<Size Width="6.496" Height="8.162108" />
							<Brush>
								<SolidBrush Color="#FF000000" />
							</Brush>
							<Tag>convertedFont</Tag>
						</Glyphs>
						<Glyphs OutlineWidth="0.5" CharSpace="0" RenderTransform="0.5968368 0 -0 0.5968368 148.2124 712.475">
							<Font SizePoints="14" Style="Regular" FamilyName="CSMVMI+BlissPro" Capitals="Normal" ResourceId="2" />
							<Origin X="0" Y="0" />
							<Text>В</Text>
							<Size Width="7.63" Height="8.162108" />
							<Brush>
								<SolidBrush Color="#FF000000" />
							</Brush>
							<Tag>convertedFont</Tag>
						</Glyphs>
						<Glyphs OutlineWidth="0.5" CharSpace="0" RenderTransform="0.5968368 0 -0 0.5968368 152.8006 712.475">
							<Font SizePoints="14" Style="Regular" FamilyName="CSMVMI+BlissPro" Capitals="Normal" ResourceId="2" />
							<Origin X="0" Y="0" />
							<Text>т</Text>
							<Size Width="6.174" Height="8.162108" />
							<Brush>
								<SolidBrush Color="#FF000000" />
							</Brush>
							<Tag>convertedFont</Tag>
						</Glyphs>
						<Glyphs OutlineWidth="0.5" CharSpace="0" RenderTransform="0.5968368 0 -0 0.5968368 213.51941 712.475">
							<Font SizePoints="14" Style="Regular" FamilyName="CSMVMI+BlissPro" Capitals="Normal" ResourceId="2" />
							<Origin X="0" Y="0" />
							<Text>3</Text>
							<Size Width="7.448" Height="8.162108" />
							<Brush>
								<SolidBrush Color="#FF000000" />
							</Brush>
							<Tag>convertedFont</Tag>
						</Glyphs>
						<Glyphs OutlineWidth="0.5" CharSpace="0" RenderTransform="0.5968368 0 -0 0.5968368 217.99568 712.475">
							<Font SizePoints="14" Style="Regular" FamilyName="CSMVMI+BlissPro" Capitals="Normal" ResourceId="2" />
							<Origin X="0" Y="0" />
							<Text>9</Text>
							<Size Width="7.476" Height="8.162108" />
							<Brush>
								<SolidBrush Color="#FF000000" />
							</Brush>
							<Tag>convertedFont</Tag>
						</Glyphs>
						<Glyphs OutlineWidth="0.5" CharSpace="0" RenderTransform="0.5968368 0 -0 0.5968368 222.49062 712.475">
							<Font SizePoints="14" Style="Regular" FamilyName="CSMVMI+BlissPro" Capitals="Normal" ResourceId="2" />
							<Origin X="0" Y="0" />
							<Text>0</Text>
							<Size Width="7.756" Height="8.162108" />
							<Brush>
								<SolidBrush Color="#FF000000" />
							</Brush>
							<Tag>convertedFont</Tag>
						</Glyphs>
						<Glyphs OutlineWidth="0.5" CharSpace="0" RenderTransform="0.5968368 0 -0 0.5968368 227.14407 712.475">
							<Font SizePoints="14" Style="Regular" FamilyName="CSMVMI+BlissPro" Capitals="Normal" ResourceId="2" />
							<Origin X="0" Y="0" />
							<Text>x</Text>
							<Size Width="6.384" Height="8.162108" />
							<Brush>
								<SolidBrush Color="#FF000000" />
							</Brush>
							<Tag>convertedFont</Tag>
						</Glyphs>
						<Glyphs OutlineWidth="0.5" CharSpace="0" RenderTransform="0.5968368 0 -0 0.5968368 230.9862 712.475">
							<Font SizePoints="14" Style="Regular" FamilyName="CSMVMI+BlissPro" Capitals="Normal" ResourceId="2" />
							<Origin X="0" Y="0" />
							<Text>6</Text>
							<Size Width="7.56" Height="8.162108" />
							<Brush>
								<SolidBrush Color="#FF000000" />
							</Brush>
							<Tag>convertedFont</Tag>
						</Glyphs>
						<Glyphs OutlineWidth="0.5" CharSpace="0" RenderTransform="0.5968368 0 -0 0.5968368 235.52777 712.475">
							<Font SizePoints="14" Style="Regular" FamilyName="CSMVMI+BlissPro" Capitals="Normal" ResourceId="2" />
							<Origin X="0" Y="0" />
							<Text>1</Text>
							<Size Width="5.852" Height="8.162108" />
							<Brush>
								<SolidBrush Color="#FF000000" />
							</Brush>
							<Tag>convertedFont</Tag>
						</Glyphs>
						<Glyphs OutlineWidth="0.5" CharSpace="0" RenderTransform="0.5968368 0 -0 0.5968368 239.0435 712.475">
							<Font SizePoints="14" Style="Regular" FamilyName="CSMVMI+BlissPro" Capitals="Normal" ResourceId="2" />
							<Origin X="0" Y="0" />
							<Text>0</Text>
							<Size Width="7.756" Height="8.162108" />
							<Brush>
								<SolidBrush Color="#FF000000" />
							</Brush>
							<Tag>convertedFont</Tag>
						</Glyphs>
						<Glyphs OutlineWidth="0.5" CharSpace="0" RenderTransform="0.5968368 0 -0 0.5968368 243.69698 712.475">
							<Font SizePoints="14" Style="Regular" FamilyName="CSMVMI+BlissPro" Capitals="Normal" ResourceId="2" />
							<Origin X="0" Y="0" />
							<Text>x</Text>
							<Size Width="6.384" Height="8.162108" />
							<Brush>
								<SolidBrush Color="#FF000000" />
							</Brush>
							<Tag>convertedFont</Tag>
						</Glyphs>
						<Glyphs OutlineWidth="0.5" CharSpace="0" RenderTransform="0.5968368 0 -0 0.5968368 247.53911 712.475">
							<Font SizePoints="14" Style="Regular" FamilyName="CSMVMI+BlissPro" Capitals="Normal" ResourceId="2" />
							<Origin X="0" Y="0" />
							<Text>2</Text>
							<Size Width="7.154" Height="8.162108" />
							<Brush>
								<SolidBrush Color="#FF000000" />
							</Brush>
							<Tag>convertedFont</Tag>
						</Glyphs>
						<Glyphs OutlineWidth="0.5" CharSpace="0" RenderTransform="0.5968368 0 -0 0.5968368 251.8382 712.475">
							<Font SizePoints="14" Style="Regular" FamilyName="CSMVMI+BlissPro" Capitals="Normal" ResourceId="2" />
							<Origin X="0" Y="0" />
							<Text>9</Text>
							<Size Width="7.476" Height="8.162108" />
							<Brush>
								<SolidBrush Color="#FF000000" />
							</Brush>
							<Tag>convertedFont</Tag>
						</Glyphs>
						<Glyphs OutlineWidth="0.5" CharSpace="0" RenderTransform="0.5968368 0 -0 0.5968368 256.33313 712.475">
							<Font SizePoints="14" Style="Regular" FamilyName="CSMVMI+BlissPro" Capitals="Normal" ResourceId="2" />
							<Origin X="0" Y="0" />
							<Text>0</Text>
							<Size Width="7.756" Height="8.162108" />
							<Brush>
								<SolidBrush Color="#FF000000" />
							</Brush>
							<Tag>convertedFont</Tag>
						</Glyphs>
						<Glyphs OutlineWidth="0.5" CharSpace="0" RenderTransform="0.5968368 0 -0 0.5968368 291.70502 712.475">
							<Font SizePoints="14" Style="Regular" FamilyName="CSMVMI+BlissPro" Capitals="Normal" ResourceId="2" />
							<Origin X="0" Y="0" />
							<Text>1</Text>
							<Size Width="5.852" Height="8.162108" />
							<Brush>
								<SolidBrush Color="#FF000000" />
							</Brush>
							<Tag>convertedFont</Tag>
						</Glyphs>
						<Glyphs OutlineWidth="0.5" CharSpace="0" RenderTransform="0.5968368 0 -0 0.5968368 295.22076 712.475">
							<Font SizePoints="14" Style="Regular" FamilyName="CSMVMI+BlissPro" Capitals="Normal" ResourceId="2" />
							<Origin X="0" Y="0" />
							<Text>1</Text>
							<Size Width="5.852" Height="8.162108" />
							<Brush>
								<SolidBrush Color="#FF000000" />
							</Brush>
							<Tag>convertedFont</Tag>
						</Glyphs>
						<Glyphs OutlineWidth="0.5" CharSpace="0" RenderTransform="0.5968368 0 -0 0.5968368 326.9184 712.475">
							<Font SizePoints="14" Style="Regular" FamilyName="CSMVMI+BlissPro" Capitals="Normal" ResourceId="2" />
							<Origin X="0" Y="0" />
							<Text>2</Text>
							<Size Width="7.154" Height="8.162108" />
							<Brush>
								<SolidBrush Color="#FF000000" />
							</Brush>
							<Tag>convertedFont</Tag>
						</Glyphs>
						<Glyphs OutlineWidth="0.5" CharSpace="0" RenderTransform="0.5968368 0 -0 0.5968368 331.2175 712.475">
							<Font SizePoints="14" Style="Regular" FamilyName="CSMVMI+BlissPro" Capitals="Normal" ResourceId="2" />
							<Origin X="0" Y="0" />
							<Text>.</Text>
							<Size Width="3.276" Height="8.162108" />
							<Brush>
								<SolidBrush Color="#FF000000" />
							</Brush>
							<Tag>convertedFont</Tag>
						</Glyphs>
						<Glyphs OutlineWidth="0.5" CharSpace="0" RenderTransform="0.5968368 0 -0 0.5968368 333.18518 712.475">
							<Font SizePoints="14" Style="Regular" FamilyName="CSMVMI+BlissPro" Capitals="Normal" ResourceId="2" />
							<Origin X="0" Y="0" />
							<Text>5</Text>
							<Size Width="7.126" Height="8.162108" />
							<Brush>
								<SolidBrush Color="#FF000000" />
							</Brush>
							<Tag>convertedFont</Tag>
						</Glyphs>
						<Glyphs OutlineWidth="0.5" CharSpace="0" RenderTransform="0.5968368 0 -0 0.5968368 381.8274 712.475">
							<Font SizePoints="14" Style="Regular" FamilyName="CSMVMI+BlissPro" Capitals="Normal" ResourceId="2" />
							<Origin X="0" Y="0" />
							<Text>-</Text>
							<Size Width="4.984" Height="8.162108" />
							<Brush>
								<SolidBrush Color="#FF000000" />
							</Brush>
							<Tag>convertedFont</Tag>
						</Glyphs>
						<Glyphs OutlineWidth="0.5" CharSpace="0" RenderTransform="0.5968368 0 -0 0.5968368 455.83514 712.475">
							<Font SizePoints="14" Style="Regular" FamilyName="CSMVMI+BlissPro" Capitals="Normal" ResourceId="2" />
							<Origin X="0" Y="0" />
							<Text>-</Text>
							<Size Width="4.984" Height="8.162108" />
							<Brush>
								<SolidBrush Color="#FF000000" />
							</Brush>
							<Tag>convertedFont</Tag>
						</Glyphs>
						<Glyphs OutlineWidth="0.5" CharSpace="0" RenderTransform="0.5968368 0 -0 0.5968368 492.83902 712.475">
							<Font SizePoints="14" Style="Regular" FamilyName="CSMVMI+BlissPro" Capitals="Normal" ResourceId="2" />
							<Origin X="0" Y="0" />
							<Text>-</Text>
							<Size Width="4.984" Height="8.162108" />
							<Brush>
								<SolidBrush Color="#FF000000" />
							</Brush>
							<Tag>convertedFont</Tag>
						</Glyphs>
						<Glyphs OutlineWidth="0.5" CharSpace="0" RenderTransform="0.5968368 0 -0 0.5968368 57.148167 728.5896">
							<Font SizePoints="14" Style="Regular" FamilyName="CSMVMI+BlissPro" Capitals="Normal" ResourceId="2" />
							<Origin X="0" Y="0" />
							<Text>В</Text>
							<Size Width="7.63" Height="8.162108" />
							<Brush>
								<SolidBrush Color="#FF000000" />
							</Brush>
							<Tag>convertedFont</Tag>
						</Glyphs>
						<Glyphs OutlineWidth="0.5" CharSpace="0" RenderTransform="0.5968368 0 -0 0.5968368 61.73635 728.5896">
							<Font SizePoints="14" Style="Regular" FamilyName="CSMVMI+BlissPro" Capitals="Normal" ResourceId="2" />
							<Origin X="0" Y="0" />
							<Text>е</Text>
							<Size Width="6.636" Height="8.162108" />
							<Brush>
								<SolidBrush Color="#FF000000" />
							</Brush>
							<Tag>convertedFont</Tag>
						</Glyphs>
						<Glyphs OutlineWidth="0.5" CharSpace="0" RenderTransform="0.5968368 0 -0 0.5968368 65.72769 728.5896">
							<Font SizePoints="14" Style="Regular" FamilyName="CSMVMI+BlissPro" Capitals="Normal" ResourceId="2" />
							<Origin X="0" Y="0" />
							<Text>н</Text>
							<Size Width="7.266" Height="8.162108" />
							<Brush>
								<SolidBrush Color="#FF000000" />
							</Brush>
							<Tag>convertedFont</Tag>
						</Glyphs>
						<Glyphs OutlineWidth="0.5" CharSpace="0" RenderTransform="0.5968368 0 -0 0.5968368 70.092064 728.5896">
							<Font SizePoints="14" Style="Regular" FamilyName="CSMVMI+BlissPro" Capitals="Normal" ResourceId="2" />
							<Origin X="0" Y="0" />
							<Text>т</Text>
							<Size Width="6.174" Height="8.162108" />
							<Brush>
								<SolidBrush Color="#FF000000" />
							</Brush>
							<Tag>convertedFont</Tag>
						</Glyphs>
						<Glyphs OutlineWidth="0.5" CharSpace="0" RenderTransform="0.5968368 0 -0 0.5968368 73.80364 728.5896">
							<Font SizePoints="14" Style="Regular" FamilyName="CSMVMI+BlissPro" Capitals="Normal" ResourceId="2" />
							<Origin X="0" Y="0" />
							<Text>и</Text>
							<Size Width="7.518" Height="8.162108" />
							<Brush>
								<SolidBrush Color="#FF000000" />
							</Brush>
							<Tag>convertedFont</Tag>
						</Glyphs>
						<Glyphs OutlineWidth="0.5" CharSpace="0" RenderTransform="0.5968368 0 -0 0.5968368 78.31722 728.5896">
							<Font SizePoints="14" Style="Regular" FamilyName="CSMVMI+BlissPro" Capitals="Normal" ResourceId="2" />
							<Origin X="0" Y="0" />
							<Text>л</Text>
							<Size Width="7.042" Height="8.162108" />
							<Brush>
								<SolidBrush Color="#FF000000" />
							</Brush>
							<Tag>convertedFont</Tag>
						</Glyphs>
						<Glyphs OutlineWidth="0.5" CharSpace="0" RenderTransform="0.5968368 0 -0 0.5968368 82.55103 728.5896">
							<Font SizePoints="14" Style="Regular" FamilyName="CSMVMI+BlissPro" Capitals="Normal" ResourceId="2" />
							<Origin X="0" Y="0" />
							<Text>я</Text>
							<Size Width="6.678" Height="8.162108" />
							<Brush>
								<SolidBrush Color="#FF000000" />
							</Brush>
							<Tag>convertedFont</Tag>
						</Glyphs>
						<Glyphs OutlineWidth="0.5" CharSpace="0" RenderTransform="0.5968368 0 -0 0.5968368 86.561035 728.5896">
							<Font SizePoints="14" Style="Regular" FamilyName="CSMVMI+BlissPro" Capitals="Normal" ResourceId="2" />
							<Origin X="0" Y="0" />
							<Text>т</Text>
							<Size Width="6.174" Height="8.162108" />
							<Brush>
								<SolidBrush Color="#FF000000" />
							</Brush>
							<Tag>convertedFont</Tag>
						</Glyphs>
						<Glyphs OutlineWidth="0.5" CharSpace="0" RenderTransform="0.5968368 0 -0 0.5968368 90.27261 728.5896">
							<Font SizePoints="14" Style="Regular" FamilyName="CSMVMI+BlissPro" Capitals="Normal" ResourceId="2" />
							<Origin X="0" Y="0" />
							<Text>о</Text>
							<Size Width="7.364" Height="8.162108" />
							<Brush>
								<SolidBrush Color="#FF000000" />
							</Brush>
							<Tag>convertedFont</Tag>
						</Glyphs>
						<Glyphs OutlineWidth="0.5" CharSpace="0" RenderTransform="0.5968368 0 -0 0.5968368 94.69293 728.5896">
							<Font SizePoints="14" Style="Regular" FamilyName="CSMVMI+BlissPro" Capitals="Normal" ResourceId="2" />
							<Origin X="0" Y="0" />
							<Text>р</Text>
							<Size Width="7.14" Height="8.162108" />
							<Brush>
								<SolidBrush Color="#FF000000" />
							</Brush>
							<Tag>convertedFont</Tag>
						</Glyphs>
						<Glyphs OutlineWidth="0.5" CharSpace="0" RenderTransform="0.5968368 0 -0 0.5968368 98.9827 728.5896">
							<Font SizePoints="14" Style="Regular" FamilyName="CSMVMI+BlissPro" Capitals="Normal" ResourceId="2" />
							<Origin X="0" Y="0" />
							<Text> </Text>
							<Size Width="3.094" Height="8.162108" />
							<Brush>
								<SolidBrush Color="#FF000000" />
							</Brush>
							<Tag>convertedFont</Tag>
						</Glyphs>
						<Glyphs OutlineWidth="0.5" CharSpace="0" RenderTransform="0.5968368 0 -0 0.5968368 100.838486 728.5896">
							<Font SizePoints="14" Style="Regular" FamilyName="CSMVMI+BlissPro" Capitals="Normal" ResourceId="2" />
							<Origin X="0" Y="0" />
							<Text>5</Text>
							<Size Width="7.126" Height="8.162108" />
							<Brush>
								<SolidBrush Color="#FF000000" />
							</Brush>
							<Tag>convertedFont</Tag>
						</Glyphs>
						<Glyphs OutlineWidth="0.5" CharSpace="0" RenderTransform="0.5968368 0 -0 0.5968368 105.11893 728.5896">
							<Font SizePoints="14" Style="Regular" FamilyName="CSMVMI+BlissPro" Capitals="Normal" ResourceId="2" />
							<Origin X="0" Y="0" />
							<Text>0</Text>
							<Size Width="7.756" Height="8.162108" />
							<Brush>
								<SolidBrush Color="#FF000000" />
							</Brush>
							<Tag>convertedFont</Tag>
						</Glyphs>
						<Glyphs OutlineWidth="0.5" CharSpace="0" RenderTransform="0.5968368 0 -0 0.5968368 109.772385 728.5896">
							<Font SizePoints="14" Style="Regular" FamilyName="CSMVMI+BlissPro" Capitals="Normal" ResourceId="2" />
							<Origin X="0" Y="0" />
							<Text>-</Text>
							<Size Width="4.984" Height="8.162108" />
							<Brush>
								<SolidBrush Color="#FF000000" />
							</Brush>
							<Tag>convertedFont</Tag>
						</Glyphs>
						<Glyphs OutlineWidth="0.5" CharSpace="0" RenderTransform="0.5968368 0 -0 0.5968368 112.7659 728.5896">
							<Font SizePoints="14" Style="Regular" FamilyName="CSMVMI+BlissPro" Capitals="Normal" ResourceId="2" />
							<Origin X="0" Y="0" />
							<Text>2</Text>
							<Size Width="7.154" Height="8.162108" />
							<Brush>
								<SolidBrush Color="#FF000000" />
							</Brush>
							<Tag>convertedFont</Tag>
						</Glyphs>
						<Glyphs OutlineWidth="0.5" CharSpace="0" RenderTransform="0.5968368 0 -0 0.5968368 117.06499 728.5896">
							<Font SizePoints="14" Style="Regular" FamilyName="CSMVMI+BlissPro" Capitals="Normal" ResourceId="2" />
							<Origin X="0" Y="0" />
							<Text>5</Text>
							<Size Width="7.126" Height="8.162108" />
							<Brush>
								<SolidBrush Color="#FF000000" />
							</Brush>
							<Tag>convertedFont</Tag>
						</Glyphs>
						<Glyphs OutlineWidth="0.5" CharSpace="0" RenderTransform="0.5968368 0 -0 0.5968368 121.34543 728.5896">
							<Font SizePoints="14" Style="Regular" FamilyName="CSMVMI+BlissPro" Capitals="Normal" ResourceId="2" />
							<Origin X="0" Y="0" />
							<Text>/</Text>
							<Size Width="5.096" Height="8.162108" />
							<Brush>
								<SolidBrush Color="#FF000000" />
							</Brush>
							<Tag>convertedFont</Tag>
						</Glyphs>
						<Glyphs OutlineWidth="0.5" CharSpace="0" RenderTransform="0.5968368 0 -0 0.5968368 124.40421 728.5896">
							<Font SizePoints="14" Style="Regular" FamilyName="CSMVMI+BlissPro" Capitals="Normal" ResourceId="2" />
							<Origin X="0" Y="0" />
							<Text>2</Text>
							<Size Width="7.154" Height="8.162108" />
							<Brush>
								<SolidBrush Color="#FF000000" />
							</Brush>
							<Tag>convertedFont</Tag>
						</Glyphs>
						<Glyphs OutlineWidth="0.5" CharSpace="0" RenderTransform="0.5968368 0 -0 0.5968368 128.70331 728.5896">
							<Font SizePoints="14" Style="Regular" FamilyName="CSMVMI+BlissPro" Capitals="Normal" ResourceId="2" />
							<Origin X="0" Y="0" />
							<Text>2</Text>
							<Size Width="7.154" Height="8.162108" />
							<Brush>
								<SolidBrush Color="#FF000000" />
							</Brush>
							<Tag>convertedFont</Tag>
						</Glyphs>
						<Glyphs OutlineWidth="0.5" CharSpace="0" RenderTransform="0.5968368 0 -0 0.5968368 133.0024 728.5896">
							<Font SizePoints="14" Style="Regular" FamilyName="CSMVMI+BlissPro" Capitals="Normal" ResourceId="2" />
							<Origin X="0" Y="0" />
							<Text>R</Text>
							<Size Width="7.728" Height="8.162108" />
							<Brush>
								<SolidBrush Color="#FF000000" />
							</Brush>
							<Tag>convertedFont</Tag>
						</Glyphs>
						<Glyphs OutlineWidth="0.5" CharSpace="0" RenderTransform="0.5968368 0 -0 0.5968368 137.64653 728.5896">
							<Font SizePoints="14" Style="Regular" FamilyName="CSMVMI+BlissPro" Capitals="Normal" ResourceId="2" />
							<Origin X="0" Y="0" />
							<Text>.</Text>
							<Size Width="3.276" Height="8.162108" />
							<Brush>
								<SolidBrush Color="#FF000000" />
							</Brush>
							<Tag>convertedFont</Tag>
						</Glyphs>
						<Glyphs OutlineWidth="0.5" CharSpace="0" RenderTransform="0.5968368 0 -0 0.5968368 139.61423 728.5896">
							<Font SizePoints="14" Style="Regular" FamilyName="CSMVMI+BlissPro" Capitals="Normal" ResourceId="2" />
							<Origin X="0" Y="0" />
							<Text>2</Text>
							<Size Width="7.154" Height="8.162108" />
							<Brush>
								<SolidBrush Color="#FF000000" />
							</Brush>
							<Tag>convertedFont</Tag>
						</Glyphs>
						<Glyphs OutlineWidth="0.5" CharSpace="0" RenderTransform="0.5968368 0 -0 0.5968368 143.91331 728.5896">
							<Font SizePoints="14" Style="Regular" FamilyName="CSMVMI+BlissPro" Capitals="Normal" ResourceId="2" />
							<Origin X="0" Y="0" />
							<Text>D</Text>
							<Size Width="9.212" Height="8.162108" />
							<Brush>
								<SolidBrush Color="#FF000000" />
							</Brush>
							<Tag>convertedFont</Tag>
						</Glyphs>
						<Glyphs OutlineWidth="0.5" CharSpace="0" RenderTransform="0.5968368 0 -0 0.5968368 213.51941 728.5896">
							<Font SizePoints="14" Style="Regular" FamilyName="CSMVMI+BlissPro" Capitals="Normal" ResourceId="2" />
							<Origin X="0" Y="0" />
							<Text>4</Text>
							<Size Width="7.784" Height="8.162108" />
							<Brush>
								<SolidBrush Color="#FF000000" />
							</Brush>
							<Tag>convertedFont</Tag>
						</Glyphs>
						<Glyphs OutlineWidth="0.5" CharSpace="0" RenderTransform="0.5968368 0 -0 0.5968368 218.19153 728.5896">
							<Font SizePoints="14" Style="Regular" FamilyName="CSMVMI+BlissPro" Capitals="Normal" ResourceId="2" />
							<Origin X="0" Y="0" />
							<Text>1</Text>
							<Size Width="5.852" Height="8.162108" />
							<Brush>
								<SolidBrush Color="#FF000000" />
							</Brush>
							<Tag>convertedFont</Tag>
						</Glyphs>
						<Glyphs OutlineWidth="0.5" CharSpace="0" RenderTransform="0.5968368 0 -0 0.5968368 221.70726 728.5896">
							<Font SizePoints="14" Style="Regular" FamilyName="CSMVMI+BlissPro" Capitals="Normal" ResourceId="2" />
							<Origin X="0" Y="0" />
							<Text>6</Text>
							<Size Width="7.56" Height="8.162108" />
							<Brush>
								<SolidBrush Color="#FF000000" />
							</Brush>
							<Tag>convertedFont</Tag>
						</Glyphs>
						<Glyphs OutlineWidth="0.5" CharSpace="0" RenderTransform="0.5968368 0 -0 0.5968368 226.24883 728.5896">
							<Font SizePoints="14" Style="Regular" FamilyName="CSMVMI+BlissPro" Capitals="Normal" ResourceId="2" />
							<Origin X="0" Y="0" />
							<Text>x</Text>
							<Size Width="6.384" Height="8.162108" />
							<Brush>
								<SolidBrush Color="#FF000000" />
							</Brush>
							<Tag>convertedFont</Tag>
						</Glyphs>
						<Glyphs OutlineWidth="0.5" CharSpace="0" RenderTransform="0.5968368 0 -0 0.5968368 230.09096 728.5896">
							<Font SizePoints="14" Style="Regular" FamilyName="CSMVMI+BlissPro" Capitals="Normal" ResourceId="2" />
							<Origin X="0" Y="0" />
							<Text>5</Text>
							<Size Width="7.126" Height="8.162108" />
							<Brush>
								<SolidBrush Color="#FF000000" />
							</Brush>
							<Tag>convertedFont</Tag>
						</Glyphs>
						<Glyphs OutlineWidth="0.5" CharSpace="0" RenderTransform="0.5968368 0 -0 0.5968368 234.3714 728.5896">
							<Font SizePoints="14" Style="Regular" FamilyName="CSMVMI+BlissPro" Capitals="Normal" ResourceId="2" />
							<Origin X="0" Y="0" />
							<Text>4</Text>
							<Size Width="7.784" Height="8.162108" />
							<Brush>
								<SolidBrush Color="#FF000000" />
							</Brush>
							<Tag>convertedFont</Tag>
						</Glyphs>
						<Glyphs OutlineWidth="0.5" CharSpace="0" RenderTransform="0.5968368 0 -0 0.5968368 239.0435 728.5896">
							<Font SizePoints="14" Style="Regular" FamilyName="CSMVMI+BlissPro" Capitals="Normal" ResourceId="2" />
							<Origin X="0" Y="0" />
							<Text>0</Text>
							<Size Width="7.756" Height="8.162108" />
							<Brush>
								<SolidBrush Color="#FF000000" />
							</Brush>
							<Tag>convertedFont</Tag>
						</Glyphs>
						<Glyphs OutlineWidth="0.5" CharSpace="0" RenderTransform="0.5968368 0 -0 0.5968368 243.69698 728.5896">
							<Font SizePoints="14" Style="Regular" FamilyName="CSMVMI+BlissPro" Capitals="Normal" ResourceId="2" />
							<Origin X="0" Y="0" />
							<Text>x</Text>
							<Size Width="6.384" Height="8.162108" />
							<Brush>
								<SolidBrush Color="#FF000000" />
							</Brush>
							<Tag>convertedFont</Tag>
						</Glyphs>
						<Glyphs OutlineWidth="0.5" CharSpace="0" RenderTransform="0.5968368 0 -0 0.5968368 247.53911 728.5896">
							<Font SizePoints="14" Style="Regular" FamilyName="CSMVMI+BlissPro" Capitals="Normal" ResourceId="2" />
							<Origin X="0" Y="0" />
							<Text>2</Text>
							<Size Width="7.154" Height="8.162108" />
							<Brush>
								<SolidBrush Color="#FF000000" />
							</Brush>
							<Tag>convertedFont</Tag>
						</Glyphs>
						<Glyphs OutlineWidth="0.5" CharSpace="0" RenderTransform="0.5968368 0 -0 0.5968368 251.8382 728.5896">
							<Font SizePoints="14" Style="Regular" FamilyName="CSMVMI+BlissPro" Capitals="Normal" ResourceId="2" />
							<Origin X="0" Y="0" />
							<Text>9</Text>
							<Size Width="7.476" Height="8.162108" />
							<Brush>
								<SolidBrush Color="#FF000000" />
							</Brush>
							<Tag>convertedFont</Tag>
						</Glyphs>
						<Glyphs OutlineWidth="0.5" CharSpace="0" RenderTransform="0.5968368 0 -0 0.5968368 256.33313 728.5896">
							<Font SizePoints="14" Style="Regular" FamilyName="CSMVMI+BlissPro" Capitals="Normal" ResourceId="2" />
							<Origin X="0" Y="0" />
							<Text>0</Text>
							<Size Width="7.756" Height="8.162108" />
							<Brush>
								<SolidBrush Color="#FF000000" />
							</Brush>
							<Tag>convertedFont</Tag>
						</Glyphs>
						<Glyphs OutlineWidth="0.5" CharSpace="0" RenderTransform="0.5968368 0 -0 0.5968368 291.70502 728.5896">
							<Font SizePoints="14" Style="Regular" FamilyName="CSMVMI+BlissPro" Capitals="Normal" ResourceId="2" />
							<Origin X="0" Y="0" />
							<Text>1</Text>
							<Size Width="5.852" Height="8.162108" />
							<Brush>
								<SolidBrush Color="#FF000000" />
							</Brush>
							<Tag>convertedFont</Tag>
						</Glyphs>
						<Glyphs OutlineWidth="0.5" CharSpace="0" RenderTransform="0.5968368 0 -0 0.5968368 295.22076 728.5896">
							<Font SizePoints="14" Style="Regular" FamilyName="CSMVMI+BlissPro" Capitals="Normal" ResourceId="2" />
							<Origin X="0" Y="0" />
							<Text>9</Text>
							<Size Width="7.476" Height="8.162108" />
							<Brush>
								<SolidBrush Color="#FF000000" />
							</Brush>
							<Tag>convertedFont</Tag>
						</Glyphs>
						<Glyphs OutlineWidth="0.5" CharSpace="0" RenderTransform="0.5968368 0 -0 0.5968368 299.7157 728.5896">
							<Font SizePoints="14" Style="Regular" FamilyName="CSMVMI+BlissPro" Capitals="Normal" ResourceId="2" />
							<Origin X="0" Y="0" />
							<Text>.</Text>
							<Size Width="3.276" Height="8.162108" />
							<Brush>
								<SolidBrush Color="#FF000000" />
							</Brush>
							<Tag>convertedFont</Tag>
						</Glyphs>
						<Glyphs OutlineWidth="0.5" CharSpace="0" RenderTransform="0.5968368 0 -0 0.5968368 301.6834 728.5896">
							<Font SizePoints="14" Style="Regular" FamilyName="CSMVMI+BlissPro" Capitals="Normal" ResourceId="2" />
							<Origin X="0" Y="0" />
							<Text>5</Text>
							<Size Width="7.126" Height="8.162108" />
							<Brush>
								<SolidBrush Color="#FF000000" />
							</Brush>
							<Tag>convertedFont</Tag>
						</Glyphs>
						<Glyphs OutlineWidth="0.5" CharSpace="0" RenderTransform="0.5968368 0 -0 0.5968368 328.70892 728.5896">
							<Font SizePoints="14" Style="Regular" FamilyName="CSMVMI+BlissPro" Capitals="Normal" ResourceId="2" />
							<Origin X="0" Y="0" />
							<Text>0</Text>
							<Size Width="7.756" Height="8.162108" />
							<Brush>
								<SolidBrush Color="#FF000000" />
							</Brush>
							<Tag>convertedFont</Tag>
						</Glyphs>
						<Glyphs OutlineWidth="0.5" CharSpace="0" RenderTransform="0.5968368 0 -0 0.5968368 381.8274 728.5896">
							<Font SizePoints="14" Style="Regular" FamilyName="CSMVMI+BlissPro" Capitals="Normal" ResourceId="2" />
							<Origin X="0" Y="0" />
							<Text>4</Text>
							<Size Width="7.784" Height="8.162108" />
							<Brush>
								<SolidBrush Color="#FF000000" />
							</Brush>
							<Tag>convertedFont</Tag>
						</Glyphs>
						<Glyphs OutlineWidth="0.5" CharSpace="0" RenderTransform="0.5968368 0 -0 0.5968368 386.4995 728.5896">
							<Font SizePoints="14" Style="Regular" FamilyName="CSMVMI+BlissPro" Capitals="Normal" ResourceId="2" />
							<Origin X="0" Y="0" />
							<Text>1</Text>
							<Size Width="5.852" Height="8.162108" />
							<Brush>
								<SolidBrush Color="#FF000000" />
							</Brush>
							<Tag>convertedFont</Tag>
						</Glyphs>
						<Glyphs OutlineWidth="0.5" CharSpace="0" RenderTransform="0.5968368 0 -0 0.5968368 390.01526 728.5896">
							<Font SizePoints="14" Style="Regular" FamilyName="CSMVMI+BlissPro" Capitals="Normal" ResourceId="2" />
							<Origin X="0" Y="0" />
							<Text>6</Text>
							<Size Width="7.56" Height="8.162108" />
							<Brush>
								<SolidBrush Color="#FF000000" />
							</Brush>
							<Tag>convertedFont</Tag>
						</Glyphs>
						<Glyphs OutlineWidth="0.5" CharSpace="0" RenderTransform="0.5968368 0 -0 0.5968368 394.5568 728.5896">
							<Font SizePoints="14" Style="Regular" FamilyName="CSMVMI+BlissPro" Capitals="Normal" ResourceId="2" />
							<Origin X="0" Y="0" />
							<Text>x</Text>
							<Size Width="6.384" Height="8.162108" />
							<Brush>
								<SolidBrush Color="#FF000000" />
							</Brush>
							<Tag>convertedFont</Tag>
						</Glyphs>
						<Glyphs OutlineWidth="0.5" CharSpace="0" RenderTransform="0.5968368 0 -0 0.5968368 398.39893 728.5896">
							<Font SizePoints="14" Style="Regular" FamilyName="CSMVMI+BlissPro" Capitals="Normal" ResourceId="2" />
							<Origin X="0" Y="0" />
							<Text>5</Text>
							<Size Width="7.126" Height="8.162108" />
							<Brush>
								<SolidBrush Color="#FF000000" />
							</Brush>
							<Tag>convertedFont</Tag>
						</Glyphs>
						<Glyphs OutlineWidth="0.5" CharSpace="0" RenderTransform="0.5968368 0 -0 0.5968368 402.67938 728.5896">
							<Font SizePoints="14" Style="Regular" FamilyName="CSMVMI+BlissPro" Capitals="Normal" ResourceId="2" />
							<Origin X="0" Y="0" />
							<Text>4</Text>
							<Size Width="7.784" Height="8.162108" />
							<Brush>
								<SolidBrush Color="#FF000000" />
							</Brush>
							<Tag>convertedFont</Tag>
						</Glyphs>
						<Glyphs OutlineWidth="0.5" CharSpace="0" RenderTransform="0.5968368 0 -0 0.5968368 407.3515 728.5896">
							<Font SizePoints="14" Style="Regular" FamilyName="CSMVMI+BlissPro" Capitals="Normal" ResourceId="2" />
							<Origin X="0" Y="0" />
							<Text>0</Text>
							<Size Width="7.756" Height="8.162108" />
							<Brush>
								<SolidBrush Color="#FF000000" />
							</Brush>
							<Tag>convertedFont</Tag>
						</Glyphs>
						<Glyphs OutlineWidth="0.5" CharSpace="0" RenderTransform="0.5968368 0 -0 0.5968368 412.00494 728.5896">
							<Font SizePoints="14" Style="Regular" FamilyName="CSMVMI+BlissPro" Capitals="Normal" ResourceId="2" />
							<Origin X="0" Y="0" />
							<Text>x</Text>
							<Size Width="6.384" Height="8.162108" />
							<Brush>
								<SolidBrush Color="#FF000000" />
							</Brush>
							<Tag>convertedFont</Tag>
						</Glyphs>
						<Glyphs OutlineWidth="0.5" CharSpace="0" RenderTransform="0.5968368 0 -0 0.5968368 415.84708 728.5896">
							<Font SizePoints="14" Style="Regular" FamilyName="CSMVMI+BlissPro" Capitals="Normal" ResourceId="2" />
							<Origin X="0" Y="0" />
							<Text>2</Text>
							<Size Width="7.154" Height="8.162108" />
							<Brush>
								<SolidBrush Color="#FF000000" />
							</Brush>
							<Tag>convertedFont</Tag>
						</Glyphs>
						<Glyphs OutlineWidth="0.5" CharSpace="0" RenderTransform="0.5968368 0 -0 0.5968368 420.14618 728.5896">
							<Font SizePoints="14" Style="Regular" FamilyName="CSMVMI+BlissPro" Capitals="Normal" ResourceId="2" />
							<Origin X="0" Y="0" />
							<Text>9</Text>
							<Size Width="7.476" Height="8.162108" />
							<Brush>
								<SolidBrush Color="#FF000000" />
							</Brush>
							<Tag>convertedFont</Tag>
						</Glyphs>
						<Glyphs OutlineWidth="0.5" CharSpace="0" RenderTransform="0.5968368 0 -0 0.5968368 424.6411 728.5896">
							<Font SizePoints="14" Style="Regular" FamilyName="CSMVMI+BlissPro" Capitals="Normal" ResourceId="2" />
							<Origin X="0" Y="0" />
							<Text>0</Text>
							<Size Width="7.756" Height="8.162108" />
							<Brush>
								<SolidBrush Color="#FF000000" />
							</Brush>
							<Tag>convertedFont</Tag>
						</Glyphs>
						<Glyphs OutlineWidth="0.5" CharSpace="0" RenderTransform="0.5968368 0 -0 0.5968368 460.013 728.5896">
							<Font SizePoints="14" Style="Regular" FamilyName="CSMVMI+BlissPro" Capitals="Normal" ResourceId="2" />
							<Origin X="0" Y="0" />
							<Text>1</Text>
							<Size Width="5.852" Height="8.162108" />
							<Brush>
								<SolidBrush Color="#FF000000" />
							</Brush>
							<Tag>convertedFont</Tag>
						</Glyphs>
						<Glyphs OutlineWidth="0.5" CharSpace="0" RenderTransform="0.5968368 0 -0 0.5968368 463.52875 728.5896">
							<Font SizePoints="14" Style="Regular" FamilyName="CSMVMI+BlissPro" Capitals="Normal" ResourceId="2" />
							<Origin X="0" Y="0" />
							<Text>9</Text>
							<Size Width="7.476" Height="8.162108" />
							<Brush>
								<SolidBrush Color="#FF000000" />
							</Brush>
							<Tag>convertedFont</Tag>
						</Glyphs>
						<Glyphs OutlineWidth="0.5" CharSpace="0" RenderTransform="0.5968368 0 -0 0.5968368 468.02368 728.5896">
							<Font SizePoints="14" Style="Regular" FamilyName="CSMVMI+BlissPro" Capitals="Normal" ResourceId="2" />
							<Origin X="0" Y="0" />
							<Text>.</Text>
							<Size Width="3.276" Height="8.162108" />
							<Brush>
								<SolidBrush Color="#FF000000" />
							</Brush>
							<Tag>convertedFont</Tag>
						</Glyphs>
						<Glyphs OutlineWidth="0.5" CharSpace="0" RenderTransform="0.5968368 0 -0 0.5968368 469.99136 728.5896">
							<Font SizePoints="14" Style="Regular" FamilyName="CSMVMI+BlissPro" Capitals="Normal" ResourceId="2" />
							<Origin X="0" Y="0" />
							<Text>5</Text>
							<Size Width="7.126" Height="8.162108" />
							<Brush>
								<SolidBrush Color="#FF000000" />
							</Brush>
							<Tag>convertedFont</Tag>
						</Glyphs>
						<Glyphs OutlineWidth="0.5" CharSpace="0" RenderTransform="0.5968368 0 -0 0.5968368 497.0169 728.5896">
							<Font SizePoints="14" Style="Regular" FamilyName="CSMVMI+BlissPro" Capitals="Normal" ResourceId="2" />
							<Origin X="0" Y="0" />
							<Text>0</Text>
							<Size Width="7.756" Height="8.162108" />
							<Brush>
								<SolidBrush Color="#FF000000" />
							</Brush>
							<Tag>convertedFont</Tag>
						</Glyphs>
						<Glyphs OutlineWidth="0.5" CharSpace="0" RenderTransform="0.5968368 0 -0 0.5968368 57.148167 744.70416">
							<Font SizePoints="14" Style="Regular" FamilyName="CSMVMI+BlissPro" Capitals="Normal" ResourceId="2" />
							<Origin X="0" Y="0" />
							<Text>Г</Text>
							<Size Width="6.062" Height="8.162108" />
							<Brush>
								<SolidBrush Color="#FF000000" />
							</Brush>
							<Tag>convertedFont</Tag>
						</Glyphs>
						<Glyphs OutlineWidth="0.5" CharSpace="0" RenderTransform="0.5968368 0 -0 0.5968368 60.78514 744.70416">
							<Font SizePoints="14" Style="Regular" FamilyName="CSMVMI+BlissPro" Capitals="Normal" ResourceId="2" />
							<Origin X="0" Y="0" />
							<Text>и</Text>
							<Size Width="7.518" Height="8.162108" />
							<Brush>
								<SolidBrush Color="#FF000000" />
							</Brush>
							<Tag>convertedFont</Tag>
						</Glyphs>
						<Glyphs OutlineWidth="0.5" CharSpace="0" RenderTransform="0.5968368 0 -0 0.5968368 65.29872 744.70416">
							<Font SizePoints="14" Style="Regular" FamilyName="CSMVMI+BlissPro" Capitals="Normal" ResourceId="2" />
							<Origin X="0" Y="0" />
							<Text>б</Text>
							<Size Width="7.14" Height="8.162108" />
							<Brush>
								<SolidBrush Color="#FF000000" />
							</Brush>
							<Tag>convertedFont</Tag>
						</Glyphs>
						<Glyphs OutlineWidth="0.5" CharSpace="0" RenderTransform="0.5968368 0 -0 0.5968368 69.588486 744.70416">
							<Font SizePoints="14" Style="Regular" FamilyName="CSMVMI+BlissPro" Capitals="Normal" ResourceId="2" />
							<Origin X="0" Y="0" />
							<Text>к</Text>
							<Size Width="6.496" Height="8.162108" />
							<Brush>
								<SolidBrush Color="#FF000000" />
							</Brush>
							<Tag>convertedFont</Tag>
						</Glyphs>
						<Glyphs OutlineWidth="0.5" CharSpace="0" RenderTransform="0.5968368 0 -0 0.5968368 73.495895 744.70416">
							<Font SizePoints="14" Style="Regular" FamilyName="CSMVMI+BlissPro" Capitals="Normal" ResourceId="2" />
							<Origin X="0" Y="0" />
							<Text>а</Text>
							<Size Width="6.608" Height="8.162108" />
							<Brush>
								<SolidBrush Color="#FF000000" />
							</Brush>
							<Tag>convertedFont</Tag>
						</Glyphs>
						<Glyphs OutlineWidth="0.5" CharSpace="0" RenderTransform="0.5968368 0 -0 0.5968368 77.4686 744.70416">
							<Font SizePoints="14" Style="Regular" FamilyName="CSMVMI+BlissPro" Capitals="Normal" ResourceId="2" />
							<Origin X="0" Y="0" />
							<Text>я</Text>
							<Size Width="6.678" Height="8.162108" />
							<Brush>
								<SolidBrush Color="#FF000000" />
							</Brush>
							<Tag>convertedFont</Tag>
						</Glyphs>
						<Glyphs OutlineWidth="0.5" CharSpace="0" RenderTransform="0.5968368 0 -0 0.5968368 81.47859 744.70416">
							<Font SizePoints="14" Style="Regular" FamilyName="CSMVMI+BlissPro" Capitals="Normal" ResourceId="2" />
							<Origin X="0" Y="0" />
							<Text> </Text>
							<Size Width="3.094" Height="8.162108" />
							<Brush>
								<SolidBrush Color="#FF000000" />
							</Brush>
							<Tag>convertedFont</Tag>
						</Glyphs>
						<Glyphs OutlineWidth="0.5" CharSpace="0" RenderTransform="0.5968368 0 -0 0.5968368 83.33438 744.70416">
							<Font SizePoints="14" Style="Regular" FamilyName="CSMVMI+BlissPro" Capitals="Normal" ResourceId="2" />
							<Origin X="0" Y="0" />
							<Text>в</Text>
							<Size Width="6.538" Height="8.162108" />
							<Brush>
								<SolidBrush Color="#FF000000" />
							</Brush>
							<Tag>convertedFont</Tag>
						</Glyphs>
						<Glyphs OutlineWidth="0.5" CharSpace="0" RenderTransform="0.5968368 0 -0 0.5968368 87.269775 744.70416">
							<Font SizePoints="14" Style="Regular" FamilyName="CSMVMI+BlissPro" Capitals="Normal" ResourceId="2" />
							<Origin X="0" Y="0" />
							<Text>с</Text>
							<Size Width="6.076" Height="8.162108" />
							<Brush>
								<SolidBrush Color="#FF000000" />
							</Brush>
							<Tag>convertedFont</Tag>
						</Glyphs>
						<Glyphs OutlineWidth="0.5" CharSpace="0" RenderTransform="0.5968368 0 -0 0.5968368 90.91608 744.70416">
							<Font SizePoints="14" Style="Regular" FamilyName="CSMVMI+BlissPro" Capitals="Normal" ResourceId="2" />
							<Origin X="0" Y="0" />
							<Text>т</Text>
							<Size Width="6.174" Height="8.162108" />
							<Brush>
								<SolidBrush Color="#FF000000" />
							</Brush>
							<Tag>convertedFont</Tag>
						</Glyphs>
						<Glyphs OutlineWidth="0.5" CharSpace="0" RenderTransform="0.5968368 0 -0 0.5968368 94.627655 744.70416">
							<Font SizePoints="14" Style="Regular" FamilyName="CSMVMI+BlissPro" Capitals="Normal" ResourceId="2" />
							<Origin X="0" Y="0" />
							<Text>а</Text>
							<Size Width="6.608" Height="8.162108" />
							<Brush>
								<SolidBrush Color="#FF000000" />
							</Brush>
							<Tag>convertedFont</Tag>
						</Glyphs>
						<Glyphs OutlineWidth="0.5" CharSpace="0" RenderTransform="0.5968368 0 -0 0.5968368 98.60035 744.70416">
							<Font SizePoints="14" Style="Regular" FamilyName="CSMVMI+BlissPro" Capitals="Normal" ResourceId="2" />
							<Origin X="0" Y="0" />
							<Text>в</Text>
							<Size Width="6.538" Height="8.162108" />
							<Brush>
								<SolidBrush Color="#FF000000" />
							</Brush>
							<Tag>convertedFont</Tag>
						</Glyphs>
						<Glyphs OutlineWidth="0.5" CharSpace="0" RenderTransform="0.5968368 0 -0 0.5968368 102.53574 744.70416">
							<Font SizePoints="14" Style="Regular" FamilyName="CSMVMI+BlissPro" Capitals="Normal" ResourceId="2" />
							<Origin X="0" Y="0" />
							<Text>к</Text>
							<Size Width="6.496" Height="8.162108" />
							<Brush>
								<SolidBrush Color="#FF000000" />
							</Brush>
							<Tag>convertedFont</Tag>
						</Glyphs>
						<Glyphs OutlineWidth="0.5" CharSpace="0" RenderTransform="0.5968368 0 -0 0.5968368 106.44315 744.70416">
							<Font SizePoints="14" Style="Regular" FamilyName="CSMVMI+BlissPro" Capitals="Normal" ResourceId="2" />
							<Origin X="0" Y="0" />
							<Text>а</Text>
							<Size Width="6.608" Height="8.162108" />
							<Brush>
								<SolidBrush Color="#FF000000" />
							</Brush>
							<Tag>convertedFont</Tag>
						</Glyphs>
						<Glyphs OutlineWidth="0.5" CharSpace="0" RenderTransform="0.5968368 0 -0 0.5968368 110.41585 744.70416">
							<Font SizePoints="14" Style="Regular" FamilyName="CSMVMI+BlissPro" Capitals="Normal" ResourceId="2" />
							<Origin X="0" Y="0" />
							<Text> </Text>
							<Size Width="3.094" Height="8.162108" />
							<Brush>
								<SolidBrush Color="#FF000000" />
							</Brush>
							<Tag>convertedFont</Tag>
						</Glyphs>
						<Glyphs OutlineWidth="0.5" CharSpace="0" RenderTransform="0.5968368 0 -0 0.5968368 112.271645 744.70416">
							<Font SizePoints="14" Style="Regular" FamilyName="CSMVMI+BlissPro" Capitals="Normal" ResourceId="2" />
							<Origin X="0" Y="0" />
							<Text>б</Text>
							<Size Width="7.14" Height="8.162108" />
							<Brush>
								<SolidBrush Color="#FF000000" />
							</Brush>
							<Tag>convertedFont</Tag>
						</Glyphs>
						<Glyphs OutlineWidth="0.5" CharSpace="0" RenderTransform="0.5968368 0 -0 0.5968368 116.56141 744.70416">
							<Font SizePoints="14" Style="Regular" FamilyName="CSMVMI+BlissPro" Capitals="Normal" ResourceId="2" />
							<Origin X="0" Y="0" />
							<Text>о</Text>
							<Size Width="7.364" Height="8.162108" />
							<Brush>
								<SolidBrush Color="#FF000000" />
							</Brush>
							<Tag>convertedFont</Tag>
						</Glyphs>
						<Glyphs OutlineWidth="0.5" CharSpace="0" RenderTransform="0.5968368 0 -0 0.5968368 120.98173 744.70416">
							<Font SizePoints="14" Style="Regular" FamilyName="CSMVMI+BlissPro" Capitals="Normal" ResourceId="2" />
							<Origin X="0" Y="0" />
							<Text>к</Text>
							<Size Width="6.496" Height="8.162108" />
							<Brush>
								<SolidBrush Color="#FF000000" />
							</Brush>
							<Tag>convertedFont</Tag>
						</Glyphs>
						<Glyphs OutlineWidth="0.5" CharSpace="0" RenderTransform="0.5968368 0 -0 0.5968368 124.889145 744.70416">
							<Font SizePoints="14" Style="Regular" FamilyName="CSMVMI+BlissPro" Capitals="Normal" ResourceId="2" />
							<Origin X="0" Y="0" />
							<Text>о</Text>
							<Size Width="7.364" Height="8.162108" />
							<Brush>
								<SolidBrush Color="#FF000000" />
							</Brush>
							<Tag>convertedFont</Tag>
						</Glyphs>
						<Glyphs OutlineWidth="0.5" CharSpace="0" RenderTransform="0.5968368 0 -0 0.5968368 129.30946 744.70416">
							<Font SizePoints="14" Style="Regular" FamilyName="CSMVMI+BlissPro" Capitals="Normal" ResourceId="2" />
							<Origin X="0" Y="0" />
							<Text>в</Text>
							<Size Width="6.538" Height="8.162108" />
							<Brush>
								<SolidBrush Color="#FF000000" />
							</Brush>
							<Tag>convertedFont</Tag>
						</Glyphs>
						<Glyphs OutlineWidth="0.5" CharSpace="0" RenderTransform="0.5968368 0 -0 0.5968368 133.24486 744.70416">
							<Font SizePoints="14" Style="Regular" FamilyName="CSMVMI+BlissPro" Capitals="Normal" ResourceId="2" />
							<Origin X="0" Y="0" />
							<Text>а</Text>
							<Size Width="6.608" Height="8.162108" />
							<Brush>
								<SolidBrush Color="#FF000000" />
							</Brush>
							<Tag>convertedFont</Tag>
						</Glyphs>
						<Glyphs OutlineWidth="0.5" CharSpace="0" RenderTransform="0.5968368 0 -0 0.5968368 137.21756 744.70416">
							<Font SizePoints="14" Style="Regular" FamilyName="CSMVMI+BlissPro" Capitals="Normal" ResourceId="2" />
							<Origin X="0" Y="0" />
							<Text>я</Text>
							<Size Width="6.678" Height="8.162108" />
							<Brush>
								<SolidBrush Color="#FF000000" />
							</Brush>
							<Tag>convertedFont</Tag>
						</Glyphs>
						<Glyphs OutlineWidth="0.5" CharSpace="0" RenderTransform="0.5968368 0 -0 0.5968368 213.51941 744.70416">
							<Font SizePoints="14" Style="Regular" FamilyName="CSMVMI+BlissPro" Capitals="Normal" ResourceId="2" />
							<Origin X="0" Y="0" />
							<Text>1</Text>
							<Size Width="5.852" Height="8.162108" />
							<Brush>
								<SolidBrush Color="#FF000000" />
							</Brush>
							<Tag>convertedFont</Tag>
						</Glyphs>
						<Glyphs OutlineWidth="0.5" CharSpace="0" RenderTransform="0.5968368 0 -0 0.5968368 217.03516 744.70416">
							<Font SizePoints="14" Style="Regular" FamilyName="CSMVMI+BlissPro" Capitals="Normal" ResourceId="2" />
							<Origin X="0" Y="0" />
							<Text>5</Text>
							<Size Width="7.126" Height="8.162108" />
							<Brush>
								<SolidBrush Color="#FF000000" />
							</Brush>
							<Tag>convertedFont</Tag>
						</Glyphs>
						<Glyphs OutlineWidth="0.5" CharSpace="0" RenderTransform="0.5968368 0 -0 0.5968368 221.3156 744.70416">
							<Font SizePoints="14" Style="Regular" FamilyName="CSMVMI+BlissPro" Capitals="Normal" ResourceId="2" />
							<Origin X="0" Y="0" />
							<Text>0</Text>
							<Size Width="7.756" Height="8.162108" />
							<Brush>
								<SolidBrush Color="#FF000000" />
							</Brush>
							<Tag>convertedFont</Tag>
						</Glyphs>
						<Glyphs OutlineWidth="0.5" CharSpace="0" RenderTransform="0.5968368 0 -0 0.5968368 225.96906 744.70416">
							<Font SizePoints="14" Style="Regular" FamilyName="CSMVMI+BlissPro" Capitals="Normal" ResourceId="2" />
							<Origin X="0" Y="0" />
							<Text>x</Text>
							<Size Width="6.384" Height="8.162108" />
							<Brush>
								<SolidBrush Color="#FF000000" />
							</Brush>
							<Tag>convertedFont</Tag>
						</Glyphs>
						<Glyphs OutlineWidth="0.5" CharSpace="0" RenderTransform="0.5968368 0 -0 0.5968368 229.81119 744.70416">
							<Font SizePoints="14" Style="Regular" FamilyName="CSMVMI+BlissPro" Capitals="Normal" ResourceId="2" />
							<Origin X="0" Y="0" />
							<Text>5</Text>
							<Size Width="7.126" Height="8.162108" />
							<Brush>
								<SolidBrush Color="#FF000000" />
							</Brush>
							<Tag>convertedFont</Tag>
						</Glyphs>
						<Glyphs OutlineWidth="0.5" CharSpace="0" RenderTransform="0.5968368 0 -0 0.5968368 234.09163 744.70416">
							<Font SizePoints="14" Style="Regular" FamilyName="CSMVMI+BlissPro" Capitals="Normal" ResourceId="2" />
							<Origin X="0" Y="0" />
							<Text>4</Text>
							<Size Width="7.784" Height="8.162108" />
							<Brush>
								<SolidBrush Color="#FF000000" />
							</Brush>
							<Tag>convertedFont</Tag>
						</Glyphs>
						<Glyphs OutlineWidth="0.5" CharSpace="0" RenderTransform="0.5968368 0 -0 0.5968368 238.76375 744.70416">
							<Font SizePoints="14" Style="Regular" FamilyName="CSMVMI+BlissPro" Capitals="Normal" ResourceId="2" />
							<Origin X="0" Y="0" />
							<Text>0</Text>
							<Size Width="7.756" Height="8.162108" />
							<Brush>
								<SolidBrush Color="#FF000000" />
							</Brush>
							<Tag>convertedFont</Tag>
						</Glyphs>
						<Glyphs OutlineWidth="0.5" CharSpace="0" RenderTransform="0.5968368 0 -0 0.5968368 243.4172 744.70416">
							<Font SizePoints="14" Style="Regular" FamilyName="CSMVMI+BlissPro" Capitals="Normal" ResourceId="2" />
							<Origin X="0" Y="0" />
							<Text>x</Text>
							<Size Width="6.384" Height="8.162108" />
							<Brush>
								<SolidBrush Color="#FF000000" />
							</Brush>
							<Tag>convertedFont</Tag>
						</Glyphs>
						<Glyphs OutlineWidth="0.5" CharSpace="0" RenderTransform="0.5968368 0 -0 0.5968368 247.25934 744.70416">
							<Font SizePoints="14" Style="Regular" FamilyName="CSMVMI+BlissPro" Capitals="Normal" ResourceId="2" />
							<Origin X="0" Y="0" />
							<Text>2</Text>
							<Size Width="7.154" Height="8.162108" />
							<Brush>
								<SolidBrush Color="#FF000000" />
							</Brush>
							<Tag>convertedFont</Tag>
						</Glyphs>
						<Glyphs OutlineWidth="0.5" CharSpace="0" RenderTransform="0.5968368 0 -0 0.5968368 251.55843 744.70416">
							<Font SizePoints="14" Style="Regular" FamilyName="CSMVMI+BlissPro" Capitals="Normal" ResourceId="2" />
							<Origin X="0" Y="0" />
							<Text>9</Text>
							<Size Width="7.476" Height="8.162108" />
							<Brush>
								<SolidBrush Color="#FF000000" />
							</Brush>
							<Tag>convertedFont</Tag>
						</Glyphs>
						<Glyphs OutlineWidth="0.5" CharSpace="0" RenderTransform="0.5968368 0 -0 0.5968368 256.05334 744.70416">
							<Font SizePoints="14" Style="Regular" FamilyName="CSMVMI+BlissPro" Capitals="Normal" ResourceId="2" />
							<Origin X="0" Y="0" />
							<Text>0</Text>
							<Size Width="7.756" Height="8.162108" />
							<Brush>
								<SolidBrush Color="#FF000000" />
							</Brush>
							<Tag>convertedFont</Tag>
						</Glyphs>
						<Glyphs OutlineWidth="0.5" CharSpace="0" RenderTransform="0.5968368 0 -0 0.5968368 291.70502 744.70416">
							<Font SizePoints="14" Style="Regular" FamilyName="CSMVMI+BlissPro" Capitals="Normal" ResourceId="2" />
							<Origin X="0" Y="0" />
							<Text>3</Text>
							<Size Width="7.448" Height="8.162108" />
							<Brush>
								<SolidBrush Color="#FF000000" />
							</Brush>
							<Tag>convertedFont</Tag>
						</Glyphs>
						<Glyphs OutlineWidth="0.5" CharSpace="0" RenderTransform="0.5968368 0 -0 0.5968368 296.1813 744.70416">
							<Font SizePoints="14" Style="Regular" FamilyName="CSMVMI+BlissPro" Capitals="Normal" ResourceId="2" />
							<Origin X="0" Y="0" />
							<Text>.</Text>
							<Size Width="3.276" Height="8.162108" />
							<Brush>
								<SolidBrush Color="#FF000000" />
							</Brush>
							<Tag>convertedFont</Tag>
						</Glyphs>
						<Glyphs OutlineWidth="0.5" CharSpace="0" RenderTransform="0.5968368 0 -0 0.5968368 298.14902 744.70416">
							<Font SizePoints="14" Style="Regular" FamilyName="CSMVMI+BlissPro" Capitals="Normal" ResourceId="2" />
							<Origin X="0" Y="0" />
							<Text>2</Text>
							<Size Width="7.154" Height="8.162108" />
							<Brush>
								<SolidBrush Color="#FF000000" />
							</Brush>
							<Tag>convertedFont</Tag>
						</Glyphs>
						<Glyphs OutlineWidth="0.5" CharSpace="0" RenderTransform="0.5968368 0 -0 0.5968368 328.1121 744.70416">
							<Font SizePoints="14" Style="Regular" FamilyName="CSMVMI+BlissPro" Capitals="Normal" ResourceId="2" />
							<Origin X="0" Y="0" />
							<Text>0</Text>
							<Size Width="7.756" Height="8.162108" />
							<Brush>
								<SolidBrush Color="#FF000000" />
							</Brush>
							<Tag>convertedFont</Tag>
						</Glyphs>
						<Glyphs OutlineWidth="0.5" CharSpace="0" RenderTransform="0.5968368 0 -0 0.5968368 381.8274 744.70416">
							<Font SizePoints="14" Style="Regular" FamilyName="CSMVMI+BlissPro" Capitals="Normal" ResourceId="2" />
							<Origin X="0" Y="0" />
							<Text>1</Text>
							<Size Width="5.852" Height="8.162108" />
							<Brush>
								<SolidBrush Color="#FF000000" />
							</Brush>
							<Tag>convertedFont</Tag>
						</Glyphs>
						<Glyphs OutlineWidth="0.5" CharSpace="0" RenderTransform="0.5968368 0 -0 0.5968368 385.34314 744.70416">
							<Font SizePoints="14" Style="Regular" FamilyName="CSMVMI+BlissPro" Capitals="Normal" ResourceId="2" />
							<Origin X="0" Y="0" />
							<Text>5</Text>
							<Size Width="7.126" Height="8.162108" />
							<Brush>
								<SolidBrush Color="#FF000000" />
							</Brush>
							<Tag>convertedFont</Tag>
						</Glyphs>
						<Glyphs OutlineWidth="0.5" CharSpace="0" RenderTransform="0.5968368 0 -0 0.5968368 389.62357 744.70416">
							<Font SizePoints="14" Style="Regular" FamilyName="CSMVMI+BlissPro" Capitals="Normal" ResourceId="2" />
							<Origin X="0" Y="0" />
							<Text>0</Text>
							<Size Width="7.756" Height="8.162108" />
							<Brush>
								<SolidBrush Color="#FF000000" />
							</Brush>
							<Tag>convertedFont</Tag>
						</Glyphs>
						<Glyphs OutlineWidth="0.5" CharSpace="0" RenderTransform="0.5968368 0 -0 0.5968368 394.27704 744.70416">
							<Font SizePoints="14" Style="Regular" FamilyName="CSMVMI+BlissPro" Capitals="Normal" ResourceId="2" />
							<Origin X="0" Y="0" />
							<Text>x</Text>
							<Size Width="6.384" Height="8.162108" />
							<Brush>
								<SolidBrush Color="#FF000000" />
							</Brush>
							<Tag>convertedFont</Tag>
						</Glyphs>
						<Glyphs OutlineWidth="0.5" CharSpace="0" RenderTransform="0.5968368 0 -0 0.5968368 398.11917 744.70416">
							<Font SizePoints="14" Style="Regular" FamilyName="CSMVMI+BlissPro" Capitals="Normal" ResourceId="2" />
							<Origin X="0" Y="0" />
							<Text>5</Text>
							<Size Width="7.126" Height="8.162108" />
							<Brush>
								<SolidBrush Color="#FF000000" />
							</Brush>
							<Tag>convertedFont</Tag>
						</Glyphs>
						<Glyphs OutlineWidth="0.5" CharSpace="0" RenderTransform="0.5968368 0 -0 0.5968368 402.3996 744.70416">
							<Font SizePoints="14" Style="Regular" FamilyName="CSMVMI+BlissPro" Capitals="Normal" ResourceId="2" />
							<Origin X="0" Y="0" />
							<Text>4</Text>
							<Size Width="7.784" Height="8.162108" />
							<Brush>
								<SolidBrush Color="#FF000000" />
							</Brush>
							<Tag>convertedFont</Tag>
						</Glyphs>
						<Glyphs OutlineWidth="0.5" CharSpace="0" RenderTransform="0.5968368 0 -0 0.5968368 407.07172 744.70416">
							<Font SizePoints="14" Style="Regular" FamilyName="CSMVMI+BlissPro" Capitals="Normal" ResourceId="2" />
							<Origin X="0" Y="0" />
							<Text>0</Text>
							<Size Width="7.756" Height="8.162108" />
							<Brush>
								<SolidBrush Color="#FF000000" />
							</Brush>
							<Tag>convertedFont</Tag>
						</Glyphs>
						<Glyphs OutlineWidth="0.5" CharSpace="0" RenderTransform="0.5968368 0 -0 0.5968368 411.7252 744.70416">
							<Font SizePoints="14" Style="Regular" FamilyName="CSMVMI+BlissPro" Capitals="Normal" ResourceId="2" />
							<Origin X="0" Y="0" />
							<Text>x</Text>
							<Size Width="6.384" Height="8.162108" />
							<Brush>
								<SolidBrush Color="#FF000000" />
							</Brush>
							<Tag>convertedFont</Tag>
						</Glyphs>
						<Glyphs OutlineWidth="0.5" CharSpace="0" RenderTransform="0.5968368 0 -0 0.5968368 415.56732 744.70416">
							<Font SizePoints="14" Style="Regular" FamilyName="CSMVMI+BlissPro" Capitals="Normal" ResourceId="2" />
							<Origin X="0" Y="0" />
							<Text>2</Text>
							<Size Width="7.154" Height="8.162108" />
							<Brush>
								<SolidBrush Color="#FF000000" />
							</Brush>
							<Tag>convertedFont</Tag>
						</Glyphs>
						<Glyphs OutlineWidth="0.5" CharSpace="0" RenderTransform="0.5968368 0 -0 0.5968368 419.86642 744.70416">
							<Font SizePoints="14" Style="Regular" FamilyName="CSMVMI+BlissPro" Capitals="Normal" ResourceId="2" />
							<Origin X="0" Y="0" />
							<Text>9</Text>
							<Size Width="7.476" Height="8.162108" />
							<Brush>
								<SolidBrush Color="#FF000000" />
							</Brush>
							<Tag>convertedFont</Tag>
						</Glyphs>
						<Glyphs OutlineWidth="0.5" CharSpace="0" RenderTransform="0.5968368 0 -0 0.5968368 424.36133 744.70416">
							<Font SizePoints="14" Style="Regular" FamilyName="CSMVMI+BlissPro" Capitals="Normal" ResourceId="2" />
							<Origin X="0" Y="0" />
							<Text>0</Text>
							<Size Width="7.756" Height="8.162108" />
							<Brush>
								<SolidBrush Color="#FF000000" />
							</Brush>
							<Tag>convertedFont</Tag>
						</Glyphs>
						<Glyphs OutlineWidth="0.5" CharSpace="0" RenderTransform="0.5968368 0 -0 0.5968368 460.013 744.70416">
							<Font SizePoints="14" Style="Regular" FamilyName="CSMVMI+BlissPro" Capitals="Normal" ResourceId="2" />
							<Origin X="0" Y="0" />
							<Text>3</Text>
							<Size Width="7.448" Height="8.162108" />
							<Brush>
								<SolidBrush Color="#FF000000" />
							</Brush>
							<Tag>convertedFont</Tag>
						</Glyphs>
						<Glyphs OutlineWidth="0.5" CharSpace="0" RenderTransform="0.5968368 0 -0 0.5968368 464.4893 744.70416">
							<Font SizePoints="14" Style="Regular" FamilyName="CSMVMI+BlissPro" Capitals="Normal" ResourceId="2" />
							<Origin X="0" Y="0" />
							<Text>.</Text>
							<Size Width="3.276" Height="8.162108" />
							<Brush>
								<SolidBrush Color="#FF000000" />
							</Brush>
							<Tag>convertedFont</Tag>
						</Glyphs>
						<Glyphs OutlineWidth="0.5" CharSpace="0" RenderTransform="0.5968368 0 -0 0.5968368 466.45697 744.70416">
							<Font SizePoints="14" Style="Regular" FamilyName="CSMVMI+BlissPro" Capitals="Normal" ResourceId="2" />
							<Origin X="0" Y="0" />
							<Text>2</Text>
							<Size Width="7.154" Height="8.162108" />
							<Brush>
								<SolidBrush Color="#FF000000" />
							</Brush>
							<Tag>convertedFont</Tag>
						</Glyphs>
						<Glyphs OutlineWidth="0.5" CharSpace="0" RenderTransform="0.5968368 0 -0 0.5968368 496.42004 744.70416">
							<Font SizePoints="14" Style="Regular" FamilyName="CSMVMI+BlissPro" Capitals="Normal" ResourceId="2" />
							<Origin X="0" Y="0" />
							<Text>0</Text>
							<Size Width="7.756" Height="8.162108" />
							<Brush>
								<SolidBrush Color="#FF000000" />
							</Brush>
							<Tag>convertedFont</Tag>
						</Glyphs>
						<Glyphs OutlineWidth="0.5" CharSpace="0" RenderTransform="0.5968368 0 -0 0.5968368 57.148167 760.8188">
							<Font SizePoints="14" Style="Regular" FamilyName="CSMVMI+BlissPro" Capitals="Normal" ResourceId="2" />
							<Origin X="0" Y="0" />
							<Text>Г</Text>
							<Size Width="6.062" Height="8.162108" />
							<Brush>
								<SolidBrush Color="#FF000000" />
							</Brush>
							<Tag>convertedFont</Tag>
						</Glyphs>
						<Glyphs OutlineWidth="0.5" CharSpace="0" RenderTransform="0.5968368 0 -0 0.5968368 60.78514 760.8188">
							<Font SizePoints="14" Style="Regular" FamilyName="CSMVMI+BlissPro" Capitals="Normal" ResourceId="2" />
							<Origin X="0" Y="0" />
							<Text>и</Text>
							<Size Width="7.518" Height="8.162108" />
							<Brush>
								<SolidBrush Color="#FF000000" />
							</Brush>
							<Tag>convertedFont</Tag>
						</Glyphs>
						<Glyphs OutlineWidth="0.5" CharSpace="0" RenderTransform="0.5968368 0 -0 0.5968368 65.29872 760.8188">
							<Font SizePoints="14" Style="Regular" FamilyName="CSMVMI+BlissPro" Capitals="Normal" ResourceId="2" />
							<Origin X="0" Y="0" />
							<Text>б</Text>
							<Size Width="7.14" Height="8.162108" />
							<Brush>
								<SolidBrush Color="#FF000000" />
							</Brush>
							<Tag>convertedFont</Tag>
						</Glyphs>
						<Glyphs OutlineWidth="0.5" CharSpace="0" RenderTransform="0.5968368 0 -0 0.5968368 69.588486 760.8188">
							<Font SizePoints="14" Style="Regular" FamilyName="CSMVMI+BlissPro" Capitals="Normal" ResourceId="2" />
							<Origin X="0" Y="0" />
							<Text>к</Text>
							<Size Width="6.496" Height="8.162108" />
							<Brush>
								<SolidBrush Color="#FF000000" />
							</Brush>
							<Tag>convertedFont</Tag>
						</Glyphs>
						<Glyphs OutlineWidth="0.5" CharSpace="0" RenderTransform="0.5968368 0 -0 0.5968368 73.495895 760.8188">
							<Font SizePoints="14" Style="Regular" FamilyName="CSMVMI+BlissPro" Capitals="Normal" ResourceId="2" />
							<Origin X="0" Y="0" />
							<Text>а</Text>
							<Size Width="6.608" Height="8.162108" />
							<Brush>
								<SolidBrush Color="#FF000000" />
							</Brush>
							<Tag>convertedFont</Tag>
						</Glyphs>
						<Glyphs OutlineWidth="0.5" CharSpace="0" RenderTransform="0.5968368 0 -0 0.5968368 77.4686 760.8188">
							<Font SizePoints="14" Style="Regular" FamilyName="CSMVMI+BlissPro" Capitals="Normal" ResourceId="2" />
							<Origin X="0" Y="0" />
							<Text>я</Text>
							<Size Width="6.678" Height="8.162108" />
							<Brush>
								<SolidBrush Color="#FF000000" />
							</Brush>
							<Tag>convertedFont</Tag>
						</Glyphs>
						<Glyphs OutlineWidth="0.5" CharSpace="0" RenderTransform="0.5968368 0 -0 0.5968368 81.47859 760.8188">
							<Font SizePoints="14" Style="Regular" FamilyName="CSMVMI+BlissPro" Capitals="Normal" ResourceId="2" />
							<Origin X="0" Y="0" />
							<Text> </Text>
							<Size Width="3.094" Height="8.162108" />
							<Brush>
								<SolidBrush Color="#FF000000" />
							</Brush>
							<Tag>convertedFont</Tag>
						</Glyphs>
						<Glyphs OutlineWidth="0.5" CharSpace="0" RenderTransform="0.5968368 0 -0 0.5968368 83.33438 760.8188">
							<Font SizePoints="14" Style="Regular" FamilyName="CSMVMI+BlissPro" Capitals="Normal" ResourceId="2" />
							<Origin X="0" Y="0" />
							<Text>в</Text>
							<Size Width="6.538" Height="8.162108" />
							<Brush>
								<SolidBrush Color="#FF000000" />
							</Brush>
							<Tag>convertedFont</Tag>
						</Glyphs>
						<Glyphs OutlineWidth="0.5" CharSpace="0" RenderTransform="0.5968368 0 -0 0.5968368 87.269775 760.8188">
							<Font SizePoints="14" Style="Regular" FamilyName="CSMVMI+BlissPro" Capitals="Normal" ResourceId="2" />
							<Origin X="0" Y="0" />
							<Text>с</Text>
							<Size Width="6.076" Height="8.162108" />
							<Brush>
								<SolidBrush Color="#FF000000" />
							</Brush>
							<Tag>convertedFont</Tag>
						</Glyphs>
						<Glyphs OutlineWidth="0.5" CharSpace="0" RenderTransform="0.5968368 0 -0 0.5968368 90.91608 760.8188">
							<Font SizePoints="14" Style="Regular" FamilyName="CSMVMI+BlissPro" Capitals="Normal" ResourceId="2" />
							<Origin X="0" Y="0" />
							<Text>т</Text>
							<Size Width="6.174" Height="8.162108" />
							<Brush>
								<SolidBrush Color="#FF000000" />
							</Brush>
							<Tag>convertedFont</Tag>
						</Glyphs>
						<Glyphs OutlineWidth="0.5" CharSpace="0" RenderTransform="0.5968368 0 -0 0.5968368 94.627655 760.8188">
							<Font SizePoints="14" Style="Regular" FamilyName="CSMVMI+BlissPro" Capitals="Normal" ResourceId="2" />
							<Origin X="0" Y="0" />
							<Text>а</Text>
							<Size Width="6.608" Height="8.162108" />
							<Brush>
								<SolidBrush Color="#FF000000" />
							</Brush>
							<Tag>convertedFont</Tag>
						</Glyphs>
						<Glyphs OutlineWidth="0.5" CharSpace="0" RenderTransform="0.5968368 0 -0 0.5968368 98.60035 760.8188">
							<Font SizePoints="14" Style="Regular" FamilyName="CSMVMI+BlissPro" Capitals="Normal" ResourceId="2" />
							<Origin X="0" Y="0" />
							<Text>в</Text>
							<Size Width="6.538" Height="8.162108" />
							<Brush>
								<SolidBrush Color="#FF000000" />
							</Brush>
							<Tag>convertedFont</Tag>
						</Glyphs>
						<Glyphs OutlineWidth="0.5" CharSpace="0" RenderTransform="0.5968368 0 -0 0.5968368 102.53574 760.8188">
							<Font SizePoints="14" Style="Regular" FamilyName="CSMVMI+BlissPro" Capitals="Normal" ResourceId="2" />
							<Origin X="0" Y="0" />
							<Text>к</Text>
							<Size Width="6.496" Height="8.162108" />
							<Brush>
								<SolidBrush Color="#FF000000" />
							</Brush>
							<Tag>convertedFont</Tag>
						</Glyphs>
						<Glyphs OutlineWidth="0.5" CharSpace="0" RenderTransform="0.5968368 0 -0 0.5968368 106.44315 760.8188">
							<Font SizePoints="14" Style="Regular" FamilyName="CSMVMI+BlissPro" Capitals="Normal" ResourceId="2" />
							<Origin X="0" Y="0" />
							<Text>а</Text>
							<Size Width="6.608" Height="8.162108" />
							<Brush>
								<SolidBrush Color="#FF000000" />
							</Brush>
							<Tag>convertedFont</Tag>
						</Glyphs>
						<Glyphs OutlineWidth="0.5" CharSpace="0" RenderTransform="0.5968368 0 -0 0.5968368 110.41585 760.8188">
							<Font SizePoints="14" Style="Regular" FamilyName="CSMVMI+BlissPro" Capitals="Normal" ResourceId="2" />
							<Origin X="0" Y="0" />
							<Text> </Text>
							<Size Width="3.094" Height="8.162108" />
							<Brush>
								<SolidBrush Color="#FF000000" />
							</Brush>
							<Tag>convertedFont</Tag>
						</Glyphs>
						<Glyphs OutlineWidth="0.5" CharSpace="0" RenderTransform="0.5968368 0 -0 0.5968368 112.271645 760.8188">
							<Font SizePoints="14" Style="Regular" FamilyName="CSMVMI+BlissPro" Capitals="Normal" ResourceId="2" />
							<Origin X="0" Y="0" />
							<Text>б</Text>
							<Size Width="7.14" Height="8.162108" />
							<Brush>
								<SolidBrush Color="#FF000000" />
							</Brush>
							<Tag>convertedFont</Tag>
						</Glyphs>
						<Glyphs OutlineWidth="0.5" CharSpace="0" RenderTransform="0.5968368 0 -0 0.5968368 116.56141 760.8188">
							<Font SizePoints="14" Style="Regular" FamilyName="CSMVMI+BlissPro" Capitals="Normal" ResourceId="2" />
							<Origin X="0" Y="0" />
							<Text>о</Text>
							<Size Width="7.364" Height="8.162108" />
							<Brush>
								<SolidBrush Color="#FF000000" />
							</Brush>
							<Tag>convertedFont</Tag>
						</Glyphs>
						<Glyphs OutlineWidth="0.5" CharSpace="0" RenderTransform="0.5968368 0 -0 0.5968368 120.98173 760.8188">
							<Font SizePoints="14" Style="Regular" FamilyName="CSMVMI+BlissPro" Capitals="Normal" ResourceId="2" />
							<Origin X="0" Y="0" />
							<Text>к</Text>
							<Size Width="6.496" Height="8.162108" />
							<Brush>
								<SolidBrush Color="#FF000000" />
							</Brush>
							<Tag>convertedFont</Tag>
						</Glyphs>
						<Glyphs OutlineWidth="0.5" CharSpace="0" RenderTransform="0.5968368 0 -0 0.5968368 124.889145 760.8188">
							<Font SizePoints="14" Style="Regular" FamilyName="CSMVMI+BlissPro" Capitals="Normal" ResourceId="2" />
							<Origin X="0" Y="0" />
							<Text>о</Text>
							<Size Width="7.364" Height="8.162108" />
							<Brush>
								<SolidBrush Color="#FF000000" />
							</Brush>
							<Tag>convertedFont</Tag>
						</Glyphs>
						<Glyphs OutlineWidth="0.5" CharSpace="0" RenderTransform="0.5968368 0 -0 0.5968368 129.30946 760.8188">
							<Font SizePoints="14" Style="Regular" FamilyName="CSMVMI+BlissPro" Capitals="Normal" ResourceId="2" />
							<Origin X="0" Y="0" />
							<Text>в</Text>
							<Size Width="6.538" Height="8.162108" />
							<Brush>
								<SolidBrush Color="#FF000000" />
							</Brush>
							<Tag>convertedFont</Tag>
						</Glyphs>
						<Glyphs OutlineWidth="0.5" CharSpace="0" RenderTransform="0.5968368 0 -0 0.5968368 133.24486 760.8188">
							<Font SizePoints="14" Style="Regular" FamilyName="CSMVMI+BlissPro" Capitals="Normal" ResourceId="2" />
							<Origin X="0" Y="0" />
							<Text>а</Text>
							<Size Width="6.608" Height="8.162108" />
							<Brush>
								<SolidBrush Color="#FF000000" />
							</Brush>
							<Tag>convertedFont</Tag>
						</Glyphs>
						<Glyphs OutlineWidth="0.5" CharSpace="0" RenderTransform="0.5968368 0 -0 0.5968368 137.21756 760.8188">
							<Font SizePoints="14" Style="Regular" FamilyName="CSMVMI+BlissPro" Capitals="Normal" ResourceId="2" />
							<Origin X="0" Y="0" />
							<Text>я</Text>
							<Size Width="6.678" Height="8.162108" />
							<Brush>
								<SolidBrush Color="#FF000000" />
							</Brush>
							<Tag>convertedFont</Tag>
						</Glyphs>
						<Glyphs OutlineWidth="0.5" CharSpace="0" RenderTransform="0.5968368 0 -0 0.5968368 213.51941 760.8188">
							<Font SizePoints="14" Style="Regular" FamilyName="CSMVMI+BlissPro" Capitals="Normal" ResourceId="2" />
							<Origin X="0" Y="0" />
							<Text>1</Text>
							<Size Width="5.852" Height="8.162108" />
							<Brush>
								<SolidBrush Color="#FF000000" />
							</Brush>
							<Tag>convertedFont</Tag>
						</Glyphs>
						<Glyphs OutlineWidth="0.5" CharSpace="0" RenderTransform="0.5968368 0 -0 0.5968368 217.03516 760.8188">
							<Font SizePoints="14" Style="Regular" FamilyName="CSMVMI+BlissPro" Capitals="Normal" ResourceId="2" />
							<Origin X="0" Y="0" />
							<Text>5</Text>
							<Size Width="7.126" Height="8.162108" />
							<Brush>
								<SolidBrush Color="#FF000000" />
							</Brush>
							<Tag>convertedFont</Tag>
						</Glyphs>
						<Glyphs OutlineWidth="0.5" CharSpace="0" RenderTransform="0.5968368 0 -0 0.5968368 221.3156 760.8188">
							<Font SizePoints="14" Style="Regular" FamilyName="CSMVMI+BlissPro" Capitals="Normal" ResourceId="2" />
							<Origin X="0" Y="0" />
							<Text>0</Text>
							<Size Width="7.756" Height="8.162108" />
							<Brush>
								<SolidBrush Color="#FF000000" />
							</Brush>
							<Tag>convertedFont</Tag>
						</Glyphs>
						<Glyphs OutlineWidth="0.5" CharSpace="0" RenderTransform="0.5968368 0 -0 0.5968368 225.96906 760.8188">
							<Font SizePoints="14" Style="Regular" FamilyName="CSMVMI+BlissPro" Capitals="Normal" ResourceId="2" />
							<Origin X="0" Y="0" />
							<Text>x</Text>
							<Size Width="6.384" Height="8.162108" />
							<Brush>
								<SolidBrush Color="#FF000000" />
							</Brush>
							<Tag>convertedFont</Tag>
						</Glyphs>
						<Glyphs OutlineWidth="0.5" CharSpace="0" RenderTransform="0.5968368 0 -0 0.5968368 229.81119 760.8188">
							<Font SizePoints="14" Style="Regular" FamilyName="CSMVMI+BlissPro" Capitals="Normal" ResourceId="2" />
							<Origin X="0" Y="0" />
							<Text>5</Text>
							<Size Width="7.126" Height="8.162108" />
							<Brush>
								<SolidBrush Color="#FF000000" />
							</Brush>
							<Tag>convertedFont</Tag>
						</Glyphs>
						<Glyphs OutlineWidth="0.5" CharSpace="0" RenderTransform="0.5968368 0 -0 0.5968368 234.09163 760.8188">
							<Font SizePoints="14" Style="Regular" FamilyName="CSMVMI+BlissPro" Capitals="Normal" ResourceId="2" />
							<Origin X="0" Y="0" />
							<Text>4</Text>
							<Size Width="7.784" Height="8.162108" />
							<Brush>
								<SolidBrush Color="#FF000000" />
							</Brush>
							<Tag>convertedFont</Tag>
						</Glyphs>
						<Glyphs OutlineWidth="0.5" CharSpace="0" RenderTransform="0.5968368 0 -0 0.5968368 238.76375 760.8188">
							<Font SizePoints="14" Style="Regular" FamilyName="CSMVMI+BlissPro" Capitals="Normal" ResourceId="2" />
							<Origin X="0" Y="0" />
							<Text>0</Text>
							<Size Width="7.756" Height="8.162108" />
							<Brush>
								<SolidBrush Color="#FF000000" />
							</Brush>
							<Tag>convertedFont</Tag>
						</Glyphs>
						<Glyphs OutlineWidth="0.5" CharSpace="0" RenderTransform="0.5968368 0 -0 0.5968368 243.4172 760.8188">
							<Font SizePoints="14" Style="Regular" FamilyName="CSMVMI+BlissPro" Capitals="Normal" ResourceId="2" />
							<Origin X="0" Y="0" />
							<Text>x</Text>
							<Size Width="6.384" Height="8.162108" />
							<Brush>
								<SolidBrush Color="#FF000000" />
							</Brush>
							<Tag>convertedFont</Tag>
						</Glyphs>
						<Glyphs OutlineWidth="0.5" CharSpace="0" RenderTransform="0.5968368 0 -0 0.5968368 247.25934 760.8188">
							<Font SizePoints="14" Style="Regular" FamilyName="CSMVMI+BlissPro" Capitals="Normal" ResourceId="2" />
							<Origin X="0" Y="0" />
							<Text>2</Text>
							<Size Width="7.154" Height="8.162108" />
							<Brush>
								<SolidBrush Color="#FF000000" />
							</Brush>
							<Tag>convertedFont</Tag>
						</Glyphs>
						<Glyphs OutlineWidth="0.5" CharSpace="0" RenderTransform="0.5968368 0 -0 0.5968368 251.55843 760.8188">
							<Font SizePoints="14" Style="Regular" FamilyName="CSMVMI+BlissPro" Capitals="Normal" ResourceId="2" />
							<Origin X="0" Y="0" />
							<Text>9</Text>
							<Size Width="7.476" Height="8.162108" />
							<Brush>
								<SolidBrush Color="#FF000000" />
							</Brush>
							<Tag>convertedFont</Tag>
						</Glyphs>
						<Glyphs OutlineWidth="0.5" CharSpace="0" RenderTransform="0.5968368 0 -0 0.5968368 256.05334 760.8188">
							<Font SizePoints="14" Style="Regular" FamilyName="CSMVMI+BlissPro" Capitals="Normal" ResourceId="2" />
							<Origin X="0" Y="0" />
							<Text>0</Text>
							<Size Width="7.756" Height="8.162108" />
							<Brush>
								<SolidBrush Color="#FF000000" />
							</Brush>
							<Tag>convertedFont</Tag>
						</Glyphs>
						<Glyphs OutlineWidth="0.5" CharSpace="0" RenderTransform="0.5968368 0 -0 0.5968368 291.70502 760.8188">
							<Font SizePoints="14" Style="Regular" FamilyName="CSMVMI+BlissPro" Capitals="Normal" ResourceId="2" />
							<Origin X="0" Y="0" />
							<Text>3</Text>
							<Size Width="7.448" Height="8.162108" />
							<Brush>
								<SolidBrush Color="#FF000000" />
							</Brush>
							<Tag>convertedFont</Tag>
						</Glyphs>
						<Glyphs OutlineWidth="0.5" CharSpace="0" RenderTransform="0.5968368 0 -0 0.5968368 296.1813 760.8188">
							<Font SizePoints="14" Style="Regular" FamilyName="CSMVMI+BlissPro" Capitals="Normal" ResourceId="2" />
							<Origin X="0" Y="0" />
							<Text>.</Text>
							<Size Width="3.276" Height="8.162108" />
							<Brush>
								<SolidBrush Color="#FF000000" />
							</Brush>
							<Tag>convertedFont</Tag>
						</Glyphs>
						<Glyphs OutlineWidth="0.5" CharSpace="0" RenderTransform="0.5968368 0 -0 0.5968368 298.14902 760.8188">
							<Font SizePoints="14" Style="Regular" FamilyName="CSMVMI+BlissPro" Capitals="Normal" ResourceId="2" />
							<Origin X="0" Y="0" />
							<Text>2</Text>
							<Size Width="7.154" Height="8.162108" />
							<Brush>
								<SolidBrush Color="#FF000000" />
							</Brush>
							<Tag>convertedFont</Tag>
						</Glyphs>
						<Glyphs OutlineWidth="0.5" CharSpace="0" RenderTransform="0.5968368 0 -0 0.5968368 328.1121 760.8188">
							<Font SizePoints="14" Style="Regular" FamilyName="CSMVMI+BlissPro" Capitals="Normal" ResourceId="2" />
							<Origin X="0" Y="0" />
							<Text>0</Text>
							<Size Width="7.756" Height="8.162108" />
							<Brush>
								<SolidBrush Color="#FF000000" />
							</Brush>
							<Tag>convertedFont</Tag>
						</Glyphs>
						<Glyphs OutlineWidth="0.5" CharSpace="0" RenderTransform="0.5968368 0 -0 0.5968368 381.8274 760.8188">
							<Font SizePoints="14" Style="Regular" FamilyName="CSMVMI+BlissPro" Capitals="Normal" ResourceId="2" />
							<Origin X="0" Y="0" />
							<Text>1</Text>
							<Size Width="5.852" Height="8.162108" />
							<Brush>
								<SolidBrush Color="#FF000000" />
							</Brush>
							<Tag>convertedFont</Tag>
						</Glyphs>
						<Glyphs OutlineWidth="0.5" CharSpace="0" RenderTransform="0.5968368 0 -0 0.5968368 385.34314 760.8188">
							<Font SizePoints="14" Style="Regular" FamilyName="CSMVMI+BlissPro" Capitals="Normal" ResourceId="2" />
							<Origin X="0" Y="0" />
							<Text>5</Text>
							<Size Width="7.126" Height="8.162108" />
							<Brush>
								<SolidBrush Color="#FF000000" />
							</Brush>
							<Tag>convertedFont</Tag>
						</Glyphs>
						<Glyphs OutlineWidth="0.5" CharSpace="0" RenderTransform="0.5968368 0 -0 0.5968368 389.62357 760.8188">
							<Font SizePoints="14" Style="Regular" FamilyName="CSMVMI+BlissPro" Capitals="Normal" ResourceId="2" />
							<Origin X="0" Y="0" />
							<Text>0</Text>
							<Size Width="7.756" Height="8.162108" />
							<Brush>
								<SolidBrush Color="#FF000000" />
							</Brush>
							<Tag>convertedFont</Tag>
						</Glyphs>
						<Glyphs OutlineWidth="0.5" CharSpace="0" RenderTransform="0.5968368 0 -0 0.5968368 394.27704 760.8188">
							<Font SizePoints="14" Style="Regular" FamilyName="CSMVMI+BlissPro" Capitals="Normal" ResourceId="2" />
							<Origin X="0" Y="0" />
							<Text>x</Text>
							<Size Width="6.384" Height="8.162108" />
							<Brush>
								<SolidBrush Color="#FF000000" />
							</Brush>
							<Tag>convertedFont</Tag>
						</Glyphs>
						<Glyphs OutlineWidth="0.5" CharSpace="0" RenderTransform="0.5968368 0 -0 0.5968368 398.11917 760.8188">
							<Font SizePoints="14" Style="Regular" FamilyName="CSMVMI+BlissPro" Capitals="Normal" ResourceId="2" />
							<Origin X="0" Y="0" />
							<Text>5</Text>
							<Size Width="7.126" Height="8.162108" />
							<Brush>
								<SolidBrush Color="#FF000000" />
							</Brush>
							<Tag>convertedFont</Tag>
						</Glyphs>
						<Glyphs OutlineWidth="0.5" CharSpace="0" RenderTransform="0.5968368 0 -0 0.5968368 402.3996 760.8188">
							<Font SizePoints="14" Style="Regular" FamilyName="CSMVMI+BlissPro" Capitals="Normal" ResourceId="2" />
							<Origin X="0" Y="0" />
							<Text>4</Text>
							<Size Width="7.784" Height="8.162108" />
							<Brush>
								<SolidBrush Color="#FF000000" />
							</Brush>
							<Tag>convertedFont</Tag>
						</Glyphs>
						<Glyphs OutlineWidth="0.5" CharSpace="0" RenderTransform="0.5968368 0 -0 0.5968368 407.07172 760.8188">
							<Font SizePoints="14" Style="Regular" FamilyName="CSMVMI+BlissPro" Capitals="Normal" ResourceId="2" />
							<Origin X="0" Y="0" />
							<Text>0</Text>
							<Size Width="7.756" Height="8.162108" />
							<Brush>
								<SolidBrush Color="#FF000000" />
							</Brush>
							<Tag>convertedFont</Tag>
						</Glyphs>
						<Glyphs OutlineWidth="0.5" CharSpace="0" RenderTransform="0.5968368 0 -0 0.5968368 411.7252 760.8188">
							<Font SizePoints="14" Style="Regular" FamilyName="CSMVMI+BlissPro" Capitals="Normal" ResourceId="2" />
							<Origin X="0" Y="0" />
							<Text>x</Text>
							<Size Width="6.384" Height="8.162108" />
							<Brush>
								<SolidBrush Color="#FF000000" />
							</Brush>
							<Tag>convertedFont</Tag>
						</Glyphs>
						<Glyphs OutlineWidth="0.5" CharSpace="0" RenderTransform="0.5968368 0 -0 0.5968368 415.56732 760.8188">
							<Font SizePoints="14" Style="Regular" FamilyName="CSMVMI+BlissPro" Capitals="Normal" ResourceId="2" />
							<Origin X="0" Y="0" />
							<Text>2</Text>
							<Size Width="7.154" Height="8.162108" />
							<Brush>
								<SolidBrush Color="#FF000000" />
							</Brush>
							<Tag>convertedFont</Tag>
						</Glyphs>
						<Glyphs OutlineWidth="0.5" CharSpace="0" RenderTransform="0.5968368 0 -0 0.5968368 419.86642 760.8188">
							<Font SizePoints="14" Style="Regular" FamilyName="CSMVMI+BlissPro" Capitals="Normal" ResourceId="2" />
							<Origin X="0" Y="0" />
							<Text>9</Text>
							<Size Width="7.476" Height="8.162108" />
							<Brush>
								<SolidBrush Color="#FF000000" />
							</Brush>
							<Tag>convertedFont</Tag>
						</Glyphs>
						<Glyphs OutlineWidth="0.5" CharSpace="0" RenderTransform="0.5968368 0 -0 0.5968368 424.36133 760.8188">
							<Font SizePoints="14" Style="Regular" FamilyName="CSMVMI+BlissPro" Capitals="Normal" ResourceId="2" />
							<Origin X="0" Y="0" />
							<Text>0</Text>
							<Size Width="7.756" Height="8.162108" />
							<Brush>
								<SolidBrush Color="#FF000000" />
							</Brush>
							<Tag>convertedFont</Tag>
						</Glyphs>
						<Glyphs OutlineWidth="0.5" CharSpace="0" RenderTransform="0.5968368 0 -0 0.5968368 460.013 760.8188">
							<Font SizePoints="14" Style="Regular" FamilyName="CSMVMI+BlissPro" Capitals="Normal" ResourceId="2" />
							<Origin X="0" Y="0" />
							<Text>3</Text>
							<Size Width="7.448" Height="8.162108" />
							<Brush>
								<SolidBrush Color="#FF000000" />
							</Brush>
							<Tag>convertedFont</Tag>
						</Glyphs>
						<Glyphs OutlineWidth="0.5" CharSpace="0" RenderTransform="0.5968368 0 -0 0.5968368 464.4893 760.8188">
							<Font SizePoints="14" Style="Regular" FamilyName="CSMVMI+BlissPro" Capitals="Normal" ResourceId="2" />
							<Origin X="0" Y="0" />
							<Text>.</Text>
							<Size Width="3.276" Height="8.162108" />
							<Brush>
								<SolidBrush Color="#FF000000" />
							</Brush>
							<Tag>convertedFont</Tag>
						</Glyphs>
						<Glyphs OutlineWidth="0.5" CharSpace="0" RenderTransform="0.5968368 0 -0 0.5968368 466.45697 760.8188">
							<Font SizePoints="14" Style="Regular" FamilyName="CSMVMI+BlissPro" Capitals="Normal" ResourceId="2" />
							<Origin X="0" Y="0" />
							<Text>2</Text>
							<Size Width="7.154" Height="8.162108" />
							<Brush>
								<SolidBrush Color="#FF000000" />
							</Brush>
							<Tag>convertedFont</Tag>
						</Glyphs>
						<Glyphs OutlineWidth="0.5" CharSpace="0" RenderTransform="0.5968368 0 -0 0.5968368 496.42004 760.8188">
							<Font SizePoints="14" Style="Regular" FamilyName="CSMVMI+BlissPro" Capitals="Normal" ResourceId="2" />
							<Origin X="0" Y="0" />
							<Text>0</Text>
							<Size Width="7.756" Height="8.162108" />
							<Brush>
								<SolidBrush Color="#FF000000" />
							</Brush>
							<Tag>convertedFont</Tag>
						</Glyphs>
						<Glyphs OutlineWidth="0.5" CharSpace="0" RenderTransform="0.5968368 0 -0 0.5968368 57.148167 776.93335">
							<Font SizePoints="14" Style="Regular" FamilyName="CSMVMI+BlissPro" Capitals="Normal" ResourceId="2" />
							<Origin X="0" Y="0" />
							<Text>З</Text>
							<Size Width="7.14" Height="8.162108" />
							<Brush>
								<SolidBrush Color="#FF000000" />
							</Brush>
							<Tag>convertedFont</Tag>
						</Glyphs>
						<Glyphs OutlineWidth="0.5" CharSpace="0" RenderTransform="0.5968368 0 -0 0.5968368 61.43793 776.93335">
							<Font SizePoints="14" Style="Regular" FamilyName="CSMVMI+BlissPro" Capitals="Normal" ResourceId="2" />
							<Origin X="0" Y="0" />
							<Text>а</Text>
							<Size Width="6.608" Height="8.162108" />
							<Brush>
								<SolidBrush Color="#FF000000" />
							</Brush>
							<Tag>convertedFont</Tag>
						</Glyphs>
						<Glyphs OutlineWidth="0.5" CharSpace="0" RenderTransform="0.5968368 0 -0 0.5968368 65.41063 776.93335">
							<Font SizePoints="14" Style="Regular" FamilyName="CSMVMI+BlissPro" Capitals="Normal" ResourceId="2" />
							<Origin X="0" Y="0" />
							<Text>с</Text>
							<Size Width="6.076" Height="8.162108" />
							<Brush>
								<SolidBrush Color="#FF000000" />
							</Brush>
							<Tag>convertedFont</Tag>
						</Glyphs>
						<Glyphs OutlineWidth="0.5" CharSpace="0" RenderTransform="0.5968368 0 -0 0.5968368 69.05693 776.93335">
							<Font SizePoints="14" Style="Regular" FamilyName="CSMVMI+BlissPro" Capitals="Normal" ResourceId="2" />
							<Origin X="0" Y="0" />
							<Text>л</Text>
							<Size Width="7.042" Height="8.162108" />
							<Brush>
								<SolidBrush Color="#FF000000" />
							</Brush>
							<Tag>convertedFont</Tag>
						</Glyphs>
						<Glyphs OutlineWidth="0.5" CharSpace="0" RenderTransform="0.5968368 0 -0 0.5968368 73.29074 776.93335">
							<Font SizePoints="14" Style="Regular" FamilyName="CSMVMI+BlissPro" Capitals="Normal" ResourceId="2" />
							<Origin X="0" Y="0" />
							<Text>о</Text>
							<Size Width="7.364" Height="8.162108" />
							<Brush>
								<SolidBrush Color="#FF000000" />
							</Brush>
							<Tag>convertedFont</Tag>
						</Glyphs>
						<Glyphs OutlineWidth="0.5" CharSpace="0" RenderTransform="0.5968368 0 -0 0.5968368 77.71106 776.93335">
							<Font SizePoints="14" Style="Regular" FamilyName="CSMVMI+BlissPro" Capitals="Normal" ResourceId="2" />
							<Origin X="0" Y="0" />
							<Text>н</Text>
							<Size Width="7.266" Height="8.162108" />
							<Brush>
								<SolidBrush Color="#FF000000" />
							</Brush>
							<Tag>convertedFont</Tag>
						</Glyphs>
						<Glyphs OutlineWidth="0.5" CharSpace="0" RenderTransform="0.5968368 0 -0 0.5968368 82.075424 776.93335">
							<Font SizePoints="14" Style="Regular" FamilyName="CSMVMI+BlissPro" Capitals="Normal" ResourceId="2" />
							<Origin X="0" Y="0" />
							<Text>к</Text>
							<Size Width="6.496" Height="8.162108" />
							<Brush>
								<SolidBrush Color="#FF000000" />
							</Brush>
							<Tag>convertedFont</Tag>
						</Glyphs>
						<Glyphs OutlineWidth="0.5" CharSpace="0" RenderTransform="0.5968368 0 -0 0.5968368 85.98285 776.93335">
							<Font SizePoints="14" Style="Regular" FamilyName="CSMVMI+BlissPro" Capitals="Normal" ResourceId="2" />
							<Origin X="0" Y="0" />
							<Text>а</Text>
							<Size Width="6.608" Height="8.162108" />
							<Brush>
								<SolidBrush Color="#FF000000" />
							</Brush>
							<Tag>convertedFont</Tag>
						</Glyphs>
						<Glyphs OutlineWidth="0.5" CharSpace="0" RenderTransform="0.5968368 0 -0 0.5968368 89.955536 776.93335">
							<Font SizePoints="14" Style="Regular" FamilyName="CSMVMI+BlissPro" Capitals="Normal" ResourceId="2" />
							<Origin X="0" Y="0" />
							<Text> </Text>
							<Size Width="3.094" Height="8.162108" />
							<Brush>
								<SolidBrush Color="#FF000000" />
							</Brush>
							<Tag>convertedFont</Tag>
						</Glyphs>
						<Glyphs OutlineWidth="0.5" CharSpace="0" RenderTransform="0.5968368 0 -0 0.5968368 91.811325 776.93335">
							<Font SizePoints="14" Style="Regular" FamilyName="CSMVMI+BlissPro" Capitals="Normal" ResourceId="2" />
							<Origin X="0" Y="0" />
							<Text>т</Text>
							<Size Width="6.174" Height="8.162108" />
							<Brush>
								<SolidBrush Color="#FF000000" />
							</Brush>
							<Tag>convertedFont</Tag>
						</Glyphs>
						<Glyphs OutlineWidth="0.5" CharSpace="0" RenderTransform="0.5968368 0 -0 0.5968368 95.52291 776.93335">
							<Font SizePoints="14" Style="Regular" FamilyName="CSMVMI+BlissPro" Capitals="Normal" ResourceId="2" />
							<Origin X="0" Y="0" />
							<Text>о</Text>
							<Size Width="7.364" Height="8.162108" />
							<Brush>
								<SolidBrush Color="#FF000000" />
							</Brush>
							<Tag>convertedFont</Tag>
						</Glyphs>
						<Glyphs OutlineWidth="0.5" CharSpace="0" RenderTransform="0.5968368 0 -0 0.5968368 99.94323 776.93335">
							<Font SizePoints="14" Style="Regular" FamilyName="CSMVMI+BlissPro" Capitals="Normal" ResourceId="2" />
							<Origin X="0" Y="0" />
							<Text>р</Text>
							<Size Width="7.14" Height="8.162108" />
							<Brush>
								<SolidBrush Color="#FF000000" />
							</Brush>
							<Tag>convertedFont</Tag>
						</Glyphs>
						<Glyphs OutlineWidth="0.5" CharSpace="0" RenderTransform="0.5968368 0 -0 0.5968368 104.232994 776.93335">
							<Font SizePoints="14" Style="Regular" FamilyName="CSMVMI+BlissPro" Capitals="Normal" ResourceId="2" />
							<Origin X="0" Y="0" />
							<Text>ц</Text>
							<Size Width="7.518" Height="8.162108" />
							<Brush>
								<SolidBrush Color="#FF000000" />
							</Brush>
							<Tag>convertedFont</Tag>
						</Glyphs>
						<Glyphs OutlineWidth="0.5" CharSpace="0" RenderTransform="0.5968368 0 -0 0.5968368 108.746574 776.93335">
							<Font SizePoints="14" Style="Regular" FamilyName="CSMVMI+BlissPro" Capitals="Normal" ResourceId="2" />
							<Origin X="0" Y="0" />
							<Text>е</Text>
							<Size Width="6.636" Height="8.162108" />
							<Brush>
								<SolidBrush Color="#FF000000" />
							</Brush>
							<Tag>convertedFont</Tag>
						</Glyphs>
						<Glyphs OutlineWidth="0.5" CharSpace="0" RenderTransform="0.5968368 0 -0 0.5968368 112.73792 776.93335">
							<Font SizePoints="14" Style="Regular" FamilyName="CSMVMI+BlissPro" Capitals="Normal" ResourceId="2" />
							<Origin X="0" Y="0" />
							<Text>в</Text>
							<Size Width="6.538" Height="8.162108" />
							<Brush>
								<SolidBrush Color="#FF000000" />
							</Brush>
							<Tag>convertedFont</Tag>
						</Glyphs>
						<Glyphs OutlineWidth="0.5" CharSpace="0" RenderTransform="0.5968368 0 -0 0.5968368 116.67331 776.93335">
							<Font SizePoints="14" Style="Regular" FamilyName="CSMVMI+BlissPro" Capitals="Normal" ResourceId="2" />
							<Origin X="0" Y="0" />
							<Text>а</Text>
							<Size Width="6.608" Height="8.162108" />
							<Brush>
								<SolidBrush Color="#FF000000" />
							</Brush>
							<Tag>convertedFont</Tag>
						</Glyphs>
						<Glyphs OutlineWidth="0.5" CharSpace="0" RenderTransform="0.5968368 0 -0 0.5968368 120.646 776.93335">
							<Font SizePoints="14" Style="Regular" FamilyName="CSMVMI+BlissPro" Capitals="Normal" ResourceId="2" />
							<Origin X="0" Y="0" />
							<Text>я</Text>
							<Size Width="6.678" Height="8.162108" />
							<Brush>
								<SolidBrush Color="#FF000000" />
							</Brush>
							<Tag>convertedFont</Tag>
						</Glyphs>
						<Glyphs OutlineWidth="0.5" CharSpace="0" RenderTransform="0.5968368 0 -0 0.5968368 213.51941 776.93335">
							<Font SizePoints="14" Style="Regular" FamilyName="CSMVMI+BlissPro" Capitals="Normal" ResourceId="2" />
							<Origin X="0" Y="0" />
							<Text>1</Text>
							<Size Width="5.852" Height="8.162108" />
							<Brush>
								<SolidBrush Color="#FF000000" />
							</Brush>
							<Tag>convertedFont</Tag>
						</Glyphs>
						<Glyphs OutlineWidth="0.5" CharSpace="0" RenderTransform="0.5968368 0 -0 0.5968368 217.03516 776.93335">
							<Font SizePoints="14" Style="Regular" FamilyName="CSMVMI+BlissPro" Capitals="Normal" ResourceId="2" />
							<Origin X="0" Y="0" />
							<Text>7</Text>
							<Size Width="6.636" Height="8.162108" />
							<Brush>
								<SolidBrush Color="#FF000000" />
							</Brush>
							<Tag>convertedFont</Tag>
						</Glyphs>
						<Glyphs OutlineWidth="0.5" CharSpace="0" RenderTransform="0.5968368 0 -0 0.5968368 221.0265 776.93335">
							<Font SizePoints="14" Style="Regular" FamilyName="CSMVMI+BlissPro" Capitals="Normal" ResourceId="2" />
							<Origin X="0" Y="0" />
							<Text>8</Text>
							<Size Width="7.742" Height="8.162108" />
							<Brush>
								<SolidBrush Color="#FF000000" />
							</Brush>
							<Tag>convertedFont</Tag>
						</Glyphs>
						<Glyphs OutlineWidth="0.5" CharSpace="0" RenderTransform="0.5968368 0 -0 0.5968368 225.67996 776.93335">
							<Font SizePoints="14" Style="Regular" FamilyName="CSMVMI+BlissPro" Capitals="Normal" ResourceId="2" />
							<Origin X="0" Y="0" />
							<Text>x</Text>
							<Size Width="6.384" Height="8.162108" />
							<Brush>
								<SolidBrush Color="#FF000000" />
							</Brush>
							<Tag>convertedFont</Tag>
						</Glyphs>
						<Glyphs OutlineWidth="0.5" CharSpace="0" RenderTransform="0.5968368 0 -0 0.5968368 229.5221 776.93335">
							<Font SizePoints="14" Style="Regular" FamilyName="CSMVMI+BlissPro" Capitals="Normal" ResourceId="2" />
							<Origin X="0" Y="0" />
							<Text>5</Text>
							<Size Width="7.126" Height="8.162108" />
							<Brush>
								<SolidBrush Color="#FF000000" />
							</Brush>
							<Tag>convertedFont</Tag>
						</Glyphs>
						<Glyphs OutlineWidth="0.5" CharSpace="0" RenderTransform="0.5968368 0 -0 0.5968368 233.80254 776.93335">
							<Font SizePoints="14" Style="Regular" FamilyName="CSMVMI+BlissPro" Capitals="Normal" ResourceId="2" />
							<Origin X="0" Y="0" />
							<Text>4</Text>
							<Size Width="7.784" Height="8.162108" />
							<Brush>
								<SolidBrush Color="#FF000000" />
							</Brush>
							<Tag>convertedFont</Tag>
						</Glyphs>
						<Glyphs OutlineWidth="0.5" CharSpace="0" RenderTransform="0.5968368 0 -0 0.5968368 238.47466 776.93335">
							<Font SizePoints="14" Style="Regular" FamilyName="CSMVMI+BlissPro" Capitals="Normal" ResourceId="2" />
							<Origin X="0" Y="0" />
							<Text>0</Text>
							<Size Width="7.756" Height="8.162108" />
							<Brush>
								<SolidBrush Color="#FF000000" />
							</Brush>
							<Tag>convertedFont</Tag>
						</Glyphs>
						<Glyphs OutlineWidth="0.5" CharSpace="0" RenderTransform="0.5968368 0 -0 0.5968368 243.12811 776.93335">
							<Font SizePoints="14" Style="Regular" FamilyName="CSMVMI+BlissPro" Capitals="Normal" ResourceId="2" />
							<Origin X="0" Y="0" />
							<Text>x</Text>
							<Size Width="6.384" Height="8.162108" />
							<Brush>
								<SolidBrush Color="#FF000000" />
							</Brush>
							<Tag>convertedFont</Tag>
						</Glyphs>
						<Glyphs OutlineWidth="0.5" CharSpace="0" RenderTransform="0.5968368 0 -0 0.5968368 246.97025 776.93335">
							<Font SizePoints="14" Style="Regular" FamilyName="CSMVMI+BlissPro" Capitals="Normal" ResourceId="2" />
							<Origin X="0" Y="0" />
							<Text>2</Text>
							<Size Width="7.154" Height="8.162108" />
							<Brush>
								<SolidBrush Color="#FF000000" />
							</Brush>
							<Tag>convertedFont</Tag>
						</Glyphs>
						<Glyphs OutlineWidth="0.5" CharSpace="0" RenderTransform="0.5968368 0 -0 0.5968368 251.26933 776.93335">
							<Font SizePoints="14" Style="Regular" FamilyName="CSMVMI+BlissPro" Capitals="Normal" ResourceId="2" />
							<Origin X="0" Y="0" />
							<Text>9</Text>
							<Size Width="7.476" Height="8.162108" />
							<Brush>
								<SolidBrush Color="#FF000000" />
							</Brush>
							<Tag>convertedFont</Tag>
						</Glyphs>
						<Glyphs OutlineWidth="0.5" CharSpace="0" RenderTransform="0.5968368 0 -0 0.5968368 255.76427 776.93335">
							<Font SizePoints="14" Style="Regular" FamilyName="CSMVMI+BlissPro" Capitals="Normal" ResourceId="2" />
							<Origin X="0" Y="0" />
							<Text>0</Text>
							<Size Width="7.756" Height="8.162108" />
							<Brush>
								<SolidBrush Color="#FF000000" />
							</Brush>
							<Tag>convertedFont</Tag>
						</Glyphs>
						<Glyphs OutlineWidth="0.5" CharSpace="0" RenderTransform="0.5968368 0 -0 0.5968368 291.1082 776.93335">
							<Font SizePoints="14" Style="Regular" FamilyName="CSMVMI+BlissPro" Capitals="Normal" ResourceId="2" />
							<Origin X="0" Y="0" />
							<Text>6</Text>
							<Size Width="7.56" Height="8.162108" />
							<Brush>
								<SolidBrush Color="#FF000000" />
							</Brush>
							<Tag>convertedFont</Tag>
						</Glyphs>
						<Glyphs OutlineWidth="0.5" CharSpace="0" RenderTransform="0.5968368 0 -0 0.5968368 295.64975 776.93335">
							<Font SizePoints="14" Style="Regular" FamilyName="CSMVMI+BlissPro" Capitals="Normal" ResourceId="2" />
							<Origin X="0" Y="0" />
							<Text>.</Text>
							<Size Width="3.276" Height="8.162108" />
							<Brush>
								<SolidBrush Color="#FF000000" />
							</Brush>
							<Tag>convertedFont</Tag>
						</Glyphs>
						<Glyphs OutlineWidth="0.5" CharSpace="0" RenderTransform="0.5968368 0 -0 0.5968368 297.61743 776.93335">
							<Font SizePoints="14" Style="Regular" FamilyName="CSMVMI+BlissPro" Capitals="Normal" ResourceId="2" />
							<Origin X="0" Y="0" />
							<Text>6</Text>
							<Size Width="7.56" Height="8.162108" />
							<Brush>
								<SolidBrush Color="#FF000000" />
							</Brush>
							<Tag>convertedFont</Tag>
						</Glyphs>
						<Glyphs OutlineWidth="0.5" CharSpace="0" RenderTransform="0.5968368 0 -0 0.5968368 326.9184 776.93335">
							<Font SizePoints="14" Style="Regular" FamilyName="CSMVMI+BlissPro" Capitals="Normal" ResourceId="2" />
							<Origin X="0" Y="0" />
							<Text>0</Text>
							<Size Width="7.756" Height="8.162108" />
							<Brush>
								<SolidBrush Color="#FF000000" />
							</Brush>
							<Tag>convertedFont</Tag>
						</Glyphs>
						<Glyphs OutlineWidth="0.5" CharSpace="0" RenderTransform="0.5968368 0 -0 0.5968368 331.57187 776.93335">
							<Font SizePoints="14" Style="Regular" FamilyName="CSMVMI+BlissPro" Capitals="Normal" ResourceId="2" />
							<Origin X="0" Y="0" />
							<Text>.</Text>
							<Size Width="3.276" Height="8.162108" />
							<Brush>
								<SolidBrush Color="#FF000000" />
							</Brush>
							<Tag>convertedFont</Tag>
						</Glyphs>
						<Glyphs OutlineWidth="0.5" CharSpace="0" RenderTransform="0.5968368 0 -0 0.5968368 333.53955 776.93335">
							<Font SizePoints="14" Style="Regular" FamilyName="CSMVMI+BlissPro" Capitals="Normal" ResourceId="2" />
							<Origin X="0" Y="0" />
							<Text>8</Text>
							<Size Width="7.742" Height="8.162108" />
							<Brush>
								<SolidBrush Color="#FF000000" />
							</Brush>
							<Tag>convertedFont</Tag>
						</Glyphs>
						<Glyphs OutlineWidth="0.5" CharSpace="0" RenderTransform="0.5968368 0 -0 0.5968368 381.8274 776.93335">
							<Font SizePoints="14" Style="Regular" FamilyName="CSMVMI+BlissPro" Capitals="Normal" ResourceId="2" />
							<Origin X="0" Y="0" />
							<Text>-</Text>
							<Size Width="4.984" Height="8.162108" />
							<Brush>
								<SolidBrush Color="#FF000000" />
							</Brush>
							<Tag>convertedFont</Tag>
						</Glyphs>
						<Glyphs OutlineWidth="0.5" CharSpace="0" RenderTransform="0.5968368 0 -0 0.5968368 455.83514 776.93335">
							<Font SizePoints="14" Style="Regular" FamilyName="CSMVMI+BlissPro" Capitals="Normal" ResourceId="2" />
							<Origin X="0" Y="0" />
							<Text>-</Text>
							<Size Width="4.984" Height="8.162108" />
							<Brush>
								<SolidBrush Color="#FF000000" />
							</Brush>
							<Tag>convertedFont</Tag>
						</Glyphs>
						<Glyphs OutlineWidth="0.5" CharSpace="0" RenderTransform="0.5968368 0 -0 0.5968368 492.83902 776.93335">
							<Font SizePoints="14" Style="Regular" FamilyName="CSMVMI+BlissPro" Capitals="Normal" ResourceId="2" />
							<Origin X="0" Y="0" />
							<Text>-</Text>
							<Size Width="4.984" Height="8.162108" />
							<Brush>
								<SolidBrush Color="#FF000000" />
							</Brush>
							<Tag>convertedFont</Tag>
						</Glyphs>
						<Glyphs OutlineWidth="0.5" CharSpace="0" RenderTransform="0.5968368 0 -0 0.5968368 57.148167 793.048">
							<Font SizePoints="14" Style="Regular" FamilyName="CSMVMI+BlissPro" Capitals="Normal" ResourceId="2" />
							<Origin X="0" Y="0" />
							<Text>Ш</Text>
							<Size Width="12.516" Height="8.162108" />
							<Brush>
								<SolidBrush Color="#FF000000" />
							</Brush>
							<Tag>convertedFont</Tag>
						</Glyphs>
						<Glyphs OutlineWidth="0.5" CharSpace="0" RenderTransform="0.5968368 0 -0 0.5968368 64.673904 793.048">
							<Font SizePoints="14" Style="Regular" FamilyName="CSMVMI+BlissPro" Capitals="Normal" ResourceId="2" />
							<Origin X="0" Y="0" />
							<Text>у</Text>
							<Size Width="6.776" Height="8.162108" />
							<Brush>
								<SolidBrush Color="#FF000000" />
							</Brush>
							<Tag>convertedFont</Tag>
						</Glyphs>
						<Glyphs OutlineWidth="0.5" CharSpace="0" RenderTransform="0.5968368 0 -0 0.5968368 68.74918 793.048">
							<Font SizePoints="14" Style="Regular" FamilyName="CSMVMI+BlissPro" Capitals="Normal" ResourceId="2" />
							<Origin X="0" Y="0" />
							<Text>м</Text>
							<Size Width="8.372" Height="8.162108" />
							<Brush>
								<SolidBrush Color="#FF000000" />
							</Brush>
							<Tag>convertedFont</Tag>
						</Glyphs>
						<Glyphs OutlineWidth="0.5" CharSpace="0" RenderTransform="0.5968368 0 -0 0.5968368 73.78499 793.048">
							<Font SizePoints="14" Style="Regular" FamilyName="CSMVMI+BlissPro" Capitals="Normal" ResourceId="2" />
							<Origin X="0" Y="0" />
							<Text>о</Text>
							<Size Width="7.364" Height="8.162108" />
							<Brush>
								<SolidBrush Color="#FF000000" />
							</Brush>
							<Tag>convertedFont</Tag>
						</Glyphs>
						<Glyphs OutlineWidth="0.5" CharSpace="0" RenderTransform="0.5968368 0 -0 0.5968368 78.205315 793.048">
							<Font SizePoints="14" Style="Regular" FamilyName="CSMVMI+BlissPro" Capitals="Normal" ResourceId="2" />
							<Origin X="0" Y="0" />
							<Text>г</Text>
							<Size Width="5.544" Height="8.162108" />
							<Brush>
								<SolidBrush Color="#FF000000" />
							</Brush>
							<Tag>convertedFont</Tag>
						</Glyphs>
						<Glyphs OutlineWidth="0.5" CharSpace="0" RenderTransform="0.5968368 0 -0 0.5968368 81.534546 793.048">
							<Font SizePoints="14" Style="Regular" FamilyName="CSMVMI+BlissPro" Capitals="Normal" ResourceId="2" />
							<Origin X="0" Y="0" />
							<Text>л</Text>
							<Size Width="7.042" Height="8.162108" />
							<Brush>
								<SolidBrush Color="#FF000000" />
							</Brush>
							<Tag>convertedFont</Tag>
						</Glyphs>
						<Glyphs OutlineWidth="0.5" CharSpace="0" RenderTransform="0.5968368 0 -0 0.5968368 85.76836 793.048">
							<Font SizePoints="14" Style="Regular" FamilyName="CSMVMI+BlissPro" Capitals="Normal" ResourceId="2" />
							<Origin X="0" Y="0" />
							<Text>у</Text>
							<Size Width="6.776" Height="8.162108" />
							<Brush>
								<SolidBrush Color="#FF000000" />
							</Brush>
							<Tag>convertedFont</Tag>
						</Glyphs>
						<Glyphs OutlineWidth="0.5" CharSpace="0" RenderTransform="0.5968368 0 -0 0.5968368 89.84363 793.048">
							<Font SizePoints="14" Style="Regular" FamilyName="CSMVMI+BlissPro" Capitals="Normal" ResourceId="2" />
							<Origin X="0" Y="0" />
							<Text>ш</Text>
							<Size Width="9.772" Height="8.162108" />
							<Brush>
								<SolidBrush Color="#FF000000" />
							</Brush>
							<Tag>convertedFont</Tag>
						</Glyphs>
						<Glyphs OutlineWidth="0.5" CharSpace="0" RenderTransform="0.5968368 0 -0 0.5968368 95.70942 793.048">
							<Font SizePoints="14" Style="Regular" FamilyName="CSMVMI+BlissPro" Capitals="Normal" ResourceId="2" />
							<Origin X="0" Y="0" />
							<Text>и</Text>
							<Size Width="7.518" Height="8.162108" />
							<Brush>
								<SolidBrush Color="#FF000000" />
							</Brush>
							<Tag>convertedFont</Tag>
						</Glyphs>
						<Glyphs OutlineWidth="0.5" CharSpace="0" RenderTransform="0.5968368 0 -0 0.5968368 100.223 793.048">
							<Font SizePoints="14" Style="Regular" FamilyName="CSMVMI+BlissPro" Capitals="Normal" ResourceId="2" />
							<Origin X="0" Y="0" />
							<Text>т</Text>
							<Size Width="6.174" Height="8.162108" />
							<Brush>
								<SolidBrush Color="#FF000000" />
							</Brush>
							<Tag>convertedFont</Tag>
						</Glyphs>
						<Glyphs OutlineWidth="0.5" CharSpace="0" RenderTransform="0.5968368 0 -0 0.5968368 103.93458 793.048">
							<Font SizePoints="14" Style="Regular" FamilyName="CSMVMI+BlissPro" Capitals="Normal" ResourceId="2" />
							<Origin X="0" Y="0" />
							<Text>е</Text>
							<Size Width="6.636" Height="8.162108" />
							<Brush>
								<SolidBrush Color="#FF000000" />
							</Brush>
							<Tag>convertedFont</Tag>
						</Glyphs>
						<Glyphs OutlineWidth="0.5" CharSpace="0" RenderTransform="0.5968368 0 -0 0.5968368 107.92593 793.048">
							<Font SizePoints="14" Style="Regular" FamilyName="CSMVMI+BlissPro" Capitals="Normal" ResourceId="2" />
							<Origin X="0" Y="0" />
							<Text>л</Text>
							<Size Width="7.042" Height="8.162108" />
							<Brush>
								<SolidBrush Color="#FF000000" />
							</Brush>
							<Tag>convertedFont</Tag>
						</Glyphs>
						<Glyphs OutlineWidth="0.5" CharSpace="0" RenderTransform="0.5968368 0 -0 0.5968368 112.15974 793.048">
							<Font SizePoints="14" Style="Regular" FamilyName="CSMVMI+BlissPro" Capitals="Normal" ResourceId="2" />
							<Origin X="0" Y="0" />
							<Text>ь</Text>
							<Size Width="6.454" Height="8.162108" />
							<Brush>
								<SolidBrush Color="#FF000000" />
							</Brush>
							<Tag>convertedFont</Tag>
						</Glyphs>
						<Glyphs OutlineWidth="0.5" CharSpace="0" RenderTransform="0.5968368 0 -0 0.5968368 116.03918 793.048">
							<Font SizePoints="14" Style="Regular" FamilyName="CSMVMI+BlissPro" Capitals="Normal" ResourceId="2" />
							<Origin X="0" Y="0" />
							<Text> </Text>
							<Size Width="3.094" Height="8.162108" />
							<Brush>
								<SolidBrush Color="#FF000000" />
							</Brush>
							<Tag>convertedFont</Tag>
						</Glyphs>
						<Glyphs OutlineWidth="0.5" CharSpace="0" RenderTransform="0.5968368 0 -0 0.5968368 117.894966 793.048">
							<Font SizePoints="14" Style="Regular" FamilyName="CSMVMI+BlissPro" Capitals="Normal" ResourceId="2" />
							<Origin X="0" Y="0" />
							<Text>9</Text>
							<Size Width="7.476" Height="8.162108" />
							<Brush>
								<SolidBrush Color="#FF000000" />
							</Brush>
							<Tag>convertedFont</Tag>
						</Glyphs>
						<Glyphs OutlineWidth="0.5" CharSpace="0" RenderTransform="0.5968368 0 -0 0.5968368 122.38989 793.048">
							<Font SizePoints="14" Style="Regular" FamilyName="CSMVMI+BlissPro" Capitals="Normal" ResourceId="2" />
							<Origin X="0" Y="0" />
							<Text>0</Text>
							<Size Width="7.756" Height="8.162108" />
							<Brush>
								<SolidBrush Color="#FF000000" />
							</Brush>
							<Tag>convertedFont</Tag>
						</Glyphs>
						<Glyphs OutlineWidth="0.5" CharSpace="0" RenderTransform="0.5968368 0 -0 0.5968368 127.04335 793.048">
							<Font SizePoints="14" Style="Regular" FamilyName="CSMVMI+BlissPro" Capitals="Normal" ResourceId="2" />
							<Origin X="0" Y="0" />
							<Text>0</Text>
							<Size Width="7.756" Height="8.162108" />
							<Brush>
								<SolidBrush Color="#FF000000" />
							</Brush>
							<Tag>convertedFont</Tag>
						</Glyphs>
						<Glyphs OutlineWidth="0.5" CharSpace="0" RenderTransform="0.5968368 0 -0 0.5968368 131.69681 793.048">
							<Font SizePoints="14" Style="Regular" FamilyName="CSMVMI+BlissPro" Capitals="Normal" ResourceId="2" />
							<Origin X="0" Y="0" />
							<Text> </Text>
							<Size Width="3.094" Height="8.162108" />
							<Brush>
								<SolidBrush Color="#FF000000" />
							</Brush>
							<Tag>convertedFont</Tag>
						</Glyphs>
						<Glyphs OutlineWidth="0.5" CharSpace="0" RenderTransform="0.5968368 0 -0 0.5968368 133.55261 793.048">
							<Font SizePoints="14" Style="Regular" FamilyName="CSMVMI+BlissPro" Capitals="Normal" ResourceId="2" />
							<Origin X="0" Y="0" />
							<Text>м</Text>
							<Size Width="8.372" Height="8.162108" />
							<Brush>
								<SolidBrush Color="#FF000000" />
							</Brush>
							<Tag>convertedFont</Tag>
						</Glyphs>
						<Glyphs OutlineWidth="0.5" CharSpace="0" RenderTransform="0.5968368 0 -0 0.5968368 138.58841 793.048">
							<Font SizePoints="14" Style="Regular" FamilyName="CSMVMI+BlissPro" Capitals="Normal" ResourceId="2" />
							<Origin X="0" Y="0" />
							<Text>м</Text>
							<Size Width="8.372" Height="8.162108" />
							<Brush>
								<SolidBrush Color="#FF000000" />
							</Brush>
							<Tag>convertedFont</Tag>
						</Glyphs>
						<Glyphs OutlineWidth="0.5" CharSpace="0" RenderTransform="0.5968368 0 -0 0.5968368 213.51941 793.048">
							<Font SizePoints="14" Style="Regular" FamilyName="CSMVMI+BlissPro" Capitals="Normal" ResourceId="2" />
							<Origin X="0" Y="0" />
							<Text>1</Text>
							<Size Width="5.852" Height="8.162108" />
							<Brush>
								<SolidBrush Color="#FF000000" />
							</Brush>
							<Tag>convertedFont</Tag>
						</Glyphs>
						<Glyphs OutlineWidth="0.5" CharSpace="0" RenderTransform="0.5968368 0 -0 0.5968368 217.03516 793.048">
							<Font SizePoints="14" Style="Regular" FamilyName="CSMVMI+BlissPro" Capitals="Normal" ResourceId="2" />
							<Origin X="0" Y="0" />
							<Text>0</Text>
							<Size Width="7.756" Height="8.162108" />
							<Brush>
								<SolidBrush Color="#FF000000" />
							</Brush>
							<Tag>convertedFont</Tag>
						</Glyphs>
						<Glyphs OutlineWidth="0.5" CharSpace="0" RenderTransform="0.5968368 0 -0 0.5968368 221.68861 793.048">
							<Font SizePoints="14" Style="Regular" FamilyName="CSMVMI+BlissPro" Capitals="Normal" ResourceId="2" />
							<Origin X="0" Y="0" />
							<Text>1</Text>
							<Size Width="5.852" Height="8.162108" />
							<Brush>
								<SolidBrush Color="#FF000000" />
							</Brush>
							<Tag>convertedFont</Tag>
						</Glyphs>
						<Glyphs OutlineWidth="0.5" CharSpace="0" RenderTransform="0.5968368 0 -0 0.5968368 225.20436 793.048">
							<Font SizePoints="14" Style="Regular" FamilyName="CSMVMI+BlissPro" Capitals="Normal" ResourceId="2" />
							<Origin X="0" Y="0" />
							<Text>4</Text>
							<Size Width="7.784" Height="8.162108" />
							<Brush>
								<SolidBrush Color="#FF000000" />
							</Brush>
							<Tag>convertedFont</Tag>
						</Glyphs>
						<Glyphs OutlineWidth="0.5" CharSpace="0" RenderTransform="0.5968368 0 -0 0.5968368 229.87646 793.048">
							<Font SizePoints="14" Style="Regular" FamilyName="CSMVMI+BlissPro" Capitals="Normal" ResourceId="2" />
							<Origin X="0" Y="0" />
							<Text>x</Text>
							<Size Width="6.384" Height="8.162108" />
							<Brush>
								<SolidBrush Color="#FF000000" />
							</Brush>
							<Tag>convertedFont</Tag>
						</Glyphs>
						<Glyphs OutlineWidth="0.5" CharSpace="0" RenderTransform="0.5968368 0 -0 0.5968368 233.71861 793.048">
							<Font SizePoints="14" Style="Regular" FamilyName="CSMVMI+BlissPro" Capitals="Normal" ResourceId="2" />
							<Origin X="0" Y="0" />
							<Text>5</Text>
							<Size Width="7.126" Height="8.162108" />
							<Brush>
								<SolidBrush Color="#FF000000" />
							</Brush>
							<Tag>convertedFont</Tag>
						</Glyphs>
						<Glyphs OutlineWidth="0.5" CharSpace="0" RenderTransform="0.5968368 0 -0 0.5968368 237.99904 793.048">
							<Font SizePoints="14" Style="Regular" FamilyName="CSMVMI+BlissPro" Capitals="Normal" ResourceId="2" />
							<Origin X="0" Y="0" />
							<Text>4</Text>
							<Size Width="7.784" Height="8.162108" />
							<Brush>
								<SolidBrush Color="#FF000000" />
							</Brush>
							<Tag>convertedFont</Tag>
						</Glyphs>
						<Glyphs OutlineWidth="0.5" CharSpace="0" RenderTransform="0.5968368 0 -0 0.5968368 242.67116 793.048">
							<Font SizePoints="14" Style="Regular" FamilyName="CSMVMI+BlissPro" Capitals="Normal" ResourceId="2" />
							<Origin X="0" Y="0" />
							<Text>0</Text>
							<Size Width="7.756" Height="8.162108" />
							<Brush>
								<SolidBrush Color="#FF000000" />
							</Brush>
							<Tag>convertedFont</Tag>
						</Glyphs>
						<Glyphs OutlineWidth="0.5" CharSpace="0" RenderTransform="0.5968368 0 -0 0.5968368 247.32462 793.048">
							<Font SizePoints="14" Style="Regular" FamilyName="CSMVMI+BlissPro" Capitals="Normal" ResourceId="2" />
							<Origin X="0" Y="0" />
							<Text>x</Text>
							<Size Width="6.384" Height="8.162108" />
							<Brush>
								<SolidBrush Color="#FF000000" />
							</Brush>
							<Tag>convertedFont</Tag>
						</Glyphs>
						<Glyphs OutlineWidth="0.5" CharSpace="0" RenderTransform="0.5968368 0 -0 0.5968368 251.16676 793.048">
							<Font SizePoints="14" Style="Regular" FamilyName="CSMVMI+BlissPro" Capitals="Normal" ResourceId="2" />
							<Origin X="0" Y="0" />
							<Text>2</Text>
							<Size Width="7.154" Height="8.162108" />
							<Brush>
								<SolidBrush Color="#FF000000" />
							</Brush>
							<Tag>convertedFont</Tag>
						</Glyphs>
						<Glyphs OutlineWidth="0.5" CharSpace="0" RenderTransform="0.5968368 0 -0 0.5968368 255.46585 793.048">
							<Font SizePoints="14" Style="Regular" FamilyName="CSMVMI+BlissPro" Capitals="Normal" ResourceId="2" />
							<Origin X="0" Y="0" />
							<Text>9</Text>
							<Size Width="7.476" Height="8.162108" />
							<Brush>
								<SolidBrush Color="#FF000000" />
							</Brush>
							<Tag>convertedFont</Tag>
						</Glyphs>
						<Glyphs OutlineWidth="0.5" CharSpace="0" RenderTransform="0.5968368 0 -0 0.5968368 259.96075 793.048">
							<Font SizePoints="14" Style="Regular" FamilyName="CSMVMI+BlissPro" Capitals="Normal" ResourceId="2" />
							<Origin X="0" Y="0" />
							<Text>0</Text>
							<Size Width="7.756" Height="8.162108" />
							<Brush>
								<SolidBrush Color="#FF000000" />
							</Brush>
							<Tag>convertedFont</Tag>
						</Glyphs>
						<Glyphs OutlineWidth="0.5" CharSpace="0" RenderTransform="0.5968368 0 -0 0.5968368 292.30188 793.048">
							<Font SizePoints="14" Style="Regular" FamilyName="CSMVMI+BlissPro" Capitals="Normal" ResourceId="2" />
							<Origin X="0" Y="0" />
							<Text>2</Text>
							<Size Width="7.154" Height="8.162108" />
							<Brush>
								<SolidBrush Color="#FF000000" />
							</Brush>
							<Tag>convertedFont</Tag>
						</Glyphs>
						<Glyphs OutlineWidth="0.5" CharSpace="0" RenderTransform="0.5968368 0 -0 0.5968368 296.60095 793.048">
							<Font SizePoints="14" Style="Regular" FamilyName="CSMVMI+BlissPro" Capitals="Normal" ResourceId="2" />
							<Origin X="0" Y="0" />
							<Text>5</Text>
							<Size Width="7.126" Height="8.162108" />
							<Brush>
								<SolidBrush Color="#FF000000" />
							</Brush>
							<Tag>convertedFont</Tag>
						</Glyphs>
						<Glyphs OutlineWidth="0.5" CharSpace="0" RenderTransform="0.5968368 0 -0 0.5968368 327.51523 793.048">
							<Font SizePoints="14" Style="Regular" FamilyName="CSMVMI+BlissPro" Capitals="Normal" ResourceId="2" />
							<Origin X="0" Y="0" />
							<Text>1</Text>
							<Size Width="5.852" Height="8.162108" />
							<Brush>
								<SolidBrush Color="#FF000000" />
							</Brush>
							<Tag>convertedFont</Tag>
						</Glyphs>
						<Glyphs OutlineWidth="0.5" CharSpace="0" RenderTransform="0.5968368 0 -0 0.5968368 331.03098 793.048">
							<Font SizePoints="14" Style="Regular" FamilyName="CSMVMI+BlissPro" Capitals="Normal" ResourceId="2" />
							<Origin X="0" Y="0" />
							<Text>8</Text>
							<Size Width="7.742" Height="8.162108" />
							<Brush>
								<SolidBrush Color="#FF000000" />
							</Brush>
							<Tag>convertedFont</Tag>
						</Glyphs>
						<Glyphs OutlineWidth="0.5" CharSpace="0" RenderTransform="0.5968368 0 -0 0.5968368 381.8274 793.048">
							<Font SizePoints="14" Style="Regular" FamilyName="CSMVMI+BlissPro" Capitals="Normal" ResourceId="2" />
							<Origin X="0" Y="0" />
							<Text>-</Text>
							<Size Width="4.984" Height="8.162108" />
							<Brush>
								<SolidBrush Color="#FF000000" />
							</Brush>
							<Tag>convertedFont</Tag>
						</Glyphs>
						<Glyphs OutlineWidth="0.5" CharSpace="0" RenderTransform="0.5968368 0 -0 0.5968368 455.83514 793.048">
							<Font SizePoints="14" Style="Regular" FamilyName="CSMVMI+BlissPro" Capitals="Normal" ResourceId="2" />
							<Origin X="0" Y="0" />
							<Text>-</Text>
							<Size Width="4.984" Height="8.162108" />
							<Brush>
								<SolidBrush Color="#FF000000" />
							</Brush>
							<Tag>convertedFont</Tag>
						</Glyphs>
						<Glyphs OutlineWidth="0.5" CharSpace="0" RenderTransform="0.5968368 0 -0 0.5968368 492.83902 793.048">
							<Font SizePoints="14" Style="Regular" FamilyName="CSMVMI+BlissPro" Capitals="Normal" ResourceId="2" />
							<Origin X="0" Y="0" />
							<Text>-</Text>
							<Size Width="4.984" Height="8.162108" />
							<Brush>
								<SolidBrush Color="#FF000000" />
							</Brush>
							<Tag>convertedFont</Tag>
						</Glyphs>
					</Canvas>
				</Canvas>
			</Canvas>
		</Page>
		<Page Width="595" Height="842" PaperTray="0">
			<Canvas>
				<Canvas>
					<Clip>
						<Path FillMode="Winding">
							<PathFigure IsClosed="True">
								<PolyLine LineColor="#FF000000">
									<Point X="0" Y="842" />
									<Point X="0" Y="0" />
								</PolyLine>
								<PolyLine LineColor="#FF000000">
									<Point X="0" Y="0" />
									<Point X="595" Y="0" />
								</PolyLine>
								<PolyLine LineColor="#FF000000">
									<Point X="595" Y="0" />
									<Point X="595" Y="842" />
								</PolyLine>
								<PolyLine LineColor="#FF000000">
									<Point X="595" Y="842" />
									<Point X="0" Y="842" />
								</PolyLine>
							</PathFigure>
						</Path>
					</Clip>
					<Canvas>
						<Clip>
							<Path FillMode="Alternate">
								<PathFigure IsClosed="True">
									<PolyLine LineColor="#FF000000">
										<Point X="28.5" Y="28.5" />
										<Point X="566.25" Y="28.5" />
									</PolyLine>
									<PolyLine LineColor="#FF000000">
										<Point X="566.25" Y="28.5" />
										<Point X="566.25" Y="813.3404" />
									</PolyLine>
									<PolyLine LineColor="#FF000000">
										<Point X="566.25" Y="813.3404" />
										<Point X="28.5" Y="813.3404" />
									</PolyLine>
									<PolyLine LineColor="#FF000000">
										<Point X="28.5" Y="813.3404" />
										<Point X="28.5" Y="28.5" />
									</PolyLine>
								</PathFigure>
							</Path>
						</Clip>
					</Canvas>
					<Canvas>
						<Clip>
							<Path FillMode="Alternate">
								<PathFigure IsClosed="True">
									<PolyLine LineColor="#FF000000">
										<Point X="28.5" Y="28.5" />
										<Point X="566.25" Y="28.5" />
									</PolyLine>
									<PolyLine LineColor="#FF000000">
										<Point X="566.25" Y="28.5" />
										<Point X="566.25" Y="813.3404" />
									</PolyLine>
									<PolyLine LineColor="#FF000000">
										<Point X="566.25" Y="813.3404" />
										<Point X="28.5" Y="813.3404" />
									</PolyLine>
									<PolyLine LineColor="#FF000000">
										<Point X="28.5" Y="813.3404" />
										<Point X="28.5" Y="28.5" />
									</PolyLine>
								</PathFigure>
							</Path>
						</Clip>
						<Canvas>
							<Clip>
								<Path FillMode="Winding">
									<PathFigure IsClosed="False">
										<PolyLine LineColor="#FF000000">
											<Point X="52.373474" Y="109.6698" />
											<Point X="52.373474" Y="109.073" />
										</PolyLine>
										<PolyLine LineColor="#FF000000">
											<Point X="52.373474" Y="109.073" />
											<Point X="205.76053" Y="109.073" />
										</PolyLine>
										<PolyLine LineColor="#FF000000">
											<Point X="205.76053" Y="109.073" />
											<Point X="205.76053" Y="109.6698" />
										</PolyLine>
									</PathFigure>
								</Path>
							</Clip>
							<Path FillMode="Winding" RenderTransform="1 0 0 -1 0 842">
								<Brush>
									<SolidBrush Color="#FF706E74" />
								</Brush>
								<PathFigure IsClosed="True">
									<PolyLine LineColor="#FF000000">
										<Point X="52.373474" Y="732.92694" />
										<Point X="52.970306" Y="732.92694" />
									</PolyLine>
									<PolyLine LineColor="#FF000000">
										<Point X="52.970306" Y="732.92694" />
										<Point X="52.970306" Y="732.33014" />
									</PolyLine>
									<PolyLine LineColor="#FF000000">
										<Point X="52.970306" Y="732.33014" />
										<Point X="52.373474" Y="732.33014" />
									</PolyLine>
								</PathFigure>
							</Path>
							<Path FillMode="Winding" RenderTransform="1 0 0 -1 0 842">
								<Brush>
									<SolidBrush Color="#FF706E74" />
								</Brush>
								<PathFigure IsClosed="True">
									<PolyLine LineColor="#FF000000">
										<Point X="205.1637" Y="732.92694" />
										<Point X="205.76053" Y="732.92694" />
									</PolyLine>
									<PolyLine LineColor="#FF000000">
										<Point X="205.76053" Y="732.92694" />
										<Point X="205.76053" Y="732.33014" />
									</PolyLine>
									<PolyLine LineColor="#FF000000">
										<Point X="205.76053" Y="732.33014" />
										<Point X="205.1637" Y="732.33014" />
									</PolyLine>
								</PathFigure>
							</Path>
							<Path FillMode="Alternate" RenderTransform="1 0 0 -1 0 842">
								<Pen Alignment="Center" DashCap="Flat" DashOffset="0" DashPattern="0.5968368 0.5968368" DashStyle="Custom" EndCap="Flat" LineJoin="Miter" MiterLimit="10" StartCap="Flat" Width="0.5968368">
									<Brush>
										<SolidBrush Color="#FF706E74" />
									</Brush>
								</Pen>
								<PathFigure IsClosed="False">
									<PolyLine LineColor="#FF000000">
										<Point X="52.970306" Y="732.62854" />
										<Point X="205.1637" Y="732.62854" />
									</PolyLine>
								</PathFigure>
							</Path>
						</Canvas>
					</Canvas>
					<Canvas>
						<Clip>
							<Path FillMode="Alternate">
								<PathFigure IsClosed="True">
									<PolyLine LineColor="#FF000000">
										<Point X="28.5" Y="28.5" />
										<Point X="566.25" Y="28.5" />
									</PolyLine>
									<PolyLine LineColor="#FF000000">
										<Point X="566.25" Y="28.5" />
										<Point X="566.25" Y="813.3404" />
									</PolyLine>
									<PolyLine LineColor="#FF000000">
										<Point X="566.25" Y="813.3404" />
										<Point X="28.5" Y="813.3404" />
									</PolyLine>
									<PolyLine LineColor="#FF000000">
										<Point X="28.5" Y="813.3404" />
										<Point X="28.5" Y="28.5" />
									</PolyLine>
								</PathFigure>
							</Path>
						</Clip>
					</Canvas>
					<Canvas>
						<Clip>
							<Path FillMode="Alternate">
								<PathFigure IsClosed="True">
									<PolyLine LineColor="#FF000000">
										<Point X="28.5" Y="28.5" />
										<Point X="566.25" Y="28.5" />
									</PolyLine>
									<PolyLine LineColor="#FF000000">
										<Point X="566.25" Y="28.5" />
										<Point X="566.25" Y="813.3404" />
									</PolyLine>
									<PolyLine LineColor="#FF000000">
										<Point X="566.25" Y="813.3404" />
										<Point X="28.5" Y="813.3404" />
									</PolyLine>
									<PolyLine LineColor="#FF000000">
										<Point X="28.5" Y="813.3404" />
										<Point X="28.5" Y="28.5" />
									</PolyLine>
								</PathFigure>
							</Path>
						</Clip>
						<Canvas>
							<Clip>
								<Path FillMode="Winding">
									<PathFigure IsClosed="False">
										<PolyLine LineColor="#FF000000">
											<Point X="206.95421" Y="109.6698" />
											<Point X="207.55106" Y="109.073" />
										</PolyLine>
										<PolyLine LineColor="#FF000000">
											<Point X="207.55106" Y="109.073" />
											<Point X="374.0685" Y="109.073" />
										</PolyLine>
										<PolyLine LineColor="#FF000000">
											<Point X="374.0685" Y="109.073" />
											<Point X="374.0685" Y="109.6698" />
										</PolyLine>
									</PathFigure>
								</Path>
							</Clip>
							<Path FillMode="Winding" RenderTransform="1 0 0 -1 0 842">
								<Brush>
									<SolidBrush Color="#FF706E74" />
								</Brush>
								<PathFigure IsClosed="True">
									<PolyLine LineColor="#FF000000">
										<Point X="206.95421" Y="732.92694" />
										<Point X="207.55104" Y="732.92694" />
									</PolyLine>
									<PolyLine LineColor="#FF000000">
										<Point X="207.55104" Y="732.92694" />
										<Point X="207.55104" Y="732.33014" />
									</PolyLine>
									<PolyLine LineColor="#FF000000">
										<Point X="207.55104" Y="732.33014" />
										<Point X="206.95421" Y="732.33014" />
									</PolyLine>
								</PathFigure>
							</Path>
							<Path FillMode="Winding" RenderTransform="1 0 0 -1 0 842">
								<Brush>
									<SolidBrush Color="#FF706E74" />
								</Brush>
								<PathFigure IsClosed="True">
									<PolyLine LineColor="#FF000000">
										<Point X="373.47168" Y="732.92694" />
										<Point X="374.0685" Y="732.92694" />
									</PolyLine>
									<PolyLine LineColor="#FF000000">
										<Point X="374.0685" Y="732.92694" />
										<Point X="374.0685" Y="732.33014" />
									</PolyLine>
									<PolyLine LineColor="#FF000000">
										<Point X="374.0685" Y="732.33014" />
										<Point X="373.47168" Y="732.33014" />
									</PolyLine>
								</PathFigure>
							</Path>
							<Path FillMode="Alternate" RenderTransform="1 0 0 -1 0 842">
								<Pen Alignment="Center" DashCap="Flat" DashOffset="0" DashPattern="0.5968368 0.5968368" DashStyle="Custom" EndCap="Flat" LineJoin="Miter" MiterLimit="10" StartCap="Flat" Width="0.5968368">
									<Brush>
										<SolidBrush Color="#FF706E74" />
									</Brush>
								</Pen>
								<PathFigure IsClosed="False">
									<PolyLine LineColor="#FF000000">
										<Point X="207.55104" Y="732.62854" />
										<Point X="373.47168" Y="732.62854" />
									</PolyLine>
								</PathFigure>
							</Path>
						</Canvas>
					</Canvas>
					<Canvas>
						<Clip>
							<Path FillMode="Alternate">
								<PathFigure IsClosed="True">
									<PolyLine LineColor="#FF000000">
										<Point X="28.5" Y="28.5" />
										<Point X="566.25" Y="28.5" />
									</PolyLine>
									<PolyLine LineColor="#FF000000">
										<Point X="566.25" Y="28.5" />
										<Point X="566.25" Y="813.3404" />
									</PolyLine>
									<PolyLine LineColor="#FF000000">
										<Point X="566.25" Y="813.3404" />
										<Point X="28.5" Y="813.3404" />
									</PolyLine>
									<PolyLine LineColor="#FF000000">
										<Point X="28.5" Y="813.3404" />
										<Point X="28.5" Y="28.5" />
									</PolyLine>
								</PathFigure>
							</Path>
						</Clip>
						<Path FillMode="Winding" RenderTransform="1 0 0 -1 0 842">
							<Brush>
								<SolidBrush Color="#FF939598" />
							</Brush>
							<PathFigure IsClosed="True">
								<PolyLine LineColor="#FF000000">
									<Point X="206.95421" Y="755.6068" />
									<Point X="206.95421" Y="732.3302" />
								</PolyLine>
								<PolyLine LineColor="#FF000000">
									<Point X="206.95421" Y="732.3302" />
									<Point X="207.55106" Y="732.927" />
								</PolyLine>
								<PolyLine LineColor="#FF000000">
									<Point X="207.55106" Y="732.927" />
									<Point X="207.55106" Y="755.6068" />
								</PolyLine>
								<PolyLine LineColor="#FF000000">
									<Point X="207.55106" Y="755.6068" />
									<Point X="206.95421" Y="755.6068" />
								</PolyLine>
							</PathFigure>
						</Path>
					</Canvas>
					<Canvas>
						<Clip>
							<Path FillMode="Alternate">
								<PathFigure IsClosed="True">
									<PolyLine LineColor="#FF000000">
										<Point X="28.5" Y="28.5" />
										<Point X="566.25" Y="28.5" />
									</PolyLine>
									<PolyLine LineColor="#FF000000">
										<Point X="566.25" Y="28.5" />
										<Point X="566.25" Y="813.3404" />
									</PolyLine>
									<PolyLine LineColor="#FF000000">
										<Point X="566.25" Y="813.3404" />
										<Point X="28.5" Y="813.3404" />
									</PolyLine>
									<PolyLine LineColor="#FF000000">
										<Point X="28.5" Y="813.3404" />
										<Point X="28.5" Y="28.5" />
									</PolyLine>
								</PathFigure>
							</Path>
						</Clip>
						<Canvas>
							<Clip>
								<Path FillMode="Winding">
									<PathFigure IsClosed="False">
										<PolyLine LineColor="#FF000000">
											<Point X="375.2622" Y="109.6698" />
											<Point X="375.85904" Y="109.073" />
										</PolyLine>
										<PolyLine LineColor="#FF000000">
											<Point X="375.85904" Y="109.073" />
											<Point X="542.3765" Y="109.073" />
										</PolyLine>
										<PolyLine LineColor="#FF000000">
											<Point X="542.3765" Y="109.073" />
											<Point X="542.3765" Y="109.6698" />
										</PolyLine>
									</PathFigure>
								</Path>
							</Clip>
							<Path FillMode="Winding" RenderTransform="1 0 0 -1 0 842">
								<Brush>
									<SolidBrush Color="#FF706E74" />
								</Brush>
								<PathFigure IsClosed="True">
									<PolyLine LineColor="#FF000000">
										<Point X="375.26218" Y="732.92694" />
										<Point X="375.859" Y="732.92694" />
									</PolyLine>
									<PolyLine LineColor="#FF000000">
										<Point X="375.859" Y="732.92694" />
										<Point X="375.859" Y="732.33014" />
									</PolyLine>
									<PolyLine LineColor="#FF000000">
										<Point X="375.859" Y="732.33014" />
										<Point X="375.26218" Y="732.33014" />
									</PolyLine>
								</PathFigure>
							</Path>
							<Path FillMode="Winding" RenderTransform="1 0 0 -1 0 842">
								<Brush>
									<SolidBrush Color="#FF706E74" />
								</Brush>
								<PathFigure IsClosed="True">
									<PolyLine LineColor="#FF000000">
										<Point X="541.77966" Y="732.92694" />
										<Point X="542.37646" Y="732.92694" />
									</PolyLine>
									<PolyLine LineColor="#FF000000">
										<Point X="542.37646" Y="732.92694" />
										<Point X="542.37646" Y="732.33014" />
									</PolyLine>
									<PolyLine LineColor="#FF000000">
										<Point X="542.37646" Y="732.33014" />
										<Point X="541.77966" Y="732.33014" />
									</PolyLine>
								</PathFigure>
							</Path>
							<Path FillMode="Alternate" RenderTransform="1 0 0 -1 0 842">
								<Pen Alignment="Center" DashCap="Flat" DashOffset="0" DashPattern="0.5968368 0.5968368" DashStyle="Custom" EndCap="Flat" LineJoin="Miter" MiterLimit="10" StartCap="Flat" Width="0.5968368">
									<Brush>
										<SolidBrush Color="#FF706E74" />
									</Brush>
								</Pen>
								<PathFigure IsClosed="False">
									<PolyLine LineColor="#FF000000">
										<Point X="375.859" Y="732.62854" />
										<Point X="541.77966" Y="732.62854" />
									</PolyLine>
								</PathFigure>
							</Path>
						</Canvas>
					</Canvas>
					<Canvas>
						<Clip>
							<Path FillMode="Alternate">
								<PathFigure IsClosed="True">
									<PolyLine LineColor="#FF000000">
										<Point X="28.5" Y="28.5" />
										<Point X="566.25" Y="28.5" />
									</PolyLine>
									<PolyLine LineColor="#FF000000">
										<Point X="566.25" Y="28.5" />
										<Point X="566.25" Y="813.3404" />
									</PolyLine>
									<PolyLine LineColor="#FF000000">
										<Point X="566.25" Y="813.3404" />
										<Point X="28.5" Y="813.3404" />
									</PolyLine>
									<PolyLine LineColor="#FF000000">
										<Point X="28.5" Y="813.3404" />
										<Point X="28.5" Y="28.5" />
									</PolyLine>
								</PathFigure>
							</Path>
						</Clip>
						<Path FillMode="Winding" RenderTransform="1 0 0 -1 0 842">
							<Brush>
								<SolidBrush Color="#FF939598" />
							</Brush>
							<PathFigure IsClosed="True">
								<PolyLine LineColor="#FF000000">
									<Point X="375.2622" Y="755.6068" />
									<Point X="375.2622" Y="732.3302" />
								</PolyLine>
								<PolyLine LineColor="#FF000000">
									<Point X="375.2622" Y="732.3302" />
									<Point X="375.85904" Y="732.927" />
								</PolyLine>
								<PolyLine LineColor="#FF000000">
									<Point X="375.85904" Y="732.927" />
									<Point X="375.85904" Y="755.6068" />
								</PolyLine>
								<PolyLine LineColor="#FF000000">
									<Point X="375.85904" Y="755.6068" />
									<Point X="375.2622" Y="755.6068" />
								</PolyLine>
							</PathFigure>
						</Path>
						<Path FillMode="Winding" RenderTransform="1 0 0 -1 0 842">
							<Brush>
								<SolidBrush Color="#FF005F7F" />
							</Brush>
							<PathFigure IsClosed="True">
								<PolyLine LineColor="#FF000000">
									<Point X="52.373474" Y="812.3063" />
									<Point X="205.76053" Y="812.3063" />
								</PolyLine>
								<PolyLine LineColor="#FF000000">
									<Point X="205.76053" Y="812.3063" />
									<Point X="205.76053" Y="794.4012" />
								</PolyLine>
								<PolyLine LineColor="#FF000000">
									<Point X="205.76053" Y="794.4012" />
									<Point X="52.373474" Y="794.4012" />
								</PolyLine>
							</PathFigure>
						</Path>
						<Path FillMode="Winding" RenderTransform="1 0 0 -1 0 842">
							<Brush>
								<SolidBrush Color="#FFFFFFFF" />
							</Brush>
							<PathFigure IsClosed="True">
								<PolyLine LineColor="#FF000000">
									<Point X="52.373474" Y="794.998" />
									<Point X="205.76053" Y="794.998" />
								</PolyLine>
								<PolyLine LineColor="#FF000000">
									<Point X="205.76053" Y="794.998" />
									<Point X="205.76053" Y="794.4012" />
								</PolyLine>
								<PolyLine LineColor="#FF000000">
									<Point X="205.76053" Y="794.4012" />
									<Point X="52.373474" Y="794.4012" />
								</PolyLine>
							</PathFigure>
						</Path>
						<Path FillMode="Winding" RenderTransform="1 0 0 -1 0 842">
							<Brush>
								<SolidBrush Color="#FFFFFFFF" />
							</Brush>
							<PathFigure IsClosed="True">
								<PolyLine LineColor="#FF000000">
									<Point X="52.373474" Y="812.3063" />
									<Point X="52.970306" Y="812.3063" />
								</PolyLine>
								<PolyLine LineColor="#FF000000">
									<Point X="52.970306" Y="812.3063" />
									<Point X="52.970306" Y="794.4012" />
								</PolyLine>
								<PolyLine LineColor="#FF000000">
									<Point X="52.970306" Y="794.4012" />
									<Point X="52.373474" Y="794.4012" />
								</PolyLine>
							</PathFigure>
						</Path>
						<Path FillMode="Winding" RenderTransform="1 0 0 -1 0 842">
							<Brush>
								<SolidBrush Color="#FF005F7F" />
							</Brush>
							<PathFigure IsClosed="True">
								<PolyLine LineColor="#FF000000">
									<Point X="206.95421" Y="812.3063" />
									<Point X="374.0685" Y="812.3063" />
								</PolyLine>
								<PolyLine LineColor="#FF000000">
									<Point X="374.0685" Y="812.3063" />
									<Point X="374.0685" Y="794.4012" />
								</PolyLine>
								<PolyLine LineColor="#FF000000">
									<Point X="374.0685" Y="794.4012" />
									<Point X="206.95421" Y="794.4012" />
								</PolyLine>
							</PathFigure>
						</Path>
						<Path FillMode="Winding" RenderTransform="1 0 0 -1 0 842">
							<Brush>
								<SolidBrush Color="#FFFFFFFF" />
							</Brush>
							<PathFigure IsClosed="True">
								<PolyLine LineColor="#FF000000">
									<Point X="206.95421" Y="794.998" />
									<Point X="374.0685" Y="794.998" />
								</PolyLine>
								<PolyLine LineColor="#FF000000">
									<Point X="374.0685" Y="794.998" />
									<Point X="374.0685" Y="794.4012" />
								</PolyLine>
								<PolyLine LineColor="#FF000000">
									<Point X="374.0685" Y="794.4012" />
									<Point X="206.95421" Y="794.4012" />
								</PolyLine>
							</PathFigure>
						</Path>
						<Path FillMode="Winding" RenderTransform="1 0 0 -1 0 842">
							<Brush>
								<SolidBrush Color="#FFFFFFFF" />
							</Brush>
							<PathFigure IsClosed="True">
								<PolyLine LineColor="#FF000000">
									<Point X="206.95421" Y="812.3063" />
									<Point X="207.55104" Y="812.3063" />
								</PolyLine>
								<PolyLine LineColor="#FF000000">
									<Point X="207.55104" Y="812.3063" />
									<Point X="207.55104" Y="794.4012" />
								</PolyLine>
								<PolyLine LineColor="#FF000000">
									<Point X="207.55104" Y="794.4012" />
									<Point X="206.95421" Y="794.4012" />
								</PolyLine>
							</PathFigure>
						</Path>
						<Path FillMode="Winding" RenderTransform="1 0 0 -1 0 842">
							<Brush>
								<SolidBrush Color="#FF005F7F" />
							</Brush>
							<PathFigure IsClosed="True">
								<PolyLine LineColor="#FF000000">
									<Point X="375.26218" Y="812.3063" />
									<Point X="542.37646" Y="812.3063" />
								</PolyLine>
								<PolyLine LineColor="#FF000000">
									<Point X="542.37646" Y="812.3063" />
									<Point X="542.37646" Y="794.4012" />
								</PolyLine>
								<PolyLine LineColor="#FF000000">
									<Point X="542.37646" Y="794.4012" />
									<Point X="375.26218" Y="794.4012" />
								</PolyLine>
							</PathFigure>
						</Path>
						<Path FillMode="Winding" RenderTransform="1 0 0 -1 0 842">
							<Brush>
								<SolidBrush Color="#FFFFFFFF" />
							</Brush>
							<PathFigure IsClosed="True">
								<PolyLine LineColor="#FF000000">
									<Point X="375.26218" Y="794.998" />
									<Point X="542.37646" Y="794.998" />
								</PolyLine>
								<PolyLine LineColor="#FF000000">
									<Point X="542.37646" Y="794.998" />
									<Point X="542.37646" Y="794.4012" />
								</PolyLine>
								<PolyLine LineColor="#FF000000">
									<Point X="542.37646" Y="794.4012" />
									<Point X="375.26218" Y="794.4012" />
								</PolyLine>
							</PathFigure>
						</Path>
						<Path FillMode="Winding" RenderTransform="1 0 0 -1 0 842">
							<Brush>
								<SolidBrush Color="#FFFFFFFF" />
							</Brush>
							<PathFigure IsClosed="True">
								<PolyLine LineColor="#FF000000">
									<Point X="375.26218" Y="812.3063" />
									<Point X="375.859" Y="812.3063" />
								</PolyLine>
								<PolyLine LineColor="#FF000000">
									<Point X="375.859" Y="812.3063" />
									<Point X="375.859" Y="794.4012" />
								</PolyLine>
								<PolyLine LineColor="#FF000000">
									<Point X="375.859" Y="794.4012" />
									<Point X="375.26218" Y="794.4012" />
								</PolyLine>
							</PathFigure>
						</Path>
						<Path FillMode="Winding" RenderTransform="1 0 0 -1 0 842">
							<Brush>
								<SolidBrush Color="#FF005F7F" />
							</Brush>
							<PathFigure IsClosed="True">
								<PolyLine LineColor="#FF000000">
									<Point X="52.373474" Y="793.20746" />
									<Point X="205.76053" Y="793.20746" />
								</PolyLine>
								<PolyLine LineColor="#FF000000">
									<Point X="205.76053" Y="793.20746" />
									<Point X="205.76053" Y="756.8004" />
								</PolyLine>
								<PolyLine LineColor="#FF000000">
									<Point X="205.76053" Y="756.8004" />
									<Point X="52.373474" Y="756.8004" />
								</PolyLine>
							</PathFigure>
						</Path>
						<Path FillMode="Winding" RenderTransform="1 0 0 -1 0 842">
							<Brush>
								<SolidBrush Color="#FFFFFFFF" />
							</Brush>
							<PathFigure IsClosed="True">
								<PolyLine LineColor="#FF000000">
									<Point X="52.373474" Y="793.20746" />
									<Point X="52.970306" Y="793.20746" />
								</PolyLine>
								<PolyLine LineColor="#FF000000">
									<Point X="52.970306" Y="793.20746" />
									<Point X="52.970306" Y="756.8004" />
								</PolyLine>
								<PolyLine LineColor="#FF000000">
									<Point X="52.970306" Y="756.8004" />
									<Point X="52.373474" Y="756.8004" />
								</PolyLine>
							</PathFigure>
						</Path>
						<Path FillMode="Winding" RenderTransform="1 0 0 -1 0 842">
							<Brush>
								<SolidBrush Color="#FF005F7F" />
							</Brush>
							<PathFigure IsClosed="True">
								<PolyLine LineColor="#FF000000">
									<Point X="206.95421" Y="793.20746" />
									<Point X="374.0685" Y="793.20746" />
								</PolyLine>
								<PolyLine LineColor="#FF000000">
									<Point X="374.0685" Y="793.20746" />
									<Point X="374.0685" Y="756.8004" />
								</PolyLine>
								<PolyLine LineColor="#FF000000">
									<Point X="374.0685" Y="756.8004" />
									<Point X="206.95421" Y="756.8004" />
								</PolyLine>
							</PathFigure>
						</Path>
						<Path FillMode="Winding" RenderTransform="1 0 0 -1 0 842">
							<Brush>
								<SolidBrush Color="#FFFFFFFF" />
							</Brush>
							<PathFigure IsClosed="True">
								<PolyLine LineColor="#FF000000">
									<Point X="206.95421" Y="793.20746" />
									<Point X="207.55104" Y="793.20746" />
								</PolyLine>
								<PolyLine LineColor="#FF000000">
									<Point X="207.55104" Y="793.20746" />
									<Point X="207.55104" Y="756.8004" />
								</PolyLine>
								<PolyLine LineColor="#FF000000">
									<Point X="207.55104" Y="756.8004" />
									<Point X="206.95421" Y="756.8004" />
								</PolyLine>
							</PathFigure>
						</Path>
						<Path FillMode="Winding" RenderTransform="1 0 0 -1 0 842">
							<Brush>
								<SolidBrush Color="#FF005F7F" />
							</Brush>
							<PathFigure IsClosed="True">
								<PolyLine LineColor="#FF000000">
									<Point X="214.71309" Y="792.0138" />
									<Point X="271.4126" Y="792.0138" />
								</PolyLine>
								<PolyLine LineColor="#FF000000">
									<Point X="271.4126" Y="792.0138" />
									<Point X="271.4126" Y="757.99414" />
								</PolyLine>
								<PolyLine LineColor="#FF000000">
									<Point X="271.4126" Y="757.99414" />
									<Point X="214.71309" Y="757.99414" />
								</PolyLine>
							</PathFigure>
						</Path>
						<Path FillMode="Winding" RenderTransform="1 0 0 -1 0 842">
							<Brush>
								<SolidBrush Color="#FF005F7F" />
							</Brush>
							<PathFigure IsClosed="True">
								<PolyLine LineColor="#FF000000">
									<Point X="272.60626" Y="792.0138" />
									<Point X="313.19116" Y="792.0138" />
								</PolyLine>
								<PolyLine LineColor="#FF000000">
									<Point X="313.19116" Y="792.0138" />
									<Point X="313.19116" Y="757.99414" />
								</PolyLine>
								<PolyLine LineColor="#FF000000">
									<Point X="313.19116" Y="757.99414" />
									<Point X="272.60626" Y="757.99414" />
								</PolyLine>
							</PathFigure>
						</Path>
						<Path FillMode="Winding" RenderTransform="1 0 0 -1 0 842">
							<Brush>
								<SolidBrush Color="#FFFFFFFF" />
							</Brush>
							<PathFigure IsClosed="True">
								<PolyLine LineColor="#FF000000">
									<Point X="272.60626" Y="792.0138" />
									<Point X="273.2031" Y="792.0138" />
								</PolyLine>
								<PolyLine LineColor="#FF000000">
									<Point X="273.2031" Y="792.0138" />
									<Point X="273.2031" Y="757.99414" />
								</PolyLine>
								<PolyLine LineColor="#FF000000">
									<Point X="273.2031" Y="757.99414" />
									<Point X="272.60626" Y="757.99414" />
								</PolyLine>
							</PathFigure>
						</Path>
						<Path FillMode="Winding" RenderTransform="1 0 0 -1 0 842">
							<Brush>
								<SolidBrush Color="#FF005F7F" />
							</Brush>
							<PathFigure IsClosed="True">
								<PolyLine LineColor="#FF000000">
									<Point X="314.38483" Y="792.0138" />
									<Point X="372.87485" Y="792.0138" />
								</PolyLine>
								<PolyLine LineColor="#FF000000">
									<Point X="372.87485" Y="792.0138" />
									<Point X="372.87485" Y="757.99414" />
								</PolyLine>
								<PolyLine LineColor="#FF000000">
									<Point X="372.87485" Y="757.99414" />
									<Point X="314.38483" Y="757.99414" />
								</PolyLine>
							</PathFigure>
						</Path>
						<Path FillMode="Winding" RenderTransform="1 0 0 -1 0 842">
							<Brush>
								<SolidBrush Color="#FFFFFFFF" />
							</Brush>
							<PathFigure IsClosed="True">
								<PolyLine LineColor="#FF000000">
									<Point X="314.38483" Y="792.0138" />
									<Point X="314.98166" Y="792.0138" />
								</PolyLine>
								<PolyLine LineColor="#FF000000">
									<Point X="314.98166" Y="792.0138" />
									<Point X="314.98166" Y="757.99414" />
								</PolyLine>
								<PolyLine LineColor="#FF000000">
									<Point X="314.98166" Y="757.99414" />
									<Point X="314.38483" Y="757.99414" />
								</PolyLine>
							</PathFigure>
						</Path>
						<Path FillMode="Winding" RenderTransform="1 0 0 -1 0 842">
							<Brush>
								<SolidBrush Color="#FF005F7F" />
							</Brush>
							<PathFigure IsClosed="True">
								<PolyLine LineColor="#FF000000">
									<Point X="375.26218" Y="793.20746" />
									<Point X="542.37646" Y="793.20746" />
								</PolyLine>
								<PolyLine LineColor="#FF000000">
									<Point X="542.37646" Y="793.20746" />
									<Point X="542.37646" Y="756.8004" />
								</PolyLine>
								<PolyLine LineColor="#FF000000">
									<Point X="542.37646" Y="756.8004" />
									<Point X="375.26218" Y="756.8004" />
								</PolyLine>
							</PathFigure>
						</Path>
						<Path FillMode="Winding" RenderTransform="1 0 0 -1 0 842">
							<Brush>
								<SolidBrush Color="#FFFFFFFF" />
							</Brush>
							<PathFigure IsClosed="True">
								<PolyLine LineColor="#FF000000">
									<Point X="375.26218" Y="793.20746" />
									<Point X="375.859" Y="793.20746" />
								</PolyLine>
								<PolyLine LineColor="#FF000000">
									<Point X="375.859" Y="793.20746" />
									<Point X="375.859" Y="756.8004" />
								</PolyLine>
								<PolyLine LineColor="#FF000000">
									<Point X="375.859" Y="756.8004" />
									<Point X="375.26218" Y="756.8004" />
								</PolyLine>
							</PathFigure>
						</Path>
						<Path FillMode="Winding" RenderTransform="1 0 0 -1 0 842">
							<Brush>
								<SolidBrush Color="#FF005F7F" />
							</Brush>
							<PathFigure IsClosed="True">
								<PolyLine LineColor="#FF000000">
									<Point X="383.02106" Y="792.0138" />
									<Point X="439.72055" Y="792.0138" />
								</PolyLine>
								<PolyLine LineColor="#FF000000">
									<Point X="439.72055" Y="792.0138" />
									<Point X="439.72055" Y="757.99414" />
								</PolyLine>
								<PolyLine LineColor="#FF000000">
									<Point X="439.72055" Y="757.99414" />
									<Point X="383.02106" Y="757.99414" />
								</PolyLine>
							</PathFigure>
						</Path>
						<Path FillMode="Winding" RenderTransform="1 0 0 -1 0 842">
							<Brush>
								<SolidBrush Color="#FF005F7F" />
							</Brush>
							<PathFigure IsClosed="True">
								<PolyLine LineColor="#FF000000">
									<Point X="440.91425" Y="792.0138" />
									<Point X="481.49915" Y="792.0138" />
								</PolyLine>
								<PolyLine LineColor="#FF000000">
									<Point X="481.49915" Y="792.0138" />
									<Point X="481.49915" Y="757.99414" />
								</PolyLine>
								<PolyLine LineColor="#FF000000">
									<Point X="481.49915" Y="757.99414" />
									<Point X="440.91425" Y="757.99414" />
								</PolyLine>
							</PathFigure>
						</Path>
						<Path FillMode="Winding" RenderTransform="1 0 0 -1 0 842">
							<Brush>
								<SolidBrush Color="#FFFFFFFF" />
							</Brush>
							<PathFigure IsClosed="True">
								<PolyLine LineColor="#FF000000">
									<Point X="440.91425" Y="792.0138" />
									<Point X="441.51108" Y="792.0138" />
								</PolyLine>
								<PolyLine LineColor="#FF000000">
									<Point X="441.51108" Y="792.0138" />
									<Point X="441.51108" Y="757.99414" />
								</PolyLine>
								<PolyLine LineColor="#FF000000">
									<Point X="441.51108" Y="757.99414" />
									<Point X="440.91425" Y="757.99414" />
								</PolyLine>
							</PathFigure>
						</Path>
						<Path FillMode="Winding" RenderTransform="1 0 0 -1 0 842">
							<Brush>
								<SolidBrush Color="#FF005F7F" />
							</Brush>
							<PathFigure IsClosed="True">
								<PolyLine LineColor="#FF000000">
									<Point X="482.6928" Y="792.0138" />
									<Point X="541.1828" Y="792.0138" />
								</PolyLine>
								<PolyLine LineColor="#FF000000">
									<Point X="541.1828" Y="792.0138" />
									<Point X="541.1828" Y="757.99414" />
								</PolyLine>
								<PolyLine LineColor="#FF000000">
									<Point X="541.1828" Y="757.99414" />
									<Point X="482.6928" Y="757.99414" />
								</PolyLine>
							</PathFigure>
						</Path>
						<Path FillMode="Winding" RenderTransform="1 0 0 -1 0 842">
							<Brush>
								<SolidBrush Color="#FFFFFFFF" />
							</Brush>
							<PathFigure IsClosed="True">
								<PolyLine LineColor="#FF000000">
									<Point X="482.6928" Y="792.0138" />
									<Point X="483.28964" Y="792.0138" />
								</PolyLine>
								<PolyLine LineColor="#FF000000">
									<Point X="483.28964" Y="792.0138" />
									<Point X="483.28964" Y="757.99414" />
								</PolyLine>
								<PolyLine LineColor="#FF000000">
									<Point X="483.28964" Y="757.99414" />
									<Point X="482.6928" Y="757.99414" />
								</PolyLine>
							</PathFigure>
						</Path>
						<Glyphs OutlineWidth="0.5" CharSpace="0" RenderTransform="0.5968368 0 -0 0.5968368 57.148167 100.12048">
							<Font SizePoints="14" Style="Regular" FamilyName="CSMVMI+BlissPro" Capitals="Normal" ResourceId="2" />
							<Origin X="0" Y="0" />
							<Text>И</Text>
							<Size Width="10.122" Height="8.162108" />
							<Brush>
								<SolidBrush Color="#FF000000" />
							</Brush>
							<Tag>convertedFont</Tag>
						</Glyphs>
						<Glyphs OutlineWidth="0.5" CharSpace="0" RenderTransform="0.5968368 0 -0 0.5968368 63.237766 100.12048">
							<Font SizePoints="14" Style="Regular" FamilyName="CSMVMI+BlissPro" Capitals="Normal" ResourceId="2" />
							<Origin X="0" Y="0" />
							<Text>Т</Text>
							<Size Width="7.14" Height="8.162108" />
							<Brush>
								<SolidBrush Color="#FF000000" />
							</Brush>
							<Tag>convertedFont</Tag>
						</Glyphs>
						<Glyphs OutlineWidth="0.5" CharSpace="0" RenderTransform="0.5968368 0 -0 0.5968368 67.52753 100.12048">
							<Font SizePoints="14" Style="Regular" FamilyName="CSMVMI+BlissPro" Capitals="Normal" ResourceId="2" />
							<Origin X="0" Y="0" />
							<Text>О</Text>
							<Size Width="10.57" Height="8.162108" />
							<Brush>
								<SolidBrush Color="#FF000000" />
							</Brush>
							<Tag>convertedFont</Tag>
						</Glyphs>
						<Glyphs OutlineWidth="0.5" CharSpace="0" RenderTransform="0.5968368 0 -0 0.5968368 73.87825 100.12048">
							<Font SizePoints="14" Style="Regular" FamilyName="CSMVMI+BlissPro" Capitals="Normal" ResourceId="2" />
							<Origin X="0" Y="0" />
							<Text>Г</Text>
							<Size Width="6.062" Height="8.162108" />
							<Brush>
								<SolidBrush Color="#FF000000" />
							</Brush>
							<Tag>convertedFont</Tag>
						</Glyphs>
						<Glyphs OutlineWidth="0.5" CharSpace="0" RenderTransform="0.5968368 0 -0 0.5968368 77.51523 100.12048">
							<Font SizePoints="14" Style="Regular" FamilyName="CSMVMI+BlissPro" Capitals="Normal" ResourceId="2" />
							<Origin X="0" Y="0" />
							<Text>О</Text>
							<Size Width="10.57" Height="8.162108" />
							<Brush>
								<SolidBrush Color="#FF000000" />
							</Brush>
							<Tag>convertedFont</Tag>
						</Glyphs>
						<Glyphs OutlineWidth="0.5" CharSpace="0" RenderTransform="0.5968368 0 -0 0.5968368 83.86594 100.12048">
							<Font SizePoints="14" Style="Regular" FamilyName="CSMVMI+BlissPro" Capitals="Normal" ResourceId="2" />
							<Origin X="0" Y="0" />
							<Text>:</Text>
							<Size Width="3.276" Height="8.162108" />
							<Brush>
								<SolidBrush Color="#FF000000" />
							</Brush>
							<Tag>convertedFont</Tag>
						</Glyphs>
						<Glyphs OutlineWidth="0.5" CharSpace="0" RenderTransform="0.5968368 0 -0 0.5968368 284.543 95.94263">
							<Font SizePoints="14" Style="Regular" FamilyName="CSMVMI+BlissPro" Capitals="Normal" ResourceId="2" />
							<Origin X="0" Y="0" />
							<Text>1</Text>
							<Size Width="5.852" Height="8.162108" />
							<Brush>
								<SolidBrush Color="#FF000000" />
							</Brush>
							<Tag>convertedFont</Tag>
						</Glyphs>
						<Glyphs OutlineWidth="0.5" CharSpace="0" RenderTransform="0.5968368 0 -0 0.5968368 288.05875 95.94263">
							<Font SizePoints="14" Style="Regular" FamilyName="CSMVMI+BlissPro" Capitals="Normal" ResourceId="2" />
							<Origin X="0" Y="0" />
							<Text>0</Text>
							<Size Width="7.756" Height="8.162108" />
							<Brush>
								<SolidBrush Color="#FF000000" />
							</Brush>
							<Tag>convertedFont</Tag>
						</Glyphs>
						<Glyphs OutlineWidth="0.5" CharSpace="0" RenderTransform="0.5968368 0 -0 0.5968368 292.7122 95.94263">
							<Font SizePoints="14" Style="Regular" FamilyName="CSMVMI+BlissPro" Capitals="Normal" ResourceId="2" />
							<Origin X="0" Y="0" />
							<Text>2</Text>
							<Size Width="7.154" Height="8.162108" />
							<Brush>
								<SolidBrush Color="#FF000000" />
							</Brush>
							<Tag>convertedFont</Tag>
						</Glyphs>
						<Glyphs OutlineWidth="0.5" CharSpace="0" RenderTransform="0.5968368 0 -0 0.5968368 297.0113 95.94263">
							<Font SizePoints="14" Style="Regular" FamilyName="CSMVMI+BlissPro" Capitals="Normal" ResourceId="2" />
							<Origin X="0" Y="0" />
							<Text>.</Text>
							<Size Width="3.276" Height="8.162108" />
							<Brush>
								<SolidBrush Color="#FF000000" />
							</Brush>
							<Tag>convertedFont</Tag>
						</Glyphs>
						<Glyphs OutlineWidth="0.5" CharSpace="0" RenderTransform="0.5968368 0 -0 0.5968368 298.97897 95.94263">
							<Font SizePoints="14" Style="Regular" FamilyName="CSMVMI+BlissPro" Capitals="Normal" ResourceId="2" />
							<Origin X="0" Y="0" />
							<Text>9</Text>
							<Size Width="7.476" Height="8.162108" />
							<Brush>
								<SolidBrush Color="#FF000000" />
							</Brush>
							<Tag>convertedFont</Tag>
						</Glyphs>
						<Glyphs OutlineWidth="0.5" CharSpace="0" RenderTransform="0.5968368 0 -0 0.5968368 323.33737 95.94263">
							<Font SizePoints="14" Style="Regular" FamilyName="CSMVMI+BlissPro" Capitals="Normal" ResourceId="2" />
							<Origin X="0" Y="0" />
							<Text>1</Text>
							<Size Width="5.852" Height="8.162108" />
							<Brush>
								<SolidBrush Color="#FF000000" />
							</Brush>
							<Tag>convertedFont</Tag>
						</Glyphs>
						<Glyphs OutlineWidth="0.5" CharSpace="0" RenderTransform="0.5968368 0 -0 0.5968368 326.85312 95.94263">
							<Font SizePoints="14" Style="Regular" FamilyName="CSMVMI+BlissPro" Capitals="Normal" ResourceId="2" />
							<Origin X="0" Y="0" />
							<Text>5</Text>
							<Size Width="7.126" Height="8.162108" />
							<Brush>
								<SolidBrush Color="#FF000000" />
							</Brush>
							<Tag>convertedFont</Tag>
						</Glyphs>
						<Glyphs OutlineWidth="0.5" CharSpace="0" RenderTransform="0.5968368 0 -0 0.5968368 331.13358 95.94263">
							<Font SizePoints="14" Style="Regular" FamilyName="CSMVMI+BlissPro" Capitals="Normal" ResourceId="2" />
							<Origin X="0" Y="0" />
							<Text>1</Text>
							<Size Width="5.852" Height="8.162108" />
							<Brush>
								<SolidBrush Color="#FF000000" />
							</Brush>
							<Tag>convertedFont</Tag>
						</Glyphs>
						<Glyphs OutlineWidth="0.5" CharSpace="0" RenderTransform="0.5968368 0 -0 0.5968368 334.6493 95.94263">
							<Font SizePoints="14" Style="Regular" FamilyName="CSMVMI+BlissPro" Capitals="Normal" ResourceId="2" />
							<Origin X="0" Y="0" />
							<Text>.</Text>
							<Size Width="3.276" Height="8.162108" />
							<Brush>
								<SolidBrush Color="#FF000000" />
							</Brush>
							<Tag>convertedFont</Tag>
						</Glyphs>
						<Glyphs OutlineWidth="0.5" CharSpace="0" RenderTransform="0.5968368 0 -0 0.5968368 336.617 95.94263">
							<Font SizePoints="14" Style="Regular" FamilyName="CSMVMI+BlissPro" Capitals="Normal" ResourceId="2" />
							<Origin X="0" Y="0" />
							<Text>8</Text>
							<Size Width="7.742" Height="8.162108" />
							<Brush>
								<SolidBrush Color="#FF000000" />
							</Brush>
							<Tag>convertedFont</Tag>
						</Glyphs>
						<Glyphs OutlineWidth="0.5" CharSpace="0" RenderTransform="0.5968368 0 -0 0.5968368 454.04465 95.94263">
							<Font SizePoints="14" Style="Regular" FamilyName="CSMVMI+BlissPro" Capitals="Normal" ResourceId="2" />
							<Origin X="0" Y="0" />
							<Text>3</Text>
							<Size Width="7.448" Height="8.162108" />
							<Brush>
								<SolidBrush Color="#FF000000" />
							</Brush>
							<Tag>convertedFont</Tag>
						</Glyphs>
						<Glyphs OutlineWidth="0.5" CharSpace="0" RenderTransform="0.5968368 0 -0 0.5968368 458.5209 95.94263">
							<Font SizePoints="14" Style="Regular" FamilyName="CSMVMI+BlissPro" Capitals="Normal" ResourceId="2" />
							<Origin X="0" Y="0" />
							<Text>2</Text>
							<Size Width="7.154" Height="8.162108" />
							<Brush>
								<SolidBrush Color="#FF000000" />
							</Brush>
							<Tag>convertedFont</Tag>
						</Glyphs>
						<Glyphs OutlineWidth="0.5" CharSpace="0" RenderTransform="0.5968368 0 -0 0.5968368 462.82 95.94263">
							<Font SizePoints="14" Style="Regular" FamilyName="CSMVMI+BlissPro" Capitals="Normal" ResourceId="2" />
							<Origin X="0" Y="0" />
							<Text>.</Text>
							<Size Width="3.276" Height="8.162108" />
							<Brush>
								<SolidBrush Color="#FF000000" />
							</Brush>
							<Tag>convertedFont</Tag>
						</Glyphs>
						<Glyphs OutlineWidth="0.5" CharSpace="0" RenderTransform="0.5968368 0 -0 0.5968368 464.78772 95.94263">
							<Font SizePoints="14" Style="Regular" FamilyName="CSMVMI+BlissPro" Capitals="Normal" ResourceId="2" />
							<Origin X="0" Y="0" />
							<Text>5</Text>
							<Size Width="7.126" Height="8.162108" />
							<Brush>
								<SolidBrush Color="#FF000000" />
							</Brush>
							<Tag>convertedFont</Tag>
						</Glyphs>
						<Glyphs OutlineWidth="0.5" CharSpace="0" RenderTransform="0.5968368 0 -0 0.5968368 492.2422 95.94263">
							<Font SizePoints="14" Style="Regular" FamilyName="CSMVMI+BlissPro" Capitals="Normal" ResourceId="2" />
							<Origin X="0" Y="0" />
							<Text>0</Text>
							<Size Width="7.756" Height="8.162108" />
							<Brush>
								<SolidBrush Color="#FF000000" />
							</Brush>
							<Tag>convertedFont</Tag>
						</Glyphs>
						<Glyphs OutlineWidth="0.5" CharSpace="0" RenderTransform="0.5968368 0 -0 0.5968368 496.89566 95.94263">
							<Font SizePoints="14" Style="Regular" FamilyName="CSMVMI+BlissPro" Capitals="Normal" ResourceId="2" />
							<Origin X="0" Y="0" />
							<Text>.</Text>
							<Size Width="3.276" Height="8.162108" />
							<Brush>
								<SolidBrush Color="#FF000000" />
							</Brush>
							<Tag>convertedFont</Tag>
						</Glyphs>
						<Glyphs OutlineWidth="0.5" CharSpace="0" RenderTransform="0.5968368 0 -0 0.5968368 498.86334 95.94263">
							<Font SizePoints="14" Style="Regular" FamilyName="CSMVMI+BlissPro" Capitals="Normal" ResourceId="2" />
							<Origin X="0" Y="0" />
							<Text>8</Text>
							<Size Width="7.742" Height="8.162108" />
							<Brush>
								<SolidBrush Color="#FF000000" />
							</Brush>
							<Tag>convertedFont</Tag>
						</Glyphs>
						<Glyphs OutlineWidth="0.5" CharSpace="0" RenderTransform="0.5968368 0 -0 0.5968368 58.938675 41.630493">
							<Font SizePoints="16" Style="Bold" FamilyName="HPDHEV+BlissPro-Bold" Capitals="Normal" ResourceId="3" />
							<Origin X="0" Y="0" />
							<Text>С</Text>
							<Size Width="9.984" Height="9.328125" />
							<Brush>
								<SolidBrush Color="#FFFFFFFF" />
							</Brush>
							<Tag>convertedFont</Tag>
						</Glyphs>
						<Glyphs OutlineWidth="0.5" CharSpace="0" RenderTransform="0.5968368 0 -0 0.5968368 64.94435 41.630493">
							<Font SizePoints="16" Style="Bold" FamilyName="HPDHEV+BlissPro-Bold" Capitals="Normal" ResourceId="3" />
							<Origin X="0" Y="0" />
							<Text>Е</Text>
							<Size Width="8.016" Height="9.328125" />
							<Brush>
								<SolidBrush Color="#FFFFFFFF" />
							</Brush>
							<Tag>convertedFont</Tag>
						</Glyphs>
						<Glyphs OutlineWidth="0.5" CharSpace="0" RenderTransform="0.5968368 0 -0 0.5968368 69.76567 41.630493">
							<Font SizePoints="16" Style="Bold" FamilyName="HPDHEV+BlissPro-Bold" Capitals="Normal" ResourceId="3" />
							<Origin X="0" Y="0" />
							<Text>К</Text>
							<Size Width="9.92" Height="9.328125" />
							<Brush>
								<SolidBrush Color="#FFFFFFFF" />
							</Brush>
							<Tag>convertedFont</Tag>
						</Glyphs>
						<Glyphs OutlineWidth="0.5" CharSpace="0" RenderTransform="0.5968368 0 -0 0.5968368 75.73404 41.630493">
							<Font SizePoints="16" Style="Bold" FamilyName="HPDHEV+BlissPro-Bold" Capitals="Normal" ResourceId="3" />
							<Origin X="0" Y="0" />
							<Text>Ц</Text>
							<Size Width="11.424" Height="9.328125" />
							<Brush>
								<SolidBrush Color="#FFFFFFFF" />
							</Brush>
							<Tag>convertedFont</Tag>
						</Glyphs>
						<Glyphs OutlineWidth="0.5" CharSpace="0" RenderTransform="0.5968368 0 -0 0.5968368 82.60699 41.630493">
							<Font SizePoints="16" Style="Bold" FamilyName="HPDHEV+BlissPro-Bold" Capitals="Normal" ResourceId="3" />
							<Origin X="0" Y="0" />
							<Text>И</Text>
							<Size Width="11.872" Height="9.328125" />
							<Brush>
								<SolidBrush Color="#FFFFFFFF" />
							</Brush>
							<Tag>convertedFont</Tag>
						</Glyphs>
						<Glyphs OutlineWidth="0.5" CharSpace="0" RenderTransform="0.5968368 0 -0 0.5968368 89.74105 41.630493">
							<Font SizePoints="16" Style="Bold" FamilyName="HPDHEV+BlissPro-Bold" Capitals="Normal" ResourceId="3" />
							<Origin X="0" Y="0" />
							<Text>И</Text>
							<Size Width="11.872" Height="9.328125" />
							<Brush>
								<SolidBrush Color="#FFFFFFFF" />
							</Brush>
							<Tag>convertedFont</Tag>
						</Glyphs>
						<Glyphs OutlineWidth="0.5" CharSpace="0" RenderTransform="0.5968368 0 -0 0.5968368 96.875114 41.630493">
							<Font SizePoints="16" Style="Bold" FamilyName="HPDHEV+BlissPro-Bold" Capitals="Normal" ResourceId="3" />
							<Origin X="0" Y="0" />
							<Text> </Text>
							<Size Width="3.424" Height="9.328125" />
							<Brush>
								<SolidBrush Color="#FFFFFFFF" />
							</Brush>
							<Tag>convertedFont</Tag>
						</Glyphs>
						<Glyphs OutlineWidth="0.5" CharSpace="0" RenderTransform="0.5968368 0 -0 0.5968368 98.936066 41.630493">
							<Font SizePoints="16" Style="Bold" FamilyName="HPDHEV+BlissPro-Bold" Capitals="Normal" ResourceId="3" />
							<Origin X="0" Y="0" />
							<Text>У</Text>
							<Size Width="9.568" Height="9.328125" />
							<Brush>
								<SolidBrush Color="#FFFFFFFF" />
							</Brush>
							<Tag>convertedFont</Tag>
						</Glyphs>
						<Glyphs OutlineWidth="0.5" CharSpace="0" RenderTransform="0.5968368 0 -0 0.5968368 104.68995 41.630493">
							<Font SizePoints="16" Style="Bold" FamilyName="HPDHEV+BlissPro-Bold" Capitals="Normal" ResourceId="3" />
							<Origin X="0" Y="0" />
							<Text>С</Text>
							<Size Width="9.984" Height="9.328125" />
							<Brush>
								<SolidBrush Color="#FFFFFFFF" />
							</Brush>
							<Tag>convertedFont</Tag>
						</Glyphs>
						<Glyphs OutlineWidth="0.5" CharSpace="0" RenderTransform="0.5968368 0 -0 0.5968368 110.69562 41.630493">
							<Font SizePoints="16" Style="Bold" FamilyName="HPDHEV+BlissPro-Bold" Capitals="Normal" ResourceId="3" />
							<Origin X="0" Y="0" />
							<Text>Т</Text>
							<Size Width="8.56" Height="9.328125" />
							<Brush>
								<SolidBrush Color="#FFFFFFFF" />
							</Brush>
							<Tag>convertedFont</Tag>
						</Glyphs>
						<Glyphs OutlineWidth="0.5" CharSpace="0" RenderTransform="0.5968368 0 -0 0.5968368 115.83401 41.630493">
							<Font SizePoints="16" Style="Bold" FamilyName="HPDHEV+BlissPro-Bold" Capitals="Normal" ResourceId="3" />
							<Origin X="0" Y="0" />
							<Text>А</Text>
							<Size Width="10.064" Height="9.328125" />
							<Brush>
								<SolidBrush Color="#FFFFFFFF" />
							</Brush>
							<Tag>convertedFont</Tag>
						</Glyphs>
						<Glyphs OutlineWidth="0.5" CharSpace="0" RenderTransform="0.5968368 0 -0 0.5968368 121.88631 41.630493">
							<Font SizePoints="16" Style="Bold" FamilyName="HPDHEV+BlissPro-Bold" Capitals="Normal" ResourceId="3" />
							<Origin X="0" Y="0" />
							<Text>Н</Text>
							<Size Width="11.392" Height="9.328125" />
							<Brush>
								<SolidBrush Color="#FFFFFFFF" />
							</Brush>
							<Tag>convertedFont</Tag>
						</Glyphs>
						<Glyphs OutlineWidth="0.5" CharSpace="0" RenderTransform="0.5968368 0 -0 0.5968368 128.7406 41.630493">
							<Font SizePoints="16" Style="Bold" FamilyName="HPDHEV+BlissPro-Bold" Capitals="Normal" ResourceId="3" />
							<Origin X="0" Y="0" />
							<Text>О</Text>
							<Size Width="12.224" Height="9.328125" />
							<Brush>
								<SolidBrush Color="#FFFFFFFF" />
							</Brush>
							<Tag>convertedFont</Tag>
						</Glyphs>
						<Glyphs OutlineWidth="0.5" CharSpace="0" RenderTransform="0.5968368 0 -0 0.5968368 136.08916 41.630493">
							<Font SizePoints="16" Style="Bold" FamilyName="HPDHEV+BlissPro-Bold" Capitals="Normal" ResourceId="3" />
							<Origin X="0" Y="0" />
							<Text>В</Text>
							<Size Width="9.024" Height="9.328125" />
							<Brush>
								<SolidBrush Color="#FFFFFFFF" />
							</Brush>
							<Tag>convertedFont</Tag>
						</Glyphs>
						<Glyphs OutlineWidth="0.5" CharSpace="0" RenderTransform="0.5968368 0 -0 0.5968368 141.51665 41.630493">
							<Font SizePoints="16" Style="Bold" FamilyName="HPDHEV+BlissPro-Bold" Capitals="Normal" ResourceId="3" />
							<Origin X="0" Y="0" />
							<Text>К</Text>
							<Size Width="9.92" Height="9.328125" />
							<Brush>
								<SolidBrush Color="#FFFFFFFF" />
							</Brush>
							<Tag>convertedFont</Tag>
						</Glyphs>
						<Glyphs OutlineWidth="0.5" CharSpace="0" RenderTransform="0.5968368 0 -0 0.5968368 147.48502 41.630493">
							<Font SizePoints="16" Style="Bold" FamilyName="HPDHEV+BlissPro-Bold" Capitals="Normal" ResourceId="3" />
							<Origin X="0" Y="0" />
							<Text>И</Text>
							<Size Width="11.872" Height="9.328125" />
							<Brush>
								<SolidBrush Color="#FFFFFFFF" />
							</Brush>
							<Tag>convertedFont</Tag>
						</Glyphs>
						<Glyphs OutlineWidth="0.5" CharSpace="0" RenderTransform="0.5968368 0 -0 0.5968368 213.51941 41.630493">
							<Font SizePoints="16" Style="Bold" FamilyName="HPDHEV+BlissPro-Bold" Capitals="Normal" ResourceId="3" />
							<Origin X="0" Y="0" />
							<Text>П</Text>
							<Size Width="10.928" Height="9.328125" />
							<Brush>
								<SolidBrush Color="#FFFFFFFF" />
							</Brush>
							<Tag>convertedFont</Tag>
						</Glyphs>
						<Glyphs OutlineWidth="0.5" CharSpace="0" RenderTransform="0.5968368 0 -0 0.5968368 220.09393 41.630493">
							<Font SizePoints="16" Style="Bold" FamilyName="HPDHEV+BlissPro-Bold" Capitals="Normal" ResourceId="3" />
							<Origin X="0" Y="0" />
							<Text>Р</Text>
							<Size Width="8.624" Height="9.328125" />
							<Brush>
								<SolidBrush Color="#FFFFFFFF" />
							</Brush>
							<Tag>convertedFont</Tag>
						</Glyphs>
						<Glyphs OutlineWidth="0.5" CharSpace="0" RenderTransform="0.5968368 0 -0 0.5968368 225.27896 41.630493">
							<Font SizePoints="16" Style="Bold" FamilyName="HPDHEV+BlissPro-Bold" Capitals="Normal" ResourceId="3" />
							<Origin X="0" Y="0" />
							<Text>И</Text>
							<Size Width="11.872" Height="9.328125" />
							<Brush>
								<SolidBrush Color="#FFFFFFFF" />
							</Brush>
							<Tag>convertedFont</Tag>
						</Glyphs>
						<Glyphs OutlineWidth="0.5" CharSpace="0" RenderTransform="0.5968368 0 -0 0.5968368 232.41302 41.630493">
							<Font SizePoints="16" Style="Bold" FamilyName="HPDHEV+BlissPro-Bold" Capitals="Normal" ResourceId="3" />
							<Origin X="0" Y="0" />
							<Text>Т</Text>
							<Size Width="8.56" Height="9.328125" />
							<Brush>
								<SolidBrush Color="#FFFFFFFF" />
							</Brush>
							<Tag>convertedFont</Tag>
						</Glyphs>
						<Glyphs OutlineWidth="0.5" CharSpace="0" RenderTransform="0.5968368 0 -0 0.5968368 237.55142 41.630493">
							<Font SizePoints="16" Style="Bold" FamilyName="HPDHEV+BlissPro-Bold" Capitals="Normal" ResourceId="3" />
							<Origin X="0" Y="0" />
							<Text>О</Text>
							<Size Width="12.224" Height="9.328125" />
							<Brush>
								<SolidBrush Color="#FFFFFFFF" />
							</Brush>
							<Tag>convertedFont</Tag>
						</Glyphs>
						<Glyphs OutlineWidth="0.5" CharSpace="0" RenderTransform="0.5968368 0 -0 0.5968368 244.89996 41.630493">
							<Font SizePoints="16" Style="Bold" FamilyName="HPDHEV+BlissPro-Bold" Capitals="Normal" ResourceId="3" />
							<Origin X="0" Y="0" />
							<Text>Ч</Text>
							<Size Width="10.112" Height="9.328125" />
							<Brush>
								<SolidBrush Color="#FFFFFFFF" />
							</Brush>
							<Tag>convertedFont</Tag>
						</Glyphs>
						<Glyphs OutlineWidth="0.5" CharSpace="0" RenderTransform="0.5968368 0 -0 0.5968368 250.98024 41.630493">
							<Font SizePoints="16" Style="Bold" FamilyName="HPDHEV+BlissPro-Bold" Capitals="Normal" ResourceId="3" />
							<Origin X="0" Y="0" />
							<Text>Н</Text>
							<Size Width="11.392" Height="9.328125" />
							<Brush>
								<SolidBrush Color="#FFFFFFFF" />
							</Brush>
							<Tag>convertedFont</Tag>
						</Glyphs>
						<Glyphs OutlineWidth="0.5" CharSpace="0" RenderTransform="0.5968368 0 -0 0.5968368 257.83453 41.630493">
							<Font SizePoints="16" Style="Bold" FamilyName="HPDHEV+BlissPro-Bold" Capitals="Normal" ResourceId="3" />
							<Origin X="0" Y="0" />
							<Text>А</Text>
							<Size Width="10.064" Height="9.328125" />
							<Brush>
								<SolidBrush Color="#FFFFFFFF" />
							</Brush>
							<Tag>convertedFont</Tag>
						</Glyphs>
						<Glyphs OutlineWidth="0.5" CharSpace="0" RenderTransform="0.5968368 0 -0 0.5968368 263.88684 41.630493">
							<Font SizePoints="16" Style="Bold" FamilyName="HPDHEV+BlissPro-Bold" Capitals="Normal" ResourceId="3" />
							<Origin X="0" Y="0" />
							<Text>Я</Text>
							<Size Width="9.632" Height="9.328125" />
							<Brush>
								<SolidBrush Color="#FFFFFFFF" />
							</Brush>
							<Tag>convertedFont</Tag>
						</Glyphs>
						<Glyphs OutlineWidth="0.5" CharSpace="0" RenderTransform="0.5968368 0 -0 0.5968368 269.67804 41.630493">
							<Font SizePoints="16" Style="Bold" FamilyName="HPDHEV+BlissPro-Bold" Capitals="Normal" ResourceId="3" />
							<Origin X="0" Y="0" />
							<Text> </Text>
							<Size Width="3.424" Height="9.328125" />
							<Brush>
								<SolidBrush Color="#FFFFFFFF" />
							</Brush>
							<Tag>convertedFont</Tag>
						</Glyphs>
						<Glyphs OutlineWidth="0.5" CharSpace="0" RenderTransform="0.5968368 0 -0 0.5968368 271.73895 41.630493">
							<Font SizePoints="16" Style="Bold" FamilyName="HPDHEV+BlissPro-Bold" Capitals="Normal" ResourceId="3" />
							<Origin X="0" Y="0" />
							<Text>Ч</Text>
							<Size Width="10.112" Height="9.328125" />
							<Brush>
								<SolidBrush Color="#FFFFFFFF" />
							</Brush>
							<Tag>convertedFont</Tag>
						</Glyphs>
						<Glyphs OutlineWidth="0.5" CharSpace="0" RenderTransform="0.5968368 0 -0 0.5968368 277.81924 41.630493">
							<Font SizePoints="16" Style="Bold" FamilyName="HPDHEV+BlissPro-Bold" Capitals="Normal" ResourceId="3" />
							<Origin X="0" Y="0" />
							<Text>А</Text>
							<Size Width="10.064" Height="9.328125" />
							<Brush>
								<SolidBrush Color="#FFFFFFFF" />
							</Brush>
							<Tag>convertedFont</Tag>
						</Glyphs>
						<Glyphs OutlineWidth="0.5" CharSpace="0" RenderTransform="0.5968368 0 -0 0.5968368 283.87155 41.630493">
							<Font SizePoints="16" Style="Bold" FamilyName="HPDHEV+BlissPro-Bold" Capitals="Normal" ResourceId="3" />
							<Origin X="0" Y="0" />
							<Text>С</Text>
							<Size Width="9.984" Height="9.328125" />
							<Brush>
								<SolidBrush Color="#FFFFFFFF" />
							</Brush>
							<Tag>convertedFont</Tag>
						</Glyphs>
						<Glyphs OutlineWidth="0.5" CharSpace="0" RenderTransform="0.5968368 0 -0 0.5968368 289.87723 41.630493">
							<Font SizePoints="16" Style="Bold" FamilyName="HPDHEV+BlissPro-Bold" Capitals="Normal" ResourceId="3" />
							<Origin X="0" Y="0" />
							<Text>Т</Text>
							<Size Width="8.56" Height="9.328125" />
							<Brush>
								<SolidBrush Color="#FFFFFFFF" />
							</Brush>
							<Tag>convertedFont</Tag>
						</Glyphs>
						<Glyphs OutlineWidth="0.5" CharSpace="0" RenderTransform="0.5968368 0 -0 0.5968368 295.01562 41.630493">
							<Font SizePoints="16" Style="Bold" FamilyName="HPDHEV+BlissPro-Bold" Capitals="Normal" ResourceId="3" />
							<Origin X="0" Y="0" />
							<Text>Ь</Text>
							<Size Width="9.024" Height="9.328125" />
							<Brush>
								<SolidBrush Color="#FFFFFFFF" />
							</Brush>
							<Tag>convertedFont</Tag>
						</Glyphs>
						<Glyphs OutlineWidth="0.5" CharSpace="0" RenderTransform="0.5968368 0 -0 0.5968368 381.8274 41.630493">
							<Font SizePoints="16" Style="Bold" FamilyName="HPDHEV+BlissPro-Bold" Capitals="Normal" ResourceId="3" />
							<Origin X="0" Y="0" />
							<Text>В</Text>
							<Size Width="9.024" Height="9.328125" />
							<Brush>
								<SolidBrush Color="#FFFFFFFF" />
							</Brush>
							<Tag>convertedFont</Tag>
						</Glyphs>
						<Glyphs OutlineWidth="0.5" CharSpace="0" RenderTransform="0.5968368 0 -0 0.5968368 387.25488 41.630493">
							<Font SizePoints="16" Style="Bold" FamilyName="HPDHEV+BlissPro-Bold" Capitals="Normal" ResourceId="3" />
							<Origin X="0" Y="0" />
							<Text>Ы</Text>
							<Size Width="12.464" Height="9.328125" />
							<Brush>
								<SolidBrush Color="#FFFFFFFF" />
							</Brush>
							<Tag>convertedFont</Tag>
						</Glyphs>
						<Glyphs OutlineWidth="0.5" CharSpace="0" RenderTransform="0.5968368 0 -0 0.5968368 394.74332 41.630493">
							<Font SizePoints="16" Style="Bold" FamilyName="HPDHEV+BlissPro-Bold" Capitals="Normal" ResourceId="3" />
							<Origin X="0" Y="0" />
							<Text>Т</Text>
							<Size Width="8.56" Height="9.328125" />
							<Brush>
								<SolidBrush Color="#FFFFFFFF" />
							</Brush>
							<Tag>convertedFont</Tag>
						</Glyphs>
						<Glyphs OutlineWidth="0.5" CharSpace="0" RenderTransform="0.5968368 0 -0 0.5968368 399.8817 41.630493">
							<Font SizePoints="16" Style="Bold" FamilyName="HPDHEV+BlissPro-Bold" Capitals="Normal" ResourceId="3" />
							<Origin X="0" Y="0" />
							<Text>Я</Text>
							<Size Width="9.632" Height="9.328125" />
							<Brush>
								<SolidBrush Color="#FFFFFFFF" />
							</Brush>
							<Tag>convertedFont</Tag>
						</Glyphs>
						<Glyphs OutlineWidth="0.5" CharSpace="0" RenderTransform="0.5968368 0 -0 0.5968368 405.67288 41.630493">
							<Font SizePoints="16" Style="Bold" FamilyName="HPDHEV+BlissPro-Bold" Capitals="Normal" ResourceId="3" />
							<Origin X="0" Y="0" />
							<Text>Ж</Text>
							<Size Width="14.528" Height="9.328125" />
							<Brush>
								<SolidBrush Color="#FFFFFFFF" />
							</Brush>
							<Tag>convertedFont</Tag>
						</Glyphs>
						<Glyphs OutlineWidth="0.5" CharSpace="0" RenderTransform="0.5968368 0 -0 0.5968368 414.4016 41.630493">
							<Font SizePoints="16" Style="Bold" FamilyName="HPDHEV+BlissPro-Bold" Capitals="Normal" ResourceId="3" />
							<Origin X="0" Y="0" />
							<Text>Н</Text>
							<Size Width="11.392" Height="9.328125" />
							<Brush>
								<SolidBrush Color="#FFFFFFFF" />
							</Brush>
							<Tag>convertedFont</Tag>
						</Glyphs>
						<Glyphs OutlineWidth="0.5" CharSpace="0" RenderTransform="0.5968368 0 -0 0.5968368 421.25592 41.630493">
							<Font SizePoints="16" Style="Bold" FamilyName="HPDHEV+BlissPro-Bold" Capitals="Normal" ResourceId="3" />
							<Origin X="0" Y="0" />
							<Text>А</Text>
							<Size Width="10.064" Height="9.328125" />
							<Brush>
								<SolidBrush Color="#FFFFFFFF" />
							</Brush>
							<Tag>convertedFont</Tag>
						</Glyphs>
						<Glyphs OutlineWidth="0.5" CharSpace="0" RenderTransform="0.5968368 0 -0 0.5968368 427.30823 41.630493">
							<Font SizePoints="16" Style="Bold" FamilyName="HPDHEV+BlissPro-Bold" Capitals="Normal" ResourceId="3" />
							<Origin X="0" Y="0" />
							<Text>Я</Text>
							<Size Width="9.632" Height="9.328125" />
							<Brush>
								<SolidBrush Color="#FFFFFFFF" />
							</Brush>
							<Tag>convertedFont</Tag>
						</Glyphs>
						<Glyphs OutlineWidth="0.5" CharSpace="0" RenderTransform="0.5968368 0 -0 0.5968368 433.0994 41.630493">
							<Font SizePoints="16" Style="Bold" FamilyName="HPDHEV+BlissPro-Bold" Capitals="Normal" ResourceId="3" />
							<Origin X="0" Y="0" />
							<Text> </Text>
							<Size Width="3.424" Height="9.328125" />
							<Brush>
								<SolidBrush Color="#FFFFFFFF" />
							</Brush>
							<Tag>convertedFont</Tag>
						</Glyphs>
						<Glyphs OutlineWidth="0.5" CharSpace="0" RenderTransform="0.5968368 0 -0 0.5968368 435.16034 41.630493">
							<Font SizePoints="16" Style="Bold" FamilyName="HPDHEV+BlissPro-Bold" Capitals="Normal" ResourceId="3" />
							<Origin X="0" Y="0" />
							<Text>Ч</Text>
							<Size Width="10.112" Height="9.328125" />
							<Brush>
								<SolidBrush Color="#FFFFFFFF" />
							</Brush>
							<Tag>convertedFont</Tag>
						</Glyphs>
						<Glyphs OutlineWidth="0.5" CharSpace="0" RenderTransform="0.5968368 0 -0 0.5968368 441.24063 41.630493">
							<Font SizePoints="16" Style="Bold" FamilyName="HPDHEV+BlissPro-Bold" Capitals="Normal" ResourceId="3" />
							<Origin X="0" Y="0" />
							<Text>А</Text>
							<Size Width="10.064" Height="9.328125" />
							<Brush>
								<SolidBrush Color="#FFFFFFFF" />
							</Brush>
							<Tag>convertedFont</Tag>
						</Glyphs>
						<Glyphs OutlineWidth="0.5" CharSpace="0" RenderTransform="0.5968368 0 -0 0.5968368 447.29294 41.630493">
							<Font SizePoints="16" Style="Bold" FamilyName="HPDHEV+BlissPro-Bold" Capitals="Normal" ResourceId="3" />
							<Origin X="0" Y="0" />
							<Text>С</Text>
							<Size Width="9.984" Height="9.328125" />
							<Brush>
								<SolidBrush Color="#FFFFFFFF" />
							</Brush>
							<Tag>convertedFont</Tag>
						</Glyphs>
						<Glyphs OutlineWidth="0.5" CharSpace="0" RenderTransform="0.5968368 0 -0 0.5968368 453.29858 41.630493">
							<Font SizePoints="16" Style="Bold" FamilyName="HPDHEV+BlissPro-Bold" Capitals="Normal" ResourceId="3" />
							<Origin X="0" Y="0" />
							<Text>Т</Text>
							<Size Width="8.56" Height="9.328125" />
							<Brush>
								<SolidBrush Color="#FFFFFFFF" />
							</Brush>
							<Tag>convertedFont</Tag>
						</Glyphs>
						<Glyphs OutlineWidth="0.5" CharSpace="0" RenderTransform="0.5968368 0 -0 0.5968368 458.43698 41.630493">
							<Font SizePoints="16" Style="Bold" FamilyName="HPDHEV+BlissPro-Bold" Capitals="Normal" ResourceId="3" />
							<Origin X="0" Y="0" />
							<Text>Ь</Text>
							<Size Width="9.024" Height="9.328125" />
							<Brush>
								<SolidBrush Color="#FFFFFFFF" />
							</Brush>
							<Tag>convertedFont</Tag>
						</Glyphs>
						<Glyphs OutlineWidth="0.5" CharSpace="0" RenderTransform="0.5968368 0 -0 0.5968368 58.938675 70.278625">
							<Font SizePoints="16" Style="Bold" FamilyName="HPDHEV+BlissPro-Bold" Capitals="Normal" ResourceId="3" />
							<Origin X="0" Y="0" />
							<Text>Н</Text>
							<Size Width="11.392" Height="9.328125" />
							<Brush>
								<SolidBrush Color="#FFFFFFFF" />
							</Brush>
							<Tag>convertedFont</Tag>
						</Glyphs>
						<Glyphs OutlineWidth="0.5" CharSpace="0" RenderTransform="0.5968368 0 -0 0.5968368 65.79298 70.278625">
							<Font SizePoints="16" Style="Bold" FamilyName="HPDHEV+BlissPro-Bold" Capitals="Normal" ResourceId="3" />
							<Origin X="0" Y="0" />
							<Text>А</Text>
							<Size Width="10.064" Height="9.328125" />
							<Brush>
								<SolidBrush Color="#FFFFFFFF" />
							</Brush>
							<Tag>convertedFont</Tag>
						</Glyphs>
						<Glyphs OutlineWidth="0.5" CharSpace="0" RenderTransform="0.5968368 0 -0 0.5968368 71.845276 70.278625">
							<Font SizePoints="16" Style="Bold" FamilyName="HPDHEV+BlissPro-Bold" Capitals="Normal" ResourceId="3" />
							<Origin X="0" Y="0" />
							<Text>И</Text>
							<Size Width="11.872" Height="9.328125" />
							<Brush>
								<SolidBrush Color="#FFFFFFFF" />
							</Brush>
							<Tag>convertedFont</Tag>
						</Glyphs>
						<Glyphs OutlineWidth="0.5" CharSpace="0" RenderTransform="0.5968368 0 -0 0.5968368 78.97934 70.278625">
							<Font SizePoints="16" Style="Bold" FamilyName="HPDHEV+BlissPro-Bold" Capitals="Normal" ResourceId="3" />
							<Origin X="0" Y="0" />
							<Text>М</Text>
							<Size Width="13.072" Height="9.328125" />
							<Brush>
								<SolidBrush Color="#FFFFFFFF" />
							</Brush>
							<Tag>convertedFont</Tag>
						</Glyphs>
						<Glyphs OutlineWidth="0.5" CharSpace="0" RenderTransform="0.5968368 0 -0 0.5968368 86.83147 70.278625">
							<Font SizePoints="16" Style="Bold" FamilyName="HPDHEV+BlissPro-Bold" Capitals="Normal" ResourceId="3" />
							<Origin X="0" Y="0" />
							<Text>Е</Text>
							<Size Width="8.016" Height="9.328125" />
							<Brush>
								<SolidBrush Color="#FFFFFFFF" />
							</Brush>
							<Tag>convertedFont</Tag>
						</Glyphs>
						<Glyphs OutlineWidth="0.5" CharSpace="0" RenderTransform="0.5968368 0 -0 0.5968368 91.652794 70.278625">
							<Font SizePoints="16" Style="Bold" FamilyName="HPDHEV+BlissPro-Bold" Capitals="Normal" ResourceId="3" />
							<Origin X="0" Y="0" />
							<Text>Н</Text>
							<Size Width="11.392" Height="9.328125" />
							<Brush>
								<SolidBrush Color="#FFFFFFFF" />
							</Brush>
							<Tag>convertedFont</Tag>
						</Glyphs>
						<Glyphs OutlineWidth="0.5" CharSpace="0" RenderTransform="0.5968368 0 -0 0.5968368 98.507095 70.278625">
							<Font SizePoints="16" Style="Bold" FamilyName="HPDHEV+BlissPro-Bold" Capitals="Normal" ResourceId="3" />
							<Origin X="0" Y="0" />
							<Text>О</Text>
							<Size Width="12.224" Height="9.328125" />
							<Brush>
								<SolidBrush Color="#FFFFFFFF" />
							</Brush>
							<Tag>convertedFont</Tag>
						</Glyphs>
						<Glyphs OutlineWidth="0.5" CharSpace="0" RenderTransform="0.5968368 0 -0 0.5968368 105.855644 70.278625">
							<Font SizePoints="16" Style="Bold" FamilyName="HPDHEV+BlissPro-Bold" Capitals="Normal" ResourceId="3" />
							<Origin X="0" Y="0" />
							<Text>В</Text>
							<Size Width="9.024" Height="9.328125" />
							<Brush>
								<SolidBrush Color="#FFFFFFFF" />
							</Brush>
							<Tag>convertedFont</Tag>
						</Glyphs>
						<Glyphs OutlineWidth="0.5" CharSpace="0" RenderTransform="0.5968368 0 -0 0.5968368 111.28313 70.278625">
							<Font SizePoints="16" Style="Bold" FamilyName="HPDHEV+BlissPro-Bold" Capitals="Normal" ResourceId="3" />
							<Origin X="0" Y="0" />
							<Text>А</Text>
							<Size Width="10.064" Height="9.328125" />
							<Brush>
								<SolidBrush Color="#FFFFFFFF" />
							</Brush>
							<Tag>convertedFont</Tag>
						</Glyphs>
						<Glyphs OutlineWidth="0.5" CharSpace="0" RenderTransform="0.5968368 0 -0 0.5968368 117.33543 70.278625">
							<Font SizePoints="16" Style="Bold" FamilyName="HPDHEV+BlissPro-Bold" Capitals="Normal" ResourceId="3" />
							<Origin X="0" Y="0" />
							<Text>Н</Text>
							<Size Width="11.392" Height="9.328125" />
							<Brush>
								<SolidBrush Color="#FFFFFFFF" />
							</Brush>
							<Tag>convertedFont</Tag>
						</Glyphs>
						<Glyphs OutlineWidth="0.5" CharSpace="0" RenderTransform="0.5968368 0 -0 0.5968368 124.18973 70.278625">
							<Font SizePoints="16" Style="Bold" FamilyName="HPDHEV+BlissPro-Bold" Capitals="Normal" ResourceId="3" />
							<Origin X="0" Y="0" />
							<Text>И</Text>
							<Size Width="11.872" Height="9.328125" />
							<Brush>
								<SolidBrush Color="#FFFFFFFF" />
							</Brush>
							<Tag>convertedFont</Tag>
						</Glyphs>
						<Glyphs OutlineWidth="0.5" CharSpace="0" RenderTransform="0.5968368 0 -0 0.5968368 131.32379 70.278625">
							<Font SizePoints="16" Style="Bold" FamilyName="HPDHEV+BlissPro-Bold" Capitals="Normal" ResourceId="3" />
							<Origin X="0" Y="0" />
							<Text>Е</Text>
							<Size Width="8.016" Height="9.328125" />
							<Brush>
								<SolidBrush Color="#FFFFFFFF" />
							</Brush>
							<Tag>convertedFont</Tag>
						</Glyphs>
						<Glyphs OutlineWidth="0.5" CharSpace="0" RenderTransform="0.5968368 0 -0 0.5968368 220.68146 58.93872">
							<Font SizePoints="16" Style="Bold" FamilyName="HPDHEV+BlissPro-Bold" Capitals="Normal" ResourceId="3" />
							<Origin X="0" Y="0" />
							<Text>Р</Text>
							<Size Width="8.624" Height="9.328125" />
							<Brush>
								<SolidBrush Color="#FFFFFFFF" />
							</Brush>
							<Tag>convertedFont</Tag>
						</Glyphs>
						<Glyphs OutlineWidth="0.5" CharSpace="0" RenderTransform="0.5968368 0 -0 0.5968368 225.86647 58.93872">
							<Font SizePoints="16" Style="Bold" FamilyName="HPDHEV+BlissPro-Bold" Capitals="Normal" ResourceId="3" />
							<Origin X="0" Y="0" />
							<Text>А</Text>
							<Size Width="10.064" Height="9.328125" />
							<Brush>
								<SolidBrush Color="#FFFFFFFF" />
							</Brush>
							<Tag>convertedFont</Tag>
						</Glyphs>
						<Glyphs OutlineWidth="0.5" CharSpace="0" RenderTransform="0.5968368 0 -0 0.5968368 231.91876 58.93872">
							<Font SizePoints="16" Style="Bold" FamilyName="HPDHEV+BlissPro-Bold" Capitals="Normal" ResourceId="3" />
							<Origin X="0" Y="0" />
							<Text>З</Text>
							<Size Width="8.4" Height="9.328125" />
							<Brush>
								<SolidBrush Color="#FFFFFFFF" />
							</Brush>
							<Tag>convertedFont</Tag>
						</Glyphs>
						<Glyphs OutlineWidth="0.5" CharSpace="0" RenderTransform="0.5968368 0 -0 0.5968368 236.96391 58.93872">
							<Font SizePoints="16" Style="Bold" FamilyName="HPDHEV+BlissPro-Bold" Capitals="Normal" ResourceId="3" />
							<Origin X="0" Y="0" />
							<Text>М</Text>
							<Size Width="13.072" Height="9.328125" />
							<Brush>
								<SolidBrush Color="#FFFFFFFF" />
							</Brush>
							<Tag>convertedFont</Tag>
						</Glyphs>
						<Glyphs OutlineWidth="0.5" CharSpace="0" RenderTransform="0.5968368 0 -0 0.5968368 244.81604 58.93872">
							<Font SizePoints="16" Style="Bold" FamilyName="HPDHEV+BlissPro-Bold" Capitals="Normal" ResourceId="3" />
							<Origin X="0" Y="0" />
							<Text>Е</Text>
							<Size Width="8.016" Height="9.328125" />
							<Brush>
								<SolidBrush Color="#FFFFFFFF" />
							</Brush>
							<Tag>convertedFont</Tag>
						</Glyphs>
						<Glyphs OutlineWidth="0.5" CharSpace="0" RenderTransform="0.5968368 0 -0 0.5968368 249.63736 58.93872">
							<Font SizePoints="16" Style="Bold" FamilyName="HPDHEV+BlissPro-Bold" Capitals="Normal" ResourceId="3" />
							<Origin X="0" Y="0" />
							<Text>Р</Text>
							<Size Width="8.624" Height="9.328125" />
							<Brush>
								<SolidBrush Color="#FFFFFFFF" />
							</Brush>
							<Tag>convertedFont</Tag>
						</Glyphs>
						<Glyphs OutlineWidth="0.5" CharSpace="0" RenderTransform="0.5968368 0 -0 0.5968368 220.68146 70.278625">
							<Font SizePoints="16" Style="Bold" FamilyName="HPDHEV+BlissPro-Bold" Capitals="Normal" ResourceId="3" />
							<Origin X="0" Y="0" />
							<Text>Д</Text>
							<Size Width="11.136" Height="9.328125" />
							<Brush>
								<SolidBrush Color="#FFFFFFFF" />
							</Brush>
							<Tag>convertedFont</Tag>
						</Glyphs>
						<Glyphs OutlineWidth="0.5" CharSpace="0" RenderTransform="0.5968368 0 -0 0.5968368 227.36789 70.278625">
							<Font SizePoints="16" Style="Bold" FamilyName="HPDHEV+BlissPro-Bold" Capitals="Normal" ResourceId="3" />
							<Origin X="0" Y="0" />
							<Text>Х</Text>
							<Size Width="10.08" Height="9.328125" />
							<Brush>
								<SolidBrush Color="#FFFFFFFF" />
							</Brush>
							<Tag>convertedFont</Tag>
						</Glyphs>
						<Glyphs OutlineWidth="0.5" CharSpace="0" RenderTransform="0.5968368 0 -0 0.5968368 233.42952 70.278625">
							<Font SizePoints="16" Style="Bold" FamilyName="HPDHEV+BlissPro-Bold" Capitals="Normal" ResourceId="3" />
							<Origin X="0" Y="0" />
							<Text>Ш</Text>
							<Size Width="15.056" Height="9.328125" />
							<Brush>
								<SolidBrush Color="#FFFFFFFF" />
							</Brush>
							<Tag>convertedFont</Tag>
						</Glyphs>
						<Glyphs OutlineWidth="0.5" CharSpace="0" RenderTransform="0.5968368 0 -0 0.5968368 242.47533 70.278625">
							<Font SizePoints="16" Style="Bold" FamilyName="HPDHEV+BlissPro-Bold" Capitals="Normal" ResourceId="3" />
							<Origin X="0" Y="0" />
							<Text>Х</Text>
							<Size Width="10.08" Height="9.328125" />
							<Brush>
								<SolidBrush Color="#FFFFFFFF" />
							</Brush>
							<Tag>convertedFont</Tag>
						</Glyphs>
						<Glyphs OutlineWidth="0.5" CharSpace="0" RenderTransform="0.5968368 0 -0 0.5968368 248.53694 70.278625">
							<Font SizePoints="16" Style="Bold" FamilyName="HPDHEV+BlissPro-Bold" Capitals="Normal" ResourceId="3" />
							<Origin X="0" Y="0" />
							<Text>В</Text>
							<Size Width="9.024" Height="9.328125" />
							<Brush>
								<SolidBrush Color="#FFFFFFFF" />
							</Brush>
							<Tag>convertedFont</Tag>
						</Glyphs>
						<Glyphs OutlineWidth="0.5" CharSpace="0" RenderTransform="0.5968368 0 -0 0.5968368 220.68146 81.61853">
							<Font SizePoints="16" Style="Bold" FamilyName="HPDHEV+BlissPro-Bold" Capitals="Normal" ResourceId="3" />
							<Origin X="0" Y="0" />
							<Text>(</Text>
							<Size Width="5.52" Height="9.328125" />
							<Brush>
								<SolidBrush Color="#FFFFFFFF" />
							</Brush>
							<Tag>convertedFont</Tag>
						</Glyphs>
						<Glyphs OutlineWidth="0.5" CharSpace="0" RenderTransform="0.5968368 0 -0 0.5968368 224.00136 81.61853">
							<Font SizePoints="16" Style="Bold" FamilyName="HPDHEV+BlissPro-Bold" Capitals="Normal" ResourceId="3" />
							<Origin X="0" Y="0" />
							<Text>М</Text>
							<Size Width="13.072" Height="9.328125" />
							<Brush>
								<SolidBrush Color="#FFFFFFFF" />
							</Brush>
							<Tag>convertedFont</Tag>
						</Glyphs>
						<Glyphs OutlineWidth="0.5" CharSpace="0" RenderTransform="0.5968368 0 -0 0.5968368 231.85349 81.61853">
							<Font SizePoints="16" Style="Bold" FamilyName="HPDHEV+BlissPro-Bold" Capitals="Normal" ResourceId="3" />
							<Origin X="0" Y="0" />
							<Text>М</Text>
							<Size Width="13.072" Height="9.328125" />
							<Brush>
								<SolidBrush Color="#FFFFFFFF" />
							</Brush>
							<Tag>convertedFont</Tag>
						</Glyphs>
						<Glyphs OutlineWidth="0.5" CharSpace="0" RenderTransform="0.5968368 0 -0 0.5968368 239.70563 81.61853">
							<Font SizePoints="16" Style="Bold" FamilyName="HPDHEV+BlissPro-Bold" Capitals="Normal" ResourceId="3" />
							<Origin X="0" Y="0" />
							<Text>)</Text>
							<Size Width="5.52" Height="9.328125" />
							<Brush>
								<SolidBrush Color="#FFFFFFFF" />
							</Brush>
							<Tag>convertedFont</Tag>
						</Glyphs>
						<Glyphs OutlineWidth="0.5" CharSpace="0" RenderTransform="0.5968368 0 -0 0.5968368 279.17145 64.3103">
							<Font SizePoints="16" Style="Bold" FamilyName="HPDHEV+BlissPro-Bold" Capitals="Normal" ResourceId="3" />
							<Origin X="0" Y="0" />
							<Text>М</Text>
							<Size Width="13.072" Height="9.328125" />
							<Brush>
								<SolidBrush Color="#FFFFFFFF" />
							</Brush>
							<Tag>convertedFont</Tag>
						</Glyphs>
						<Glyphs OutlineWidth="0.5" CharSpace="0" RenderTransform="0.5968368 0 -0 0.5968368 287.0236 64.3103">
							<Font SizePoints="16" Style="Bold" FamilyName="HPDHEV+BlissPro-Bold" Capitals="Normal" ResourceId="3" />
							<Origin X="0" Y="0" />
							<Text>А</Text>
							<Size Width="10.064" Height="9.328125" />
							<Brush>
								<SolidBrush Color="#FFFFFFFF" />
							</Brush>
							<Tag>convertedFont</Tag>
						</Glyphs>
						<Glyphs OutlineWidth="0.5" CharSpace="0" RenderTransform="0.5968368 0 -0 0.5968368 293.0759 64.3103">
							<Font SizePoints="16" Style="Bold" FamilyName="HPDHEV+BlissPro-Bold" Capitals="Normal" ResourceId="3" />
							<Origin X="0" Y="0" />
							<Text>С</Text>
							<Size Width="9.984" Height="9.328125" />
							<Brush>
								<SolidBrush Color="#FFFFFFFF" />
							</Brush>
							<Tag>convertedFont</Tag>
						</Glyphs>
						<Glyphs OutlineWidth="0.5" CharSpace="0" RenderTransform="0.5968368 0 -0 0.5968368 299.08157 64.3103">
							<Font SizePoints="16" Style="Bold" FamilyName="HPDHEV+BlissPro-Bold" Capitals="Normal" ResourceId="3" />
							<Origin X="0" Y="0" />
							<Text>С</Text>
							<Size Width="9.984" Height="9.328125" />
							<Brush>
								<SolidBrush Color="#FFFFFFFF" />
							</Brush>
							<Tag>convertedFont</Tag>
						</Glyphs>
						<Glyphs OutlineWidth="0.5" CharSpace="0" RenderTransform="0.5968368 0 -0 0.5968368 305.08722 64.3103">
							<Font SizePoints="16" Style="Bold" FamilyName="HPDHEV+BlissPro-Bold" Capitals="Normal" ResourceId="3" />
							<Origin X="0" Y="0" />
							<Text>А</Text>
							<Size Width="10.064" Height="9.328125" />
							<Brush>
								<SolidBrush Color="#FFFFFFFF" />
							</Brush>
							<Tag>convertedFont</Tag>
						</Glyphs>
						<Glyphs OutlineWidth="0.5" CharSpace="0" RenderTransform="0.5968368 0 -0 0.5968368 279.17145 75.65015">
							<Font SizePoints="16" Style="Bold" FamilyName="HPDHEV+BlissPro-Bold" Capitals="Normal" ResourceId="3" />
							<Origin X="0" Y="0" />
							<Text>(</Text>
							<Size Width="5.52" Height="9.328125" />
							<Brush>
								<SolidBrush Color="#FFFFFFFF" />
							</Brush>
							<Tag>convertedFont</Tag>
						</Glyphs>
						<Glyphs OutlineWidth="0.5" CharSpace="0" RenderTransform="0.5968368 0 -0 0.5968368 282.49136 75.65015">
							<Font SizePoints="16" Style="Bold" FamilyName="HPDHEV+BlissPro-Bold" Capitals="Normal" ResourceId="3" />
							<Origin X="0" Y="0" />
							<Text>К</Text>
							<Size Width="9.92" Height="9.328125" />
							<Brush>
								<SolidBrush Color="#FFFFFFFF" />
							</Brush>
							<Tag>convertedFont</Tag>
						</Glyphs>
						<Glyphs OutlineWidth="0.5" CharSpace="0" RenderTransform="0.5968368 0 -0 0.5968368 288.45972 75.65015">
							<Font SizePoints="16" Style="Bold" FamilyName="HPDHEV+BlissPro-Bold" Capitals="Normal" ResourceId="3" />
							<Origin X="0" Y="0" />
							<Text>Г</Text>
							<Size Width="7.264" Height="9.328125" />
							<Brush>
								<SolidBrush Color="#FFFFFFFF" />
							</Brush>
							<Tag>convertedFont</Tag>
						</Glyphs>
						<Glyphs OutlineWidth="0.5" CharSpace="0" RenderTransform="0.5968368 0 -0 0.5968368 292.8241 75.65015">
							<Font SizePoints="16" Style="Bold" FamilyName="HPDHEV+BlissPro-Bold" Capitals="Normal" ResourceId="3" />
							<Origin X="0" Y="0" />
							<Text>)</Text>
							<Size Width="5.52" Height="9.328125" />
							<Brush>
								<SolidBrush Color="#FFFFFFFF" />
							</Brush>
							<Tag>convertedFont</Tag>
						</Glyphs>
						<Glyphs OutlineWidth="0.5" CharSpace="0" RenderTransform="0.5968368 0 -0 0.5968368 320.95004 58.93872">
							<Font SizePoints="16" Style="Bold" FamilyName="HPDHEV+BlissPro-Bold" Capitals="Normal" ResourceId="3" />
							<Origin X="0" Y="0" />
							<Text>П</Text>
							<Size Width="10.928" Height="9.328125" />
							<Brush>
								<SolidBrush Color="#FFFFFFFF" />
							</Brush>
							<Tag>convertedFont</Tag>
						</Glyphs>
						<Glyphs OutlineWidth="0.5" CharSpace="0" RenderTransform="0.5968368 0 -0 0.5968368 327.52457 58.93872">
							<Font SizePoints="16" Style="Bold" FamilyName="HPDHEV+BlissPro-Bold" Capitals="Normal" ResourceId="3" />
							<Origin X="0" Y="0" />
							<Text>О</Text>
							<Size Width="12.224" Height="9.328125" />
							<Brush>
								<SolidBrush Color="#FFFFFFFF" />
							</Brush>
							<Tag>convertedFont</Tag>
						</Glyphs>
						<Glyphs OutlineWidth="0.5" CharSpace="0" RenderTransform="0.5968368 0 -0 0.5968368 334.8731 58.93872">
							<Font SizePoints="16" Style="Bold" FamilyName="HPDHEV+BlissPro-Bold" Capitals="Normal" ResourceId="3" />
							<Origin X="0" Y="0" />
							<Text>Т</Text>
							<Size Width="8.56" Height="9.328125" />
							<Brush>
								<SolidBrush Color="#FFFFFFFF" />
							</Brush>
							<Tag>convertedFont</Tag>
						</Glyphs>
						<Glyphs OutlineWidth="0.5" CharSpace="0" RenderTransform="0.5968368 0 -0 0.5968368 340.0115 58.93872">
							<Font SizePoints="16" Style="Bold" FamilyName="HPDHEV+BlissPro-Bold" Capitals="Normal" ResourceId="3" />
							<Origin X="0" Y="0" />
							<Text>Е</Text>
							<Size Width="8.016" Height="9.328125" />
							<Brush>
								<SolidBrush Color="#FFFFFFFF" />
							</Brush>
							<Tag>convertedFont</Tag>
						</Glyphs>
						<Glyphs OutlineWidth="0.5" CharSpace="0" RenderTransform="0.5968368 0 -0 0.5968368 344.83282 58.93872">
							<Font SizePoints="16" Style="Bold" FamilyName="HPDHEV+BlissPro-Bold" Capitals="Normal" ResourceId="3" />
							<Origin X="0" Y="0" />
							<Text>Р</Text>
							<Size Width="8.624" Height="9.328125" />
							<Brush>
								<SolidBrush Color="#FFFFFFFF" />
							</Brush>
							<Tag>convertedFont</Tag>
						</Glyphs>
						<Glyphs OutlineWidth="0.5" CharSpace="0" RenderTransform="0.5968368 0 -0 0.5968368 350.01785 58.93872">
							<Font SizePoints="16" Style="Bold" FamilyName="HPDHEV+BlissPro-Bold" Capitals="Normal" ResourceId="3" />
							<Origin X="0" Y="0" />
							<Text>И</Text>
							<Size Width="11.872" Height="9.328125" />
							<Brush>
								<SolidBrush Color="#FFFFFFFF" />
							</Brush>
							<Tag>convertedFont</Tag>
						</Glyphs>
						<Glyphs OutlineWidth="0.5" CharSpace="0" RenderTransform="0.5968368 0 -0 0.5968368 320.95004 70.278625">
							<Font SizePoints="16" Style="Bold" FamilyName="HPDHEV+BlissPro-Bold" Capitals="Normal" ResourceId="3" />
							<Origin X="0" Y="0" />
							<Text>Д</Text>
							<Size Width="11.136" Height="9.328125" />
							<Brush>
								<SolidBrush Color="#FFFFFFFF" />
							</Brush>
							<Tag>convertedFont</Tag>
						</Glyphs>
						<Glyphs OutlineWidth="0.5" CharSpace="0" RenderTransform="0.5968368 0 -0 0.5968368 327.63647 70.278625">
							<Font SizePoints="16" Style="Bold" FamilyName="HPDHEV+BlissPro-Bold" Capitals="Normal" ResourceId="3" />
							<Origin X="0" Y="0" />
							<Text>А</Text>
							<Size Width="10.064" Height="9.328125" />
							<Brush>
								<SolidBrush Color="#FFFFFFFF" />
							</Brush>
							<Tag>convertedFont</Tag>
						</Glyphs>
						<Glyphs OutlineWidth="0.5" CharSpace="0" RenderTransform="0.5968368 0 -0 0.5968368 333.68878 70.278625">
							<Font SizePoints="16" Style="Bold" FamilyName="HPDHEV+BlissPro-Bold" Capitals="Normal" ResourceId="3" />
							<Origin X="0" Y="0" />
							<Text>В</Text>
							<Size Width="9.024" Height="9.328125" />
							<Brush>
								<SolidBrush Color="#FFFFFFFF" />
							</Brush>
							<Tag>convertedFont</Tag>
						</Glyphs>
						<Glyphs OutlineWidth="0.5" CharSpace="0" RenderTransform="0.5968368 0 -0 0.5968368 339.11624 70.278625">
							<Font SizePoints="16" Style="Bold" FamilyName="HPDHEV+BlissPro-Bold" Capitals="Normal" ResourceId="3" />
							<Origin X="0" Y="0" />
							<Text>Л</Text>
							<Size Width="10.368" Height="9.328125" />
							<Brush>
								<SolidBrush Color="#FFFFFFFF" />
							</Brush>
							<Tag>convertedFont</Tag>
						</Glyphs>
						<Glyphs OutlineWidth="0.5" CharSpace="0" RenderTransform="0.5968368 0 -0 0.5968368 345.34573 70.278625">
							<Font SizePoints="16" Style="Bold" FamilyName="HPDHEV+BlissPro-Bold" Capitals="Normal" ResourceId="3" />
							<Origin X="0" Y="0" />
							<Text>Е</Text>
							<Size Width="8.016" Height="9.328125" />
							<Brush>
								<SolidBrush Color="#FFFFFFFF" />
							</Brush>
							<Tag>convertedFont</Tag>
						</Glyphs>
						<Glyphs OutlineWidth="0.5" CharSpace="0" RenderTransform="0.5968368 0 -0 0.5968368 350.16705 70.278625">
							<Font SizePoints="16" Style="Bold" FamilyName="HPDHEV+BlissPro-Bold" Capitals="Normal" ResourceId="3" />
							<Origin X="0" Y="0" />
							<Text>Н</Text>
							<Size Width="11.392" Height="9.328125" />
							<Brush>
								<SolidBrush Color="#FFFFFFFF" />
							</Brush>
							<Tag>convertedFont</Tag>
						</Glyphs>
						<Glyphs OutlineWidth="0.5" CharSpace="0" RenderTransform="0.5968368 0 -0 0.5968368 357.02136 70.278625">
							<Font SizePoints="16" Style="Bold" FamilyName="HPDHEV+BlissPro-Bold" Capitals="Normal" ResourceId="3" />
							<Origin X="0" Y="0" />
							<Text>И</Text>
							<Size Width="11.872" Height="9.328125" />
							<Brush>
								<SolidBrush Color="#FFFFFFFF" />
							</Brush>
							<Tag>convertedFont</Tag>
						</Glyphs>
						<Glyphs OutlineWidth="0.5" CharSpace="0" RenderTransform="0.5968368 0 -0 0.5968368 364.15543 70.278625">
							<Font SizePoints="16" Style="Bold" FamilyName="HPDHEV+BlissPro-Bold" Capitals="Normal" ResourceId="3" />
							<Origin X="0" Y="0" />
							<Text>Я</Text>
							<Size Width="9.632" Height="9.328125" />
							<Brush>
								<SolidBrush Color="#FFFFFFFF" />
							</Brush>
							<Tag>convertedFont</Tag>
						</Glyphs>
						<Glyphs OutlineWidth="0.5" CharSpace="0" RenderTransform="0.5968368 0 -0 0.5968368 320.95004 81.61853">
							<Font SizePoints="16" Style="Bold" FamilyName="HPDHEV+BlissPro-Bold" Capitals="Normal" ResourceId="3" />
							<Origin X="0" Y="0" />
							<Text>(</Text>
							<Size Width="5.52" Height="9.328125" />
							<Brush>
								<SolidBrush Color="#FFFFFFFF" />
							</Brush>
							<Tag>convertedFont</Tag>
						</Glyphs>
						<Glyphs OutlineWidth="0.5" CharSpace="0" RenderTransform="0.5968368 0 -0 0.5968368 324.26993 81.61853">
							<Font SizePoints="16" Style="Bold" FamilyName="HPDHEV+BlissPro-Bold" Capitals="Normal" ResourceId="3" />
							<Origin X="0" Y="0" />
							<Text>П</Text>
							<Size Width="10.928" Height="9.328125" />
							<Brush>
								<SolidBrush Color="#FFFFFFFF" />
							</Brush>
							<Tag>convertedFont</Tag>
						</Glyphs>
						<Glyphs OutlineWidth="0.5" CharSpace="0" RenderTransform="0.5968368 0 -0 0.5968368 330.84448 81.61853">
							<Font SizePoints="16" Style="Bold" FamilyName="HPDHEV+BlissPro-Bold" Capitals="Normal" ResourceId="3" />
							<Origin X="0" Y="0" />
							<Text>А</Text>
							<Size Width="10.064" Height="9.328125" />
							<Brush>
								<SolidBrush Color="#FFFFFFFF" />
							</Brush>
							<Tag>convertedFont</Tag>
						</Glyphs>
						<Glyphs OutlineWidth="0.5" CharSpace="0" RenderTransform="0.5968368 0 -0 0.5968368 336.89676 81.61853">
							<Font SizePoints="16" Style="Bold" FamilyName="HPDHEV+BlissPro-Bold" Capitals="Normal" ResourceId="3" />
							<Origin X="0" Y="0" />
							<Text>)</Text>
							<Size Width="5.52" Height="9.328125" />
							<Brush>
								<SolidBrush Color="#FFFFFFFF" />
							</Brush>
							<Tag>convertedFont</Tag>
						</Glyphs>
						<Glyphs OutlineWidth="0.5" CharSpace="0" RenderTransform="0.5968368 0 -0 0.5968368 388.98944 58.93872">
							<Font SizePoints="16" Style="Bold" FamilyName="HPDHEV+BlissPro-Bold" Capitals="Normal" ResourceId="3" />
							<Origin X="0" Y="0" />
							<Text>Р</Text>
							<Size Width="8.624" Height="9.328125" />
							<Brush>
								<SolidBrush Color="#FFFFFFFF" />
							</Brush>
							<Tag>convertedFont</Tag>
						</Glyphs>
						<Glyphs OutlineWidth="0.5" CharSpace="0" RenderTransform="0.5968368 0 -0 0.5968368 394.17444 58.93872">
							<Font SizePoints="16" Style="Bold" FamilyName="HPDHEV+BlissPro-Bold" Capitals="Normal" ResourceId="3" />
							<Origin X="0" Y="0" />
							<Text>А</Text>
							<Size Width="10.064" Height="9.328125" />
							<Brush>
								<SolidBrush Color="#FFFFFFFF" />
							</Brush>
							<Tag>convertedFont</Tag>
						</Glyphs>
						<Glyphs OutlineWidth="0.5" CharSpace="0" RenderTransform="0.5968368 0 -0 0.5968368 400.22675 58.93872">
							<Font SizePoints="16" Style="Bold" FamilyName="HPDHEV+BlissPro-Bold" Capitals="Normal" ResourceId="3" />
							<Origin X="0" Y="0" />
							<Text>З</Text>
							<Size Width="8.4" Height="9.328125" />
							<Brush>
								<SolidBrush Color="#FFFFFFFF" />
							</Brush>
							<Tag>convertedFont</Tag>
						</Glyphs>
						<Glyphs OutlineWidth="0.5" CharSpace="0" RenderTransform="0.5968368 0 -0 0.5968368 405.27188 58.93872">
							<Font SizePoints="16" Style="Bold" FamilyName="HPDHEV+BlissPro-Bold" Capitals="Normal" ResourceId="3" />
							<Origin X="0" Y="0" />
							<Text>М</Text>
							<Size Width="13.072" Height="9.328125" />
							<Brush>
								<SolidBrush Color="#FFFFFFFF" />
							</Brush>
							<Tag>convertedFont</Tag>
						</Glyphs>
						<Glyphs OutlineWidth="0.5" CharSpace="0" RenderTransform="0.5968368 0 -0 0.5968368 413.12402 58.93872">
							<Font SizePoints="16" Style="Bold" FamilyName="HPDHEV+BlissPro-Bold" Capitals="Normal" ResourceId="3" />
							<Origin X="0" Y="0" />
							<Text>Е</Text>
							<Size Width="8.016" Height="9.328125" />
							<Brush>
								<SolidBrush Color="#FFFFFFFF" />
							</Brush>
							<Tag>convertedFont</Tag>
						</Glyphs>
						<Glyphs OutlineWidth="0.5" CharSpace="0" RenderTransform="0.5968368 0 -0 0.5968368 417.94534 58.93872">
							<Font SizePoints="16" Style="Bold" FamilyName="HPDHEV+BlissPro-Bold" Capitals="Normal" ResourceId="3" />
							<Origin X="0" Y="0" />
							<Text>Р</Text>
							<Size Width="8.624" Height="9.328125" />
							<Brush>
								<SolidBrush Color="#FFFFFFFF" />
							</Brush>
							<Tag>convertedFont</Tag>
						</Glyphs>
						<Glyphs OutlineWidth="0.5" CharSpace="0" RenderTransform="0.5968368 0 -0 0.5968368 388.98944 70.278625">
							<Font SizePoints="16" Style="Bold" FamilyName="HPDHEV+BlissPro-Bold" Capitals="Normal" ResourceId="3" />
							<Origin X="0" Y="0" />
							<Text>Д</Text>
							<Size Width="11.136" Height="9.328125" />
							<Brush>
								<SolidBrush Color="#FFFFFFFF" />
							</Brush>
							<Tag>convertedFont</Tag>
						</Glyphs>
						<Glyphs OutlineWidth="0.5" CharSpace="0" RenderTransform="0.5968368 0 -0 0.5968368 395.67587 70.278625">
							<Font SizePoints="16" Style="Bold" FamilyName="HPDHEV+BlissPro-Bold" Capitals="Normal" ResourceId="3" />
							<Origin X="0" Y="0" />
							<Text>Х</Text>
							<Size Width="10.08" Height="9.328125" />
							<Brush>
								<SolidBrush Color="#FFFFFFFF" />
							</Brush>
							<Tag>convertedFont</Tag>
						</Glyphs>
						<Glyphs OutlineWidth="0.5" CharSpace="0" RenderTransform="0.5968368 0 -0 0.5968368 401.7375 70.278625">
							<Font SizePoints="16" Style="Bold" FamilyName="HPDHEV+BlissPro-Bold" Capitals="Normal" ResourceId="3" />
							<Origin X="0" Y="0" />
							<Text>Ш</Text>
							<Size Width="15.056" Height="9.328125" />
							<Brush>
								<SolidBrush Color="#FFFFFFFF" />
							</Brush>
							<Tag>convertedFont</Tag>
						</Glyphs>
						<Glyphs OutlineWidth="0.5" CharSpace="0" RenderTransform="0.5968368 0 -0 0.5968368 410.7833 70.278625">
							<Font SizePoints="16" Style="Bold" FamilyName="HPDHEV+BlissPro-Bold" Capitals="Normal" ResourceId="3" />
							<Origin X="0" Y="0" />
							<Text>Х</Text>
							<Size Width="10.08" Height="9.328125" />
							<Brush>
								<SolidBrush Color="#FFFFFFFF" />
							</Brush>
							<Tag>convertedFont</Tag>
						</Glyphs>
						<Glyphs OutlineWidth="0.5" CharSpace="0" RenderTransform="0.5968368 0 -0 0.5968368 416.8449 70.278625">
							<Font SizePoints="16" Style="Bold" FamilyName="HPDHEV+BlissPro-Bold" Capitals="Normal" ResourceId="3" />
							<Origin X="0" Y="0" />
							<Text>В</Text>
							<Size Width="9.024" Height="9.328125" />
							<Brush>
								<SolidBrush Color="#FFFFFFFF" />
							</Brush>
							<Tag>convertedFont</Tag>
						</Glyphs>
						<Glyphs OutlineWidth="0.5" CharSpace="0" RenderTransform="0.5968368 0 -0 0.5968368 388.98944 81.61853">
							<Font SizePoints="16" Style="Bold" FamilyName="HPDHEV+BlissPro-Bold" Capitals="Normal" ResourceId="3" />
							<Origin X="0" Y="0" />
							<Text>(</Text>
							<Size Width="5.52" Height="9.328125" />
							<Brush>
								<SolidBrush Color="#FFFFFFFF" />
							</Brush>
							<Tag>convertedFont</Tag>
						</Glyphs>
						<Glyphs OutlineWidth="0.5" CharSpace="0" RenderTransform="0.5968368 0 -0 0.5968368 392.30933 81.61853">
							<Font SizePoints="16" Style="Bold" FamilyName="HPDHEV+BlissPro-Bold" Capitals="Normal" ResourceId="3" />
							<Origin X="0" Y="0" />
							<Text>М</Text>
							<Size Width="13.072" Height="9.328125" />
							<Brush>
								<SolidBrush Color="#FFFFFFFF" />
							</Brush>
							<Tag>convertedFont</Tag>
						</Glyphs>
						<Glyphs OutlineWidth="0.5" CharSpace="0" RenderTransform="0.5968368 0 -0 0.5968368 400.16147 81.61853">
							<Font SizePoints="16" Style="Bold" FamilyName="HPDHEV+BlissPro-Bold" Capitals="Normal" ResourceId="3" />
							<Origin X="0" Y="0" />
							<Text>М</Text>
							<Size Width="13.072" Height="9.328125" />
							<Brush>
								<SolidBrush Color="#FFFFFFFF" />
							</Brush>
							<Tag>convertedFont</Tag>
						</Glyphs>
						<Glyphs OutlineWidth="0.5" CharSpace="0" RenderTransform="0.5968368 0 -0 0.5968368 408.0136 81.61853">
							<Font SizePoints="16" Style="Bold" FamilyName="HPDHEV+BlissPro-Bold" Capitals="Normal" ResourceId="3" />
							<Origin X="0" Y="0" />
							<Text>)</Text>
							<Size Width="5.52" Height="9.328125" />
							<Brush>
								<SolidBrush Color="#FFFFFFFF" />
							</Brush>
							<Tag>convertedFont</Tag>
						</Glyphs>
						<Glyphs OutlineWidth="0.5" CharSpace="0" RenderTransform="0.5968368 0 -0 0.5968368 447.47943 64.3103">
							<Font SizePoints="16" Style="Bold" FamilyName="HPDHEV+BlissPro-Bold" Capitals="Normal" ResourceId="3" />
							<Origin X="0" Y="0" />
							<Text>М</Text>
							<Size Width="13.072" Height="9.328125" />
							<Brush>
								<SolidBrush Color="#FFFFFFFF" />
							</Brush>
							<Tag>convertedFont</Tag>
						</Glyphs>
						<Glyphs OutlineWidth="0.5" CharSpace="0" RenderTransform="0.5968368 0 -0 0.5968368 455.33157 64.3103">
							<Font SizePoints="16" Style="Bold" FamilyName="HPDHEV+BlissPro-Bold" Capitals="Normal" ResourceId="3" />
							<Origin X="0" Y="0" />
							<Text>А</Text>
							<Size Width="10.064" Height="9.328125" />
							<Brush>
								<SolidBrush Color="#FFFFFFFF" />
							</Brush>
							<Tag>convertedFont</Tag>
						</Glyphs>
						<Glyphs OutlineWidth="0.5" CharSpace="0" RenderTransform="0.5968368 0 -0 0.5968368 461.38388 64.3103">
							<Font SizePoints="16" Style="Bold" FamilyName="HPDHEV+BlissPro-Bold" Capitals="Normal" ResourceId="3" />
							<Origin X="0" Y="0" />
							<Text>С</Text>
							<Size Width="9.984" Height="9.328125" />
							<Brush>
								<SolidBrush Color="#FFFFFFFF" />
							</Brush>
							<Tag>convertedFont</Tag>
						</Glyphs>
						<Glyphs OutlineWidth="0.5" CharSpace="0" RenderTransform="0.5968368 0 -0 0.5968368 467.38953 64.3103">
							<Font SizePoints="16" Style="Bold" FamilyName="HPDHEV+BlissPro-Bold" Capitals="Normal" ResourceId="3" />
							<Origin X="0" Y="0" />
							<Text>С</Text>
							<Size Width="9.984" Height="9.328125" />
							<Brush>
								<SolidBrush Color="#FFFFFFFF" />
							</Brush>
							<Tag>convertedFont</Tag>
						</Glyphs>
						<Glyphs OutlineWidth="0.5" CharSpace="0" RenderTransform="0.5968368 0 -0 0.5968368 473.3952 64.3103">
							<Font SizePoints="16" Style="Bold" FamilyName="HPDHEV+BlissPro-Bold" Capitals="Normal" ResourceId="3" />
							<Origin X="0" Y="0" />
							<Text>А</Text>
							<Size Width="10.064" Height="9.328125" />
							<Brush>
								<SolidBrush Color="#FFFFFFFF" />
							</Brush>
							<Tag>convertedFont</Tag>
						</Glyphs>
						<Glyphs OutlineWidth="0.5" CharSpace="0" RenderTransform="0.5968368 0 -0 0.5968368 447.47943 75.65015">
							<Font SizePoints="16" Style="Bold" FamilyName="HPDHEV+BlissPro-Bold" Capitals="Normal" ResourceId="3" />
							<Origin X="0" Y="0" />
							<Text>(</Text>
							<Size Width="5.52" Height="9.328125" />
							<Brush>
								<SolidBrush Color="#FFFFFFFF" />
							</Brush>
							<Tag>convertedFont</Tag>
						</Glyphs>
						<Glyphs OutlineWidth="0.5" CharSpace="0" RenderTransform="0.5968368 0 -0 0.5968368 450.79935 75.65015">
							<Font SizePoints="16" Style="Bold" FamilyName="HPDHEV+BlissPro-Bold" Capitals="Normal" ResourceId="3" />
							<Origin X="0" Y="0" />
							<Text>К</Text>
							<Size Width="9.92" Height="9.328125" />
							<Brush>
								<SolidBrush Color="#FFFFFFFF" />
							</Brush>
							<Tag>convertedFont</Tag>
						</Glyphs>
						<Glyphs OutlineWidth="0.5" CharSpace="0" RenderTransform="0.5968368 0 -0 0.5968368 456.7677 75.65015">
							<Font SizePoints="16" Style="Bold" FamilyName="HPDHEV+BlissPro-Bold" Capitals="Normal" ResourceId="3" />
							<Origin X="0" Y="0" />
							<Text>Г</Text>
							<Size Width="7.264" Height="9.328125" />
							<Brush>
								<SolidBrush Color="#FFFFFFFF" />
							</Brush>
							<Tag>convertedFont</Tag>
						</Glyphs>
						<Glyphs OutlineWidth="0.5" CharSpace="0" RenderTransform="0.5968368 0 -0 0.5968368 461.13208 75.65015">
							<Font SizePoints="16" Style="Bold" FamilyName="HPDHEV+BlissPro-Bold" Capitals="Normal" ResourceId="3" />
							<Origin X="0" Y="0" />
							<Text>)</Text>
							<Size Width="5.52" Height="9.328125" />
							<Brush>
								<SolidBrush Color="#FFFFFFFF" />
							</Brush>
							<Tag>convertedFont</Tag>
						</Glyphs>
						<Glyphs OutlineWidth="0.5" CharSpace="0" RenderTransform="0.5968368 0 -0 0.5968368 489.25803 58.93872">
							<Font SizePoints="16" Style="Bold" FamilyName="HPDHEV+BlissPro-Bold" Capitals="Normal" ResourceId="3" />
							<Origin X="0" Y="0" />
							<Text>П</Text>
							<Size Width="10.928" Height="9.328125" />
							<Brush>
								<SolidBrush Color="#FFFFFFFF" />
							</Brush>
							<Tag>convertedFont</Tag>
						</Glyphs>
						<Glyphs OutlineWidth="0.5" CharSpace="0" RenderTransform="0.5968368 0 -0 0.5968368 495.83255 58.93872">
							<Font SizePoints="16" Style="Bold" FamilyName="HPDHEV+BlissPro-Bold" Capitals="Normal" ResourceId="3" />
							<Origin X="0" Y="0" />
							<Text>О</Text>
							<Size Width="12.224" Height="9.328125" />
							<Brush>
								<SolidBrush Color="#FFFFFFFF" />
							</Brush>
							<Tag>convertedFont</Tag>
						</Glyphs>
						<Glyphs OutlineWidth="0.5" CharSpace="0" RenderTransform="0.5968368 0 -0 0.5968368 503.1811 58.93872">
							<Font SizePoints="16" Style="Bold" FamilyName="HPDHEV+BlissPro-Bold" Capitals="Normal" ResourceId="3" />
							<Origin X="0" Y="0" />
							<Text>Т</Text>
							<Size Width="8.56" Height="9.328125" />
							<Brush>
								<SolidBrush Color="#FFFFFFFF" />
							</Brush>
							<Tag>convertedFont</Tag>
						</Glyphs>
						<Glyphs OutlineWidth="0.5" CharSpace="0" RenderTransform="0.5968368 0 -0 0.5968368 508.3195 58.93872">
							<Font SizePoints="16" Style="Bold" FamilyName="HPDHEV+BlissPro-Bold" Capitals="Normal" ResourceId="3" />
							<Origin X="0" Y="0" />
							<Text>Е</Text>
							<Size Width="8.016" Height="9.328125" />
							<Brush>
								<SolidBrush Color="#FFFFFFFF" />
							</Brush>
							<Tag>convertedFont</Tag>
						</Glyphs>
						<Glyphs OutlineWidth="0.5" CharSpace="0" RenderTransform="0.5968368 0 -0 0.5968368 513.1408 58.93872">
							<Font SizePoints="16" Style="Bold" FamilyName="HPDHEV+BlissPro-Bold" Capitals="Normal" ResourceId="3" />
							<Origin X="0" Y="0" />
							<Text>Р</Text>
							<Size Width="8.624" Height="9.328125" />
							<Brush>
								<SolidBrush Color="#FFFFFFFF" />
							</Brush>
							<Tag>convertedFont</Tag>
						</Glyphs>
						<Glyphs OutlineWidth="0.5" CharSpace="0" RenderTransform="0.5968368 0 -0 0.5968368 518.3258 58.93872">
							<Font SizePoints="16" Style="Bold" FamilyName="HPDHEV+BlissPro-Bold" Capitals="Normal" ResourceId="3" />
							<Origin X="0" Y="0" />
							<Text>И</Text>
							<Size Width="11.872" Height="9.328125" />
							<Brush>
								<SolidBrush Color="#FFFFFFFF" />
							</Brush>
							<Tag>convertedFont</Tag>
						</Glyphs>
						<Glyphs OutlineWidth="0.5" CharSpace="0" RenderTransform="0.5968368 0 -0 0.5968368 489.25803 70.278625">
							<Font SizePoints="16" Style="Bold" FamilyName="HPDHEV+BlissPro-Bold" Capitals="Normal" ResourceId="3" />
							<Origin X="0" Y="0" />
							<Text>Д</Text>
							<Size Width="11.136" Height="9.328125" />
							<Brush>
								<SolidBrush Color="#FFFFFFFF" />
							</Brush>
							<Tag>convertedFont</Tag>
						</Glyphs>
						<Glyphs OutlineWidth="0.5" CharSpace="0" RenderTransform="0.5968368 0 -0 0.5968368 495.94446 70.278625">
							<Font SizePoints="16" Style="Bold" FamilyName="HPDHEV+BlissPro-Bold" Capitals="Normal" ResourceId="3" />
							<Origin X="0" Y="0" />
							<Text>А</Text>
							<Size Width="10.064" Height="9.328125" />
							<Brush>
								<SolidBrush Color="#FFFFFFFF" />
							</Brush>
							<Tag>convertedFont</Tag>
						</Glyphs>
						<Glyphs OutlineWidth="0.5" CharSpace="0" RenderTransform="0.5968368 0 -0 0.5968368 501.99673 70.278625">
							<Font SizePoints="16" Style="Bold" FamilyName="HPDHEV+BlissPro-Bold" Capitals="Normal" ResourceId="3" />
							<Origin X="0" Y="0" />
							<Text>В</Text>
							<Size Width="9.024" Height="9.328125" />
							<Brush>
								<SolidBrush Color="#FFFFFFFF" />
							</Brush>
							<Tag>convertedFont</Tag>
						</Glyphs>
						<Glyphs OutlineWidth="0.5" CharSpace="0" RenderTransform="0.5968368 0 -0 0.5968368 507.42422 70.278625">
							<Font SizePoints="16" Style="Bold" FamilyName="HPDHEV+BlissPro-Bold" Capitals="Normal" ResourceId="3" />
							<Origin X="0" Y="0" />
							<Text>Л</Text>
							<Size Width="10.368" Height="9.328125" />
							<Brush>
								<SolidBrush Color="#FFFFFFFF" />
							</Brush>
							<Tag>convertedFont</Tag>
						</Glyphs>
						<Glyphs OutlineWidth="0.5" CharSpace="0" RenderTransform="0.5968368 0 -0 0.5968368 513.6537 70.278625">
							<Font SizePoints="16" Style="Bold" FamilyName="HPDHEV+BlissPro-Bold" Capitals="Normal" ResourceId="3" />
							<Origin X="0" Y="0" />
							<Text>Е</Text>
							<Size Width="8.016" Height="9.328125" />
							<Brush>
								<SolidBrush Color="#FFFFFFFF" />
							</Brush>
							<Tag>convertedFont</Tag>
						</Glyphs>
						<Glyphs OutlineWidth="0.5" CharSpace="0" RenderTransform="0.5968368 0 -0 0.5968368 518.47504 70.278625">
							<Font SizePoints="16" Style="Bold" FamilyName="HPDHEV+BlissPro-Bold" Capitals="Normal" ResourceId="3" />
							<Origin X="0" Y="0" />
							<Text>Н</Text>
							<Size Width="11.392" Height="9.328125" />
							<Brush>
								<SolidBrush Color="#FFFFFFFF" />
							</Brush>
							<Tag>convertedFont</Tag>
						</Glyphs>
						<Glyphs OutlineWidth="0.5" CharSpace="0" RenderTransform="0.5968368 0 -0 0.5968368 525.32935 70.278625">
							<Font SizePoints="16" Style="Bold" FamilyName="HPDHEV+BlissPro-Bold" Capitals="Normal" ResourceId="3" />
							<Origin X="0" Y="0" />
							<Text>И</Text>
							<Size Width="11.872" Height="9.328125" />
							<Brush>
								<SolidBrush Color="#FFFFFFFF" />
							</Brush>
							<Tag>convertedFont</Tag>
						</Glyphs>
						<Glyphs OutlineWidth="0.5" CharSpace="0" RenderTransform="0.5968368 0 -0 0.5968368 532.4634 70.278625">
							<Font SizePoints="16" Style="Bold" FamilyName="HPDHEV+BlissPro-Bold" Capitals="Normal" ResourceId="3" />
							<Origin X="0" Y="0" />
							<Text>Я</Text>
							<Size Width="9.632" Height="9.328125" />
							<Brush>
								<SolidBrush Color="#FFFFFFFF" />
							</Brush>
							<Tag>convertedFont</Tag>
						</Glyphs>
						<Glyphs OutlineWidth="0.5" CharSpace="0" RenderTransform="0.5968368 0 -0 0.5968368 489.25803 81.61853">
							<Font SizePoints="16" Style="Bold" FamilyName="HPDHEV+BlissPro-Bold" Capitals="Normal" ResourceId="3" />
							<Origin X="0" Y="0" />
							<Text>(</Text>
							<Size Width="5.52" Height="9.328125" />
							<Brush>
								<SolidBrush Color="#FFFFFFFF" />
							</Brush>
							<Tag>convertedFont</Tag>
						</Glyphs>
						<Glyphs OutlineWidth="0.5" CharSpace="0" RenderTransform="0.5968368 0 -0 0.5968368 492.5779 81.61853">
							<Font SizePoints="16" Style="Bold" FamilyName="HPDHEV+BlissPro-Bold" Capitals="Normal" ResourceId="3" />
							<Origin X="0" Y="0" />
							<Text>П</Text>
							<Size Width="10.928" Height="9.328125" />
							<Brush>
								<SolidBrush Color="#FFFFFFFF" />
							</Brush>
							<Tag>convertedFont</Tag>
						</Glyphs>
						<Glyphs OutlineWidth="0.5" CharSpace="0" RenderTransform="0.5968368 0 -0 0.5968368 499.15244 81.61853">
							<Font SizePoints="16" Style="Bold" FamilyName="HPDHEV+BlissPro-Bold" Capitals="Normal" ResourceId="3" />
							<Origin X="0" Y="0" />
							<Text>А</Text>
							<Size Width="10.064" Height="9.328125" />
							<Brush>
								<SolidBrush Color="#FFFFFFFF" />
							</Brush>
							<Tag>convertedFont</Tag>
						</Glyphs>
						<Glyphs OutlineWidth="0.5" CharSpace="0" RenderTransform="0.5968368 0 -0 0.5968368 505.20474 81.61853">
							<Font SizePoints="16" Style="Bold" FamilyName="HPDHEV+BlissPro-Bold" Capitals="Normal" ResourceId="3" />
							<Origin X="0" Y="0" />
							<Text>)</Text>
							<Size Width="5.52" Height="9.328125" />
							<Brush>
								<SolidBrush Color="#FFFFFFFF" />
							</Brush>
							<Tag>convertedFont</Tag>
						</Glyphs>
					</Canvas>
				</Canvas>
			</Canvas>
		</Page>
		<Page Width="595" Height="842" PaperTray="0">
			<Canvas>
				<Canvas>
					<Clip>
						<Path FillMode="Winding">
							<PathFigure IsClosed="True">
								<PolyLine LineColor="#FF000000">
									<Point X="0" Y="842" />
									<Point X="0" Y="0" />
								</PolyLine>
								<PolyLine LineColor="#FF000000">
									<Point X="0" Y="0" />
									<Point X="595" Y="0" />
								</PolyLine>
								<PolyLine LineColor="#FF000000">
									<Point X="595" Y="0" />
									<Point X="595" Y="842" />
								</PolyLine>
								<PolyLine LineColor="#FF000000">
									<Point X="595" Y="842" />
									<Point X="0" Y="842" />
								</PolyLine>
							</PathFigure>
						</Path>
					</Clip>
					<Canvas>
						<Clip>
							<Path FillMode="Alternate">
								<PathFigure IsClosed="True">
									<PolyLine LineColor="#FF000000">
										<Point X="28.5" Y="28.5" />
										<Point X="566.25" Y="28.5" />
									</PolyLine>
									<PolyLine LineColor="#FF000000">
										<Point X="566.25" Y="28.5" />
										<Point X="566.25" Y="813.3404" />
									</PolyLine>
									<PolyLine LineColor="#FF000000">
										<Point X="566.25" Y="813.3404" />
										<Point X="28.5" Y="813.3404" />
									</PolyLine>
									<PolyLine LineColor="#FF000000">
										<Point X="28.5" Y="813.3404" />
										<Point X="28.5" Y="28.5" />
									</PolyLine>
								</PathFigure>
							</Path>
						</Clip>
					</Canvas>
					<Canvas>
						<Clip>
							<Path FillMode="Alternate">
								<PathFigure IsClosed="True">
									<PolyLine LineColor="#FF000000">
										<Point X="28.5" Y="28.5" />
										<Point X="566.25" Y="28.5" />
									</PolyLine>
									<PolyLine LineColor="#FF000000">
										<Point X="566.25" Y="28.5" />
										<Point X="566.25" Y="813.3404" />
									</PolyLine>
									<PolyLine LineColor="#FF000000">
										<Point X="566.25" Y="813.3404" />
										<Point X="28.5" Y="813.3404" />
									</PolyLine>
									<PolyLine LineColor="#FF000000">
										<Point X="28.5" Y="813.3404" />
										<Point X="28.5" Y="28.5" />
									</PolyLine>
								</PathFigure>
							</Path>
						</Clip>
						<Canvas>
							<Clip>
								<Path FillMode="Winding">
									<PathFigure IsClosed="False">
										<PolyLine LineColor="#FF000000">
											<Point X="51.179802" Y="94.7489" />
											<Point X="51.179802" Y="93.55524" />
										</PolyLine>
										<PolyLine LineColor="#FF000000">
											<Point X="51.179802" Y="93.55524" />
											<Point X="543.5702" Y="93.55524" />
										</PolyLine>
										<PolyLine LineColor="#FF000000">
											<Point X="543.5702" Y="93.55524" />
											<Point X="543.5702" Y="94.7489" />
										</PolyLine>
									</PathFigure>
								</Path>
							</Clip>
							<Path FillMode="Winding" RenderTransform="1 0 0 -1 0 842">
								<Brush>
									<SolidBrush Color="#FF005F7F" />
								</Brush>
								<PathFigure IsClosed="True">
									<PolyLine LineColor="#FF000000">
										<Point X="51.1798" Y="748.4447" />
										<Point X="52.373474" Y="748.4447" />
									</PolyLine>
									<PolyLine LineColor="#FF000000">
										<Point X="52.373474" Y="748.4447" />
										<Point X="52.373474" Y="747.251" />
									</PolyLine>
									<PolyLine LineColor="#FF000000">
										<Point X="52.373474" Y="747.251" />
										<Point X="51.1798" Y="747.251" />
									</PolyLine>
								</PathFigure>
							</Path>
							<Path FillMode="Winding" RenderTransform="1 0 0 -1 0 842">
								<Brush>
									<SolidBrush Color="#FF005F7F" />
								</Brush>
								<PathFigure IsClosed="True">
									<PolyLine LineColor="#FF000000">
										<Point X="542.37646" Y="748.4447" />
										<Point X="543.5702" Y="748.4447" />
									</PolyLine>
									<PolyLine LineColor="#FF000000">
										<Point X="543.5702" Y="748.4447" />
										<Point X="543.5702" Y="747.251" />
									</PolyLine>
									<PolyLine LineColor="#FF000000">
										<Point X="543.5702" Y="747.251" />
										<Point X="542.37646" Y="747.251" />
									</PolyLine>
								</PathFigure>
							</Path>
							<Path FillMode="Alternate" RenderTransform="1 0 0 -1 0 842">
								<Pen Alignment="Center" DashCap="Flat" DashOffset="0" DashPattern="1 1" DashStyle="Custom" EndCap="Flat" LineJoin="Miter" MiterLimit="10" StartCap="Flat" Width="1.1936736">
									<Brush>
										<SolidBrush Color="#FF005F7F" />
									</Brush>
								</Pen>
								<PathFigure IsClosed="False">
									<PolyLine LineColor="#FF000000">
										<Point X="52.373474" Y="747.8478" />
										<Point X="542.37646" Y="747.8478" />
									</PolyLine>
								</PathFigure>
							</Path>
						</Canvas>
					</Canvas>
					<Canvas>
						<Clip>
							<Path FillMode="Alternate">
								<PathFigure IsClosed="True">
									<PolyLine LineColor="#FF000000">
										<Point X="28.5" Y="28.5" />
										<Point X="566.25" Y="28.5" />
									</PolyLine>
									<PolyLine LineColor="#FF000000">
										<Point X="566.25" Y="28.5" />
										<Point X="566.25" Y="813.3404" />
									</PolyLine>
									<PolyLine LineColor="#FF000000">
										<Point X="566.25" Y="813.3404" />
										<Point X="28.5" Y="813.3404" />
									</PolyLine>
									<PolyLine LineColor="#FF000000">
										<Point X="28.5" Y="813.3404" />
										<Point X="28.5" Y="28.5" />
									</PolyLine>
								</PathFigure>
							</Path>
						</Clip>
					</Canvas>
					<Canvas>
						<Clip>
							<Path FillMode="Alternate">
								<PathFigure IsClosed="True">
									<PolyLine LineColor="#FF000000">
										<Point X="28.5" Y="28.5" />
										<Point X="566.25" Y="28.5" />
									</PolyLine>
									<PolyLine LineColor="#FF000000">
										<Point X="566.25" Y="28.5" />
										<Point X="566.25" Y="813.3404" />
									</PolyLine>
									<PolyLine LineColor="#FF000000">
										<Point X="566.25" Y="813.3404" />
										<Point X="28.5" Y="813.3404" />
									</PolyLine>
									<PolyLine LineColor="#FF000000">
										<Point X="28.5" Y="813.3404" />
										<Point X="28.5" Y="28.5" />
									</PolyLine>
								</PathFigure>
							</Path>
						</Clip>
						<Canvas>
							<Clip>
								<Path FillMode="Winding">
									<PathFigure IsClosed="False">
										<PolyLine LineColor="#FF000000">
											<Point X="51.179802" Y="537.6018" />
											<Point X="51.179802" Y="536.40814" />
										</PolyLine>
										<PolyLine LineColor="#FF000000">
											<Point X="51.179802" Y="536.40814" />
											<Point X="543.5702" Y="536.40814" />
										</PolyLine>
										<PolyLine LineColor="#FF000000">
											<Point X="543.5702" Y="536.40814" />
											<Point X="543.5702" Y="537.6018" />
										</PolyLine>
									</PathFigure>
								</Path>
							</Clip>
							<Path FillMode="Winding" RenderTransform="1 0 0 -1 0 842">
								<Brush>
									<SolidBrush Color="#FF005F7F" />
								</Brush>
								<PathFigure IsClosed="True">
									<PolyLine LineColor="#FF000000">
										<Point X="51.1798" Y="305.5918" />
										<Point X="52.373474" Y="305.5918" />
									</PolyLine>
									<PolyLine LineColor="#FF000000">
										<Point X="52.373474" Y="305.5918" />
										<Point X="52.373474" Y="304.39795" />
									</PolyLine>
									<PolyLine LineColor="#FF000000">
										<Point X="52.373474" Y="304.39795" />
										<Point X="51.1798" Y="304.39795" />
									</PolyLine>
								</PathFigure>
							</Path>
							<Path FillMode="Winding" RenderTransform="1 0 0 -1 0 842">
								<Brush>
									<SolidBrush Color="#FF005F7F" />
								</Brush>
								<PathFigure IsClosed="True">
									<PolyLine LineColor="#FF000000">
										<Point X="542.37646" Y="305.5918" />
										<Point X="543.5702" Y="305.5918" />
									</PolyLine>
									<PolyLine LineColor="#FF000000">
										<Point X="543.5702" Y="305.5918" />
										<Point X="543.5702" Y="304.39795" />
									</PolyLine>
									<PolyLine LineColor="#FF000000">
										<Point X="543.5702" Y="304.39795" />
										<Point X="542.37646" Y="304.39795" />
									</PolyLine>
								</PathFigure>
							</Path>
							<Path FillMode="Alternate" RenderTransform="1 0 0 -1 0 842">
								<Pen Alignment="Center" DashCap="Flat" DashOffset="0" DashPattern="1 1" DashStyle="Custom" EndCap="Flat" LineJoin="Miter" MiterLimit="10" StartCap="Flat" Width="1.1936736">
									<Brush>
										<SolidBrush Color="#FF005F7F" />
									</Brush>
								</Pen>
								<PathFigure IsClosed="False">
									<PolyLine LineColor="#FF000000">
										<Point X="52.373474" Y="304.99487" />
										<Point X="542.37646" Y="304.99487" />
									</PolyLine>
								</PathFigure>
							</Path>
						</Canvas>
					</Canvas>
					<Canvas>
						<Clip>
							<Path FillMode="Alternate">
								<PathFigure IsClosed="True">
									<PolyLine LineColor="#FF000000">
										<Point X="28.5" Y="28.5" />
										<Point X="566.25" Y="28.5" />
									</PolyLine>
									<PolyLine LineColor="#FF000000">
										<Point X="566.25" Y="28.5" />
										<Point X="566.25" Y="813.3404" />
									</PolyLine>
									<PolyLine LineColor="#FF000000">
										<Point X="566.25" Y="813.3404" />
										<Point X="28.5" Y="813.3404" />
									</PolyLine>
									<PolyLine LineColor="#FF000000">
										<Point X="28.5" Y="813.3404" />
										<Point X="28.5" Y="28.5" />
									</PolyLine>
								</PathFigure>
							</Path>
						</Clip>
						<Path FillMode="Winding" RenderTransform="1 0 0 -1 0 842">
							<Brush>
								<SolidBrush Color="#FF005D80" />
							</Brush>
							<PathFigure IsClosed="True">
								<PolyLine LineColor="#FF000000">
									<Point X="51.1798" Y="271.57202" />
									<Point X="543.5702" Y="271.57202" />
								</PolyLine>
								<PolyLine LineColor="#FF000000">
									<Point X="543.5702" Y="271.57202" />
									<Point X="543.5702" Y="251.27954" />
								</PolyLine>
								<PolyLine LineColor="#FF000000">
									<Point X="543.5702" Y="251.27954" />
									<Point X="51.1798" Y="251.27954" />
								</PolyLine>
							</PathFigure>
						</Path>
						<Path FillMode="Winding" RenderTransform="1 0 0 -1 0 842">
							<Brush>
								<SolidBrush Color="#FFFFFFFF" />
							</Brush>
							<PathFigure IsClosed="True">
								<PolyLine LineColor="#FF000000">
									<Point X="51.1798" Y="271.57202" />
									<Point X="51.776634" Y="271.57202" />
								</PolyLine>
								<PolyLine LineColor="#FF000000">
									<Point X="51.776634" Y="271.57202" />
									<Point X="51.776634" Y="251.27954" />
								</PolyLine>
								<PolyLine LineColor="#FF000000">
									<Point X="51.776634" Y="251.27954" />
									<Point X="51.1798" Y="251.27954" />
								</PolyLine>
							</PathFigure>
						</Path>
						<Path FillMode="Winding" RenderTransform="1 0 0 -1 0 842">
							<Brush>
								<SolidBrush Color="#FF6D6E71" />
							</Brush>
							<PathFigure IsClosed="True">
								<PolyLine LineColor="#FF000000">
									<Point X="188.45227" Y="813.4999" />
									<Point X="189.64594" Y="813.4999" />
								</PolyLine>
								<PolyLine LineColor="#FF000000">
									<Point X="189.64594" Y="813.4999" />
									<Point X="189.64594" Y="748.4447" />
								</PolyLine>
								<PolyLine LineColor="#FF000000">
									<Point X="189.64594" Y="748.4447" />
									<Point X="188.45227" Y="748.4447" />
								</PolyLine>
							</PathFigure>
						</Path>
						<Canvas RenderTransform="0.119973294 0 -0 0.1201181 51.179802 49.389282">
							<Image ResourceId="1">
								<Origin X="0" Y="0" />
								<Size Width="985" Height="318" />
							</Image>
						</Canvas>
						<Path FillMode="Winding" RenderTransform="1 0 0 -1 0 842">
							<Brush>
								<SolidBrush Color="#FF005F7F" />
							</Brush>
							<PathFigure IsClosed="True">
								<PolyLine LineColor="#FF000000">
									<Point X="203.37318" Y="792.6106" />
									<Point X="543.5702" Y="792.6106" />
								</PolyLine>
								<PolyLine LineColor="#FF000000">
									<Point X="543.5702" Y="792.6106" />
									<Point X="543.5702" Y="791.4169" />
								</PolyLine>
								<PolyLine LineColor="#FF000000">
									<Point X="543.5702" Y="791.4169" />
									<Point X="203.37318" Y="791.4169" />
								</PolyLine>
							</PathFigure>
						</Path>
						<Path FillMode="Winding" RenderTransform="1 0 0 -1 0 842">
							<Brush>
								<SolidBrush Color="#FF939598" />
							</Brush>
							<PathFigure IsClosed="True">
								<PolyLine LineColor="#FF000000">
									<Point X="362.13177" Y="790.22327" />
									<Point X="362.7286" Y="790.22327" />
								</PolyLine>
								<PolyLine LineColor="#FF000000">
									<Point X="362.7286" Y="790.22327" />
									<Point X="362.7286" Y="777.6897" />
								</PolyLine>
								<PolyLine LineColor="#FF000000">
									<Point X="362.7286" Y="777.6897" />
									<Point X="362.13177" Y="777.6897" />
								</PolyLine>
							</PathFigure>
						</Path>
					</Canvas>
					<Canvas>
						<Clip>
							<Path FillMode="Alternate">
								<PathFigure IsClosed="True">
									<PolyLine LineColor="#FF000000">
										<Point X="28.5" Y="28.5" />
										<Point X="566.25" Y="28.5" />
									</PolyLine>
									<PolyLine LineColor="#FF000000">
										<Point X="566.25" Y="28.5" />
										<Point X="566.25" Y="813.3404" />
									</PolyLine>
									<PolyLine LineColor="#FF000000">
										<Point X="566.25" Y="813.3404" />
										<Point X="28.5" Y="813.3404" />
									</PolyLine>
									<PolyLine LineColor="#FF000000">
										<Point X="28.5" Y="813.3404" />
										<Point X="28.5" Y="28.5" />
									</PolyLine>
								</PathFigure>
							</Path>
						</Clip>
						<Canvas>
							<Clip>
								<Path FillMode="Winding">
									<PathFigure IsClosed="False">
										<PolyLine LineColor="#FF000000">
											<Point X="204.56686" Y="65.50391" />
											<Point X="204.56686" Y="66.10071" />
										</PolyLine>
										<PolyLine LineColor="#FF000000">
											<Point X="204.56686" Y="66.10071" />
											<Point X="362.13177" Y="66.10071" />
										</PolyLine>
										<PolyLine LineColor="#FF000000">
											<Point X="362.13177" Y="66.10071" />
											<Point X="362.72864" Y="65.50391" />
										</PolyLine>
									</PathFigure>
								</Path>
							</Clip>
							<Path FillMode="Winding" RenderTransform="1 0 0 -1 0 842">
								<Brush>
									<SolidBrush Color="#FF6D6E71" />
								</Brush>
								<PathFigure IsClosed="True">
									<PolyLine LineColor="#FF000000">
										<Point X="204.56686" Y="776.496" />
										<Point X="205.1637" Y="776.496" />
									</PolyLine>
									<PolyLine LineColor="#FF000000">
										<Point X="205.1637" Y="776.496" />
										<Point X="205.1637" Y="775.8992" />
									</PolyLine>
									<PolyLine LineColor="#FF000000">
										<Point X="205.1637" Y="775.8992" />
										<Point X="204.56686" Y="775.8992" />
									</PolyLine>
								</PathFigure>
							</Path>
							<Path FillMode="Winding" RenderTransform="1 0 0 -1 0 842">
								<Brush>
									<SolidBrush Color="#FF6D6E71" />
								</Brush>
								<PathFigure IsClosed="True">
									<PolyLine LineColor="#FF000000">
										<Point X="362.13177" Y="776.496" />
										<Point X="362.7286" Y="776.496" />
									</PolyLine>
									<PolyLine LineColor="#FF000000">
										<Point X="362.7286" Y="776.496" />
										<Point X="362.7286" Y="775.8992" />
									</PolyLine>
									<PolyLine LineColor="#FF000000">
										<Point X="362.7286" Y="775.8992" />
										<Point X="362.13177" Y="775.8992" />
									</PolyLine>
								</PathFigure>
							</Path>
							<Path FillMode="Alternate" RenderTransform="1 0 0 -1 0 842">
								<Pen Alignment="Center" DashCap="Flat" DashOffset="0" DashPattern="0.5968368 0.5968368" DashStyle="Custom" EndCap="Flat" LineJoin="Miter" MiterLimit="10" StartCap="Flat" Width="0.5968368">
									<Brush>
										<SolidBrush Color="#FF6D6E71" />
									</Brush>
								</Pen>
								<PathFigure IsClosed="False">
									<PolyLine LineColor="#FF000000">
										<Point X="205.1637" Y="776.1975" />
										<Point X="362.13177" Y="776.1975" />
									</PolyLine>
								</PathFigure>
							</Path>
						</Canvas>
					</Canvas>
					<Canvas>
						<Clip>
							<Path FillMode="Alternate">
								<PathFigure IsClosed="True">
									<PolyLine LineColor="#FF000000">
										<Point X="28.5" Y="28.5" />
										<Point X="566.25" Y="28.5" />
									</PolyLine>
									<PolyLine LineColor="#FF000000">
										<Point X="566.25" Y="28.5" />
										<Point X="566.25" Y="813.3404" />
									</PolyLine>
									<PolyLine LineColor="#FF000000">
										<Point X="566.25" Y="813.3404" />
										<Point X="28.5" Y="813.3404" />
									</PolyLine>
									<PolyLine LineColor="#FF000000">
										<Point X="28.5" Y="813.3404" />
										<Point X="28.5" Y="28.5" />
									</PolyLine>
								</PathFigure>
							</Path>
						</Clip>
						<Path FillMode="Winding" RenderTransform="1 0 0 -1 0 842">
							<Brush>
								<SolidBrush Color="#FF939598" />
							</Brush>
							<PathFigure IsClosed="True">
								<PolyLine LineColor="#FF000000">
									<Point X="362.13177" Y="775.8993" />
									<Point X="362.13177" Y="763.9625" />
								</PolyLine>
								<PolyLine LineColor="#FF000000">
									<Point X="362.13177" Y="763.9625" />
									<Point X="362.72864" Y="763.9625" />
								</PolyLine>
								<PolyLine LineColor="#FF000000">
									<Point X="362.72864" Y="763.9625" />
									<Point X="362.72864" Y="776.4961" />
								</PolyLine>
								<PolyLine LineColor="#FF000000">
									<Point X="362.72864" Y="776.4961" />
									<Point X="362.13177" Y="775.8993" />
								</PolyLine>
							</PathFigure>
						</Path>
					</Canvas>
					<Canvas>
						<Clip>
							<Path FillMode="Alternate">
								<PathFigure IsClosed="True">
									<PolyLine LineColor="#FF000000">
										<Point X="28.5" Y="28.5" />
										<Point X="566.25" Y="28.5" />
									</PolyLine>
									<PolyLine LineColor="#FF000000">
										<Point X="566.25" Y="28.5" />
										<Point X="566.25" Y="813.3404" />
									</PolyLine>
									<PolyLine LineColor="#FF000000">
										<Point X="566.25" Y="813.3404" />
										<Point X="28.5" Y="813.3404" />
									</PolyLine>
									<PolyLine LineColor="#FF000000">
										<Point X="28.5" Y="813.3404" />
										<Point X="28.5" Y="28.5" />
									</PolyLine>
								</PathFigure>
							</Path>
						</Clip>
						<Canvas>
							<Clip>
								<Path FillMode="Winding">
									<PathFigure IsClosed="False">
										<PolyLine LineColor="#FF000000">
											<Point X="363.9223" Y="65.50391" />
											<Point X="363.9223" Y="66.10071" />
										</PolyLine>
										<PolyLine LineColor="#FF000000">
											<Point X="363.9223" Y="66.10071" />
											<Point X="542.3765" Y="66.10071" />
										</PolyLine>
										<PolyLine LineColor="#FF000000">
											<Point X="542.3765" Y="66.10071" />
											<Point X="542.3765" Y="65.50391" />
										</PolyLine>
									</PathFigure>
								</Path>
							</Clip>
							<Path FillMode="Winding" RenderTransform="1 0 0 -1 0 842">
								<Brush>
									<SolidBrush Color="#FF6D6E71" />
								</Brush>
								<PathFigure IsClosed="True">
									<PolyLine LineColor="#FF000000">
										<Point X="363.92227" Y="776.496" />
										<Point X="364.51913" Y="776.496" />
									</PolyLine>
									<PolyLine LineColor="#FF000000">
										<Point X="364.51913" Y="776.496" />
										<Point X="364.51913" Y="775.8992" />
									</PolyLine>
									<PolyLine LineColor="#FF000000">
										<Point X="364.51913" Y="775.8992" />
										<Point X="363.92227" Y="775.8992" />
									</PolyLine>
								</PathFigure>
							</Path>
							<Path FillMode="Winding" RenderTransform="1 0 0 -1 0 842">
								<Brush>
									<SolidBrush Color="#FF6D6E71" />
								</Brush>
								<PathFigure IsClosed="True">
									<PolyLine LineColor="#FF000000">
										<Point X="541.77966" Y="776.496" />
										<Point X="542.37646" Y="776.496" />
									</PolyLine>
									<PolyLine LineColor="#FF000000">
										<Point X="542.37646" Y="776.496" />
										<Point X="542.37646" Y="775.8992" />
									</PolyLine>
									<PolyLine LineColor="#FF000000">
										<Point X="542.37646" Y="775.8992" />
										<Point X="541.77966" Y="775.8992" />
									</PolyLine>
								</PathFigure>
							</Path>
							<Path FillMode="Alternate" RenderTransform="1 0 0 -1 0 842">
								<Pen Alignment="Center" DashCap="Flat" DashOffset="0" DashPattern="0.5968368 0.5968368" DashStyle="Custom" EndCap="Flat" LineJoin="Miter" MiterLimit="10" StartCap="Flat" Width="0.5968368">
									<Brush>
										<SolidBrush Color="#FF6D6E71" />
									</Brush>
								</Pen>
								<PathFigure IsClosed="False">
									<PolyLine LineColor="#FF000000">
										<Point X="364.51913" Y="776.1975" />
										<Point X="541.77966" Y="776.1975" />
									</PolyLine>
								</PathFigure>
							</Path>
						</Canvas>
					</Canvas>
					<Canvas>
						<Clip>
							<Path FillMode="Alternate">
								<PathFigure IsClosed="True">
									<PolyLine LineColor="#FF000000">
										<Point X="28.5" Y="28.5" />
										<Point X="566.25" Y="28.5" />
									</PolyLine>
									<PolyLine LineColor="#FF000000">
										<Point X="566.25" Y="28.5" />
										<Point X="566.25" Y="813.3404" />
									</PolyLine>
									<PolyLine LineColor="#FF000000">
										<Point X="566.25" Y="813.3404" />
										<Point X="28.5" Y="813.3404" />
									</PolyLine>
									<PolyLine LineColor="#FF000000">
										<Point X="28.5" Y="813.3404" />
										<Point X="28.5" Y="28.5" />
									</PolyLine>
								</PathFigure>
							</Path>
						</Clip>
					</Canvas>
					<Canvas>
						<Clip>
							<Path FillMode="Alternate">
								<PathFigure IsClosed="True">
									<PolyLine LineColor="#FF000000">
										<Point X="28.5" Y="28.5" />
										<Point X="566.25" Y="28.5" />
									</PolyLine>
									<PolyLine LineColor="#FF000000">
										<Point X="566.25" Y="28.5" />
										<Point X="566.25" Y="813.3404" />
									</PolyLine>
									<PolyLine LineColor="#FF000000">
										<Point X="566.25" Y="813.3404" />
										<Point X="28.5" Y="813.3404" />
									</PolyLine>
									<PolyLine LineColor="#FF000000">
										<Point X="28.5" Y="813.3404" />
										<Point X="28.5" Y="28.5" />
									</PolyLine>
								</PathFigure>
							</Path>
						</Clip>
						<Canvas>
							<Clip>
								<Path FillMode="Winding">
									<PathFigure IsClosed="False">
										<PolyLine LineColor="#FF000000">
											<Point X="204.56686" Y="79.23114" />
											<Point X="204.56686" Y="79.828" />
										</PolyLine>
										<PolyLine LineColor="#FF000000">
											<Point X="204.56686" Y="79.828" />
											<Point X="362.13177" Y="79.828" />
										</PolyLine>
										<PolyLine LineColor="#FF000000">
											<Point X="362.13177" Y="79.828" />
											<Point X="362.72864" Y="79.23114" />
										</PolyLine>
									</PathFigure>
								</Path>
							</Clip>
							<Path FillMode="Winding" RenderTransform="1 0 0 -1 0 842">
								<Brush>
									<SolidBrush Color="#FF6D6E71" />
								</Brush>
								<PathFigure IsClosed="True">
									<PolyLine LineColor="#FF000000">
										<Point X="204.56686" Y="762.7687" />
										<Point X="205.1637" Y="762.7687" />
									</PolyLine>
									<PolyLine LineColor="#FF000000">
										<Point X="205.1637" Y="762.7687" />
										<Point X="205.1637" Y="762.1719" />
									</PolyLine>
									<PolyLine LineColor="#FF000000">
										<Point X="205.1637" Y="762.1719" />
										<Point X="204.56686" Y="762.1719" />
									</PolyLine>
								</PathFigure>
							</Path>
							<Path FillMode="Winding" RenderTransform="1 0 0 -1 0 842">
								<Brush>
									<SolidBrush Color="#FF6D6E71" />
								</Brush>
								<PathFigure IsClosed="True">
									<PolyLine LineColor="#FF000000">
										<Point X="362.13177" Y="762.7687" />
										<Point X="362.7286" Y="762.7687" />
									</PolyLine>
									<PolyLine LineColor="#FF000000">
										<Point X="362.7286" Y="762.7687" />
										<Point X="362.7286" Y="762.1719" />
									</PolyLine>
									<PolyLine LineColor="#FF000000">
										<Point X="362.7286" Y="762.1719" />
										<Point X="362.13177" Y="762.1719" />
									</PolyLine>
								</PathFigure>
							</Path>
							<Path FillMode="Alternate" RenderTransform="1 0 0 -1 0 842">
								<Pen Alignment="Center" DashCap="Flat" DashOffset="0" DashPattern="0.5968368 0.5968368" DashStyle="Custom" EndCap="Flat" LineJoin="Miter" MiterLimit="10" StartCap="Flat" Width="0.5968368">
									<Brush>
										<SolidBrush Color="#FF6D6E71" />
									</Brush>
								</Pen>
								<PathFigure IsClosed="False">
									<PolyLine LineColor="#FF000000">
										<Point X="205.1637" Y="762.47034" />
										<Point X="362.13177" Y="762.47034" />
									</PolyLine>
								</PathFigure>
							</Path>
						</Canvas>
					</Canvas>
					<Canvas>
						<Clip>
							<Path FillMode="Alternate">
								<PathFigure IsClosed="True">
									<PolyLine LineColor="#FF000000">
										<Point X="28.5" Y="28.5" />
										<Point X="566.25" Y="28.5" />
									</PolyLine>
									<PolyLine LineColor="#FF000000">
										<Point X="566.25" Y="28.5" />
										<Point X="566.25" Y="813.3404" />
									</PolyLine>
									<PolyLine LineColor="#FF000000">
										<Point X="566.25" Y="813.3404" />
										<Point X="28.5" Y="813.3404" />
									</PolyLine>
									<PolyLine LineColor="#FF000000">
										<Point X="28.5" Y="813.3404" />
										<Point X="28.5" Y="28.5" />
									</PolyLine>
								</PathFigure>
							</Path>
						</Clip>
						<Path FillMode="Winding" RenderTransform="1 0 0 -1 0 842">
							<Brush>
								<SolidBrush Color="#FF939598" />
							</Brush>
							<PathFigure IsClosed="True">
								<PolyLine LineColor="#FF000000">
									<Point X="362.13177" Y="762.172" />
									<Point X="362.13177" Y="750.2353" />
								</PolyLine>
								<PolyLine LineColor="#FF000000">
									<Point X="362.13177" Y="750.2353" />
									<Point X="362.72864" Y="750.2353" />
								</PolyLine>
								<PolyLine LineColor="#FF000000">
									<Point X="362.72864" Y="750.2353" />
									<Point X="362.72864" Y="762.76886" />
								</PolyLine>
								<PolyLine LineColor="#FF000000">
									<Point X="362.72864" Y="762.76886" />
									<Point X="362.13177" Y="762.172" />
								</PolyLine>
							</PathFigure>
						</Path>
					</Canvas>
					<Canvas>
						<Clip>
							<Path FillMode="Alternate">
								<PathFigure IsClosed="True">
									<PolyLine LineColor="#FF000000">
										<Point X="28.5" Y="28.5" />
										<Point X="566.25" Y="28.5" />
									</PolyLine>
									<PolyLine LineColor="#FF000000">
										<Point X="566.25" Y="28.5" />
										<Point X="566.25" Y="813.3404" />
									</PolyLine>
									<PolyLine LineColor="#FF000000">
										<Point X="566.25" Y="813.3404" />
										<Point X="28.5" Y="813.3404" />
									</PolyLine>
									<PolyLine LineColor="#FF000000">
										<Point X="28.5" Y="813.3404" />
										<Point X="28.5" Y="28.5" />
									</PolyLine>
								</PathFigure>
							</Path>
						</Clip>
						<Canvas>
							<Clip>
								<Path FillMode="Winding">
									<PathFigure IsClosed="False">
										<PolyLine LineColor="#FF000000">
											<Point X="363.9223" Y="79.23114" />
											<Point X="363.9223" Y="79.828" />
										</PolyLine>
										<PolyLine LineColor="#FF000000">
											<Point X="363.9223" Y="79.828" />
											<Point X="542.3765" Y="79.828" />
										</PolyLine>
										<PolyLine LineColor="#FF000000">
											<Point X="542.3765" Y="79.828" />
											<Point X="542.3765" Y="79.23114" />
										</PolyLine>
									</PathFigure>
								</Path>
							</Clip>
							<Path FillMode="Winding" RenderTransform="1 0 0 -1 0 842">
								<Brush>
									<SolidBrush Color="#FF6D6E71" />
								</Brush>
								<PathFigure IsClosed="True">
									<PolyLine LineColor="#FF000000">
										<Point X="363.92227" Y="762.7687" />
										<Point X="364.51913" Y="762.7687" />
									</PolyLine>
									<PolyLine LineColor="#FF000000">
										<Point X="364.51913" Y="762.7687" />
										<Point X="364.51913" Y="762.1719" />
									</PolyLine>
									<PolyLine LineColor="#FF000000">
										<Point X="364.51913" Y="762.1719" />
										<Point X="363.92227" Y="762.1719" />
									</PolyLine>
								</PathFigure>
							</Path>
							<Path FillMode="Winding" RenderTransform="1 0 0 -1 0 842">
								<Brush>
									<SolidBrush Color="#FF6D6E71" />
								</Brush>
								<PathFigure IsClosed="True">
									<PolyLine LineColor="#FF000000">
										<Point X="541.77966" Y="762.7687" />
										<Point X="542.37646" Y="762.7687" />
									</PolyLine>
									<PolyLine LineColor="#FF000000">
										<Point X="542.37646" Y="762.7687" />
										<Point X="542.37646" Y="762.1719" />
									</PolyLine>
									<PolyLine LineColor="#FF000000">
										<Point X="542.37646" Y="762.1719" />
										<Point X="541.77966" Y="762.1719" />
									</PolyLine>
								</PathFigure>
							</Path>
							<Path FillMode="Alternate" RenderTransform="1 0 0 -1 0 842">
								<Pen Alignment="Center" DashCap="Flat" DashOffset="0" DashPattern="0.5968368 0.5968368" DashStyle="Custom" EndCap="Flat" LineJoin="Miter" MiterLimit="10" StartCap="Flat" Width="0.5968368">
									<Brush>
										<SolidBrush Color="#FF6D6E71" />
									</Brush>
								</Pen>
								<PathFigure IsClosed="False">
									<PolyLine LineColor="#FF000000">
										<Point X="364.51913" Y="762.47034" />
										<Point X="541.77966" Y="762.47034" />
									</PolyLine>
								</PathFigure>
							</Path>
						</Canvas>
					</Canvas>
					<Canvas>
						<Clip>
							<Path FillMode="Alternate">
								<PathFigure IsClosed="True">
									<PolyLine LineColor="#FF000000">
										<Point X="28.5" Y="28.5" />
										<Point X="566.25" Y="28.5" />
									</PolyLine>
									<PolyLine LineColor="#FF000000">
										<Point X="566.25" Y="28.5" />
										<Point X="566.25" Y="813.3404" />
									</PolyLine>
									<PolyLine LineColor="#FF000000">
										<Point X="566.25" Y="813.3404" />
										<Point X="28.5" Y="813.3404" />
									</PolyLine>
									<PolyLine LineColor="#FF000000">
										<Point X="28.5" Y="813.3404" />
										<Point X="28.5" Y="28.5" />
									</PolyLine>
								</PathFigure>
							</Path>
						</Clip>
						<Glyphs OutlineWidth="0.5" CharSpace="0" RenderTransform="0.5968368 0 -0 0.5968368 209.34155 60.72937">
							<Font SizePoints="15" Style="Regular" FamilyName="CSMVMI+BlissPro" Capitals="Normal" ResourceId="2" />
							<Origin X="0" Y="0" />
							<Text>Н</Text>
							<Size Width="10.365" Height="8.745116" />
							<Brush>
								<SolidBrush Color="#FF6D6E71" />
							</Brush>
							<Tag>convertedFont</Tag>
						</Glyphs>
						<Glyphs OutlineWidth="0.5" CharSpace="0" RenderTransform="0.5968368 0 -0 0.5968368 215.58037 60.72937">
							<Font SizePoints="15" Style="Regular" FamilyName="CSMVMI+BlissPro" Capitals="Normal" ResourceId="2" />
							<Origin X="0" Y="0" />
							<Text>о</Text>
							<Size Width="7.89" Height="8.745116" />
							<Brush>
								<SolidBrush Color="#FF6D6E71" />
							</Brush>
							<Tag>convertedFont</Tag>
						</Glyphs>
						<Glyphs OutlineWidth="0.5" CharSpace="0" RenderTransform="0.5968368 0 -0 0.5968368 220.31775 60.72937">
							<Font SizePoints="15" Style="Regular" FamilyName="CSMVMI+BlissPro" Capitals="Normal" ResourceId="2" />
							<Origin X="0" Y="0" />
							<Text>м</Text>
							<Size Width="8.97" Height="8.745116" />
							<Brush>
								<SolidBrush Color="#FF6D6E71" />
							</Brush>
							<Tag>convertedFont</Tag>
						</Glyphs>
						<Glyphs OutlineWidth="0.5" CharSpace="0" RenderTransform="0.5968368 0 -0 0.5968368 225.70793 60.72937">
							<Font SizePoints="15" Style="Regular" FamilyName="CSMVMI+BlissPro" Capitals="Normal" ResourceId="2" />
							<Origin X="0" Y="0" />
							<Text>е</Text>
							<Size Width="7.11" Height="8.745116" />
							<Brush>
								<SolidBrush Color="#FF6D6E71" />
							</Brush>
							<Tag>convertedFont</Tag>
						</Glyphs>
						<Glyphs OutlineWidth="0.5" CharSpace="0" RenderTransform="0.5968368 0 -0 0.5968368 229.97905 60.72937">
							<Font SizePoints="15" Style="Regular" FamilyName="CSMVMI+BlissPro" Capitals="Normal" ResourceId="2" />
							<Origin X="0" Y="0" />
							<Text>р</Text>
							<Size Width="7.65" Height="8.745116" />
							<Brush>
								<SolidBrush Color="#FF6D6E71" />
							</Brush>
							<Tag>convertedFont</Tag>
						</Glyphs>
						<Glyphs OutlineWidth="0.5" CharSpace="0" RenderTransform="0.5968368 0 -0 0.5968368 234.57655 60.72937">
							<Font SizePoints="15" Style="Regular" FamilyName="CSMVMI+BlissPro" Capitals="Normal" ResourceId="2" />
							<Origin X="0" Y="0" />
							<Text> </Text>
							<Size Width="3.315" Height="8.745116" />
							<Brush>
								<SolidBrush Color="#FF6D6E71" />
							</Brush>
							<Tag>convertedFont</Tag>
						</Glyphs>
						<Glyphs OutlineWidth="0.5" CharSpace="0" RenderTransform="0.5968368 0 -0 0.5968368 236.57224 60.72937">
							<Font SizePoints="15" Style="Regular" FamilyName="CSMVMI+BlissPro" Capitals="Normal" ResourceId="2" />
							<Origin X="0" Y="0" />
							<Text>к</Text>
							<Size Width="6.96" Height="8.745116" />
							<Brush>
								<SolidBrush Color="#FF6D6E71" />
							</Brush>
							<Tag>convertedFont</Tag>
						</Glyphs>
						<Glyphs OutlineWidth="0.5" CharSpace="0" RenderTransform="0.5968368 0 -0 0.5968368 240.75941 60.72937">
							<Font SizePoints="15" Style="Regular" FamilyName="CSMVMI+BlissPro" Capitals="Normal" ResourceId="2" />
							<Origin X="0" Y="0" />
							<Text>о</Text>
							<Size Width="7.89" Height="8.745116" />
							<Brush>
								<SolidBrush Color="#FF6D6E71" />
							</Brush>
							<Tag>convertedFont</Tag>
						</Glyphs>
						<Glyphs OutlineWidth="0.5" CharSpace="0" RenderTransform="0.5968368 0 -0 0.5968368 245.49681 60.72937">
							<Font SizePoints="15" Style="Regular" FamilyName="CSMVMI+BlissPro" Capitals="Normal" ResourceId="2" />
							<Origin X="0" Y="0" />
							<Text>м</Text>
							<Size Width="8.97" Height="8.745116" />
							<Brush>
								<SolidBrush Color="#FF6D6E71" />
							</Brush>
							<Tag>convertedFont</Tag>
						</Glyphs>
						<Glyphs OutlineWidth="0.5" CharSpace="0" RenderTransform="0.5968368 0 -0 0.5968368 250.887 60.72937">
							<Font SizePoints="15" Style="Regular" FamilyName="CSMVMI+BlissPro" Capitals="Normal" ResourceId="2" />
							<Origin X="0" Y="0" />
							<Text>м</Text>
							<Size Width="8.97" Height="8.745116" />
							<Brush>
								<SolidBrush Color="#FF6D6E71" />
							</Brush>
							<Tag>convertedFont</Tag>
						</Glyphs>
						<Glyphs OutlineWidth="0.5" CharSpace="0" RenderTransform="0.5968368 0 -0 0.5968368 256.27716 60.72937">
							<Font SizePoints="15" Style="Regular" FamilyName="CSMVMI+BlissPro" Capitals="Normal" ResourceId="2" />
							<Origin X="0" Y="0" />
							<Text>е</Text>
							<Size Width="7.11" Height="8.745116" />
							<Brush>
								<SolidBrush Color="#FF6D6E71" />
							</Brush>
							<Tag>convertedFont</Tag>
						</Glyphs>
						<Glyphs OutlineWidth="0.5" CharSpace="0" RenderTransform="0.5968368 0 -0 0.5968368 260.54828 60.72937">
							<Font SizePoints="15" Style="Regular" FamilyName="CSMVMI+BlissPro" Capitals="Normal" ResourceId="2" />
							<Origin X="0" Y="0" />
							<Text>р</Text>
							<Size Width="7.65" Height="8.745116" />
							<Brush>
								<SolidBrush Color="#FF6D6E71" />
							</Brush>
							<Tag>convertedFont</Tag>
						</Glyphs>
						<Glyphs OutlineWidth="0.5" CharSpace="0" RenderTransform="0.5968368 0 -0 0.5968368 265.1458 60.72937">
							<Font SizePoints="15" Style="Regular" FamilyName="CSMVMI+BlissPro" Capitals="Normal" ResourceId="2" />
							<Origin X="0" Y="0" />
							<Text>ч</Text>
							<Size Width="7.26" Height="8.745116" />
							<Brush>
								<SolidBrush Color="#FF6D6E71" />
							</Brush>
							<Tag>convertedFont</Tag>
						</Glyphs>
						<Glyphs OutlineWidth="0.5" CharSpace="0" RenderTransform="0.5968368 0 -0 0.5968368 269.51016 60.72937">
							<Font SizePoints="15" Style="Regular" FamilyName="CSMVMI+BlissPro" Capitals="Normal" ResourceId="2" />
							<Origin X="0" Y="0" />
							<Text>е</Text>
							<Size Width="7.11" Height="8.745116" />
							<Brush>
								<SolidBrush Color="#FF6D6E71" />
							</Brush>
							<Tag>convertedFont</Tag>
						</Glyphs>
						<Glyphs OutlineWidth="0.5" CharSpace="0" RenderTransform="0.5968368 0 -0 0.5968368 273.78128 60.72937">
							<Font SizePoints="15" Style="Regular" FamilyName="CSMVMI+BlissPro" Capitals="Normal" ResourceId="2" />
							<Origin X="0" Y="0" />
							<Text>с</Text>
							<Size Width="6.51" Height="8.745116" />
							<Brush>
								<SolidBrush Color="#FF6D6E71" />
							</Brush>
							<Tag>convertedFont</Tag>
						</Glyphs>
						<Glyphs OutlineWidth="0.5" CharSpace="0" RenderTransform="0.5968368 0 -0 0.5968368 277.6887 60.72937">
							<Font SizePoints="15" Style="Regular" FamilyName="CSMVMI+BlissPro" Capitals="Normal" ResourceId="2" />
							<Origin X="0" Y="0" />
							<Text>к</Text>
							<Size Width="6.96" Height="8.745116" />
							<Brush>
								<SolidBrush Color="#FF6D6E71" />
							</Brush>
							<Tag>convertedFont</Tag>
						</Glyphs>
						<Glyphs OutlineWidth="0.5" CharSpace="0" RenderTransform="0.5968368 0 -0 0.5968368 281.87585 60.72937">
							<Font SizePoints="15" Style="Regular" FamilyName="CSMVMI+BlissPro" Capitals="Normal" ResourceId="2" />
							<Origin X="0" Y="0" />
							<Text>о</Text>
							<Size Width="7.89" Height="8.745116" />
							<Brush>
								<SolidBrush Color="#FF6D6E71" />
							</Brush>
							<Tag>convertedFont</Tag>
						</Glyphs>
						<Glyphs OutlineWidth="0.5" CharSpace="0" RenderTransform="0.5968368 0 -0 0.5968368 286.61328 60.72937">
							<Font SizePoints="15" Style="Regular" FamilyName="CSMVMI+BlissPro" Capitals="Normal" ResourceId="2" />
							<Origin X="0" Y="0" />
							<Text>г</Text>
							<Size Width="5.94" Height="8.745116" />
							<Brush>
								<SolidBrush Color="#FF6D6E71" />
							</Brush>
							<Tag>convertedFont</Tag>
						</Glyphs>
						<Glyphs OutlineWidth="0.5" CharSpace="0" RenderTransform="0.5968368 0 -0 0.5968368 290.18497 60.72937">
							<Font SizePoints="15" Style="Regular" FamilyName="CSMVMI+BlissPro" Capitals="Normal" ResourceId="2" />
							<Origin X="0" Y="0" />
							<Text>о</Text>
							<Size Width="7.89" Height="8.745116" />
							<Brush>
								<SolidBrush Color="#FF6D6E71" />
							</Brush>
							<Tag>convertedFont</Tag>
						</Glyphs>
						<Glyphs OutlineWidth="0.5" CharSpace="0" RenderTransform="0.5968368 0 -0 0.5968368 294.92236 60.72937">
							<Font SizePoints="15" Style="Regular" FamilyName="CSMVMI+BlissPro" Capitals="Normal" ResourceId="2" />
							<Origin X="0" Y="0" />
							<Text> </Text>
							<Size Width="3.315" Height="8.745116" />
							<Brush>
								<SolidBrush Color="#FF6D6E71" />
							</Brush>
							<Tag>convertedFont</Tag>
						</Glyphs>
						<Glyphs OutlineWidth="0.5" CharSpace="0" RenderTransform="0.5968368 0 -0 0.5968368 296.91803 60.72937">
							<Font SizePoints="15" Style="Regular" FamilyName="CSMVMI+BlissPro" Capitals="Normal" ResourceId="2" />
							<Origin X="0" Y="0" />
							<Text>п</Text>
							<Size Width="7.695" Height="8.745116" />
							<Brush>
								<SolidBrush Color="#FF6D6E71" />
							</Brush>
							<Tag>convertedFont</Tag>
						</Glyphs>
						<Glyphs OutlineWidth="0.5" CharSpace="0" RenderTransform="0.5968368 0 -0 0.5968368 301.54352 60.72937">
							<Font SizePoints="15" Style="Regular" FamilyName="CSMVMI+BlissPro" Capitals="Normal" ResourceId="2" />
							<Origin X="0" Y="0" />
							<Text>р</Text>
							<Size Width="7.65" Height="8.745116" />
							<Brush>
								<SolidBrush Color="#FF6D6E71" />
							</Brush>
							<Tag>convertedFont</Tag>
						</Glyphs>
						<Glyphs OutlineWidth="0.5" CharSpace="0" RenderTransform="0.5968368 0 -0 0.5968368 306.14102 60.72937">
							<Font SizePoints="15" Style="Regular" FamilyName="CSMVMI+BlissPro" Capitals="Normal" ResourceId="2" />
							<Origin X="0" Y="0" />
							<Text>е</Text>
							<Size Width="7.11" Height="8.745116" />
							<Brush>
								<SolidBrush Color="#FF6D6E71" />
							</Brush>
							<Tag>convertedFont</Tag>
						</Glyphs>
						<Glyphs OutlineWidth="0.5" CharSpace="0" RenderTransform="0.5968368 0 -0 0.5968368 310.41214 60.72937">
							<Font SizePoints="15" Style="Regular" FamilyName="CSMVMI+BlissPro" Capitals="Normal" ResourceId="2" />
							<Origin X="0" Y="0" />
							<Text>д</Text>
							<Size Width="8.145" Height="8.745116" />
							<Brush>
								<SolidBrush Color="#FF6D6E71" />
							</Brush>
							<Tag>convertedFont</Tag>
						</Glyphs>
						<Glyphs OutlineWidth="0.5" CharSpace="0" RenderTransform="0.5968368 0 -0 0.5968368 315.30807 60.72937">
							<Font SizePoints="15" Style="Regular" FamilyName="CSMVMI+BlissPro" Capitals="Normal" ResourceId="2" />
							<Origin X="0" Y="0" />
							<Text>л</Text>
							<Size Width="7.545" Height="8.745116" />
							<Brush>
								<SolidBrush Color="#FF6D6E71" />
							</Brush>
							<Tag>convertedFont</Tag>
						</Glyphs>
						<Glyphs OutlineWidth="0.5" CharSpace="0" RenderTransform="0.5968368 0 -0 0.5968368 319.8403 60.72937">
							<Font SizePoints="15" Style="Regular" FamilyName="CSMVMI+BlissPro" Capitals="Normal" ResourceId="2" />
							<Origin X="0" Y="0" />
							<Text>о</Text>
							<Size Width="7.89" Height="8.745116" />
							<Brush>
								<SolidBrush Color="#FF6D6E71" />
							</Brush>
							<Tag>convertedFont</Tag>
						</Glyphs>
						<Glyphs OutlineWidth="0.5" CharSpace="0" RenderTransform="0.5968368 0 -0 0.5968368 324.5777 60.72937">
							<Font SizePoints="15" Style="Regular" FamilyName="CSMVMI+BlissPro" Capitals="Normal" ResourceId="2" />
							<Origin X="0" Y="0" />
							<Text>ж</Text>
							<Size Width="10.32" Height="8.745116" />
							<Brush>
								<SolidBrush Color="#FF6D6E71" />
							</Brush>
							<Tag>convertedFont</Tag>
						</Glyphs>
						<Glyphs OutlineWidth="0.5" CharSpace="0" RenderTransform="0.5968368 0 -0 0.5968368 330.7885 60.72937">
							<Font SizePoints="15" Style="Regular" FamilyName="CSMVMI+BlissPro" Capitals="Normal" ResourceId="2" />
							<Origin X="0" Y="0" />
							<Text>е</Text>
							<Size Width="7.11" Height="8.745116" />
							<Brush>
								<SolidBrush Color="#FF6D6E71" />
							</Brush>
							<Tag>convertedFont</Tag>
						</Glyphs>
						<Glyphs OutlineWidth="0.5" CharSpace="0" RenderTransform="0.5968368 0 -0 0.5968368 335.05963 60.72937">
							<Font SizePoints="15" Style="Regular" FamilyName="CSMVMI+BlissPro" Capitals="Normal" ResourceId="2" />
							<Origin X="0" Y="0" />
							<Text>н</Text>
							<Size Width="7.785" Height="8.745116" />
							<Brush>
								<SolidBrush Color="#FF6D6E71" />
							</Brush>
							<Tag>convertedFont</Tag>
						</Glyphs>
						<Glyphs OutlineWidth="0.5" CharSpace="0" RenderTransform="0.5968368 0 -0 0.5968368 339.74106 60.72937">
							<Font SizePoints="15" Style="Regular" FamilyName="CSMVMI+BlissPro" Capitals="Normal" ResourceId="2" />
							<Origin X="0" Y="0" />
							<Text>и</Text>
							<Size Width="8.055" Height="8.745116" />
							<Brush>
								<SolidBrush Color="#FF6D6E71" />
							</Brush>
							<Tag>convertedFont</Tag>
						</Glyphs>
						<Glyphs OutlineWidth="0.5" CharSpace="0" RenderTransform="0.5968368 0 -0 0.5968368 344.58105 60.72937">
							<Font SizePoints="15" Style="Regular" FamilyName="CSMVMI+BlissPro" Capitals="Normal" ResourceId="2" />
							<Origin X="0" Y="0" />
							<Text>я</Text>
							<Size Width="7.155" Height="8.745116" />
							<Brush>
								<SolidBrush Color="#FF6D6E71" />
							</Brush>
							<Tag>convertedFont</Tag>
						</Glyphs>
						<Glyphs OutlineWidth="0.5" CharSpace="0" RenderTransform="0.5968368 0 -0 0.5968368 368.697 60.72937">
							<Font SizePoints="15" Style="Regular" FamilyName="CSMVMI+BlissPro" Capitals="Normal" ResourceId="2" />
							<Origin X="0" Y="0" />
							<Text>N</Text>
							<Size Width="10.815" Height="8.745116" />
							<Brush>
								<SolidBrush Color="#FF000000" />
							</Brush>
							<Tag>convertedFont</Tag>
						</Glyphs>
						<Glyphs OutlineWidth="0.5" CharSpace="0" RenderTransform="0.5968368 0 -0 0.5968368 375.1969 60.72937">
							<Font SizePoints="15" Style="Regular" FamilyName="CSMVMI+BlissPro" Capitals="Normal" ResourceId="2" />
							<Origin X="0" Y="0" />
							<Text>D</Text>
							<Size Width="9.87" Height="8.745116" />
							<Brush>
								<SolidBrush Color="#FF000000" />
							</Brush>
							<Tag>convertedFont</Tag>
						</Glyphs>
						<Glyphs OutlineWidth="0.5" CharSpace="0" RenderTransform="0.5968368 0 -0 0.5968368 381.12796 60.72937">
							<Font SizePoints="15" Style="Regular" FamilyName="CSMVMI+BlissPro" Capitals="Normal" ResourceId="2" />
							<Origin X="0" Y="0" />
							<Text>2</Text>
							<Size Width="7.665" Height="8.745116" />
							<Brush>
								<SolidBrush Color="#FF000000" />
							</Brush>
							<Tag>convertedFont</Tag>
						</Glyphs>
						<Glyphs OutlineWidth="0.5" CharSpace="0" RenderTransform="0.5968368 0 -0 0.5968368 385.7348 60.72937">
							<Font SizePoints="15" Style="Regular" FamilyName="CSMVMI+BlissPro" Capitals="Normal" ResourceId="2" />
							<Origin X="0" Y="0" />
							<Text>3</Text>
							<Size Width="7.98" Height="8.745116" />
							<Brush>
								<SolidBrush Color="#FF000000" />
							</Brush>
							<Tag>convertedFont</Tag>
						</Glyphs>
						<Glyphs OutlineWidth="0.5" CharSpace="0" RenderTransform="0.5968368 0 -0 0.5968368 390.52814 60.72937">
							<Font SizePoints="15" Style="Regular" FamilyName="CSMVMI+BlissPro" Capitals="Normal" ResourceId="2" />
							<Origin X="0" Y="0" />
							<Text>-</Text>
							<Size Width="5.34" Height="8.745116" />
							<Brush>
								<SolidBrush Color="#FF000000" />
							</Brush>
							<Tag>convertedFont</Tag>
						</Glyphs>
						<Glyphs OutlineWidth="0.5" CharSpace="0" RenderTransform="0.5968368 0 -0 0.5968368 393.73615 60.72937">
							<Font SizePoints="15" Style="Regular" FamilyName="CSMVMI+BlissPro" Capitals="Normal" ResourceId="2" />
							<Origin X="0" Y="0" />
							<Text>1</Text>
							<Size Width="6.27" Height="8.745116" />
							<Brush>
								<SolidBrush Color="#FF000000" />
							</Brush>
							<Tag>convertedFont</Tag>
						</Glyphs>
						<Glyphs OutlineWidth="0.5" CharSpace="0" RenderTransform="0.5968368 0 -0 0.5968368 397.5037 60.72937">
							<Font SizePoints="15" Style="Regular" FamilyName="CSMVMI+BlissPro" Capitals="Normal" ResourceId="2" />
							<Origin X="0" Y="0" />
							<Text>1</Text>
							<Size Width="6.27" Height="8.745116" />
							<Brush>
								<SolidBrush Color="#FF000000" />
							</Brush>
							<Tag>convertedFont</Tag>
						</Glyphs>
						<Glyphs OutlineWidth="0.5" CharSpace="0" RenderTransform="0.5968368 0 -0 0.5968368 401.2712 60.72937">
							<Font SizePoints="15" Style="Regular" FamilyName="CSMVMI+BlissPro" Capitals="Normal" ResourceId="2" />
							<Origin X="0" Y="0" />
							<Text>1</Text>
							<Size Width="6.27" Height="8.745116" />
							<Brush>
								<SolidBrush Color="#FF000000" />
							</Brush>
							<Tag>convertedFont</Tag>
						</Glyphs>
						<Glyphs OutlineWidth="0.5" CharSpace="0" RenderTransform="0.5968368 0 -0 0.5968368 405.03876 60.72937">
							<Font SizePoints="15" Style="Regular" FamilyName="CSMVMI+BlissPro" Capitals="Normal" ResourceId="2" />
							<Origin X="0" Y="0" />
							<Text>7</Text>
							<Size Width="7.11" Height="8.745116" />
							<Brush>
								<SolidBrush Color="#FF000000" />
							</Brush>
							<Tag>convertedFont</Tag>
						</Glyphs>
						<Glyphs OutlineWidth="0.5" CharSpace="0" RenderTransform="0.5968368 0 -0 0.5968368 409.30984 60.72937">
							<Font SizePoints="15" Style="Regular" FamilyName="CSMVMI+BlissPro" Capitals="Normal" ResourceId="2" />
							<Origin X="0" Y="0" />
							<Text>9</Text>
							<Size Width="8.01" Height="8.745116" />
							<Brush>
								<SolidBrush Color="#FF000000" />
							</Brush>
							<Tag>convertedFont</Tag>
						</Glyphs>
						<Glyphs OutlineWidth="0.5" CharSpace="0" RenderTransform="0.5968368 0 -0 0.5968368 414.12186 60.72937">
							<Font SizePoints="15" Style="Regular" FamilyName="CSMVMI+BlissPro" Capitals="Normal" ResourceId="2" />
							<Origin X="0" Y="0" />
							<Text>2</Text>
							<Size Width="7.665" Height="8.745116" />
							<Brush>
								<SolidBrush Color="#FF000000" />
							</Brush>
							<Tag>convertedFont</Tag>
						</Glyphs>
						<Glyphs OutlineWidth="0.5" CharSpace="0" RenderTransform="0.5968368 0 -0 0.5968368 418.7287 60.72937">
							<Font SizePoints="15" Style="Regular" FamilyName="CSMVMI+BlissPro" Capitals="Normal" ResourceId="2" />
							<Origin X="0" Y="0" />
							<Text>/</Text>
							<Size Width="5.46" Height="8.745116" />
							<Brush>
								<SolidBrush Color="#FF000000" />
							</Brush>
							<Tag>convertedFont</Tag>
						</Glyphs>
						<Glyphs OutlineWidth="0.5" CharSpace="0" RenderTransform="0.5968368 0 -0 0.5968368 422.0113 60.72937">
							<Font SizePoints="15" Style="Regular" FamilyName="CSMVMI+BlissPro" Capitals="Normal" ResourceId="2" />
							<Origin X="0" Y="0" />
							<Text>1</Text>
							<Size Width="6.27" Height="8.745116" />
							<Brush>
								<SolidBrush Color="#FF000000" />
							</Brush>
							<Tag>convertedFont</Tag>
						</Glyphs>
						<Glyphs OutlineWidth="0.5" CharSpace="0" RenderTransform="0.5968368 0 -0 0.5968368 209.34155 75.053345">
							<Font SizePoints="15" Style="Regular" FamilyName="CSMVMI+BlissPro" Capitals="Normal" ResourceId="2" />
							<Origin X="0" Y="0" />
							<Text>Н</Text>
							<Size Width="10.365" Height="8.745116" />
							<Brush>
								<SolidBrush Color="#FF6D6E71" />
							</Brush>
							<Tag>convertedFont</Tag>
						</Glyphs>
						<Glyphs OutlineWidth="0.5" CharSpace="0" RenderTransform="0.5968368 0 -0 0.5968368 215.58037 75.053345">
							<Font SizePoints="15" Style="Regular" FamilyName="CSMVMI+BlissPro" Capitals="Normal" ResourceId="2" />
							<Origin X="0" Y="0" />
							<Text>а</Text>
							<Size Width="7.08" Height="8.745116" />
							<Brush>
								<SolidBrush Color="#FF6D6E71" />
							</Brush>
							<Tag>convertedFont</Tag>
						</Glyphs>
						<Glyphs OutlineWidth="0.5" CharSpace="0" RenderTransform="0.5968368 0 -0 0.5968368 219.83282 75.053345">
							<Font SizePoints="15" Style="Regular" FamilyName="CSMVMI+BlissPro" Capitals="Normal" ResourceId="2" />
							<Origin X="0" Y="0" />
							<Text>и</Text>
							<Size Width="8.055" Height="8.745116" />
							<Brush>
								<SolidBrush Color="#FF6D6E71" />
							</Brush>
							<Tag>convertedFont</Tag>
						</Glyphs>
						<Glyphs OutlineWidth="0.5" CharSpace="0" RenderTransform="0.5968368 0 -0 0.5968368 224.67279 75.053345">
							<Font SizePoints="15" Style="Regular" FamilyName="CSMVMI+BlissPro" Capitals="Normal" ResourceId="2" />
							<Origin X="0" Y="0" />
							<Text>м</Text>
							<Size Width="8.97" Height="8.745116" />
							<Brush>
								<SolidBrush Color="#FF6D6E71" />
							</Brush>
							<Tag>convertedFont</Tag>
						</Glyphs>
						<Glyphs OutlineWidth="0.5" CharSpace="0" RenderTransform="0.5968368 0 -0 0.5968368 230.06297 75.053345">
							<Font SizePoints="15" Style="Regular" FamilyName="CSMVMI+BlissPro" Capitals="Normal" ResourceId="2" />
							<Origin X="0" Y="0" />
							<Text>е</Text>
							<Size Width="7.11" Height="8.745116" />
							<Brush>
								<SolidBrush Color="#FF6D6E71" />
							</Brush>
							<Tag>convertedFont</Tag>
						</Glyphs>
						<Glyphs OutlineWidth="0.5" CharSpace="0" RenderTransform="0.5968368 0 -0 0.5968368 234.33409 75.053345">
							<Font SizePoints="15" Style="Regular" FamilyName="CSMVMI+BlissPro" Capitals="Normal" ResourceId="2" />
							<Origin X="0" Y="0" />
							<Text>н</Text>
							<Size Width="7.785" Height="8.745116" />
							<Brush>
								<SolidBrush Color="#FF6D6E71" />
							</Brush>
							<Tag>convertedFont</Tag>
						</Glyphs>
						<Glyphs OutlineWidth="0.5" CharSpace="0" RenderTransform="0.5968368 0 -0 0.5968368 239.01553 75.053345">
							<Font SizePoints="15" Style="Regular" FamilyName="CSMVMI+BlissPro" Capitals="Normal" ResourceId="2" />
							<Origin X="0" Y="0" />
							<Text>о</Text>
							<Size Width="7.89" Height="8.745116" />
							<Brush>
								<SolidBrush Color="#FF6D6E71" />
							</Brush>
							<Tag>convertedFont</Tag>
						</Glyphs>
						<Glyphs OutlineWidth="0.5" CharSpace="0" RenderTransform="0.5968368 0 -0 0.5968368 243.75293 75.053345">
							<Font SizePoints="15" Style="Regular" FamilyName="CSMVMI+BlissPro" Capitals="Normal" ResourceId="2" />
							<Origin X="0" Y="0" />
							<Text>в</Text>
							<Size Width="7.005" Height="8.745116" />
							<Brush>
								<SolidBrush Color="#FF6D6E71" />
							</Brush>
							<Tag>convertedFont</Tag>
						</Glyphs>
						<Glyphs OutlineWidth="0.5" CharSpace="0" RenderTransform="0.5968368 0 -0 0.5968368 247.96808 75.053345">
							<Font SizePoints="15" Style="Regular" FamilyName="CSMVMI+BlissPro" Capitals="Normal" ResourceId="2" />
							<Origin X="0" Y="0" />
							<Text>а</Text>
							<Size Width="7.08" Height="8.745116" />
							<Brush>
								<SolidBrush Color="#FF6D6E71" />
							</Brush>
							<Tag>convertedFont</Tag>
						</Glyphs>
						<Glyphs OutlineWidth="0.5" CharSpace="0" RenderTransform="0.5968368 0 -0 0.5968368 252.22055 75.053345">
							<Font SizePoints="15" Style="Regular" FamilyName="CSMVMI+BlissPro" Capitals="Normal" ResourceId="2" />
							<Origin X="0" Y="0" />
							<Text>н</Text>
							<Size Width="7.785" Height="8.745116" />
							<Brush>
								<SolidBrush Color="#FF6D6E71" />
							</Brush>
							<Tag>convertedFont</Tag>
						</Glyphs>
						<Glyphs OutlineWidth="0.5" CharSpace="0" RenderTransform="0.5968368 0 -0 0.5968368 256.90198 75.053345">
							<Font SizePoints="15" Style="Regular" FamilyName="CSMVMI+BlissPro" Capitals="Normal" ResourceId="2" />
							<Origin X="0" Y="0" />
							<Text>и</Text>
							<Size Width="8.055" Height="8.745116" />
							<Brush>
								<SolidBrush Color="#FF6D6E71" />
							</Brush>
							<Tag>convertedFont</Tag>
						</Glyphs>
						<Glyphs OutlineWidth="0.5" CharSpace="0" RenderTransform="0.5968368 0 -0 0.5968368 261.74194 75.053345">
							<Font SizePoints="15" Style="Regular" FamilyName="CSMVMI+BlissPro" Capitals="Normal" ResourceId="2" />
							<Origin X="0" Y="0" />
							<Text>е</Text>
							<Size Width="7.11" Height="8.745116" />
							<Brush>
								<SolidBrush Color="#FF6D6E71" />
							</Brush>
							<Tag>convertedFont</Tag>
						</Glyphs>
						<Glyphs OutlineWidth="0.5" CharSpace="0" RenderTransform="0.5968368 0 -0 0.5968368 266.01306 75.053345">
							<Font SizePoints="15" Style="Regular" FamilyName="CSMVMI+BlissPro" Capitals="Normal" ResourceId="2" />
							<Origin X="0" Y="0" />
							<Text> </Text>
							<Size Width="3.315" Height="8.745116" />
							<Brush>
								<SolidBrush Color="#FF6D6E71" />
							</Brush>
							<Tag>convertedFont</Tag>
						</Glyphs>
						<Glyphs OutlineWidth="0.5" CharSpace="0" RenderTransform="0.5968368 0 -0 0.5968368 268.00873 75.053345">
							<Font SizePoints="15" Style="Regular" FamilyName="CSMVMI+BlissPro" Capitals="Normal" ResourceId="2" />
							<Origin X="0" Y="0" />
							<Text>у</Text>
							<Size Width="7.26" Height="8.745116" />
							<Brush>
								<SolidBrush Color="#FF6D6E71" />
							</Brush>
							<Tag>convertedFont</Tag>
						</Glyphs>
						<Glyphs OutlineWidth="0.5" CharSpace="0" RenderTransform="0.5968368 0 -0 0.5968368 272.3731 75.053345">
							<Font SizePoints="15" Style="Regular" FamilyName="CSMVMI+BlissPro" Capitals="Normal" ResourceId="2" />
							<Origin X="0" Y="0" />
							<Text>с</Text>
							<Size Width="6.51" Height="8.745116" />
							<Brush>
								<SolidBrush Color="#FF6D6E71" />
							</Brush>
							<Tag>convertedFont</Tag>
						</Glyphs>
						<Glyphs OutlineWidth="0.5" CharSpace="0" RenderTransform="0.5968368 0 -0 0.5968368 276.28052 75.053345">
							<Font SizePoints="15" Style="Regular" FamilyName="CSMVMI+BlissPro" Capitals="Normal" ResourceId="2" />
							<Origin X="0" Y="0" />
							<Text>т</Text>
							<Size Width="6.615" Height="8.745116" />
							<Brush>
								<SolidBrush Color="#FF6D6E71" />
							</Brush>
							<Tag>convertedFont</Tag>
						</Glyphs>
						<Glyphs OutlineWidth="0.5" CharSpace="0" RenderTransform="0.5968368 0 -0 0.5968368 280.26257 75.053345">
							<Font SizePoints="15" Style="Regular" FamilyName="CSMVMI+BlissPro" Capitals="Normal" ResourceId="2" />
							<Origin X="0" Y="0" />
							<Text>а</Text>
							<Size Width="7.08" Height="8.745116" />
							<Brush>
								<SolidBrush Color="#FF6D6E71" />
							</Brush>
							<Tag>convertedFont</Tag>
						</Glyphs>
						<Glyphs OutlineWidth="0.5" CharSpace="0" RenderTransform="0.5968368 0 -0 0.5968368 284.515 75.053345">
							<Font SizePoints="15" Style="Regular" FamilyName="CSMVMI+BlissPro" Capitals="Normal" ResourceId="2" />
							<Origin X="0" Y="0" />
							<Text>н</Text>
							<Size Width="7.785" Height="8.745116" />
							<Brush>
								<SolidBrush Color="#FF6D6E71" />
							</Brush>
							<Tag>convertedFont</Tag>
						</Glyphs>
						<Glyphs OutlineWidth="0.5" CharSpace="0" RenderTransform="0.5968368 0 -0 0.5968368 289.19644 75.053345">
							<Font SizePoints="15" Style="Regular" FamilyName="CSMVMI+BlissPro" Capitals="Normal" ResourceId="2" />
							<Origin X="0" Y="0" />
							<Text>о</Text>
							<Size Width="7.89" Height="8.745116" />
							<Brush>
								<SolidBrush Color="#FF6D6E71" />
							</Brush>
							<Tag>convertedFont</Tag>
						</Glyphs>
						<Glyphs OutlineWidth="0.5" CharSpace="0" RenderTransform="0.5968368 0 -0 0.5968368 293.93384 75.053345">
							<Font SizePoints="15" Style="Regular" FamilyName="CSMVMI+BlissPro" Capitals="Normal" ResourceId="2" />
							<Origin X="0" Y="0" />
							<Text>в</Text>
							<Size Width="7.005" Height="8.745116" />
							<Brush>
								<SolidBrush Color="#FF6D6E71" />
							</Brush>
							<Tag>convertedFont</Tag>
						</Glyphs>
						<Glyphs OutlineWidth="0.5" CharSpace="0" RenderTransform="0.5968368 0 -0 0.5968368 298.14902 75.053345">
							<Font SizePoints="15" Style="Regular" FamilyName="CSMVMI+BlissPro" Capitals="Normal" ResourceId="2" />
							<Origin X="0" Y="0" />
							<Text>к</Text>
							<Size Width="6.96" Height="8.745116" />
							<Brush>
								<SolidBrush Color="#FF6D6E71" />
							</Brush>
							<Tag>convertedFont</Tag>
						</Glyphs>
						<Glyphs OutlineWidth="0.5" CharSpace="0" RenderTransform="0.5968368 0 -0 0.5968368 302.33618 75.053345">
							<Font SizePoints="15" Style="Regular" FamilyName="CSMVMI+BlissPro" Capitals="Normal" ResourceId="2" />
							<Origin X="0" Y="0" />
							<Text>и</Text>
							<Size Width="8.055" Height="8.745116" />
							<Brush>
								<SolidBrush Color="#FF6D6E71" />
							</Brush>
							<Tag>convertedFont</Tag>
						</Glyphs>
						<Glyphs OutlineWidth="0.5" CharSpace="0" RenderTransform="0.5968368 0 -0 0.5968368 368.697 75.053345">
							<Font SizePoints="15" Style="Bold" FamilyName="HPDHEV+BlissPro-Bold" Capitals="Normal" ResourceId="3" />
							<Origin X="0" Y="0" />
							<Text>П</Text>
							<Size Width="10.245" Height="8.745116" />
							<Brush>
								<SolidBrush Color="#FF005F7F" />
							</Brush>
							<Tag>convertedFont</Tag>
						</Glyphs>
						<Glyphs OutlineWidth="0.5" CharSpace="0" RenderTransform="0.5968368 0 -0 0.5968368 374.86118 75.053345">
							<Font SizePoints="15" Style="Bold" FamilyName="HPDHEV+BlissPro-Bold" Capitals="Normal" ResourceId="3" />
							<Origin X="0" Y="0" />
							<Text>2</Text>
							<Size Width="7.995" Height="8.745116" />
							<Brush>
								<SolidBrush Color="#FF005F7F" />
							</Brush>
							<Tag>convertedFont</Tag>
						</Glyphs>
						<Glyphs OutlineWidth="0.5" CharSpace="0" RenderTransform="0.5968368 0 -0 0.5968368 379.66385 75.053345">
							<Font SizePoints="15" Style="Bold" FamilyName="HPDHEV+BlissPro-Bold" Capitals="Normal" ResourceId="3" />
							<Origin X="0" Y="0" />
							<Text>.</Text>
							<Size Width="3.915" Height="8.745116" />
							<Brush>
								<SolidBrush Color="#FF005F7F" />
							</Brush>
							<Tag>convertedFont</Tag>
						</Glyphs>
						<Glyphs OutlineWidth="0.5" CharSpace="0" RenderTransform="0.5968368 0 -0 0.5968368 382.0139 75.053345">
							<Font SizePoints="15" Style="Bold" FamilyName="HPDHEV+BlissPro-Bold" Capitals="Normal" ResourceId="3" />
							<Origin X="0" Y="0" />
							<Text>0</Text>
							<Size Width="8.505" Height="8.745116" />
							<Brush>
								<SolidBrush Color="#FF005F7F" />
							</Brush>
							<Tag>convertedFont</Tag>
						</Glyphs>
						<Glyphs OutlineWidth="0.5" CharSpace="0" RenderTransform="0.5968368 0 -0 0.5968368 387.13364 75.053345">
							<Font SizePoints="15" Style="Bold" FamilyName="HPDHEV+BlissPro-Bold" Capitals="Normal" ResourceId="3" />
							<Origin X="0" Y="0" />
							<Text>2</Text>
							<Size Width="7.995" Height="8.745116" />
							<Brush>
								<SolidBrush Color="#FF005F7F" />
							</Brush>
							<Tag>convertedFont</Tag>
						</Glyphs>
						<Glyphs OutlineWidth="0.5" CharSpace="0" RenderTransform="0.5968368 0 -0 0.5968368 391.9363 75.053345">
							<Font SizePoints="15" Style="Bold" FamilyName="HPDHEV+BlissPro-Bold" Capitals="Normal" ResourceId="3" />
							<Origin X="0" Y="0" />
							<Text>.</Text>
							<Size Width="3.915" Height="8.745116" />
							<Brush>
								<SolidBrush Color="#FF005F7F" />
							</Brush>
							<Tag>convertedFont</Tag>
						</Glyphs>
						<Glyphs OutlineWidth="0.5" CharSpace="0" RenderTransform="0.5968368 0 -0 0.5968368 394.28635 75.053345">
							<Font SizePoints="15" Style="Bold" FamilyName="HPDHEV+BlissPro-Bold" Capitals="Normal" ResourceId="3" />
							<Origin X="0" Y="0" />
							<Text>Y</Text>
							<Size Width="8.715" Height="8.745116" />
							<Brush>
								<SolidBrush Color="#FF005F7F" />
							</Brush>
							<Tag>convertedFont</Tag>
						</Glyphs>
						<Glyphs OutlineWidth="0.5" CharSpace="0" RenderTransform="0.5968368 0 -0 0.5968368 399.52734 75.053345">
							<Font SizePoints="15" Style="Bold" FamilyName="HPDHEV+BlissPro-Bold" Capitals="Normal" ResourceId="3" />
							<Origin X="0" Y="0" />
							<Text>T</Text>
							<Size Width="7.98" Height="8.745116" />
							<Brush>
								<SolidBrush Color="#FF005F7F" />
							</Brush>
							<Tag>convertedFont</Tag>
						</Glyphs>
						<Glyphs OutlineWidth="0.5" CharSpace="0" RenderTransform="0.5968368 0 -0 0.5968368 404.32068 75.053345">
							<Font SizePoints="15" Style="Bold" FamilyName="HPDHEV+BlissPro-Bold" Capitals="Normal" ResourceId="3" />
							<Origin X="0" Y="0" />
							<Text> </Text>
							<Size Width="3.21" Height="8.745116" />
							<Brush>
								<SolidBrush Color="#FF005F7F" />
							</Brush>
							<Tag>convertedFont</Tag>
						</Glyphs>
						<Glyphs OutlineWidth="0.5" CharSpace="0" RenderTransform="0.5968368 0 -0 0.5968368 406.25107 75.053345">
							<Font SizePoints="15" Style="Bold" FamilyName="HPDHEV+BlissPro-Bold" Capitals="Normal" ResourceId="3" />
							<Origin X="0" Y="0" />
							<Text>(</Text>
							<Size Width="5.175" Height="8.745116" />
							<Brush>
								<SolidBrush Color="#FF005F7F" />
							</Brush>
							<Tag>convertedFont</Tag>
						</Glyphs>
						<Glyphs OutlineWidth="0.5" CharSpace="0" RenderTransform="0.5968368 0 -0 0.5968368 409.3658 75.053345">
							<Font SizePoints="15" Style="Bold" FamilyName="HPDHEV+BlissPro-Bold" Capitals="Normal" ResourceId="3" />
							<Origin X="0" Y="0" />
							<Text>г</Text>
							<Size Width="6.27" Height="8.745116" />
							<Brush>
								<SolidBrush Color="#FF005F7F" />
							</Brush>
							<Tag>convertedFont</Tag>
						</Glyphs>
						<Glyphs OutlineWidth="0.5" CharSpace="0" RenderTransform="0.5968368 0 -0 0.5968368 413.13333 75.053345">
							<Font SizePoints="15" Style="Bold" FamilyName="HPDHEV+BlissPro-Bold" Capitals="Normal" ResourceId="3" />
							<Origin X="0" Y="0" />
							<Text>о</Text>
							<Size Width="8.115" Height="8.745116" />
							<Brush>
								<SolidBrush Color="#FF005F7F" />
							</Brush>
							<Tag>convertedFont</Tag>
						</Glyphs>
						<Glyphs OutlineWidth="0.5" CharSpace="0" RenderTransform="0.5968368 0 -0 0.5968368 418.01062 75.053345">
							<Font SizePoints="15" Style="Bold" FamilyName="HPDHEV+BlissPro-Bold" Capitals="Normal" ResourceId="3" />
							<Origin X="0" Y="0" />
							<Text>р</Text>
							<Size Width="7.89" Height="8.745116" />
							<Brush>
								<SolidBrush Color="#FF005F7F" />
							</Brush>
							<Tag>convertedFont</Tag>
						</Glyphs>
						<Glyphs OutlineWidth="0.5" CharSpace="0" RenderTransform="0.5968368 0 -0 0.5968368 422.74802 75.053345">
							<Font SizePoints="15" Style="Bold" FamilyName="HPDHEV+BlissPro-Bold" Capitals="Normal" ResourceId="3" />
							<Origin X="0" Y="0" />
							<Text> </Text>
							<Size Width="3.21" Height="8.745116" />
							<Brush>
								<SolidBrush Color="#FF005F7F" />
							</Brush>
							<Tag>convertedFont</Tag>
						</Glyphs>
						<Glyphs OutlineWidth="0.5" CharSpace="0" RenderTransform="0.5968368 0 -0 0.5968368 424.6784 75.053345">
							<Font SizePoints="15" Style="Bold" FamilyName="HPDHEV+BlissPro-Bold" Capitals="Normal" ResourceId="3" />
							<Origin X="0" Y="0" />
							<Text>р</Text>
							<Size Width="7.89" Height="8.745116" />
							<Brush>
								<SolidBrush Color="#FF005F7F" />
							</Brush>
							<Tag>convertedFont</Tag>
						</Glyphs>
						<Glyphs OutlineWidth="0.5" CharSpace="0" RenderTransform="0.5968368 0 -0 0.5968368 429.4158 75.053345">
							<Font SizePoints="15" Style="Bold" FamilyName="HPDHEV+BlissPro-Bold" Capitals="Normal" ResourceId="3" />
							<Origin X="0" Y="0" />
							<Text>е</Text>
							<Size Width="7.38" Height="8.745116" />
							<Brush>
								<SolidBrush Color="#FF005F7F" />
							</Brush>
							<Tag>convertedFont</Tag>
						</Glyphs>
						<Glyphs OutlineWidth="0.5" CharSpace="0" RenderTransform="0.5968368 0 -0 0.5968368 433.85477 75.053345">
							<Font SizePoints="15" Style="Bold" FamilyName="HPDHEV+BlissPro-Bold" Capitals="Normal" ResourceId="3" />
							<Origin X="0" Y="0" />
							<Text>з</Text>
							<Size Width="6.555" Height="8.745116" />
							<Brush>
								<SolidBrush Color="#FF005F7F" />
							</Brush>
							<Tag>convertedFont</Tag>
						</Glyphs>
						<Glyphs OutlineWidth="0.5" CharSpace="0" RenderTransform="0.5968368 0 -0 0.5968368 437.7995 75.053345">
							<Font SizePoints="15" Style="Bold" FamilyName="HPDHEV+BlissPro-Bold" Capitals="Normal" ResourceId="3" />
							<Origin X="0" Y="0" />
							<Text>)</Text>
							<Size Width="5.175" Height="8.745116" />
							<Brush>
								<SolidBrush Color="#FF005F7F" />
							</Brush>
							<Tag>convertedFont</Tag>
						</Glyphs>
						<Glyphs OutlineWidth="0.5" CharSpace="0" RenderTransform="0.5968368 0 -0 0.5968368 209.34155 88.78064">
							<Font SizePoints="15" Style="Regular" FamilyName="CSMVMI+BlissPro" Capitals="Normal" ResourceId="2" />
							<Origin X="0" Y="0" />
							<Text>Д</Text>
							<Size Width="9.795" Height="8.745116" />
							<Brush>
								<SolidBrush Color="#FF6D6E71" />
							</Brush>
							<Tag>convertedFont</Tag>
						</Glyphs>
						<Glyphs OutlineWidth="0.5" CharSpace="0" RenderTransform="0.5968368 0 -0 0.5968368 215.22598 88.78064">
							<Font SizePoints="15" Style="Regular" FamilyName="CSMVMI+BlissPro" Capitals="Normal" ResourceId="2" />
							<Origin X="0" Y="0" />
							<Text>а</Text>
							<Size Width="7.08" Height="8.745116" />
							<Brush>
								<SolidBrush Color="#FF6D6E71" />
							</Brush>
							<Tag>convertedFont</Tag>
						</Glyphs>
						<Glyphs OutlineWidth="0.5" CharSpace="0" RenderTransform="0.5968368 0 -0 0.5968368 219.47845 88.78064">
							<Font SizePoints="15" Style="Regular" FamilyName="CSMVMI+BlissPro" Capitals="Normal" ResourceId="2" />
							<Origin X="0" Y="0" />
							<Text>т</Text>
							<Size Width="6.615" Height="8.745116" />
							<Brush>
								<SolidBrush Color="#FF6D6E71" />
							</Brush>
							<Tag>convertedFont</Tag>
						</Glyphs>
						<Glyphs OutlineWidth="0.5" CharSpace="0" RenderTransform="0.5968368 0 -0 0.5968368 223.46048 88.78064">
							<Font SizePoints="15" Style="Regular" FamilyName="CSMVMI+BlissPro" Capitals="Normal" ResourceId="2" />
							<Origin X="0" Y="0" />
							<Text>а</Text>
							<Size Width="7.08" Height="8.745116" />
							<Brush>
								<SolidBrush Color="#FF6D6E71" />
							</Brush>
							<Tag>convertedFont</Tag>
						</Glyphs>
						<Glyphs OutlineWidth="0.5" CharSpace="0" RenderTransform="0.5968368 0 -0 0.5968368 227.71294 88.78064">
							<Font SizePoints="15" Style="Regular" FamilyName="CSMVMI+BlissPro" Capitals="Normal" ResourceId="2" />
							<Origin X="0" Y="0" />
							<Text> </Text>
							<Size Width="3.315" Height="8.745116" />
							<Brush>
								<SolidBrush Color="#FF6D6E71" />
							</Brush>
							<Tag>convertedFont</Tag>
						</Glyphs>
						<Glyphs OutlineWidth="0.5" CharSpace="0" RenderTransform="0.5968368 0 -0 0.5968368 229.7086 88.78064">
							<Font SizePoints="15" Style="Regular" FamilyName="CSMVMI+BlissPro" Capitals="Normal" ResourceId="2" />
							<Origin X="0" Y="0" />
							<Text>к</Text>
							<Size Width="6.96" Height="8.745116" />
							<Brush>
								<SolidBrush Color="#FF6D6E71" />
							</Brush>
							<Tag>convertedFont</Tag>
						</Glyphs>
						<Glyphs OutlineWidth="0.5" CharSpace="0" RenderTransform="0.5968368 0 -0 0.5968368 233.8958 88.78064">
							<Font SizePoints="15" Style="Regular" FamilyName="CSMVMI+BlissPro" Capitals="Normal" ResourceId="2" />
							<Origin X="0" Y="0" />
							<Text>о</Text>
							<Size Width="7.89" Height="8.745116" />
							<Brush>
								<SolidBrush Color="#FF6D6E71" />
							</Brush>
							<Tag>convertedFont</Tag>
						</Glyphs>
						<Glyphs OutlineWidth="0.5" CharSpace="0" RenderTransform="0.5968368 0 -0 0.5968368 238.63318 88.78064">
							<Font SizePoints="15" Style="Regular" FamilyName="CSMVMI+BlissPro" Capitals="Normal" ResourceId="2" />
							<Origin X="0" Y="0" />
							<Text>м</Text>
							<Size Width="8.97" Height="8.745116" />
							<Brush>
								<SolidBrush Color="#FF6D6E71" />
							</Brush>
							<Tag>convertedFont</Tag>
						</Glyphs>
						<Glyphs OutlineWidth="0.5" CharSpace="0" RenderTransform="0.5968368 0 -0 0.5968368 244.02336 88.78064">
							<Font SizePoints="15" Style="Regular" FamilyName="CSMVMI+BlissPro" Capitals="Normal" ResourceId="2" />
							<Origin X="0" Y="0" />
							<Text>м</Text>
							<Size Width="8.97" Height="8.745116" />
							<Brush>
								<SolidBrush Color="#FF6D6E71" />
							</Brush>
							<Tag>convertedFont</Tag>
						</Glyphs>
						<Glyphs OutlineWidth="0.5" CharSpace="0" RenderTransform="0.5968368 0 -0 0.5968368 249.41354 88.78064">
							<Font SizePoints="15" Style="Regular" FamilyName="CSMVMI+BlissPro" Capitals="Normal" ResourceId="2" />
							<Origin X="0" Y="0" />
							<Text>е</Text>
							<Size Width="7.11" Height="8.745116" />
							<Brush>
								<SolidBrush Color="#FF6D6E71" />
							</Brush>
							<Tag>convertedFont</Tag>
						</Glyphs>
						<Glyphs OutlineWidth="0.5" CharSpace="0" RenderTransform="0.5968368 0 -0 0.5968368 253.68466 88.78064">
							<Font SizePoints="15" Style="Regular" FamilyName="CSMVMI+BlissPro" Capitals="Normal" ResourceId="2" />
							<Origin X="0" Y="0" />
							<Text>р</Text>
							<Size Width="7.65" Height="8.745116" />
							<Brush>
								<SolidBrush Color="#FF6D6E71" />
							</Brush>
							<Tag>convertedFont</Tag>
						</Glyphs>
						<Glyphs OutlineWidth="0.5" CharSpace="0" RenderTransform="0.5968368 0 -0 0.5968368 258.28217 88.78064">
							<Font SizePoints="15" Style="Regular" FamilyName="CSMVMI+BlissPro" Capitals="Normal" ResourceId="2" />
							<Origin X="0" Y="0" />
							<Text>ч</Text>
							<Size Width="7.26" Height="8.745116" />
							<Brush>
								<SolidBrush Color="#FF6D6E71" />
							</Brush>
							<Tag>convertedFont</Tag>
						</Glyphs>
						<Glyphs OutlineWidth="0.5" CharSpace="0" RenderTransform="0.5968368 0 -0 0.5968368 262.64655 88.78064">
							<Font SizePoints="15" Style="Regular" FamilyName="CSMVMI+BlissPro" Capitals="Normal" ResourceId="2" />
							<Origin X="0" Y="0" />
							<Text>е</Text>
							<Size Width="7.11" Height="8.745116" />
							<Brush>
								<SolidBrush Color="#FF6D6E71" />
							</Brush>
							<Tag>convertedFont</Tag>
						</Glyphs>
						<Glyphs OutlineWidth="0.5" CharSpace="0" RenderTransform="0.5968368 0 -0 0.5968368 266.91766 88.78064">
							<Font SizePoints="15" Style="Regular" FamilyName="CSMVMI+BlissPro" Capitals="Normal" ResourceId="2" />
							<Origin X="0" Y="0" />
							<Text>с</Text>
							<Size Width="6.51" Height="8.745116" />
							<Brush>
								<SolidBrush Color="#FF6D6E71" />
							</Brush>
							<Tag>convertedFont</Tag>
						</Glyphs>
						<Glyphs OutlineWidth="0.5" CharSpace="0" RenderTransform="0.5968368 0 -0 0.5968368 270.82507 88.78064">
							<Font SizePoints="15" Style="Regular" FamilyName="CSMVMI+BlissPro" Capitals="Normal" ResourceId="2" />
							<Origin X="0" Y="0" />
							<Text>к</Text>
							<Size Width="6.96" Height="8.745116" />
							<Brush>
								<SolidBrush Color="#FF6D6E71" />
							</Brush>
							<Tag>convertedFont</Tag>
						</Glyphs>
						<Glyphs OutlineWidth="0.5" CharSpace="0" RenderTransform="0.5968368 0 -0 0.5968368 275.01227 88.78064">
							<Font SizePoints="15" Style="Regular" FamilyName="CSMVMI+BlissPro" Capitals="Normal" ResourceId="2" />
							<Origin X="0" Y="0" />
							<Text>о</Text>
							<Size Width="7.89" Height="8.745116" />
							<Brush>
								<SolidBrush Color="#FF6D6E71" />
							</Brush>
							<Tag>convertedFont</Tag>
						</Glyphs>
						<Glyphs OutlineWidth="0.5" CharSpace="0" RenderTransform="0.5968368 0 -0 0.5968368 279.74963 88.78064">
							<Font SizePoints="15" Style="Regular" FamilyName="CSMVMI+BlissPro" Capitals="Normal" ResourceId="2" />
							<Origin X="0" Y="0" />
							<Text>г</Text>
							<Size Width="5.94" Height="8.745116" />
							<Brush>
								<SolidBrush Color="#FF6D6E71" />
							</Brush>
							<Tag>convertedFont</Tag>
						</Glyphs>
						<Glyphs OutlineWidth="0.5" CharSpace="0" RenderTransform="0.5968368 0 -0 0.5968368 283.32135 88.78064">
							<Font SizePoints="15" Style="Regular" FamilyName="CSMVMI+BlissPro" Capitals="Normal" ResourceId="2" />
							<Origin X="0" Y="0" />
							<Text>о</Text>
							<Size Width="7.89" Height="8.745116" />
							<Brush>
								<SolidBrush Color="#FF6D6E71" />
							</Brush>
							<Tag>convertedFont</Tag>
						</Glyphs>
						<Glyphs OutlineWidth="0.5" CharSpace="0" RenderTransform="0.5968368 0 -0 0.5968368 288.05875 88.78064">
							<Font SizePoints="15" Style="Regular" FamilyName="CSMVMI+BlissPro" Capitals="Normal" ResourceId="2" />
							<Origin X="0" Y="0" />
							<Text> </Text>
							<Size Width="3.315" Height="8.745116" />
							<Brush>
								<SolidBrush Color="#FF6D6E71" />
							</Brush>
							<Tag>convertedFont</Tag>
						</Glyphs>
						<Glyphs OutlineWidth="0.5" CharSpace="0" RenderTransform="0.5968368 0 -0 0.5968368 290.0544 88.78064">
							<Font SizePoints="15" Style="Regular" FamilyName="CSMVMI+BlissPro" Capitals="Normal" ResourceId="2" />
							<Origin X="0" Y="0" />
							<Text>п</Text>
							<Size Width="7.695" Height="8.745116" />
							<Brush>
								<SolidBrush Color="#FF6D6E71" />
							</Brush>
							<Tag>convertedFont</Tag>
						</Glyphs>
						<Glyphs OutlineWidth="0.5" CharSpace="0" RenderTransform="0.5968368 0 -0 0.5968368 294.6799 88.78064">
							<Font SizePoints="15" Style="Regular" FamilyName="CSMVMI+BlissPro" Capitals="Normal" ResourceId="2" />
							<Origin X="0" Y="0" />
							<Text>р</Text>
							<Size Width="7.65" Height="8.745116" />
							<Brush>
								<SolidBrush Color="#FF6D6E71" />
							</Brush>
							<Tag>convertedFont</Tag>
						</Glyphs>
						<Glyphs OutlineWidth="0.5" CharSpace="0" RenderTransform="0.5968368 0 -0 0.5968368 299.2774 88.78064">
							<Font SizePoints="15" Style="Regular" FamilyName="CSMVMI+BlissPro" Capitals="Normal" ResourceId="2" />
							<Origin X="0" Y="0" />
							<Text>е</Text>
							<Size Width="7.11" Height="8.745116" />
							<Brush>
								<SolidBrush Color="#FF6D6E71" />
							</Brush>
							<Tag>convertedFont</Tag>
						</Glyphs>
						<Glyphs OutlineWidth="0.5" CharSpace="0" RenderTransform="0.5968368 0 -0 0.5968368 303.54852 88.78064">
							<Font SizePoints="15" Style="Regular" FamilyName="CSMVMI+BlissPro" Capitals="Normal" ResourceId="2" />
							<Origin X="0" Y="0" />
							<Text>д</Text>
							<Size Width="8.145" Height="8.745116" />
							<Brush>
								<SolidBrush Color="#FF6D6E71" />
							</Brush>
							<Tag>convertedFont</Tag>
						</Glyphs>
						<Glyphs OutlineWidth="0.5" CharSpace="0" RenderTransform="0.5968368 0 -0 0.5968368 308.44443 88.78064">
							<Font SizePoints="15" Style="Regular" FamilyName="CSMVMI+BlissPro" Capitals="Normal" ResourceId="2" />
							<Origin X="0" Y="0" />
							<Text>л</Text>
							<Size Width="7.545" Height="8.745116" />
							<Brush>
								<SolidBrush Color="#FF6D6E71" />
							</Brush>
							<Tag>convertedFont</Tag>
						</Glyphs>
						<Glyphs OutlineWidth="0.5" CharSpace="0" RenderTransform="0.5968368 0 -0 0.5968368 312.97665 88.78064">
							<Font SizePoints="15" Style="Regular" FamilyName="CSMVMI+BlissPro" Capitals="Normal" ResourceId="2" />
							<Origin X="0" Y="0" />
							<Text>о</Text>
							<Size Width="7.89" Height="8.745116" />
							<Brush>
								<SolidBrush Color="#FF6D6E71" />
							</Brush>
							<Tag>convertedFont</Tag>
						</Glyphs>
						<Glyphs OutlineWidth="0.5" CharSpace="0" RenderTransform="0.5968368 0 -0 0.5968368 317.71405 88.78064">
							<Font SizePoints="15" Style="Regular" FamilyName="CSMVMI+BlissPro" Capitals="Normal" ResourceId="2" />
							<Origin X="0" Y="0" />
							<Text>ж</Text>
							<Size Width="10.32" Height="8.745116" />
							<Brush>
								<SolidBrush Color="#FF6D6E71" />
							</Brush>
							<Tag>convertedFont</Tag>
						</Glyphs>
						<Glyphs OutlineWidth="0.5" CharSpace="0" RenderTransform="0.5968368 0 -0 0.5968368 323.9249 88.78064">
							<Font SizePoints="15" Style="Regular" FamilyName="CSMVMI+BlissPro" Capitals="Normal" ResourceId="2" />
							<Origin X="0" Y="0" />
							<Text>е</Text>
							<Size Width="7.11" Height="8.745116" />
							<Brush>
								<SolidBrush Color="#FF6D6E71" />
							</Brush>
							<Tag>convertedFont</Tag>
						</Glyphs>
						<Glyphs OutlineWidth="0.5" CharSpace="0" RenderTransform="0.5968368 0 -0 0.5968368 328.196 88.78064">
							<Font SizePoints="15" Style="Regular" FamilyName="CSMVMI+BlissPro" Capitals="Normal" ResourceId="2" />
							<Origin X="0" Y="0" />
							<Text>н</Text>
							<Size Width="7.785" Height="8.745116" />
							<Brush>
								<SolidBrush Color="#FF6D6E71" />
							</Brush>
							<Tag>convertedFont</Tag>
						</Glyphs>
						<Glyphs OutlineWidth="0.5" CharSpace="0" RenderTransform="0.5968368 0 -0 0.5968368 332.87744 88.78064">
							<Font SizePoints="15" Style="Regular" FamilyName="CSMVMI+BlissPro" Capitals="Normal" ResourceId="2" />
							<Origin X="0" Y="0" />
							<Text>и</Text>
							<Size Width="8.055" Height="8.745116" />
							<Brush>
								<SolidBrush Color="#FF6D6E71" />
							</Brush>
							<Tag>convertedFont</Tag>
						</Glyphs>
						<Glyphs OutlineWidth="0.5" CharSpace="0" RenderTransform="0.5968368 0 -0 0.5968368 337.7174 88.78064">
							<Font SizePoints="15" Style="Regular" FamilyName="CSMVMI+BlissPro" Capitals="Normal" ResourceId="2" />
							<Origin X="0" Y="0" />
							<Text>я</Text>
							<Size Width="7.155" Height="8.745116" />
							<Brush>
								<SolidBrush Color="#FF6D6E71" />
							</Brush>
							<Tag>convertedFont</Tag>
						</Glyphs>
						<Glyphs OutlineWidth="0.5" CharSpace="0" RenderTransform="0.5968368 0 -0 0.5968368 368.697 88.78064">
							<Font SizePoints="15" Style="Regular" FamilyName="CSMVMI+BlissPro" Capitals="Normal" ResourceId="2" />
							<Origin X="0" Y="0" />
							<Text>0</Text>
							<Size Width="8.31" Height="8.745116" />
							<Brush>
								<SolidBrush Color="#FF000000" />
							</Brush>
							<Tag>convertedFont</Tag>
						</Glyphs>
						<Glyphs OutlineWidth="0.5" CharSpace="0" RenderTransform="0.5968368 0 -0 0.5968368 373.68616 88.78064">
							<Font SizePoints="15" Style="Regular" FamilyName="CSMVMI+BlissPro" Capitals="Normal" ResourceId="2" />
							<Origin X="0" Y="0" />
							<Text>3</Text>
							<Size Width="7.98" Height="8.745116" />
							<Brush>
								<SolidBrush Color="#FF000000" />
							</Brush>
							<Tag>convertedFont</Tag>
						</Glyphs>
						<Glyphs OutlineWidth="0.5" CharSpace="0" RenderTransform="0.5968368 0 -0 0.5968368 378.4795 88.78064">
							<Font SizePoints="15" Style="Regular" FamilyName="CSMVMI+BlissPro" Capitals="Normal" ResourceId="2" />
							<Origin X="0" Y="0" />
							<Text>.</Text>
							<Size Width="3.51" Height="8.745116" />
							<Brush>
								<SolidBrush Color="#FF000000" />
							</Brush>
							<Tag>convertedFont</Tag>
						</Glyphs>
						<Glyphs OutlineWidth="0.5" CharSpace="0" RenderTransform="0.5968368 0 -0 0.5968368 380.5871 88.78064">
							<Font SizePoints="15" Style="Regular" FamilyName="CSMVMI+BlissPro" Capitals="Normal" ResourceId="2" />
							<Origin X="0" Y="0" />
							<Text>1</Text>
							<Size Width="6.27" Height="8.745116" />
							<Brush>
								<SolidBrush Color="#FF000000" />
							</Brush>
							<Tag>convertedFont</Tag>
						</Glyphs>
						<Glyphs OutlineWidth="0.5" CharSpace="0" RenderTransform="0.5968368 0 -0 0.5968368 384.3546 88.78064">
							<Font SizePoints="15" Style="Regular" FamilyName="CSMVMI+BlissPro" Capitals="Normal" ResourceId="2" />
							<Origin X="0" Y="0" />
							<Text>1</Text>
							<Size Width="6.27" Height="8.745116" />
							<Brush>
								<SolidBrush Color="#FF000000" />
							</Brush>
							<Tag>convertedFont</Tag>
						</Glyphs>
						<Glyphs OutlineWidth="0.5" CharSpace="0" RenderTransform="0.5968368 0 -0 0.5968368 388.12216 88.78064">
							<Font SizePoints="15" Style="Regular" FamilyName="CSMVMI+BlissPro" Capitals="Normal" ResourceId="2" />
							<Origin X="0" Y="0" />
							<Text>.</Text>
							<Size Width="3.51" Height="8.745116" />
							<Brush>
								<SolidBrush Color="#FF000000" />
							</Brush>
							<Tag>convertedFont</Tag>
						</Glyphs>
						<Glyphs OutlineWidth="0.5" CharSpace="0" RenderTransform="0.5968368 0 -0 0.5968368 390.22974 88.78064">
							<Font SizePoints="15" Style="Regular" FamilyName="CSMVMI+BlissPro" Capitals="Normal" ResourceId="2" />
							<Origin X="0" Y="0" />
							<Text>2</Text>
							<Size Width="7.665" Height="8.745116" />
							<Brush>
								<SolidBrush Color="#FF000000" />
							</Brush>
							<Tag>convertedFont</Tag>
						</Glyphs>
						<Glyphs OutlineWidth="0.5" CharSpace="0" RenderTransform="0.5968368 0 -0 0.5968368 394.83658 88.78064">
							<Font SizePoints="15" Style="Regular" FamilyName="CSMVMI+BlissPro" Capitals="Normal" ResourceId="2" />
							<Origin X="0" Y="0" />
							<Text>0</Text>
							<Size Width="8.31" Height="8.745116" />
							<Brush>
								<SolidBrush Color="#FF000000" />
							</Brush>
							<Tag>convertedFont</Tag>
						</Glyphs>
						<Glyphs OutlineWidth="0.5" CharSpace="0" RenderTransform="0.5968368 0 -0 0.5968368 399.82574 88.78064">
							<Font SizePoints="15" Style="Regular" FamilyName="CSMVMI+BlissPro" Capitals="Normal" ResourceId="2" />
							<Origin X="0" Y="0" />
							<Text>2</Text>
							<Size Width="7.665" Height="8.745116" />
							<Brush>
								<SolidBrush Color="#FF000000" />
							</Brush>
							<Tag>convertedFont</Tag>
						</Glyphs>
						<Glyphs OutlineWidth="0.5" CharSpace="0" RenderTransform="0.5968368 0 -0 0.5968368 404.4326 88.78064">
							<Font SizePoints="15" Style="Regular" FamilyName="CSMVMI+BlissPro" Capitals="Normal" ResourceId="2" />
							<Origin X="0" Y="0" />
							<Text>3</Text>
							<Size Width="7.98" Height="8.745116" />
							<Brush>
								<SolidBrush Color="#FF000000" />
							</Brush>
							<Tag>convertedFont</Tag>
						</Glyphs>
					</Canvas>
					<Canvas>
						<Clip>
							<Path FillMode="Alternate">
								<PathFigure IsClosed="True">
									<PolyLine LineColor="#FF000000">
										<Point X="28.5" Y="28.5" />
										<Point X="566.25" Y="28.5" />
									</PolyLine>
									<PolyLine LineColor="#FF000000">
										<Point X="566.25" Y="28.5" />
										<Point X="566.25" Y="813.3404" />
									</PolyLine>
									<PolyLine LineColor="#FF000000">
										<Point X="566.25" Y="813.3404" />
										<Point X="28.5" Y="813.3404" />
									</PolyLine>
									<PolyLine LineColor="#FF000000">
										<Point X="28.5" Y="813.3404" />
										<Point X="28.5" Y="28.5" />
									</PolyLine>
								</PathFigure>
							</Path>
						</Clip>
						<Canvas>
							<Clip>
								<Path FillMode="Winding">
									<PathFigure IsClosed="False">
										<PolyLine LineColor="#FF000000">
											<Point X="52.373474" Y="603.8507" />
											<Point X="52.373474" Y="603.2539" />
										</PolyLine>
										<PolyLine LineColor="#FF000000">
											<Point X="52.373474" Y="603.2539" />
											<Point X="230.8277" Y="603.2539" />
										</PolyLine>
										<PolyLine LineColor="#FF000000">
											<Point X="230.8277" Y="603.2539" />
											<Point X="230.8277" Y="603.8507" />
										</PolyLine>
									</PathFigure>
								</Path>
							</Clip>
							<Path FillMode="Winding" RenderTransform="1 0 0 -1 0 842">
								<Brush>
									<SolidBrush Color="#FF706E74" />
								</Brush>
								<PathFigure IsClosed="True">
									<PolyLine LineColor="#FF000000">
										<Point X="52.373474" Y="238.7461" />
										<Point X="52.970306" Y="238.7461" />
									</PolyLine>
									<PolyLine LineColor="#FF000000">
										<Point X="52.970306" Y="238.7461" />
										<Point X="52.970306" Y="238.14917" />
									</PolyLine>
									<PolyLine LineColor="#FF000000">
										<Point X="52.970306" Y="238.14917" />
										<Point X="52.373474" Y="238.14917" />
									</PolyLine>
								</PathFigure>
							</Path>
							<Path FillMode="Winding" RenderTransform="1 0 0 -1 0 842">
								<Brush>
									<SolidBrush Color="#FF706E74" />
								</Brush>
								<PathFigure IsClosed="True">
									<PolyLine LineColor="#FF000000">
										<Point X="230.23083" Y="238.7461" />
										<Point X="230.82768" Y="238.7461" />
									</PolyLine>
									<PolyLine LineColor="#FF000000">
										<Point X="230.82768" Y="238.7461" />
										<Point X="230.82768" Y="238.14917" />
									</PolyLine>
									<PolyLine LineColor="#FF000000">
										<Point X="230.82768" Y="238.14917" />
										<Point X="230.23083" Y="238.14917" />
									</PolyLine>
								</PathFigure>
							</Path>
							<Path FillMode="Alternate" RenderTransform="1 0 0 -1 0 842">
								<Pen Alignment="Center" DashCap="Flat" DashOffset="0" DashPattern="0.5968368 0.5968368" DashStyle="Custom" EndCap="Flat" LineJoin="Miter" MiterLimit="10" StartCap="Flat" Width="0.5968368">
									<Brush>
										<SolidBrush Color="#FF706E74" />
									</Brush>
								</Pen>
								<PathFigure IsClosed="False">
									<PolyLine LineColor="#FF000000">
										<Point X="52.970306" Y="238.44751" />
										<Point X="230.23083" Y="238.44751" />
									</PolyLine>
								</PathFigure>
							</Path>
						</Canvas>
					</Canvas>
					<Canvas>
						<Clip>
							<Path FillMode="Alternate">
								<PathFigure IsClosed="True">
									<PolyLine LineColor="#FF000000">
										<Point X="28.5" Y="28.5" />
										<Point X="566.25" Y="28.5" />
									</PolyLine>
									<PolyLine LineColor="#FF000000">
										<Point X="566.25" Y="28.5" />
										<Point X="566.25" Y="813.3404" />
									</PolyLine>
									<PolyLine LineColor="#FF000000">
										<Point X="566.25" Y="813.3404" />
										<Point X="28.5" Y="813.3404" />
									</PolyLine>
									<PolyLine LineColor="#FF000000">
										<Point X="28.5" Y="813.3404" />
										<Point X="28.5" Y="28.5" />
									</PolyLine>
								</PathFigure>
							</Path>
						</Clip>
					</Canvas>
					<Canvas>
						<Clip>
							<Path FillMode="Alternate">
								<PathFigure IsClosed="True">
									<PolyLine LineColor="#FF000000">
										<Point X="28.5" Y="28.5" />
										<Point X="566.25" Y="28.5" />
									</PolyLine>
									<PolyLine LineColor="#FF000000">
										<Point X="566.25" Y="28.5" />
										<Point X="566.25" Y="813.3404" />
									</PolyLine>
									<PolyLine LineColor="#FF000000">
										<Point X="566.25" Y="813.3404" />
										<Point X="28.5" Y="813.3404" />
									</PolyLine>
									<PolyLine LineColor="#FF000000">
										<Point X="28.5" Y="813.3404" />
										<Point X="28.5" Y="28.5" />
									</PolyLine>
								</PathFigure>
							</Path>
						</Clip>
						<Canvas>
							<Clip>
								<Path FillMode="Winding">
									<PathFigure IsClosed="False">
										<PolyLine LineColor="#FF000000">
											<Point X="232.02136" Y="603.8507" />
											<Point X="232.6182" Y="603.2539" />
										</PolyLine>
										<PolyLine LineColor="#FF000000">
											<Point X="232.6182" Y="603.2539" />
											<Point X="286.3335" Y="603.2539" />
										</PolyLine>
										<PolyLine LineColor="#FF000000">
											<Point X="286.3335" Y="603.2539" />
											<Point X="286.3335" Y="603.8507" />
										</PolyLine>
									</PathFigure>
								</Path>
							</Clip>
							<Path FillMode="Winding" RenderTransform="1 0 0 -1 0 842">
								<Brush>
									<SolidBrush Color="#FF706E74" />
								</Brush>
								<PathFigure IsClosed="True">
									<PolyLine LineColor="#FF000000">
										<Point X="232.02135" Y="238.7461" />
										<Point X="232.6182" Y="238.7461" />
									</PolyLine>
									<PolyLine LineColor="#FF000000">
										<Point X="232.6182" Y="238.7461" />
										<Point X="232.6182" Y="238.14917" />
									</PolyLine>
									<PolyLine LineColor="#FF000000">
										<Point X="232.6182" Y="238.14917" />
										<Point X="232.02135" Y="238.14917" />
									</PolyLine>
								</PathFigure>
							</Path>
							<Path FillMode="Winding" RenderTransform="1 0 0 -1 0 842">
								<Brush>
									<SolidBrush Color="#FF706E74" />
								</Brush>
								<PathFigure IsClosed="True">
									<PolyLine LineColor="#FF000000">
										<Point X="285.73666" Y="238.7461" />
										<Point X="286.3335" Y="238.7461" />
									</PolyLine>
									<PolyLine LineColor="#FF000000">
										<Point X="286.3335" Y="238.7461" />
										<Point X="286.3335" Y="238.14917" />
									</PolyLine>
									<PolyLine LineColor="#FF000000">
										<Point X="286.3335" Y="238.14917" />
										<Point X="285.73666" Y="238.14917" />
									</PolyLine>
								</PathFigure>
							</Path>
							<Path FillMode="Alternate" RenderTransform="1 0 0 -1 0 842">
								<Pen Alignment="Center" DashCap="Flat" DashOffset="0" DashPattern="0.5968368 0.5968368" DashStyle="Custom" EndCap="Flat" LineJoin="Miter" MiterLimit="10" StartCap="Flat" Width="0.5968368">
									<Brush>
										<SolidBrush Color="#FF706E74" />
									</Brush>
								</Pen>
								<PathFigure IsClosed="False">
									<PolyLine LineColor="#FF000000">
										<Point X="232.6182" Y="238.44751" />
										<Point X="285.73666" Y="238.44751" />
									</PolyLine>
								</PathFigure>
							</Path>
						</Canvas>
					</Canvas>
					<Canvas>
						<Clip>
							<Path FillMode="Alternate">
								<PathFigure IsClosed="True">
									<PolyLine LineColor="#FF000000">
										<Point X="28.5" Y="28.5" />
										<Point X="566.25" Y="28.5" />
									</PolyLine>
									<PolyLine LineColor="#FF000000">
										<Point X="566.25" Y="28.5" />
										<Point X="566.25" Y="813.3404" />
									</PolyLine>
									<PolyLine LineColor="#FF000000">
										<Point X="566.25" Y="813.3404" />
										<Point X="28.5" Y="813.3404" />
									</PolyLine>
									<PolyLine LineColor="#FF000000">
										<Point X="28.5" Y="813.3404" />
										<Point X="28.5" Y="28.5" />
									</PolyLine>
								</PathFigure>
							</Path>
						</Clip>
						<Path FillMode="Winding" RenderTransform="1 0 0 -1 0 842">
							<Brush>
								<SolidBrush Color="#FF939598" />
							</Brush>
							<PathFigure IsClosed="True">
								<PolyLine LineColor="#FF000000">
									<Point X="232.02136" Y="250.08606" />
									<Point X="232.02136" Y="238.14929" />
								</PolyLine>
								<PolyLine LineColor="#FF000000">
									<Point X="232.02136" Y="238.14929" />
									<Point X="232.6182" Y="238.7461" />
								</PolyLine>
								<PolyLine LineColor="#FF000000">
									<Point X="232.6182" Y="238.7461" />
									<Point X="232.6182" Y="250.08606" />
								</PolyLine>
								<PolyLine LineColor="#FF000000">
									<Point X="232.6182" Y="250.08606" />
									<Point X="232.02136" Y="250.08606" />
								</PolyLine>
							</PathFigure>
						</Path>
					</Canvas>
					<Canvas>
						<Clip>
							<Path FillMode="Alternate">
								<PathFigure IsClosed="True">
									<PolyLine LineColor="#FF000000">
										<Point X="28.5" Y="28.5" />
										<Point X="566.25" Y="28.5" />
									</PolyLine>
									<PolyLine LineColor="#FF000000">
										<Point X="566.25" Y="28.5" />
										<Point X="566.25" Y="813.3404" />
									</PolyLine>
									<PolyLine LineColor="#FF000000">
										<Point X="566.25" Y="813.3404" />
										<Point X="28.5" Y="813.3404" />
									</PolyLine>
									<PolyLine LineColor="#FF000000">
										<Point X="28.5" Y="813.3404" />
										<Point X="28.5" Y="28.5" />
									</PolyLine>
								</PathFigure>
							</Path>
						</Clip>
						<Canvas>
							<Clip>
								<Path FillMode="Winding">
									<PathFigure IsClosed="False">
										<PolyLine LineColor="#FF000000">
											<Point X="52.373474" Y="616.9811" />
											<Point X="52.373474" Y="616.3843" />
										</PolyLine>
										<PolyLine LineColor="#FF000000">
											<Point X="52.373474" Y="616.3843" />
											<Point X="230.8277" Y="616.3843" />
										</PolyLine>
										<PolyLine LineColor="#FF000000">
											<Point X="230.8277" Y="616.3843" />
											<Point X="230.8277" Y="616.9811" />
										</PolyLine>
									</PathFigure>
								</Path>
							</Clip>
							<Path FillMode="Winding" RenderTransform="1 0 0 -1 0 842">
								<Brush>
									<SolidBrush Color="#FF706E74" />
								</Brush>
								<PathFigure IsClosed="True">
									<PolyLine LineColor="#FF000000">
										<Point X="52.373474" Y="225.61572" />
										<Point X="52.970306" Y="225.61572" />
									</PolyLine>
									<PolyLine LineColor="#FF000000">
										<Point X="52.970306" Y="225.61572" />
										<Point X="52.970306" Y="225.0188" />
									</PolyLine>
									<PolyLine LineColor="#FF000000">
										<Point X="52.970306" Y="225.0188" />
										<Point X="52.373474" Y="225.0188" />
									</PolyLine>
								</PathFigure>
							</Path>
							<Path FillMode="Winding" RenderTransform="1 0 0 -1 0 842">
								<Brush>
									<SolidBrush Color="#FF706E74" />
								</Brush>
								<PathFigure IsClosed="True">
									<PolyLine LineColor="#FF000000">
										<Point X="230.23083" Y="225.61572" />
										<Point X="230.82768" Y="225.61572" />
									</PolyLine>
									<PolyLine LineColor="#FF000000">
										<Point X="230.82768" Y="225.61572" />
										<Point X="230.82768" Y="225.0188" />
									</PolyLine>
									<PolyLine LineColor="#FF000000">
										<Point X="230.82768" Y="225.0188" />
										<Point X="230.23083" Y="225.0188" />
									</PolyLine>
								</PathFigure>
							</Path>
							<Path FillMode="Alternate" RenderTransform="1 0 0 -1 0 842">
								<Pen Alignment="Center" DashCap="Flat" DashOffset="0" DashPattern="0.5968368 0.5968368" DashStyle="Custom" EndCap="Flat" LineJoin="Miter" MiterLimit="10" StartCap="Flat" Width="0.5968368">
									<Brush>
										<SolidBrush Color="#FF706E74" />
									</Brush>
								</Pen>
								<PathFigure IsClosed="False">
									<PolyLine LineColor="#FF000000">
										<Point X="52.970306" Y="225.31714" />
										<Point X="230.23083" Y="225.31714" />
									</PolyLine>
								</PathFigure>
							</Path>
						</Canvas>
					</Canvas>
					<Canvas>
						<Clip>
							<Path FillMode="Alternate">
								<PathFigure IsClosed="True">
									<PolyLine LineColor="#FF000000">
										<Point X="28.5" Y="28.5" />
										<Point X="566.25" Y="28.5" />
									</PolyLine>
									<PolyLine LineColor="#FF000000">
										<Point X="566.25" Y="28.5" />
										<Point X="566.25" Y="813.3404" />
									</PolyLine>
									<PolyLine LineColor="#FF000000">
										<Point X="566.25" Y="813.3404" />
										<Point X="28.5" Y="813.3404" />
									</PolyLine>
									<PolyLine LineColor="#FF000000">
										<Point X="28.5" Y="813.3404" />
										<Point X="28.5" Y="28.5" />
									</PolyLine>
								</PathFigure>
							</Path>
						</Clip>
					</Canvas>
					<Canvas>
						<Clip>
							<Path FillMode="Alternate">
								<PathFigure IsClosed="True">
									<PolyLine LineColor="#FF000000">
										<Point X="28.5" Y="28.5" />
										<Point X="566.25" Y="28.5" />
									</PolyLine>
									<PolyLine LineColor="#FF000000">
										<Point X="566.25" Y="28.5" />
										<Point X="566.25" Y="813.3404" />
									</PolyLine>
									<PolyLine LineColor="#FF000000">
										<Point X="566.25" Y="813.3404" />
										<Point X="28.5" Y="813.3404" />
									</PolyLine>
									<PolyLine LineColor="#FF000000">
										<Point X="28.5" Y="813.3404" />
										<Point X="28.5" Y="28.5" />
									</PolyLine>
								</PathFigure>
							</Path>
						</Clip>
						<Canvas>
							<Clip>
								<Path FillMode="Winding">
									<PathFigure IsClosed="False">
										<PolyLine LineColor="#FF000000">
											<Point X="232.02136" Y="616.9811" />
											<Point X="232.6182" Y="616.3843" />
										</PolyLine>
										<PolyLine LineColor="#FF000000">
											<Point X="232.6182" Y="616.3843" />
											<Point X="286.3335" Y="616.3843" />
										</PolyLine>
										<PolyLine LineColor="#FF000000">
											<Point X="286.3335" Y="616.3843" />
											<Point X="286.3335" Y="616.9811" />
										</PolyLine>
									</PathFigure>
								</Path>
							</Clip>
							<Path FillMode="Winding" RenderTransform="1 0 0 -1 0 842">
								<Brush>
									<SolidBrush Color="#FF706E74" />
								</Brush>
								<PathFigure IsClosed="True">
									<PolyLine LineColor="#FF000000">
										<Point X="232.02135" Y="225.61572" />
										<Point X="232.6182" Y="225.61572" />
									</PolyLine>
									<PolyLine LineColor="#FF000000">
										<Point X="232.6182" Y="225.61572" />
										<Point X="232.6182" Y="225.0188" />
									</PolyLine>
									<PolyLine LineColor="#FF000000">
										<Point X="232.6182" Y="225.0188" />
										<Point X="232.02135" Y="225.0188" />
									</PolyLine>
								</PathFigure>
							</Path>
							<Path FillMode="Winding" RenderTransform="1 0 0 -1 0 842">
								<Brush>
									<SolidBrush Color="#FF706E74" />
								</Brush>
								<PathFigure IsClosed="True">
									<PolyLine LineColor="#FF000000">
										<Point X="285.73666" Y="225.61572" />
										<Point X="286.3335" Y="225.61572" />
									</PolyLine>
									<PolyLine LineColor="#FF000000">
										<Point X="286.3335" Y="225.61572" />
										<Point X="286.3335" Y="225.0188" />
									</PolyLine>
									<PolyLine LineColor="#FF000000">
										<Point X="286.3335" Y="225.0188" />
										<Point X="285.73666" Y="225.0188" />
									</PolyLine>
								</PathFigure>
							</Path>
							<Path FillMode="Alternate" RenderTransform="1 0 0 -1 0 842">
								<Pen Alignment="Center" DashCap="Flat" DashOffset="0" DashPattern="0.5968368 0.5968368" DashStyle="Custom" EndCap="Flat" LineJoin="Miter" MiterLimit="10" StartCap="Flat" Width="0.5968368">
									<Brush>
										<SolidBrush Color="#FF706E74" />
									</Brush>
								</Pen>
								<PathFigure IsClosed="False">
									<PolyLine LineColor="#FF000000">
										<Point X="232.6182" Y="225.31714" />
										<Point X="285.73666" Y="225.31714" />
									</PolyLine>
								</PathFigure>
							</Path>
						</Canvas>
					</Canvas>
					<Canvas>
						<Clip>
							<Path FillMode="Alternate">
								<PathFigure IsClosed="True">
									<PolyLine LineColor="#FF000000">
										<Point X="28.5" Y="28.5" />
										<Point X="566.25" Y="28.5" />
									</PolyLine>
									<PolyLine LineColor="#FF000000">
										<Point X="566.25" Y="28.5" />
										<Point X="566.25" Y="813.3404" />
									</PolyLine>
									<PolyLine LineColor="#FF000000">
										<Point X="566.25" Y="813.3404" />
										<Point X="28.5" Y="813.3404" />
									</PolyLine>
									<PolyLine LineColor="#FF000000">
										<Point X="28.5" Y="813.3404" />
										<Point X="28.5" Y="28.5" />
									</PolyLine>
								</PathFigure>
							</Path>
						</Clip>
						<Path FillMode="Winding" RenderTransform="1 0 0 -1 0 842">
							<Brush>
								<SolidBrush Color="#FF939598" />
							</Brush>
							<PathFigure IsClosed="True">
								<PolyLine LineColor="#FF000000">
									<Point X="232.02136" Y="236.95563" />
									<Point X="232.02136" Y="225.01892" />
								</PolyLine>
								<PolyLine LineColor="#FF000000">
									<Point X="232.02136" Y="225.01892" />
									<Point X="232.6182" Y="225.61572" />
								</PolyLine>
								<PolyLine LineColor="#FF000000">
									<Point X="232.6182" Y="225.61572" />
									<Point X="232.6182" Y="236.95563" />
								</PolyLine>
								<PolyLine LineColor="#FF000000">
									<Point X="232.6182" Y="236.95563" />
									<Point X="232.02136" Y="236.95563" />
								</PolyLine>
							</PathFigure>
						</Path>
					</Canvas>
					<Canvas>
						<Clip>
							<Path FillMode="Alternate">
								<PathFigure IsClosed="True">
									<PolyLine LineColor="#FF000000">
										<Point X="28.5" Y="28.5" />
										<Point X="566.25" Y="28.5" />
									</PolyLine>
									<PolyLine LineColor="#FF000000">
										<Point X="566.25" Y="28.5" />
										<Point X="566.25" Y="813.3404" />
									</PolyLine>
									<PolyLine LineColor="#FF000000">
										<Point X="566.25" Y="813.3404" />
										<Point X="28.5" Y="813.3404" />
									</PolyLine>
									<PolyLine LineColor="#FF000000">
										<Point X="28.5" Y="813.3404" />
										<Point X="28.5" Y="28.5" />
									</PolyLine>
								</PathFigure>
							</Path>
						</Clip>
						<Canvas>
							<Clip>
								<Path FillMode="Winding">
									<PathFigure IsClosed="False">
										<PolyLine LineColor="#FF000000">
											<Point X="52.373474" Y="630.1115" />
											<Point X="52.373474" Y="629.51465" />
										</PolyLine>
										<PolyLine LineColor="#FF000000">
											<Point X="52.373474" Y="629.51465" />
											<Point X="230.8277" Y="629.51465" />
										</PolyLine>
										<PolyLine LineColor="#FF000000">
											<Point X="230.8277" Y="629.51465" />
											<Point X="230.8277" Y="630.1115" />
										</PolyLine>
									</PathFigure>
								</Path>
							</Clip>
							<Path FillMode="Winding" RenderTransform="1 0 0 -1 0 842">
								<Brush>
									<SolidBrush Color="#FF706E74" />
								</Brush>
								<PathFigure IsClosed="True">
									<PolyLine LineColor="#FF000000">
										<Point X="52.373474" Y="212.4851" />
										<Point X="52.970306" Y="212.4851" />
									</PolyLine>
									<PolyLine LineColor="#FF000000">
										<Point X="52.970306" Y="212.4851" />
										<Point X="52.970306" Y="211.88843" />
									</PolyLine>
									<PolyLine LineColor="#FF000000">
										<Point X="52.970306" Y="211.88843" />
										<Point X="52.373474" Y="211.88843" />
									</PolyLine>
								</PathFigure>
							</Path>
							<Path FillMode="Winding" RenderTransform="1 0 0 -1 0 842">
								<Brush>
									<SolidBrush Color="#FF706E74" />
								</Brush>
								<PathFigure IsClosed="True">
									<PolyLine LineColor="#FF000000">
										<Point X="230.23083" Y="212.4851" />
										<Point X="230.82768" Y="212.4851" />
									</PolyLine>
									<PolyLine LineColor="#FF000000">
										<Point X="230.82768" Y="212.4851" />
										<Point X="230.82768" Y="211.88843" />
									</PolyLine>
									<PolyLine LineColor="#FF000000">
										<Point X="230.82768" Y="211.88843" />
										<Point X="230.23083" Y="211.88843" />
									</PolyLine>
								</PathFigure>
							</Path>
							<Path FillMode="Alternate" RenderTransform="1 0 0 -1 0 842">
								<Pen Alignment="Center" DashCap="Flat" DashOffset="0" DashPattern="0.5968368 0.5968368" DashStyle="Custom" EndCap="Flat" LineJoin="Miter" MiterLimit="10" StartCap="Flat" Width="0.5968368">
									<Brush>
										<SolidBrush Color="#FF706E74" />
									</Brush>
								</Pen>
								<PathFigure IsClosed="False">
									<PolyLine LineColor="#FF000000">
										<Point X="52.970306" Y="212.18677" />
										<Point X="230.23083" Y="212.18677" />
									</PolyLine>
								</PathFigure>
							</Path>
						</Canvas>
					</Canvas>
					<Canvas>
						<Clip>
							<Path FillMode="Alternate">
								<PathFigure IsClosed="True">
									<PolyLine LineColor="#FF000000">
										<Point X="28.5" Y="28.5" />
										<Point X="566.25" Y="28.5" />
									</PolyLine>
									<PolyLine LineColor="#FF000000">
										<Point X="566.25" Y="28.5" />
										<Point X="566.25" Y="813.3404" />
									</PolyLine>
									<PolyLine LineColor="#FF000000">
										<Point X="566.25" Y="813.3404" />
										<Point X="28.5" Y="813.3404" />
									</PolyLine>
									<PolyLine LineColor="#FF000000">
										<Point X="28.5" Y="813.3404" />
										<Point X="28.5" Y="28.5" />
									</PolyLine>
								</PathFigure>
							</Path>
						</Clip>
					</Canvas>
					<Canvas>
						<Clip>
							<Path FillMode="Alternate">
								<PathFigure IsClosed="True">
									<PolyLine LineColor="#FF000000">
										<Point X="28.5" Y="28.5" />
										<Point X="566.25" Y="28.5" />
									</PolyLine>
									<PolyLine LineColor="#FF000000">
										<Point X="566.25" Y="28.5" />
										<Point X="566.25" Y="813.3404" />
									</PolyLine>
									<PolyLine LineColor="#FF000000">
										<Point X="566.25" Y="813.3404" />
										<Point X="28.5" Y="813.3404" />
									</PolyLine>
									<PolyLine LineColor="#FF000000">
										<Point X="28.5" Y="813.3404" />
										<Point X="28.5" Y="28.5" />
									</PolyLine>
								</PathFigure>
							</Path>
						</Clip>
						<Canvas>
							<Clip>
								<Path FillMode="Winding">
									<PathFigure IsClosed="False">
										<PolyLine LineColor="#FF000000">
											<Point X="232.02136" Y="630.1115" />
											<Point X="232.6182" Y="629.51465" />
										</PolyLine>
										<PolyLine LineColor="#FF000000">
											<Point X="232.6182" Y="629.51465" />
											<Point X="286.3335" Y="629.51465" />
										</PolyLine>
										<PolyLine LineColor="#FF000000">
											<Point X="286.3335" Y="629.51465" />
											<Point X="286.3335" Y="630.1115" />
										</PolyLine>
									</PathFigure>
								</Path>
							</Clip>
							<Path FillMode="Winding" RenderTransform="1 0 0 -1 0 842">
								<Brush>
									<SolidBrush Color="#FF706E74" />
								</Brush>
								<PathFigure IsClosed="True">
									<PolyLine LineColor="#FF000000">
										<Point X="232.02135" Y="212.4851" />
										<Point X="232.6182" Y="212.4851" />
									</PolyLine>
									<PolyLine LineColor="#FF000000">
										<Point X="232.6182" Y="212.4851" />
										<Point X="232.6182" Y="211.88843" />
									</PolyLine>
									<PolyLine LineColor="#FF000000">
										<Point X="232.6182" Y="211.88843" />
										<Point X="232.02135" Y="211.88843" />
									</PolyLine>
								</PathFigure>
							</Path>
							<Path FillMode="Winding" RenderTransform="1 0 0 -1 0 842">
								<Brush>
									<SolidBrush Color="#FF706E74" />
								</Brush>
								<PathFigure IsClosed="True">
									<PolyLine LineColor="#FF000000">
										<Point X="285.73666" Y="212.4851" />
										<Point X="286.3335" Y="212.4851" />
									</PolyLine>
									<PolyLine LineColor="#FF000000">
										<Point X="286.3335" Y="212.4851" />
										<Point X="286.3335" Y="211.88843" />
									</PolyLine>
									<PolyLine LineColor="#FF000000">
										<Point X="286.3335" Y="211.88843" />
										<Point X="285.73666" Y="211.88843" />
									</PolyLine>
								</PathFigure>
							</Path>
							<Path FillMode="Alternate" RenderTransform="1 0 0 -1 0 842">
								<Pen Alignment="Center" DashCap="Flat" DashOffset="0" DashPattern="0.5968368 0.5968368" DashStyle="Custom" EndCap="Flat" LineJoin="Miter" MiterLimit="10" StartCap="Flat" Width="0.5968368">
									<Brush>
										<SolidBrush Color="#FF706E74" />
									</Brush>
								</Pen>
								<PathFigure IsClosed="False">
									<PolyLine LineColor="#FF000000">
										<Point X="232.6182" Y="212.18677" />
										<Point X="285.73666" Y="212.18677" />
									</PolyLine>
								</PathFigure>
							</Path>
						</Canvas>
					</Canvas>
					<Canvas>
						<Clip>
							<Path FillMode="Alternate">
								<PathFigure IsClosed="True">
									<PolyLine LineColor="#FF000000">
										<Point X="28.5" Y="28.5" />
										<Point X="566.25" Y="28.5" />
									</PolyLine>
									<PolyLine LineColor="#FF000000">
										<Point X="566.25" Y="28.5" />
										<Point X="566.25" Y="813.3404" />
									</PolyLine>
									<PolyLine LineColor="#FF000000">
										<Point X="566.25" Y="813.3404" />
										<Point X="28.5" Y="813.3404" />
									</PolyLine>
									<PolyLine LineColor="#FF000000">
										<Point X="28.5" Y="813.3404" />
										<Point X="28.5" Y="28.5" />
									</PolyLine>
								</PathFigure>
							</Path>
						</Clip>
						<Path FillMode="Winding" RenderTransform="1 0 0 -1 0 842">
							<Brush>
								<SolidBrush Color="#FF939598" />
							</Brush>
							<PathFigure IsClosed="True">
								<PolyLine LineColor="#FF000000">
									<Point X="232.02136" Y="223.8252" />
									<Point X="232.02136" Y="211.88849" />
								</PolyLine>
								<PolyLine LineColor="#FF000000">
									<Point X="232.02136" Y="211.88849" />
									<Point X="232.6182" Y="212.48535" />
								</PolyLine>
								<PolyLine LineColor="#FF000000">
									<Point X="232.6182" Y="212.48535" />
									<Point X="232.6182" Y="223.8252" />
								</PolyLine>
								<PolyLine LineColor="#FF000000">
									<Point X="232.6182" Y="223.8252" />
									<Point X="232.02136" Y="223.8252" />
								</PolyLine>
							</PathFigure>
						</Path>
					</Canvas>
					<Canvas>
						<Clip>
							<Path FillMode="Alternate">
								<PathFigure IsClosed="True">
									<PolyLine LineColor="#FF000000">
										<Point X="28.5" Y="28.5" />
										<Point X="566.25" Y="28.5" />
									</PolyLine>
									<PolyLine LineColor="#FF000000">
										<Point X="566.25" Y="28.5" />
										<Point X="566.25" Y="813.3404" />
									</PolyLine>
									<PolyLine LineColor="#FF000000">
										<Point X="566.25" Y="813.3404" />
										<Point X="28.5" Y="813.3404" />
									</PolyLine>
									<PolyLine LineColor="#FF000000">
										<Point X="28.5" Y="813.3404" />
										<Point X="28.5" Y="28.5" />
									</PolyLine>
								</PathFigure>
							</Path>
						</Clip>
						<Canvas>
							<Clip>
								<Path FillMode="Winding">
									<PathFigure IsClosed="False">
										<PolyLine LineColor="#FF000000">
											<Point X="52.373474" Y="643.24194" />
											<Point X="52.373474" Y="642.6451" />
										</PolyLine>
										<PolyLine LineColor="#FF000000">
											<Point X="52.373474" Y="642.6451" />
											<Point X="230.8277" Y="642.6451" />
										</PolyLine>
										<PolyLine LineColor="#FF000000">
											<Point X="230.8277" Y="642.6451" />
											<Point X="230.8277" Y="643.24194" />
										</PolyLine>
									</PathFigure>
								</Path>
							</Clip>
							<Path FillMode="Winding" RenderTransform="1 0 0 -1 0 842">
								<Brush>
									<SolidBrush Color="#FF706E74" />
								</Brush>
								<PathFigure IsClosed="True">
									<PolyLine LineColor="#FF000000">
										<Point X="52.373474" Y="199.35474" />
										<Point X="52.970306" Y="199.35474" />
									</PolyLine>
									<PolyLine LineColor="#FF000000">
										<Point X="52.970306" Y="199.35474" />
										<Point X="52.970306" Y="198.75806" />
									</PolyLine>
									<PolyLine LineColor="#FF000000">
										<Point X="52.970306" Y="198.75806" />
										<Point X="52.373474" Y="198.75806" />
									</PolyLine>
								</PathFigure>
							</Path>
							<Path FillMode="Winding" RenderTransform="1 0 0 -1 0 842">
								<Brush>
									<SolidBrush Color="#FF706E74" />
								</Brush>
								<PathFigure IsClosed="True">
									<PolyLine LineColor="#FF000000">
										<Point X="230.23083" Y="199.35474" />
										<Point X="230.82768" Y="199.35474" />
									</PolyLine>
									<PolyLine LineColor="#FF000000">
										<Point X="230.82768" Y="199.35474" />
										<Point X="230.82768" Y="198.75806" />
									</PolyLine>
									<PolyLine LineColor="#FF000000">
										<Point X="230.82768" Y="198.75806" />
										<Point X="230.23083" Y="198.75806" />
									</PolyLine>
								</PathFigure>
							</Path>
							<Path FillMode="Alternate" RenderTransform="1 0 0 -1 0 842">
								<Pen Alignment="Center" DashCap="Flat" DashOffset="0" DashPattern="0.5968368 0.5968368" DashStyle="Custom" EndCap="Flat" LineJoin="Miter" MiterLimit="10" StartCap="Flat" Width="0.5968368">
									<Brush>
										<SolidBrush Color="#FF706E74" />
									</Brush>
								</Pen>
								<PathFigure IsClosed="False">
									<PolyLine LineColor="#FF000000">
										<Point X="52.970306" Y="199.0564" />
										<Point X="230.23083" Y="199.0564" />
									</PolyLine>
								</PathFigure>
							</Path>
						</Canvas>
					</Canvas>
					<Canvas>
						<Clip>
							<Path FillMode="Alternate">
								<PathFigure IsClosed="True">
									<PolyLine LineColor="#FF000000">
										<Point X="28.5" Y="28.5" />
										<Point X="566.25" Y="28.5" />
									</PolyLine>
									<PolyLine LineColor="#FF000000">
										<Point X="566.25" Y="28.5" />
										<Point X="566.25" Y="813.3404" />
									</PolyLine>
									<PolyLine LineColor="#FF000000">
										<Point X="566.25" Y="813.3404" />
										<Point X="28.5" Y="813.3404" />
									</PolyLine>
									<PolyLine LineColor="#FF000000">
										<Point X="28.5" Y="813.3404" />
										<Point X="28.5" Y="28.5" />
									</PolyLine>
								</PathFigure>
							</Path>
						</Clip>
					</Canvas>
					<Canvas>
						<Clip>
							<Path FillMode="Alternate">
								<PathFigure IsClosed="True">
									<PolyLine LineColor="#FF000000">
										<Point X="28.5" Y="28.5" />
										<Point X="566.25" Y="28.5" />
									</PolyLine>
									<PolyLine LineColor="#FF000000">
										<Point X="566.25" Y="28.5" />
										<Point X="566.25" Y="813.3404" />
									</PolyLine>
									<PolyLine LineColor="#FF000000">
										<Point X="566.25" Y="813.3404" />
										<Point X="28.5" Y="813.3404" />
									</PolyLine>
									<PolyLine LineColor="#FF000000">
										<Point X="28.5" Y="813.3404" />
										<Point X="28.5" Y="28.5" />
									</PolyLine>
								</PathFigure>
							</Path>
						</Clip>
						<Canvas>
							<Clip>
								<Path FillMode="Winding">
									<PathFigure IsClosed="False">
										<PolyLine LineColor="#FF000000">
											<Point X="232.02136" Y="643.24194" />
											<Point X="232.6182" Y="642.6451" />
										</PolyLine>
										<PolyLine LineColor="#FF000000">
											<Point X="232.6182" Y="642.6451" />
											<Point X="286.3335" Y="642.6451" />
										</PolyLine>
										<PolyLine LineColor="#FF000000">
											<Point X="286.3335" Y="642.6451" />
											<Point X="286.3335" Y="643.24194" />
										</PolyLine>
									</PathFigure>
								</Path>
							</Clip>
							<Path FillMode="Winding" RenderTransform="1 0 0 -1 0 842">
								<Brush>
									<SolidBrush Color="#FF706E74" />
								</Brush>
								<PathFigure IsClosed="True">
									<PolyLine LineColor="#FF000000">
										<Point X="232.02135" Y="199.35474" />
										<Point X="232.6182" Y="199.35474" />
									</PolyLine>
									<PolyLine LineColor="#FF000000">
										<Point X="232.6182" Y="199.35474" />
										<Point X="232.6182" Y="198.75806" />
									</PolyLine>
									<PolyLine LineColor="#FF000000">
										<Point X="232.6182" Y="198.75806" />
										<Point X="232.02135" Y="198.75806" />
									</PolyLine>
								</PathFigure>
							</Path>
							<Path FillMode="Winding" RenderTransform="1 0 0 -1 0 842">
								<Brush>
									<SolidBrush Color="#FF706E74" />
								</Brush>
								<PathFigure IsClosed="True">
									<PolyLine LineColor="#FF000000">
										<Point X="285.73666" Y="199.35474" />
										<Point X="286.3335" Y="199.35474" />
									</PolyLine>
									<PolyLine LineColor="#FF000000">
										<Point X="286.3335" Y="199.35474" />
										<Point X="286.3335" Y="198.75806" />
									</PolyLine>
									<PolyLine LineColor="#FF000000">
										<Point X="286.3335" Y="198.75806" />
										<Point X="285.73666" Y="198.75806" />
									</PolyLine>
								</PathFigure>
							</Path>
							<Path FillMode="Alternate" RenderTransform="1 0 0 -1 0 842">
								<Pen Alignment="Center" DashCap="Flat" DashOffset="0" DashPattern="0.5968368 0.5968368" DashStyle="Custom" EndCap="Flat" LineJoin="Miter" MiterLimit="10" StartCap="Flat" Width="0.5968368">
									<Brush>
										<SolidBrush Color="#FF706E74" />
									</Brush>
								</Pen>
								<PathFigure IsClosed="False">
									<PolyLine LineColor="#FF000000">
										<Point X="232.6182" Y="199.0564" />
										<Point X="285.73666" Y="199.0564" />
									</PolyLine>
								</PathFigure>
							</Path>
						</Canvas>
					</Canvas>
					<Canvas>
						<Clip>
							<Path FillMode="Alternate">
								<PathFigure IsClosed="True">
									<PolyLine LineColor="#FF000000">
										<Point X="28.5" Y="28.5" />
										<Point X="566.25" Y="28.5" />
									</PolyLine>
									<PolyLine LineColor="#FF000000">
										<Point X="566.25" Y="28.5" />
										<Point X="566.25" Y="813.3404" />
									</PolyLine>
									<PolyLine LineColor="#FF000000">
										<Point X="566.25" Y="813.3404" />
										<Point X="28.5" Y="813.3404" />
									</PolyLine>
									<PolyLine LineColor="#FF000000">
										<Point X="28.5" Y="813.3404" />
										<Point X="28.5" Y="28.5" />
									</PolyLine>
								</PathFigure>
							</Path>
						</Clip>
						<Path FillMode="Winding" RenderTransform="1 0 0 -1 0 842">
							<Brush>
								<SolidBrush Color="#FF939598" />
							</Brush>
							<PathFigure IsClosed="True">
								<PolyLine LineColor="#FF000000">
									<Point X="232.02136" Y="210.69476" />
									<Point X="232.02136" Y="198.75806" />
								</PolyLine>
								<PolyLine LineColor="#FF000000">
									<Point X="232.02136" Y="198.75806" />
									<Point X="232.6182" Y="199.35492" />
								</PolyLine>
								<PolyLine LineColor="#FF000000">
									<Point X="232.6182" Y="199.35492" />
									<Point X="232.6182" Y="210.69476" />
								</PolyLine>
								<PolyLine LineColor="#FF000000">
									<Point X="232.6182" Y="210.69476" />
									<Point X="232.02136" Y="210.69476" />
								</PolyLine>
							</PathFigure>
						</Path>
					</Canvas>
					<Canvas>
						<Clip>
							<Path FillMode="Alternate">
								<PathFigure IsClosed="True">
									<PolyLine LineColor="#FF000000">
										<Point X="28.5" Y="28.5" />
										<Point X="566.25" Y="28.5" />
									</PolyLine>
									<PolyLine LineColor="#FF000000">
										<Point X="566.25" Y="28.5" />
										<Point X="566.25" Y="813.3404" />
									</PolyLine>
									<PolyLine LineColor="#FF000000">
										<Point X="566.25" Y="813.3404" />
										<Point X="28.5" Y="813.3404" />
									</PolyLine>
									<PolyLine LineColor="#FF000000">
										<Point X="28.5" Y="813.3404" />
										<Point X="28.5" Y="28.5" />
									</PolyLine>
								</PathFigure>
							</Path>
						</Clip>
						<Canvas>
							<Clip>
								<Path FillMode="Winding">
									<PathFigure IsClosed="False">
										<PolyLine LineColor="#FF000000">
											<Point X="52.373474" Y="656.3724" />
											<Point X="52.373474" Y="655.7755" />
										</PolyLine>
										<PolyLine LineColor="#FF000000">
											<Point X="52.373474" Y="655.7755" />
											<Point X="230.8277" Y="655.7755" />
										</PolyLine>
										<PolyLine LineColor="#FF000000">
											<Point X="230.8277" Y="655.7755" />
											<Point X="230.8277" Y="656.3724" />
										</PolyLine>
									</PathFigure>
								</Path>
							</Clip>
							<Path FillMode="Winding" RenderTransform="1 0 0 -1 0 842">
								<Brush>
									<SolidBrush Color="#FF706E74" />
								</Brush>
								<PathFigure IsClosed="True">
									<PolyLine LineColor="#FF000000">
										<Point X="52.373474" Y="186.22437" />
										<Point X="52.970306" Y="186.22437" />
									</PolyLine>
									<PolyLine LineColor="#FF000000">
										<Point X="52.970306" Y="186.22437" />
										<Point X="52.970306" Y="185.62744" />
									</PolyLine>
									<PolyLine LineColor="#FF000000">
										<Point X="52.970306" Y="185.62744" />
										<Point X="52.373474" Y="185.62744" />
									</PolyLine>
								</PathFigure>
							</Path>
							<Path FillMode="Winding" RenderTransform="1 0 0 -1 0 842">
								<Brush>
									<SolidBrush Color="#FF706E74" />
								</Brush>
								<PathFigure IsClosed="True">
									<PolyLine LineColor="#FF000000">
										<Point X="230.23083" Y="186.22437" />
										<Point X="230.82768" Y="186.22437" />
									</PolyLine>
									<PolyLine LineColor="#FF000000">
										<Point X="230.82768" Y="186.22437" />
										<Point X="230.82768" Y="185.62744" />
									</PolyLine>
									<PolyLine LineColor="#FF000000">
										<Point X="230.82768" Y="185.62744" />
										<Point X="230.23083" Y="185.62744" />
									</PolyLine>
								</PathFigure>
							</Path>
							<Path FillMode="Alternate" RenderTransform="1 0 0 -1 0 842">
								<Pen Alignment="Center" DashCap="Flat" DashOffset="0" DashPattern="0.5968368 0.5968368" DashStyle="Custom" EndCap="Flat" LineJoin="Miter" MiterLimit="10" StartCap="Flat" Width="0.5968368">
									<Brush>
										<SolidBrush Color="#FF706E74" />
									</Brush>
								</Pen>
								<PathFigure IsClosed="False">
									<PolyLine LineColor="#FF000000">
										<Point X="52.970306" Y="185.92603" />
										<Point X="230.23083" Y="185.92603" />
									</PolyLine>
								</PathFigure>
							</Path>
						</Canvas>
					</Canvas>
					<Canvas>
						<Clip>
							<Path FillMode="Alternate">
								<PathFigure IsClosed="True">
									<PolyLine LineColor="#FF000000">
										<Point X="28.5" Y="28.5" />
										<Point X="566.25" Y="28.5" />
									</PolyLine>
									<PolyLine LineColor="#FF000000">
										<Point X="566.25" Y="28.5" />
										<Point X="566.25" Y="813.3404" />
									</PolyLine>
									<PolyLine LineColor="#FF000000">
										<Point X="566.25" Y="813.3404" />
										<Point X="28.5" Y="813.3404" />
									</PolyLine>
									<PolyLine LineColor="#FF000000">
										<Point X="28.5" Y="813.3404" />
										<Point X="28.5" Y="28.5" />
									</PolyLine>
								</PathFigure>
							</Path>
						</Clip>
					</Canvas>
					<Canvas>
						<Clip>
							<Path FillMode="Alternate">
								<PathFigure IsClosed="True">
									<PolyLine LineColor="#FF000000">
										<Point X="28.5" Y="28.5" />
										<Point X="566.25" Y="28.5" />
									</PolyLine>
									<PolyLine LineColor="#FF000000">
										<Point X="566.25" Y="28.5" />
										<Point X="566.25" Y="813.3404" />
									</PolyLine>
									<PolyLine LineColor="#FF000000">
										<Point X="566.25" Y="813.3404" />
										<Point X="28.5" Y="813.3404" />
									</PolyLine>
									<PolyLine LineColor="#FF000000">
										<Point X="28.5" Y="813.3404" />
										<Point X="28.5" Y="28.5" />
									</PolyLine>
								</PathFigure>
							</Path>
						</Clip>
						<Canvas>
							<Clip>
								<Path FillMode="Winding">
									<PathFigure IsClosed="False">
										<PolyLine LineColor="#FF000000">
											<Point X="232.02136" Y="656.3724" />
											<Point X="232.6182" Y="655.7755" />
										</PolyLine>
										<PolyLine LineColor="#FF000000">
											<Point X="232.6182" Y="655.7755" />
											<Point X="286.3335" Y="655.7755" />
										</PolyLine>
										<PolyLine LineColor="#FF000000">
											<Point X="286.3335" Y="655.7755" />
											<Point X="286.3335" Y="656.3724" />
										</PolyLine>
									</PathFigure>
								</Path>
							</Clip>
							<Path FillMode="Winding" RenderTransform="1 0 0 -1 0 842">
								<Brush>
									<SolidBrush Color="#FF706E74" />
								</Brush>
								<PathFigure IsClosed="True">
									<PolyLine LineColor="#FF000000">
										<Point X="232.02135" Y="186.22437" />
										<Point X="232.6182" Y="186.22437" />
									</PolyLine>
									<PolyLine LineColor="#FF000000">
										<Point X="232.6182" Y="186.22437" />
										<Point X="232.6182" Y="185.62744" />
									</PolyLine>
									<PolyLine LineColor="#FF000000">
										<Point X="232.6182" Y="185.62744" />
										<Point X="232.02135" Y="185.62744" />
									</PolyLine>
								</PathFigure>
							</Path>
							<Path FillMode="Winding" RenderTransform="1 0 0 -1 0 842">
								<Brush>
									<SolidBrush Color="#FF706E74" />
								</Brush>
								<PathFigure IsClosed="True">
									<PolyLine LineColor="#FF000000">
										<Point X="285.73666" Y="186.22437" />
										<Point X="286.3335" Y="186.22437" />
									</PolyLine>
									<PolyLine LineColor="#FF000000">
										<Point X="286.3335" Y="186.22437" />
										<Point X="286.3335" Y="185.62744" />
									</PolyLine>
									<PolyLine LineColor="#FF000000">
										<Point X="286.3335" Y="185.62744" />
										<Point X="285.73666" Y="185.62744" />
									</PolyLine>
								</PathFigure>
							</Path>
							<Path FillMode="Alternate" RenderTransform="1 0 0 -1 0 842">
								<Pen Alignment="Center" DashCap="Flat" DashOffset="0" DashPattern="0.5968368 0.5968368" DashStyle="Custom" EndCap="Flat" LineJoin="Miter" MiterLimit="10" StartCap="Flat" Width="0.5968368">
									<Brush>
										<SolidBrush Color="#FF706E74" />
									</Brush>
								</Pen>
								<PathFigure IsClosed="False">
									<PolyLine LineColor="#FF000000">
										<Point X="232.6182" Y="185.92603" />
										<Point X="285.73666" Y="185.92603" />
									</PolyLine>
								</PathFigure>
							</Path>
						</Canvas>
					</Canvas>
					<Canvas>
						<Clip>
							<Path FillMode="Alternate">
								<PathFigure IsClosed="True">
									<PolyLine LineColor="#FF000000">
										<Point X="28.5" Y="28.5" />
										<Point X="566.25" Y="28.5" />
									</PolyLine>
									<PolyLine LineColor="#FF000000">
										<Point X="566.25" Y="28.5" />
										<Point X="566.25" Y="813.3404" />
									</PolyLine>
									<PolyLine LineColor="#FF000000">
										<Point X="566.25" Y="813.3404" />
										<Point X="28.5" Y="813.3404" />
									</PolyLine>
									<PolyLine LineColor="#FF000000">
										<Point X="28.5" Y="813.3404" />
										<Point X="28.5" Y="28.5" />
									</PolyLine>
								</PathFigure>
							</Path>
						</Clip>
						<Path FillMode="Winding" RenderTransform="1 0 0 -1 0 842">
							<Brush>
								<SolidBrush Color="#FF939598" />
							</Brush>
							<PathFigure IsClosed="True">
								<PolyLine LineColor="#FF000000">
									<Point X="232.02136" Y="197.56439" />
									<Point X="232.02136" Y="185.62762" />
								</PolyLine>
								<PolyLine LineColor="#FF000000">
									<Point X="232.02136" Y="185.62762" />
									<Point X="232.6182" Y="186.22449" />
								</PolyLine>
								<PolyLine LineColor="#FF000000">
									<Point X="232.6182" Y="186.22449" />
									<Point X="232.6182" Y="197.56439" />
								</PolyLine>
								<PolyLine LineColor="#FF000000">
									<Point X="232.6182" Y="197.56439" />
									<Point X="232.02136" Y="197.56439" />
								</PolyLine>
							</PathFigure>
						</Path>
					</Canvas>
					<Canvas>
						<Clip>
							<Path FillMode="Alternate">
								<PathFigure IsClosed="True">
									<PolyLine LineColor="#FF000000">
										<Point X="28.5" Y="28.5" />
										<Point X="566.25" Y="28.5" />
									</PolyLine>
									<PolyLine LineColor="#FF000000">
										<Point X="566.25" Y="28.5" />
										<Point X="566.25" Y="813.3404" />
									</PolyLine>
									<PolyLine LineColor="#FF000000">
										<Point X="566.25" Y="813.3404" />
										<Point X="28.5" Y="813.3404" />
									</PolyLine>
									<PolyLine LineColor="#FF000000">
										<Point X="28.5" Y="813.3404" />
										<Point X="28.5" Y="28.5" />
									</PolyLine>
								</PathFigure>
							</Path>
						</Clip>
						<Canvas>
							<Clip>
								<Path FillMode="Winding">
									<PathFigure IsClosed="False">
										<PolyLine LineColor="#FF000000">
											<Point X="52.373474" Y="669.50275" />
											<Point X="52.373474" Y="668.90594" />
										</PolyLine>
										<PolyLine LineColor="#FF000000">
											<Point X="52.373474" Y="668.90594" />
											<Point X="230.8277" Y="668.90594" />
										</PolyLine>
										<PolyLine LineColor="#FF000000">
											<Point X="230.8277" Y="668.90594" />
											<Point X="230.8277" Y="669.50275" />
										</PolyLine>
									</PathFigure>
								</Path>
							</Clip>
							<Path FillMode="Winding" RenderTransform="1 0 0 -1 0 842">
								<Brush>
									<SolidBrush Color="#FF706E74" />
								</Brush>
								<PathFigure IsClosed="True">
									<PolyLine LineColor="#FF000000">
										<Point X="52.373474" Y="173.094" />
										<Point X="52.970306" Y="173.094" />
									</PolyLine>
									<PolyLine LineColor="#FF000000">
										<Point X="52.970306" Y="173.094" />
										<Point X="52.970306" Y="172.49707" />
									</PolyLine>
									<PolyLine LineColor="#FF000000">
										<Point X="52.970306" Y="172.49707" />
										<Point X="52.373474" Y="172.49707" />
									</PolyLine>
								</PathFigure>
							</Path>
							<Path FillMode="Winding" RenderTransform="1 0 0 -1 0 842">
								<Brush>
									<SolidBrush Color="#FF706E74" />
								</Brush>
								<PathFigure IsClosed="True">
									<PolyLine LineColor="#FF000000">
										<Point X="230.23083" Y="173.094" />
										<Point X="230.82768" Y="173.094" />
									</PolyLine>
									<PolyLine LineColor="#FF000000">
										<Point X="230.82768" Y="173.094" />
										<Point X="230.82768" Y="172.49707" />
									</PolyLine>
									<PolyLine LineColor="#FF000000">
										<Point X="230.82768" Y="172.49707" />
										<Point X="230.23083" Y="172.49707" />
									</PolyLine>
								</PathFigure>
							</Path>
							<Path FillMode="Alternate" RenderTransform="1 0 0 -1 0 842">
								<Pen Alignment="Center" DashCap="Flat" DashOffset="0" DashPattern="0.5968368 0.5968368" DashStyle="Custom" EndCap="Flat" LineJoin="Miter" MiterLimit="10" StartCap="Flat" Width="0.5968368">
									<Brush>
										<SolidBrush Color="#FF706E74" />
									</Brush>
								</Pen>
								<PathFigure IsClosed="False">
									<PolyLine LineColor="#FF000000">
										<Point X="52.970306" Y="172.79565" />
										<Point X="230.23083" Y="172.79565" />
									</PolyLine>
								</PathFigure>
							</Path>
						</Canvas>
					</Canvas>
					<Canvas>
						<Clip>
							<Path FillMode="Alternate">
								<PathFigure IsClosed="True">
									<PolyLine LineColor="#FF000000">
										<Point X="28.5" Y="28.5" />
										<Point X="566.25" Y="28.5" />
									</PolyLine>
									<PolyLine LineColor="#FF000000">
										<Point X="566.25" Y="28.5" />
										<Point X="566.25" Y="813.3404" />
									</PolyLine>
									<PolyLine LineColor="#FF000000">
										<Point X="566.25" Y="813.3404" />
										<Point X="28.5" Y="813.3404" />
									</PolyLine>
									<PolyLine LineColor="#FF000000">
										<Point X="28.5" Y="813.3404" />
										<Point X="28.5" Y="28.5" />
									</PolyLine>
								</PathFigure>
							</Path>
						</Clip>
					</Canvas>
					<Canvas>
						<Clip>
							<Path FillMode="Alternate">
								<PathFigure IsClosed="True">
									<PolyLine LineColor="#FF000000">
										<Point X="28.5" Y="28.5" />
										<Point X="566.25" Y="28.5" />
									</PolyLine>
									<PolyLine LineColor="#FF000000">
										<Point X="566.25" Y="28.5" />
										<Point X="566.25" Y="813.3404" />
									</PolyLine>
									<PolyLine LineColor="#FF000000">
										<Point X="566.25" Y="813.3404" />
										<Point X="28.5" Y="813.3404" />
									</PolyLine>
									<PolyLine LineColor="#FF000000">
										<Point X="28.5" Y="813.3404" />
										<Point X="28.5" Y="28.5" />
									</PolyLine>
								</PathFigure>
							</Path>
						</Clip>
						<Canvas>
							<Clip>
								<Path FillMode="Winding">
									<PathFigure IsClosed="False">
										<PolyLine LineColor="#FF000000">
											<Point X="232.02136" Y="669.50275" />
											<Point X="232.6182" Y="668.90594" />
										</PolyLine>
										<PolyLine LineColor="#FF000000">
											<Point X="232.6182" Y="668.90594" />
											<Point X="286.3335" Y="668.90594" />
										</PolyLine>
										<PolyLine LineColor="#FF000000">
											<Point X="286.3335" Y="668.90594" />
											<Point X="286.3335" Y="669.50275" />
										</PolyLine>
									</PathFigure>
								</Path>
							</Clip>
							<Path FillMode="Winding" RenderTransform="1 0 0 -1 0 842">
								<Brush>
									<SolidBrush Color="#FF706E74" />
								</Brush>
								<PathFigure IsClosed="True">
									<PolyLine LineColor="#FF000000">
										<Point X="232.02135" Y="173.094" />
										<Point X="232.6182" Y="173.094" />
									</PolyLine>
									<PolyLine LineColor="#FF000000">
										<Point X="232.6182" Y="173.094" />
										<Point X="232.6182" Y="172.49707" />
									</PolyLine>
									<PolyLine LineColor="#FF000000">
										<Point X="232.6182" Y="172.49707" />
										<Point X="232.02135" Y="172.49707" />
									</PolyLine>
								</PathFigure>
							</Path>
							<Path FillMode="Winding" RenderTransform="1 0 0 -1 0 842">
								<Brush>
									<SolidBrush Color="#FF706E74" />
								</Brush>
								<PathFigure IsClosed="True">
									<PolyLine LineColor="#FF000000">
										<Point X="285.73666" Y="173.094" />
										<Point X="286.3335" Y="173.094" />
									</PolyLine>
									<PolyLine LineColor="#FF000000">
										<Point X="286.3335" Y="173.094" />
										<Point X="286.3335" Y="172.49707" />
									</PolyLine>
									<PolyLine LineColor="#FF000000">
										<Point X="286.3335" Y="172.49707" />
										<Point X="285.73666" Y="172.49707" />
									</PolyLine>
								</PathFigure>
							</Path>
							<Path FillMode="Alternate" RenderTransform="1 0 0 -1 0 842">
								<Pen Alignment="Center" DashCap="Flat" DashOffset="0" DashPattern="0.5968368 0.5968368" DashStyle="Custom" EndCap="Flat" LineJoin="Miter" MiterLimit="10" StartCap="Flat" Width="0.5968368">
									<Brush>
										<SolidBrush Color="#FF706E74" />
									</Brush>
								</Pen>
								<PathFigure IsClosed="False">
									<PolyLine LineColor="#FF000000">
										<Point X="232.6182" Y="172.79565" />
										<Point X="285.73666" Y="172.79565" />
									</PolyLine>
								</PathFigure>
							</Path>
						</Canvas>
					</Canvas>
					<Canvas>
						<Clip>
							<Path FillMode="Alternate">
								<PathFigure IsClosed="True">
									<PolyLine LineColor="#FF000000">
										<Point X="28.5" Y="28.5" />
										<Point X="566.25" Y="28.5" />
									</PolyLine>
									<PolyLine LineColor="#FF000000">
										<Point X="566.25" Y="28.5" />
										<Point X="566.25" Y="813.3404" />
									</PolyLine>
									<PolyLine LineColor="#FF000000">
										<Point X="566.25" Y="813.3404" />
										<Point X="28.5" Y="813.3404" />
									</PolyLine>
									<PolyLine LineColor="#FF000000">
										<Point X="28.5" Y="813.3404" />
										<Point X="28.5" Y="28.5" />
									</PolyLine>
								</PathFigure>
							</Path>
						</Clip>
						<Path FillMode="Winding" RenderTransform="1 0 0 -1 0 842">
							<Brush>
								<SolidBrush Color="#FF939598" />
							</Brush>
							<PathFigure IsClosed="True">
								<PolyLine LineColor="#FF000000">
									<Point X="232.02136" Y="184.43396" />
									<Point X="232.02136" Y="172.49725" />
								</PolyLine>
								<PolyLine LineColor="#FF000000">
									<Point X="232.02136" Y="172.49725" />
									<Point X="232.6182" Y="173.09406" />
								</PolyLine>
								<PolyLine LineColor="#FF000000">
									<Point X="232.6182" Y="173.09406" />
									<Point X="232.6182" Y="184.43396" />
								</PolyLine>
								<PolyLine LineColor="#FF000000">
									<Point X="232.6182" Y="184.43396" />
									<Point X="232.02136" Y="184.43396" />
								</PolyLine>
							</PathFigure>
						</Path>
					</Canvas>
					<Canvas>
						<Clip>
							<Path FillMode="Alternate">
								<PathFigure IsClosed="True">
									<PolyLine LineColor="#FF000000">
										<Point X="28.5" Y="28.5" />
										<Point X="566.25" Y="28.5" />
									</PolyLine>
									<PolyLine LineColor="#FF000000">
										<Point X="566.25" Y="28.5" />
										<Point X="566.25" Y="813.3404" />
									</PolyLine>
									<PolyLine LineColor="#FF000000">
										<Point X="566.25" Y="813.3404" />
										<Point X="28.5" Y="813.3404" />
									</PolyLine>
									<PolyLine LineColor="#FF000000">
										<Point X="28.5" Y="813.3404" />
										<Point X="28.5" Y="28.5" />
									</PolyLine>
								</PathFigure>
							</Path>
						</Clip>
						<Canvas>
							<Clip>
								<Path FillMode="Winding">
									<PathFigure IsClosed="False">
										<PolyLine LineColor="#FF000000">
											<Point X="52.373474" Y="682.6332" />
											<Point X="52.373474" Y="682.0363" />
										</PolyLine>
										<PolyLine LineColor="#FF000000">
											<Point X="52.373474" Y="682.0363" />
											<Point X="230.8277" Y="682.0363" />
										</PolyLine>
										<PolyLine LineColor="#FF000000">
											<Point X="230.8277" Y="682.0363" />
											<Point X="230.8277" Y="682.6332" />
										</PolyLine>
									</PathFigure>
								</Path>
							</Clip>
							<Path FillMode="Winding" RenderTransform="1 0 0 -1 0 842">
								<Brush>
									<SolidBrush Color="#FF706E74" />
								</Brush>
								<PathFigure IsClosed="True">
									<PolyLine LineColor="#FF000000">
										<Point X="52.373474" Y="159.96362" />
										<Point X="52.970306" Y="159.96362" />
									</PolyLine>
									<PolyLine LineColor="#FF000000">
										<Point X="52.970306" Y="159.96362" />
										<Point X="52.970306" Y="159.3667" />
									</PolyLine>
									<PolyLine LineColor="#FF000000">
										<Point X="52.970306" Y="159.3667" />
										<Point X="52.373474" Y="159.3667" />
									</PolyLine>
								</PathFigure>
							</Path>
							<Path FillMode="Winding" RenderTransform="1 0 0 -1 0 842">
								<Brush>
									<SolidBrush Color="#FF706E74" />
								</Brush>
								<PathFigure IsClosed="True">
									<PolyLine LineColor="#FF000000">
										<Point X="230.23083" Y="159.96362" />
										<Point X="230.82768" Y="159.96362" />
									</PolyLine>
									<PolyLine LineColor="#FF000000">
										<Point X="230.82768" Y="159.96362" />
										<Point X="230.82768" Y="159.3667" />
									</PolyLine>
									<PolyLine LineColor="#FF000000">
										<Point X="230.82768" Y="159.3667" />
										<Point X="230.23083" Y="159.3667" />
									</PolyLine>
								</PathFigure>
							</Path>
							<Path FillMode="Alternate" RenderTransform="1 0 0 -1 0 842">
								<Pen Alignment="Center" DashCap="Flat" DashOffset="0" DashPattern="0.5968368 0.5968368" DashStyle="Custom" EndCap="Flat" LineJoin="Miter" MiterLimit="10" StartCap="Flat" Width="0.5968368">
									<Brush>
										<SolidBrush Color="#FF706E74" />
									</Brush>
								</Pen>
								<PathFigure IsClosed="False">
									<PolyLine LineColor="#FF000000">
										<Point X="52.970306" Y="159.66504" />
										<Point X="230.23083" Y="159.66504" />
									</PolyLine>
								</PathFigure>
							</Path>
						</Canvas>
					</Canvas>
					<Canvas>
						<Clip>
							<Path FillMode="Alternate">
								<PathFigure IsClosed="True">
									<PolyLine LineColor="#FF000000">
										<Point X="28.5" Y="28.5" />
										<Point X="566.25" Y="28.5" />
									</PolyLine>
									<PolyLine LineColor="#FF000000">
										<Point X="566.25" Y="28.5" />
										<Point X="566.25" Y="813.3404" />
									</PolyLine>
									<PolyLine LineColor="#FF000000">
										<Point X="566.25" Y="813.3404" />
										<Point X="28.5" Y="813.3404" />
									</PolyLine>
									<PolyLine LineColor="#FF000000">
										<Point X="28.5" Y="813.3404" />
										<Point X="28.5" Y="28.5" />
									</PolyLine>
								</PathFigure>
							</Path>
						</Clip>
					</Canvas>
					<Canvas>
						<Clip>
							<Path FillMode="Alternate">
								<PathFigure IsClosed="True">
									<PolyLine LineColor="#FF000000">
										<Point X="28.5" Y="28.5" />
										<Point X="566.25" Y="28.5" />
									</PolyLine>
									<PolyLine LineColor="#FF000000">
										<Point X="566.25" Y="28.5" />
										<Point X="566.25" Y="813.3404" />
									</PolyLine>
									<PolyLine LineColor="#FF000000">
										<Point X="566.25" Y="813.3404" />
										<Point X="28.5" Y="813.3404" />
									</PolyLine>
									<PolyLine LineColor="#FF000000">
										<Point X="28.5" Y="813.3404" />
										<Point X="28.5" Y="28.5" />
									</PolyLine>
								</PathFigure>
							</Path>
						</Clip>
						<Canvas>
							<Clip>
								<Path FillMode="Winding">
									<PathFigure IsClosed="False">
										<PolyLine LineColor="#FF000000">
											<Point X="232.02136" Y="682.6332" />
											<Point X="232.6182" Y="682.0363" />
										</PolyLine>
										<PolyLine LineColor="#FF000000">
											<Point X="232.6182" Y="682.0363" />
											<Point X="286.3335" Y="682.0363" />
										</PolyLine>
										<PolyLine LineColor="#FF000000">
											<Point X="286.3335" Y="682.0363" />
											<Point X="286.3335" Y="682.6332" />
										</PolyLine>
									</PathFigure>
								</Path>
							</Clip>
							<Path FillMode="Winding" RenderTransform="1 0 0 -1 0 842">
								<Brush>
									<SolidBrush Color="#FF706E74" />
								</Brush>
								<PathFigure IsClosed="True">
									<PolyLine LineColor="#FF000000">
										<Point X="232.02135" Y="159.96362" />
										<Point X="232.6182" Y="159.96362" />
									</PolyLine>
									<PolyLine LineColor="#FF000000">
										<Point X="232.6182" Y="159.96362" />
										<Point X="232.6182" Y="159.3667" />
									</PolyLine>
									<PolyLine LineColor="#FF000000">
										<Point X="232.6182" Y="159.3667" />
										<Point X="232.02135" Y="159.3667" />
									</PolyLine>
								</PathFigure>
							</Path>
							<Path FillMode="Winding" RenderTransform="1 0 0 -1 0 842">
								<Brush>
									<SolidBrush Color="#FF706E74" />
								</Brush>
								<PathFigure IsClosed="True">
									<PolyLine LineColor="#FF000000">
										<Point X="285.73666" Y="159.96362" />
										<Point X="286.3335" Y="159.96362" />
									</PolyLine>
									<PolyLine LineColor="#FF000000">
										<Point X="286.3335" Y="159.96362" />
										<Point X="286.3335" Y="159.3667" />
									</PolyLine>
									<PolyLine LineColor="#FF000000">
										<Point X="286.3335" Y="159.3667" />
										<Point X="285.73666" Y="159.3667" />
									</PolyLine>
								</PathFigure>
							</Path>
							<Path FillMode="Alternate" RenderTransform="1 0 0 -1 0 842">
								<Pen Alignment="Center" DashCap="Flat" DashOffset="0" DashPattern="0.5968368 0.5968368" DashStyle="Custom" EndCap="Flat" LineJoin="Miter" MiterLimit="10" StartCap="Flat" Width="0.5968368">
									<Brush>
										<SolidBrush Color="#FF706E74" />
									</Brush>
								</Pen>
								<PathFigure IsClosed="False">
									<PolyLine LineColor="#FF000000">
										<Point X="232.6182" Y="159.66504" />
										<Point X="285.73666" Y="159.66504" />
									</PolyLine>
								</PathFigure>
							</Path>
						</Canvas>
					</Canvas>
					<Canvas>
						<Clip>
							<Path FillMode="Alternate">
								<PathFigure IsClosed="True">
									<PolyLine LineColor="#FF000000">
										<Point X="28.5" Y="28.5" />
										<Point X="566.25" Y="28.5" />
									</PolyLine>
									<PolyLine LineColor="#FF000000">
										<Point X="566.25" Y="28.5" />
										<Point X="566.25" Y="813.3404" />
									</PolyLine>
									<PolyLine LineColor="#FF000000">
										<Point X="566.25" Y="813.3404" />
										<Point X="28.5" Y="813.3404" />
									</PolyLine>
									<PolyLine LineColor="#FF000000">
										<Point X="28.5" Y="813.3404" />
										<Point X="28.5" Y="28.5" />
									</PolyLine>
								</PathFigure>
							</Path>
						</Clip>
						<Path FillMode="Winding" RenderTransform="1 0 0 -1 0 842">
							<Brush>
								<SolidBrush Color="#FF939598" />
							</Brush>
							<PathFigure IsClosed="True">
								<PolyLine LineColor="#FF000000">
									<Point X="232.02136" Y="171.30359" />
									<Point X="232.02136" Y="159.36682" />
								</PolyLine>
								<PolyLine LineColor="#FF000000">
									<Point X="232.02136" Y="159.36682" />
									<Point X="232.6182" Y="159.96368" />
								</PolyLine>
								<PolyLine LineColor="#FF000000">
									<Point X="232.6182" Y="159.96368" />
									<Point X="232.6182" Y="171.30359" />
								</PolyLine>
								<PolyLine LineColor="#FF000000">
									<Point X="232.6182" Y="171.30359" />
									<Point X="232.02136" Y="171.30359" />
								</PolyLine>
							</PathFigure>
						</Path>
					</Canvas>
					<Canvas>
						<Clip>
							<Path FillMode="Alternate">
								<PathFigure IsClosed="True">
									<PolyLine LineColor="#FF000000">
										<Point X="28.5" Y="28.5" />
										<Point X="566.25" Y="28.5" />
									</PolyLine>
									<PolyLine LineColor="#FF000000">
										<Point X="566.25" Y="28.5" />
										<Point X="566.25" Y="813.3404" />
									</PolyLine>
									<PolyLine LineColor="#FF000000">
										<Point X="566.25" Y="813.3404" />
										<Point X="28.5" Y="813.3404" />
									</PolyLine>
									<PolyLine LineColor="#FF000000">
										<Point X="28.5" Y="813.3404" />
										<Point X="28.5" Y="28.5" />
									</PolyLine>
								</PathFigure>
							</Path>
						</Clip>
						<Canvas>
							<Clip>
								<Path FillMode="Winding">
									<PathFigure IsClosed="False">
										<PolyLine LineColor="#FF000000">
											<Point X="52.373474" Y="695.76355" />
											<Point X="52.373474" Y="695.16675" />
										</PolyLine>
										<PolyLine LineColor="#FF000000">
											<Point X="52.373474" Y="695.16675" />
											<Point X="230.8277" Y="695.16675" />
										</PolyLine>
										<PolyLine LineColor="#FF000000">
											<Point X="230.8277" Y="695.16675" />
											<Point X="230.8277" Y="695.76355" />
										</PolyLine>
									</PathFigure>
								</Path>
							</Clip>
							<Path FillMode="Winding" RenderTransform="1 0 0 -1 0 842">
								<Brush>
									<SolidBrush Color="#FF706E74" />
								</Brush>
								<PathFigure IsClosed="True">
									<PolyLine LineColor="#FF000000">
										<Point X="52.373474" Y="146.83325" />
										<Point X="52.970306" Y="146.83325" />
									</PolyLine>
									<PolyLine LineColor="#FF000000">
										<Point X="52.970306" Y="146.83325" />
										<Point X="52.970306" Y="146.23633" />
									</PolyLine>
									<PolyLine LineColor="#FF000000">
										<Point X="52.970306" Y="146.23633" />
										<Point X="52.373474" Y="146.23633" />
									</PolyLine>
								</PathFigure>
							</Path>
							<Path FillMode="Winding" RenderTransform="1 0 0 -1 0 842">
								<Brush>
									<SolidBrush Color="#FF706E74" />
								</Brush>
								<PathFigure IsClosed="True">
									<PolyLine LineColor="#FF000000">
										<Point X="230.23083" Y="146.83325" />
										<Point X="230.82768" Y="146.83325" />
									</PolyLine>
									<PolyLine LineColor="#FF000000">
										<Point X="230.82768" Y="146.83325" />
										<Point X="230.82768" Y="146.23633" />
									</PolyLine>
									<PolyLine LineColor="#FF000000">
										<Point X="230.82768" Y="146.23633" />
										<Point X="230.23083" Y="146.23633" />
									</PolyLine>
								</PathFigure>
							</Path>
							<Path FillMode="Alternate" RenderTransform="1 0 0 -1 0 842">
								<Pen Alignment="Center" DashCap="Flat" DashOffset="0" DashPattern="0.5968368 0.5968368" DashStyle="Custom" EndCap="Flat" LineJoin="Miter" MiterLimit="10" StartCap="Flat" Width="0.5968368">
									<Brush>
										<SolidBrush Color="#FF706E74" />
									</Brush>
								</Pen>
								<PathFigure IsClosed="False">
									<PolyLine LineColor="#FF000000">
										<Point X="52.970306" Y="146.53467" />
										<Point X="230.23083" Y="146.53467" />
									</PolyLine>
								</PathFigure>
							</Path>
						</Canvas>
					</Canvas>
					<Canvas>
						<Clip>
							<Path FillMode="Alternate">
								<PathFigure IsClosed="True">
									<PolyLine LineColor="#FF000000">
										<Point X="28.5" Y="28.5" />
										<Point X="566.25" Y="28.5" />
									</PolyLine>
									<PolyLine LineColor="#FF000000">
										<Point X="566.25" Y="28.5" />
										<Point X="566.25" Y="813.3404" />
									</PolyLine>
									<PolyLine LineColor="#FF000000">
										<Point X="566.25" Y="813.3404" />
										<Point X="28.5" Y="813.3404" />
									</PolyLine>
									<PolyLine LineColor="#FF000000">
										<Point X="28.5" Y="813.3404" />
										<Point X="28.5" Y="28.5" />
									</PolyLine>
								</PathFigure>
							</Path>
						</Clip>
					</Canvas>
					<Canvas>
						<Clip>
							<Path FillMode="Alternate">
								<PathFigure IsClosed="True">
									<PolyLine LineColor="#FF000000">
										<Point X="28.5" Y="28.5" />
										<Point X="566.25" Y="28.5" />
									</PolyLine>
									<PolyLine LineColor="#FF000000">
										<Point X="566.25" Y="28.5" />
										<Point X="566.25" Y="813.3404" />
									</PolyLine>
									<PolyLine LineColor="#FF000000">
										<Point X="566.25" Y="813.3404" />
										<Point X="28.5" Y="813.3404" />
									</PolyLine>
									<PolyLine LineColor="#FF000000">
										<Point X="28.5" Y="813.3404" />
										<Point X="28.5" Y="28.5" />
									</PolyLine>
								</PathFigure>
							</Path>
						</Clip>
						<Canvas>
							<Clip>
								<Path FillMode="Winding">
									<PathFigure IsClosed="False">
										<PolyLine LineColor="#FF000000">
											<Point X="232.02136" Y="695.76355" />
											<Point X="232.6182" Y="695.16675" />
										</PolyLine>
										<PolyLine LineColor="#FF000000">
											<Point X="232.6182" Y="695.16675" />
											<Point X="286.3335" Y="695.16675" />
										</PolyLine>
										<PolyLine LineColor="#FF000000">
											<Point X="286.3335" Y="695.16675" />
											<Point X="286.3335" Y="695.76355" />
										</PolyLine>
									</PathFigure>
								</Path>
							</Clip>
							<Path FillMode="Winding" RenderTransform="1 0 0 -1 0 842">
								<Brush>
									<SolidBrush Color="#FF706E74" />
								</Brush>
								<PathFigure IsClosed="True">
									<PolyLine LineColor="#FF000000">
										<Point X="232.02135" Y="146.83325" />
										<Point X="232.6182" Y="146.83325" />
									</PolyLine>
									<PolyLine LineColor="#FF000000">
										<Point X="232.6182" Y="146.83325" />
										<Point X="232.6182" Y="146.23633" />
									</PolyLine>
									<PolyLine LineColor="#FF000000">
										<Point X="232.6182" Y="146.23633" />
										<Point X="232.02135" Y="146.23633" />
									</PolyLine>
								</PathFigure>
							</Path>
							<Path FillMode="Winding" RenderTransform="1 0 0 -1 0 842">
								<Brush>
									<SolidBrush Color="#FF706E74" />
								</Brush>
								<PathFigure IsClosed="True">
									<PolyLine LineColor="#FF000000">
										<Point X="285.73666" Y="146.83325" />
										<Point X="286.3335" Y="146.83325" />
									</PolyLine>
									<PolyLine LineColor="#FF000000">
										<Point X="286.3335" Y="146.83325" />
										<Point X="286.3335" Y="146.23633" />
									</PolyLine>
									<PolyLine LineColor="#FF000000">
										<Point X="286.3335" Y="146.23633" />
										<Point X="285.73666" Y="146.23633" />
									</PolyLine>
								</PathFigure>
							</Path>
							<Path FillMode="Alternate" RenderTransform="1 0 0 -1 0 842">
								<Pen Alignment="Center" DashCap="Flat" DashOffset="0" DashPattern="0.5968368 0.5968368" DashStyle="Custom" EndCap="Flat" LineJoin="Miter" MiterLimit="10" StartCap="Flat" Width="0.5968368">
									<Brush>
										<SolidBrush Color="#FF706E74" />
									</Brush>
								</Pen>
								<PathFigure IsClosed="False">
									<PolyLine LineColor="#FF000000">
										<Point X="232.6182" Y="146.53467" />
										<Point X="285.73666" Y="146.53467" />
									</PolyLine>
								</PathFigure>
							</Path>
						</Canvas>
					</Canvas>
					<Canvas>
						<Clip>
							<Path FillMode="Alternate">
								<PathFigure IsClosed="True">
									<PolyLine LineColor="#FF000000">
										<Point X="28.5" Y="28.5" />
										<Point X="566.25" Y="28.5" />
									</PolyLine>
									<PolyLine LineColor="#FF000000">
										<Point X="566.25" Y="28.5" />
										<Point X="566.25" Y="813.3404" />
									</PolyLine>
									<PolyLine LineColor="#FF000000">
										<Point X="566.25" Y="813.3404" />
										<Point X="28.5" Y="813.3404" />
									</PolyLine>
									<PolyLine LineColor="#FF000000">
										<Point X="28.5" Y="813.3404" />
										<Point X="28.5" Y="28.5" />
									</PolyLine>
								</PathFigure>
							</Path>
						</Clip>
						<Path FillMode="Winding" RenderTransform="1 0 0 -1 0 842">
							<Brush>
								<SolidBrush Color="#FF939598" />
							</Brush>
							<PathFigure IsClosed="True">
								<PolyLine LineColor="#FF000000">
									<Point X="232.02136" Y="158.17316" />
									<Point X="232.02136" Y="146.23645" />
								</PolyLine>
								<PolyLine LineColor="#FF000000">
									<Point X="232.02136" Y="146.23645" />
									<Point X="232.6182" Y="146.83325" />
								</PolyLine>
								<PolyLine LineColor="#FF000000">
									<Point X="232.6182" Y="146.83325" />
									<Point X="232.6182" Y="158.17316" />
								</PolyLine>
								<PolyLine LineColor="#FF000000">
									<Point X="232.6182" Y="158.17316" />
									<Point X="232.02136" Y="158.17316" />
								</PolyLine>
							</PathFigure>
						</Path>
					</Canvas>
					<Canvas>
						<Clip>
							<Path FillMode="Alternate">
								<PathFigure IsClosed="True">
									<PolyLine LineColor="#FF000000">
										<Point X="28.5" Y="28.5" />
										<Point X="566.25" Y="28.5" />
									</PolyLine>
									<PolyLine LineColor="#FF000000">
										<Point X="566.25" Y="28.5" />
										<Point X="566.25" Y="813.3404" />
									</PolyLine>
									<PolyLine LineColor="#FF000000">
										<Point X="566.25" Y="813.3404" />
										<Point X="28.5" Y="813.3404" />
									</PolyLine>
									<PolyLine LineColor="#FF000000">
										<Point X="28.5" Y="813.3404" />
										<Point X="28.5" Y="28.5" />
									</PolyLine>
								</PathFigure>
							</Path>
						</Clip>
						<Canvas>
							<Clip>
								<Path FillMode="Winding">
									<PathFigure IsClosed="False">
										<PolyLine LineColor="#FF000000">
											<Point X="52.373474" Y="708.89404" />
											<Point X="52.373474" Y="708.2971" />
										</PolyLine>
										<PolyLine LineColor="#FF000000">
											<Point X="52.373474" Y="708.2971" />
											<Point X="230.8277" Y="708.2971" />
										</PolyLine>
										<PolyLine LineColor="#FF000000">
											<Point X="230.8277" Y="708.2971" />
											<Point X="230.8277" Y="708.89404" />
										</PolyLine>
									</PathFigure>
								</Path>
							</Clip>
							<Path FillMode="Winding" RenderTransform="1 0 0 -1 0 842">
								<Brush>
									<SolidBrush Color="#FF706E74" />
								</Brush>
								<PathFigure IsClosed="True">
									<PolyLine LineColor="#FF000000">
										<Point X="52.373474" Y="133.70264" />
										<Point X="52.970306" Y="133.70264" />
									</PolyLine>
									<PolyLine LineColor="#FF000000">
										<Point X="52.970306" Y="133.70264" />
										<Point X="52.970306" Y="133.10596" />
									</PolyLine>
									<PolyLine LineColor="#FF000000">
										<Point X="52.970306" Y="133.10596" />
										<Point X="52.373474" Y="133.10596" />
									</PolyLine>
								</PathFigure>
							</Path>
							<Path FillMode="Winding" RenderTransform="1 0 0 -1 0 842">
								<Brush>
									<SolidBrush Color="#FF706E74" />
								</Brush>
								<PathFigure IsClosed="True">
									<PolyLine LineColor="#FF000000">
										<Point X="230.23083" Y="133.70264" />
										<Point X="230.82768" Y="133.70264" />
									</PolyLine>
									<PolyLine LineColor="#FF000000">
										<Point X="230.82768" Y="133.70264" />
										<Point X="230.82768" Y="133.10596" />
									</PolyLine>
									<PolyLine LineColor="#FF000000">
										<Point X="230.82768" Y="133.10596" />
										<Point X="230.23083" Y="133.10596" />
									</PolyLine>
								</PathFigure>
							</Path>
							<Path FillMode="Alternate" RenderTransform="1 0 0 -1 0 842">
								<Pen Alignment="Center" DashCap="Flat" DashOffset="0" DashPattern="0.5968368 0.5968368" DashStyle="Custom" EndCap="Flat" LineJoin="Miter" MiterLimit="10" StartCap="Flat" Width="0.5968368">
									<Brush>
										<SolidBrush Color="#FF706E74" />
									</Brush>
								</Pen>
								<PathFigure IsClosed="False">
									<PolyLine LineColor="#FF000000">
										<Point X="52.970306" Y="133.4043" />
										<Point X="230.23083" Y="133.4043" />
									</PolyLine>
								</PathFigure>
							</Path>
						</Canvas>
					</Canvas>
					<Canvas>
						<Clip>
							<Path FillMode="Alternate">
								<PathFigure IsClosed="True">
									<PolyLine LineColor="#FF000000">
										<Point X="28.5" Y="28.5" />
										<Point X="566.25" Y="28.5" />
									</PolyLine>
									<PolyLine LineColor="#FF000000">
										<Point X="566.25" Y="28.5" />
										<Point X="566.25" Y="813.3404" />
									</PolyLine>
									<PolyLine LineColor="#FF000000">
										<Point X="566.25" Y="813.3404" />
										<Point X="28.5" Y="813.3404" />
									</PolyLine>
									<PolyLine LineColor="#FF000000">
										<Point X="28.5" Y="813.3404" />
										<Point X="28.5" Y="28.5" />
									</PolyLine>
								</PathFigure>
							</Path>
						</Clip>
					</Canvas>
					<Canvas>
						<Clip>
							<Path FillMode="Alternate">
								<PathFigure IsClosed="True">
									<PolyLine LineColor="#FF000000">
										<Point X="28.5" Y="28.5" />
										<Point X="566.25" Y="28.5" />
									</PolyLine>
									<PolyLine LineColor="#FF000000">
										<Point X="566.25" Y="28.5" />
										<Point X="566.25" Y="813.3404" />
									</PolyLine>
									<PolyLine LineColor="#FF000000">
										<Point X="566.25" Y="813.3404" />
										<Point X="28.5" Y="813.3404" />
									</PolyLine>
									<PolyLine LineColor="#FF000000">
										<Point X="28.5" Y="813.3404" />
										<Point X="28.5" Y="28.5" />
									</PolyLine>
								</PathFigure>
							</Path>
						</Clip>
						<Canvas>
							<Clip>
								<Path FillMode="Winding">
									<PathFigure IsClosed="False">
										<PolyLine LineColor="#FF000000">
											<Point X="232.02136" Y="708.89404" />
											<Point X="232.6182" Y="708.2971" />
										</PolyLine>
										<PolyLine LineColor="#FF000000">
											<Point X="232.6182" Y="708.2971" />
											<Point X="286.3335" Y="708.2971" />
										</PolyLine>
										<PolyLine LineColor="#FF000000">
											<Point X="286.3335" Y="708.2971" />
											<Point X="286.3335" Y="708.89404" />
										</PolyLine>
									</PathFigure>
								</Path>
							</Clip>
							<Path FillMode="Winding" RenderTransform="1 0 0 -1 0 842">
								<Brush>
									<SolidBrush Color="#FF706E74" />
								</Brush>
								<PathFigure IsClosed="True">
									<PolyLine LineColor="#FF000000">
										<Point X="232.02135" Y="133.70264" />
										<Point X="232.6182" Y="133.70264" />
									</PolyLine>
									<PolyLine LineColor="#FF000000">
										<Point X="232.6182" Y="133.70264" />
										<Point X="232.6182" Y="133.10596" />
									</PolyLine>
									<PolyLine LineColor="#FF000000">
										<Point X="232.6182" Y="133.10596" />
										<Point X="232.02135" Y="133.10596" />
									</PolyLine>
								</PathFigure>
							</Path>
							<Path FillMode="Winding" RenderTransform="1 0 0 -1 0 842">
								<Brush>
									<SolidBrush Color="#FF706E74" />
								</Brush>
								<PathFigure IsClosed="True">
									<PolyLine LineColor="#FF000000">
										<Point X="285.73666" Y="133.70264" />
										<Point X="286.3335" Y="133.70264" />
									</PolyLine>
									<PolyLine LineColor="#FF000000">
										<Point X="286.3335" Y="133.70264" />
										<Point X="286.3335" Y="133.10596" />
									</PolyLine>
									<PolyLine LineColor="#FF000000">
										<Point X="286.3335" Y="133.10596" />
										<Point X="285.73666" Y="133.10596" />
									</PolyLine>
								</PathFigure>
							</Path>
							<Path FillMode="Alternate" RenderTransform="1 0 0 -1 0 842">
								<Pen Alignment="Center" DashCap="Flat" DashOffset="0" DashPattern="0.5968368 0.5968368" DashStyle="Custom" EndCap="Flat" LineJoin="Miter" MiterLimit="10" StartCap="Flat" Width="0.5968368">
									<Brush>
										<SolidBrush Color="#FF706E74" />
									</Brush>
								</Pen>
								<PathFigure IsClosed="False">
									<PolyLine LineColor="#FF000000">
										<Point X="232.6182" Y="133.4043" />
										<Point X="285.73666" Y="133.4043" />
									</PolyLine>
								</PathFigure>
							</Path>
						</Canvas>
					</Canvas>
					<Canvas>
						<Clip>
							<Path FillMode="Alternate">
								<PathFigure IsClosed="True">
									<PolyLine LineColor="#FF000000">
										<Point X="28.5" Y="28.5" />
										<Point X="566.25" Y="28.5" />
									</PolyLine>
									<PolyLine LineColor="#FF000000">
										<Point X="566.25" Y="28.5" />
										<Point X="566.25" Y="813.3404" />
									</PolyLine>
									<PolyLine LineColor="#FF000000">
										<Point X="566.25" Y="813.3404" />
										<Point X="28.5" Y="813.3404" />
									</PolyLine>
									<PolyLine LineColor="#FF000000">
										<Point X="28.5" Y="813.3404" />
										<Point X="28.5" Y="28.5" />
									</PolyLine>
								</PathFigure>
							</Path>
						</Clip>
						<Path FillMode="Winding" RenderTransform="1 0 0 -1 0 842">
							<Brush>
								<SolidBrush Color="#FF939598" />
							</Brush>
							<PathFigure IsClosed="True">
								<PolyLine LineColor="#FF000000">
									<Point X="232.02136" Y="145.04272" />
									<Point X="232.02136" Y="133.10596" />
								</PolyLine>
								<PolyLine LineColor="#FF000000">
									<Point X="232.02136" Y="133.10596" />
									<Point X="232.6182" Y="133.70288" />
								</PolyLine>
								<PolyLine LineColor="#FF000000">
									<Point X="232.6182" Y="133.70288" />
									<Point X="232.6182" Y="145.04272" />
								</PolyLine>
								<PolyLine LineColor="#FF000000">
									<Point X="232.6182" Y="145.04272" />
									<Point X="232.02136" Y="145.04272" />
								</PolyLine>
							</PathFigure>
						</Path>
						<Glyphs OutlineWidth="0.5" CharSpace="0" RenderTransform="0.5968368 0 -0 0.5968368 57.148167 600.2698">
							<Font SizePoints="14" Style="Regular" FamilyName="CSMVMI+BlissPro" Capitals="Normal" ResourceId="2" />
							<Origin X="0" Y="0" />
							<Text>О</Text>
							<Size Width="10.57" Height="8.162108" />
							<Brush>
								<SolidBrush Color="#FF000000" />
							</Brush>
							<Tag>convertedFont</Tag>
						</Glyphs>
						<Glyphs OutlineWidth="0.5" CharSpace="0" RenderTransform="0.5968368 0 -0 0.5968368 63.498882 600.2698">
							<Font SizePoints="14" Style="Regular" FamilyName="CSMVMI+BlissPro" Capitals="Normal" ResourceId="2" />
							<Origin X="0" Y="0" />
							<Text>б</Text>
							<Size Width="7.14" Height="8.162108" />
							<Brush>
								<SolidBrush Color="#FF000000" />
							</Brush>
							<Tag>convertedFont</Tag>
						</Glyphs>
						<Glyphs OutlineWidth="0.5" CharSpace="0" RenderTransform="0.5968368 0 -0 0.5968368 67.78865 600.2698">
							<Font SizePoints="14" Style="Regular" FamilyName="CSMVMI+BlissPro" Capitals="Normal" ResourceId="2" />
							<Origin X="0" Y="0" />
							<Text>о</Text>
							<Size Width="7.364" Height="8.162108" />
							<Brush>
								<SolidBrush Color="#FF000000" />
							</Brush>
							<Tag>convertedFont</Tag>
						</Glyphs>
						<Glyphs OutlineWidth="0.5" CharSpace="0" RenderTransform="0.5968368 0 -0 0.5968368 72.20897 600.2698">
							<Font SizePoints="14" Style="Regular" FamilyName="CSMVMI+BlissPro" Capitals="Normal" ResourceId="2" />
							<Origin X="0" Y="0" />
							<Text>з</Text>
							<Size Width="5.894" Height="8.162108" />
							<Brush>
								<SolidBrush Color="#FF000000" />
							</Brush>
							<Tag>convertedFont</Tag>
						</Glyphs>
						<Glyphs OutlineWidth="0.5" CharSpace="0" RenderTransform="0.5968368 0 -0 0.5968368 75.752686 600.2698">
							<Font SizePoints="14" Style="Regular" FamilyName="CSMVMI+BlissPro" Capitals="Normal" ResourceId="2" />
							<Origin X="0" Y="0" />
							<Text>н</Text>
							<Size Width="7.266" Height="8.162108" />
							<Brush>
								<SolidBrush Color="#FF000000" />
							</Brush>
							<Tag>convertedFont</Tag>
						</Glyphs>
						<Glyphs OutlineWidth="0.5" CharSpace="0" RenderTransform="0.5968368 0 -0 0.5968368 80.11706 600.2698">
							<Font SizePoints="14" Style="Regular" FamilyName="CSMVMI+BlissPro" Capitals="Normal" ResourceId="2" />
							<Origin X="0" Y="0" />
							<Text>а</Text>
							<Size Width="6.608" Height="8.162108" />
							<Brush>
								<SolidBrush Color="#FF000000" />
							</Brush>
							<Tag>convertedFont</Tag>
						</Glyphs>
						<Glyphs OutlineWidth="0.5" CharSpace="0" RenderTransform="0.5968368 0 -0 0.5968368 84.08975 600.2698">
							<Font SizePoints="14" Style="Regular" FamilyName="CSMVMI+BlissPro" Capitals="Normal" ResourceId="2" />
							<Origin X="0" Y="0" />
							<Text>ч</Text>
							<Size Width="6.776" Height="8.162108" />
							<Brush>
								<SolidBrush Color="#FF000000" />
							</Brush>
							<Tag>convertedFont</Tag>
						</Glyphs>
						<Glyphs OutlineWidth="0.5" CharSpace="0" RenderTransform="0.5968368 0 -0 0.5968368 88.16502 600.2698">
							<Font SizePoints="14" Style="Regular" FamilyName="CSMVMI+BlissPro" Capitals="Normal" ResourceId="2" />
							<Origin X="0" Y="0" />
							<Text>е</Text>
							<Size Width="6.636" Height="8.162108" />
							<Brush>
								<SolidBrush Color="#FF000000" />
							</Brush>
							<Tag>convertedFont</Tag>
						</Glyphs>
						<Glyphs OutlineWidth="0.5" CharSpace="0" RenderTransform="0.5968368 0 -0 0.5968368 92.15637 600.2698">
							<Font SizePoints="14" Style="Regular" FamilyName="CSMVMI+BlissPro" Capitals="Normal" ResourceId="2" />
							<Origin X="0" Y="0" />
							<Text>н</Text>
							<Size Width="7.266" Height="8.162108" />
							<Brush>
								<SolidBrush Color="#FF000000" />
							</Brush>
							<Tag>convertedFont</Tag>
						</Glyphs>
						<Glyphs OutlineWidth="0.5" CharSpace="0" RenderTransform="0.5968368 0 -0 0.5968368 96.520744 600.2698">
							<Font SizePoints="14" Style="Regular" FamilyName="CSMVMI+BlissPro" Capitals="Normal" ResourceId="2" />
							<Origin X="0" Y="0" />
							<Text>и</Text>
							<Size Width="7.518" Height="8.162108" />
							<Brush>
								<SolidBrush Color="#FF000000" />
							</Brush>
							<Tag>convertedFont</Tag>
						</Glyphs>
						<Glyphs OutlineWidth="0.5" CharSpace="0" RenderTransform="0.5968368 0 -0 0.5968368 101.034325 600.2698">
							<Font SizePoints="14" Style="Regular" FamilyName="CSMVMI+BlissPro" Capitals="Normal" ResourceId="2" />
							<Origin X="0" Y="0" />
							<Text>е</Text>
							<Size Width="6.636" Height="8.162108" />
							<Brush>
								<SolidBrush Color="#FF000000" />
							</Brush>
							<Tag>convertedFont</Tag>
						</Glyphs>
						<Glyphs OutlineWidth="0.5" CharSpace="0" RenderTransform="0.5968368 0 -0 0.5968368 237.39288 600.2698">
							<Font SizePoints="14" Style="Regular" FamilyName="CSMVMI+BlissPro" Capitals="Normal" ResourceId="2" />
							<Origin X="0" Y="0" />
							<Text>V</Text>
							<Size Width="8.624" Height="8.162108" />
							<Brush>
								<SolidBrush Color="#FF000000" />
							</Brush>
							<Tag>convertedFont</Tag>
						</Glyphs>
						<Glyphs OutlineWidth="0.5" CharSpace="0" RenderTransform="0.5968368 0 -0 0.5968368 242.5779 600.2698">
							<Font SizePoints="14" Style="Regular" FamilyName="CSMVMI+BlissPro" Capitals="Normal" ResourceId="2" />
							<Origin X="0" Y="0" />
							<Text>R</Text>
							<Size Width="7.728" Height="8.162108" />
							<Brush>
								<SolidBrush Color="#FF000000" />
							</Brush>
							<Tag>convertedFont</Tag>
						</Glyphs>
						<Glyphs OutlineWidth="0.5" CharSpace="0" RenderTransform="0.5968368 0 -0 0.5968368 247.22203 600.2698">
							<Font SizePoints="14" Style="Regular" FamilyName="CSMVMI+BlissPro" Capitals="Normal" ResourceId="2" />
							<Origin X="0" Y="0" />
							<Text>N</Text>
							<Size Width="10.094" Height="8.162108" />
							<Brush>
								<SolidBrush Color="#FF000000" />
							</Brush>
							<Tag>convertedFont</Tag>
						</Glyphs>
						<Glyphs OutlineWidth="0.5" CharSpace="0" RenderTransform="0.5968368 0 -0 0.5968368 57.148167 613.40015">
							<Font SizePoints="14" Style="Regular" FamilyName="CSMVMI+BlissPro" Capitals="Normal" ResourceId="2" />
							<Origin X="0" Y="0" />
							<Text>К</Text>
							<Size Width="8.176" Height="8.162108" />
							<Brush>
								<SolidBrush Color="#FF000000" />
							</Brush>
							<Tag>convertedFont</Tag>
						</Glyphs>
						<Glyphs OutlineWidth="0.5" CharSpace="0" RenderTransform="0.5968368 0 -0 0.5968368 62.062744 613.40015">
							<Font SizePoints="14" Style="Regular" FamilyName="CSMVMI+BlissPro" Capitals="Normal" ResourceId="2" />
							<Origin X="0" Y="0" />
							<Text>о</Text>
							<Size Width="7.364" Height="8.162108" />
							<Brush>
								<SolidBrush Color="#FF000000" />
							</Brush>
							<Tag>convertedFont</Tag>
						</Glyphs>
						<Glyphs OutlineWidth="0.5" CharSpace="0" RenderTransform="0.5968368 0 -0 0.5968368 66.48306 613.40015">
							<Font SizePoints="14" Style="Regular" FamilyName="CSMVMI+BlissPro" Capitals="Normal" ResourceId="2" />
							<Origin X="0" Y="0" />
							<Text>л</Text>
							<Size Width="7.042" Height="8.162108" />
							<Brush>
								<SolidBrush Color="#FF000000" />
							</Brush>
							<Tag>convertedFont</Tag>
						</Glyphs>
						<Glyphs OutlineWidth="0.5" CharSpace="0" RenderTransform="0.5968368 0 -0 0.5968368 70.71687 613.40015">
							<Font SizePoints="14" Style="Regular" FamilyName="CSMVMI+BlissPro" Capitals="Normal" ResourceId="2" />
							<Origin X="0" Y="0" />
							<Text>и</Text>
							<Size Width="7.518" Height="8.162108" />
							<Brush>
								<SolidBrush Color="#FF000000" />
							</Brush>
							<Tag>convertedFont</Tag>
						</Glyphs>
						<Glyphs OutlineWidth="0.5" CharSpace="0" RenderTransform="0.5968368 0 -0 0.5968368 75.23045 613.40015">
							<Font SizePoints="14" Style="Regular" FamilyName="CSMVMI+BlissPro" Capitals="Normal" ResourceId="2" />
							<Origin X="0" Y="0" />
							<Text>ч</Text>
							<Size Width="6.776" Height="8.162108" />
							<Brush>
								<SolidBrush Color="#FF000000" />
							</Brush>
							<Tag>convertedFont</Tag>
						</Glyphs>
						<Glyphs OutlineWidth="0.5" CharSpace="0" RenderTransform="0.5968368 0 -0 0.5968368 79.30573 613.40015">
							<Font SizePoints="14" Style="Regular" FamilyName="CSMVMI+BlissPro" Capitals="Normal" ResourceId="2" />
							<Origin X="0" Y="0" />
							<Text>е</Text>
							<Size Width="6.636" Height="8.162108" />
							<Brush>
								<SolidBrush Color="#FF000000" />
							</Brush>
							<Tag>convertedFont</Tag>
						</Glyphs>
						<Glyphs OutlineWidth="0.5" CharSpace="0" RenderTransform="0.5968368 0 -0 0.5968368 83.29708 613.40015">
							<Font SizePoints="14" Style="Regular" FamilyName="CSMVMI+BlissPro" Capitals="Normal" ResourceId="2" />
							<Origin X="0" Y="0" />
							<Text>с</Text>
							<Size Width="6.076" Height="8.162108" />
							<Brush>
								<SolidBrush Color="#FF000000" />
							</Brush>
							<Tag>convertedFont</Tag>
						</Glyphs>
						<Glyphs OutlineWidth="0.5" CharSpace="0" RenderTransform="0.5968368 0 -0 0.5968368 86.943375 613.40015">
							<Font SizePoints="14" Style="Regular" FamilyName="CSMVMI+BlissPro" Capitals="Normal" ResourceId="2" />
							<Origin X="0" Y="0" />
							<Text>т</Text>
							<Size Width="6.174" Height="8.162108" />
							<Brush>
								<SolidBrush Color="#FF000000" />
							</Brush>
							<Tag>convertedFont</Tag>
						</Glyphs>
						<Glyphs OutlineWidth="0.5" CharSpace="0" RenderTransform="0.5968368 0 -0 0.5968368 90.65495 613.40015">
							<Font SizePoints="14" Style="Regular" FamilyName="CSMVMI+BlissPro" Capitals="Normal" ResourceId="2" />
							<Origin X="0" Y="0" />
							<Text>в</Text>
							<Size Width="6.538" Height="8.162108" />
							<Brush>
								<SolidBrush Color="#FF000000" />
							</Brush>
							<Tag>convertedFont</Tag>
						</Glyphs>
						<Glyphs OutlineWidth="0.5" CharSpace="0" RenderTransform="0.5968368 0 -0 0.5968368 94.59035 613.40015">
							<Font SizePoints="14" Style="Regular" FamilyName="CSMVMI+BlissPro" Capitals="Normal" ResourceId="2" />
							<Origin X="0" Y="0" />
							<Text>о</Text>
							<Size Width="7.364" Height="8.162108" />
							<Brush>
								<SolidBrush Color="#FF000000" />
							</Brush>
							<Tag>convertedFont</Tag>
						</Glyphs>
						<Glyphs OutlineWidth="0.5" CharSpace="0" RenderTransform="0.5968368 0 -0 0.5968368 99.01067 613.40015">
							<Font SizePoints="14" Style="Regular" FamilyName="CSMVMI+BlissPro" Capitals="Normal" ResourceId="2" />
							<Origin X="0" Y="0" />
							<Text> </Text>
							<Size Width="3.094" Height="8.162108" />
							<Brush>
								<SolidBrush Color="#FF000000" />
							</Brush>
							<Tag>convertedFont</Tag>
						</Glyphs>
						<Glyphs OutlineWidth="0.5" CharSpace="0" RenderTransform="0.5968368 0 -0 0.5968368 100.86646 613.40015">
							<Font SizePoints="14" Style="Regular" FamilyName="CSMVMI+BlissPro" Capitals="Normal" ResourceId="2" />
							<Origin X="0" Y="0" />
							<Text>а</Text>
							<Size Width="6.608" Height="8.162108" />
							<Brush>
								<SolidBrush Color="#FF000000" />
							</Brush>
							<Tag>convertedFont</Tag>
						</Glyphs>
						<Glyphs OutlineWidth="0.5" CharSpace="0" RenderTransform="0.5968368 0 -0 0.5968368 104.83916 613.40015">
							<Font SizePoints="14" Style="Regular" FamilyName="CSMVMI+BlissPro" Capitals="Normal" ResourceId="2" />
							<Origin X="0" Y="0" />
							<Text>г</Text>
							<Size Width="5.544" Height="8.162108" />
							<Brush>
								<SolidBrush Color="#FF000000" />
							</Brush>
							<Tag>convertedFont</Tag>
						</Glyphs>
						<Glyphs OutlineWidth="0.5" CharSpace="0" RenderTransform="0.5968368 0 -0 0.5968368 108.16839 613.40015">
							<Font SizePoints="14" Style="Regular" FamilyName="CSMVMI+BlissPro" Capitals="Normal" ResourceId="2" />
							<Origin X="0" Y="0" />
							<Text>р</Text>
							<Size Width="7.14" Height="8.162108" />
							<Brush>
								<SolidBrush Color="#FF000000" />
							</Brush>
							<Tag>convertedFont</Tag>
						</Glyphs>
						<Glyphs OutlineWidth="0.5" CharSpace="0" RenderTransform="0.5968368 0 -0 0.5968368 112.45815 613.40015">
							<Font SizePoints="14" Style="Regular" FamilyName="CSMVMI+BlissPro" Capitals="Normal" ResourceId="2" />
							<Origin X="0" Y="0" />
							<Text>е</Text>
							<Size Width="6.636" Height="8.162108" />
							<Brush>
								<SolidBrush Color="#FF000000" />
							</Brush>
							<Tag>convertedFont</Tag>
						</Glyphs>
						<Glyphs OutlineWidth="0.5" CharSpace="0" RenderTransform="0.5968368 0 -0 0.5968368 116.4495 613.40015">
							<Font SizePoints="14" Style="Regular" FamilyName="CSMVMI+BlissPro" Capitals="Normal" ResourceId="2" />
							<Origin X="0" Y="0" />
							<Text>г</Text>
							<Size Width="5.544" Height="8.162108" />
							<Brush>
								<SolidBrush Color="#FF000000" />
							</Brush>
							<Tag>convertedFont</Tag>
						</Glyphs>
						<Glyphs OutlineWidth="0.5" CharSpace="0" RenderTransform="0.5968368 0 -0 0.5968368 119.77873 613.40015">
							<Font SizePoints="14" Style="Regular" FamilyName="CSMVMI+BlissPro" Capitals="Normal" ResourceId="2" />
							<Origin X="0" Y="0" />
							<Text>а</Text>
							<Size Width="6.608" Height="8.162108" />
							<Brush>
								<SolidBrush Color="#FF000000" />
							</Brush>
							<Tag>convertedFont</Tag>
						</Glyphs>
						<Glyphs OutlineWidth="0.5" CharSpace="0" RenderTransform="0.5968368 0 -0 0.5968368 123.75143 613.40015">
							<Font SizePoints="14" Style="Regular" FamilyName="CSMVMI+BlissPro" Capitals="Normal" ResourceId="2" />
							<Origin X="0" Y="0" />
							<Text>т</Text>
							<Size Width="6.174" Height="8.162108" />
							<Brush>
								<SolidBrush Color="#FF000000" />
							</Brush>
							<Tag>convertedFont</Tag>
						</Glyphs>
						<Glyphs OutlineWidth="0.5" CharSpace="0" RenderTransform="0.5968368 0 -0 0.5968368 127.463005 613.40015">
							<Font SizePoints="14" Style="Regular" FamilyName="CSMVMI+BlissPro" Capitals="Normal" ResourceId="2" />
							<Origin X="0" Y="0" />
							<Text>о</Text>
							<Size Width="7.364" Height="8.162108" />
							<Brush>
								<SolidBrush Color="#FF000000" />
							</Brush>
							<Tag>convertedFont</Tag>
						</Glyphs>
						<Glyphs OutlineWidth="0.5" CharSpace="0" RenderTransform="0.5968368 0 -0 0.5968368 131.88333 613.40015">
							<Font SizePoints="14" Style="Regular" FamilyName="CSMVMI+BlissPro" Capitals="Normal" ResourceId="2" />
							<Origin X="0" Y="0" />
							<Text>в</Text>
							<Size Width="6.538" Height="8.162108" />
							<Brush>
								<SolidBrush Color="#FF000000" />
							</Brush>
							<Tag>convertedFont</Tag>
						</Glyphs>
						<Glyphs OutlineWidth="0.5" CharSpace="0" RenderTransform="0.5968368 0 -0 0.5968368 135.81873 613.40015">
							<Font SizePoints="14" Style="Regular" FamilyName="CSMVMI+BlissPro" Capitals="Normal" ResourceId="2" />
							<Origin X="0" Y="0" />
							<Text> </Text>
							<Size Width="3.094" Height="8.162108" />
							<Brush>
								<SolidBrush Color="#FF000000" />
							</Brush>
							<Tag>convertedFont</Tag>
						</Glyphs>
						<Glyphs OutlineWidth="0.5" CharSpace="0" RenderTransform="0.5968368 0 -0 0.5968368 137.6745 613.40015">
							<Font SizePoints="14" Style="Regular" FamilyName="CSMVMI+BlissPro" Capitals="Normal" ResourceId="2" />
							<Origin X="0" Y="0" />
							<Text>(</Text>
							<Size Width="4.508" Height="8.162108" />
							<Brush>
								<SolidBrush Color="#FF000000" />
							</Brush>
							<Tag>convertedFont</Tag>
						</Glyphs>
						<Glyphs OutlineWidth="0.5" CharSpace="0" RenderTransform="0.5968368 0 -0 0.5968368 140.37892 613.40015">
							<Font SizePoints="14" Style="Regular" FamilyName="CSMVMI+BlissPro" Capitals="Normal" ResourceId="2" />
							<Origin X="0" Y="0" />
							<Text>ш</Text>
							<Size Width="9.772" Height="8.162108" />
							<Brush>
								<SolidBrush Color="#FF000000" />
							</Brush>
							<Tag>convertedFont</Tag>
						</Glyphs>
						<Glyphs OutlineWidth="0.5" CharSpace="0" RenderTransform="0.5968368 0 -0 0.5968368 146.24472 613.40015">
							<Font SizePoints="14" Style="Regular" FamilyName="CSMVMI+BlissPro" Capitals="Normal" ResourceId="2" />
							<Origin X="0" Y="0" />
							<Text>т</Text>
							<Size Width="6.174" Height="8.162108" />
							<Brush>
								<SolidBrush Color="#FF000000" />
							</Brush>
							<Tag>convertedFont</Tag>
						</Glyphs>
						<Glyphs OutlineWidth="0.5" CharSpace="0" RenderTransform="0.5968368 0 -0 0.5968368 149.9563 613.40015">
							<Font SizePoints="14" Style="Regular" FamilyName="CSMVMI+BlissPro" Capitals="Normal" ResourceId="2" />
							<Origin X="0" Y="0" />
							<Text>)</Text>
							<Size Width="4.508" Height="8.162108" />
							<Brush>
								<SolidBrush Color="#FF000000" />
							</Brush>
							<Tag>convertedFont</Tag>
						</Glyphs>
						<Glyphs OutlineWidth="0.5" CharSpace="0" RenderTransform="0.5968368 0 -0 0.5968368 237.39288 613.40015">
							<Font SizePoints="14" Style="Regular" FamilyName="CSMVMI+BlissPro" Capitals="Normal" ResourceId="2" />
							<Origin X="0" Y="0" />
							<Text>2</Text>
							<Size Width="7.154" Height="8.162108" />
							<Brush>
								<SolidBrush Color="#FF000000" />
							</Brush>
							<Tag>convertedFont</Tag>
						</Glyphs>
						<Glyphs OutlineWidth="0.5" CharSpace="0" RenderTransform="0.5968368 0 -0 0.5968368 57.148167 626.5305">
							<Font SizePoints="14" Style="Regular" FamilyName="CSMVMI+BlissPro" Capitals="Normal" ResourceId="2" />
							<Origin X="0" Y="0" />
							<Text>Р</Text>
							<Size Width="7.112" Height="8.162108" />
							<Brush>
								<SolidBrush Color="#FF000000" />
							</Brush>
							<Tag>convertedFont</Tag>
						</Glyphs>
						<Glyphs OutlineWidth="0.5" CharSpace="0" RenderTransform="0.5968368 0 -0 0.5968368 61.41928 626.5305">
							<Font SizePoints="14" Style="Regular" FamilyName="CSMVMI+BlissPro" Capitals="Normal" ResourceId="2" />
							<Origin X="0" Y="0" />
							<Text>а</Text>
							<Size Width="6.608" Height="8.162108" />
							<Brush>
								<SolidBrush Color="#FF000000" />
							</Brush>
							<Tag>convertedFont</Tag>
						</Glyphs>
						<Glyphs OutlineWidth="0.5" CharSpace="0" RenderTransform="0.5968368 0 -0 0.5968368 65.391975 626.5305">
							<Font SizePoints="14" Style="Regular" FamilyName="CSMVMI+BlissPro" Capitals="Normal" ResourceId="2" />
							<Origin X="0" Y="0" />
							<Text>с</Text>
							<Size Width="6.076" Height="8.162108" />
							<Brush>
								<SolidBrush Color="#FF000000" />
							</Brush>
							<Tag>convertedFont</Tag>
						</Glyphs>
						<Glyphs OutlineWidth="0.5" CharSpace="0" RenderTransform="0.5968368 0 -0 0.5968368 69.03828 626.5305">
							<Font SizePoints="14" Style="Regular" FamilyName="CSMVMI+BlissPro" Capitals="Normal" ResourceId="2" />
							<Origin X="0" Y="0" />
							<Text>х</Text>
							<Size Width="6.454" Height="8.162108" />
							<Brush>
								<SolidBrush Color="#FF000000" />
							</Brush>
							<Tag>convertedFont</Tag>
						</Glyphs>
						<Glyphs OutlineWidth="0.5" CharSpace="0" RenderTransform="0.5968368 0 -0 0.5968368 72.91771 626.5305">
							<Font SizePoints="14" Style="Regular" FamilyName="CSMVMI+BlissPro" Capitals="Normal" ResourceId="2" />
							<Origin X="0" Y="0" />
							<Text>о</Text>
							<Size Width="7.364" Height="8.162108" />
							<Brush>
								<SolidBrush Color="#FF000000" />
							</Brush>
							<Tag>convertedFont</Tag>
						</Glyphs>
						<Glyphs OutlineWidth="0.5" CharSpace="0" RenderTransform="0.5968368 0 -0 0.5968368 77.338036 626.5305">
							<Font SizePoints="14" Style="Regular" FamilyName="CSMVMI+BlissPro" Capitals="Normal" ResourceId="2" />
							<Origin X="0" Y="0" />
							<Text>д</Text>
							<Size Width="7.602" Height="8.162108" />
							<Brush>
								<SolidBrush Color="#FF000000" />
							</Brush>
							<Tag>convertedFont</Tag>
						</Glyphs>
						<Glyphs OutlineWidth="0.5" CharSpace="0" RenderTransform="0.5968368 0 -0 0.5968368 81.90757 626.5305">
							<Font SizePoints="14" Style="Regular" FamilyName="CSMVMI+BlissPro" Capitals="Normal" ResourceId="2" />
							<Origin X="0" Y="0" />
							<Text> </Text>
							<Size Width="3.094" Height="8.162108" />
							<Brush>
								<SolidBrush Color="#FF000000" />
							</Brush>
							<Tag>convertedFont</Tag>
						</Glyphs>
						<Glyphs OutlineWidth="0.5" CharSpace="0" RenderTransform="0.5968368 0 -0 0.5968368 83.76336 626.5305">
							<Font SizePoints="14" Style="Regular" FamilyName="CSMVMI+BlissPro" Capitals="Normal" ResourceId="2" />
							<Origin X="0" Y="0" />
							<Text>в</Text>
							<Size Width="6.538" Height="8.162108" />
							<Brush>
								<SolidBrush Color="#FF000000" />
							</Brush>
							<Tag>convertedFont</Tag>
						</Glyphs>
						<Glyphs OutlineWidth="0.5" CharSpace="0" RenderTransform="0.5968368 0 -0 0.5968368 87.698746 626.5305">
							<Font SizePoints="14" Style="Regular" FamilyName="CSMVMI+BlissPro" Capitals="Normal" ResourceId="2" />
							<Origin X="0" Y="0" />
							<Text>о</Text>
							<Size Width="7.364" Height="8.162108" />
							<Brush>
								<SolidBrush Color="#FF000000" />
							</Brush>
							<Tag>convertedFont</Tag>
						</Glyphs>
						<Glyphs OutlineWidth="0.5" CharSpace="0" RenderTransform="0.5968368 0 -0 0.5968368 92.11907 626.5305">
							<Font SizePoints="14" Style="Regular" FamilyName="CSMVMI+BlissPro" Capitals="Normal" ResourceId="2" />
							<Origin X="0" Y="0" />
							<Text>з</Text>
							<Size Width="5.894" Height="8.162108" />
							<Brush>
								<SolidBrush Color="#FF000000" />
							</Brush>
							<Tag>convertedFont</Tag>
						</Glyphs>
						<Glyphs OutlineWidth="0.5" CharSpace="0" RenderTransform="0.5968368 0 -0 0.5968368 95.66279 626.5305">
							<Font SizePoints="14" Style="Regular" FamilyName="CSMVMI+BlissPro" Capitals="Normal" ResourceId="2" />
							<Origin X="0" Y="0" />
							<Text>д</Text>
							<Size Width="7.602" Height="8.162108" />
							<Brush>
								<SolidBrush Color="#FF000000" />
							</Brush>
							<Tag>convertedFont</Tag>
						</Glyphs>
						<Glyphs OutlineWidth="0.5" CharSpace="0" RenderTransform="0.5968368 0 -0 0.5968368 100.23232 626.5305">
							<Font SizePoints="14" Style="Regular" FamilyName="CSMVMI+BlissPro" Capitals="Normal" ResourceId="2" />
							<Origin X="0" Y="0" />
							<Text>у</Text>
							<Size Width="6.776" Height="8.162108" />
							<Brush>
								<SolidBrush Color="#FF000000" />
							</Brush>
							<Tag>convertedFont</Tag>
						</Glyphs>
						<Glyphs OutlineWidth="0.5" CharSpace="0" RenderTransform="0.5968368 0 -0 0.5968368 104.3076 626.5305">
							<Font SizePoints="14" Style="Regular" FamilyName="CSMVMI+BlissPro" Capitals="Normal" ResourceId="2" />
							<Origin X="0" Y="0" />
							<Text>х</Text>
							<Size Width="6.454" Height="8.162108" />
							<Brush>
								<SolidBrush Color="#FF000000" />
							</Brush>
							<Tag>convertedFont</Tag>
						</Glyphs>
						<Glyphs OutlineWidth="0.5" CharSpace="0" RenderTransform="0.5968368 0 -0 0.5968368 108.18704 626.5305">
							<Font SizePoints="14" Style="Regular" FamilyName="CSMVMI+BlissPro" Capitals="Normal" ResourceId="2" />
							<Origin X="0" Y="0" />
							<Text>а</Text>
							<Size Width="6.608" Height="8.162108" />
							<Brush>
								<SolidBrush Color="#FF000000" />
							</Brush>
							<Tag>convertedFont</Tag>
						</Glyphs>
						<Glyphs OutlineWidth="0.5" CharSpace="0" RenderTransform="0.5968368 0 -0 0.5968368 112.15974 626.5305">
							<Font SizePoints="14" Style="Regular" FamilyName="CSMVMI+BlissPro" Capitals="Normal" ResourceId="2" />
							<Origin X="0" Y="0" />
							<Text> </Text>
							<Size Width="3.094" Height="8.162108" />
							<Brush>
								<SolidBrush Color="#FF000000" />
							</Brush>
							<Tag>convertedFont</Tag>
						</Glyphs>
						<Glyphs OutlineWidth="0.5" CharSpace="0" RenderTransform="0.5968368 0 -0 0.5968368 114.015526 626.5305">
							<Font SizePoints="14" Style="Regular" FamilyName="CSMVMI+BlissPro" Capitals="Normal" ResourceId="2" />
							<Origin X="0" Y="0" />
							<Text>(</Text>
							<Size Width="4.508" Height="8.162108" />
							<Brush>
								<SolidBrush Color="#FF000000" />
							</Brush>
							<Tag>convertedFont</Tag>
						</Glyphs>
						<Glyphs OutlineWidth="0.5" CharSpace="0" RenderTransform="0.5968368 0 -0 0.5968368 116.71994 626.5305">
							<Font SizePoints="14" Style="Regular" FamilyName="CSMVMI+BlissPro" Capitals="Normal" ResourceId="2" />
							<Origin X="0" Y="0" />
							<Text>м</Text>
							<Size Width="8.372" Height="8.162108" />
							<Brush>
								<SolidBrush Color="#FF000000" />
							</Brush>
							<Tag>convertedFont</Tag>
						</Glyphs>
						<Glyphs OutlineWidth="0.5" CharSpace="0" RenderTransform="0.5968368 0 -0 0.5968368 121.606544 626.5305">
							<Font SizePoints="14" Style="Regular" FamilyName="CSMVMI+BlissPro" Capitals="Normal" ResourceId="2" />
							<Origin X="0" Y="0" />
							<Text>3</Text>
							<Size Width="7.448" Height="8.162108" />
							<Brush>
								<SolidBrush Color="#FF000000" />
							</Brush>
							<Tag>convertedFont</Tag>
						</Glyphs>
						<Glyphs OutlineWidth="0.5" CharSpace="0" RenderTransform="0.5968368 0 -0 0.5968368 126.38123 626.5305">
							<Font SizePoints="14" Style="Regular" FamilyName="CSMVMI+BlissPro" Capitals="Normal" ResourceId="2" />
							<Origin X="0" Y="0" />
							<Text>/</Text>
							<Size Width="5.096" Height="8.162108" />
							<Brush>
								<SolidBrush Color="#FF000000" />
							</Brush>
							<Tag>convertedFont</Tag>
						</Glyphs>
						<Glyphs OutlineWidth="0.5" CharSpace="0" RenderTransform="0.5968368 0 -0 0.5968368 129.44003 626.5305">
							<Font SizePoints="14" Style="Regular" FamilyName="CSMVMI+BlissPro" Capitals="Normal" ResourceId="2" />
							<Origin X="0" Y="0" />
							<Text>ч</Text>
							<Size Width="6.776" Height="8.162108" />
							<Brush>
								<SolidBrush Color="#FF000000" />
							</Brush>
							<Tag>convertedFont</Tag>
						</Glyphs>
						<Glyphs OutlineWidth="0.5" CharSpace="0" RenderTransform="0.5968368 0 -0 0.5968368 133.5153 626.5305">
							<Font SizePoints="14" Style="Regular" FamilyName="CSMVMI+BlissPro" Capitals="Normal" ResourceId="2" />
							<Origin X="0" Y="0" />
							<Text>)</Text>
							<Size Width="4.508" Height="8.162108" />
							<Brush>
								<SolidBrush Color="#FF000000" />
							</Brush>
							<Tag>convertedFont</Tag>
						</Glyphs>
						<Glyphs OutlineWidth="0.5" CharSpace="0" RenderTransform="0.5968368 0 -0 0.5968368 237.39288 626.5305">
							<Font SizePoints="14" Style="Regular" FamilyName="CSMVMI+BlissPro" Capitals="Normal" ResourceId="2" />
							<Origin X="0" Y="0" />
							<Text>9</Text>
							<Size Width="7.476" Height="8.162108" />
							<Brush>
								<SolidBrush Color="#FF000000" />
							</Brush>
							<Tag>convertedFont</Tag>
						</Glyphs>
						<Glyphs OutlineWidth="0.5" CharSpace="0" RenderTransform="0.5968368 0 -0 0.5968368 241.8878 626.5305">
							<Font SizePoints="14" Style="Regular" FamilyName="CSMVMI+BlissPro" Capitals="Normal" ResourceId="2" />
							<Origin X="0" Y="0" />
							<Text>2</Text>
							<Size Width="7.154" Height="8.162108" />
							<Brush>
								<SolidBrush Color="#FF000000" />
							</Brush>
							<Tag>convertedFont</Tag>
						</Glyphs>
						<Glyphs OutlineWidth="0.5" CharSpace="0" RenderTransform="0.5968368 0 -0 0.5968368 246.1869 626.5305">
							<Font SizePoints="14" Style="Regular" FamilyName="CSMVMI+BlissPro" Capitals="Normal" ResourceId="2" />
							<Origin X="0" Y="0" />
							<Text>0</Text>
							<Size Width="7.756" Height="8.162108" />
							<Brush>
								<SolidBrush Color="#FF000000" />
							</Brush>
							<Tag>convertedFont</Tag>
						</Glyphs>
						<Glyphs OutlineWidth="0.5" CharSpace="0" RenderTransform="0.5968368 0 -0 0.5968368 57.148167 639.66113">
							<Font SizePoints="14" Style="Regular" FamilyName="CSMVMI+BlissPro" Capitals="Normal" ResourceId="2" />
							<Origin X="0" Y="0" />
							<Text>P</Text>
							<Size Width="7.168" Height="8.162108" />
							<Brush>
								<SolidBrush Color="#FF000000" />
							</Brush>
							<Tag>convertedFont</Tag>
						</Glyphs>
						<Glyphs OutlineWidth="0.5" CharSpace="0" RenderTransform="0.5968368 0 -0 0.5968368 61.45658 639.66113">
							<Font SizePoints="14" Style="Regular" FamilyName="CSMVMI+BlissPro" Capitals="Normal" ResourceId="2" />
							<Origin X="0" Y="0" />
							<Text> </Text>
							<Size Width="3.094" Height="8.162108" />
							<Brush>
								<SolidBrush Color="#FF000000" />
							</Brush>
							<Tag>convertedFont</Tag>
						</Glyphs>
						<Glyphs OutlineWidth="0.5" CharSpace="0" RenderTransform="0.5968368 0 -0 0.5968368 63.31237 639.66113">
							<Font SizePoints="14" Style="Regular" FamilyName="CSMVMI+BlissPro" Capitals="Normal" ResourceId="2" />
							<Origin X="0" Y="0" />
							<Text>с</Text>
							<Size Width="6.076" Height="8.162108" />
							<Brush>
								<SolidBrush Color="#FF000000" />
							</Brush>
							<Tag>convertedFont</Tag>
						</Glyphs>
						<Glyphs OutlineWidth="0.5" CharSpace="0" RenderTransform="0.5968368 0 -0 0.5968368 66.95867 639.66113">
							<Font SizePoints="14" Style="Regular" FamilyName="CSMVMI+BlissPro" Capitals="Normal" ResourceId="2" />
							<Origin X="0" Y="0" />
							<Text>т</Text>
							<Size Width="6.174" Height="8.162108" />
							<Brush>
								<SolidBrush Color="#FF000000" />
							</Brush>
							<Tag>convertedFont</Tag>
						</Glyphs>
						<Glyphs OutlineWidth="0.5" CharSpace="0" RenderTransform="0.5968368 0 -0 0.5968368 70.67025 639.66113">
							<Font SizePoints="14" Style="Regular" FamilyName="CSMVMI+BlissPro" Capitals="Normal" ResourceId="2" />
							<Origin X="0" Y="0" />
							<Text>а</Text>
							<Size Width="6.608" Height="8.162108" />
							<Brush>
								<SolidBrush Color="#FF000000" />
							</Brush>
							<Tag>convertedFont</Tag>
						</Glyphs>
						<Glyphs OutlineWidth="0.5" CharSpace="0" RenderTransform="0.5968368 0 -0 0.5968368 74.642944 639.66113">
							<Font SizePoints="14" Style="Regular" FamilyName="CSMVMI+BlissPro" Capitals="Normal" ResourceId="2" />
							<Origin X="0" Y="0" />
							<Text>т</Text>
							<Size Width="6.174" Height="8.162108" />
							<Brush>
								<SolidBrush Color="#FF000000" />
							</Brush>
							<Tag>convertedFont</Tag>
						</Glyphs>
						<Glyphs OutlineWidth="0.5" CharSpace="0" RenderTransform="0.5968368 0 -0 0.5968368 78.35452 639.66113">
							<Font SizePoints="14" Style="Regular" FamilyName="CSMVMI+BlissPro" Capitals="Normal" ResourceId="2" />
							<Origin X="0" Y="0" />
							<Text>и</Text>
							<Size Width="7.518" Height="8.162108" />
							<Brush>
								<SolidBrush Color="#FF000000" />
							</Brush>
							<Tag>convertedFont</Tag>
						</Glyphs>
						<Glyphs OutlineWidth="0.5" CharSpace="0" RenderTransform="0.5968368 0 -0 0.5968368 82.8681 639.66113">
							<Font SizePoints="14" Style="Regular" FamilyName="CSMVMI+BlissPro" Capitals="Normal" ResourceId="2" />
							<Origin X="0" Y="0" />
							<Text>ч</Text>
							<Size Width="6.776" Height="8.162108" />
							<Brush>
								<SolidBrush Color="#FF000000" />
							</Brush>
							<Tag>convertedFont</Tag>
						</Glyphs>
						<Glyphs OutlineWidth="0.5" CharSpace="0" RenderTransform="0.5968368 0 -0 0.5968368 86.943375 639.66113">
							<Font SizePoints="14" Style="Regular" FamilyName="CSMVMI+BlissPro" Capitals="Normal" ResourceId="2" />
							<Origin X="0" Y="0" />
							<Text>е</Text>
							<Size Width="6.636" Height="8.162108" />
							<Brush>
								<SolidBrush Color="#FF000000" />
							</Brush>
							<Tag>convertedFont</Tag>
						</Glyphs>
						<Glyphs OutlineWidth="0.5" CharSpace="0" RenderTransform="0.5968368 0 -0 0.5968368 90.93472 639.66113">
							<Font SizePoints="14" Style="Regular" FamilyName="CSMVMI+BlissPro" Capitals="Normal" ResourceId="2" />
							<Origin X="0" Y="0" />
							<Text>с</Text>
							<Size Width="6.076" Height="8.162108" />
							<Brush>
								<SolidBrush Color="#FF000000" />
							</Brush>
							<Tag>convertedFont</Tag>
						</Glyphs>
						<Glyphs OutlineWidth="0.5" CharSpace="0" RenderTransform="0.5968368 0 -0 0.5968368 94.581024 639.66113">
							<Font SizePoints="14" Style="Regular" FamilyName="CSMVMI+BlissPro" Capitals="Normal" ResourceId="2" />
							<Origin X="0" Y="0" />
							<Text>к</Text>
							<Size Width="6.496" Height="8.162108" />
							<Brush>
								<SolidBrush Color="#FF000000" />
							</Brush>
							<Tag>convertedFont</Tag>
						</Glyphs>
						<Glyphs OutlineWidth="0.5" CharSpace="0" RenderTransform="0.5968368 0 -0 0.5968368 98.48844 639.66113">
							<Font SizePoints="14" Style="Regular" FamilyName="CSMVMI+BlissPro" Capitals="Normal" ResourceId="2" />
							<Origin X="0" Y="0" />
							<Text>о</Text>
							<Size Width="7.364" Height="8.162108" />
							<Brush>
								<SolidBrush Color="#FF000000" />
							</Brush>
							<Tag>convertedFont</Tag>
						</Glyphs>
						<Glyphs OutlineWidth="0.5" CharSpace="0" RenderTransform="0.5968368 0 -0 0.5968368 102.90876 639.66113">
							<Font SizePoints="14" Style="Regular" FamilyName="CSMVMI+BlissPro" Capitals="Normal" ResourceId="2" />
							<Origin X="0" Y="0" />
							<Text>е</Text>
							<Size Width="6.636" Height="8.162108" />
							<Brush>
								<SolidBrush Color="#FF000000" />
							</Brush>
							<Tag>convertedFont</Tag>
						</Glyphs>
						<Glyphs OutlineWidth="0.5" CharSpace="0" RenderTransform="0.5968368 0 -0 0.5968368 106.90011 639.66113">
							<Font SizePoints="14" Style="Regular" FamilyName="CSMVMI+BlissPro" Capitals="Normal" ResourceId="2" />
							<Origin X="0" Y="0" />
							<Text> </Text>
							<Size Width="3.094" Height="8.162108" />
							<Brush>
								<SolidBrush Color="#FF000000" />
							</Brush>
							<Tag>convertedFont</Tag>
						</Glyphs>
						<Glyphs OutlineWidth="0.5" CharSpace="0" RenderTransform="0.5968368 0 -0 0.5968368 108.7559 639.66113">
							<Font SizePoints="14" Style="Regular" FamilyName="CSMVMI+BlissPro" Capitals="Normal" ResourceId="2" />
							<Origin X="0" Y="0" />
							<Text>(</Text>
							<Size Width="4.508" Height="8.162108" />
							<Brush>
								<SolidBrush Color="#FF000000" />
							</Brush>
							<Tag>convertedFont</Tag>
						</Glyphs>
						<Glyphs OutlineWidth="0.5" CharSpace="0" RenderTransform="0.5968368 0 -0 0.5968368 111.46032 639.66113">
							<Font SizePoints="14" Style="Regular" FamilyName="CSMVMI+BlissPro" Capitals="Normal" ResourceId="2" />
							<Origin X="0" Y="0" />
							<Text>П</Text>
							<Size Width="9.296" Height="8.162108" />
							<Brush>
								<SolidBrush Color="#FF000000" />
							</Brush>
							<Tag>convertedFont</Tag>
						</Glyphs>
						<Glyphs OutlineWidth="0.5" CharSpace="0" RenderTransform="0.5968368 0 -0 0.5968368 117.04633 639.66113">
							<Font SizePoints="14" Style="Regular" FamilyName="CSMVMI+BlissPro" Capitals="Normal" ResourceId="2" />
							<Origin X="0" Y="0" />
							<Text>а</Text>
							<Size Width="6.608" Height="8.162108" />
							<Brush>
								<SolidBrush Color="#FF000000" />
							</Brush>
							<Tag>convertedFont</Tag>
						</Glyphs>
						<Glyphs OutlineWidth="0.5" CharSpace="0" RenderTransform="0.5968368 0 -0 0.5968368 121.01903 639.66113">
							<Font SizePoints="14" Style="Regular" FamilyName="CSMVMI+BlissPro" Capitals="Normal" ResourceId="2" />
							<Origin X="0" Y="0" />
							<Text>)</Text>
							<Size Width="4.508" Height="8.162108" />
							<Brush>
								<SolidBrush Color="#FF000000" />
							</Brush>
							<Tag>convertedFont</Tag>
						</Glyphs>
						<Glyphs OutlineWidth="0.5" CharSpace="0" RenderTransform="0.5968368 0 -0 0.5968368 237.39288 639.66113">
							<Font SizePoints="14" Style="Regular" FamilyName="CSMVMI+BlissPro" Capitals="Normal" ResourceId="2" />
							<Origin X="0" Y="0" />
							<Text>4</Text>
							<Size Width="7.784" Height="8.162108" />
							<Brush>
								<SolidBrush Color="#FF000000" />
							</Brush>
							<Tag>convertedFont</Tag>
						</Glyphs>
						<Glyphs OutlineWidth="0.5" CharSpace="0" RenderTransform="0.5968368 0 -0 0.5968368 242.065 639.66113">
							<Font SizePoints="14" Style="Regular" FamilyName="CSMVMI+BlissPro" Capitals="Normal" ResourceId="2" />
							<Origin X="0" Y="0" />
							<Text>2</Text>
							<Size Width="7.154" Height="8.162108" />
							<Brush>
								<SolidBrush Color="#FF000000" />
							</Brush>
							<Tag>convertedFont</Tag>
						</Glyphs>
						<Glyphs OutlineWidth="0.5" CharSpace="0" RenderTransform="0.5968368 0 -0 0.5968368 246.36409 639.66113">
							<Font SizePoints="14" Style="Regular" FamilyName="CSMVMI+BlissPro" Capitals="Normal" ResourceId="2" />
							<Origin X="0" Y="0" />
							<Text>8</Text>
							<Size Width="7.742" Height="8.162108" />
							<Brush>
								<SolidBrush Color="#FF000000" />
							</Brush>
							<Tag>convertedFont</Tag>
						</Glyphs>
						<Glyphs OutlineWidth="0.5" CharSpace="0" RenderTransform="0.5968368 0 -0 0.5968368 251.01755 639.66113">
							<Font SizePoints="14" Style="Regular" FamilyName="CSMVMI+BlissPro" Capitals="Normal" ResourceId="2" />
							<Origin X="0" Y="0" />
							<Text>.</Text>
							<Size Width="3.276" Height="8.162108" />
							<Brush>
								<SolidBrush Color="#FF000000" />
							</Brush>
							<Tag>convertedFont</Tag>
						</Glyphs>
						<Glyphs OutlineWidth="0.5" CharSpace="0" RenderTransform="0.5968368 0 -0 0.5968368 252.98524 639.66113">
							<Font SizePoints="14" Style="Regular" FamilyName="CSMVMI+BlissPro" Capitals="Normal" ResourceId="2" />
							<Origin X="0" Y="0" />
							<Text>2</Text>
							<Size Width="7.154" Height="8.162108" />
							<Brush>
								<SolidBrush Color="#FF000000" />
							</Brush>
							<Tag>convertedFont</Tag>
						</Glyphs>
						<Glyphs OutlineWidth="0.5" CharSpace="0" RenderTransform="0.5968368 0 -0 0.5968368 57.148167 652.7915">
							<Font SizePoints="14" Style="Regular" FamilyName="CSMVMI+BlissPro" Capitals="Normal" ResourceId="2" />
							<Origin X="0" Y="0" />
							<Text>P</Text>
							<Size Width="7.168" Height="8.162108" />
							<Brush>
								<SolidBrush Color="#FF000000" />
							</Brush>
							<Tag>convertedFont</Tag>
						</Glyphs>
						<Glyphs OutlineWidth="0.5" CharSpace="0" RenderTransform="0.5968368 0 -0 0.5968368 61.45658 652.7915">
							<Font SizePoints="14" Style="Regular" FamilyName="CSMVMI+BlissPro" Capitals="Normal" ResourceId="2" />
							<Origin X="0" Y="0" />
							<Text> </Text>
							<Size Width="3.094" Height="8.162108" />
							<Brush>
								<SolidBrush Color="#FF000000" />
							</Brush>
							<Tag>convertedFont</Tag>
						</Glyphs>
						<Glyphs OutlineWidth="0.5" CharSpace="0" RenderTransform="0.5968368 0 -0 0.5968368 63.31237 652.7915">
							<Font SizePoints="14" Style="Regular" FamilyName="CSMVMI+BlissPro" Capitals="Normal" ResourceId="2" />
							<Origin X="0" Y="0" />
							<Text>с</Text>
							<Size Width="6.076" Height="8.162108" />
							<Brush>
								<SolidBrush Color="#FF000000" />
							</Brush>
							<Tag>convertedFont</Tag>
						</Glyphs>
						<Glyphs OutlineWidth="0.5" CharSpace="0" RenderTransform="0.5968368 0 -0 0.5968368 66.95867 652.7915">
							<Font SizePoints="14" Style="Regular" FamilyName="CSMVMI+BlissPro" Capitals="Normal" ResourceId="2" />
							<Origin X="0" Y="0" />
							<Text>в</Text>
							<Size Width="6.538" Height="8.162108" />
							<Brush>
								<SolidBrush Color="#FF000000" />
							</Brush>
							<Tag>convertedFont</Tag>
						</Glyphs>
						<Glyphs OutlineWidth="0.5" CharSpace="0" RenderTransform="0.5968368 0 -0 0.5968368 70.894066 652.7915">
							<Font SizePoints="14" Style="Regular" FamilyName="CSMVMI+BlissPro" Capitals="Normal" ResourceId="2" />
							<Origin X="0" Y="0" />
							<Text>о</Text>
							<Size Width="7.364" Height="8.162108" />
							<Brush>
								<SolidBrush Color="#FF000000" />
							</Brush>
							<Tag>convertedFont</Tag>
						</Glyphs>
						<Glyphs OutlineWidth="0.5" CharSpace="0" RenderTransform="0.5968368 0 -0 0.5968368 75.31439 652.7915">
							<Font SizePoints="14" Style="Regular" FamilyName="CSMVMI+BlissPro" Capitals="Normal" ResourceId="2" />
							<Origin X="0" Y="0" />
							<Text>б</Text>
							<Size Width="7.14" Height="8.162108" />
							<Brush>
								<SolidBrush Color="#FF000000" />
							</Brush>
							<Tag>convertedFont</Tag>
						</Glyphs>
						<Glyphs OutlineWidth="0.5" CharSpace="0" RenderTransform="0.5968368 0 -0 0.5968368 79.60416 652.7915">
							<Font SizePoints="14" Style="Regular" FamilyName="CSMVMI+BlissPro" Capitals="Normal" ResourceId="2" />
							<Origin X="0" Y="0" />
							<Text>о</Text>
							<Size Width="7.364" Height="8.162108" />
							<Brush>
								<SolidBrush Color="#FF000000" />
							</Brush>
							<Tag>convertedFont</Tag>
						</Glyphs>
						<Glyphs OutlineWidth="0.5" CharSpace="0" RenderTransform="0.5968368 0 -0 0.5968368 84.024475 652.7915">
							<Font SizePoints="14" Style="Regular" FamilyName="CSMVMI+BlissPro" Capitals="Normal" ResourceId="2" />
							<Origin X="0" Y="0" />
							<Text>д</Text>
							<Size Width="7.602" Height="8.162108" />
							<Brush>
								<SolidBrush Color="#FF000000" />
							</Brush>
							<Tag>convertedFont</Tag>
						</Glyphs>
						<Glyphs OutlineWidth="0.5" CharSpace="0" RenderTransform="0.5968368 0 -0 0.5968368 88.59401 652.7915">
							<Font SizePoints="14" Style="Regular" FamilyName="CSMVMI+BlissPro" Capitals="Normal" ResourceId="2" />
							<Origin X="0" Y="0" />
							<Text>н</Text>
							<Size Width="7.266" Height="8.162108" />
							<Brush>
								<SolidBrush Color="#FF000000" />
							</Brush>
							<Tag>convertedFont</Tag>
						</Glyphs>
						<Glyphs OutlineWidth="0.5" CharSpace="0" RenderTransform="0.5968368 0 -0 0.5968368 92.958374 652.7915">
							<Font SizePoints="14" Style="Regular" FamilyName="CSMVMI+BlissPro" Capitals="Normal" ResourceId="2" />
							<Origin X="0" Y="0" />
							<Text>о</Text>
							<Size Width="7.364" Height="8.162108" />
							<Brush>
								<SolidBrush Color="#FF000000" />
							</Brush>
							<Tag>convertedFont</Tag>
						</Glyphs>
						<Glyphs OutlineWidth="0.5" CharSpace="0" RenderTransform="0.5968368 0 -0 0.5968368 97.3787 652.7915">
							<Font SizePoints="14" Style="Regular" FamilyName="CSMVMI+BlissPro" Capitals="Normal" ResourceId="2" />
							<Origin X="0" Y="0" />
							<Text>е</Text>
							<Size Width="6.636" Height="8.162108" />
							<Brush>
								<SolidBrush Color="#FF000000" />
							</Brush>
							<Tag>convertedFont</Tag>
						</Glyphs>
						<Glyphs OutlineWidth="0.5" CharSpace="0" RenderTransform="0.5968368 0 -0 0.5968368 101.37004 652.7915">
							<Font SizePoints="14" Style="Regular" FamilyName="CSMVMI+BlissPro" Capitals="Normal" ResourceId="2" />
							<Origin X="0" Y="0" />
							<Text> </Text>
							<Size Width="3.094" Height="8.162108" />
							<Brush>
								<SolidBrush Color="#FF000000" />
							</Brush>
							<Tag>convertedFont</Tag>
						</Glyphs>
						<Glyphs OutlineWidth="0.5" CharSpace="0" RenderTransform="0.5968368 0 -0 0.5968368 103.22583 652.7915">
							<Font SizePoints="14" Style="Regular" FamilyName="CSMVMI+BlissPro" Capitals="Normal" ResourceId="2" />
							<Origin X="0" Y="0" />
							<Text>(</Text>
							<Size Width="4.508" Height="8.162108" />
							<Brush>
								<SolidBrush Color="#FF000000" />
							</Brush>
							<Tag>convertedFont</Tag>
						</Glyphs>
						<Glyphs OutlineWidth="0.5" CharSpace="0" RenderTransform="0.5968368 0 -0 0.5968368 105.93025 652.7915">
							<Font SizePoints="14" Style="Regular" FamilyName="CSMVMI+BlissPro" Capitals="Normal" ResourceId="2" />
							<Origin X="0" Y="0" />
							<Text>П</Text>
							<Size Width="9.296" Height="8.162108" />
							<Brush>
								<SolidBrush Color="#FF000000" />
							</Brush>
							<Tag>convertedFont</Tag>
						</Glyphs>
						<Glyphs OutlineWidth="0.5" CharSpace="0" RenderTransform="0.5968368 0 -0 0.5968368 111.516266 652.7915">
							<Font SizePoints="14" Style="Regular" FamilyName="CSMVMI+BlissPro" Capitals="Normal" ResourceId="2" />
							<Origin X="0" Y="0" />
							<Text>а</Text>
							<Size Width="6.608" Height="8.162108" />
							<Brush>
								<SolidBrush Color="#FF000000" />
							</Brush>
							<Tag>convertedFont</Tag>
						</Glyphs>
						<Glyphs OutlineWidth="0.5" CharSpace="0" RenderTransform="0.5968368 0 -0 0.5968368 115.48897 652.7915">
							<Font SizePoints="14" Style="Regular" FamilyName="CSMVMI+BlissPro" Capitals="Normal" ResourceId="2" />
							<Origin X="0" Y="0" />
							<Text>)</Text>
							<Size Width="4.508" Height="8.162108" />
							<Brush>
								<SolidBrush Color="#FF000000" />
							</Brush>
							<Tag>convertedFont</Tag>
						</Glyphs>
						<Glyphs OutlineWidth="0.5" CharSpace="0" RenderTransform="0.5968368 0 -0 0.5968368 237.39288 652.7915">
							<Font SizePoints="14" Style="Regular" FamilyName="CSMVMI+BlissPro" Capitals="Normal" ResourceId="2" />
							<Origin X="0" Y="0" />
							<Text>1</Text>
							<Size Width="5.852" Height="8.162108" />
							<Brush>
								<SolidBrush Color="#FF000000" />
							</Brush>
							<Tag>convertedFont</Tag>
						</Glyphs>
						<Glyphs OutlineWidth="0.5" CharSpace="0" RenderTransform="0.5968368 0 -0 0.5968368 240.90863 652.7915">
							<Font SizePoints="14" Style="Regular" FamilyName="CSMVMI+BlissPro" Capitals="Normal" ResourceId="2" />
							<Origin X="0" Y="0" />
							<Text>5</Text>
							<Size Width="7.126" Height="8.162108" />
							<Brush>
								<SolidBrush Color="#FF000000" />
							</Brush>
							<Tag>convertedFont</Tag>
						</Glyphs>
						<Glyphs OutlineWidth="0.5" CharSpace="0" RenderTransform="0.5968368 0 -0 0.5968368 245.18906 652.7915">
							<Font SizePoints="14" Style="Regular" FamilyName="CSMVMI+BlissPro" Capitals="Normal" ResourceId="2" />
							<Origin X="0" Y="0" />
							<Text>0</Text>
							<Size Width="7.756" Height="8.162108" />
							<Brush>
								<SolidBrush Color="#FF000000" />
							</Brush>
							<Tag>convertedFont</Tag>
						</Glyphs>
						<Glyphs OutlineWidth="0.5" CharSpace="0" RenderTransform="0.5968368 0 -0 0.5968368 57.148167 665.9219">
							<Font SizePoints="14" Style="Regular" FamilyName="CSMVMI+BlissPro" Capitals="Normal" ResourceId="2" />
							<Origin X="0" Y="0" />
							<Text>P</Text>
							<Size Width="7.168" Height="8.162108" />
							<Brush>
								<SolidBrush Color="#FF000000" />
							</Brush>
							<Tag>convertedFont</Tag>
						</Glyphs>
						<Glyphs OutlineWidth="0.5" CharSpace="0" RenderTransform="0.5968368 0 -0 0.5968368 61.45658 665.9219">
							<Font SizePoints="14" Style="Regular" FamilyName="CSMVMI+BlissPro" Capitals="Normal" ResourceId="2" />
							<Origin X="0" Y="0" />
							<Text> </Text>
							<Size Width="3.094" Height="8.162108" />
							<Brush>
								<SolidBrush Color="#FF000000" />
							</Brush>
							<Tag>convertedFont</Tag>
						</Glyphs>
						<Glyphs OutlineWidth="0.5" CharSpace="0" RenderTransform="0.5968368 0 -0 0.5968368 63.31237 665.9219">
							<Font SizePoints="14" Style="Regular" FamilyName="CSMVMI+BlissPro" Capitals="Normal" ResourceId="2" />
							<Origin X="0" Y="0" />
							<Text>д</Text>
							<Size Width="7.602" Height="8.162108" />
							<Brush>
								<SolidBrush Color="#FF000000" />
							</Brush>
							<Tag>convertedFont</Tag>
						</Glyphs>
						<Glyphs OutlineWidth="0.5" CharSpace="0" RenderTransform="0.5968368 0 -0 0.5968368 67.881905 665.9219">
							<Font SizePoints="14" Style="Regular" FamilyName="CSMVMI+BlissPro" Capitals="Normal" ResourceId="2" />
							<Origin X="0" Y="0" />
							<Text>о</Text>
							<Size Width="7.364" Height="8.162108" />
							<Brush>
								<SolidBrush Color="#FF000000" />
							</Brush>
							<Tag>convertedFont</Tag>
						</Glyphs>
						<Glyphs OutlineWidth="0.5" CharSpace="0" RenderTransform="0.5968368 0 -0 0.5968368 72.30223 665.9219">
							<Font SizePoints="14" Style="Regular" FamilyName="CSMVMI+BlissPro" Capitals="Normal" ResourceId="2" />
							<Origin X="0" Y="0" />
							<Text>р</Text>
							<Size Width="7.14" Height="8.162108" />
							<Brush>
								<SolidBrush Color="#FF000000" />
							</Brush>
							<Tag>convertedFont</Tag>
						</Glyphs>
						<Glyphs OutlineWidth="0.5" CharSpace="0" RenderTransform="0.5968368 0 -0 0.5968368 76.591995 665.9219">
							<Font SizePoints="14" Style="Regular" FamilyName="CSMVMI+BlissPro" Capitals="Normal" ResourceId="2" />
							<Origin X="0" Y="0" />
							<Text>е</Text>
							<Size Width="6.636" Height="8.162108" />
							<Brush>
								<SolidBrush Color="#FF000000" />
							</Brush>
							<Tag>convertedFont</Tag>
						</Glyphs>
						<Glyphs OutlineWidth="0.5" CharSpace="0" RenderTransform="0.5968368 0 -0 0.5968368 80.583336 665.9219">
							<Font SizePoints="14" Style="Regular" FamilyName="CSMVMI+BlissPro" Capitals="Normal" ResourceId="2" />
							<Origin X="0" Y="0" />
							<Text>г</Text>
							<Size Width="5.544" Height="8.162108" />
							<Brush>
								<SolidBrush Color="#FF000000" />
							</Brush>
							<Tag>convertedFont</Tag>
						</Glyphs>
						<Glyphs OutlineWidth="0.5" CharSpace="0" RenderTransform="0.5968368 0 -0 0.5968368 83.91257 665.9219">
							<Font SizePoints="14" Style="Regular" FamilyName="CSMVMI+BlissPro" Capitals="Normal" ResourceId="2" />
							<Origin X="0" Y="0" />
							<Text>у</Text>
							<Size Width="6.776" Height="8.162108" />
							<Brush>
								<SolidBrush Color="#FF000000" />
							</Brush>
							<Tag>convertedFont</Tag>
						</Glyphs>
						<Glyphs OutlineWidth="0.5" CharSpace="0" RenderTransform="0.5968368 0 -0 0.5968368 87.98784 665.9219">
							<Font SizePoints="14" Style="Regular" FamilyName="CSMVMI+BlissPro" Capitals="Normal" ResourceId="2" />
							<Origin X="0" Y="0" />
							<Text>л</Text>
							<Size Width="7.042" Height="8.162108" />
							<Brush>
								<SolidBrush Color="#FF000000" />
							</Brush>
							<Tag>convertedFont</Tag>
						</Glyphs>
						<Glyphs OutlineWidth="0.5" CharSpace="0" RenderTransform="0.5968368 0 -0 0.5968368 92.22165 665.9219">
							<Font SizePoints="14" Style="Regular" FamilyName="CSMVMI+BlissPro" Capitals="Normal" ResourceId="2" />
							<Origin X="0" Y="0" />
							<Text>и</Text>
							<Size Width="7.518" Height="8.162108" />
							<Brush>
								<SolidBrush Color="#FF000000" />
							</Brush>
							<Tag>convertedFont</Tag>
						</Glyphs>
						<Glyphs OutlineWidth="0.5" CharSpace="0" RenderTransform="0.5968368 0 -0 0.5968368 96.73523 665.9219">
							<Font SizePoints="14" Style="Regular" FamilyName="CSMVMI+BlissPro" Capitals="Normal" ResourceId="2" />
							<Origin X="0" Y="0" />
							<Text>р</Text>
							<Size Width="7.14" Height="8.162108" />
							<Brush>
								<SolidBrush Color="#FF000000" />
							</Brush>
							<Tag>convertedFont</Tag>
						</Glyphs>
						<Glyphs OutlineWidth="0.5" CharSpace="0" RenderTransform="0.5968368 0 -0 0.5968368 101.024994 665.9219">
							<Font SizePoints="14" Style="Regular" FamilyName="CSMVMI+BlissPro" Capitals="Normal" ResourceId="2" />
							<Origin X="0" Y="0" />
							<Text>о</Text>
							<Size Width="7.364" Height="8.162108" />
							<Brush>
								<SolidBrush Color="#FF000000" />
							</Brush>
							<Tag>convertedFont</Tag>
						</Glyphs>
						<Glyphs OutlineWidth="0.5" CharSpace="0" RenderTransform="0.5968368 0 -0 0.5968368 105.44532 665.9219">
							<Font SizePoints="14" Style="Regular" FamilyName="CSMVMI+BlissPro" Capitals="Normal" ResourceId="2" />
							<Origin X="0" Y="0" />
							<Text>в</Text>
							<Size Width="6.538" Height="8.162108" />
							<Brush>
								<SolidBrush Color="#FF000000" />
							</Brush>
							<Tag>convertedFont</Tag>
						</Glyphs>
						<Glyphs OutlineWidth="0.5" CharSpace="0" RenderTransform="0.5968368 0 -0 0.5968368 109.380714 665.9219">
							<Font SizePoints="14" Style="Regular" FamilyName="CSMVMI+BlissPro" Capitals="Normal" ResourceId="2" />
							<Origin X="0" Y="0" />
							<Text>а</Text>
							<Size Width="6.608" Height="8.162108" />
							<Brush>
								<SolidBrush Color="#FF000000" />
							</Brush>
							<Tag>convertedFont</Tag>
						</Glyphs>
						<Glyphs OutlineWidth="0.5" CharSpace="0" RenderTransform="0.5968368 0 -0 0.5968368 113.35341 665.9219">
							<Font SizePoints="14" Style="Regular" FamilyName="CSMVMI+BlissPro" Capitals="Normal" ResourceId="2" />
							<Origin X="0" Y="0" />
							<Text>н</Text>
							<Size Width="7.266" Height="8.162108" />
							<Brush>
								<SolidBrush Color="#FF000000" />
							</Brush>
							<Tag>convertedFont</Tag>
						</Glyphs>
						<Glyphs OutlineWidth="0.5" CharSpace="0" RenderTransform="0.5968368 0 -0 0.5968368 117.71777 665.9219">
							<Font SizePoints="14" Style="Regular" FamilyName="CSMVMI+BlissPro" Capitals="Normal" ResourceId="2" />
							<Origin X="0" Y="0" />
							<Text>и</Text>
							<Size Width="7.518" Height="8.162108" />
							<Brush>
								<SolidBrush Color="#FF000000" />
							</Brush>
							<Tag>convertedFont</Tag>
						</Glyphs>
						<Glyphs OutlineWidth="0.5" CharSpace="0" RenderTransform="0.5968368 0 -0 0.5968368 122.23135 665.9219">
							<Font SizePoints="14" Style="Regular" FamilyName="CSMVMI+BlissPro" Capitals="Normal" ResourceId="2" />
							<Origin X="0" Y="0" />
							<Text>я</Text>
							<Size Width="6.678" Height="8.162108" />
							<Brush>
								<SolidBrush Color="#FF000000" />
							</Brush>
							<Tag>convertedFont</Tag>
						</Glyphs>
						<Glyphs OutlineWidth="0.5" CharSpace="0" RenderTransform="0.5968368 0 -0 0.5968368 126.241356 665.9219">
							<Font SizePoints="14" Style="Regular" FamilyName="CSMVMI+BlissPro" Capitals="Normal" ResourceId="2" />
							<Origin X="0" Y="0" />
							<Text> </Text>
							<Size Width="3.094" Height="8.162108" />
							<Brush>
								<SolidBrush Color="#FF000000" />
							</Brush>
							<Tag>convertedFont</Tag>
						</Glyphs>
						<Glyphs OutlineWidth="0.5" CharSpace="0" RenderTransform="0.5968368 0 -0 0.5968368 128.09714 665.9219">
							<Font SizePoints="14" Style="Regular" FamilyName="CSMVMI+BlissPro" Capitals="Normal" ResourceId="2" />
							<Origin X="0" Y="0" />
							<Text>(</Text>
							<Size Width="4.508" Height="8.162108" />
							<Brush>
								<SolidBrush Color="#FF000000" />
							</Brush>
							<Tag>convertedFont</Tag>
						</Glyphs>
						<Glyphs OutlineWidth="0.5" CharSpace="0" RenderTransform="0.5968368 0 -0 0.5968368 130.80156 665.9219">
							<Font SizePoints="14" Style="Regular" FamilyName="CSMVMI+BlissPro" Capitals="Normal" ResourceId="2" />
							<Origin X="0" Y="0" />
							<Text>П</Text>
							<Size Width="9.296" Height="8.162108" />
							<Brush>
								<SolidBrush Color="#FF000000" />
							</Brush>
							<Tag>convertedFont</Tag>
						</Glyphs>
						<Glyphs OutlineWidth="0.5" CharSpace="0" RenderTransform="0.5968368 0 -0 0.5968368 136.38757 665.9219">
							<Font SizePoints="14" Style="Regular" FamilyName="CSMVMI+BlissPro" Capitals="Normal" ResourceId="2" />
							<Origin X="0" Y="0" />
							<Text>а</Text>
							<Size Width="6.608" Height="8.162108" />
							<Brush>
								<SolidBrush Color="#FF000000" />
							</Brush>
							<Tag>convertedFont</Tag>
						</Glyphs>
						<Glyphs OutlineWidth="0.5" CharSpace="0" RenderTransform="0.5968368 0 -0 0.5968368 140.36028 665.9219">
							<Font SizePoints="14" Style="Regular" FamilyName="CSMVMI+BlissPro" Capitals="Normal" ResourceId="2" />
							<Origin X="0" Y="0" />
							<Text>)</Text>
							<Size Width="4.508" Height="8.162108" />
							<Brush>
								<SolidBrush Color="#FF000000" />
							</Brush>
							<Tag>convertedFont</Tag>
						</Glyphs>
						<Glyphs OutlineWidth="0.5" CharSpace="0" RenderTransform="0.5968368 0 -0 0.5968368 237.39288 665.9219">
							<Font SizePoints="14" Style="Regular" FamilyName="CSMVMI+BlissPro" Capitals="Normal" ResourceId="2" />
							<Origin X="0" Y="0" />
							<Text>1</Text>
							<Size Width="5.852" Height="8.162108" />
							<Brush>
								<SolidBrush Color="#FF000000" />
							</Brush>
							<Tag>convertedFont</Tag>
						</Glyphs>
						<Glyphs OutlineWidth="0.5" CharSpace="0" RenderTransform="0.5968368 0 -0 0.5968368 240.90863 665.9219">
							<Font SizePoints="14" Style="Regular" FamilyName="CSMVMI+BlissPro" Capitals="Normal" ResourceId="2" />
							<Origin X="0" Y="0" />
							<Text>2</Text>
							<Size Width="7.154" Height="8.162108" />
							<Brush>
								<SolidBrush Color="#FF000000" />
							</Brush>
							<Tag>convertedFont</Tag>
						</Glyphs>
						<Glyphs OutlineWidth="0.5" CharSpace="0" RenderTransform="0.5968368 0 -0 0.5968368 245.20772 665.9219">
							<Font SizePoints="14" Style="Regular" FamilyName="CSMVMI+BlissPro" Capitals="Normal" ResourceId="2" />
							<Origin X="0" Y="0" />
							<Text>6</Text>
							<Size Width="7.56" Height="8.162108" />
							<Brush>
								<SolidBrush Color="#FF000000" />
							</Brush>
							<Tag>convertedFont</Tag>
						</Glyphs>
						<Glyphs OutlineWidth="0.5" CharSpace="0" RenderTransform="0.5968368 0 -0 0.5968368 249.74927 665.9219">
							<Font SizePoints="14" Style="Regular" FamilyName="CSMVMI+BlissPro" Capitals="Normal" ResourceId="2" />
							<Origin X="0" Y="0" />
							<Text>.</Text>
							<Size Width="3.276" Height="8.162108" />
							<Brush>
								<SolidBrush Color="#FF000000" />
							</Brush>
							<Tag>convertedFont</Tag>
						</Glyphs>
						<Glyphs OutlineWidth="0.5" CharSpace="0" RenderTransform="0.5968368 0 -0 0.5968368 251.71696 665.9219">
							<Font SizePoints="14" Style="Regular" FamilyName="CSMVMI+BlissPro" Capitals="Normal" ResourceId="2" />
							<Origin X="0" Y="0" />
							<Text>4</Text>
							<Size Width="7.784" Height="8.162108" />
							<Brush>
								<SolidBrush Color="#FF000000" />
							</Brush>
							<Tag>convertedFont</Tag>
						</Glyphs>
						<Glyphs OutlineWidth="0.5" CharSpace="0" RenderTransform="0.5968368 0 -0 0.5968368 57.148167 679.05225">
							<Font SizePoints="14" Style="Regular" FamilyName="CSMVMI+BlissPro" Capitals="Normal" ResourceId="2" />
							<Origin X="0" Y="0" />
							<Text>Ч</Text>
							<Size Width="8.414" Height="8.162108" />
							<Brush>
								<SolidBrush Color="#FF000000" />
							</Brush>
							<Tag>convertedFont</Tag>
						</Glyphs>
						<Glyphs OutlineWidth="0.5" CharSpace="0" RenderTransform="0.5968368 0 -0 0.5968368 62.20263 679.05225">
							<Font SizePoints="14" Style="Regular" FamilyName="CSMVMI+BlissPro" Capitals="Normal" ResourceId="2" />
							<Origin X="0" Y="0" />
							<Text>а</Text>
							<Size Width="6.608" Height="8.162108" />
							<Brush>
								<SolidBrush Color="#FF000000" />
							</Brush>
							<Tag>convertedFont</Tag>
						</Glyphs>
						<Glyphs OutlineWidth="0.5" CharSpace="0" RenderTransform="0.5968368 0 -0 0.5968368 66.17532 679.05225">
							<Font SizePoints="14" Style="Regular" FamilyName="CSMVMI+BlissPro" Capitals="Normal" ResourceId="2" />
							<Origin X="0" Y="0" />
							<Text>с</Text>
							<Size Width="6.076" Height="8.162108" />
							<Brush>
								<SolidBrush Color="#FF000000" />
							</Brush>
							<Tag>convertedFont</Tag>
						</Glyphs>
						<Glyphs OutlineWidth="0.5" CharSpace="0" RenderTransform="0.5968368 0 -0 0.5968368 69.821625 679.05225">
							<Font SizePoints="14" Style="Regular" FamilyName="CSMVMI+BlissPro" Capitals="Normal" ResourceId="2" />
							<Origin X="0" Y="0" />
							<Text>т</Text>
							<Size Width="6.174" Height="8.162108" />
							<Brush>
								<SolidBrush Color="#FF000000" />
							</Brush>
							<Tag>convertedFont</Tag>
						</Glyphs>
						<Glyphs OutlineWidth="0.5" CharSpace="0" RenderTransform="0.5968368 0 -0 0.5968368 73.5332 679.05225">
							<Font SizePoints="14" Style="Regular" FamilyName="CSMVMI+BlissPro" Capitals="Normal" ResourceId="2" />
							<Origin X="0" Y="0" />
							<Text>о</Text>
							<Size Width="7.364" Height="8.162108" />
							<Brush>
								<SolidBrush Color="#FF000000" />
							</Brush>
							<Tag>convertedFont</Tag>
						</Glyphs>
						<Glyphs OutlineWidth="0.5" CharSpace="0" RenderTransform="0.5968368 0 -0 0.5968368 77.95352 679.05225">
							<Font SizePoints="14" Style="Regular" FamilyName="CSMVMI+BlissPro" Capitals="Normal" ResourceId="2" />
							<Origin X="0" Y="0" />
							<Text>т</Text>
							<Size Width="6.174" Height="8.162108" />
							<Brush>
								<SolidBrush Color="#FF000000" />
							</Brush>
							<Tag>convertedFont</Tag>
						</Glyphs>
						<Glyphs OutlineWidth="0.5" CharSpace="0" RenderTransform="0.5968368 0 -0 0.5968368 81.6651 679.05225">
							<Font SizePoints="14" Style="Regular" FamilyName="CSMVMI+BlissPro" Capitals="Normal" ResourceId="2" />
							<Origin X="0" Y="0" />
							<Text>а</Text>
							<Size Width="6.608" Height="8.162108" />
							<Brush>
								<SolidBrush Color="#FF000000" />
							</Brush>
							<Tag>convertedFont</Tag>
						</Glyphs>
						<Glyphs OutlineWidth="0.5" CharSpace="0" RenderTransform="0.5968368 0 -0 0.5968368 85.6378 679.05225">
							<Font SizePoints="14" Style="Regular" FamilyName="CSMVMI+BlissPro" Capitals="Normal" ResourceId="2" />
							<Origin X="0" Y="0" />
							<Text> </Text>
							<Size Width="3.094" Height="8.162108" />
							<Brush>
								<SolidBrush Color="#FF000000" />
							</Brush>
							<Tag>convertedFont</Tag>
						</Glyphs>
						<Glyphs OutlineWidth="0.5" CharSpace="0" RenderTransform="0.5968368 0 -0 0.5968368 87.49359 679.05225">
							<Font SizePoints="14" Style="Regular" FamilyName="CSMVMI+BlissPro" Capitals="Normal" ResourceId="2" />
							<Origin X="0" Y="0" />
							<Text>(</Text>
							<Size Width="4.508" Height="8.162108" />
							<Brush>
								<SolidBrush Color="#FF000000" />
							</Brush>
							<Tag>convertedFont</Tag>
						</Glyphs>
						<Glyphs OutlineWidth="0.5" CharSpace="0" RenderTransform="0.5968368 0 -0 0.5968368 90.198006 679.05225">
							<Font SizePoints="14" Style="Regular" FamilyName="CSMVMI+BlissPro" Capitals="Normal" ResourceId="2" />
							<Origin X="0" Y="0" />
							<Text>Г</Text>
							<Size Width="6.062" Height="8.162108" />
							<Brush>
								<SolidBrush Color="#FF000000" />
							</Brush>
							<Tag>convertedFont</Tag>
						</Glyphs>
						<Glyphs OutlineWidth="0.5" CharSpace="0" RenderTransform="0.5968368 0 -0 0.5968368 93.83498 679.05225">
							<Font SizePoints="14" Style="Regular" FamilyName="CSMVMI+BlissPro" Capitals="Normal" ResourceId="2" />
							<Origin X="0" Y="0" />
							<Text>ц</Text>
							<Size Width="7.518" Height="8.162108" />
							<Brush>
								<SolidBrush Color="#FF000000" />
							</Brush>
							<Tag>convertedFont</Tag>
						</Glyphs>
						<Glyphs OutlineWidth="0.5" CharSpace="0" RenderTransform="0.5968368 0 -0 0.5968368 98.34856 679.05225">
							<Font SizePoints="14" Style="Regular" FamilyName="CSMVMI+BlissPro" Capitals="Normal" ResourceId="2" />
							<Origin X="0" Y="0" />
							<Text>)</Text>
							<Size Width="4.508" Height="8.162108" />
							<Brush>
								<SolidBrush Color="#FF000000" />
							</Brush>
							<Tag>convertedFont</Tag>
						</Glyphs>
						<Glyphs OutlineWidth="0.5" CharSpace="0" RenderTransform="0.5968368 0 -0 0.5968368 237.39288 679.05225">
							<Font SizePoints="14" Style="Regular" FamilyName="CSMVMI+BlissPro" Capitals="Normal" ResourceId="2" />
							<Origin X="0" Y="0" />
							<Text>5</Text>
							<Size Width="7.126" Height="8.162108" />
							<Brush>
								<SolidBrush Color="#FF000000" />
							</Brush>
							<Tag>convertedFont</Tag>
						</Glyphs>
						<Glyphs OutlineWidth="0.5" CharSpace="0" RenderTransform="0.5968368 0 -0 0.5968368 241.67332 679.05225">
							<Font SizePoints="14" Style="Regular" FamilyName="CSMVMI+BlissPro" Capitals="Normal" ResourceId="2" />
							<Origin X="0" Y="0" />
							<Text>0</Text>
							<Size Width="7.756" Height="8.162108" />
							<Brush>
								<SolidBrush Color="#FF000000" />
							</Brush>
							<Tag>convertedFont</Tag>
						</Glyphs>
						<Glyphs OutlineWidth="0.5" CharSpace="0" RenderTransform="0.5968368 0 -0 0.5968368 57.148167 692.1826">
							<Font SizePoints="14" Style="Regular" FamilyName="CSMVMI+BlissPro" Capitals="Normal" ResourceId="2" />
							<Origin X="0" Y="0" />
							<Text>Д</Text>
							<Size Width="9.142" Height="8.162108" />
							<Brush>
								<SolidBrush Color="#FF000000" />
							</Brush>
							<Tag>convertedFont</Tag>
						</Glyphs>
						<Glyphs OutlineWidth="0.5" CharSpace="0" RenderTransform="0.5968368 0 -0 0.5968368 62.64093 692.1826">
							<Font SizePoints="14" Style="Regular" FamilyName="CSMVMI+BlissPro" Capitals="Normal" ResourceId="2" />
							<Origin X="0" Y="0" />
							<Text>в</Text>
							<Size Width="6.538" Height="8.162108" />
							<Brush>
								<SolidBrush Color="#FF000000" />
							</Brush>
							<Tag>convertedFont</Tag>
						</Glyphs>
						<Glyphs OutlineWidth="0.5" CharSpace="0" RenderTransform="0.5968368 0 -0 0.5968368 66.576324 692.1826">
							<Font SizePoints="14" Style="Regular" FamilyName="CSMVMI+BlissPro" Capitals="Normal" ResourceId="2" />
							<Origin X="0" Y="0" />
							<Text>и</Text>
							<Size Width="7.518" Height="8.162108" />
							<Brush>
								<SolidBrush Color="#FF000000" />
							</Brush>
							<Tag>convertedFont</Tag>
						</Glyphs>
						<Glyphs OutlineWidth="0.5" CharSpace="0" RenderTransform="0.5968368 0 -0 0.5968368 71.089905 692.1826">
							<Font SizePoints="14" Style="Regular" FamilyName="CSMVMI+BlissPro" Capitals="Normal" ResourceId="2" />
							<Origin X="0" Y="0" />
							<Text>г</Text>
							<Size Width="5.544" Height="8.162108" />
							<Brush>
								<SolidBrush Color="#FF000000" />
							</Brush>
							<Tag>convertedFont</Tag>
						</Glyphs>
						<Glyphs OutlineWidth="0.5" CharSpace="0" RenderTransform="0.5968368 0 -0 0.5968368 74.41913 692.1826">
							<Font SizePoints="14" Style="Regular" FamilyName="CSMVMI+BlissPro" Capitals="Normal" ResourceId="2" />
							<Origin X="0" Y="0" />
							<Text>а</Text>
							<Size Width="6.608" Height="8.162108" />
							<Brush>
								<SolidBrush Color="#FF000000" />
							</Brush>
							<Tag>convertedFont</Tag>
						</Glyphs>
						<Glyphs OutlineWidth="0.5" CharSpace="0" RenderTransform="0.5968368 0 -0 0.5968368 78.39183 692.1826">
							<Font SizePoints="14" Style="Regular" FamilyName="CSMVMI+BlissPro" Capitals="Normal" ResourceId="2" />
							<Origin X="0" Y="0" />
							<Text>т</Text>
							<Size Width="6.174" Height="8.162108" />
							<Brush>
								<SolidBrush Color="#FF000000" />
							</Brush>
							<Tag>convertedFont</Tag>
						</Glyphs>
						<Glyphs OutlineWidth="0.5" CharSpace="0" RenderTransform="0.5968368 0 -0 0.5968368 82.10341 692.1826">
							<Font SizePoints="14" Style="Regular" FamilyName="CSMVMI+BlissPro" Capitals="Normal" ResourceId="2" />
							<Origin X="0" Y="0" />
							<Text>е</Text>
							<Size Width="6.636" Height="8.162108" />
							<Brush>
								<SolidBrush Color="#FF000000" />
							</Brush>
							<Tag>convertedFont</Tag>
						</Glyphs>
						<Glyphs OutlineWidth="0.5" CharSpace="0" RenderTransform="0.5968368 0 -0 0.5968368 86.09476 692.1826">
							<Font SizePoints="14" Style="Regular" FamilyName="CSMVMI+BlissPro" Capitals="Normal" ResourceId="2" />
							<Origin X="0" Y="0" />
							<Text>л</Text>
							<Size Width="7.042" Height="8.162108" />
							<Brush>
								<SolidBrush Color="#FF000000" />
							</Brush>
							<Tag>convertedFont</Tag>
						</Glyphs>
						<Glyphs OutlineWidth="0.5" CharSpace="0" RenderTransform="0.5968368 0 -0 0.5968368 90.32857 692.1826">
							<Font SizePoints="14" Style="Regular" FamilyName="CSMVMI+BlissPro" Capitals="Normal" ResourceId="2" />
							<Origin X="0" Y="0" />
							<Text>ь</Text>
							<Size Width="6.454" Height="8.162108" />
							<Brush>
								<SolidBrush Color="#FF000000" />
							</Brush>
							<Tag>convertedFont</Tag>
						</Glyphs>
						<Glyphs OutlineWidth="0.5" CharSpace="0" RenderTransform="0.5968368 0 -0 0.5968368 237.39288 692.1826">
							<Font SizePoints="14" Style="Regular" FamilyName="CSMVMI+BlissPro" Capitals="Normal" ResourceId="2" />
							<Origin X="0" Y="0" />
							<Text>2</Text>
							<Size Width="7.154" Height="8.162108" />
							<Brush>
								<SolidBrush Color="#FF000000" />
							</Brush>
							<Tag>convertedFont</Tag>
						</Glyphs>
						<Glyphs OutlineWidth="0.5" CharSpace="0" RenderTransform="0.5968368 0 -0 0.5968368 241.69197 692.1826">
							<Font SizePoints="14" Style="Regular" FamilyName="CSMVMI+BlissPro" Capitals="Normal" ResourceId="2" />
							<Origin X="0" Y="0" />
							<Text>2</Text>
							<Size Width="7.154" Height="8.162108" />
							<Brush>
								<SolidBrush Color="#FF000000" />
							</Brush>
							<Tag>convertedFont</Tag>
						</Glyphs>
						<Glyphs OutlineWidth="0.5" CharSpace="0" RenderTransform="0.5968368 0 -0 0.5968368 245.99106 692.1826">
							<Font SizePoints="14" Style="Regular" FamilyName="CSMVMI+BlissPro" Capitals="Normal" ResourceId="2" />
							<Origin X="0" Y="0" />
							<Text>R</Text>
							<Size Width="7.728" Height="8.162108" />
							<Brush>
								<SolidBrush Color="#FF000000" />
							</Brush>
							<Tag>convertedFont</Tag>
						</Glyphs>
						<Glyphs OutlineWidth="0.5" CharSpace="0" RenderTransform="0.5968368 0 -0 0.5968368 250.6352 692.1826">
							<Font SizePoints="14" Style="Regular" FamilyName="CSMVMI+BlissPro" Capitals="Normal" ResourceId="2" />
							<Origin X="0" Y="0" />
							<Text>.</Text>
							<Size Width="3.276" Height="8.162108" />
							<Brush>
								<SolidBrush Color="#FF000000" />
							</Brush>
							<Tag>convertedFont</Tag>
						</Glyphs>
						<Glyphs OutlineWidth="0.5" CharSpace="0" RenderTransform="0.5968368 0 -0 0.5968368 252.60289 692.1826">
							<Font SizePoints="14" Style="Regular" FamilyName="CSMVMI+BlissPro" Capitals="Normal" ResourceId="2" />
							<Origin X="0" Y="0" />
							<Text>2</Text>
							<Size Width="7.154" Height="8.162108" />
							<Brush>
								<SolidBrush Color="#FF000000" />
							</Brush>
							<Tag>convertedFont</Tag>
						</Glyphs>
						<Glyphs OutlineWidth="0.5" CharSpace="0" RenderTransform="0.5968368 0 -0 0.5968368 256.90198 692.1826">
							<Font SizePoints="14" Style="Regular" FamilyName="CSMVMI+BlissPro" Capitals="Normal" ResourceId="2" />
							<Origin X="0" Y="0" />
							<Text>D</Text>
							<Size Width="9.212" Height="8.162108" />
							<Brush>
								<SolidBrush Color="#FF000000" />
							</Brush>
							<Tag>convertedFont</Tag>
						</Glyphs>
						<Glyphs OutlineWidth="0.5" CharSpace="0" RenderTransform="0.5968368 0 -0 0.5968368 57.148167 705.313">
							<Font SizePoints="14" Style="Regular" FamilyName="CSMVMI+BlissPro" Capitals="Normal" ResourceId="2" />
							<Origin X="0" Y="0" />
							<Text>n</Text>
							<Size Width="7.168" Height="8.162108" />
							<Brush>
								<SolidBrush Color="#FF000000" />
							</Brush>
							<Tag>convertedFont</Tag>
						</Glyphs>
						<Glyphs OutlineWidth="0.5" CharSpace="0" RenderTransform="0.5968368 0 -0 0.5968368 61.45658 705.313">
							<Font SizePoints="14" Style="Regular" FamilyName="CSMVMI+BlissPro" Capitals="Normal" ResourceId="2" />
							<Origin X="0" Y="0" />
							<Text> </Text>
							<Size Width="3.094" Height="8.162108" />
							<Brush>
								<SolidBrush Color="#FF000000" />
							</Brush>
							<Tag>convertedFont</Tag>
						</Glyphs>
						<Glyphs OutlineWidth="0.5" CharSpace="0" RenderTransform="0.5968368 0 -0 0.5968368 63.31237 705.313">
							<Font SizePoints="14" Style="Regular" FamilyName="CSMVMI+BlissPro" Capitals="Normal" ResourceId="2" />
							<Origin X="0" Y="0" />
							<Text>р</Text>
							<Size Width="7.14" Height="8.162108" />
							<Brush>
								<SolidBrush Color="#FF000000" />
							</Brush>
							<Tag>convertedFont</Tag>
						</Glyphs>
						<Glyphs OutlineWidth="0.5" CharSpace="0" RenderTransform="0.5968368 0 -0 0.5968368 67.602135 705.313">
							<Font SizePoints="14" Style="Regular" FamilyName="CSMVMI+BlissPro" Capitals="Normal" ResourceId="2" />
							<Origin X="0" Y="0" />
							<Text>а</Text>
							<Size Width="6.608" Height="8.162108" />
							<Brush>
								<SolidBrush Color="#FF000000" />
							</Brush>
							<Tag>convertedFont</Tag>
						</Glyphs>
						<Glyphs OutlineWidth="0.5" CharSpace="0" RenderTransform="0.5968368 0 -0 0.5968368 71.57483 705.313">
							<Font SizePoints="14" Style="Regular" FamilyName="CSMVMI+BlissPro" Capitals="Normal" ResourceId="2" />
							<Origin X="0" Y="0" />
							<Text>б</Text>
							<Size Width="7.14" Height="8.162108" />
							<Brush>
								<SolidBrush Color="#FF000000" />
							</Brush>
							<Tag>convertedFont</Tag>
						</Glyphs>
						<Glyphs OutlineWidth="0.5" CharSpace="0" RenderTransform="0.5968368 0 -0 0.5968368 75.86459 705.313">
							<Font SizePoints="14" Style="Regular" FamilyName="CSMVMI+BlissPro" Capitals="Normal" ResourceId="2" />
							<Origin X="0" Y="0" />
							<Text>о</Text>
							<Size Width="7.364" Height="8.162108" />
							<Brush>
								<SolidBrush Color="#FF000000" />
							</Brush>
							<Tag>convertedFont</Tag>
						</Glyphs>
						<Glyphs OutlineWidth="0.5" CharSpace="0" RenderTransform="0.5968368 0 -0 0.5968368 80.28492 705.313">
							<Font SizePoints="14" Style="Regular" FamilyName="CSMVMI+BlissPro" Capitals="Normal" ResourceId="2" />
							<Origin X="0" Y="0" />
							<Text>ч</Text>
							<Size Width="6.776" Height="8.162108" />
							<Brush>
								<SolidBrush Color="#FF000000" />
							</Brush>
							<Tag>convertedFont</Tag>
						</Glyphs>
						<Glyphs OutlineWidth="0.5" CharSpace="0" RenderTransform="0.5968368 0 -0 0.5968368 84.3602 705.313">
							<Font SizePoints="14" Style="Regular" FamilyName="CSMVMI+BlissPro" Capitals="Normal" ResourceId="2" />
							<Origin X="0" Y="0" />
							<Text>а</Text>
							<Size Width="6.608" Height="8.162108" />
							<Brush>
								<SolidBrush Color="#FF000000" />
							</Brush>
							<Tag>convertedFont</Tag>
						</Glyphs>
						<Glyphs OutlineWidth="0.5" CharSpace="0" RenderTransform="0.5968368 0 -0 0.5968368 88.332886 705.313">
							<Font SizePoints="14" Style="Regular" FamilyName="CSMVMI+BlissPro" Capitals="Normal" ResourceId="2" />
							<Origin X="0" Y="0" />
							<Text>я</Text>
							<Size Width="6.678" Height="8.162108" />
							<Brush>
								<SolidBrush Color="#FF000000" />
							</Brush>
							<Tag>convertedFont</Tag>
						</Glyphs>
						<Glyphs OutlineWidth="0.5" CharSpace="0" RenderTransform="0.5968368 0 -0 0.5968368 92.34289 705.313">
							<Font SizePoints="14" Style="Regular" FamilyName="CSMVMI+BlissPro" Capitals="Normal" ResourceId="2" />
							<Origin X="0" Y="0" />
							<Text> </Text>
							<Size Width="3.094" Height="8.162108" />
							<Brush>
								<SolidBrush Color="#FF000000" />
							</Brush>
							<Tag>convertedFont</Tag>
						</Glyphs>
						<Glyphs OutlineWidth="0.5" CharSpace="0" RenderTransform="0.5968368 0 -0 0.5968368 94.19868 705.313">
							<Font SizePoints="14" Style="Regular" FamilyName="CSMVMI+BlissPro" Capitals="Normal" ResourceId="2" />
							<Origin X="0" Y="0" />
							<Text>(</Text>
							<Size Width="4.508" Height="8.162108" />
							<Brush>
								<SolidBrush Color="#FF000000" />
							</Brush>
							<Tag>convertedFont</Tag>
						</Glyphs>
						<Glyphs OutlineWidth="0.5" CharSpace="0" RenderTransform="0.5968368 0 -0 0.5968368 96.90309 705.313">
							<Font SizePoints="14" Style="Regular" FamilyName="CSMVMI+BlissPro" Capitals="Normal" ResourceId="2" />
							<Origin X="0" Y="0" />
							<Text>о</Text>
							<Size Width="7.364" Height="8.162108" />
							<Brush>
								<SolidBrush Color="#FF000000" />
							</Brush>
							<Tag>convertedFont</Tag>
						</Glyphs>
						<Glyphs OutlineWidth="0.5" CharSpace="0" RenderTransform="0.5968368 0 -0 0.5968368 101.32342 705.313">
							<Font SizePoints="14" Style="Regular" FamilyName="CSMVMI+BlissPro" Capitals="Normal" ResourceId="2" />
							<Origin X="0" Y="0" />
							<Text>б</Text>
							<Size Width="7.14" Height="8.162108" />
							<Brush>
								<SolidBrush Color="#FF000000" />
							</Brush>
							<Tag>convertedFont</Tag>
						</Glyphs>
						<Glyphs OutlineWidth="0.5" CharSpace="0" RenderTransform="0.5968368 0 -0 0.5968368 105.61318 705.313">
							<Font SizePoints="14" Style="Regular" FamilyName="CSMVMI+BlissPro" Capitals="Normal" ResourceId="2" />
							<Origin X="0" Y="0" />
							<Text>/</Text>
							<Size Width="5.096" Height="8.162108" />
							<Brush>
								<SolidBrush Color="#FF000000" />
							</Brush>
							<Tag>convertedFont</Tag>
						</Glyphs>
						<Glyphs OutlineWidth="0.5" CharSpace="0" RenderTransform="0.5968368 0 -0 0.5968368 108.67197 705.313">
							<Font SizePoints="14" Style="Regular" FamilyName="CSMVMI+BlissPro" Capitals="Normal" ResourceId="2" />
							<Origin X="0" Y="0" />
							<Text>м</Text>
							<Size Width="8.372" Height="8.162108" />
							<Brush>
								<SolidBrush Color="#FF000000" />
							</Brush>
							<Tag>convertedFont</Tag>
						</Glyphs>
						<Glyphs OutlineWidth="0.5" CharSpace="0" RenderTransform="0.5968368 0 -0 0.5968368 113.70778 705.313">
							<Font SizePoints="14" Style="Regular" FamilyName="CSMVMI+BlissPro" Capitals="Normal" ResourceId="2" />
							<Origin X="0" Y="0" />
							<Text>и</Text>
							<Size Width="7.518" Height="8.162108" />
							<Brush>
								<SolidBrush Color="#FF000000" />
							</Brush>
							<Tag>convertedFont</Tag>
						</Glyphs>
						<Glyphs OutlineWidth="0.5" CharSpace="0" RenderTransform="0.5968368 0 -0 0.5968368 118.22136 705.313">
							<Font SizePoints="14" Style="Regular" FamilyName="CSMVMI+BlissPro" Capitals="Normal" ResourceId="2" />
							<Origin X="0" Y="0" />
							<Text>н</Text>
							<Size Width="7.266" Height="8.162108" />
							<Brush>
								<SolidBrush Color="#FF000000" />
							</Brush>
							<Tag>convertedFont</Tag>
						</Glyphs>
						<Glyphs OutlineWidth="0.5" CharSpace="0" RenderTransform="0.5968368 0 -0 0.5968368 122.585724 705.313">
							<Font SizePoints="14" Style="Regular" FamilyName="CSMVMI+BlissPro" Capitals="Normal" ResourceId="2" />
							<Origin X="0" Y="0" />
							<Text>)</Text>
							<Size Width="4.508" Height="8.162108" />
							<Brush>
								<SolidBrush Color="#FF000000" />
							</Brush>
							<Tag>convertedFont</Tag>
						</Glyphs>
						<Glyphs OutlineWidth="0.5" CharSpace="0" RenderTransform="0.5968368 0 -0 0.5968368 237.39288 705.313">
							<Font SizePoints="14" Style="Regular" FamilyName="CSMVMI+BlissPro" Capitals="Normal" ResourceId="2" />
							<Origin X="0" Y="0" />
							<Text>2</Text>
							<Size Width="7.154" Height="8.162108" />
							<Brush>
								<SolidBrush Color="#FF000000" />
							</Brush>
							<Tag>convertedFont</Tag>
						</Glyphs>
						<Glyphs OutlineWidth="0.5" CharSpace="0" RenderTransform="0.5968368 0 -0 0.5968368 241.69197 705.313">
							<Font SizePoints="14" Style="Regular" FamilyName="CSMVMI+BlissPro" Capitals="Normal" ResourceId="2" />
							<Origin X="0" Y="0" />
							<Text>7</Text>
							<Size Width="6.636" Height="8.162108" />
							<Brush>
								<SolidBrush Color="#FF000000" />
							</Brush>
							<Tag>convertedFont</Tag>
						</Glyphs>
						<Glyphs OutlineWidth="0.5" CharSpace="0" RenderTransform="0.5968368 0 -0 0.5968368 245.68332 705.313">
							<Font SizePoints="14" Style="Regular" FamilyName="CSMVMI+BlissPro" Capitals="Normal" ResourceId="2" />
							<Origin X="0" Y="0" />
							<Text>3</Text>
							<Size Width="7.448" Height="8.162108" />
							<Brush>
								<SolidBrush Color="#FF000000" />
							</Brush>
							<Tag>convertedFont</Tag>
						</Glyphs>
						<Glyphs OutlineWidth="0.5" CharSpace="0" RenderTransform="0.5968368 0 -0 0.5968368 250.15959 705.313">
							<Font SizePoints="14" Style="Regular" FamilyName="CSMVMI+BlissPro" Capitals="Normal" ResourceId="2" />
							<Origin X="0" Y="0" />
							<Text>0</Text>
							<Size Width="7.756" Height="8.162108" />
							<Brush>
								<SolidBrush Color="#FF000000" />
							</Brush>
							<Tag>convertedFont</Tag>
						</Glyphs>
					</Canvas>
					<Canvas>
						<Clip>
							<Path FillMode="Alternate">
								<PathFigure IsClosed="True">
									<PolyLine LineColor="#FF000000">
										<Point X="28.5" Y="28.5" />
										<Point X="566.25" Y="28.5" />
									</PolyLine>
									<PolyLine LineColor="#FF000000">
										<Point X="566.25" Y="28.5" />
										<Point X="566.25" Y="813.3404" />
									</PolyLine>
									<PolyLine LineColor="#FF000000">
										<Point X="566.25" Y="813.3404" />
										<Point X="28.5" Y="813.3404" />
									</PolyLine>
									<PolyLine LineColor="#FF000000">
										<Point X="28.5" Y="813.3404" />
										<Point X="28.5" Y="28.5" />
									</PolyLine>
								</PathFigure>
							</Path>
						</Clip>
						<Canvas>
							<Clip>
								<Path FillMode="Winding">
									<PathFigure IsClosed="False">
										<PolyLine LineColor="#FF000000">
											<Point X="308.41647" Y="603.8507" />
											<Point X="308.41647" Y="603.2539" />
										</PolyLine>
										<PolyLine LineColor="#FF000000">
											<Point X="308.41647" Y="603.2539" />
											<Point X="508.95364" Y="603.2539" />
										</PolyLine>
										<PolyLine LineColor="#FF000000">
											<Point X="508.95364" Y="603.2539" />
											<Point X="508.95364" Y="603.8507" />
										</PolyLine>
									</PathFigure>
								</Path>
							</Clip>
							<Path FillMode="Winding" RenderTransform="1 0 0 -1 0 842">
								<Brush>
									<SolidBrush Color="#FF706E74" />
								</Brush>
								<PathFigure IsClosed="True">
									<PolyLine LineColor="#FF000000">
										<Point X="308.41647" Y="238.7461" />
										<Point X="309.0133" Y="238.7461" />
									</PolyLine>
									<PolyLine LineColor="#FF000000">
										<Point X="309.0133" Y="238.7461" />
										<Point X="309.0133" Y="238.14917" />
									</PolyLine>
									<PolyLine LineColor="#FF000000">
										<Point X="309.0133" Y="238.14917" />
										<Point X="308.41647" Y="238.14917" />
									</PolyLine>
								</PathFigure>
							</Path>
							<Path FillMode="Winding" RenderTransform="1 0 0 -1 0 842">
								<Brush>
									<SolidBrush Color="#FF706E74" />
								</Brush>
								<PathFigure IsClosed="True">
									<PolyLine LineColor="#FF000000">
										<Point X="508.35678" Y="238.7461" />
										<Point X="508.9536" Y="238.7461" />
									</PolyLine>
									<PolyLine LineColor="#FF000000">
										<Point X="508.9536" Y="238.7461" />
										<Point X="508.9536" Y="238.14917" />
									</PolyLine>
									<PolyLine LineColor="#FF000000">
										<Point X="508.9536" Y="238.14917" />
										<Point X="508.35678" Y="238.14917" />
									</PolyLine>
								</PathFigure>
							</Path>
							<Path FillMode="Alternate" RenderTransform="1 0 0 -1 0 842">
								<Pen Alignment="Center" DashCap="Flat" DashOffset="0" DashPattern="0.5968368 0.5968368" DashStyle="Custom" EndCap="Flat" LineJoin="Miter" MiterLimit="10" StartCap="Flat" Width="0.5968368">
									<Brush>
										<SolidBrush Color="#FF706E74" />
									</Brush>
								</Pen>
								<PathFigure IsClosed="False">
									<PolyLine LineColor="#FF000000">
										<Point X="309.0133" Y="238.44751" />
										<Point X="508.35678" Y="238.44751" />
									</PolyLine>
								</PathFigure>
							</Path>
						</Canvas>
					</Canvas>
					<Canvas>
						<Clip>
							<Path FillMode="Alternate">
								<PathFigure IsClosed="True">
									<PolyLine LineColor="#FF000000">
										<Point X="28.5" Y="28.5" />
										<Point X="566.25" Y="28.5" />
									</PolyLine>
									<PolyLine LineColor="#FF000000">
										<Point X="566.25" Y="28.5" />
										<Point X="566.25" Y="813.3404" />
									</PolyLine>
									<PolyLine LineColor="#FF000000">
										<Point X="566.25" Y="813.3404" />
										<Point X="28.5" Y="813.3404" />
									</PolyLine>
									<PolyLine LineColor="#FF000000">
										<Point X="28.5" Y="813.3404" />
										<Point X="28.5" Y="28.5" />
									</PolyLine>
								</PathFigure>
							</Path>
						</Clip>
					</Canvas>
					<Canvas>
						<Clip>
							<Path FillMode="Alternate">
								<PathFigure IsClosed="True">
									<PolyLine LineColor="#FF000000">
										<Point X="28.5" Y="28.5" />
										<Point X="566.25" Y="28.5" />
									</PolyLine>
									<PolyLine LineColor="#FF000000">
										<Point X="566.25" Y="28.5" />
										<Point X="566.25" Y="813.3404" />
									</PolyLine>
									<PolyLine LineColor="#FF000000">
										<Point X="566.25" Y="813.3404" />
										<Point X="28.5" Y="813.3404" />
									</PolyLine>
									<PolyLine LineColor="#FF000000">
										<Point X="28.5" Y="813.3404" />
										<Point X="28.5" Y="28.5" />
									</PolyLine>
								</PathFigure>
							</Path>
						</Clip>
						<Canvas>
							<Clip>
								<Path FillMode="Winding">
									<PathFigure IsClosed="False">
										<PolyLine LineColor="#FF000000">
											<Point X="510.1473" Y="603.8507" />
											<Point X="510.74414" Y="603.2539" />
										</PolyLine>
										<PolyLine LineColor="#FF000000">
											<Point X="510.74414" Y="603.2539" />
											<Point X="542.3765" Y="603.2539" />
										</PolyLine>
										<PolyLine LineColor="#FF000000">
											<Point X="542.3765" Y="603.2539" />
											<Point X="542.3765" Y="603.8507" />
										</PolyLine>
									</PathFigure>
								</Path>
							</Clip>
							<Path FillMode="Winding" RenderTransform="1 0 0 -1 0 842">
								<Brush>
									<SolidBrush Color="#FF706E74" />
								</Brush>
								<PathFigure IsClosed="True">
									<PolyLine LineColor="#FF000000">
										<Point X="510.1473" Y="238.7461" />
										<Point X="510.74414" Y="238.7461" />
									</PolyLine>
									<PolyLine LineColor="#FF000000">
										<Point X="510.74414" Y="238.7461" />
										<Point X="510.74414" Y="238.14917" />
									</PolyLine>
									<PolyLine LineColor="#FF000000">
										<Point X="510.74414" Y="238.14917" />
										<Point X="510.1473" Y="238.14917" />
									</PolyLine>
								</PathFigure>
							</Path>
							<Path FillMode="Winding" RenderTransform="1 0 0 -1 0 842">
								<Brush>
									<SolidBrush Color="#FF706E74" />
								</Brush>
								<PathFigure IsClosed="True">
									<PolyLine LineColor="#FF000000">
										<Point X="541.77966" Y="238.7461" />
										<Point X="542.37646" Y="238.7461" />
									</PolyLine>
									<PolyLine LineColor="#FF000000">
										<Point X="542.37646" Y="238.7461" />
										<Point X="542.37646" Y="238.14917" />
									</PolyLine>
									<PolyLine LineColor="#FF000000">
										<Point X="542.37646" Y="238.14917" />
										<Point X="541.77966" Y="238.14917" />
									</PolyLine>
								</PathFigure>
							</Path>
							<Path FillMode="Alternate" RenderTransform="1 0 0 -1 0 842">
								<Pen Alignment="Center" DashCap="Flat" DashOffset="0" DashPattern="0.5968368 0.5968368" DashStyle="Custom" EndCap="Flat" LineJoin="Miter" MiterLimit="10" StartCap="Flat" Width="0.5968368">
									<Brush>
										<SolidBrush Color="#FF706E74" />
									</Brush>
								</Pen>
								<PathFigure IsClosed="False">
									<PolyLine LineColor="#FF000000">
										<Point X="510.74414" Y="238.44751" />
										<Point X="541.77966" Y="238.44751" />
									</PolyLine>
								</PathFigure>
							</Path>
						</Canvas>
					</Canvas>
					<Canvas>
						<Clip>
							<Path FillMode="Alternate">
								<PathFigure IsClosed="True">
									<PolyLine LineColor="#FF000000">
										<Point X="28.5" Y="28.5" />
										<Point X="566.25" Y="28.5" />
									</PolyLine>
									<PolyLine LineColor="#FF000000">
										<Point X="566.25" Y="28.5" />
										<Point X="566.25" Y="813.3404" />
									</PolyLine>
									<PolyLine LineColor="#FF000000">
										<Point X="566.25" Y="813.3404" />
										<Point X="28.5" Y="813.3404" />
									</PolyLine>
									<PolyLine LineColor="#FF000000">
										<Point X="28.5" Y="813.3404" />
										<Point X="28.5" Y="28.5" />
									</PolyLine>
								</PathFigure>
							</Path>
						</Clip>
						<Path FillMode="Winding" RenderTransform="1 0 0 -1 0 842">
							<Brush>
								<SolidBrush Color="#FF939598" />
							</Brush>
							<PathFigure IsClosed="True">
								<PolyLine LineColor="#FF000000">
									<Point X="510.1473" Y="250.08606" />
									<Point X="510.1473" Y="238.14929" />
								</PolyLine>
								<PolyLine LineColor="#FF000000">
									<Point X="510.1473" Y="238.14929" />
									<Point X="510.74414" Y="238.7461" />
								</PolyLine>
								<PolyLine LineColor="#FF000000">
									<Point X="510.74414" Y="238.7461" />
									<Point X="510.74414" Y="250.08606" />
								</PolyLine>
								<PolyLine LineColor="#FF000000">
									<Point X="510.74414" Y="250.08606" />
									<Point X="510.1473" Y="250.08606" />
								</PolyLine>
							</PathFigure>
						</Path>
					</Canvas>
					<Canvas>
						<Clip>
							<Path FillMode="Alternate">
								<PathFigure IsClosed="True">
									<PolyLine LineColor="#FF000000">
										<Point X="28.5" Y="28.5" />
										<Point X="566.25" Y="28.5" />
									</PolyLine>
									<PolyLine LineColor="#FF000000">
										<Point X="566.25" Y="28.5" />
										<Point X="566.25" Y="813.3404" />
									</PolyLine>
									<PolyLine LineColor="#FF000000">
										<Point X="566.25" Y="813.3404" />
										<Point X="28.5" Y="813.3404" />
									</PolyLine>
									<PolyLine LineColor="#FF000000">
										<Point X="28.5" Y="813.3404" />
										<Point X="28.5" Y="28.5" />
									</PolyLine>
								</PathFigure>
							</Path>
						</Clip>
						<Canvas>
							<Clip>
								<Path FillMode="Winding">
									<PathFigure IsClosed="False">
										<PolyLine LineColor="#FF000000">
											<Point X="308.41647" Y="616.9811" />
											<Point X="308.41647" Y="616.3843" />
										</PolyLine>
										<PolyLine LineColor="#FF000000">
											<Point X="308.41647" Y="616.3843" />
											<Point X="508.95364" Y="616.3843" />
										</PolyLine>
										<PolyLine LineColor="#FF000000">
											<Point X="508.95364" Y="616.3843" />
											<Point X="508.95364" Y="616.9811" />
										</PolyLine>
									</PathFigure>
								</Path>
							</Clip>
							<Path FillMode="Winding" RenderTransform="1 0 0 -1 0 842">
								<Brush>
									<SolidBrush Color="#FF706E74" />
								</Brush>
								<PathFigure IsClosed="True">
									<PolyLine LineColor="#FF000000">
										<Point X="308.41647" Y="225.61572" />
										<Point X="309.0133" Y="225.61572" />
									</PolyLine>
									<PolyLine LineColor="#FF000000">
										<Point X="309.0133" Y="225.61572" />
										<Point X="309.0133" Y="225.0188" />
									</PolyLine>
									<PolyLine LineColor="#FF000000">
										<Point X="309.0133" Y="225.0188" />
										<Point X="308.41647" Y="225.0188" />
									</PolyLine>
								</PathFigure>
							</Path>
							<Path FillMode="Winding" RenderTransform="1 0 0 -1 0 842">
								<Brush>
									<SolidBrush Color="#FF706E74" />
								</Brush>
								<PathFigure IsClosed="True">
									<PolyLine LineColor="#FF000000">
										<Point X="508.35678" Y="225.61572" />
										<Point X="508.9536" Y="225.61572" />
									</PolyLine>
									<PolyLine LineColor="#FF000000">
										<Point X="508.9536" Y="225.61572" />
										<Point X="508.9536" Y="225.0188" />
									</PolyLine>
									<PolyLine LineColor="#FF000000">
										<Point X="508.9536" Y="225.0188" />
										<Point X="508.35678" Y="225.0188" />
									</PolyLine>
								</PathFigure>
							</Path>
							<Path FillMode="Alternate" RenderTransform="1 0 0 -1 0 842">
								<Pen Alignment="Center" DashCap="Flat" DashOffset="0" DashPattern="0.5968368 0.5968368" DashStyle="Custom" EndCap="Flat" LineJoin="Miter" MiterLimit="10" StartCap="Flat" Width="0.5968368">
									<Brush>
										<SolidBrush Color="#FF706E74" />
									</Brush>
								</Pen>
								<PathFigure IsClosed="False">
									<PolyLine LineColor="#FF000000">
										<Point X="309.0133" Y="225.31714" />
										<Point X="508.35678" Y="225.31714" />
									</PolyLine>
								</PathFigure>
							</Path>
						</Canvas>
					</Canvas>
					<Canvas>
						<Clip>
							<Path FillMode="Alternate">
								<PathFigure IsClosed="True">
									<PolyLine LineColor="#FF000000">
										<Point X="28.5" Y="28.5" />
										<Point X="566.25" Y="28.5" />
									</PolyLine>
									<PolyLine LineColor="#FF000000">
										<Point X="566.25" Y="28.5" />
										<Point X="566.25" Y="813.3404" />
									</PolyLine>
									<PolyLine LineColor="#FF000000">
										<Point X="566.25" Y="813.3404" />
										<Point X="28.5" Y="813.3404" />
									</PolyLine>
									<PolyLine LineColor="#FF000000">
										<Point X="28.5" Y="813.3404" />
										<Point X="28.5" Y="28.5" />
									</PolyLine>
								</PathFigure>
							</Path>
						</Clip>
					</Canvas>
					<Canvas>
						<Clip>
							<Path FillMode="Alternate">
								<PathFigure IsClosed="True">
									<PolyLine LineColor="#FF000000">
										<Point X="28.5" Y="28.5" />
										<Point X="566.25" Y="28.5" />
									</PolyLine>
									<PolyLine LineColor="#FF000000">
										<Point X="566.25" Y="28.5" />
										<Point X="566.25" Y="813.3404" />
									</PolyLine>
									<PolyLine LineColor="#FF000000">
										<Point X="566.25" Y="813.3404" />
										<Point X="28.5" Y="813.3404" />
									</PolyLine>
									<PolyLine LineColor="#FF000000">
										<Point X="28.5" Y="813.3404" />
										<Point X="28.5" Y="28.5" />
									</PolyLine>
								</PathFigure>
							</Path>
						</Clip>
						<Canvas>
							<Clip>
								<Path FillMode="Winding">
									<PathFigure IsClosed="False">
										<PolyLine LineColor="#FF000000">
											<Point X="510.1473" Y="616.9811" />
											<Point X="510.74414" Y="616.3843" />
										</PolyLine>
										<PolyLine LineColor="#FF000000">
											<Point X="510.74414" Y="616.3843" />
											<Point X="542.3765" Y="616.3843" />
										</PolyLine>
										<PolyLine LineColor="#FF000000">
											<Point X="542.3765" Y="616.3843" />
											<Point X="542.3765" Y="616.9811" />
										</PolyLine>
									</PathFigure>
								</Path>
							</Clip>
							<Path FillMode="Winding" RenderTransform="1 0 0 -1 0 842">
								<Brush>
									<SolidBrush Color="#FF706E74" />
								</Brush>
								<PathFigure IsClosed="True">
									<PolyLine LineColor="#FF000000">
										<Point X="510.1473" Y="225.61572" />
										<Point X="510.74414" Y="225.61572" />
									</PolyLine>
									<PolyLine LineColor="#FF000000">
										<Point X="510.74414" Y="225.61572" />
										<Point X="510.74414" Y="225.0188" />
									</PolyLine>
									<PolyLine LineColor="#FF000000">
										<Point X="510.74414" Y="225.0188" />
										<Point X="510.1473" Y="225.0188" />
									</PolyLine>
								</PathFigure>
							</Path>
							<Path FillMode="Winding" RenderTransform="1 0 0 -1 0 842">
								<Brush>
									<SolidBrush Color="#FF706E74" />
								</Brush>
								<PathFigure IsClosed="True">
									<PolyLine LineColor="#FF000000">
										<Point X="541.77966" Y="225.61572" />
										<Point X="542.37646" Y="225.61572" />
									</PolyLine>
									<PolyLine LineColor="#FF000000">
										<Point X="542.37646" Y="225.61572" />
										<Point X="542.37646" Y="225.0188" />
									</PolyLine>
									<PolyLine LineColor="#FF000000">
										<Point X="542.37646" Y="225.0188" />
										<Point X="541.77966" Y="225.0188" />
									</PolyLine>
								</PathFigure>
							</Path>
							<Path FillMode="Alternate" RenderTransform="1 0 0 -1 0 842">
								<Pen Alignment="Center" DashCap="Flat" DashOffset="0" DashPattern="0.5968368 0.5968368" DashStyle="Custom" EndCap="Flat" LineJoin="Miter" MiterLimit="10" StartCap="Flat" Width="0.5968368">
									<Brush>
										<SolidBrush Color="#FF706E74" />
									</Brush>
								</Pen>
								<PathFigure IsClosed="False">
									<PolyLine LineColor="#FF000000">
										<Point X="510.74414" Y="225.31714" />
										<Point X="541.77966" Y="225.31714" />
									</PolyLine>
								</PathFigure>
							</Path>
						</Canvas>
					</Canvas>
					<Canvas>
						<Clip>
							<Path FillMode="Alternate">
								<PathFigure IsClosed="True">
									<PolyLine LineColor="#FF000000">
										<Point X="28.5" Y="28.5" />
										<Point X="566.25" Y="28.5" />
									</PolyLine>
									<PolyLine LineColor="#FF000000">
										<Point X="566.25" Y="28.5" />
										<Point X="566.25" Y="813.3404" />
									</PolyLine>
									<PolyLine LineColor="#FF000000">
										<Point X="566.25" Y="813.3404" />
										<Point X="28.5" Y="813.3404" />
									</PolyLine>
									<PolyLine LineColor="#FF000000">
										<Point X="28.5" Y="813.3404" />
										<Point X="28.5" Y="28.5" />
									</PolyLine>
								</PathFigure>
							</Path>
						</Clip>
						<Path FillMode="Winding" RenderTransform="1 0 0 -1 0 842">
							<Brush>
								<SolidBrush Color="#FF939598" />
							</Brush>
							<PathFigure IsClosed="True">
								<PolyLine LineColor="#FF000000">
									<Point X="510.1473" Y="236.95563" />
									<Point X="510.1473" Y="225.01892" />
								</PolyLine>
								<PolyLine LineColor="#FF000000">
									<Point X="510.1473" Y="225.01892" />
									<Point X="510.74414" Y="225.61572" />
								</PolyLine>
								<PolyLine LineColor="#FF000000">
									<Point X="510.74414" Y="225.61572" />
									<Point X="510.74414" Y="236.95563" />
								</PolyLine>
								<PolyLine LineColor="#FF000000">
									<Point X="510.74414" Y="236.95563" />
									<Point X="510.1473" Y="236.95563" />
								</PolyLine>
							</PathFigure>
						</Path>
					</Canvas>
					<Canvas>
						<Clip>
							<Path FillMode="Alternate">
								<PathFigure IsClosed="True">
									<PolyLine LineColor="#FF000000">
										<Point X="28.5" Y="28.5" />
										<Point X="566.25" Y="28.5" />
									</PolyLine>
									<PolyLine LineColor="#FF000000">
										<Point X="566.25" Y="28.5" />
										<Point X="566.25" Y="813.3404" />
									</PolyLine>
									<PolyLine LineColor="#FF000000">
										<Point X="566.25" Y="813.3404" />
										<Point X="28.5" Y="813.3404" />
									</PolyLine>
									<PolyLine LineColor="#FF000000">
										<Point X="28.5" Y="813.3404" />
										<Point X="28.5" Y="28.5" />
									</PolyLine>
								</PathFigure>
							</Path>
						</Clip>
						<Canvas>
							<Clip>
								<Path FillMode="Winding">
									<PathFigure IsClosed="False">
										<PolyLine LineColor="#FF000000">
											<Point X="308.41647" Y="630.1115" />
											<Point X="308.41647" Y="629.51465" />
										</PolyLine>
										<PolyLine LineColor="#FF000000">
											<Point X="308.41647" Y="629.51465" />
											<Point X="508.95364" Y="629.51465" />
										</PolyLine>
										<PolyLine LineColor="#FF000000">
											<Point X="508.95364" Y="629.51465" />
											<Point X="508.95364" Y="630.1115" />
										</PolyLine>
									</PathFigure>
								</Path>
							</Clip>
							<Path FillMode="Winding" RenderTransform="1 0 0 -1 0 842">
								<Brush>
									<SolidBrush Color="#FF706E74" />
								</Brush>
								<PathFigure IsClosed="True">
									<PolyLine LineColor="#FF000000">
										<Point X="308.41647" Y="212.4851" />
										<Point X="309.0133" Y="212.4851" />
									</PolyLine>
									<PolyLine LineColor="#FF000000">
										<Point X="309.0133" Y="212.4851" />
										<Point X="309.0133" Y="211.88843" />
									</PolyLine>
									<PolyLine LineColor="#FF000000">
										<Point X="309.0133" Y="211.88843" />
										<Point X="308.41647" Y="211.88843" />
									</PolyLine>
								</PathFigure>
							</Path>
							<Path FillMode="Winding" RenderTransform="1 0 0 -1 0 842">
								<Brush>
									<SolidBrush Color="#FF706E74" />
								</Brush>
								<PathFigure IsClosed="True">
									<PolyLine LineColor="#FF000000">
										<Point X="508.35678" Y="212.4851" />
										<Point X="508.9536" Y="212.4851" />
									</PolyLine>
									<PolyLine LineColor="#FF000000">
										<Point X="508.9536" Y="212.4851" />
										<Point X="508.9536" Y="211.88843" />
									</PolyLine>
									<PolyLine LineColor="#FF000000">
										<Point X="508.9536" Y="211.88843" />
										<Point X="508.35678" Y="211.88843" />
									</PolyLine>
								</PathFigure>
							</Path>
							<Path FillMode="Alternate" RenderTransform="1 0 0 -1 0 842">
								<Pen Alignment="Center" DashCap="Flat" DashOffset="0" DashPattern="0.5968368 0.5968368" DashStyle="Custom" EndCap="Flat" LineJoin="Miter" MiterLimit="10" StartCap="Flat" Width="0.5968368">
									<Brush>
										<SolidBrush Color="#FF706E74" />
									</Brush>
								</Pen>
								<PathFigure IsClosed="False">
									<PolyLine LineColor="#FF000000">
										<Point X="309.0133" Y="212.18677" />
										<Point X="508.35678" Y="212.18677" />
									</PolyLine>
								</PathFigure>
							</Path>
						</Canvas>
					</Canvas>
					<Canvas>
						<Clip>
							<Path FillMode="Alternate">
								<PathFigure IsClosed="True">
									<PolyLine LineColor="#FF000000">
										<Point X="28.5" Y="28.5" />
										<Point X="566.25" Y="28.5" />
									</PolyLine>
									<PolyLine LineColor="#FF000000">
										<Point X="566.25" Y="28.5" />
										<Point X="566.25" Y="813.3404" />
									</PolyLine>
									<PolyLine LineColor="#FF000000">
										<Point X="566.25" Y="813.3404" />
										<Point X="28.5" Y="813.3404" />
									</PolyLine>
									<PolyLine LineColor="#FF000000">
										<Point X="28.5" Y="813.3404" />
										<Point X="28.5" Y="28.5" />
									</PolyLine>
								</PathFigure>
							</Path>
						</Clip>
					</Canvas>
					<Canvas>
						<Clip>
							<Path FillMode="Alternate">
								<PathFigure IsClosed="True">
									<PolyLine LineColor="#FF000000">
										<Point X="28.5" Y="28.5" />
										<Point X="566.25" Y="28.5" />
									</PolyLine>
									<PolyLine LineColor="#FF000000">
										<Point X="566.25" Y="28.5" />
										<Point X="566.25" Y="813.3404" />
									</PolyLine>
									<PolyLine LineColor="#FF000000">
										<Point X="566.25" Y="813.3404" />
										<Point X="28.5" Y="813.3404" />
									</PolyLine>
									<PolyLine LineColor="#FF000000">
										<Point X="28.5" Y="813.3404" />
										<Point X="28.5" Y="28.5" />
									</PolyLine>
								</PathFigure>
							</Path>
						</Clip>
						<Canvas>
							<Clip>
								<Path FillMode="Winding">
									<PathFigure IsClosed="False">
										<PolyLine LineColor="#FF000000">
											<Point X="510.1473" Y="630.1115" />
											<Point X="510.74414" Y="629.51465" />
										</PolyLine>
										<PolyLine LineColor="#FF000000">
											<Point X="510.74414" Y="629.51465" />
											<Point X="542.3765" Y="629.51465" />
										</PolyLine>
										<PolyLine LineColor="#FF000000">
											<Point X="542.3765" Y="629.51465" />
											<Point X="542.3765" Y="630.1115" />
										</PolyLine>
									</PathFigure>
								</Path>
							</Clip>
							<Path FillMode="Winding" RenderTransform="1 0 0 -1 0 842">
								<Brush>
									<SolidBrush Color="#FF706E74" />
								</Brush>
								<PathFigure IsClosed="True">
									<PolyLine LineColor="#FF000000">
										<Point X="510.1473" Y="212.4851" />
										<Point X="510.74414" Y="212.4851" />
									</PolyLine>
									<PolyLine LineColor="#FF000000">
										<Point X="510.74414" Y="212.4851" />
										<Point X="510.74414" Y="211.88843" />
									</PolyLine>
									<PolyLine LineColor="#FF000000">
										<Point X="510.74414" Y="211.88843" />
										<Point X="510.1473" Y="211.88843" />
									</PolyLine>
								</PathFigure>
							</Path>
							<Path FillMode="Winding" RenderTransform="1 0 0 -1 0 842">
								<Brush>
									<SolidBrush Color="#FF706E74" />
								</Brush>
								<PathFigure IsClosed="True">
									<PolyLine LineColor="#FF000000">
										<Point X="541.77966" Y="212.4851" />
										<Point X="542.37646" Y="212.4851" />
									</PolyLine>
									<PolyLine LineColor="#FF000000">
										<Point X="542.37646" Y="212.4851" />
										<Point X="542.37646" Y="211.88843" />
									</PolyLine>
									<PolyLine LineColor="#FF000000">
										<Point X="542.37646" Y="211.88843" />
										<Point X="541.77966" Y="211.88843" />
									</PolyLine>
								</PathFigure>
							</Path>
							<Path FillMode="Alternate" RenderTransform="1 0 0 -1 0 842">
								<Pen Alignment="Center" DashCap="Flat" DashOffset="0" DashPattern="0.5968368 0.5968368" DashStyle="Custom" EndCap="Flat" LineJoin="Miter" MiterLimit="10" StartCap="Flat" Width="0.5968368">
									<Brush>
										<SolidBrush Color="#FF706E74" />
									</Brush>
								</Pen>
								<PathFigure IsClosed="False">
									<PolyLine LineColor="#FF000000">
										<Point X="510.74414" Y="212.18677" />
										<Point X="541.77966" Y="212.18677" />
									</PolyLine>
								</PathFigure>
							</Path>
						</Canvas>
					</Canvas>
					<Canvas>
						<Clip>
							<Path FillMode="Alternate">
								<PathFigure IsClosed="True">
									<PolyLine LineColor="#FF000000">
										<Point X="28.5" Y="28.5" />
										<Point X="566.25" Y="28.5" />
									</PolyLine>
									<PolyLine LineColor="#FF000000">
										<Point X="566.25" Y="28.5" />
										<Point X="566.25" Y="813.3404" />
									</PolyLine>
									<PolyLine LineColor="#FF000000">
										<Point X="566.25" Y="813.3404" />
										<Point X="28.5" Y="813.3404" />
									</PolyLine>
									<PolyLine LineColor="#FF000000">
										<Point X="28.5" Y="813.3404" />
										<Point X="28.5" Y="28.5" />
									</PolyLine>
								</PathFigure>
							</Path>
						</Clip>
						<Path FillMode="Winding" RenderTransform="1 0 0 -1 0 842">
							<Brush>
								<SolidBrush Color="#FF939598" />
							</Brush>
							<PathFigure IsClosed="True">
								<PolyLine LineColor="#FF000000">
									<Point X="510.1473" Y="223.8252" />
									<Point X="510.1473" Y="211.88849" />
								</PolyLine>
								<PolyLine LineColor="#FF000000">
									<Point X="510.1473" Y="211.88849" />
									<Point X="510.74414" Y="212.48535" />
								</PolyLine>
								<PolyLine LineColor="#FF000000">
									<Point X="510.74414" Y="212.48535" />
									<Point X="510.74414" Y="223.8252" />
								</PolyLine>
								<PolyLine LineColor="#FF000000">
									<Point X="510.74414" Y="223.8252" />
									<Point X="510.1473" Y="223.8252" />
								</PolyLine>
							</PathFigure>
						</Path>
					</Canvas>
					<Canvas>
						<Clip>
							<Path FillMode="Alternate">
								<PathFigure IsClosed="True">
									<PolyLine LineColor="#FF000000">
										<Point X="28.5" Y="28.5" />
										<Point X="566.25" Y="28.5" />
									</PolyLine>
									<PolyLine LineColor="#FF000000">
										<Point X="566.25" Y="28.5" />
										<Point X="566.25" Y="813.3404" />
									</PolyLine>
									<PolyLine LineColor="#FF000000">
										<Point X="566.25" Y="813.3404" />
										<Point X="28.5" Y="813.3404" />
									</PolyLine>
									<PolyLine LineColor="#FF000000">
										<Point X="28.5" Y="813.3404" />
										<Point X="28.5" Y="28.5" />
									</PolyLine>
								</PathFigure>
							</Path>
						</Clip>
						<Canvas>
							<Clip>
								<Path FillMode="Winding">
									<PathFigure IsClosed="False">
										<PolyLine LineColor="#FF000000">
											<Point X="308.41647" Y="643.24194" />
											<Point X="308.41647" Y="642.6451" />
										</PolyLine>
										<PolyLine LineColor="#FF000000">
											<Point X="308.41647" Y="642.6451" />
											<Point X="508.95364" Y="642.6451" />
										</PolyLine>
										<PolyLine LineColor="#FF000000">
											<Point X="508.95364" Y="642.6451" />
											<Point X="508.95364" Y="643.24194" />
										</PolyLine>
									</PathFigure>
								</Path>
							</Clip>
							<Path FillMode="Winding" RenderTransform="1 0 0 -1 0 842">
								<Brush>
									<SolidBrush Color="#FF706E74" />
								</Brush>
								<PathFigure IsClosed="True">
									<PolyLine LineColor="#FF000000">
										<Point X="308.41647" Y="199.35474" />
										<Point X="309.0133" Y="199.35474" />
									</PolyLine>
									<PolyLine LineColor="#FF000000">
										<Point X="309.0133" Y="199.35474" />
										<Point X="309.0133" Y="198.75806" />
									</PolyLine>
									<PolyLine LineColor="#FF000000">
										<Point X="309.0133" Y="198.75806" />
										<Point X="308.41647" Y="198.75806" />
									</PolyLine>
								</PathFigure>
							</Path>
							<Path FillMode="Winding" RenderTransform="1 0 0 -1 0 842">
								<Brush>
									<SolidBrush Color="#FF706E74" />
								</Brush>
								<PathFigure IsClosed="True">
									<PolyLine LineColor="#FF000000">
										<Point X="508.35678" Y="199.35474" />
										<Point X="508.9536" Y="199.35474" />
									</PolyLine>
									<PolyLine LineColor="#FF000000">
										<Point X="508.9536" Y="199.35474" />
										<Point X="508.9536" Y="198.75806" />
									</PolyLine>
									<PolyLine LineColor="#FF000000">
										<Point X="508.9536" Y="198.75806" />
										<Point X="508.35678" Y="198.75806" />
									</PolyLine>
								</PathFigure>
							</Path>
							<Path FillMode="Alternate" RenderTransform="1 0 0 -1 0 842">
								<Pen Alignment="Center" DashCap="Flat" DashOffset="0" DashPattern="0.5968368 0.5968368" DashStyle="Custom" EndCap="Flat" LineJoin="Miter" MiterLimit="10" StartCap="Flat" Width="0.5968368">
									<Brush>
										<SolidBrush Color="#FF706E74" />
									</Brush>
								</Pen>
								<PathFigure IsClosed="False">
									<PolyLine LineColor="#FF000000">
										<Point X="309.0133" Y="199.0564" />
										<Point X="508.35678" Y="199.0564" />
									</PolyLine>
								</PathFigure>
							</Path>
						</Canvas>
					</Canvas>
					<Canvas>
						<Clip>
							<Path FillMode="Alternate">
								<PathFigure IsClosed="True">
									<PolyLine LineColor="#FF000000">
										<Point X="28.5" Y="28.5" />
										<Point X="566.25" Y="28.5" />
									</PolyLine>
									<PolyLine LineColor="#FF000000">
										<Point X="566.25" Y="28.5" />
										<Point X="566.25" Y="813.3404" />
									</PolyLine>
									<PolyLine LineColor="#FF000000">
										<Point X="566.25" Y="813.3404" />
										<Point X="28.5" Y="813.3404" />
									</PolyLine>
									<PolyLine LineColor="#FF000000">
										<Point X="28.5" Y="813.3404" />
										<Point X="28.5" Y="28.5" />
									</PolyLine>
								</PathFigure>
							</Path>
						</Clip>
					</Canvas>
					<Canvas>
						<Clip>
							<Path FillMode="Alternate">
								<PathFigure IsClosed="True">
									<PolyLine LineColor="#FF000000">
										<Point X="28.5" Y="28.5" />
										<Point X="566.25" Y="28.5" />
									</PolyLine>
									<PolyLine LineColor="#FF000000">
										<Point X="566.25" Y="28.5" />
										<Point X="566.25" Y="813.3404" />
									</PolyLine>
									<PolyLine LineColor="#FF000000">
										<Point X="566.25" Y="813.3404" />
										<Point X="28.5" Y="813.3404" />
									</PolyLine>
									<PolyLine LineColor="#FF000000">
										<Point X="28.5" Y="813.3404" />
										<Point X="28.5" Y="28.5" />
									</PolyLine>
								</PathFigure>
							</Path>
						</Clip>
						<Canvas>
							<Clip>
								<Path FillMode="Winding">
									<PathFigure IsClosed="False">
										<PolyLine LineColor="#FF000000">
											<Point X="510.1473" Y="643.24194" />
											<Point X="510.74414" Y="642.6451" />
										</PolyLine>
										<PolyLine LineColor="#FF000000">
											<Point X="510.74414" Y="642.6451" />
											<Point X="542.3765" Y="642.6451" />
										</PolyLine>
										<PolyLine LineColor="#FF000000">
											<Point X="542.3765" Y="642.6451" />
											<Point X="542.3765" Y="643.24194" />
										</PolyLine>
									</PathFigure>
								</Path>
							</Clip>
							<Path FillMode="Winding" RenderTransform="1 0 0 -1 0 842">
								<Brush>
									<SolidBrush Color="#FF706E74" />
								</Brush>
								<PathFigure IsClosed="True">
									<PolyLine LineColor="#FF000000">
										<Point X="510.1473" Y="199.35474" />
										<Point X="510.74414" Y="199.35474" />
									</PolyLine>
									<PolyLine LineColor="#FF000000">
										<Point X="510.74414" Y="199.35474" />
										<Point X="510.74414" Y="198.75806" />
									</PolyLine>
									<PolyLine LineColor="#FF000000">
										<Point X="510.74414" Y="198.75806" />
										<Point X="510.1473" Y="198.75806" />
									</PolyLine>
								</PathFigure>
							</Path>
							<Path FillMode="Winding" RenderTransform="1 0 0 -1 0 842">
								<Brush>
									<SolidBrush Color="#FF706E74" />
								</Brush>
								<PathFigure IsClosed="True">
									<PolyLine LineColor="#FF000000">
										<Point X="541.77966" Y="199.35474" />
										<Point X="542.37646" Y="199.35474" />
									</PolyLine>
									<PolyLine LineColor="#FF000000">
										<Point X="542.37646" Y="199.35474" />
										<Point X="542.37646" Y="198.75806" />
									</PolyLine>
									<PolyLine LineColor="#FF000000">
										<Point X="542.37646" Y="198.75806" />
										<Point X="541.77966" Y="198.75806" />
									</PolyLine>
								</PathFigure>
							</Path>
							<Path FillMode="Alternate" RenderTransform="1 0 0 -1 0 842">
								<Pen Alignment="Center" DashCap="Flat" DashOffset="0" DashPattern="0.5968368 0.5968368" DashStyle="Custom" EndCap="Flat" LineJoin="Miter" MiterLimit="10" StartCap="Flat" Width="0.5968368">
									<Brush>
										<SolidBrush Color="#FF706E74" />
									</Brush>
								</Pen>
								<PathFigure IsClosed="False">
									<PolyLine LineColor="#FF000000">
										<Point X="510.74414" Y="199.0564" />
										<Point X="541.77966" Y="199.0564" />
									</PolyLine>
								</PathFigure>
							</Path>
						</Canvas>
					</Canvas>
					<Canvas>
						<Clip>
							<Path FillMode="Alternate">
								<PathFigure IsClosed="True">
									<PolyLine LineColor="#FF000000">
										<Point X="28.5" Y="28.5" />
										<Point X="566.25" Y="28.5" />
									</PolyLine>
									<PolyLine LineColor="#FF000000">
										<Point X="566.25" Y="28.5" />
										<Point X="566.25" Y="813.3404" />
									</PolyLine>
									<PolyLine LineColor="#FF000000">
										<Point X="566.25" Y="813.3404" />
										<Point X="28.5" Y="813.3404" />
									</PolyLine>
									<PolyLine LineColor="#FF000000">
										<Point X="28.5" Y="813.3404" />
										<Point X="28.5" Y="28.5" />
									</PolyLine>
								</PathFigure>
							</Path>
						</Clip>
						<Path FillMode="Winding" RenderTransform="1 0 0 -1 0 842">
							<Brush>
								<SolidBrush Color="#FF939598" />
							</Brush>
							<PathFigure IsClosed="True">
								<PolyLine LineColor="#FF000000">
									<Point X="510.1473" Y="210.69476" />
									<Point X="510.1473" Y="198.75806" />
								</PolyLine>
								<PolyLine LineColor="#FF000000">
									<Point X="510.1473" Y="198.75806" />
									<Point X="510.74414" Y="199.35492" />
								</PolyLine>
								<PolyLine LineColor="#FF000000">
									<Point X="510.74414" Y="199.35492" />
									<Point X="510.74414" Y="210.69476" />
								</PolyLine>
								<PolyLine LineColor="#FF000000">
									<Point X="510.74414" Y="210.69476" />
									<Point X="510.1473" Y="210.69476" />
								</PolyLine>
							</PathFigure>
						</Path>
					</Canvas>
					<Canvas>
						<Clip>
							<Path FillMode="Alternate">
								<PathFigure IsClosed="True">
									<PolyLine LineColor="#FF000000">
										<Point X="28.5" Y="28.5" />
										<Point X="566.25" Y="28.5" />
									</PolyLine>
									<PolyLine LineColor="#FF000000">
										<Point X="566.25" Y="28.5" />
										<Point X="566.25" Y="813.3404" />
									</PolyLine>
									<PolyLine LineColor="#FF000000">
										<Point X="566.25" Y="813.3404" />
										<Point X="28.5" Y="813.3404" />
									</PolyLine>
									<PolyLine LineColor="#FF000000">
										<Point X="28.5" Y="813.3404" />
										<Point X="28.5" Y="28.5" />
									</PolyLine>
								</PathFigure>
							</Path>
						</Clip>
						<Canvas>
							<Clip>
								<Path FillMode="Winding">
									<PathFigure IsClosed="False">
										<PolyLine LineColor="#FF000000">
											<Point X="308.41647" Y="656.3724" />
											<Point X="308.41647" Y="655.7755" />
										</PolyLine>
										<PolyLine LineColor="#FF000000">
											<Point X="308.41647" Y="655.7755" />
											<Point X="508.95364" Y="655.7755" />
										</PolyLine>
										<PolyLine LineColor="#FF000000">
											<Point X="508.95364" Y="655.7755" />
											<Point X="508.95364" Y="656.3724" />
										</PolyLine>
									</PathFigure>
								</Path>
							</Clip>
							<Path FillMode="Winding" RenderTransform="1 0 0 -1 0 842">
								<Brush>
									<SolidBrush Color="#FF706E74" />
								</Brush>
								<PathFigure IsClosed="True">
									<PolyLine LineColor="#FF000000">
										<Point X="308.41647" Y="186.22437" />
										<Point X="309.0133" Y="186.22437" />
									</PolyLine>
									<PolyLine LineColor="#FF000000">
										<Point X="309.0133" Y="186.22437" />
										<Point X="309.0133" Y="185.62744" />
									</PolyLine>
									<PolyLine LineColor="#FF000000">
										<Point X="309.0133" Y="185.62744" />
										<Point X="308.41647" Y="185.62744" />
									</PolyLine>
								</PathFigure>
							</Path>
							<Path FillMode="Winding" RenderTransform="1 0 0 -1 0 842">
								<Brush>
									<SolidBrush Color="#FF706E74" />
								</Brush>
								<PathFigure IsClosed="True">
									<PolyLine LineColor="#FF000000">
										<Point X="508.35678" Y="186.22437" />
										<Point X="508.9536" Y="186.22437" />
									</PolyLine>
									<PolyLine LineColor="#FF000000">
										<Point X="508.9536" Y="186.22437" />
										<Point X="508.9536" Y="185.62744" />
									</PolyLine>
									<PolyLine LineColor="#FF000000">
										<Point X="508.9536" Y="185.62744" />
										<Point X="508.35678" Y="185.62744" />
									</PolyLine>
								</PathFigure>
							</Path>
							<Path FillMode="Alternate" RenderTransform="1 0 0 -1 0 842">
								<Pen Alignment="Center" DashCap="Flat" DashOffset="0" DashPattern="0.5968368 0.5968368" DashStyle="Custom" EndCap="Flat" LineJoin="Miter" MiterLimit="10" StartCap="Flat" Width="0.5968368">
									<Brush>
										<SolidBrush Color="#FF706E74" />
									</Brush>
								</Pen>
								<PathFigure IsClosed="False">
									<PolyLine LineColor="#FF000000">
										<Point X="309.0133" Y="185.92603" />
										<Point X="508.35678" Y="185.92603" />
									</PolyLine>
								</PathFigure>
							</Path>
						</Canvas>
					</Canvas>
					<Canvas>
						<Clip>
							<Path FillMode="Alternate">
								<PathFigure IsClosed="True">
									<PolyLine LineColor="#FF000000">
										<Point X="28.5" Y="28.5" />
										<Point X="566.25" Y="28.5" />
									</PolyLine>
									<PolyLine LineColor="#FF000000">
										<Point X="566.25" Y="28.5" />
										<Point X="566.25" Y="813.3404" />
									</PolyLine>
									<PolyLine LineColor="#FF000000">
										<Point X="566.25" Y="813.3404" />
										<Point X="28.5" Y="813.3404" />
									</PolyLine>
									<PolyLine LineColor="#FF000000">
										<Point X="28.5" Y="813.3404" />
										<Point X="28.5" Y="28.5" />
									</PolyLine>
								</PathFigure>
							</Path>
						</Clip>
					</Canvas>
					<Canvas>
						<Clip>
							<Path FillMode="Alternate">
								<PathFigure IsClosed="True">
									<PolyLine LineColor="#FF000000">
										<Point X="28.5" Y="28.5" />
										<Point X="566.25" Y="28.5" />
									</PolyLine>
									<PolyLine LineColor="#FF000000">
										<Point X="566.25" Y="28.5" />
										<Point X="566.25" Y="813.3404" />
									</PolyLine>
									<PolyLine LineColor="#FF000000">
										<Point X="566.25" Y="813.3404" />
										<Point X="28.5" Y="813.3404" />
									</PolyLine>
									<PolyLine LineColor="#FF000000">
										<Point X="28.5" Y="813.3404" />
										<Point X="28.5" Y="28.5" />
									</PolyLine>
								</PathFigure>
							</Path>
						</Clip>
						<Canvas>
							<Clip>
								<Path FillMode="Winding">
									<PathFigure IsClosed="False">
										<PolyLine LineColor="#FF000000">
											<Point X="510.1473" Y="656.3724" />
											<Point X="510.74414" Y="655.7755" />
										</PolyLine>
										<PolyLine LineColor="#FF000000">
											<Point X="510.74414" Y="655.7755" />
											<Point X="542.3765" Y="655.7755" />
										</PolyLine>
										<PolyLine LineColor="#FF000000">
											<Point X="542.3765" Y="655.7755" />
											<Point X="542.3765" Y="656.3724" />
										</PolyLine>
									</PathFigure>
								</Path>
							</Clip>
							<Path FillMode="Winding" RenderTransform="1 0 0 -1 0 842">
								<Brush>
									<SolidBrush Color="#FF706E74" />
								</Brush>
								<PathFigure IsClosed="True">
									<PolyLine LineColor="#FF000000">
										<Point X="510.1473" Y="186.22437" />
										<Point X="510.74414" Y="186.22437" />
									</PolyLine>
									<PolyLine LineColor="#FF000000">
										<Point X="510.74414" Y="186.22437" />
										<Point X="510.74414" Y="185.62744" />
									</PolyLine>
									<PolyLine LineColor="#FF000000">
										<Point X="510.74414" Y="185.62744" />
										<Point X="510.1473" Y="185.62744" />
									</PolyLine>
								</PathFigure>
							</Path>
							<Path FillMode="Winding" RenderTransform="1 0 0 -1 0 842">
								<Brush>
									<SolidBrush Color="#FF706E74" />
								</Brush>
								<PathFigure IsClosed="True">
									<PolyLine LineColor="#FF000000">
										<Point X="541.77966" Y="186.22437" />
										<Point X="542.37646" Y="186.22437" />
									</PolyLine>
									<PolyLine LineColor="#FF000000">
										<Point X="542.37646" Y="186.22437" />
										<Point X="542.37646" Y="185.62744" />
									</PolyLine>
									<PolyLine LineColor="#FF000000">
										<Point X="542.37646" Y="185.62744" />
										<Point X="541.77966" Y="185.62744" />
									</PolyLine>
								</PathFigure>
							</Path>
							<Path FillMode="Alternate" RenderTransform="1 0 0 -1 0 842">
								<Pen Alignment="Center" DashCap="Flat" DashOffset="0" DashPattern="0.5968368 0.5968368" DashStyle="Custom" EndCap="Flat" LineJoin="Miter" MiterLimit="10" StartCap="Flat" Width="0.5968368">
									<Brush>
										<SolidBrush Color="#FF706E74" />
									</Brush>
								</Pen>
								<PathFigure IsClosed="False">
									<PolyLine LineColor="#FF000000">
										<Point X="510.74414" Y="185.92603" />
										<Point X="541.77966" Y="185.92603" />
									</PolyLine>
								</PathFigure>
							</Path>
						</Canvas>
					</Canvas>
					<Canvas>
						<Clip>
							<Path FillMode="Alternate">
								<PathFigure IsClosed="True">
									<PolyLine LineColor="#FF000000">
										<Point X="28.5" Y="28.5" />
										<Point X="566.25" Y="28.5" />
									</PolyLine>
									<PolyLine LineColor="#FF000000">
										<Point X="566.25" Y="28.5" />
										<Point X="566.25" Y="813.3404" />
									</PolyLine>
									<PolyLine LineColor="#FF000000">
										<Point X="566.25" Y="813.3404" />
										<Point X="28.5" Y="813.3404" />
									</PolyLine>
									<PolyLine LineColor="#FF000000">
										<Point X="28.5" Y="813.3404" />
										<Point X="28.5" Y="28.5" />
									</PolyLine>
								</PathFigure>
							</Path>
						</Clip>
						<Path FillMode="Winding" RenderTransform="1 0 0 -1 0 842">
							<Brush>
								<SolidBrush Color="#FF939598" />
							</Brush>
							<PathFigure IsClosed="True">
								<PolyLine LineColor="#FF000000">
									<Point X="510.1473" Y="197.56439" />
									<Point X="510.1473" Y="185.62762" />
								</PolyLine>
								<PolyLine LineColor="#FF000000">
									<Point X="510.1473" Y="185.62762" />
									<Point X="510.74414" Y="186.22449" />
								</PolyLine>
								<PolyLine LineColor="#FF000000">
									<Point X="510.74414" Y="186.22449" />
									<Point X="510.74414" Y="197.56439" />
								</PolyLine>
								<PolyLine LineColor="#FF000000">
									<Point X="510.74414" Y="197.56439" />
									<Point X="510.1473" Y="197.56439" />
								</PolyLine>
							</PathFigure>
						</Path>
					</Canvas>
					<Canvas>
						<Clip>
							<Path FillMode="Alternate">
								<PathFigure IsClosed="True">
									<PolyLine LineColor="#FF000000">
										<Point X="28.5" Y="28.5" />
										<Point X="566.25" Y="28.5" />
									</PolyLine>
									<PolyLine LineColor="#FF000000">
										<Point X="566.25" Y="28.5" />
										<Point X="566.25" Y="813.3404" />
									</PolyLine>
									<PolyLine LineColor="#FF000000">
										<Point X="566.25" Y="813.3404" />
										<Point X="28.5" Y="813.3404" />
									</PolyLine>
									<PolyLine LineColor="#FF000000">
										<Point X="28.5" Y="813.3404" />
										<Point X="28.5" Y="28.5" />
									</PolyLine>
								</PathFigure>
							</Path>
						</Clip>
						<Canvas>
							<Clip>
								<Path FillMode="Winding">
									<PathFigure IsClosed="False">
										<PolyLine LineColor="#FF000000">
											<Point X="308.41647" Y="669.50275" />
											<Point X="308.41647" Y="668.90594" />
										</PolyLine>
										<PolyLine LineColor="#FF000000">
											<Point X="308.41647" Y="668.90594" />
											<Point X="508.95364" Y="668.90594" />
										</PolyLine>
										<PolyLine LineColor="#FF000000">
											<Point X="508.95364" Y="668.90594" />
											<Point X="508.95364" Y="669.50275" />
										</PolyLine>
									</PathFigure>
								</Path>
							</Clip>
							<Path FillMode="Winding" RenderTransform="1 0 0 -1 0 842">
								<Brush>
									<SolidBrush Color="#FF706E74" />
								</Brush>
								<PathFigure IsClosed="True">
									<PolyLine LineColor="#FF000000">
										<Point X="308.41647" Y="173.094" />
										<Point X="309.0133" Y="173.094" />
									</PolyLine>
									<PolyLine LineColor="#FF000000">
										<Point X="309.0133" Y="173.094" />
										<Point X="309.0133" Y="172.49707" />
									</PolyLine>
									<PolyLine LineColor="#FF000000">
										<Point X="309.0133" Y="172.49707" />
										<Point X="308.41647" Y="172.49707" />
									</PolyLine>
								</PathFigure>
							</Path>
							<Path FillMode="Winding" RenderTransform="1 0 0 -1 0 842">
								<Brush>
									<SolidBrush Color="#FF706E74" />
								</Brush>
								<PathFigure IsClosed="True">
									<PolyLine LineColor="#FF000000">
										<Point X="508.35678" Y="173.094" />
										<Point X="508.9536" Y="173.094" />
									</PolyLine>
									<PolyLine LineColor="#FF000000">
										<Point X="508.9536" Y="173.094" />
										<Point X="508.9536" Y="172.49707" />
									</PolyLine>
									<PolyLine LineColor="#FF000000">
										<Point X="508.9536" Y="172.49707" />
										<Point X="508.35678" Y="172.49707" />
									</PolyLine>
								</PathFigure>
							</Path>
							<Path FillMode="Alternate" RenderTransform="1 0 0 -1 0 842">
								<Pen Alignment="Center" DashCap="Flat" DashOffset="0" DashPattern="0.5968368 0.5968368" DashStyle="Custom" EndCap="Flat" LineJoin="Miter" MiterLimit="10" StartCap="Flat" Width="0.5968368">
									<Brush>
										<SolidBrush Color="#FF706E74" />
									</Brush>
								</Pen>
								<PathFigure IsClosed="False">
									<PolyLine LineColor="#FF000000">
										<Point X="309.0133" Y="172.79565" />
										<Point X="508.35678" Y="172.79565" />
									</PolyLine>
								</PathFigure>
							</Path>
						</Canvas>
					</Canvas>
					<Canvas>
						<Clip>
							<Path FillMode="Alternate">
								<PathFigure IsClosed="True">
									<PolyLine LineColor="#FF000000">
										<Point X="28.5" Y="28.5" />
										<Point X="566.25" Y="28.5" />
									</PolyLine>
									<PolyLine LineColor="#FF000000">
										<Point X="566.25" Y="28.5" />
										<Point X="566.25" Y="813.3404" />
									</PolyLine>
									<PolyLine LineColor="#FF000000">
										<Point X="566.25" Y="813.3404" />
										<Point X="28.5" Y="813.3404" />
									</PolyLine>
									<PolyLine LineColor="#FF000000">
										<Point X="28.5" Y="813.3404" />
										<Point X="28.5" Y="28.5" />
									</PolyLine>
								</PathFigure>
							</Path>
						</Clip>
					</Canvas>
					<Canvas>
						<Clip>
							<Path FillMode="Alternate">
								<PathFigure IsClosed="True">
									<PolyLine LineColor="#FF000000">
										<Point X="28.5" Y="28.5" />
										<Point X="566.25" Y="28.5" />
									</PolyLine>
									<PolyLine LineColor="#FF000000">
										<Point X="566.25" Y="28.5" />
										<Point X="566.25" Y="813.3404" />
									</PolyLine>
									<PolyLine LineColor="#FF000000">
										<Point X="566.25" Y="813.3404" />
										<Point X="28.5" Y="813.3404" />
									</PolyLine>
									<PolyLine LineColor="#FF000000">
										<Point X="28.5" Y="813.3404" />
										<Point X="28.5" Y="28.5" />
									</PolyLine>
								</PathFigure>
							</Path>
						</Clip>
						<Canvas>
							<Clip>
								<Path FillMode="Winding">
									<PathFigure IsClosed="False">
										<PolyLine LineColor="#FF000000">
											<Point X="510.1473" Y="669.50275" />
											<Point X="510.74414" Y="668.90594" />
										</PolyLine>
										<PolyLine LineColor="#FF000000">
											<Point X="510.74414" Y="668.90594" />
											<Point X="542.3765" Y="668.90594" />
										</PolyLine>
										<PolyLine LineColor="#FF000000">
											<Point X="542.3765" Y="668.90594" />
											<Point X="542.3765" Y="669.50275" />
										</PolyLine>
									</PathFigure>
								</Path>
							</Clip>
							<Path FillMode="Winding" RenderTransform="1 0 0 -1 0 842">
								<Brush>
									<SolidBrush Color="#FF706E74" />
								</Brush>
								<PathFigure IsClosed="True">
									<PolyLine LineColor="#FF000000">
										<Point X="510.1473" Y="173.094" />
										<Point X="510.74414" Y="173.094" />
									</PolyLine>
									<PolyLine LineColor="#FF000000">
										<Point X="510.74414" Y="173.094" />
										<Point X="510.74414" Y="172.49707" />
									</PolyLine>
									<PolyLine LineColor="#FF000000">
										<Point X="510.74414" Y="172.49707" />
										<Point X="510.1473" Y="172.49707" />
									</PolyLine>
								</PathFigure>
							</Path>
							<Path FillMode="Winding" RenderTransform="1 0 0 -1 0 842">
								<Brush>
									<SolidBrush Color="#FF706E74" />
								</Brush>
								<PathFigure IsClosed="True">
									<PolyLine LineColor="#FF000000">
										<Point X="541.77966" Y="173.094" />
										<Point X="542.37646" Y="173.094" />
									</PolyLine>
									<PolyLine LineColor="#FF000000">
										<Point X="542.37646" Y="173.094" />
										<Point X="542.37646" Y="172.49707" />
									</PolyLine>
									<PolyLine LineColor="#FF000000">
										<Point X="542.37646" Y="172.49707" />
										<Point X="541.77966" Y="172.49707" />
									</PolyLine>
								</PathFigure>
							</Path>
							<Path FillMode="Alternate" RenderTransform="1 0 0 -1 0 842">
								<Pen Alignment="Center" DashCap="Flat" DashOffset="0" DashPattern="0.5968368 0.5968368" DashStyle="Custom" EndCap="Flat" LineJoin="Miter" MiterLimit="10" StartCap="Flat" Width="0.5968368">
									<Brush>
										<SolidBrush Color="#FF706E74" />
									</Brush>
								</Pen>
								<PathFigure IsClosed="False">
									<PolyLine LineColor="#FF000000">
										<Point X="510.74414" Y="172.79565" />
										<Point X="541.77966" Y="172.79565" />
									</PolyLine>
								</PathFigure>
							</Path>
						</Canvas>
					</Canvas>
					<Canvas>
						<Clip>
							<Path FillMode="Alternate">
								<PathFigure IsClosed="True">
									<PolyLine LineColor="#FF000000">
										<Point X="28.5" Y="28.5" />
										<Point X="566.25" Y="28.5" />
									</PolyLine>
									<PolyLine LineColor="#FF000000">
										<Point X="566.25" Y="28.5" />
										<Point X="566.25" Y="813.3404" />
									</PolyLine>
									<PolyLine LineColor="#FF000000">
										<Point X="566.25" Y="813.3404" />
										<Point X="28.5" Y="813.3404" />
									</PolyLine>
									<PolyLine LineColor="#FF000000">
										<Point X="28.5" Y="813.3404" />
										<Point X="28.5" Y="28.5" />
									</PolyLine>
								</PathFigure>
							</Path>
						</Clip>
						<Path FillMode="Winding" RenderTransform="1 0 0 -1 0 842">
							<Brush>
								<SolidBrush Color="#FF939598" />
							</Brush>
							<PathFigure IsClosed="True">
								<PolyLine LineColor="#FF000000">
									<Point X="510.1473" Y="184.43396" />
									<Point X="510.1473" Y="172.49725" />
								</PolyLine>
								<PolyLine LineColor="#FF000000">
									<Point X="510.1473" Y="172.49725" />
									<Point X="510.74414" Y="173.09406" />
								</PolyLine>
								<PolyLine LineColor="#FF000000">
									<Point X="510.74414" Y="173.09406" />
									<Point X="510.74414" Y="184.43396" />
								</PolyLine>
								<PolyLine LineColor="#FF000000">
									<Point X="510.74414" Y="184.43396" />
									<Point X="510.1473" Y="184.43396" />
								</PolyLine>
							</PathFigure>
						</Path>
					</Canvas>
					<Canvas>
						<Clip>
							<Path FillMode="Alternate">
								<PathFigure IsClosed="True">
									<PolyLine LineColor="#FF000000">
										<Point X="28.5" Y="28.5" />
										<Point X="566.25" Y="28.5" />
									</PolyLine>
									<PolyLine LineColor="#FF000000">
										<Point X="566.25" Y="28.5" />
										<Point X="566.25" Y="813.3404" />
									</PolyLine>
									<PolyLine LineColor="#FF000000">
										<Point X="566.25" Y="813.3404" />
										<Point X="28.5" Y="813.3404" />
									</PolyLine>
									<PolyLine LineColor="#FF000000">
										<Point X="28.5" Y="813.3404" />
										<Point X="28.5" Y="28.5" />
									</PolyLine>
								</PathFigure>
							</Path>
						</Clip>
						<Canvas>
							<Clip>
								<Path FillMode="Winding">
									<PathFigure IsClosed="False">
										<PolyLine LineColor="#FF000000">
											<Point X="308.41647" Y="682.6332" />
											<Point X="308.41647" Y="682.0363" />
										</PolyLine>
										<PolyLine LineColor="#FF000000">
											<Point X="308.41647" Y="682.0363" />
											<Point X="508.95364" Y="682.0363" />
										</PolyLine>
										<PolyLine LineColor="#FF000000">
											<Point X="508.95364" Y="682.0363" />
											<Point X="508.95364" Y="682.6332" />
										</PolyLine>
									</PathFigure>
								</Path>
							</Clip>
							<Path FillMode="Winding" RenderTransform="1 0 0 -1 0 842">
								<Brush>
									<SolidBrush Color="#FF706E74" />
								</Brush>
								<PathFigure IsClosed="True">
									<PolyLine LineColor="#FF000000">
										<Point X="308.41647" Y="159.96362" />
										<Point X="309.0133" Y="159.96362" />
									</PolyLine>
									<PolyLine LineColor="#FF000000">
										<Point X="309.0133" Y="159.96362" />
										<Point X="309.0133" Y="159.3667" />
									</PolyLine>
									<PolyLine LineColor="#FF000000">
										<Point X="309.0133" Y="159.3667" />
										<Point X="308.41647" Y="159.3667" />
									</PolyLine>
								</PathFigure>
							</Path>
							<Path FillMode="Winding" RenderTransform="1 0 0 -1 0 842">
								<Brush>
									<SolidBrush Color="#FF706E74" />
								</Brush>
								<PathFigure IsClosed="True">
									<PolyLine LineColor="#FF000000">
										<Point X="508.35678" Y="159.96362" />
										<Point X="508.9536" Y="159.96362" />
									</PolyLine>
									<PolyLine LineColor="#FF000000">
										<Point X="508.9536" Y="159.96362" />
										<Point X="508.9536" Y="159.3667" />
									</PolyLine>
									<PolyLine LineColor="#FF000000">
										<Point X="508.9536" Y="159.3667" />
										<Point X="508.35678" Y="159.3667" />
									</PolyLine>
								</PathFigure>
							</Path>
							<Path FillMode="Alternate" RenderTransform="1 0 0 -1 0 842">
								<Pen Alignment="Center" DashCap="Flat" DashOffset="0" DashPattern="0.5968368 0.5968368" DashStyle="Custom" EndCap="Flat" LineJoin="Miter" MiterLimit="10" StartCap="Flat" Width="0.5968368">
									<Brush>
										<SolidBrush Color="#FF706E74" />
									</Brush>
								</Pen>
								<PathFigure IsClosed="False">
									<PolyLine LineColor="#FF000000">
										<Point X="309.0133" Y="159.66504" />
										<Point X="508.35678" Y="159.66504" />
									</PolyLine>
								</PathFigure>
							</Path>
						</Canvas>
					</Canvas>
					<Canvas>
						<Clip>
							<Path FillMode="Alternate">
								<PathFigure IsClosed="True">
									<PolyLine LineColor="#FF000000">
										<Point X="28.5" Y="28.5" />
										<Point X="566.25" Y="28.5" />
									</PolyLine>
									<PolyLine LineColor="#FF000000">
										<Point X="566.25" Y="28.5" />
										<Point X="566.25" Y="813.3404" />
									</PolyLine>
									<PolyLine LineColor="#FF000000">
										<Point X="566.25" Y="813.3404" />
										<Point X="28.5" Y="813.3404" />
									</PolyLine>
									<PolyLine LineColor="#FF000000">
										<Point X="28.5" Y="813.3404" />
										<Point X="28.5" Y="28.5" />
									</PolyLine>
								</PathFigure>
							</Path>
						</Clip>
					</Canvas>
					<Canvas>
						<Clip>
							<Path FillMode="Alternate">
								<PathFigure IsClosed="True">
									<PolyLine LineColor="#FF000000">
										<Point X="28.5" Y="28.5" />
										<Point X="566.25" Y="28.5" />
									</PolyLine>
									<PolyLine LineColor="#FF000000">
										<Point X="566.25" Y="28.5" />
										<Point X="566.25" Y="813.3404" />
									</PolyLine>
									<PolyLine LineColor="#FF000000">
										<Point X="566.25" Y="813.3404" />
										<Point X="28.5" Y="813.3404" />
									</PolyLine>
									<PolyLine LineColor="#FF000000">
										<Point X="28.5" Y="813.3404" />
										<Point X="28.5" Y="28.5" />
									</PolyLine>
								</PathFigure>
							</Path>
						</Clip>
						<Canvas>
							<Clip>
								<Path FillMode="Winding">
									<PathFigure IsClosed="False">
										<PolyLine LineColor="#FF000000">
											<Point X="510.1473" Y="682.6332" />
											<Point X="510.74414" Y="682.0363" />
										</PolyLine>
										<PolyLine LineColor="#FF000000">
											<Point X="510.74414" Y="682.0363" />
											<Point X="542.3765" Y="682.0363" />
										</PolyLine>
										<PolyLine LineColor="#FF000000">
											<Point X="542.3765" Y="682.0363" />
											<Point X="542.3765" Y="682.6332" />
										</PolyLine>
									</PathFigure>
								</Path>
							</Clip>
							<Path FillMode="Winding" RenderTransform="1 0 0 -1 0 842">
								<Brush>
									<SolidBrush Color="#FF706E74" />
								</Brush>
								<PathFigure IsClosed="True">
									<PolyLine LineColor="#FF000000">
										<Point X="510.1473" Y="159.96362" />
										<Point X="510.74414" Y="159.96362" />
									</PolyLine>
									<PolyLine LineColor="#FF000000">
										<Point X="510.74414" Y="159.96362" />
										<Point X="510.74414" Y="159.3667" />
									</PolyLine>
									<PolyLine LineColor="#FF000000">
										<Point X="510.74414" Y="159.3667" />
										<Point X="510.1473" Y="159.3667" />
									</PolyLine>
								</PathFigure>
							</Path>
							<Path FillMode="Winding" RenderTransform="1 0 0 -1 0 842">
								<Brush>
									<SolidBrush Color="#FF706E74" />
								</Brush>
								<PathFigure IsClosed="True">
									<PolyLine LineColor="#FF000000">
										<Point X="541.77966" Y="159.96362" />
										<Point X="542.37646" Y="159.96362" />
									</PolyLine>
									<PolyLine LineColor="#FF000000">
										<Point X="542.37646" Y="159.96362" />
										<Point X="542.37646" Y="159.3667" />
									</PolyLine>
									<PolyLine LineColor="#FF000000">
										<Point X="542.37646" Y="159.3667" />
										<Point X="541.77966" Y="159.3667" />
									</PolyLine>
								</PathFigure>
							</Path>
							<Path FillMode="Alternate" RenderTransform="1 0 0 -1 0 842">
								<Pen Alignment="Center" DashCap="Flat" DashOffset="0" DashPattern="0.5968368 0.5968368" DashStyle="Custom" EndCap="Flat" LineJoin="Miter" MiterLimit="10" StartCap="Flat" Width="0.5968368">
									<Brush>
										<SolidBrush Color="#FF706E74" />
									</Brush>
								</Pen>
								<PathFigure IsClosed="False">
									<PolyLine LineColor="#FF000000">
										<Point X="510.74414" Y="159.66504" />
										<Point X="541.77966" Y="159.66504" />
									</PolyLine>
								</PathFigure>
							</Path>
						</Canvas>
					</Canvas>
					<Canvas>
						<Clip>
							<Path FillMode="Alternate">
								<PathFigure IsClosed="True">
									<PolyLine LineColor="#FF000000">
										<Point X="28.5" Y="28.5" />
										<Point X="566.25" Y="28.5" />
									</PolyLine>
									<PolyLine LineColor="#FF000000">
										<Point X="566.25" Y="28.5" />
										<Point X="566.25" Y="813.3404" />
									</PolyLine>
									<PolyLine LineColor="#FF000000">
										<Point X="566.25" Y="813.3404" />
										<Point X="28.5" Y="813.3404" />
									</PolyLine>
									<PolyLine LineColor="#FF000000">
										<Point X="28.5" Y="813.3404" />
										<Point X="28.5" Y="28.5" />
									</PolyLine>
								</PathFigure>
							</Path>
						</Clip>
						<Path FillMode="Winding" RenderTransform="1 0 0 -1 0 842">
							<Brush>
								<SolidBrush Color="#FF939598" />
							</Brush>
							<PathFigure IsClosed="True">
								<PolyLine LineColor="#FF000000">
									<Point X="510.1473" Y="171.30359" />
									<Point X="510.1473" Y="159.36682" />
								</PolyLine>
								<PolyLine LineColor="#FF000000">
									<Point X="510.1473" Y="159.36682" />
									<Point X="510.74414" Y="159.96368" />
								</PolyLine>
								<PolyLine LineColor="#FF000000">
									<Point X="510.74414" Y="159.96368" />
									<Point X="510.74414" Y="171.30359" />
								</PolyLine>
								<PolyLine LineColor="#FF000000">
									<Point X="510.74414" Y="171.30359" />
									<Point X="510.1473" Y="171.30359" />
								</PolyLine>
							</PathFigure>
						</Path>
					</Canvas>
					<Canvas>
						<Clip>
							<Path FillMode="Alternate">
								<PathFigure IsClosed="True">
									<PolyLine LineColor="#FF000000">
										<Point X="28.5" Y="28.5" />
										<Point X="566.25" Y="28.5" />
									</PolyLine>
									<PolyLine LineColor="#FF000000">
										<Point X="566.25" Y="28.5" />
										<Point X="566.25" Y="813.3404" />
									</PolyLine>
									<PolyLine LineColor="#FF000000">
										<Point X="566.25" Y="813.3404" />
										<Point X="28.5" Y="813.3404" />
									</PolyLine>
									<PolyLine LineColor="#FF000000">
										<Point X="28.5" Y="813.3404" />
										<Point X="28.5" Y="28.5" />
									</PolyLine>
								</PathFigure>
							</Path>
						</Clip>
						<Canvas>
							<Clip>
								<Path FillMode="Winding">
									<PathFigure IsClosed="False">
										<PolyLine LineColor="#FF000000">
											<Point X="308.41647" Y="695.76355" />
											<Point X="308.41647" Y="695.16675" />
										</PolyLine>
										<PolyLine LineColor="#FF000000">
											<Point X="308.41647" Y="695.16675" />
											<Point X="508.95364" Y="695.16675" />
										</PolyLine>
										<PolyLine LineColor="#FF000000">
											<Point X="508.95364" Y="695.16675" />
											<Point X="508.95364" Y="695.76355" />
										</PolyLine>
									</PathFigure>
								</Path>
							</Clip>
							<Path FillMode="Winding" RenderTransform="1 0 0 -1 0 842">
								<Brush>
									<SolidBrush Color="#FF706E74" />
								</Brush>
								<PathFigure IsClosed="True">
									<PolyLine LineColor="#FF000000">
										<Point X="308.41647" Y="146.83325" />
										<Point X="309.0133" Y="146.83325" />
									</PolyLine>
									<PolyLine LineColor="#FF000000">
										<Point X="309.0133" Y="146.83325" />
										<Point X="309.0133" Y="146.23633" />
									</PolyLine>
									<PolyLine LineColor="#FF000000">
										<Point X="309.0133" Y="146.23633" />
										<Point X="308.41647" Y="146.23633" />
									</PolyLine>
								</PathFigure>
							</Path>
							<Path FillMode="Winding" RenderTransform="1 0 0 -1 0 842">
								<Brush>
									<SolidBrush Color="#FF706E74" />
								</Brush>
								<PathFigure IsClosed="True">
									<PolyLine LineColor="#FF000000">
										<Point X="508.35678" Y="146.83325" />
										<Point X="508.9536" Y="146.83325" />
									</PolyLine>
									<PolyLine LineColor="#FF000000">
										<Point X="508.9536" Y="146.83325" />
										<Point X="508.9536" Y="146.23633" />
									</PolyLine>
									<PolyLine LineColor="#FF000000">
										<Point X="508.9536" Y="146.23633" />
										<Point X="508.35678" Y="146.23633" />
									</PolyLine>
								</PathFigure>
							</Path>
							<Path FillMode="Alternate" RenderTransform="1 0 0 -1 0 842">
								<Pen Alignment="Center" DashCap="Flat" DashOffset="0" DashPattern="0.5968368 0.5968368" DashStyle="Custom" EndCap="Flat" LineJoin="Miter" MiterLimit="10" StartCap="Flat" Width="0.5968368">
									<Brush>
										<SolidBrush Color="#FF706E74" />
									</Brush>
								</Pen>
								<PathFigure IsClosed="False">
									<PolyLine LineColor="#FF000000">
										<Point X="309.0133" Y="146.53467" />
										<Point X="508.35678" Y="146.53467" />
									</PolyLine>
								</PathFigure>
							</Path>
						</Canvas>
					</Canvas>
					<Canvas>
						<Clip>
							<Path FillMode="Alternate">
								<PathFigure IsClosed="True">
									<PolyLine LineColor="#FF000000">
										<Point X="28.5" Y="28.5" />
										<Point X="566.25" Y="28.5" />
									</PolyLine>
									<PolyLine LineColor="#FF000000">
										<Point X="566.25" Y="28.5" />
										<Point X="566.25" Y="813.3404" />
									</PolyLine>
									<PolyLine LineColor="#FF000000">
										<Point X="566.25" Y="813.3404" />
										<Point X="28.5" Y="813.3404" />
									</PolyLine>
									<PolyLine LineColor="#FF000000">
										<Point X="28.5" Y="813.3404" />
										<Point X="28.5" Y="28.5" />
									</PolyLine>
								</PathFigure>
							</Path>
						</Clip>
					</Canvas>
					<Canvas>
						<Clip>
							<Path FillMode="Alternate">
								<PathFigure IsClosed="True">
									<PolyLine LineColor="#FF000000">
										<Point X="28.5" Y="28.5" />
										<Point X="566.25" Y="28.5" />
									</PolyLine>
									<PolyLine LineColor="#FF000000">
										<Point X="566.25" Y="28.5" />
										<Point X="566.25" Y="813.3404" />
									</PolyLine>
									<PolyLine LineColor="#FF000000">
										<Point X="566.25" Y="813.3404" />
										<Point X="28.5" Y="813.3404" />
									</PolyLine>
									<PolyLine LineColor="#FF000000">
										<Point X="28.5" Y="813.3404" />
										<Point X="28.5" Y="28.5" />
									</PolyLine>
								</PathFigure>
							</Path>
						</Clip>
						<Canvas>
							<Clip>
								<Path FillMode="Winding">
									<PathFigure IsClosed="False">
										<PolyLine LineColor="#FF000000">
											<Point X="510.1473" Y="695.76355" />
											<Point X="510.74414" Y="695.16675" />
										</PolyLine>
										<PolyLine LineColor="#FF000000">
											<Point X="510.74414" Y="695.16675" />
											<Point X="542.3765" Y="695.16675" />
										</PolyLine>
										<PolyLine LineColor="#FF000000">
											<Point X="542.3765" Y="695.16675" />
											<Point X="542.3765" Y="695.76355" />
										</PolyLine>
									</PathFigure>
								</Path>
							</Clip>
							<Path FillMode="Winding" RenderTransform="1 0 0 -1 0 842">
								<Brush>
									<SolidBrush Color="#FF706E74" />
								</Brush>
								<PathFigure IsClosed="True">
									<PolyLine LineColor="#FF000000">
										<Point X="510.1473" Y="146.83325" />
										<Point X="510.74414" Y="146.83325" />
									</PolyLine>
									<PolyLine LineColor="#FF000000">
										<Point X="510.74414" Y="146.83325" />
										<Point X="510.74414" Y="146.23633" />
									</PolyLine>
									<PolyLine LineColor="#FF000000">
										<Point X="510.74414" Y="146.23633" />
										<Point X="510.1473" Y="146.23633" />
									</PolyLine>
								</PathFigure>
							</Path>
							<Path FillMode="Winding" RenderTransform="1 0 0 -1 0 842">
								<Brush>
									<SolidBrush Color="#FF706E74" />
								</Brush>
								<PathFigure IsClosed="True">
									<PolyLine LineColor="#FF000000">
										<Point X="541.77966" Y="146.83325" />
										<Point X="542.37646" Y="146.83325" />
									</PolyLine>
									<PolyLine LineColor="#FF000000">
										<Point X="542.37646" Y="146.83325" />
										<Point X="542.37646" Y="146.23633" />
									</PolyLine>
									<PolyLine LineColor="#FF000000">
										<Point X="542.37646" Y="146.23633" />
										<Point X="541.77966" Y="146.23633" />
									</PolyLine>
								</PathFigure>
							</Path>
							<Path FillMode="Alternate" RenderTransform="1 0 0 -1 0 842">
								<Pen Alignment="Center" DashCap="Flat" DashOffset="0" DashPattern="0.5968368 0.5968368" DashStyle="Custom" EndCap="Flat" LineJoin="Miter" MiterLimit="10" StartCap="Flat" Width="0.5968368">
									<Brush>
										<SolidBrush Color="#FF706E74" />
									</Brush>
								</Pen>
								<PathFigure IsClosed="False">
									<PolyLine LineColor="#FF000000">
										<Point X="510.74414" Y="146.53467" />
										<Point X="541.77966" Y="146.53467" />
									</PolyLine>
								</PathFigure>
							</Path>
						</Canvas>
					</Canvas>
					<Canvas>
						<Clip>
							<Path FillMode="Alternate">
								<PathFigure IsClosed="True">
									<PolyLine LineColor="#FF000000">
										<Point X="28.5" Y="28.5" />
										<Point X="566.25" Y="28.5" />
									</PolyLine>
									<PolyLine LineColor="#FF000000">
										<Point X="566.25" Y="28.5" />
										<Point X="566.25" Y="813.3404" />
									</PolyLine>
									<PolyLine LineColor="#FF000000">
										<Point X="566.25" Y="813.3404" />
										<Point X="28.5" Y="813.3404" />
									</PolyLine>
									<PolyLine LineColor="#FF000000">
										<Point X="28.5" Y="813.3404" />
										<Point X="28.5" Y="28.5" />
									</PolyLine>
								</PathFigure>
							</Path>
						</Clip>
						<Path FillMode="Winding" RenderTransform="1 0 0 -1 0 842">
							<Brush>
								<SolidBrush Color="#FF939598" />
							</Brush>
							<PathFigure IsClosed="True">
								<PolyLine LineColor="#FF000000">
									<Point X="510.1473" Y="158.17316" />
									<Point X="510.1473" Y="146.23645" />
								</PolyLine>
								<PolyLine LineColor="#FF000000">
									<Point X="510.1473" Y="146.23645" />
									<Point X="510.74414" Y="146.83325" />
								</PolyLine>
								<PolyLine LineColor="#FF000000">
									<Point X="510.74414" Y="146.83325" />
									<Point X="510.74414" Y="158.17316" />
								</PolyLine>
								<PolyLine LineColor="#FF000000">
									<Point X="510.74414" Y="158.17316" />
									<Point X="510.1473" Y="158.17316" />
								</PolyLine>
							</PathFigure>
						</Path>
						<Glyphs OutlineWidth="0.5" CharSpace="0" RenderTransform="0.5968368 0 -0 0.5968368 313.19116 600.2698">
							<Font SizePoints="14" Style="Regular" FamilyName="CSMVMI+BlissPro" Capitals="Normal" ResourceId="2" />
							<Origin X="0" Y="0" />
							<Text>С</Text>
							<Size Width="8.4" Height="8.162108" />
							<Brush>
								<SolidBrush Color="#FF000000" />
							</Brush>
							<Tag>convertedFont</Tag>
						</Glyphs>
						<Glyphs OutlineWidth="0.5" CharSpace="0" RenderTransform="0.5968368 0 -0 0.5968368 318.2456 600.2698">
							<Font SizePoints="14" Style="Regular" FamilyName="CSMVMI+BlissPro" Capitals="Normal" ResourceId="2" />
							<Origin X="0" Y="0" />
							<Text>т</Text>
							<Size Width="6.174" Height="8.162108" />
							<Brush>
								<SolidBrush Color="#FF000000" />
							</Brush>
							<Tag>convertedFont</Tag>
						</Glyphs>
						<Glyphs OutlineWidth="0.5" CharSpace="0" RenderTransform="0.5968368 0 -0 0.5968368 321.95718 600.2698">
							<Font SizePoints="14" Style="Regular" FamilyName="CSMVMI+BlissPro" Capitals="Normal" ResourceId="2" />
							<Origin X="0" Y="0" />
							<Text>е</Text>
							<Size Width="6.636" Height="8.162108" />
							<Brush>
								<SolidBrush Color="#FF000000" />
							</Brush>
							<Tag>convertedFont</Tag>
						</Glyphs>
						<Glyphs OutlineWidth="0.5" CharSpace="0" RenderTransform="0.5968368 0 -0 0.5968368 325.94855 600.2698">
							<Font SizePoints="14" Style="Regular" FamilyName="CSMVMI+BlissPro" Capitals="Normal" ResourceId="2" />
							<Origin X="0" Y="0" />
							<Text>п</Text>
							<Size Width="7.182" Height="8.162108" />
							<Brush>
								<SolidBrush Color="#FF000000" />
							</Brush>
							<Tag>convertedFont</Tag>
						</Glyphs>
						<Glyphs OutlineWidth="0.5" CharSpace="0" RenderTransform="0.5968368 0 -0 0.5968368 330.2663 600.2698">
							<Font SizePoints="14" Style="Regular" FamilyName="CSMVMI+BlissPro" Capitals="Normal" ResourceId="2" />
							<Origin X="0" Y="0" />
							<Text>е</Text>
							<Size Width="6.636" Height="8.162108" />
							<Brush>
								<SolidBrush Color="#FF000000" />
							</Brush>
							<Tag>convertedFont</Tag>
						</Glyphs>
						<Glyphs OutlineWidth="0.5" CharSpace="0" RenderTransform="0.5968368 0 -0 0.5968368 334.25763 600.2698">
							<Font SizePoints="14" Style="Regular" FamilyName="CSMVMI+BlissPro" Capitals="Normal" ResourceId="2" />
							<Origin X="0" Y="0" />
							<Text>н</Text>
							<Size Width="7.266" Height="8.162108" />
							<Brush>
								<SolidBrush Color="#FF000000" />
							</Brush>
							<Tag>convertedFont</Tag>
						</Glyphs>
						<Glyphs OutlineWidth="0.5" CharSpace="0" RenderTransform="0.5968368 0 -0 0.5968368 338.622 600.2698">
							<Font SizePoints="14" Style="Regular" FamilyName="CSMVMI+BlissPro" Capitals="Normal" ResourceId="2" />
							<Origin X="0" Y="0" />
							<Text>ь</Text>
							<Size Width="6.454" Height="8.162108" />
							<Brush>
								<SolidBrush Color="#FF000000" />
							</Brush>
							<Tag>convertedFont</Tag>
						</Glyphs>
						<Glyphs OutlineWidth="0.5" CharSpace="0" RenderTransform="0.5968368 0 -0 0.5968368 342.50143 600.2698">
							<Font SizePoints="14" Style="Regular" FamilyName="CSMVMI+BlissPro" Capitals="Normal" ResourceId="2" />
							<Origin X="0" Y="0" />
							<Text> </Text>
							<Size Width="3.094" Height="8.162108" />
							<Brush>
								<SolidBrush Color="#FF000000" />
							</Brush>
							<Tag>convertedFont</Tag>
						</Glyphs>
						<Glyphs OutlineWidth="0.5" CharSpace="0" RenderTransform="0.5968368 0 -0 0.5968368 344.35724 600.2698">
							<Font SizePoints="14" Style="Regular" FamilyName="CSMVMI+BlissPro" Capitals="Normal" ResourceId="2" />
							<Origin X="0" Y="0" />
							<Text>з</Text>
							<Size Width="5.894" Height="8.162108" />
							<Brush>
								<SolidBrush Color="#FF000000" />
							</Brush>
							<Tag>convertedFont</Tag>
						</Glyphs>
						<Glyphs OutlineWidth="0.5" CharSpace="0" RenderTransform="0.5968368 0 -0 0.5968368 347.90094 600.2698">
							<Font SizePoints="14" Style="Regular" FamilyName="CSMVMI+BlissPro" Capitals="Normal" ResourceId="2" />
							<Origin X="0" Y="0" />
							<Text>а</Text>
							<Size Width="6.608" Height="8.162108" />
							<Brush>
								<SolidBrush Color="#FF000000" />
							</Brush>
							<Tag>convertedFont</Tag>
						</Glyphs>
						<Glyphs OutlineWidth="0.5" CharSpace="0" RenderTransform="0.5968368 0 -0 0.5968368 351.87363 600.2698">
							<Font SizePoints="14" Style="Regular" FamilyName="CSMVMI+BlissPro" Capitals="Normal" ResourceId="2" />
							<Origin X="0" Y="0" />
							<Text>щ</Text>
							<Size Width="10.094" Height="8.162108" />
							<Brush>
								<SolidBrush Color="#FF000000" />
							</Brush>
							<Tag>convertedFont</Tag>
						</Glyphs>
						<Glyphs OutlineWidth="0.5" CharSpace="0" RenderTransform="0.5968368 0 -0 0.5968368 357.94458 600.2698">
							<Font SizePoints="14" Style="Regular" FamilyName="CSMVMI+BlissPro" Capitals="Normal" ResourceId="2" />
							<Origin X="0" Y="0" />
							<Text>и</Text>
							<Size Width="7.518" Height="8.162108" />
							<Brush>
								<SolidBrush Color="#FF000000" />
							</Brush>
							<Tag>convertedFont</Tag>
						</Glyphs>
						<Glyphs OutlineWidth="0.5" CharSpace="0" RenderTransform="0.5968368 0 -0 0.5968368 362.45816 600.2698">
							<Font SizePoints="14" Style="Regular" FamilyName="CSMVMI+BlissPro" Capitals="Normal" ResourceId="2" />
							<Origin X="0" Y="0" />
							<Text>т</Text>
							<Size Width="6.174" Height="8.162108" />
							<Brush>
								<SolidBrush Color="#FF000000" />
							</Brush>
							<Tag>convertedFont</Tag>
						</Glyphs>
						<Glyphs OutlineWidth="0.5" CharSpace="0" RenderTransform="0.5968368 0 -0 0.5968368 366.16974 600.2698">
							<Font SizePoints="14" Style="Regular" FamilyName="CSMVMI+BlissPro" Capitals="Normal" ResourceId="2" />
							<Origin X="0" Y="0" />
							<Text>ы</Text>
							<Size Width="8.722" Height="8.162108" />
							<Brush>
								<SolidBrush Color="#FF000000" />
							</Brush>
							<Tag>convertedFont</Tag>
						</Glyphs>
						<Glyphs OutlineWidth="0.5" CharSpace="0" RenderTransform="0.5968368 0 -0 0.5968368 371.41074 600.2698">
							<Font SizePoints="14" Style="Regular" FamilyName="CSMVMI+BlissPro" Capitals="Normal" ResourceId="2" />
							<Origin X="0" Y="0" />
							<Text> </Text>
							<Size Width="3.094" Height="8.162108" />
							<Brush>
								<SolidBrush Color="#FF000000" />
							</Brush>
							<Tag>convertedFont</Tag>
						</Glyphs>
						<Glyphs OutlineWidth="0.5" CharSpace="0" RenderTransform="0.5968368 0 -0 0.5968368 373.2665 600.2698">
							<Font SizePoints="14" Style="Regular" FamilyName="CSMVMI+BlissPro" Capitals="Normal" ResourceId="2" />
							<Origin X="0" Y="0" />
							<Text>о</Text>
							<Size Width="7.364" Height="8.162108" />
							<Brush>
								<SolidBrush Color="#FF000000" />
							</Brush>
							<Tag>convertedFont</Tag>
						</Glyphs>
						<Glyphs OutlineWidth="0.5" CharSpace="0" RenderTransform="0.5968368 0 -0 0.5968368 377.68683 600.2698">
							<Font SizePoints="14" Style="Regular" FamilyName="CSMVMI+BlissPro" Capitals="Normal" ResourceId="2" />
							<Origin X="0" Y="0" />
							<Text>б</Text>
							<Size Width="7.14" Height="8.162108" />
							<Brush>
								<SolidBrush Color="#FF000000" />
							</Brush>
							<Tag>convertedFont</Tag>
						</Glyphs>
						<Glyphs OutlineWidth="0.5" CharSpace="0" RenderTransform="0.5968368 0 -0 0.5968368 381.9766 600.2698">
							<Font SizePoints="14" Style="Regular" FamilyName="CSMVMI+BlissPro" Capitals="Normal" ResourceId="2" />
							<Origin X="0" Y="0" />
							<Text>о</Text>
							<Size Width="7.364" Height="8.162108" />
							<Brush>
								<SolidBrush Color="#FF000000" />
							</Brush>
							<Tag>convertedFont</Tag>
						</Glyphs>
						<Glyphs OutlineWidth="0.5" CharSpace="0" RenderTransform="0.5968368 0 -0 0.5968368 386.3969 600.2698">
							<Font SizePoints="14" Style="Regular" FamilyName="CSMVMI+BlissPro" Capitals="Normal" ResourceId="2" />
							<Origin X="0" Y="0" />
							<Text>л</Text>
							<Size Width="7.042" Height="8.162108" />
							<Brush>
								<SolidBrush Color="#FF000000" />
							</Brush>
							<Tag>convertedFont</Tag>
						</Glyphs>
						<Glyphs OutlineWidth="0.5" CharSpace="0" RenderTransform="0.5968368 0 -0 0.5968368 390.63074 600.2698">
							<Font SizePoints="14" Style="Regular" FamilyName="CSMVMI+BlissPro" Capitals="Normal" ResourceId="2" />
							<Origin X="0" Y="0" />
							<Text>о</Text>
							<Size Width="7.364" Height="8.162108" />
							<Brush>
								<SolidBrush Color="#FF000000" />
							</Brush>
							<Tag>convertedFont</Tag>
						</Glyphs>
						<Glyphs OutlineWidth="0.5" CharSpace="0" RenderTransform="0.5968368 0 -0 0.5968368 395.05106 600.2698">
							<Font SizePoints="14" Style="Regular" FamilyName="CSMVMI+BlissPro" Capitals="Normal" ResourceId="2" />
							<Origin X="0" Y="0" />
							<Text>ч</Text>
							<Size Width="6.776" Height="8.162108" />
							<Brush>
								<SolidBrush Color="#FF000000" />
							</Brush>
							<Tag>convertedFont</Tag>
						</Glyphs>
						<Glyphs OutlineWidth="0.5" CharSpace="0" RenderTransform="0.5968368 0 -0 0.5968368 399.12634 600.2698">
							<Font SizePoints="14" Style="Regular" FamilyName="CSMVMI+BlissPro" Capitals="Normal" ResourceId="2" />
							<Origin X="0" Y="0" />
							<Text>к</Text>
							<Size Width="6.496" Height="8.162108" />
							<Brush>
								<SolidBrush Color="#FF000000" />
							</Brush>
							<Tag>convertedFont</Tag>
						</Glyphs>
						<Glyphs OutlineWidth="0.5" CharSpace="0" RenderTransform="0.5968368 0 -0 0.5968368 403.03375 600.2698">
							<Font SizePoints="14" Style="Regular" FamilyName="CSMVMI+BlissPro" Capitals="Normal" ResourceId="2" />
							<Origin X="0" Y="0" />
							<Text>и</Text>
							<Size Width="7.518" Height="8.162108" />
							<Brush>
								<SolidBrush Color="#FF000000" />
							</Brush>
							<Tag>convertedFont</Tag>
						</Glyphs>
						<Glyphs OutlineWidth="0.5" CharSpace="0" RenderTransform="0.5968368 0 -0 0.5968368 515.5188 600.2698">
							<Font SizePoints="14" Style="Regular" FamilyName="CSMVMI+BlissPro" Capitals="Normal" ResourceId="2" />
							<Origin X="0" Y="0" />
							<Text>I</Text>
							<Size Width="3.57" Height="8.162108" />
							<Brush>
								<SolidBrush Color="#FF000000" />
							</Brush>
							<Tag>convertedFont</Tag>
						</Glyphs>
						<Glyphs OutlineWidth="0.5" CharSpace="0" RenderTransform="0.5968368 0 -0 0.5968368 517.6637 600.2698">
							<Font SizePoints="14" Style="Regular" FamilyName="CSMVMI+BlissPro" Capitals="Normal" ResourceId="2" />
							<Origin X="0" Y="0" />
							<Text>P</Text>
							<Size Width="7.168" Height="8.162108" />
							<Brush>
								<SolidBrush Color="#FF000000" />
							</Brush>
							<Tag>convertedFont</Tag>
						</Glyphs>
						<Glyphs OutlineWidth="0.5" CharSpace="0" RenderTransform="0.5968368 0 -0 0.5968368 521.97217 600.2698">
							<Font SizePoints="14" Style="Regular" FamilyName="CSMVMI+BlissPro" Capitals="Normal" ResourceId="2" />
							<Origin X="0" Y="0" />
							<Text>5</Text>
							<Size Width="7.126" Height="8.162108" />
							<Brush>
								<SolidBrush Color="#FF000000" />
							</Brush>
							<Tag>convertedFont</Tag>
						</Glyphs>
						<Glyphs OutlineWidth="0.5" CharSpace="0" RenderTransform="0.5968368 0 -0 0.5968368 526.25256 600.2698">
							<Font SizePoints="14" Style="Regular" FamilyName="CSMVMI+BlissPro" Capitals="Normal" ResourceId="2" />
							<Origin X="0" Y="0" />
							<Text>4</Text>
							<Size Width="7.784" Height="8.162108" />
							<Brush>
								<SolidBrush Color="#FF000000" />
							</Brush>
							<Tag>convertedFont</Tag>
						</Glyphs>
						<Glyphs OutlineWidth="0.5" CharSpace="0" RenderTransform="0.5968368 0 -0 0.5968368 313.19116 613.40015">
							<Font SizePoints="14" Style="Regular" FamilyName="CSMVMI+BlissPro" Capitals="Normal" ResourceId="2" />
							<Origin X="0" Y="0" />
							<Text>Н</Text>
							<Size Width="9.674" Height="8.162108" />
							<Brush>
								<SolidBrush Color="#FF000000" />
							</Brush>
							<Tag>convertedFont</Tag>
						</Glyphs>
						<Glyphs OutlineWidth="0.5" CharSpace="0" RenderTransform="0.5968368 0 -0 0.5968368 319.0103 613.40015">
							<Font SizePoints="14" Style="Regular" FamilyName="CSMVMI+BlissPro" Capitals="Normal" ResourceId="2" />
							<Origin X="0" Y="0" />
							<Text>о</Text>
							<Size Width="7.364" Height="8.162108" />
							<Brush>
								<SolidBrush Color="#FF000000" />
							</Brush>
							<Tag>convertedFont</Tag>
						</Glyphs>
						<Glyphs OutlineWidth="0.5" CharSpace="0" RenderTransform="0.5968368 0 -0 0.5968368 323.43063 613.40015">
							<Font SizePoints="14" Style="Regular" FamilyName="CSMVMI+BlissPro" Capitals="Normal" ResourceId="2" />
							<Origin X="0" Y="0" />
							<Text>м</Text>
							<Size Width="8.372" Height="8.162108" />
							<Brush>
								<SolidBrush Color="#FF000000" />
							</Brush>
							<Tag>convertedFont</Tag>
						</Glyphs>
						<Glyphs OutlineWidth="0.5" CharSpace="0" RenderTransform="0.5968368 0 -0 0.5968368 328.46646 613.40015">
							<Font SizePoints="14" Style="Regular" FamilyName="CSMVMI+BlissPro" Capitals="Normal" ResourceId="2" />
							<Origin X="0" Y="0" />
							<Text>и</Text>
							<Size Width="7.518" Height="8.162108" />
							<Brush>
								<SolidBrush Color="#FF000000" />
							</Brush>
							<Tag>convertedFont</Tag>
						</Glyphs>
						<Glyphs OutlineWidth="0.5" CharSpace="0" RenderTransform="0.5968368 0 -0 0.5968368 332.98004 613.40015">
							<Font SizePoints="14" Style="Regular" FamilyName="CSMVMI+BlissPro" Capitals="Normal" ResourceId="2" />
							<Origin X="0" Y="0" />
							<Text>н</Text>
							<Size Width="7.266" Height="8.162108" />
							<Brush>
								<SolidBrush Color="#FF000000" />
							</Brush>
							<Tag>convertedFont</Tag>
						</Glyphs>
						<Glyphs OutlineWidth="0.5" CharSpace="0" RenderTransform="0.5968368 0 -0 0.5968368 337.3444 613.40015">
							<Font SizePoints="14" Style="Regular" FamilyName="CSMVMI+BlissPro" Capitals="Normal" ResourceId="2" />
							<Origin X="0" Y="0" />
							<Text>а</Text>
							<Size Width="6.608" Height="8.162108" />
							<Brush>
								<SolidBrush Color="#FF000000" />
							</Brush>
							<Tag>convertedFont</Tag>
						</Glyphs>
						<Glyphs OutlineWidth="0.5" CharSpace="0" RenderTransform="0.5968368 0 -0 0.5968368 341.31708 613.40015">
							<Font SizePoints="14" Style="Regular" FamilyName="CSMVMI+BlissPro" Capitals="Normal" ResourceId="2" />
							<Origin X="0" Y="0" />
							<Text>л</Text>
							<Size Width="7.042" Height="8.162108" />
							<Brush>
								<SolidBrush Color="#FF000000" />
							</Brush>
							<Tag>convertedFont</Tag>
						</Glyphs>
						<Glyphs OutlineWidth="0.5" CharSpace="0" RenderTransform="0.5968368 0 -0 0.5968368 345.5509 613.40015">
							<Font SizePoints="14" Style="Regular" FamilyName="CSMVMI+BlissPro" Capitals="Normal" ResourceId="2" />
							<Origin X="0" Y="0" />
							<Text>ь</Text>
							<Size Width="6.454" Height="8.162108" />
							<Brush>
								<SolidBrush Color="#FF000000" />
							</Brush>
							<Tag>convertedFont</Tag>
						</Glyphs>
						<Glyphs OutlineWidth="0.5" CharSpace="0" RenderTransform="0.5968368 0 -0 0.5968368 349.43033 613.40015">
							<Font SizePoints="14" Style="Regular" FamilyName="CSMVMI+BlissPro" Capitals="Normal" ResourceId="2" />
							<Origin X="0" Y="0" />
							<Text>н</Text>
							<Size Width="7.266" Height="8.162108" />
							<Brush>
								<SolidBrush Color="#FF000000" />
							</Brush>
							<Tag>convertedFont</Tag>
						</Glyphs>
						<Glyphs OutlineWidth="0.5" CharSpace="0" RenderTransform="0.5968368 0 -0 0.5968368 353.7947 613.40015">
							<Font SizePoints="14" Style="Regular" FamilyName="CSMVMI+BlissPro" Capitals="Normal" ResourceId="2" />
							<Origin X="0" Y="0" />
							<Text>а</Text>
							<Size Width="6.608" Height="8.162108" />
							<Brush>
								<SolidBrush Color="#FF000000" />
							</Brush>
							<Tag>convertedFont</Tag>
						</Glyphs>
						<Glyphs OutlineWidth="0.5" CharSpace="0" RenderTransform="0.5968368 0 -0 0.5968368 357.7674 613.40015">
							<Font SizePoints="14" Style="Regular" FamilyName="CSMVMI+BlissPro" Capitals="Normal" ResourceId="2" />
							<Origin X="0" Y="0" />
							<Text>я</Text>
							<Size Width="6.678" Height="8.162108" />
							<Brush>
								<SolidBrush Color="#FF000000" />
							</Brush>
							<Tag>convertedFont</Tag>
						</Glyphs>
						<Glyphs OutlineWidth="0.5" CharSpace="0" RenderTransform="0.5968368 0 -0 0.5968368 361.7774 613.40015">
							<Font SizePoints="14" Style="Regular" FamilyName="CSMVMI+BlissPro" Capitals="Normal" ResourceId="2" />
							<Origin X="0" Y="0" />
							<Text> </Text>
							<Size Width="3.094" Height="8.162108" />
							<Brush>
								<SolidBrush Color="#FF000000" />
							</Brush>
							<Tag>convertedFont</Tag>
						</Glyphs>
						<Glyphs OutlineWidth="0.5" CharSpace="0" RenderTransform="0.5968368 0 -0 0.5968368 363.63318 613.40015">
							<Font SizePoints="14" Style="Regular" FamilyName="CSMVMI+BlissPro" Capitals="Normal" ResourceId="2" />
							<Origin X="0" Y="0" />
							<Text>м</Text>
							<Size Width="8.372" Height="8.162108" />
							<Brush>
								<SolidBrush Color="#FF000000" />
							</Brush>
							<Tag>convertedFont</Tag>
						</Glyphs>
						<Glyphs OutlineWidth="0.5" CharSpace="0" RenderTransform="0.5968368 0 -0 0.5968368 368.669 613.40015">
							<Font SizePoints="14" Style="Regular" FamilyName="CSMVMI+BlissPro" Capitals="Normal" ResourceId="2" />
							<Origin X="0" Y="0" />
							<Text>о</Text>
							<Size Width="7.364" Height="8.162108" />
							<Brush>
								<SolidBrush Color="#FF000000" />
							</Brush>
							<Tag>convertedFont</Tag>
						</Glyphs>
						<Glyphs OutlineWidth="0.5" CharSpace="0" RenderTransform="0.5968368 0 -0 0.5968368 373.08932 613.40015">
							<Font SizePoints="14" Style="Regular" FamilyName="CSMVMI+BlissPro" Capitals="Normal" ResourceId="2" />
							<Origin X="0" Y="0" />
							<Text>щ</Text>
							<Size Width="10.094" Height="8.162108" />
							<Brush>
								<SolidBrush Color="#FF000000" />
							</Brush>
							<Tag>convertedFont</Tag>
						</Glyphs>
						<Glyphs OutlineWidth="0.5" CharSpace="0" RenderTransform="0.5968368 0 -0 0.5968368 379.16028 613.40015">
							<Font SizePoints="14" Style="Regular" FamilyName="CSMVMI+BlissPro" Capitals="Normal" ResourceId="2" />
							<Origin X="0" Y="0" />
							<Text>н</Text>
							<Size Width="7.266" Height="8.162108" />
							<Brush>
								<SolidBrush Color="#FF000000" />
							</Brush>
							<Tag>convertedFont</Tag>
						</Glyphs>
						<Glyphs OutlineWidth="0.5" CharSpace="0" RenderTransform="0.5968368 0 -0 0.5968368 383.52466 613.40015">
							<Font SizePoints="14" Style="Regular" FamilyName="CSMVMI+BlissPro" Capitals="Normal" ResourceId="2" />
							<Origin X="0" Y="0" />
							<Text>о</Text>
							<Size Width="7.364" Height="8.162108" />
							<Brush>
								<SolidBrush Color="#FF000000" />
							</Brush>
							<Tag>convertedFont</Tag>
						</Glyphs>
						<Glyphs OutlineWidth="0.5" CharSpace="0" RenderTransform="0.5968368 0 -0 0.5968368 387.94498 613.40015">
							<Font SizePoints="14" Style="Regular" FamilyName="CSMVMI+BlissPro" Capitals="Normal" ResourceId="2" />
							<Origin X="0" Y="0" />
							<Text>с</Text>
							<Size Width="6.076" Height="8.162108" />
							<Brush>
								<SolidBrush Color="#FF000000" />
							</Brush>
							<Tag>convertedFont</Tag>
						</Glyphs>
						<Glyphs OutlineWidth="0.5" CharSpace="0" RenderTransform="0.5968368 0 -0 0.5968368 391.59128 613.40015">
							<Font SizePoints="14" Style="Regular" FamilyName="CSMVMI+BlissPro" Capitals="Normal" ResourceId="2" />
							<Origin X="0" Y="0" />
							<Text>т</Text>
							<Size Width="6.174" Height="8.162108" />
							<Brush>
								<SolidBrush Color="#FF000000" />
							</Brush>
							<Tag>convertedFont</Tag>
						</Glyphs>
						<Glyphs OutlineWidth="0.5" CharSpace="0" RenderTransform="0.5968368 0 -0 0.5968368 395.30286 613.40015">
							<Font SizePoints="14" Style="Regular" FamilyName="CSMVMI+BlissPro" Capitals="Normal" ResourceId="2" />
							<Origin X="0" Y="0" />
							<Text>ь</Text>
							<Size Width="6.454" Height="8.162108" />
							<Brush>
								<SolidBrush Color="#FF000000" />
							</Brush>
							<Tag>convertedFont</Tag>
						</Glyphs>
						<Glyphs OutlineWidth="0.5" CharSpace="0" RenderTransform="0.5968368 0 -0 0.5968368 399.18228 613.40015">
							<Font SizePoints="14" Style="Regular" FamilyName="CSMVMI+BlissPro" Capitals="Normal" ResourceId="2" />
							<Origin X="0" Y="0" />
							<Text> </Text>
							<Size Width="3.094" Height="8.162108" />
							<Brush>
								<SolidBrush Color="#FF000000" />
							</Brush>
							<Tag>convertedFont</Tag>
						</Glyphs>
						<Glyphs OutlineWidth="0.5" CharSpace="0" RenderTransform="0.5968368 0 -0 0.5968368 401.0381 613.40015">
							<Font SizePoints="14" Style="Regular" FamilyName="CSMVMI+BlissPro" Capitals="Normal" ResourceId="2" />
							<Origin X="0" Y="0" />
							<Text>(</Text>
							<Size Width="4.508" Height="8.162108" />
							<Brush>
								<SolidBrush Color="#FF000000" />
							</Brush>
							<Tag>convertedFont</Tag>
						</Glyphs>
						<Glyphs OutlineWidth="0.5" CharSpace="0" RenderTransform="0.5968368 0 -0 0.5968368 403.7425 613.40015">
							<Font SizePoints="14" Style="Regular" FamilyName="CSMVMI+BlissPro" Capitals="Normal" ResourceId="2" />
							<Origin X="0" Y="0" />
							<Text>N</Text>
							<Size Width="10.094" Height="8.162108" />
							<Brush>
								<SolidBrush Color="#FF000000" />
							</Brush>
							<Tag>convertedFont</Tag>
						</Glyphs>
						<Glyphs OutlineWidth="0.5" CharSpace="0" RenderTransform="0.5968368 0 -0 0.5968368 409.81345 613.40015">
							<Font SizePoints="14" Style="Regular" FamilyName="CSMVMI+BlissPro" Capitals="Normal" ResourceId="2" />
							<Origin X="0" Y="0" />
							<Text>y</Text>
							<Size Width="6.706" Height="8.162108" />
							<Brush>
								<SolidBrush Color="#FF000000" />
							</Brush>
							<Tag>convertedFont</Tag>
						</Glyphs>
						<Glyphs OutlineWidth="0.5" CharSpace="0" RenderTransform="0.5968368 0 -0 0.5968368 413.8421 613.40015">
							<Font SizePoints="14" Style="Regular" FamilyName="CSMVMI+BlissPro" Capitals="Normal" ResourceId="2" />
							<Origin X="0" Y="0" />
							<Text>,</Text>
							<Size Width="3.276" Height="8.162108" />
							<Brush>
								<SolidBrush Color="#FF000000" />
							</Brush>
							<Tag>convertedFont</Tag>
						</Glyphs>
						<Glyphs OutlineWidth="0.5" CharSpace="0" RenderTransform="0.5968368 0 -0 0.5968368 415.80978 613.40015">
							<Font SizePoints="14" Style="Regular" FamilyName="CSMVMI+BlissPro" Capitals="Normal" ResourceId="2" />
							<Origin X="0" Y="0" />
							<Text> </Text>
							<Size Width="3.094" Height="8.162108" />
							<Brush>
								<SolidBrush Color="#FF000000" />
							</Brush>
							<Tag>convertedFont</Tag>
						</Glyphs>
						<Glyphs OutlineWidth="0.5" CharSpace="0" RenderTransform="0.5968368 0 -0 0.5968368 417.6656 613.40015">
							<Font SizePoints="14" Style="Regular" FamilyName="CSMVMI+BlissPro" Capitals="Normal" ResourceId="2" />
							<Origin X="0" Y="0" />
							<Text>к</Text>
							<Size Width="6.496" Height="8.162108" />
							<Brush>
								<SolidBrush Color="#FF000000" />
							</Brush>
							<Tag>convertedFont</Tag>
						</Glyphs>
						<Glyphs OutlineWidth="0.5" CharSpace="0" RenderTransform="0.5968368 0 -0 0.5968368 421.573 613.40015">
							<Font SizePoints="14" Style="Regular" FamilyName="CSMVMI+BlissPro" Capitals="Normal" ResourceId="2" />
							<Origin X="0" Y="0" />
							<Text>В</Text>
							<Size Width="7.63" Height="8.162108" />
							<Brush>
								<SolidBrush Color="#FF000000" />
							</Brush>
							<Tag>convertedFont</Tag>
						</Glyphs>
						<Glyphs OutlineWidth="0.5" CharSpace="0" RenderTransform="0.5968368 0 -0 0.5968368 426.16116 613.40015">
							<Font SizePoints="14" Style="Regular" FamilyName="CSMVMI+BlissPro" Capitals="Normal" ResourceId="2" />
							<Origin X="0" Y="0" />
							<Text>т</Text>
							<Size Width="6.174" Height="8.162108" />
							<Brush>
								<SolidBrush Color="#FF000000" />
							</Brush>
							<Tag>convertedFont</Tag>
						</Glyphs>
						<Glyphs OutlineWidth="0.5" CharSpace="0" RenderTransform="0.5968368 0 -0 0.5968368 429.87274 613.40015">
							<Font SizePoints="14" Style="Regular" FamilyName="CSMVMI+BlissPro" Capitals="Normal" ResourceId="2" />
							<Origin X="0" Y="0" />
							<Text>)</Text>
							<Size Width="4.508" Height="8.162108" />
							<Brush>
								<SolidBrush Color="#FF000000" />
							</Brush>
							<Tag>convertedFont</Tag>
						</Glyphs>
						<Glyphs OutlineWidth="0.5" CharSpace="0" RenderTransform="0.5968368 0 -0 0.5968368 515.5188 613.40015">
							<Font SizePoints="14" Style="Regular" FamilyName="CSMVMI+BlissPro" Capitals="Normal" ResourceId="2" />
							<Origin X="0" Y="0" />
							<Text>0</Text>
							<Size Width="7.756" Height="8.162108" />
							<Brush>
								<SolidBrush Color="#FF000000" />
							</Brush>
							<Tag>convertedFont</Tag>
						</Glyphs>
						<Glyphs OutlineWidth="0.5" CharSpace="0" RenderTransform="0.5968368 0 -0 0.5968368 520.1723 613.40015">
							<Font SizePoints="14" Style="Regular" FamilyName="CSMVMI+BlissPro" Capitals="Normal" ResourceId="2" />
							<Origin X="0" Y="0" />
							<Text>.</Text>
							<Size Width="3.276" Height="8.162108" />
							<Brush>
								<SolidBrush Color="#FF000000" />
							</Brush>
							<Tag>convertedFont</Tag>
						</Glyphs>
						<Glyphs OutlineWidth="0.5" CharSpace="0" RenderTransform="0.5968368 0 -0 0.5968368 522.14 613.40015">
							<Font SizePoints="14" Style="Regular" FamilyName="CSMVMI+BlissPro" Capitals="Normal" ResourceId="2" />
							<Origin X="0" Y="0" />
							<Text>3</Text>
							<Size Width="7.448" Height="8.162108" />
							<Brush>
								<SolidBrush Color="#FF000000" />
							</Brush>
							<Tag>convertedFont</Tag>
						</Glyphs>
						<Glyphs OutlineWidth="0.5" CharSpace="0" RenderTransform="0.5968368 0 -0 0.5968368 526.6163 613.40015">
							<Font SizePoints="14" Style="Regular" FamilyName="CSMVMI+BlissPro" Capitals="Normal" ResourceId="2" />
							<Origin X="0" Y="0" />
							<Text>7</Text>
							<Size Width="6.636" Height="8.162108" />
							<Brush>
								<SolidBrush Color="#FF000000" />
							</Brush>
							<Tag>convertedFont</Tag>
						</Glyphs>
						<Glyphs OutlineWidth="0.5" CharSpace="0" RenderTransform="0.5968368 0 -0 0.5968368 313.19116 626.5305">
							<Font SizePoints="14" Style="Regular" FamilyName="CSMVMI+BlissPro" Capitals="Normal" ResourceId="2" />
							<Origin X="0" Y="0" />
							<Text>М</Text>
							<Size Width="11.2" Height="8.162108" />
							<Brush>
								<SolidBrush Color="#FF000000" />
							</Brush>
							<Tag>convertedFont</Tag>
						</Glyphs>
						<Glyphs OutlineWidth="0.5" CharSpace="0" RenderTransform="0.5968368 0 -0 0.5968368 319.92422 626.5305">
							<Font SizePoints="14" Style="Regular" FamilyName="CSMVMI+BlissPro" Capitals="Normal" ResourceId="2" />
							<Origin X="0" Y="0" />
							<Text>о</Text>
							<Size Width="7.364" Height="8.162108" />
							<Brush>
								<SolidBrush Color="#FF000000" />
							</Brush>
							<Tag>convertedFont</Tag>
						</Glyphs>
						<Glyphs OutlineWidth="0.5" CharSpace="0" RenderTransform="0.5968368 0 -0 0.5968368 324.34454 626.5305">
							<Font SizePoints="14" Style="Regular" FamilyName="CSMVMI+BlissPro" Capitals="Normal" ResourceId="2" />
							<Origin X="0" Y="0" />
							<Text>щ</Text>
							<Size Width="10.094" Height="8.162108" />
							<Brush>
								<SolidBrush Color="#FF000000" />
							</Brush>
							<Tag>convertedFont</Tag>
						</Glyphs>
						<Glyphs OutlineWidth="0.5" CharSpace="0" RenderTransform="0.5968368 0 -0 0.5968368 330.4155 626.5305">
							<Font SizePoints="14" Style="Regular" FamilyName="CSMVMI+BlissPro" Capitals="Normal" ResourceId="2" />
							<Origin X="0" Y="0" />
							<Text>н</Text>
							<Size Width="7.266" Height="8.162108" />
							<Brush>
								<SolidBrush Color="#FF000000" />
							</Brush>
							<Tag>convertedFont</Tag>
						</Glyphs>
						<Glyphs OutlineWidth="0.5" CharSpace="0" RenderTransform="0.5968368 0 -0 0.5968368 334.77988 626.5305">
							<Font SizePoints="14" Style="Regular" FamilyName="CSMVMI+BlissPro" Capitals="Normal" ResourceId="2" />
							<Origin X="0" Y="0" />
							<Text>о</Text>
							<Size Width="7.364" Height="8.162108" />
							<Brush>
								<SolidBrush Color="#FF000000" />
							</Brush>
							<Tag>convertedFont</Tag>
						</Glyphs>
						<Glyphs OutlineWidth="0.5" CharSpace="0" RenderTransform="0.5968368 0 -0 0.5968368 339.2002 626.5305">
							<Font SizePoints="14" Style="Regular" FamilyName="CSMVMI+BlissPro" Capitals="Normal" ResourceId="2" />
							<Origin X="0" Y="0" />
							<Text>с</Text>
							<Size Width="6.076" Height="8.162108" />
							<Brush>
								<SolidBrush Color="#FF000000" />
							</Brush>
							<Tag>convertedFont</Tag>
						</Glyphs>
						<Glyphs OutlineWidth="0.5" CharSpace="0" RenderTransform="0.5968368 0 -0 0.5968368 342.8465 626.5305">
							<Font SizePoints="14" Style="Regular" FamilyName="CSMVMI+BlissPro" Capitals="Normal" ResourceId="2" />
							<Origin X="0" Y="0" />
							<Text>т</Text>
							<Size Width="6.174" Height="8.162108" />
							<Brush>
								<SolidBrush Color="#FF000000" />
							</Brush>
							<Tag>convertedFont</Tag>
						</Glyphs>
						<Glyphs OutlineWidth="0.5" CharSpace="0" RenderTransform="0.5968368 0 -0 0.5968368 346.55807 626.5305">
							<Font SizePoints="14" Style="Regular" FamilyName="CSMVMI+BlissPro" Capitals="Normal" ResourceId="2" />
							<Origin X="0" Y="0" />
							<Text>ь</Text>
							<Size Width="6.454" Height="8.162108" />
							<Brush>
								<SolidBrush Color="#FF000000" />
							</Brush>
							<Tag>convertedFont</Tag>
						</Glyphs>
						<Glyphs OutlineWidth="0.5" CharSpace="0" RenderTransform="0.5968368 0 -0 0.5968368 350.4375 626.5305">
							<Font SizePoints="14" Style="Regular" FamilyName="CSMVMI+BlissPro" Capitals="Normal" ResourceId="2" />
							<Origin X="0" Y="0" />
							<Text> </Text>
							<Size Width="3.094" Height="8.162108" />
							<Brush>
								<SolidBrush Color="#FF000000" />
							</Brush>
							<Tag>convertedFont</Tag>
						</Glyphs>
						<Glyphs OutlineWidth="0.5" CharSpace="0" RenderTransform="0.5968368 0 -0 0.5968368 352.2933 626.5305">
							<Font SizePoints="14" Style="Regular" FamilyName="CSMVMI+BlissPro" Capitals="Normal" ResourceId="2" />
							<Origin X="0" Y="0" />
							<Text>н</Text>
							<Size Width="7.266" Height="8.162108" />
							<Brush>
								<SolidBrush Color="#FF000000" />
							</Brush>
							<Tag>convertedFont</Tag>
						</Glyphs>
						<Glyphs OutlineWidth="0.5" CharSpace="0" RenderTransform="0.5968368 0 -0 0.5968368 356.65765 626.5305">
							<Font SizePoints="14" Style="Regular" FamilyName="CSMVMI+BlissPro" Capitals="Normal" ResourceId="2" />
							<Origin X="0" Y="0" />
							<Text>а</Text>
							<Size Width="6.608" Height="8.162108" />
							<Brush>
								<SolidBrush Color="#FF000000" />
							</Brush>
							<Tag>convertedFont</Tag>
						</Glyphs>
						<Glyphs OutlineWidth="0.5" CharSpace="0" RenderTransform="0.5968368 0 -0 0.5968368 360.63037 626.5305">
							<Font SizePoints="14" Style="Regular" FamilyName="CSMVMI+BlissPro" Capitals="Normal" ResourceId="2" />
							<Origin X="0" Y="0" />
							<Text> </Text>
							<Size Width="3.094" Height="8.162108" />
							<Brush>
								<SolidBrush Color="#FF000000" />
							</Brush>
							<Tag>convertedFont</Tag>
						</Glyphs>
						<Glyphs OutlineWidth="0.5" CharSpace="0" RenderTransform="0.5968368 0 -0 0.5968368 362.48615 626.5305">
							<Font SizePoints="14" Style="Regular" FamilyName="CSMVMI+BlissPro" Capitals="Normal" ResourceId="2" />
							<Origin X="0" Y="0" />
							<Text>в</Text>
							<Size Width="6.538" Height="8.162108" />
							<Brush>
								<SolidBrush Color="#FF000000" />
							</Brush>
							<Tag>convertedFont</Tag>
						</Glyphs>
						<Glyphs OutlineWidth="0.5" CharSpace="0" RenderTransform="0.5968368 0 -0 0.5968368 366.42154 626.5305">
							<Font SizePoints="14" Style="Regular" FamilyName="CSMVMI+BlissPro" Capitals="Normal" ResourceId="2" />
							<Origin X="0" Y="0" />
							<Text>а</Text>
							<Size Width="6.608" Height="8.162108" />
							<Brush>
								<SolidBrush Color="#FF000000" />
							</Brush>
							<Tag>convertedFont</Tag>
						</Glyphs>
						<Glyphs OutlineWidth="0.5" CharSpace="0" RenderTransform="0.5968368 0 -0 0.5968368 370.39423 626.5305">
							<Font SizePoints="14" Style="Regular" FamilyName="CSMVMI+BlissPro" Capitals="Normal" ResourceId="2" />
							<Origin X="0" Y="0" />
							<Text>л</Text>
							<Size Width="7.042" Height="8.162108" />
							<Brush>
								<SolidBrush Color="#FF000000" />
							</Brush>
							<Tag>convertedFont</Tag>
						</Glyphs>
						<Glyphs OutlineWidth="0.5" CharSpace="0" RenderTransform="0.5968368 0 -0 0.5968368 374.62805 626.5305">
							<Font SizePoints="14" Style="Regular" FamilyName="CSMVMI+BlissPro" Capitals="Normal" ResourceId="2" />
							<Origin X="0" Y="0" />
							<Text>у</Text>
							<Size Width="6.776" Height="8.162108" />
							<Brush>
								<SolidBrush Color="#FF000000" />
							</Brush>
							<Tag>convertedFont</Tag>
						</Glyphs>
						<Glyphs OutlineWidth="0.5" CharSpace="0" RenderTransform="0.5968368 0 -0 0.5968368 378.7033 626.5305">
							<Font SizePoints="14" Style="Regular" FamilyName="CSMVMI+BlissPro" Capitals="Normal" ResourceId="2" />
							<Origin X="0" Y="0" />
							<Text> </Text>
							<Size Width="3.094" Height="8.162108" />
							<Brush>
								<SolidBrush Color="#FF000000" />
							</Brush>
							<Tag>convertedFont</Tag>
						</Glyphs>
						<Glyphs OutlineWidth="0.5" CharSpace="0" RenderTransform="0.5968368 0 -0 0.5968368 380.5591 626.5305">
							<Font SizePoints="14" Style="Regular" FamilyName="CSMVMI+BlissPro" Capitals="Normal" ResourceId="2" />
							<Origin X="0" Y="0" />
							<Text>д</Text>
							<Size Width="7.602" Height="8.162108" />
							<Brush>
								<SolidBrush Color="#FF000000" />
							</Brush>
							<Tag>convertedFont</Tag>
						</Glyphs>
						<Glyphs OutlineWidth="0.5" CharSpace="0" RenderTransform="0.5968368 0 -0 0.5968368 385.12863 626.5305">
							<Font SizePoints="14" Style="Regular" FamilyName="CSMVMI+BlissPro" Capitals="Normal" ResourceId="2" />
							<Origin X="0" Y="0" />
							<Text>в</Text>
							<Size Width="6.538" Height="8.162108" />
							<Brush>
								<SolidBrush Color="#FF000000" />
							</Brush>
							<Tag>convertedFont</Tag>
						</Glyphs>
						<Glyphs OutlineWidth="0.5" CharSpace="0" RenderTransform="0.5968368 0 -0 0.5968368 389.06403 626.5305">
							<Font SizePoints="14" Style="Regular" FamilyName="CSMVMI+BlissPro" Capitals="Normal" ResourceId="2" />
							<Origin X="0" Y="0" />
							<Text>и</Text>
							<Size Width="7.518" Height="8.162108" />
							<Brush>
								<SolidBrush Color="#FF000000" />
							</Brush>
							<Tag>convertedFont</Tag>
						</Glyphs>
						<Glyphs OutlineWidth="0.5" CharSpace="0" RenderTransform="0.5968368 0 -0 0.5968368 393.5776 626.5305">
							<Font SizePoints="14" Style="Regular" FamilyName="CSMVMI+BlissPro" Capitals="Normal" ResourceId="2" />
							<Origin X="0" Y="0" />
							<Text>г</Text>
							<Size Width="5.544" Height="8.162108" />
							<Brush>
								<SolidBrush Color="#FF000000" />
							</Brush>
							<Tag>convertedFont</Tag>
						</Glyphs>
						<Glyphs OutlineWidth="0.5" CharSpace="0" RenderTransform="0.5968368 0 -0 0.5968368 396.90683 626.5305">
							<Font SizePoints="14" Style="Regular" FamilyName="CSMVMI+BlissPro" Capitals="Normal" ResourceId="2" />
							<Origin X="0" Y="0" />
							<Text>а</Text>
							<Size Width="6.608" Height="8.162108" />
							<Brush>
								<SolidBrush Color="#FF000000" />
							</Brush>
							<Tag>convertedFont</Tag>
						</Glyphs>
						<Glyphs OutlineWidth="0.5" CharSpace="0" RenderTransform="0.5968368 0 -0 0.5968368 400.87955 626.5305">
							<Font SizePoints="14" Style="Regular" FamilyName="CSMVMI+BlissPro" Capitals="Normal" ResourceId="2" />
							<Origin X="0" Y="0" />
							<Text>т</Text>
							<Size Width="6.174" Height="8.162108" />
							<Brush>
								<SolidBrush Color="#FF000000" />
							</Brush>
							<Tag>convertedFont</Tag>
						</Glyphs>
						<Glyphs OutlineWidth="0.5" CharSpace="0" RenderTransform="0.5968368 0 -0 0.5968368 404.59113 626.5305">
							<Font SizePoints="14" Style="Regular" FamilyName="CSMVMI+BlissPro" Capitals="Normal" ResourceId="2" />
							<Origin X="0" Y="0" />
							<Text>е</Text>
							<Size Width="6.636" Height="8.162108" />
							<Brush>
								<SolidBrush Color="#FF000000" />
							</Brush>
							<Tag>convertedFont</Tag>
						</Glyphs>
						<Glyphs OutlineWidth="0.5" CharSpace="0" RenderTransform="0.5968368 0 -0 0.5968368 408.58246 626.5305">
							<Font SizePoints="14" Style="Regular" FamilyName="CSMVMI+BlissPro" Capitals="Normal" ResourceId="2" />
							<Origin X="0" Y="0" />
							<Text>л</Text>
							<Size Width="7.042" Height="8.162108" />
							<Brush>
								<SolidBrush Color="#FF000000" />
							</Brush>
							<Tag>convertedFont</Tag>
						</Glyphs>
						<Glyphs OutlineWidth="0.5" CharSpace="0" RenderTransform="0.5968368 0 -0 0.5968368 412.81628 626.5305">
							<Font SizePoints="14" Style="Regular" FamilyName="CSMVMI+BlissPro" Capitals="Normal" ResourceId="2" />
							<Origin X="0" Y="0" />
							<Text>я</Text>
							<Size Width="6.678" Height="8.162108" />
							<Brush>
								<SolidBrush Color="#FF000000" />
							</Brush>
							<Tag>convertedFont</Tag>
						</Glyphs>
						<Glyphs OutlineWidth="0.5" CharSpace="0" RenderTransform="0.5968368 0 -0 0.5968368 416.82626 626.5305">
							<Font SizePoints="14" Style="Regular" FamilyName="CSMVMI+BlissPro" Capitals="Normal" ResourceId="2" />
							<Origin X="0" Y="0" />
							<Text> </Text>
							<Size Width="3.094" Height="8.162108" />
							<Brush>
								<SolidBrush Color="#FF000000" />
							</Brush>
							<Tag>convertedFont</Tag>
						</Glyphs>
						<Glyphs OutlineWidth="0.5" CharSpace="0" RenderTransform="0.5968368 0 -0 0.5968368 418.68207 626.5305">
							<Font SizePoints="14" Style="Regular" FamilyName="CSMVMI+BlissPro" Capitals="Normal" ResourceId="2" />
							<Origin X="0" Y="0" />
							<Text>(</Text>
							<Size Width="4.508" Height="8.162108" />
							<Brush>
								<SolidBrush Color="#FF000000" />
							</Brush>
							<Tag>convertedFont</Tag>
						</Glyphs>
						<Glyphs OutlineWidth="0.5" CharSpace="0" RenderTransform="0.5968368 0 -0 0.5968368 421.38647 626.5305">
							<Font SizePoints="14" Style="Regular" FamilyName="CSMVMI+BlissPro" Capitals="Normal" ResourceId="2" />
							<Origin X="0" Y="0" />
							<Text>N</Text>
							<Size Width="10.094" Height="8.162108" />
							<Brush>
								<SolidBrush Color="#FF000000" />
							</Brush>
							<Tag>convertedFont</Tag>
						</Glyphs>
						<Glyphs OutlineWidth="0.5" CharSpace="0" RenderTransform="0.5968368 0 -0 0.5968368 427.45743 626.5305">
							<Font SizePoints="14" Style="Regular" FamilyName="CSMVMI+BlissPro" Capitals="Normal" ResourceId="2" />
							<Origin X="0" Y="0" />
							<Text>у</Text>
							<Size Width="6.776" Height="8.162108" />
							<Brush>
								<SolidBrush Color="#FF000000" />
							</Brush>
							<Tag>convertedFont</Tag>
						</Glyphs>
						<Glyphs OutlineWidth="0.5" CharSpace="0" RenderTransform="0.5968368 0 -0 0.5968368 431.5327 626.5305">
							<Font SizePoints="14" Style="Regular" FamilyName="CSMVMI+BlissPro" Capitals="Normal" ResourceId="2" />
							<Origin X="0" Y="0" />
							<Text>,</Text>
							<Size Width="3.276" Height="8.162108" />
							<Brush>
								<SolidBrush Color="#FF000000" />
							</Brush>
							<Tag>convertedFont</Tag>
						</Glyphs>
						<Glyphs OutlineWidth="0.5" CharSpace="0" RenderTransform="0.5968368 0 -0 0.5968368 433.5004 626.5305">
							<Font SizePoints="14" Style="Regular" FamilyName="CSMVMI+BlissPro" Capitals="Normal" ResourceId="2" />
							<Origin X="0" Y="0" />
							<Text> </Text>
							<Size Width="3.094" Height="8.162108" />
							<Brush>
								<SolidBrush Color="#FF000000" />
							</Brush>
							<Tag>convertedFont</Tag>
						</Glyphs>
						<Glyphs OutlineWidth="0.5" CharSpace="0" RenderTransform="0.5968368 0 -0 0.5968368 435.3562 626.5305">
							<Font SizePoints="14" Style="Regular" FamilyName="CSMVMI+BlissPro" Capitals="Normal" ResourceId="2" />
							<Origin X="0" Y="0" />
							<Text>к</Text>
							<Size Width="6.496" Height="8.162108" />
							<Brush>
								<SolidBrush Color="#FF000000" />
							</Brush>
							<Tag>convertedFont</Tag>
						</Glyphs>
						<Glyphs OutlineWidth="0.5" CharSpace="0" RenderTransform="0.5968368 0 -0 0.5968368 439.2636 626.5305">
							<Font SizePoints="14" Style="Regular" FamilyName="CSMVMI+BlissPro" Capitals="Normal" ResourceId="2" />
							<Origin X="0" Y="0" />
							<Text>В</Text>
							<Size Width="7.63" Height="8.162108" />
							<Brush>
								<SolidBrush Color="#FF000000" />
							</Brush>
							<Tag>convertedFont</Tag>
						</Glyphs>
						<Glyphs OutlineWidth="0.5" CharSpace="0" RenderTransform="0.5968368 0 -0 0.5968368 443.85178 626.5305">
							<Font SizePoints="14" Style="Regular" FamilyName="CSMVMI+BlissPro" Capitals="Normal" ResourceId="2" />
							<Origin X="0" Y="0" />
							<Text>т</Text>
							<Size Width="6.174" Height="8.162108" />
							<Brush>
								<SolidBrush Color="#FF000000" />
							</Brush>
							<Tag>convertedFont</Tag>
						</Glyphs>
						<Glyphs OutlineWidth="0.5" CharSpace="0" RenderTransform="0.5968368 0 -0 0.5968368 447.56335 626.5305">
							<Font SizePoints="14" Style="Regular" FamilyName="CSMVMI+BlissPro" Capitals="Normal" ResourceId="2" />
							<Origin X="0" Y="0" />
							<Text>)</Text>
							<Size Width="4.508" Height="8.162108" />
							<Brush>
								<SolidBrush Color="#FF000000" />
							</Brush>
							<Tag>convertedFont</Tag>
						</Glyphs>
						<Glyphs OutlineWidth="0.5" CharSpace="0" RenderTransform="0.5968368 0 -0 0.5968368 515.5188 626.5305">
							<Font SizePoints="14" Style="Regular" FamilyName="CSMVMI+BlissPro" Capitals="Normal" ResourceId="2" />
							<Origin X="0" Y="0" />
							<Text>0</Text>
							<Size Width="7.756" Height="8.162108" />
							<Brush>
								<SolidBrush Color="#FF000000" />
							</Brush>
							<Tag>convertedFont</Tag>
						</Glyphs>
						<Glyphs OutlineWidth="0.5" CharSpace="0" RenderTransform="0.5968368 0 -0 0.5968368 520.1723 626.5305">
							<Font SizePoints="14" Style="Regular" FamilyName="CSMVMI+BlissPro" Capitals="Normal" ResourceId="2" />
							<Origin X="0" Y="0" />
							<Text>.</Text>
							<Size Width="3.276" Height="8.162108" />
							<Brush>
								<SolidBrush Color="#FF000000" />
							</Brush>
							<Tag>convertedFont</Tag>
						</Glyphs>
						<Glyphs OutlineWidth="0.5" CharSpace="0" RenderTransform="0.5968368 0 -0 0.5968368 522.14 626.5305">
							<Font SizePoints="14" Style="Regular" FamilyName="CSMVMI+BlissPro" Capitals="Normal" ResourceId="2" />
							<Origin X="0" Y="0" />
							<Text>1</Text>
							<Size Width="5.852" Height="8.162108" />
							<Brush>
								<SolidBrush Color="#FF000000" />
							</Brush>
							<Tag>convertedFont</Tag>
						</Glyphs>
						<Glyphs OutlineWidth="0.5" CharSpace="0" RenderTransform="0.5968368 0 -0 0.5968368 525.65576 626.5305">
							<Font SizePoints="14" Style="Regular" FamilyName="CSMVMI+BlissPro" Capitals="Normal" ResourceId="2" />
							<Origin X="0" Y="0" />
							<Text>6</Text>
							<Size Width="7.56" Height="8.162108" />
							<Brush>
								<SolidBrush Color="#FF000000" />
							</Brush>
							<Tag>convertedFont</Tag>
						</Glyphs>
						<Glyphs OutlineWidth="0.5" CharSpace="0" RenderTransform="0.5968368 0 -0 0.5968368 313.19116 639.66113">
							<Font SizePoints="14" Style="Regular" FamilyName="CSMVMI+BlissPro" Capitals="Normal" ResourceId="2" />
							<Origin X="0" Y="0" />
							<Text>Т</Text>
							<Size Width="7.14" Height="8.162108" />
							<Brush>
								<SolidBrush Color="#FF000000" />
							</Brush>
							<Tag>convertedFont</Tag>
						</Glyphs>
						<Glyphs OutlineWidth="0.5" CharSpace="0" RenderTransform="0.5968368 0 -0 0.5968368 317.48093 639.66113">
							<Font SizePoints="14" Style="Regular" FamilyName="CSMVMI+BlissPro" Capitals="Normal" ResourceId="2" />
							<Origin X="0" Y="0" />
							<Text>о</Text>
							<Size Width="7.364" Height="8.162108" />
							<Brush>
								<SolidBrush Color="#FF000000" />
							</Brush>
							<Tag>convertedFont</Tag>
						</Glyphs>
						<Glyphs OutlineWidth="0.5" CharSpace="0" RenderTransform="0.5968368 0 -0 0.5968368 321.90125 639.66113">
							<Font SizePoints="14" Style="Regular" FamilyName="CSMVMI+BlissPro" Capitals="Normal" ResourceId="2" />
							<Origin X="0" Y="0" />
							<Text>к</Text>
							<Size Width="6.496" Height="8.162108" />
							<Brush>
								<SolidBrush Color="#FF000000" />
							</Brush>
							<Tag>convertedFont</Tag>
						</Glyphs>
						<Glyphs OutlineWidth="0.5" CharSpace="0" RenderTransform="0.5968368 0 -0 0.5968368 325.80865 639.66113">
							<Font SizePoints="14" Style="Regular" FamilyName="CSMVMI+BlissPro" Capitals="Normal" ResourceId="2" />
							<Origin X="0" Y="0" />
							<Text> </Text>
							<Size Width="3.094" Height="8.162108" />
							<Brush>
								<SolidBrush Color="#FF000000" />
							</Brush>
							<Tag>convertedFont</Tag>
						</Glyphs>
						<Glyphs OutlineWidth="0.5" CharSpace="0" RenderTransform="0.5968368 0 -0 0.5968368 327.66446 639.66113">
							<Font SizePoints="14" Style="Regular" FamilyName="CSMVMI+BlissPro" Capitals="Normal" ResourceId="2" />
							<Origin X="0" Y="0" />
							<Text>(</Text>
							<Size Width="4.508" Height="8.162108" />
							<Brush>
								<SolidBrush Color="#FF000000" />
							</Brush>
							<Tag>convertedFont</Tag>
						</Glyphs>
						<Glyphs OutlineWidth="0.5" CharSpace="0" RenderTransform="0.5968368 0 -0 0.5968368 330.36887 639.66113">
							<Font SizePoints="14" Style="Regular" FamilyName="CSMVMI+BlissPro" Capitals="Normal" ResourceId="2" />
							<Origin X="0" Y="0" />
							<Text>А</Text>
							<Size Width="8.428" Height="8.162108" />
							<Brush>
								<SolidBrush Color="#FF000000" />
							</Brush>
							<Tag>convertedFont</Tag>
						</Glyphs>
						<Glyphs OutlineWidth="0.5" CharSpace="0" RenderTransform="0.5968368 0 -0 0.5968368 335.43265 639.66113">
							<Font SizePoints="14" Style="Regular" FamilyName="CSMVMI+BlissPro" Capitals="Normal" ResourceId="2" />
							<Origin X="0" Y="0" />
							<Text>)</Text>
							<Size Width="4.508" Height="8.162108" />
							<Brush>
								<SolidBrush Color="#FF000000" />
							</Brush>
							<Tag>convertedFont</Tag>
						</Glyphs>
						<Glyphs OutlineWidth="0.5" CharSpace="0" RenderTransform="0.5968368 0 -0 0.5968368 515.5188 639.66113">
							<Font SizePoints="14" Style="Regular" FamilyName="CSMVMI+BlissPro" Capitals="Normal" ResourceId="2" />
							<Origin X="0" Y="0" />
							<Text>0</Text>
							<Size Width="7.756" Height="8.162108" />
							<Brush>
								<SolidBrush Color="#FF000000" />
							</Brush>
							<Tag>convertedFont</Tag>
						</Glyphs>
						<Glyphs OutlineWidth="0.5" CharSpace="0" RenderTransform="0.5968368 0 -0 0.5968368 520.1723 639.66113">
							<Font SizePoints="14" Style="Regular" FamilyName="CSMVMI+BlissPro" Capitals="Normal" ResourceId="2" />
							<Origin X="0" Y="0" />
							<Text>.</Text>
							<Size Width="3.276" Height="8.162108" />
							<Brush>
								<SolidBrush Color="#FF000000" />
							</Brush>
							<Tag>convertedFont</Tag>
						</Glyphs>
						<Glyphs OutlineWidth="0.5" CharSpace="0" RenderTransform="0.5968368 0 -0 0.5968368 522.14 639.66113">
							<Font SizePoints="14" Style="Regular" FamilyName="CSMVMI+BlissPro" Capitals="Normal" ResourceId="2" />
							<Origin X="0" Y="0" />
							<Text>9</Text>
							<Size Width="7.476" Height="8.162108" />
							<Brush>
								<SolidBrush Color="#FF000000" />
							</Brush>
							<Tag>convertedFont</Tag>
						</Glyphs>
						<Glyphs OutlineWidth="0.5" CharSpace="0" RenderTransform="0.5968368 0 -0 0.5968368 526.6349 639.66113">
							<Font SizePoints="14" Style="Regular" FamilyName="CSMVMI+BlissPro" Capitals="Normal" ResourceId="2" />
							<Origin X="0" Y="0" />
							<Text>2</Text>
							<Size Width="7.154" Height="8.162108" />
							<Brush>
								<SolidBrush Color="#FF000000" />
							</Brush>
							<Tag>convertedFont</Tag>
						</Glyphs>
						<Glyphs OutlineWidth="0.5" CharSpace="0" RenderTransform="0.5968368 0 -0 0.5968368 313.19116 652.7915">
							<Font SizePoints="14" Style="Regular" FamilyName="CSMVMI+BlissPro" Capitals="Normal" ResourceId="2" />
							<Origin X="0" Y="0" />
							<Text>С</Text>
							<Size Width="8.4" Height="8.162108" />
							<Brush>
								<SolidBrush Color="#FF000000" />
							</Brush>
							<Tag>convertedFont</Tag>
						</Glyphs>
						<Glyphs OutlineWidth="0.5" CharSpace="0" RenderTransform="0.5968368 0 -0 0.5968368 318.2456 652.7915">
							<Font SizePoints="14" Style="Regular" FamilyName="CSMVMI+BlissPro" Capitals="Normal" ResourceId="2" />
							<Origin X="0" Y="0" />
							<Text>к</Text>
							<Size Width="6.496" Height="8.162108" />
							<Brush>
								<SolidBrush Color="#FF000000" />
							</Brush>
							<Tag>convertedFont</Tag>
						</Glyphs>
						<Glyphs OutlineWidth="0.5" CharSpace="0" RenderTransform="0.5968368 0 -0 0.5968368 322.15305 652.7915">
							<Font SizePoints="14" Style="Regular" FamilyName="CSMVMI+BlissPro" Capitals="Normal" ResourceId="2" />
							<Origin X="0" Y="0" />
							<Text>о</Text>
							<Size Width="7.364" Height="8.162108" />
							<Brush>
								<SolidBrush Color="#FF000000" />
							</Brush>
							<Tag>convertedFont</Tag>
						</Glyphs>
						<Glyphs OutlineWidth="0.5" CharSpace="0" RenderTransform="0.5968368 0 -0 0.5968368 326.57336 652.7915">
							<Font SizePoints="14" Style="Regular" FamilyName="CSMVMI+BlissPro" Capitals="Normal" ResourceId="2" />
							<Origin X="0" Y="0" />
							<Text>р</Text>
							<Size Width="7.14" Height="8.162108" />
							<Brush>
								<SolidBrush Color="#FF000000" />
							</Brush>
							<Tag>convertedFont</Tag>
						</Glyphs>
						<Glyphs OutlineWidth="0.5" CharSpace="0" RenderTransform="0.5968368 0 -0 0.5968368 330.86313 652.7915">
							<Font SizePoints="14" Style="Regular" FamilyName="CSMVMI+BlissPro" Capitals="Normal" ResourceId="2" />
							<Origin X="0" Y="0" />
							<Text>о</Text>
							<Size Width="7.364" Height="8.162108" />
							<Brush>
								<SolidBrush Color="#FF000000" />
							</Brush>
							<Tag>convertedFont</Tag>
						</Glyphs>
						<Glyphs OutlineWidth="0.5" CharSpace="0" RenderTransform="0.5968368 0 -0 0.5968368 335.28345 652.7915">
							<Font SizePoints="14" Style="Regular" FamilyName="CSMVMI+BlissPro" Capitals="Normal" ResourceId="2" />
							<Origin X="0" Y="0" />
							<Text>с</Text>
							<Size Width="6.076" Height="8.162108" />
							<Brush>
								<SolidBrush Color="#FF000000" />
							</Brush>
							<Tag>convertedFont</Tag>
						</Glyphs>
						<Glyphs OutlineWidth="0.5" CharSpace="0" RenderTransform="0.5968368 0 -0 0.5968368 338.92975 652.7915">
							<Font SizePoints="14" Style="Regular" FamilyName="CSMVMI+BlissPro" Capitals="Normal" ResourceId="2" />
							<Origin X="0" Y="0" />
							<Text>т</Text>
							<Size Width="6.174" Height="8.162108" />
							<Brush>
								<SolidBrush Color="#FF000000" />
							</Brush>
							<Tag>convertedFont</Tag>
						</Glyphs>
						<Glyphs OutlineWidth="0.5" CharSpace="0" RenderTransform="0.5968368 0 -0 0.5968368 342.64133 652.7915">
							<Font SizePoints="14" Style="Regular" FamilyName="CSMVMI+BlissPro" Capitals="Normal" ResourceId="2" />
							<Origin X="0" Y="0" />
							<Text>ь</Text>
							<Size Width="6.454" Height="8.162108" />
							<Brush>
								<SolidBrush Color="#FF000000" />
							</Brush>
							<Tag>convertedFont</Tag>
						</Glyphs>
						<Glyphs OutlineWidth="0.5" CharSpace="0" RenderTransform="0.5968368 0 -0 0.5968368 346.52075 652.7915">
							<Font SizePoints="14" Style="Regular" FamilyName="CSMVMI+BlissPro" Capitals="Normal" ResourceId="2" />
							<Origin X="0" Y="0" />
							<Text> </Text>
							<Size Width="3.094" Height="8.162108" />
							<Brush>
								<SolidBrush Color="#FF000000" />
							</Brush>
							<Tag>convertedFont</Tag>
						</Glyphs>
						<Glyphs OutlineWidth="0.5" CharSpace="0" RenderTransform="0.5968368 0 -0 0.5968368 348.37656 652.7915">
							<Font SizePoints="14" Style="Regular" FamilyName="CSMVMI+BlissPro" Capitals="Normal" ResourceId="2" />
							<Origin X="0" Y="0" />
							<Text>в</Text>
							<Size Width="6.538" Height="8.162108" />
							<Brush>
								<SolidBrush Color="#FF000000" />
							</Brush>
							<Tag>convertedFont</Tag>
						</Glyphs>
						<Glyphs OutlineWidth="0.5" CharSpace="0" RenderTransform="0.5968368 0 -0 0.5968368 352.31195 652.7915">
							<Font SizePoints="14" Style="Regular" FamilyName="CSMVMI+BlissPro" Capitals="Normal" ResourceId="2" />
							<Origin X="0" Y="0" />
							<Text>о</Text>
							<Size Width="7.364" Height="8.162108" />
							<Brush>
								<SolidBrush Color="#FF000000" />
							</Brush>
							<Tag>convertedFont</Tag>
						</Glyphs>
						<Glyphs OutlineWidth="0.5" CharSpace="0" RenderTransform="0.5968368 0 -0 0.5968368 356.73227 652.7915">
							<Font SizePoints="14" Style="Regular" FamilyName="CSMVMI+BlissPro" Capitals="Normal" ResourceId="2" />
							<Origin X="0" Y="0" />
							<Text>з</Text>
							<Size Width="5.894" Height="8.162108" />
							<Brush>
								<SolidBrush Color="#FF000000" />
							</Brush>
							<Tag>convertedFont</Tag>
						</Glyphs>
						<Glyphs OutlineWidth="0.5" CharSpace="0" RenderTransform="0.5968368 0 -0 0.5968368 360.27597 652.7915">
							<Font SizePoints="14" Style="Regular" FamilyName="CSMVMI+BlissPro" Capitals="Normal" ResourceId="2" />
							<Origin X="0" Y="0" />
							<Text>д</Text>
							<Size Width="7.602" Height="8.162108" />
							<Brush>
								<SolidBrush Color="#FF000000" />
							</Brush>
							<Tag>convertedFont</Tag>
						</Glyphs>
						<Glyphs OutlineWidth="0.5" CharSpace="0" RenderTransform="0.5968368 0 -0 0.5968368 364.84552 652.7915">
							<Font SizePoints="14" Style="Regular" FamilyName="CSMVMI+BlissPro" Capitals="Normal" ResourceId="2" />
							<Origin X="0" Y="0" />
							<Text>у</Text>
							<Size Width="6.776" Height="8.162108" />
							<Brush>
								<SolidBrush Color="#FF000000" />
							</Brush>
							<Tag>convertedFont</Tag>
						</Glyphs>
						<Glyphs OutlineWidth="0.5" CharSpace="0" RenderTransform="0.5968368 0 -0 0.5968368 368.9208 652.7915">
							<Font SizePoints="14" Style="Regular" FamilyName="CSMVMI+BlissPro" Capitals="Normal" ResourceId="2" />
							<Origin X="0" Y="0" />
							<Text>х</Text>
							<Size Width="6.454" Height="8.162108" />
							<Brush>
								<SolidBrush Color="#FF000000" />
							</Brush>
							<Tag>convertedFont</Tag>
						</Glyphs>
						<Glyphs OutlineWidth="0.5" CharSpace="0" RenderTransform="0.5968368 0 -0 0.5968368 372.80023 652.7915">
							<Font SizePoints="14" Style="Regular" FamilyName="CSMVMI+BlissPro" Capitals="Normal" ResourceId="2" />
							<Origin X="0" Y="0" />
							<Text>а</Text>
							<Size Width="6.608" Height="8.162108" />
							<Brush>
								<SolidBrush Color="#FF000000" />
							</Brush>
							<Tag>convertedFont</Tag>
						</Glyphs>
						<Glyphs OutlineWidth="0.5" CharSpace="0" RenderTransform="0.5968368 0 -0 0.5968368 376.77292 652.7915">
							<Font SizePoints="14" Style="Regular" FamilyName="CSMVMI+BlissPro" Capitals="Normal" ResourceId="2" />
							<Origin X="0" Y="0" />
							<Text> </Text>
							<Size Width="3.094" Height="8.162108" />
							<Brush>
								<SolidBrush Color="#FF000000" />
							</Brush>
							<Tag>convertedFont</Tag>
						</Glyphs>
						<Glyphs OutlineWidth="0.5" CharSpace="0" RenderTransform="0.5968368 0 -0 0.5968368 378.62872 652.7915">
							<Font SizePoints="14" Style="Regular" FamilyName="CSMVMI+BlissPro" Capitals="Normal" ResourceId="2" />
							<Origin X="0" Y="0" />
							<Text>в</Text>
							<Size Width="6.538" Height="8.162108" />
							<Brush>
								<SolidBrush Color="#FF000000" />
							</Brush>
							<Tag>convertedFont</Tag>
						</Glyphs>
						<Glyphs OutlineWidth="0.5" CharSpace="0" RenderTransform="0.5968368 0 -0 0.5968368 382.56412 652.7915">
							<Font SizePoints="14" Style="Regular" FamilyName="CSMVMI+BlissPro" Capitals="Normal" ResourceId="2" />
							<Origin X="0" Y="0" />
							<Text> </Text>
							<Size Width="3.094" Height="8.162108" />
							<Brush>
								<SolidBrush Color="#FF000000" />
							</Brush>
							<Tag>convertedFont</Tag>
						</Glyphs>
						<Glyphs OutlineWidth="0.5" CharSpace="0" RenderTransform="0.5968368 0 -0 0.5968368 384.4199 652.7915">
							<Font SizePoints="14" Style="Regular" FamilyName="CSMVMI+BlissPro" Capitals="Normal" ResourceId="2" />
							<Origin X="0" Y="0" />
							<Text>с</Text>
							<Size Width="6.076" Height="8.162108" />
							<Brush>
								<SolidBrush Color="#FF000000" />
							</Brush>
							<Tag>convertedFont</Tag>
						</Glyphs>
						<Glyphs OutlineWidth="0.5" CharSpace="0" RenderTransform="0.5968368 0 -0 0.5968368 388.0662 652.7915">
							<Font SizePoints="14" Style="Regular" FamilyName="CSMVMI+BlissPro" Capitals="Normal" ResourceId="2" />
							<Origin X="0" Y="0" />
							<Text>е</Text>
							<Size Width="6.636" Height="8.162108" />
							<Brush>
								<SolidBrush Color="#FF000000" />
							</Brush>
							<Tag>convertedFont</Tag>
						</Glyphs>
						<Glyphs OutlineWidth="0.5" CharSpace="0" RenderTransform="0.5968368 0 -0 0.5968368 392.05756 652.7915">
							<Font SizePoints="14" Style="Regular" FamilyName="CSMVMI+BlissPro" Capitals="Normal" ResourceId="2" />
							<Origin X="0" Y="0" />
							<Text>ч</Text>
							<Size Width="6.776" Height="8.162108" />
							<Brush>
								<SolidBrush Color="#FF000000" />
							</Brush>
							<Tag>convertedFont</Tag>
						</Glyphs>
						<Glyphs OutlineWidth="0.5" CharSpace="0" RenderTransform="0.5968368 0 -0 0.5968368 396.1328 652.7915">
							<Font SizePoints="14" Style="Regular" FamilyName="CSMVMI+BlissPro" Capitals="Normal" ResourceId="2" />
							<Origin X="0" Y="0" />
							<Text>е</Text>
							<Size Width="6.636" Height="8.162108" />
							<Brush>
								<SolidBrush Color="#FF000000" />
							</Brush>
							<Tag>convertedFont</Tag>
						</Glyphs>
						<Glyphs OutlineWidth="0.5" CharSpace="0" RenderTransform="0.5968368 0 -0 0.5968368 400.12418 652.7915">
							<Font SizePoints="14" Style="Regular" FamilyName="CSMVMI+BlissPro" Capitals="Normal" ResourceId="2" />
							<Origin X="0" Y="0" />
							<Text>н</Text>
							<Size Width="7.266" Height="8.162108" />
							<Brush>
								<SolidBrush Color="#FF000000" />
							</Brush>
							<Tag>convertedFont</Tag>
						</Glyphs>
						<Glyphs OutlineWidth="0.5" CharSpace="0" RenderTransform="0.5968368 0 -0 0.5968368 404.48853 652.7915">
							<Font SizePoints="14" Style="Regular" FamilyName="CSMVMI+BlissPro" Capitals="Normal" ResourceId="2" />
							<Origin X="0" Y="0" />
							<Text>и</Text>
							<Size Width="7.518" Height="8.162108" />
							<Brush>
								<SolidBrush Color="#FF000000" />
							</Brush>
							<Tag>convertedFont</Tag>
						</Glyphs>
						<Glyphs OutlineWidth="0.5" CharSpace="0" RenderTransform="0.5968368 0 -0 0.5968368 409.0021 652.7915">
							<Font SizePoints="14" Style="Regular" FamilyName="CSMVMI+BlissPro" Capitals="Normal" ResourceId="2" />
							<Origin X="0" Y="0" />
							<Text>и</Text>
							<Size Width="7.518" Height="8.162108" />
							<Brush>
								<SolidBrush Color="#FF000000" />
							</Brush>
							<Tag>convertedFont</Tag>
						</Glyphs>
						<Glyphs OutlineWidth="0.5" CharSpace="0" RenderTransform="0.5968368 0 -0 0.5968368 413.5157 652.7915">
							<Font SizePoints="14" Style="Regular" FamilyName="CSMVMI+BlissPro" Capitals="Normal" ResourceId="2" />
							<Origin X="0" Y="0" />
							<Text> </Text>
							<Size Width="3.094" Height="8.162108" />
							<Brush>
								<SolidBrush Color="#FF000000" />
							</Brush>
							<Tag>convertedFont</Tag>
						</Glyphs>
						<Glyphs OutlineWidth="0.5" CharSpace="0" RenderTransform="0.5968368 0 -0 0.5968368 415.3715 652.7915">
							<Font SizePoints="14" Style="Regular" FamilyName="CSMVMI+BlissPro" Capitals="Normal" ResourceId="2" />
							<Origin X="0" Y="0" />
							<Text>(</Text>
							<Size Width="4.508" Height="8.162108" />
							<Brush>
								<SolidBrush Color="#FF000000" />
							</Brush>
							<Tag>convertedFont</Tag>
						</Glyphs>
						<Glyphs OutlineWidth="0.5" CharSpace="0" RenderTransform="0.5968368 0 -0 0.5968368 418.0759 652.7915">
							<Font SizePoints="14" Style="Regular" FamilyName="CSMVMI+BlissPro" Capitals="Normal" ResourceId="2" />
							<Origin X="0" Y="0" />
							<Text>м</Text>
							<Size Width="8.372" Height="8.162108" />
							<Brush>
								<SolidBrush Color="#FF000000" />
							</Brush>
							<Tag>convertedFont</Tag>
						</Glyphs>
						<Glyphs OutlineWidth="0.5" CharSpace="0" RenderTransform="0.5968368 0 -0 0.5968368 423.11172 652.7915">
							<Font SizePoints="14" Style="Regular" FamilyName="CSMVMI+BlissPro" Capitals="Normal" ResourceId="2" />
							<Origin X="0" Y="0" />
							<Text>/</Text>
							<Size Width="5.096" Height="8.162108" />
							<Brush>
								<SolidBrush Color="#FF000000" />
							</Brush>
							<Tag>convertedFont</Tag>
						</Glyphs>
						<Glyphs OutlineWidth="0.5" CharSpace="0" RenderTransform="0.5968368 0 -0 0.5968368 426.1705 652.7915">
							<Font SizePoints="14" Style="Regular" FamilyName="CSMVMI+BlissPro" Capitals="Normal" ResourceId="2" />
							<Origin X="0" Y="0" />
							<Text>c</Text>
							<Size Width="6.006" Height="8.162108" />
							<Brush>
								<SolidBrush Color="#FF000000" />
							</Brush>
							<Tag>convertedFont</Tag>
						</Glyphs>
						<Glyphs OutlineWidth="0.5" CharSpace="0" RenderTransform="0.5968368 0 -0 0.5968368 429.7795 652.7915">
							<Font SizePoints="14" Style="Regular" FamilyName="CSMVMI+BlissPro" Capitals="Normal" ResourceId="2" />
							<Origin X="0" Y="0" />
							<Text>)</Text>
							<Size Width="4.508" Height="8.162108" />
							<Brush>
								<SolidBrush Color="#FF000000" />
							</Brush>
							<Tag>convertedFont</Tag>
						</Glyphs>
						<Glyphs OutlineWidth="0.5" CharSpace="0" RenderTransform="0.5968368 0 -0 0.5968368 515.5188 652.7915">
							<Font SizePoints="14" Style="Regular" FamilyName="CSMVMI+BlissPro" Capitals="Normal" ResourceId="2" />
							<Origin X="0" Y="0" />
							<Text>2</Text>
							<Size Width="7.154" Height="8.162108" />
							<Brush>
								<SolidBrush Color="#FF000000" />
							</Brush>
							<Tag>convertedFont</Tag>
						</Glyphs>
						<Glyphs OutlineWidth="0.5" CharSpace="0" RenderTransform="0.5968368 0 -0 0.5968368 313.19116 665.9219">
							<Font SizePoints="14" Style="Regular" FamilyName="CSMVMI+BlissPro" Capitals="Normal" ResourceId="2" />
							<Origin X="0" Y="0" />
							<Text>n</Text>
							<Size Width="7.168" Height="8.162108" />
							<Brush>
								<SolidBrush Color="#FF000000" />
							</Brush>
							<Tag>convertedFont</Tag>
						</Glyphs>
						<Glyphs OutlineWidth="0.5" CharSpace="0" RenderTransform="0.5968368 0 -0 0.5968368 317.49957 665.9219">
							<Font SizePoints="14" Style="Regular" FamilyName="CSMVMI+BlissPro" Capitals="Normal" ResourceId="2" />
							<Origin X="0" Y="0" />
							<Text> </Text>
							<Size Width="3.094" Height="8.162108" />
							<Brush>
								<SolidBrush Color="#FF000000" />
							</Brush>
							<Tag>convertedFont</Tag>
						</Glyphs>
						<Glyphs OutlineWidth="0.5" CharSpace="0" RenderTransform="0.5968368 0 -0 0.5968368 319.35535 665.9219">
							<Font SizePoints="14" Style="Regular" FamilyName="CSMVMI+BlissPro" Capitals="Normal" ResourceId="2" />
							<Origin X="0" Y="0" />
							<Text>н</Text>
							<Size Width="7.266" Height="8.162108" />
							<Brush>
								<SolidBrush Color="#FF000000" />
							</Brush>
							<Tag>convertedFont</Tag>
						</Glyphs>
						<Glyphs OutlineWidth="0.5" CharSpace="0" RenderTransform="0.5968368 0 -0 0.5968368 323.71973 665.9219">
							<Font SizePoints="14" Style="Regular" FamilyName="CSMVMI+BlissPro" Capitals="Normal" ResourceId="2" />
							<Origin X="0" Y="0" />
							<Text>о</Text>
							<Size Width="7.364" Height="8.162108" />
							<Brush>
								<SolidBrush Color="#FF000000" />
							</Brush>
							<Tag>convertedFont</Tag>
						</Glyphs>
						<Glyphs OutlineWidth="0.5" CharSpace="0" RenderTransform="0.5968368 0 -0 0.5968368 328.14005 665.9219">
							<Font SizePoints="14" Style="Regular" FamilyName="CSMVMI+BlissPro" Capitals="Normal" ResourceId="2" />
							<Origin X="0" Y="0" />
							<Text>м</Text>
							<Size Width="8.372" Height="8.162108" />
							<Brush>
								<SolidBrush Color="#FF000000" />
							</Brush>
							<Tag>convertedFont</Tag>
						</Glyphs>
						<Glyphs OutlineWidth="0.5" CharSpace="0" RenderTransform="0.5968368 0 -0 0.5968368 333.17587 665.9219">
							<Font SizePoints="14" Style="Regular" FamilyName="CSMVMI+BlissPro" Capitals="Normal" ResourceId="2" />
							<Origin X="0" Y="0" />
							<Text>и</Text>
							<Size Width="7.518" Height="8.162108" />
							<Brush>
								<SolidBrush Color="#FF000000" />
							</Brush>
							<Tag>convertedFont</Tag>
						</Glyphs>
						<Glyphs OutlineWidth="0.5" CharSpace="0" RenderTransform="0.5968368 0 -0 0.5968368 337.68945 665.9219">
							<Font SizePoints="14" Style="Regular" FamilyName="CSMVMI+BlissPro" Capitals="Normal" ResourceId="2" />
							<Origin X="0" Y="0" />
							<Text>н</Text>
							<Size Width="7.266" Height="8.162108" />
							<Brush>
								<SolidBrush Color="#FF000000" />
							</Brush>
							<Tag>convertedFont</Tag>
						</Glyphs>
						<Glyphs OutlineWidth="0.5" CharSpace="0" RenderTransform="0.5968368 0 -0 0.5968368 342.0538 665.9219">
							<Font SizePoints="14" Style="Regular" FamilyName="CSMVMI+BlissPro" Capitals="Normal" ResourceId="2" />
							<Origin X="0" Y="0" />
							<Text>а</Text>
							<Size Width="6.608" Height="8.162108" />
							<Brush>
								<SolidBrush Color="#FF000000" />
							</Brush>
							<Tag>convertedFont</Tag>
						</Glyphs>
						<Glyphs OutlineWidth="0.5" CharSpace="0" RenderTransform="0.5968368 0 -0 0.5968368 346.02652 665.9219">
							<Font SizePoints="14" Style="Regular" FamilyName="CSMVMI+BlissPro" Capitals="Normal" ResourceId="2" />
							<Origin X="0" Y="0" />
							<Text>л</Text>
							<Size Width="7.042" Height="8.162108" />
							<Brush>
								<SolidBrush Color="#FF000000" />
							</Brush>
							<Tag>convertedFont</Tag>
						</Glyphs>
						<Glyphs OutlineWidth="0.5" CharSpace="0" RenderTransform="0.5968368 0 -0 0.5968368 350.2603 665.9219">
							<Font SizePoints="14" Style="Regular" FamilyName="CSMVMI+BlissPro" Capitals="Normal" ResourceId="2" />
							<Origin X="0" Y="0" />
							<Text>ь</Text>
							<Size Width="6.454" Height="8.162108" />
							<Brush>
								<SolidBrush Color="#FF000000" />
							</Brush>
							<Tag>convertedFont</Tag>
						</Glyphs>
						<Glyphs OutlineWidth="0.5" CharSpace="0" RenderTransform="0.5968368 0 -0 0.5968368 354.13977 665.9219">
							<Font SizePoints="14" Style="Regular" FamilyName="CSMVMI+BlissPro" Capitals="Normal" ResourceId="2" />
							<Origin X="0" Y="0" />
							<Text>н</Text>
							<Size Width="7.266" Height="8.162108" />
							<Brush>
								<SolidBrush Color="#FF000000" />
							</Brush>
							<Tag>convertedFont</Tag>
						</Glyphs>
						<Glyphs OutlineWidth="0.5" CharSpace="0" RenderTransform="0.5968368 0 -0 0.5968368 358.50412 665.9219">
							<Font SizePoints="14" Style="Regular" FamilyName="CSMVMI+BlissPro" Capitals="Normal" ResourceId="2" />
							<Origin X="0" Y="0" />
							<Text>а</Text>
							<Size Width="6.608" Height="8.162108" />
							<Brush>
								<SolidBrush Color="#FF000000" />
							</Brush>
							<Tag>convertedFont</Tag>
						</Glyphs>
						<Glyphs OutlineWidth="0.5" CharSpace="0" RenderTransform="0.5968368 0 -0 0.5968368 362.4768 665.9219">
							<Font SizePoints="14" Style="Regular" FamilyName="CSMVMI+BlissPro" Capitals="Normal" ResourceId="2" />
							<Origin X="0" Y="0" />
							<Text>я</Text>
							<Size Width="6.678" Height="8.162108" />
							<Brush>
								<SolidBrush Color="#FF000000" />
							</Brush>
							<Tag>convertedFont</Tag>
						</Glyphs>
						<Glyphs OutlineWidth="0.5" CharSpace="0" RenderTransform="0.5968368 0 -0 0.5968368 366.48682 665.9219">
							<Font SizePoints="14" Style="Regular" FamilyName="CSMVMI+BlissPro" Capitals="Normal" ResourceId="2" />
							<Origin X="0" Y="0" />
							<Text> </Text>
							<Size Width="3.094" Height="8.162108" />
							<Brush>
								<SolidBrush Color="#FF000000" />
							</Brush>
							<Tag>convertedFont</Tag>
						</Glyphs>
						<Glyphs OutlineWidth="0.5" CharSpace="0" RenderTransform="0.5968368 0 -0 0.5968368 368.34262 665.9219">
							<Font SizePoints="14" Style="Regular" FamilyName="CSMVMI+BlissPro" Capitals="Normal" ResourceId="2" />
							<Origin X="0" Y="0" />
							<Text>(</Text>
							<Size Width="4.508" Height="8.162108" />
							<Brush>
								<SolidBrush Color="#FF000000" />
							</Brush>
							<Tag>convertedFont</Tag>
						</Glyphs>
						<Glyphs OutlineWidth="0.5" CharSpace="0" RenderTransform="0.5968368 0 -0 0.5968368 371.04703 665.9219">
							<Font SizePoints="14" Style="Regular" FamilyName="CSMVMI+BlissPro" Capitals="Normal" ResourceId="2" />
							<Origin X="0" Y="0" />
							<Text>о</Text>
							<Size Width="7.364" Height="8.162108" />
							<Brush>
								<SolidBrush Color="#FF000000" />
							</Brush>
							<Tag>convertedFont</Tag>
						</Glyphs>
						<Glyphs OutlineWidth="0.5" CharSpace="0" RenderTransform="0.5968368 0 -0 0.5968368 375.46735 665.9219">
							<Font SizePoints="14" Style="Regular" FamilyName="CSMVMI+BlissPro" Capitals="Normal" ResourceId="2" />
							<Origin X="0" Y="0" />
							<Text>б</Text>
							<Size Width="7.14" Height="8.162108" />
							<Brush>
								<SolidBrush Color="#FF000000" />
							</Brush>
							<Tag>convertedFont</Tag>
						</Glyphs>
						<Glyphs OutlineWidth="0.5" CharSpace="0" RenderTransform="0.5968368 0 -0 0.5968368 379.7571 665.9219">
							<Font SizePoints="14" Style="Regular" FamilyName="CSMVMI+BlissPro" Capitals="Normal" ResourceId="2" />
							<Origin X="0" Y="0" />
							<Text>/</Text>
							<Size Width="5.096" Height="8.162108" />
							<Brush>
								<SolidBrush Color="#FF000000" />
							</Brush>
							<Tag>convertedFont</Tag>
						</Glyphs>
						<Glyphs OutlineWidth="0.5" CharSpace="0" RenderTransform="0.5968368 0 -0 0.5968368 382.8159 665.9219">
							<Font SizePoints="14" Style="Regular" FamilyName="CSMVMI+BlissPro" Capitals="Normal" ResourceId="2" />
							<Origin X="0" Y="0" />
							<Text>м</Text>
							<Size Width="8.372" Height="8.162108" />
							<Brush>
								<SolidBrush Color="#FF000000" />
							</Brush>
							<Tag>convertedFont</Tag>
						</Glyphs>
						<Glyphs OutlineWidth="0.5" CharSpace="0" RenderTransform="0.5968368 0 -0 0.5968368 387.8517 665.9219">
							<Font SizePoints="14" Style="Regular" FamilyName="CSMVMI+BlissPro" Capitals="Normal" ResourceId="2" />
							<Origin X="0" Y="0" />
							<Text>и</Text>
							<Size Width="7.518" Height="8.162108" />
							<Brush>
								<SolidBrush Color="#FF000000" />
							</Brush>
							<Tag>convertedFont</Tag>
						</Glyphs>
						<Glyphs OutlineWidth="0.5" CharSpace="0" RenderTransform="0.5968368 0 -0 0.5968368 392.3653 665.9219">
							<Font SizePoints="14" Style="Regular" FamilyName="CSMVMI+BlissPro" Capitals="Normal" ResourceId="2" />
							<Origin X="0" Y="0" />
							<Text>н</Text>
							<Size Width="7.266" Height="8.162108" />
							<Brush>
								<SolidBrush Color="#FF000000" />
							</Brush>
							<Tag>convertedFont</Tag>
						</Glyphs>
						<Glyphs OutlineWidth="0.5" CharSpace="0" RenderTransform="0.5968368 0 -0 0.5968368 396.72964 665.9219">
							<Font SizePoints="14" Style="Regular" FamilyName="CSMVMI+BlissPro" Capitals="Normal" ResourceId="2" />
							<Origin X="0" Y="0" />
							<Text>)</Text>
							<Size Width="4.508" Height="8.162108" />
							<Brush>
								<SolidBrush Color="#FF000000" />
							</Brush>
							<Tag>convertedFont</Tag>
						</Glyphs>
						<Glyphs OutlineWidth="0.5" CharSpace="0" RenderTransform="0.5968368 0 -0 0.5968368 515.5188 665.9219">
							<Font SizePoints="14" Style="Regular" FamilyName="CSMVMI+BlissPro" Capitals="Normal" ResourceId="2" />
							<Origin X="0" Y="0" />
							<Text>2</Text>
							<Size Width="7.154" Height="8.162108" />
							<Brush>
								<SolidBrush Color="#FF000000" />
							</Brush>
							<Tag>convertedFont</Tag>
						</Glyphs>
						<Glyphs OutlineWidth="0.5" CharSpace="0" RenderTransform="0.5968368 0 -0 0.5968368 519.81793 665.9219">
							<Font SizePoints="14" Style="Regular" FamilyName="CSMVMI+BlissPro" Capitals="Normal" ResourceId="2" />
							<Origin X="0" Y="0" />
							<Text>7</Text>
							<Size Width="6.636" Height="8.162108" />
							<Brush>
								<SolidBrush Color="#FF000000" />
							</Brush>
							<Tag>convertedFont</Tag>
						</Glyphs>
						<Glyphs OutlineWidth="0.5" CharSpace="0" RenderTransform="0.5968368 0 -0 0.5968368 523.80927 665.9219">
							<Font SizePoints="14" Style="Regular" FamilyName="CSMVMI+BlissPro" Capitals="Normal" ResourceId="2" />
							<Origin X="0" Y="0" />
							<Text>3</Text>
							<Size Width="7.448" Height="8.162108" />
							<Brush>
								<SolidBrush Color="#FF000000" />
							</Brush>
							<Tag>convertedFont</Tag>
						</Glyphs>
						<Glyphs OutlineWidth="0.5" CharSpace="0" RenderTransform="0.5968368 0 -0 0.5968368 528.2855 665.9219">
							<Font SizePoints="14" Style="Regular" FamilyName="CSMVMI+BlissPro" Capitals="Normal" ResourceId="2" />
							<Origin X="0" Y="0" />
							<Text>0</Text>
							<Size Width="7.756" Height="8.162108" />
							<Brush>
								<SolidBrush Color="#FF000000" />
							</Brush>
							<Tag>convertedFont</Tag>
						</Glyphs>
						<Glyphs OutlineWidth="0.5" CharSpace="0" RenderTransform="0.5968368 0 -0 0.5968368 313.19116 679.05225">
							<Font SizePoints="14" Style="Regular" FamilyName="CSMVMI+BlissPro" Capitals="Normal" ResourceId="2" />
							<Origin X="0" Y="0" />
							<Text>Н</Text>
							<Size Width="9.674" Height="8.162108" />
							<Brush>
								<SolidBrush Color="#FF000000" />
							</Brush>
							<Tag>convertedFont</Tag>
						</Glyphs>
						<Glyphs OutlineWidth="0.5" CharSpace="0" RenderTransform="0.5968368 0 -0 0.5968368 319.0103 679.05225">
							<Font SizePoints="14" Style="Regular" FamilyName="CSMVMI+BlissPro" Capitals="Normal" ResourceId="2" />
							<Origin X="0" Y="0" />
							<Text>а</Text>
							<Size Width="6.608" Height="8.162108" />
							<Brush>
								<SolidBrush Color="#FF000000" />
							</Brush>
							<Tag>convertedFont</Tag>
						</Glyphs>
						<Glyphs OutlineWidth="0.5" CharSpace="0" RenderTransform="0.5968368 0 -0 0.5968368 322.983 679.05225">
							<Font SizePoints="14" Style="Regular" FamilyName="CSMVMI+BlissPro" Capitals="Normal" ResourceId="2" />
							<Origin X="0" Y="0" />
							<Text>п</Text>
							<Size Width="7.182" Height="8.162108" />
							<Brush>
								<SolidBrush Color="#FF000000" />
							</Brush>
							<Tag>convertedFont</Tag>
						</Glyphs>
						<Glyphs OutlineWidth="0.5" CharSpace="0" RenderTransform="0.5968368 0 -0 0.5968368 327.30075 679.05225">
							<Font SizePoints="14" Style="Regular" FamilyName="CSMVMI+BlissPro" Capitals="Normal" ResourceId="2" />
							<Origin X="0" Y="0" />
							<Text>р</Text>
							<Size Width="7.14" Height="8.162108" />
							<Brush>
								<SolidBrush Color="#FF000000" />
							</Brush>
							<Tag>convertedFont</Tag>
						</Glyphs>
						<Glyphs OutlineWidth="0.5" CharSpace="0" RenderTransform="0.5968368 0 -0 0.5968368 331.5905 679.05225">
							<Font SizePoints="14" Style="Regular" FamilyName="CSMVMI+BlissPro" Capitals="Normal" ResourceId="2" />
							<Origin X="0" Y="0" />
							<Text>я</Text>
							<Size Width="6.678" Height="8.162108" />
							<Brush>
								<SolidBrush Color="#FF000000" />
							</Brush>
							<Tag>convertedFont</Tag>
						</Glyphs>
						<Glyphs OutlineWidth="0.5" CharSpace="0" RenderTransform="0.5968368 0 -0 0.5968368 335.60052 679.05225">
							<Font SizePoints="14" Style="Regular" FamilyName="CSMVMI+BlissPro" Capitals="Normal" ResourceId="2" />
							<Origin X="0" Y="0" />
							<Text>ж</Text>
							<Size Width="9.632" Height="8.162108" />
							<Brush>
								<SolidBrush Color="#FF000000" />
							</Brush>
							<Tag>convertedFont</Tag>
						</Glyphs>
						<Glyphs OutlineWidth="0.5" CharSpace="0" RenderTransform="0.5968368 0 -0 0.5968368 341.3917 679.05225">
							<Font SizePoints="14" Style="Regular" FamilyName="CSMVMI+BlissPro" Capitals="Normal" ResourceId="2" />
							<Origin X="0" Y="0" />
							<Text>е</Text>
							<Size Width="6.636" Height="8.162108" />
							<Brush>
								<SolidBrush Color="#FF000000" />
							</Brush>
							<Tag>convertedFont</Tag>
						</Glyphs>
						<Glyphs OutlineWidth="0.5" CharSpace="0" RenderTransform="0.5968368 0 -0 0.5968368 345.38303 679.05225">
							<Font SizePoints="14" Style="Regular" FamilyName="CSMVMI+BlissPro" Capitals="Normal" ResourceId="2" />
							<Origin X="0" Y="0" />
							<Text>н</Text>
							<Size Width="7.266" Height="8.162108" />
							<Brush>
								<SolidBrush Color="#FF000000" />
							</Brush>
							<Tag>convertedFont</Tag>
						</Glyphs>
						<Glyphs OutlineWidth="0.5" CharSpace="0" RenderTransform="0.5968368 0 -0 0.5968368 349.7474 679.05225">
							<Font SizePoints="14" Style="Regular" FamilyName="CSMVMI+BlissPro" Capitals="Normal" ResourceId="2" />
							<Origin X="0" Y="0" />
							<Text>и</Text>
							<Size Width="7.518" Height="8.162108" />
							<Brush>
								<SolidBrush Color="#FF000000" />
							</Brush>
							<Tag>convertedFont</Tag>
						</Glyphs>
						<Glyphs OutlineWidth="0.5" CharSpace="0" RenderTransform="0.5968368 0 -0 0.5968368 354.261 679.05225">
							<Font SizePoints="14" Style="Regular" FamilyName="CSMVMI+BlissPro" Capitals="Normal" ResourceId="2" />
							<Origin X="0" Y="0" />
							<Text>е</Text>
							<Size Width="6.636" Height="8.162108" />
							<Brush>
								<SolidBrush Color="#FF000000" />
							</Brush>
							<Tag>convertedFont</Tag>
						</Glyphs>
						<Glyphs OutlineWidth="0.5" CharSpace="0" RenderTransform="0.5968368 0 -0 0.5968368 358.25235 679.05225">
							<Font SizePoints="14" Style="Regular" FamilyName="CSMVMI+BlissPro" Capitals="Normal" ResourceId="2" />
							<Origin X="0" Y="0" />
							<Text> </Text>
							<Size Width="3.094" Height="8.162108" />
							<Brush>
								<SolidBrush Color="#FF000000" />
							</Brush>
							<Tag>convertedFont</Tag>
						</Glyphs>
						<Glyphs OutlineWidth="0.5" CharSpace="0" RenderTransform="0.5968368 0 -0 0.5968368 360.10812 679.05225">
							<Font SizePoints="14" Style="Regular" FamilyName="CSMVMI+BlissPro" Capitals="Normal" ResourceId="2" />
							<Origin X="0" Y="0" />
							<Text>(</Text>
							<Size Width="4.508" Height="8.162108" />
							<Brush>
								<SolidBrush Color="#FF000000" />
							</Brush>
							<Tag>convertedFont</Tag>
						</Glyphs>
						<Glyphs OutlineWidth="0.5" CharSpace="0" RenderTransform="0.5968368 0 -0 0.5968368 362.81253 679.05225">
							<Font SizePoints="14" Style="Regular" FamilyName="CSMVMI+BlissPro" Capitals="Normal" ResourceId="2" />
							<Origin X="0" Y="0" />
							<Text>В</Text>
							<Size Width="7.63" Height="8.162108" />
							<Brush>
								<SolidBrush Color="#FF000000" />
							</Brush>
							<Tag>convertedFont</Tag>
						</Glyphs>
						<Glyphs OutlineWidth="0.5" CharSpace="0" RenderTransform="0.5968368 0 -0 0.5968368 367.40073 679.05225">
							<Font SizePoints="14" Style="Regular" FamilyName="CSMVMI+BlissPro" Capitals="Normal" ResourceId="2" />
							<Origin X="0" Y="0" />
							<Text>)</Text>
							<Size Width="4.508" Height="8.162108" />
							<Brush>
								<SolidBrush Color="#FF000000" />
							</Brush>
							<Tag>convertedFont</Tag>
						</Glyphs>
						<Glyphs OutlineWidth="0.5" CharSpace="0" RenderTransform="0.5968368 0 -0 0.5968368 515.5188 679.05225">
							<Font SizePoints="14" Style="Regular" FamilyName="CSMVMI+BlissPro" Capitals="Normal" ResourceId="2" />
							<Origin X="0" Y="0" />
							<Text>4</Text>
							<Size Width="7.784" Height="8.162108" />
							<Brush>
								<SolidBrush Color="#FF000000" />
							</Brush>
							<Tag>convertedFont</Tag>
						</Glyphs>
						<Glyphs OutlineWidth="0.5" CharSpace="0" RenderTransform="0.5968368 0 -0 0.5968368 520.1909 679.05225">
							<Font SizePoints="14" Style="Regular" FamilyName="CSMVMI+BlissPro" Capitals="Normal" ResourceId="2" />
							<Origin X="0" Y="0" />
							<Text>0</Text>
							<Size Width="7.756" Height="8.162108" />
							<Brush>
								<SolidBrush Color="#FF000000" />
							</Brush>
							<Tag>convertedFont</Tag>
						</Glyphs>
						<Glyphs OutlineWidth="0.5" CharSpace="0" RenderTransform="0.5968368 0 -0 0.5968368 524.8444 679.05225">
							<Font SizePoints="14" Style="Regular" FamilyName="CSMVMI+BlissPro" Capitals="Normal" ResourceId="2" />
							<Origin X="0" Y="0" />
							<Text>0</Text>
							<Size Width="7.756" Height="8.162108" />
							<Brush>
								<SolidBrush Color="#FF000000" />
							</Brush>
							<Tag>convertedFont</Tag>
						</Glyphs>
						<Glyphs OutlineWidth="0.5" CharSpace="0" RenderTransform="0.5968368 0 -0 0.5968368 313.19116 692.1826">
							<Font SizePoints="14" Style="Regular" FamilyName="CSMVMI+BlissPro" Capitals="Normal" ResourceId="2" />
							<Origin X="0" Y="0" />
							<Text>М</Text>
							<Size Width="11.2" Height="8.162108" />
							<Brush>
								<SolidBrush Color="#FF000000" />
							</Brush>
							<Tag>convertedFont</Tag>
						</Glyphs>
						<Glyphs OutlineWidth="0.5" CharSpace="0" RenderTransform="0.5968368 0 -0 0.5968368 319.92422 692.1826">
							<Font SizePoints="14" Style="Regular" FamilyName="CSMVMI+BlissPro" Capitals="Normal" ResourceId="2" />
							<Origin X="0" Y="0" />
							<Text>а</Text>
							<Size Width="6.608" Height="8.162108" />
							<Brush>
								<SolidBrush Color="#FF000000" />
							</Brush>
							<Tag>convertedFont</Tag>
						</Glyphs>
						<Glyphs OutlineWidth="0.5" CharSpace="0" RenderTransform="0.5968368 0 -0 0.5968368 323.8969 692.1826">
							<Font SizePoints="14" Style="Regular" FamilyName="CSMVMI+BlissPro" Capitals="Normal" ResourceId="2" />
							<Origin X="0" Y="0" />
							<Text>с</Text>
							<Size Width="6.076" Height="8.162108" />
							<Brush>
								<SolidBrush Color="#FF000000" />
							</Brush>
							<Tag>convertedFont</Tag>
						</Glyphs>
						<Glyphs OutlineWidth="0.5" CharSpace="0" RenderTransform="0.5968368 0 -0 0.5968368 327.5432 692.1826">
							<Font SizePoints="14" Style="Regular" FamilyName="CSMVMI+BlissPro" Capitals="Normal" ResourceId="2" />
							<Origin X="0" Y="0" />
							<Text>с</Text>
							<Size Width="6.076" Height="8.162108" />
							<Brush>
								<SolidBrush Color="#FF000000" />
							</Brush>
							<Tag>convertedFont</Tag>
						</Glyphs>
						<Glyphs OutlineWidth="0.5" CharSpace="0" RenderTransform="0.5968368 0 -0 0.5968368 331.1895 692.1826">
							<Font SizePoints="14" Style="Regular" FamilyName="CSMVMI+BlissPro" Capitals="Normal" ResourceId="2" />
							<Origin X="0" Y="0" />
							<Text>а</Text>
							<Size Width="6.608" Height="8.162108" />
							<Brush>
								<SolidBrush Color="#FF000000" />
							</Brush>
							<Tag>convertedFont</Tag>
						</Glyphs>
						<Glyphs OutlineWidth="0.5" CharSpace="0" RenderTransform="0.5968368 0 -0 0.5968368 335.1622 692.1826">
							<Font SizePoints="14" Style="Regular" FamilyName="CSMVMI+BlissPro" Capitals="Normal" ResourceId="2" />
							<Origin X="0" Y="0" />
							<Text> </Text>
							<Size Width="3.094" Height="8.162108" />
							<Brush>
								<SolidBrush Color="#FF000000" />
							</Brush>
							<Tag>convertedFont</Tag>
						</Glyphs>
						<Glyphs OutlineWidth="0.5" CharSpace="0" RenderTransform="0.5968368 0 -0 0.5968368 337.018 692.1826">
							<Font SizePoints="14" Style="Regular" FamilyName="CSMVMI+BlissPro" Capitals="Normal" ResourceId="2" />
							<Origin X="0" Y="0" />
							<Text>(</Text>
							<Size Width="4.508" Height="8.162108" />
							<Brush>
								<SolidBrush Color="#FF000000" />
							</Brush>
							<Tag>convertedFont</Tag>
						</Glyphs>
						<Glyphs OutlineWidth="0.5" CharSpace="0" RenderTransform="0.5968368 0 -0 0.5968368 339.7224 692.1826">
							<Font SizePoints="14" Style="Regular" FamilyName="CSMVMI+BlissPro" Capitals="Normal" ResourceId="2" />
							<Origin X="0" Y="0" />
							<Text>к</Text>
							<Size Width="6.496" Height="8.162108" />
							<Brush>
								<SolidBrush Color="#FF000000" />
							</Brush>
							<Tag>convertedFont</Tag>
						</Glyphs>
						<Glyphs OutlineWidth="0.5" CharSpace="0" RenderTransform="0.5968368 0 -0 0.5968368 343.62982 692.1826">
							<Font SizePoints="14" Style="Regular" FamilyName="CSMVMI+BlissPro" Capitals="Normal" ResourceId="2" />
							<Origin X="0" Y="0" />
							<Text>г</Text>
							<Size Width="5.544" Height="8.162108" />
							<Brush>
								<SolidBrush Color="#FF000000" />
							</Brush>
							<Tag>convertedFont</Tag>
						</Glyphs>
						<Glyphs OutlineWidth="0.5" CharSpace="0" RenderTransform="0.5968368 0 -0 0.5968368 346.95908 692.1826">
							<Font SizePoints="14" Style="Regular" FamilyName="CSMVMI+BlissPro" Capitals="Normal" ResourceId="2" />
							<Origin X="0" Y="0" />
							<Text>)</Text>
							<Size Width="4.508" Height="8.162108" />
							<Brush>
								<SolidBrush Color="#FF000000" />
							</Brush>
							<Tag>convertedFont</Tag>
						</Glyphs>
						<Glyphs OutlineWidth="0.5" CharSpace="0" RenderTransform="0.5968368 0 -0 0.5968368 515.5188 692.1826">
							<Font SizePoints="14" Style="Regular" FamilyName="CSMVMI+BlissPro" Capitals="Normal" ResourceId="2" />
							<Origin X="0" Y="0" />
							<Text>1</Text>
							<Size Width="5.852" Height="8.162108" />
							<Brush>
								<SolidBrush Color="#FF000000" />
							</Brush>
							<Tag>convertedFont</Tag>
						</Glyphs>
						<Glyphs OutlineWidth="0.5" CharSpace="0" RenderTransform="0.5968368 0 -0 0.5968368 519.03455 692.1826">
							<Font SizePoints="14" Style="Regular" FamilyName="CSMVMI+BlissPro" Capitals="Normal" ResourceId="2" />
							<Origin X="0" Y="0" />
							<Text>9</Text>
							<Size Width="7.476" Height="8.162108" />
							<Brush>
								<SolidBrush Color="#FF000000" />
							</Brush>
							<Tag>convertedFont</Tag>
						</Glyphs>
						<Glyphs OutlineWidth="0.5" CharSpace="0" RenderTransform="0.5968368 0 -0 0.5968368 523.52954 692.1826">
							<Font SizePoints="14" Style="Regular" FamilyName="CSMVMI+BlissPro" Capitals="Normal" ResourceId="2" />
							<Origin X="0" Y="0" />
							<Text>.</Text>
							<Size Width="3.276" Height="8.162108" />
							<Brush>
								<SolidBrush Color="#FF000000" />
							</Brush>
							<Tag>convertedFont</Tag>
						</Glyphs>
						<Glyphs OutlineWidth="0.5" CharSpace="0" RenderTransform="0.5968368 0 -0 0.5968368 525.4972 692.1826">
							<Font SizePoints="14" Style="Regular" FamilyName="CSMVMI+BlissPro" Capitals="Normal" ResourceId="2" />
							<Origin X="0" Y="0" />
							<Text>5</Text>
							<Size Width="7.126" Height="8.162108" />
							<Brush>
								<SolidBrush Color="#FF000000" />
							</Brush>
							<Tag>convertedFont</Tag>
						</Glyphs>
						<Path FillMode="Winding" RenderTransform="1 0 0 -1 0 842">
							<Brush>
								<SolidBrush Color="#FF005F7F" />
							</Brush>
							<PathFigure IsClosed="True">
								<PolyLine LineColor="#FF000000">
									<Point X="52.373474" Y="112.81348" />
									<Point X="286.3335" Y="112.81348" />
								</PolyLine>
								<PolyLine LineColor="#FF000000">
									<Point X="286.3335" Y="112.81348" />
									<Point X="286.3335" Y="94.90845" />
								</PolyLine>
								<PolyLine LineColor="#FF000000">
									<Point X="286.3335" Y="94.90845" />
									<Point X="52.373474" Y="94.90845" />
								</PolyLine>
							</PathFigure>
						</Path>
						<Path FillMode="Winding" RenderTransform="1 0 0 -1 0 842">
							<Brush>
								<SolidBrush Color="#FFFFFFFF" />
							</Brush>
							<PathFigure IsClosed="True">
								<PolyLine LineColor="#FF000000">
									<Point X="52.373474" Y="95.50513" />
									<Point X="286.3335" Y="95.50513" />
								</PolyLine>
								<PolyLine LineColor="#FF000000">
									<Point X="286.3335" Y="95.50513" />
									<Point X="286.3335" Y="94.90845" />
								</PolyLine>
								<PolyLine LineColor="#FF000000">
									<Point X="286.3335" Y="94.90845" />
									<Point X="52.373474" Y="94.90845" />
								</PolyLine>
							</PathFigure>
						</Path>
						<Path FillMode="Winding" RenderTransform="1 0 0 -1 0 842">
							<Brush>
								<SolidBrush Color="#FFFFFFFF" />
							</Brush>
							<PathFigure IsClosed="True">
								<PolyLine LineColor="#FF000000">
									<Point X="52.373474" Y="112.81348" />
									<Point X="52.970306" Y="112.81348" />
								</PolyLine>
								<PolyLine LineColor="#FF000000">
									<Point X="52.970306" Y="112.81348" />
									<Point X="52.970306" Y="94.90845" />
								</PolyLine>
								<PolyLine LineColor="#FF000000">
									<Point X="52.970306" Y="94.90845" />
									<Point X="52.373474" Y="94.90845" />
								</PolyLine>
							</PathFigure>
						</Path>
					</Canvas>
					<Canvas>
						<Clip>
							<Path FillMode="Alternate">
								<PathFigure IsClosed="True">
									<PolyLine LineColor="#FF000000">
										<Point X="28.5" Y="28.5" />
										<Point X="566.25" Y="28.5" />
									</PolyLine>
									<PolyLine LineColor="#FF000000">
										<Point X="566.25" Y="28.5" />
										<Point X="566.25" Y="813.3404" />
									</PolyLine>
									<PolyLine LineColor="#FF000000">
										<Point X="566.25" Y="813.3404" />
										<Point X="28.5" Y="813.3404" />
									</PolyLine>
									<PolyLine LineColor="#FF000000">
										<Point X="28.5" Y="813.3404" />
										<Point X="28.5" Y="28.5" />
									</PolyLine>
								</PathFigure>
							</Path>
						</Clip>
						<Canvas>
							<Clip>
								<Path FillMode="Winding">
									<PathFigure IsClosed="False">
										<PolyLine LineColor="#FF000000">
											<Point X="52.373474" Y="761.41565" />
											<Point X="52.373474" Y="760.8188" />
										</PolyLine>
										<PolyLine LineColor="#FF000000">
											<Point X="52.373474" Y="760.8188" />
											<Point X="249.32964" Y="760.8188" />
										</PolyLine>
										<PolyLine LineColor="#FF000000">
											<Point X="249.32964" Y="760.8188" />
											<Point X="249.32964" Y="761.41565" />
										</PolyLine>
									</PathFigure>
								</Path>
							</Clip>
							<Path FillMode="Winding" RenderTransform="1 0 0 -1 0 842">
								<Brush>
									<SolidBrush Color="#FF706E74" />
								</Brush>
								<PathFigure IsClosed="True">
									<PolyLine LineColor="#FF000000">
										<Point X="52.373474" Y="81.18115" />
										<Point X="52.970306" Y="81.18115" />
									</PolyLine>
									<PolyLine LineColor="#FF000000">
										<Point X="52.970306" Y="81.18115" />
										<Point X="52.970306" Y="80.58423" />
									</PolyLine>
									<PolyLine LineColor="#FF000000">
										<Point X="52.970306" Y="80.58423" />
										<Point X="52.373474" Y="80.58423" />
									</PolyLine>
								</PathFigure>
							</Path>
							<Path FillMode="Winding" RenderTransform="1 0 0 -1 0 842">
								<Brush>
									<SolidBrush Color="#FF706E74" />
								</Brush>
								<PathFigure IsClosed="True">
									<PolyLine LineColor="#FF000000">
										<Point X="248.73279" Y="81.18115" />
										<Point X="249.32962" Y="81.18115" />
									</PolyLine>
									<PolyLine LineColor="#FF000000">
										<Point X="249.32962" Y="81.18115" />
										<Point X="249.32962" Y="80.58423" />
									</PolyLine>
									<PolyLine LineColor="#FF000000">
										<Point X="249.32962" Y="80.58423" />
										<Point X="248.73279" Y="80.58423" />
									</PolyLine>
								</PathFigure>
							</Path>
							<Path FillMode="Alternate" RenderTransform="1 0 0 -1 0 842">
								<Pen Alignment="Center" DashCap="Flat" DashOffset="0" DashPattern="0.5968368 0.5968368" DashStyle="Custom" EndCap="Flat" LineJoin="Miter" MiterLimit="10" StartCap="Flat" Width="0.5968368">
									<Brush>
										<SolidBrush Color="#FF706E74" />
									</Brush>
								</Pen>
								<PathFigure IsClosed="False">
									<PolyLine LineColor="#FF000000">
										<Point X="52.970306" Y="80.88257" />
										<Point X="248.73279" Y="80.88257" />
									</PolyLine>
								</PathFigure>
							</Path>
						</Canvas>
					</Canvas>
					<Canvas>
						<Clip>
							<Path FillMode="Alternate">
								<PathFigure IsClosed="True">
									<PolyLine LineColor="#FF000000">
										<Point X="28.5" Y="28.5" />
										<Point X="566.25" Y="28.5" />
									</PolyLine>
									<PolyLine LineColor="#FF000000">
										<Point X="566.25" Y="28.5" />
										<Point X="566.25" Y="813.3404" />
									</PolyLine>
									<PolyLine LineColor="#FF000000">
										<Point X="566.25" Y="813.3404" />
										<Point X="28.5" Y="813.3404" />
									</PolyLine>
									<PolyLine LineColor="#FF000000">
										<Point X="28.5" Y="813.3404" />
										<Point X="28.5" Y="28.5" />
									</PolyLine>
								</PathFigure>
							</Path>
						</Clip>
					</Canvas>
					<Canvas>
						<Clip>
							<Path FillMode="Alternate">
								<PathFigure IsClosed="True">
									<PolyLine LineColor="#FF000000">
										<Point X="28.5" Y="28.5" />
										<Point X="566.25" Y="28.5" />
									</PolyLine>
									<PolyLine LineColor="#FF000000">
										<Point X="566.25" Y="28.5" />
										<Point X="566.25" Y="813.3404" />
									</PolyLine>
									<PolyLine LineColor="#FF000000">
										<Point X="566.25" Y="813.3404" />
										<Point X="28.5" Y="813.3404" />
									</PolyLine>
									<PolyLine LineColor="#FF000000">
										<Point X="28.5" Y="813.3404" />
										<Point X="28.5" Y="28.5" />
									</PolyLine>
								</PathFigure>
							</Path>
						</Clip>
						<Canvas>
							<Clip>
								<Path FillMode="Winding">
									<PathFigure IsClosed="False">
										<PolyLine LineColor="#FF000000">
											<Point X="250.5233" Y="761.41565" />
											<Point X="251.12013" Y="760.8188" />
										</PolyLine>
										<PolyLine LineColor="#FF000000">
											<Point X="251.12013" Y="760.8188" />
											<Point X="286.3335" Y="760.8188" />
										</PolyLine>
										<PolyLine LineColor="#FF000000">
											<Point X="286.3335" Y="760.8188" />
											<Point X="286.3335" Y="761.41565" />
										</PolyLine>
									</PathFigure>
								</Path>
							</Clip>
							<Path FillMode="Winding" RenderTransform="1 0 0 -1 0 842">
								<Brush>
									<SolidBrush Color="#FF706E74" />
								</Brush>
								<PathFigure IsClosed="True">
									<PolyLine LineColor="#FF000000">
										<Point X="250.52328" Y="81.18115" />
										<Point X="251.12013" Y="81.18115" />
									</PolyLine>
									<PolyLine LineColor="#FF000000">
										<Point X="251.12013" Y="81.18115" />
										<Point X="251.12013" Y="80.58423" />
									</PolyLine>
									<PolyLine LineColor="#FF000000">
										<Point X="251.12013" Y="80.58423" />
										<Point X="250.52328" Y="80.58423" />
									</PolyLine>
								</PathFigure>
							</Path>
							<Path FillMode="Winding" RenderTransform="1 0 0 -1 0 842">
								<Brush>
									<SolidBrush Color="#FF706E74" />
								</Brush>
								<PathFigure IsClosed="True">
									<PolyLine LineColor="#FF000000">
										<Point X="285.73666" Y="81.18115" />
										<Point X="286.3335" Y="81.18115" />
									</PolyLine>
									<PolyLine LineColor="#FF000000">
										<Point X="286.3335" Y="81.18115" />
										<Point X="286.3335" Y="80.58423" />
									</PolyLine>
									<PolyLine LineColor="#FF000000">
										<Point X="286.3335" Y="80.58423" />
										<Point X="285.73666" Y="80.58423" />
									</PolyLine>
								</PathFigure>
							</Path>
							<Path FillMode="Alternate" RenderTransform="1 0 0 -1 0 842">
								<Pen Alignment="Center" DashCap="Flat" DashOffset="0" DashPattern="0.5968368 0.5968368" DashStyle="Custom" EndCap="Flat" LineJoin="Miter" MiterLimit="10" StartCap="Flat" Width="0.5968368">
									<Brush>
										<SolidBrush Color="#FF706E74" />
									</Brush>
								</Pen>
								<PathFigure IsClosed="False">
									<PolyLine LineColor="#FF000000">
										<Point X="251.12013" Y="80.88257" />
										<Point X="285.73666" Y="80.88257" />
									</PolyLine>
								</PathFigure>
							</Path>
						</Canvas>
					</Canvas>
					<Canvas>
						<Clip>
							<Path FillMode="Alternate">
								<PathFigure IsClosed="True">
									<PolyLine LineColor="#FF000000">
										<Point X="28.5" Y="28.5" />
										<Point X="566.25" Y="28.5" />
									</PolyLine>
									<PolyLine LineColor="#FF000000">
										<Point X="566.25" Y="28.5" />
										<Point X="566.25" Y="813.3404" />
									</PolyLine>
									<PolyLine LineColor="#FF000000">
										<Point X="566.25" Y="813.3404" />
										<Point X="28.5" Y="813.3404" />
									</PolyLine>
									<PolyLine LineColor="#FF000000">
										<Point X="28.5" Y="813.3404" />
										<Point X="28.5" Y="28.5" />
									</PolyLine>
								</PathFigure>
							</Path>
						</Clip>
						<Path FillMode="Winding" RenderTransform="1 0 0 -1 0 842">
							<Brush>
								<SolidBrush Color="#FF939598" />
							</Brush>
							<PathFigure IsClosed="True">
								<PolyLine LineColor="#FF000000">
									<Point X="250.5233" Y="92.52112" />
									<Point X="250.5233" Y="80.58435" />
								</PolyLine>
								<PolyLine LineColor="#FF000000">
									<Point X="250.5233" Y="80.58435" />
									<Point X="251.12013" Y="81.18121" />
								</PolyLine>
								<PolyLine LineColor="#FF000000">
									<Point X="251.12013" Y="81.18121" />
									<Point X="251.12013" Y="92.52112" />
								</PolyLine>
								<PolyLine LineColor="#FF000000">
									<Point X="251.12013" Y="92.52112" />
									<Point X="250.5233" Y="92.52112" />
								</PolyLine>
							</PathFigure>
						</Path>
					</Canvas>
					<Canvas>
						<Clip>
							<Path FillMode="Alternate">
								<PathFigure IsClosed="True">
									<PolyLine LineColor="#FF000000">
										<Point X="28.5" Y="28.5" />
										<Point X="566.25" Y="28.5" />
									</PolyLine>
									<PolyLine LineColor="#FF000000">
										<Point X="566.25" Y="28.5" />
										<Point X="566.25" Y="813.3404" />
									</PolyLine>
									<PolyLine LineColor="#FF000000">
										<Point X="566.25" Y="813.3404" />
										<Point X="28.5" Y="813.3404" />
									</PolyLine>
									<PolyLine LineColor="#FF000000">
										<Point X="28.5" Y="813.3404" />
										<Point X="28.5" Y="28.5" />
									</PolyLine>
								</PathFigure>
							</Path>
						</Clip>
						<Canvas>
							<Clip>
								<Path FillMode="Winding">
									<PathFigure IsClosed="False">
										<PolyLine LineColor="#FF000000">
											<Point X="52.373474" Y="774.5461" />
											<Point X="52.373474" Y="773.9492" />
										</PolyLine>
										<PolyLine LineColor="#FF000000">
											<Point X="52.373474" Y="773.9492" />
											<Point X="249.32964" Y="773.9492" />
										</PolyLine>
										<PolyLine LineColor="#FF000000">
											<Point X="249.32964" Y="773.9492" />
											<Point X="249.32964" Y="774.5461" />
										</PolyLine>
									</PathFigure>
								</Path>
							</Clip>
							<Path FillMode="Winding" RenderTransform="1 0 0 -1 0 842">
								<Brush>
									<SolidBrush Color="#FF706E74" />
								</Brush>
								<PathFigure IsClosed="True">
									<PolyLine LineColor="#FF000000">
										<Point X="52.373474" Y="68.05078" />
										<Point X="52.970306" Y="68.05078" />
									</PolyLine>
									<PolyLine LineColor="#FF000000">
										<Point X="52.970306" Y="68.05078" />
										<Point X="52.970306" Y="67.45386" />
									</PolyLine>
									<PolyLine LineColor="#FF000000">
										<Point X="52.970306" Y="67.45386" />
										<Point X="52.373474" Y="67.45386" />
									</PolyLine>
								</PathFigure>
							</Path>
							<Path FillMode="Winding" RenderTransform="1 0 0 -1 0 842">
								<Brush>
									<SolidBrush Color="#FF706E74" />
								</Brush>
								<PathFigure IsClosed="True">
									<PolyLine LineColor="#FF000000">
										<Point X="248.73279" Y="68.05078" />
										<Point X="249.32962" Y="68.05078" />
									</PolyLine>
									<PolyLine LineColor="#FF000000">
										<Point X="249.32962" Y="68.05078" />
										<Point X="249.32962" Y="67.45386" />
									</PolyLine>
									<PolyLine LineColor="#FF000000">
										<Point X="249.32962" Y="67.45386" />
										<Point X="248.73279" Y="67.45386" />
									</PolyLine>
								</PathFigure>
							</Path>
							<Path FillMode="Alternate" RenderTransform="1 0 0 -1 0 842">
								<Pen Alignment="Center" DashCap="Flat" DashOffset="0" DashPattern="0.5968368 0.5968368" DashStyle="Custom" EndCap="Flat" LineJoin="Miter" MiterLimit="10" StartCap="Flat" Width="0.5968368">
									<Brush>
										<SolidBrush Color="#FF706E74" />
									</Brush>
								</Pen>
								<PathFigure IsClosed="False">
									<PolyLine LineColor="#FF000000">
										<Point X="52.970306" Y="67.7522" />
										<Point X="248.73279" Y="67.7522" />
									</PolyLine>
								</PathFigure>
							</Path>
						</Canvas>
					</Canvas>
					<Canvas>
						<Clip>
							<Path FillMode="Alternate">
								<PathFigure IsClosed="True">
									<PolyLine LineColor="#FF000000">
										<Point X="28.5" Y="28.5" />
										<Point X="566.25" Y="28.5" />
									</PolyLine>
									<PolyLine LineColor="#FF000000">
										<Point X="566.25" Y="28.5" />
										<Point X="566.25" Y="813.3404" />
									</PolyLine>
									<PolyLine LineColor="#FF000000">
										<Point X="566.25" Y="813.3404" />
										<Point X="28.5" Y="813.3404" />
									</PolyLine>
									<PolyLine LineColor="#FF000000">
										<Point X="28.5" Y="813.3404" />
										<Point X="28.5" Y="28.5" />
									</PolyLine>
								</PathFigure>
							</Path>
						</Clip>
					</Canvas>
					<Canvas>
						<Clip>
							<Path FillMode="Alternate">
								<PathFigure IsClosed="True">
									<PolyLine LineColor="#FF000000">
										<Point X="28.5" Y="28.5" />
										<Point X="566.25" Y="28.5" />
									</PolyLine>
									<PolyLine LineColor="#FF000000">
										<Point X="566.25" Y="28.5" />
										<Point X="566.25" Y="813.3404" />
									</PolyLine>
									<PolyLine LineColor="#FF000000">
										<Point X="566.25" Y="813.3404" />
										<Point X="28.5" Y="813.3404" />
									</PolyLine>
									<PolyLine LineColor="#FF000000">
										<Point X="28.5" Y="813.3404" />
										<Point X="28.5" Y="28.5" />
									</PolyLine>
								</PathFigure>
							</Path>
						</Clip>
						<Canvas>
							<Clip>
								<Path FillMode="Winding">
									<PathFigure IsClosed="False">
										<PolyLine LineColor="#FF000000">
											<Point X="250.5233" Y="774.5461" />
											<Point X="251.12013" Y="773.9492" />
										</PolyLine>
										<PolyLine LineColor="#FF000000">
											<Point X="251.12013" Y="773.9492" />
											<Point X="286.3335" Y="773.9492" />
										</PolyLine>
										<PolyLine LineColor="#FF000000">
											<Point X="286.3335" Y="773.9492" />
											<Point X="286.3335" Y="774.5461" />
										</PolyLine>
									</PathFigure>
								</Path>
							</Clip>
							<Path FillMode="Winding" RenderTransform="1 0 0 -1 0 842">
								<Brush>
									<SolidBrush Color="#FF706E74" />
								</Brush>
								<PathFigure IsClosed="True">
									<PolyLine LineColor="#FF000000">
										<Point X="250.52328" Y="68.05078" />
										<Point X="251.12013" Y="68.05078" />
									</PolyLine>
									<PolyLine LineColor="#FF000000">
										<Point X="251.12013" Y="68.05078" />
										<Point X="251.12013" Y="67.45386" />
									</PolyLine>
									<PolyLine LineColor="#FF000000">
										<Point X="251.12013" Y="67.45386" />
										<Point X="250.52328" Y="67.45386" />
									</PolyLine>
								</PathFigure>
							</Path>
							<Path FillMode="Winding" RenderTransform="1 0 0 -1 0 842">
								<Brush>
									<SolidBrush Color="#FF706E74" />
								</Brush>
								<PathFigure IsClosed="True">
									<PolyLine LineColor="#FF000000">
										<Point X="285.73666" Y="68.05078" />
										<Point X="286.3335" Y="68.05078" />
									</PolyLine>
									<PolyLine LineColor="#FF000000">
										<Point X="286.3335" Y="68.05078" />
										<Point X="286.3335" Y="67.45386" />
									</PolyLine>
									<PolyLine LineColor="#FF000000">
										<Point X="286.3335" Y="67.45386" />
										<Point X="285.73666" Y="67.45386" />
									</PolyLine>
								</PathFigure>
							</Path>
							<Path FillMode="Alternate" RenderTransform="1 0 0 -1 0 842">
								<Pen Alignment="Center" DashCap="Flat" DashOffset="0" DashPattern="0.5968368 0.5968368" DashStyle="Custom" EndCap="Flat" LineJoin="Miter" MiterLimit="10" StartCap="Flat" Width="0.5968368">
									<Brush>
										<SolidBrush Color="#FF706E74" />
									</Brush>
								</Pen>
								<PathFigure IsClosed="False">
									<PolyLine LineColor="#FF000000">
										<Point X="251.12013" Y="67.7522" />
										<Point X="285.73666" Y="67.7522" />
									</PolyLine>
								</PathFigure>
							</Path>
						</Canvas>
					</Canvas>
					<Canvas>
						<Clip>
							<Path FillMode="Alternate">
								<PathFigure IsClosed="True">
									<PolyLine LineColor="#FF000000">
										<Point X="28.5" Y="28.5" />
										<Point X="566.25" Y="28.5" />
									</PolyLine>
									<PolyLine LineColor="#FF000000">
										<Point X="566.25" Y="28.5" />
										<Point X="566.25" Y="813.3404" />
									</PolyLine>
									<PolyLine LineColor="#FF000000">
										<Point X="566.25" Y="813.3404" />
										<Point X="28.5" Y="813.3404" />
									</PolyLine>
									<PolyLine LineColor="#FF000000">
										<Point X="28.5" Y="813.3404" />
										<Point X="28.5" Y="28.5" />
									</PolyLine>
								</PathFigure>
							</Path>
						</Clip>
						<Path FillMode="Winding" RenderTransform="1 0 0 -1 0 842">
							<Brush>
								<SolidBrush Color="#FF939598" />
							</Brush>
							<PathFigure IsClosed="True">
								<PolyLine LineColor="#FF000000">
									<Point X="250.5233" Y="79.390686" />
									<Point X="250.5233" Y="67.45392" />
								</PolyLine>
								<PolyLine LineColor="#FF000000">
									<Point X="250.5233" Y="67.45392" />
									<Point X="251.12013" Y="68.05078" />
								</PolyLine>
								<PolyLine LineColor="#FF000000">
									<Point X="251.12013" Y="68.05078" />
									<Point X="251.12013" Y="79.390686" />
								</PolyLine>
								<PolyLine LineColor="#FF000000">
									<Point X="251.12013" Y="79.390686" />
									<Point X="250.5233" Y="79.390686" />
								</PolyLine>
							</PathFigure>
						</Path>
					</Canvas>
					<Canvas>
						<Clip>
							<Path FillMode="Alternate">
								<PathFigure IsClosed="True">
									<PolyLine LineColor="#FF000000">
										<Point X="28.5" Y="28.5" />
										<Point X="566.25" Y="28.5" />
									</PolyLine>
									<PolyLine LineColor="#FF000000">
										<Point X="566.25" Y="28.5" />
										<Point X="566.25" Y="813.3404" />
									</PolyLine>
									<PolyLine LineColor="#FF000000">
										<Point X="566.25" Y="813.3404" />
										<Point X="28.5" Y="813.3404" />
									</PolyLine>
									<PolyLine LineColor="#FF000000">
										<Point X="28.5" Y="813.3404" />
										<Point X="28.5" Y="28.5" />
									</PolyLine>
								</PathFigure>
							</Path>
						</Clip>
						<Canvas>
							<Clip>
								<Path FillMode="Winding">
									<PathFigure IsClosed="False">
										<PolyLine LineColor="#FF000000">
											<Point X="52.373474" Y="787.67645" />
											<Point X="52.373474" Y="787.0796" />
										</PolyLine>
										<PolyLine LineColor="#FF000000">
											<Point X="52.373474" Y="787.0796" />
											<Point X="249.32964" Y="787.0796" />
										</PolyLine>
										<PolyLine LineColor="#FF000000">
											<Point X="249.32964" Y="787.0796" />
											<Point X="249.32964" Y="787.67645" />
										</PolyLine>
									</PathFigure>
								</Path>
							</Clip>
							<Path FillMode="Winding" RenderTransform="1 0 0 -1 0 842">
								<Brush>
									<SolidBrush Color="#FF706E74" />
								</Brush>
								<PathFigure IsClosed="True">
									<PolyLine LineColor="#FF000000">
										<Point X="52.373474" Y="54.920166" />
										<Point X="52.970306" Y="54.920166" />
									</PolyLine>
									<PolyLine LineColor="#FF000000">
										<Point X="52.970306" Y="54.920166" />
										<Point X="52.970306" Y="54.323486" />
									</PolyLine>
									<PolyLine LineColor="#FF000000">
										<Point X="52.970306" Y="54.323486" />
										<Point X="52.373474" Y="54.323486" />
									</PolyLine>
								</PathFigure>
							</Path>
							<Path FillMode="Winding" RenderTransform="1 0 0 -1 0 842">
								<Brush>
									<SolidBrush Color="#FF706E74" />
								</Brush>
								<PathFigure IsClosed="True">
									<PolyLine LineColor="#FF000000">
										<Point X="248.73279" Y="54.920166" />
										<Point X="249.32962" Y="54.920166" />
									</PolyLine>
									<PolyLine LineColor="#FF000000">
										<Point X="249.32962" Y="54.920166" />
										<Point X="249.32962" Y="54.323486" />
									</PolyLine>
									<PolyLine LineColor="#FF000000">
										<Point X="249.32962" Y="54.323486" />
										<Point X="248.73279" Y="54.323486" />
									</PolyLine>
								</PathFigure>
							</Path>
							<Path FillMode="Alternate" RenderTransform="1 0 0 -1 0 842">
								<Pen Alignment="Center" DashCap="Flat" DashOffset="0" DashPattern="0.5968368 0.5968368" DashStyle="Custom" EndCap="Flat" LineJoin="Miter" MiterLimit="10" StartCap="Flat" Width="0.5968368">
									<Brush>
										<SolidBrush Color="#FF706E74" />
									</Brush>
								</Pen>
								<PathFigure IsClosed="False">
									<PolyLine LineColor="#FF000000">
										<Point X="52.970306" Y="54.621826" />
										<Point X="248.73279" Y="54.621826" />
									</PolyLine>
								</PathFigure>
							</Path>
						</Canvas>
					</Canvas>
					<Canvas>
						<Clip>
							<Path FillMode="Alternate">
								<PathFigure IsClosed="True">
									<PolyLine LineColor="#FF000000">
										<Point X="28.5" Y="28.5" />
										<Point X="566.25" Y="28.5" />
									</PolyLine>
									<PolyLine LineColor="#FF000000">
										<Point X="566.25" Y="28.5" />
										<Point X="566.25" Y="813.3404" />
									</PolyLine>
									<PolyLine LineColor="#FF000000">
										<Point X="566.25" Y="813.3404" />
										<Point X="28.5" Y="813.3404" />
									</PolyLine>
									<PolyLine LineColor="#FF000000">
										<Point X="28.5" Y="813.3404" />
										<Point X="28.5" Y="28.5" />
									</PolyLine>
								</PathFigure>
							</Path>
						</Clip>
					</Canvas>
					<Canvas>
						<Clip>
							<Path FillMode="Alternate">
								<PathFigure IsClosed="True">
									<PolyLine LineColor="#FF000000">
										<Point X="28.5" Y="28.5" />
										<Point X="566.25" Y="28.5" />
									</PolyLine>
									<PolyLine LineColor="#FF000000">
										<Point X="566.25" Y="28.5" />
										<Point X="566.25" Y="813.3404" />
									</PolyLine>
									<PolyLine LineColor="#FF000000">
										<Point X="566.25" Y="813.3404" />
										<Point X="28.5" Y="813.3404" />
									</PolyLine>
									<PolyLine LineColor="#FF000000">
										<Point X="28.5" Y="813.3404" />
										<Point X="28.5" Y="28.5" />
									</PolyLine>
								</PathFigure>
							</Path>
						</Clip>
						<Canvas>
							<Clip>
								<Path FillMode="Winding">
									<PathFigure IsClosed="False">
										<PolyLine LineColor="#FF000000">
											<Point X="250.5233" Y="787.67645" />
											<Point X="251.12013" Y="787.0796" />
										</PolyLine>
										<PolyLine LineColor="#FF000000">
											<Point X="251.12013" Y="787.0796" />
											<Point X="286.3335" Y="787.0796" />
										</PolyLine>
										<PolyLine LineColor="#FF000000">
											<Point X="286.3335" Y="787.0796" />
											<Point X="286.3335" Y="787.67645" />
										</PolyLine>
									</PathFigure>
								</Path>
							</Clip>
							<Path FillMode="Winding" RenderTransform="1 0 0 -1 0 842">
								<Brush>
									<SolidBrush Color="#FF706E74" />
								</Brush>
								<PathFigure IsClosed="True">
									<PolyLine LineColor="#FF000000">
										<Point X="250.52328" Y="54.920166" />
										<Point X="251.12013" Y="54.920166" />
									</PolyLine>
									<PolyLine LineColor="#FF000000">
										<Point X="251.12013" Y="54.920166" />
										<Point X="251.12013" Y="54.323486" />
									</PolyLine>
									<PolyLine LineColor="#FF000000">
										<Point X="251.12013" Y="54.323486" />
										<Point X="250.52328" Y="54.323486" />
									</PolyLine>
								</PathFigure>
							</Path>
							<Path FillMode="Winding" RenderTransform="1 0 0 -1 0 842">
								<Brush>
									<SolidBrush Color="#FF706E74" />
								</Brush>
								<PathFigure IsClosed="True">
									<PolyLine LineColor="#FF000000">
										<Point X="285.73666" Y="54.920166" />
										<Point X="286.3335" Y="54.920166" />
									</PolyLine>
									<PolyLine LineColor="#FF000000">
										<Point X="286.3335" Y="54.920166" />
										<Point X="286.3335" Y="54.323486" />
									</PolyLine>
									<PolyLine LineColor="#FF000000">
										<Point X="286.3335" Y="54.323486" />
										<Point X="285.73666" Y="54.323486" />
									</PolyLine>
								</PathFigure>
							</Path>
							<Path FillMode="Alternate" RenderTransform="1 0 0 -1 0 842">
								<Pen Alignment="Center" DashCap="Flat" DashOffset="0" DashPattern="0.5968368 0.5968368" DashStyle="Custom" EndCap="Flat" LineJoin="Miter" MiterLimit="10" StartCap="Flat" Width="0.5968368">
									<Brush>
										<SolidBrush Color="#FF706E74" />
									</Brush>
								</Pen>
								<PathFigure IsClosed="False">
									<PolyLine LineColor="#FF000000">
										<Point X="251.12013" Y="54.621826" />
										<Point X="285.73666" Y="54.621826" />
									</PolyLine>
								</PathFigure>
							</Path>
						</Canvas>
					</Canvas>
					<Canvas>
						<Clip>
							<Path FillMode="Alternate">
								<PathFigure IsClosed="True">
									<PolyLine LineColor="#FF000000">
										<Point X="28.5" Y="28.5" />
										<Point X="566.25" Y="28.5" />
									</PolyLine>
									<PolyLine LineColor="#FF000000">
										<Point X="566.25" Y="28.5" />
										<Point X="566.25" Y="813.3404" />
									</PolyLine>
									<PolyLine LineColor="#FF000000">
										<Point X="566.25" Y="813.3404" />
										<Point X="28.5" Y="813.3404" />
									</PolyLine>
									<PolyLine LineColor="#FF000000">
										<Point X="28.5" Y="813.3404" />
										<Point X="28.5" Y="28.5" />
									</PolyLine>
								</PathFigure>
							</Path>
						</Clip>
						<Path FillMode="Winding" RenderTransform="1 0 0 -1 0 842">
							<Brush>
								<SolidBrush Color="#FF939598" />
							</Brush>
							<PathFigure IsClosed="True">
								<PolyLine LineColor="#FF000000">
									<Point X="250.5233" Y="66.260254" />
									<Point X="250.5233" Y="54.323547" />
								</PolyLine>
								<PolyLine LineColor="#FF000000">
									<Point X="250.5233" Y="54.323547" />
									<Point X="251.12013" Y="54.92041" />
								</PolyLine>
								<PolyLine LineColor="#FF000000">
									<Point X="251.12013" Y="54.92041" />
									<Point X="251.12013" Y="66.260254" />
								</PolyLine>
								<PolyLine LineColor="#FF000000">
									<Point X="251.12013" Y="66.260254" />
									<Point X="250.5233" Y="66.260254" />
								</PolyLine>
							</PathFigure>
						</Path>
					</Canvas>
					<Canvas>
						<Clip>
							<Path FillMode="Alternate">
								<PathFigure IsClosed="True">
									<PolyLine LineColor="#FF000000">
										<Point X="28.5" Y="28.5" />
										<Point X="566.25" Y="28.5" />
									</PolyLine>
									<PolyLine LineColor="#FF000000">
										<Point X="566.25" Y="28.5" />
										<Point X="566.25" Y="813.3404" />
									</PolyLine>
									<PolyLine LineColor="#FF000000">
										<Point X="566.25" Y="813.3404" />
										<Point X="28.5" Y="813.3404" />
									</PolyLine>
									<PolyLine LineColor="#FF000000">
										<Point X="28.5" Y="813.3404" />
										<Point X="28.5" Y="28.5" />
									</PolyLine>
								</PathFigure>
							</Path>
						</Clip>
						<Canvas>
							<Clip>
								<Path FillMode="Winding">
									<PathFigure IsClosed="False">
										<PolyLine LineColor="#FF000000">
											<Point X="52.373474" Y="800.8068" />
											<Point X="52.373474" Y="800.20996" />
										</PolyLine>
										<PolyLine LineColor="#FF000000">
											<Point X="52.373474" Y="800.20996" />
											<Point X="249.32964" Y="800.20996" />
										</PolyLine>
										<PolyLine LineColor="#FF000000">
											<Point X="249.32964" Y="800.20996" />
											<Point X="249.32964" Y="800.8068" />
										</PolyLine>
									</PathFigure>
								</Path>
							</Clip>
							<Path FillMode="Winding" RenderTransform="1 0 0 -1 0 842">
								<Brush>
									<SolidBrush Color="#FF706E74" />
								</Brush>
								<PathFigure IsClosed="True">
									<PolyLine LineColor="#FF000000">
										<Point X="52.373474" Y="41.789795" />
										<Point X="52.970306" Y="41.789795" />
									</PolyLine>
									<PolyLine LineColor="#FF000000">
										<Point X="52.970306" Y="41.789795" />
										<Point X="52.970306" Y="41.193115" />
									</PolyLine>
									<PolyLine LineColor="#FF000000">
										<Point X="52.970306" Y="41.193115" />
										<Point X="52.373474" Y="41.193115" />
									</PolyLine>
								</PathFigure>
							</Path>
							<Path FillMode="Winding" RenderTransform="1 0 0 -1 0 842">
								<Brush>
									<SolidBrush Color="#FF706E74" />
								</Brush>
								<PathFigure IsClosed="True">
									<PolyLine LineColor="#FF000000">
										<Point X="248.73279" Y="41.789795" />
										<Point X="249.32962" Y="41.789795" />
									</PolyLine>
									<PolyLine LineColor="#FF000000">
										<Point X="249.32962" Y="41.789795" />
										<Point X="249.32962" Y="41.193115" />
									</PolyLine>
									<PolyLine LineColor="#FF000000">
										<Point X="249.32962" Y="41.193115" />
										<Point X="248.73279" Y="41.193115" />
									</PolyLine>
								</PathFigure>
							</Path>
							<Path FillMode="Alternate" RenderTransform="1 0 0 -1 0 842">
								<Pen Alignment="Center" DashCap="Flat" DashOffset="0" DashPattern="0.5968368 0.5968368" DashStyle="Custom" EndCap="Flat" LineJoin="Miter" MiterLimit="10" StartCap="Flat" Width="0.5968368">
									<Brush>
										<SolidBrush Color="#FF706E74" />
									</Brush>
								</Pen>
								<PathFigure IsClosed="False">
									<PolyLine LineColor="#FF000000">
										<Point X="52.970306" Y="41.491455" />
										<Point X="248.73279" Y="41.491455" />
									</PolyLine>
								</PathFigure>
							</Path>
						</Canvas>
					</Canvas>
					<Canvas>
						<Clip>
							<Path FillMode="Alternate">
								<PathFigure IsClosed="True">
									<PolyLine LineColor="#FF000000">
										<Point X="28.5" Y="28.5" />
										<Point X="566.25" Y="28.5" />
									</PolyLine>
									<PolyLine LineColor="#FF000000">
										<Point X="566.25" Y="28.5" />
										<Point X="566.25" Y="813.3404" />
									</PolyLine>
									<PolyLine LineColor="#FF000000">
										<Point X="566.25" Y="813.3404" />
										<Point X="28.5" Y="813.3404" />
									</PolyLine>
									<PolyLine LineColor="#FF000000">
										<Point X="28.5" Y="813.3404" />
										<Point X="28.5" Y="28.5" />
									</PolyLine>
								</PathFigure>
							</Path>
						</Clip>
					</Canvas>
					<Canvas>
						<Clip>
							<Path FillMode="Alternate">
								<PathFigure IsClosed="True">
									<PolyLine LineColor="#FF000000">
										<Point X="28.5" Y="28.5" />
										<Point X="566.25" Y="28.5" />
									</PolyLine>
									<PolyLine LineColor="#FF000000">
										<Point X="566.25" Y="28.5" />
										<Point X="566.25" Y="813.3404" />
									</PolyLine>
									<PolyLine LineColor="#FF000000">
										<Point X="566.25" Y="813.3404" />
										<Point X="28.5" Y="813.3404" />
									</PolyLine>
									<PolyLine LineColor="#FF000000">
										<Point X="28.5" Y="813.3404" />
										<Point X="28.5" Y="28.5" />
									</PolyLine>
								</PathFigure>
							</Path>
						</Clip>
						<Canvas>
							<Clip>
								<Path FillMode="Winding">
									<PathFigure IsClosed="False">
										<PolyLine LineColor="#FF000000">
											<Point X="250.5233" Y="800.8068" />
											<Point X="251.12013" Y="800.20996" />
										</PolyLine>
										<PolyLine LineColor="#FF000000">
											<Point X="251.12013" Y="800.20996" />
											<Point X="286.3335" Y="800.20996" />
										</PolyLine>
										<PolyLine LineColor="#FF000000">
											<Point X="286.3335" Y="800.20996" />
											<Point X="286.3335" Y="800.8068" />
										</PolyLine>
									</PathFigure>
								</Path>
							</Clip>
							<Path FillMode="Winding" RenderTransform="1 0 0 -1 0 842">
								<Brush>
									<SolidBrush Color="#FF706E74" />
								</Brush>
								<PathFigure IsClosed="True">
									<PolyLine LineColor="#FF000000">
										<Point X="250.52328" Y="41.789795" />
										<Point X="251.12013" Y="41.789795" />
									</PolyLine>
									<PolyLine LineColor="#FF000000">
										<Point X="251.12013" Y="41.789795" />
										<Point X="251.12013" Y="41.193115" />
									</PolyLine>
									<PolyLine LineColor="#FF000000">
										<Point X="251.12013" Y="41.193115" />
										<Point X="250.52328" Y="41.193115" />
									</PolyLine>
								</PathFigure>
							</Path>
							<Path FillMode="Winding" RenderTransform="1 0 0 -1 0 842">
								<Brush>
									<SolidBrush Color="#FF706E74" />
								</Brush>
								<PathFigure IsClosed="True">
									<PolyLine LineColor="#FF000000">
										<Point X="285.73666" Y="41.789795" />
										<Point X="286.3335" Y="41.789795" />
									</PolyLine>
									<PolyLine LineColor="#FF000000">
										<Point X="286.3335" Y="41.789795" />
										<Point X="286.3335" Y="41.193115" />
									</PolyLine>
									<PolyLine LineColor="#FF000000">
										<Point X="286.3335" Y="41.193115" />
										<Point X="285.73666" Y="41.193115" />
									</PolyLine>
								</PathFigure>
							</Path>
							<Path FillMode="Alternate" RenderTransform="1 0 0 -1 0 842">
								<Pen Alignment="Center" DashCap="Flat" DashOffset="0" DashPattern="0.5968368 0.5968368" DashStyle="Custom" EndCap="Flat" LineJoin="Miter" MiterLimit="10" StartCap="Flat" Width="0.5968368">
									<Brush>
										<SolidBrush Color="#FF706E74" />
									</Brush>
								</Pen>
								<PathFigure IsClosed="False">
									<PolyLine LineColor="#FF000000">
										<Point X="251.12013" Y="41.491455" />
										<Point X="285.73666" Y="41.491455" />
									</PolyLine>
								</PathFigure>
							</Path>
						</Canvas>
					</Canvas>
					<Canvas>
						<Clip>
							<Path FillMode="Alternate">
								<PathFigure IsClosed="True">
									<PolyLine LineColor="#FF000000">
										<Point X="28.5" Y="28.5" />
										<Point X="566.25" Y="28.5" />
									</PolyLine>
									<PolyLine LineColor="#FF000000">
										<Point X="566.25" Y="28.5" />
										<Point X="566.25" Y="813.3404" />
									</PolyLine>
									<PolyLine LineColor="#FF000000">
										<Point X="566.25" Y="813.3404" />
										<Point X="28.5" Y="813.3404" />
									</PolyLine>
									<PolyLine LineColor="#FF000000">
										<Point X="28.5" Y="813.3404" />
										<Point X="28.5" Y="28.5" />
									</PolyLine>
								</PathFigure>
							</Path>
						</Clip>
						<Path FillMode="Winding" RenderTransform="1 0 0 -1 0 842">
							<Brush>
								<SolidBrush Color="#FF939598" />
							</Brush>
							<PathFigure IsClosed="True">
								<PolyLine LineColor="#FF000000">
									<Point X="250.5233" Y="53.129883" />
									<Point X="250.5233" Y="41.193176" />
								</PolyLine>
								<PolyLine LineColor="#FF000000">
									<Point X="250.5233" Y="41.193176" />
									<Point X="251.12013" Y="41.79004" />
								</PolyLine>
								<PolyLine LineColor="#FF000000">
									<Point X="251.12013" Y="41.79004" />
									<Point X="251.12013" Y="53.129883" />
								</PolyLine>
								<PolyLine LineColor="#FF000000">
									<Point X="251.12013" Y="53.129883" />
									<Point X="250.5233" Y="53.129883" />
								</PolyLine>
							</PathFigure>
						</Path>
						<Glyphs OutlineWidth="0.5" CharSpace="0" RenderTransform="0.5968368 0 -0 0.5968368 58.938675 741.1233">
							<Font SizePoints="16" Style="Bold" FamilyName="HPDHEV+BlissPro-Bold" Capitals="Normal" ResourceId="3" />
							<Origin X="0" Y="0" />
							<Text>Н</Text>
							<Size Width="11.392" Height="9.328125" />
							<Brush>
								<SolidBrush Color="#FFFFFFFF" />
							</Brush>
							<Tag>convertedFont</Tag>
						</Glyphs>
						<Glyphs OutlineWidth="0.5" CharSpace="0" RenderTransform="0.5968368 0 -0 0.5968368 65.79298 741.1233">
							<Font SizePoints="16" Style="Bold" FamilyName="HPDHEV+BlissPro-Bold" Capitals="Normal" ResourceId="3" />
							<Origin X="0" Y="0" />
							<Text>А</Text>
							<Size Width="10.064" Height="9.328125" />
							<Brush>
								<SolidBrush Color="#FFFFFFFF" />
							</Brush>
							<Tag>convertedFont</Tag>
						</Glyphs>
						<Glyphs OutlineWidth="0.5" CharSpace="0" RenderTransform="0.5968368 0 -0 0.5968368 71.845276 741.1233">
							<Font SizePoints="16" Style="Bold" FamilyName="HPDHEV+BlissPro-Bold" Capitals="Normal" ResourceId="3" />
							<Origin X="0" Y="0" />
							<Text>Г</Text>
							<Size Width="7.264" Height="9.328125" />
							<Brush>
								<SolidBrush Color="#FFFFFFFF" />
							</Brush>
							<Tag>convertedFont</Tag>
						</Glyphs>
						<Glyphs OutlineWidth="0.5" CharSpace="0" RenderTransform="0.5968368 0 -0 0.5968368 76.20964 741.1233">
							<Font SizePoints="16" Style="Bold" FamilyName="HPDHEV+BlissPro-Bold" Capitals="Normal" ResourceId="3" />
							<Origin X="0" Y="0" />
							<Text>Р</Text>
							<Size Width="8.624" Height="9.328125" />
							<Brush>
								<SolidBrush Color="#FFFFFFFF" />
							</Brush>
							<Tag>convertedFont</Tag>
						</Glyphs>
						<Glyphs OutlineWidth="0.5" CharSpace="0" RenderTransform="0.5968368 0 -0 0.5968368 81.39466 741.1233">
							<Font SizePoints="16" Style="Bold" FamilyName="HPDHEV+BlissPro-Bold" Capitals="Normal" ResourceId="3" />
							<Origin X="0" Y="0" />
							<Text>Е</Text>
							<Size Width="8.016" Height="9.328125" />
							<Brush>
								<SolidBrush Color="#FFFFFFFF" />
							</Brush>
							<Tag>convertedFont</Tag>
						</Glyphs>
						<Glyphs OutlineWidth="0.5" CharSpace="0" RenderTransform="0.5968368 0 -0 0.5968368 86.21599 741.1233">
							<Font SizePoints="16" Style="Bold" FamilyName="HPDHEV+BlissPro-Bold" Capitals="Normal" ResourceId="3" />
							<Origin X="0" Y="0" />
							<Text>В</Text>
							<Size Width="9.024" Height="9.328125" />
							<Brush>
								<SolidBrush Color="#FFFFFFFF" />
							</Brush>
							<Tag>convertedFont</Tag>
						</Glyphs>
						<Glyphs OutlineWidth="0.5" CharSpace="0" RenderTransform="0.5968368 0 -0 0.5968368 91.64347 741.1233">
							<Font SizePoints="16" Style="Bold" FamilyName="HPDHEV+BlissPro-Bold" Capitals="Normal" ResourceId="3" />
							<Origin X="0" Y="0" />
							<Text>А</Text>
							<Size Width="10.064" Height="9.328125" />
							<Brush>
								<SolidBrush Color="#FFFFFFFF" />
							</Brush>
							<Tag>convertedFont</Tag>
						</Glyphs>
						<Glyphs OutlineWidth="0.5" CharSpace="0" RenderTransform="0.5968368 0 -0 0.5968368 97.69577 741.1233">
							<Font SizePoints="16" Style="Bold" FamilyName="HPDHEV+BlissPro-Bold" Capitals="Normal" ResourceId="3" />
							<Origin X="0" Y="0" />
							<Text>Т</Text>
							<Size Width="8.56" Height="9.328125" />
							<Brush>
								<SolidBrush Color="#FFFFFFFF" />
							</Brush>
							<Tag>convertedFont</Tag>
						</Glyphs>
						<Glyphs OutlineWidth="0.5" CharSpace="0" RenderTransform="0.5968368 0 -0 0.5968368 102.83416 741.1233">
							<Font SizePoints="16" Style="Bold" FamilyName="HPDHEV+BlissPro-Bold" Capitals="Normal" ResourceId="3" />
							<Origin X="0" Y="0" />
							<Text>Е</Text>
							<Size Width="8.016" Height="9.328125" />
							<Brush>
								<SolidBrush Color="#FFFFFFFF" />
							</Brush>
							<Tag>convertedFont</Tag>
						</Glyphs>
						<Glyphs OutlineWidth="0.5" CharSpace="0" RenderTransform="0.5968368 0 -0 0.5968368 107.65548 741.1233">
							<Font SizePoints="16" Style="Bold" FamilyName="HPDHEV+BlissPro-Bold" Capitals="Normal" ResourceId="3" />
							<Origin X="0" Y="0" />
							<Text>Л</Text>
							<Size Width="10.368" Height="9.328125" />
							<Brush>
								<SolidBrush Color="#FFFFFFFF" />
							</Brush>
							<Tag>convertedFont</Tag>
						</Glyphs>
						<Glyphs OutlineWidth="0.5" CharSpace="0" RenderTransform="0.5968368 0 -0 0.5968368 113.884964 741.1233">
							<Font SizePoints="16" Style="Bold" FamilyName="HPDHEV+BlissPro-Bold" Capitals="Normal" ResourceId="3" />
							<Origin X="0" Y="0" />
							<Text>Ь</Text>
							<Size Width="9.024" Height="9.328125" />
							<Brush>
								<SolidBrush Color="#FFFFFFFF" />
							</Brush>
							<Tag>convertedFont</Tag>
						</Glyphs>
						<Glyphs OutlineWidth="0.5" CharSpace="0" RenderTransform="0.5968368 0 -0 0.5968368 119.31245 741.1233">
							<Font SizePoints="16" Style="Bold" FamilyName="HPDHEV+BlissPro-Bold" Capitals="Normal" ResourceId="3" />
							<Origin X="0" Y="0" />
							<Text> </Text>
							<Size Width="3.424" Height="9.328125" />
							<Brush>
								<SolidBrush Color="#FFFFFFFF" />
							</Brush>
							<Tag>convertedFont</Tag>
						</Glyphs>
						<Glyphs OutlineWidth="0.5" CharSpace="0" RenderTransform="0.5968368 0 -0 0.5968368 121.373405 741.1233">
							<Font SizePoints="16" Style="Bold" FamilyName="HPDHEV+BlissPro-Bold" Capitals="Normal" ResourceId="3" />
							<Origin X="0" Y="0" />
							<Text>1</Text>
							<Size Width="7.056" Height="9.328125" />
							<Brush>
								<SolidBrush Color="#FFFFFFFF" />
							</Brush>
							<Tag>convertedFont</Tag>
						</Glyphs>
						<Glyphs OutlineWidth="0.5" CharSpace="0" RenderTransform="0.5968368 0 -0 0.5968368 57.148167 757.8347">
							<Font SizePoints="14" Style="Regular" FamilyName="CSMVMI+BlissPro" Capitals="Normal" ResourceId="2" />
							<Origin X="0" Y="0" />
							<Text>О</Text>
							<Size Width="10.57" Height="8.162108" />
							<Brush>
								<SolidBrush Color="#FF000000" />
							</Brush>
							<Tag>convertedFont</Tag>
						</Glyphs>
						<Glyphs OutlineWidth="0.5" CharSpace="0" RenderTransform="0.5968368 0 -0 0.5968368 63.498882 757.8347">
							<Font SizePoints="14" Style="Regular" FamilyName="CSMVMI+BlissPro" Capitals="Normal" ResourceId="2" />
							<Origin X="0" Y="0" />
							<Text>б</Text>
							<Size Width="7.14" Height="8.162108" />
							<Brush>
								<SolidBrush Color="#FF000000" />
							</Brush>
							<Tag>convertedFont</Tag>
						</Glyphs>
						<Glyphs OutlineWidth="0.5" CharSpace="0" RenderTransform="0.5968368 0 -0 0.5968368 67.78865 757.8347">
							<Font SizePoints="14" Style="Regular" FamilyName="CSMVMI+BlissPro" Capitals="Normal" ResourceId="2" />
							<Origin X="0" Y="0" />
							<Text>о</Text>
							<Size Width="7.364" Height="8.162108" />
							<Brush>
								<SolidBrush Color="#FF000000" />
							</Brush>
							<Tag>convertedFont</Tag>
						</Glyphs>
						<Glyphs OutlineWidth="0.5" CharSpace="0" RenderTransform="0.5968368 0 -0 0.5968368 72.20897 757.8347">
							<Font SizePoints="14" Style="Regular" FamilyName="CSMVMI+BlissPro" Capitals="Normal" ResourceId="2" />
							<Origin X="0" Y="0" />
							<Text>з</Text>
							<Size Width="5.894" Height="8.162108" />
							<Brush>
								<SolidBrush Color="#FF000000" />
							</Brush>
							<Tag>convertedFont</Tag>
						</Glyphs>
						<Glyphs OutlineWidth="0.5" CharSpace="0" RenderTransform="0.5968368 0 -0 0.5968368 75.752686 757.8347">
							<Font SizePoints="14" Style="Regular" FamilyName="CSMVMI+BlissPro" Capitals="Normal" ResourceId="2" />
							<Origin X="0" Y="0" />
							<Text>н</Text>
							<Size Width="7.266" Height="8.162108" />
							<Brush>
								<SolidBrush Color="#FF000000" />
							</Brush>
							<Tag>convertedFont</Tag>
						</Glyphs>
						<Glyphs OutlineWidth="0.5" CharSpace="0" RenderTransform="0.5968368 0 -0 0.5968368 80.11706 757.8347">
							<Font SizePoints="14" Style="Regular" FamilyName="CSMVMI+BlissPro" Capitals="Normal" ResourceId="2" />
							<Origin X="0" Y="0" />
							<Text>а</Text>
							<Size Width="6.608" Height="8.162108" />
							<Brush>
								<SolidBrush Color="#FF000000" />
							</Brush>
							<Tag>convertedFont</Tag>
						</Glyphs>
						<Glyphs OutlineWidth="0.5" CharSpace="0" RenderTransform="0.5968368 0 -0 0.5968368 84.08975 757.8347">
							<Font SizePoints="14" Style="Regular" FamilyName="CSMVMI+BlissPro" Capitals="Normal" ResourceId="2" />
							<Origin X="0" Y="0" />
							<Text>ч</Text>
							<Size Width="6.776" Height="8.162108" />
							<Brush>
								<SolidBrush Color="#FF000000" />
							</Brush>
							<Tag>convertedFont</Tag>
						</Glyphs>
						<Glyphs OutlineWidth="0.5" CharSpace="0" RenderTransform="0.5968368 0 -0 0.5968368 88.16502 757.8347">
							<Font SizePoints="14" Style="Regular" FamilyName="CSMVMI+BlissPro" Capitals="Normal" ResourceId="2" />
							<Origin X="0" Y="0" />
							<Text>е</Text>
							<Size Width="6.636" Height="8.162108" />
							<Brush>
								<SolidBrush Color="#FF000000" />
							</Brush>
							<Tag>convertedFont</Tag>
						</Glyphs>
						<Glyphs OutlineWidth="0.5" CharSpace="0" RenderTransform="0.5968368 0 -0 0.5968368 92.15637 757.8347">
							<Font SizePoints="14" Style="Regular" FamilyName="CSMVMI+BlissPro" Capitals="Normal" ResourceId="2" />
							<Origin X="0" Y="0" />
							<Text>н</Text>
							<Size Width="7.266" Height="8.162108" />
							<Brush>
								<SolidBrush Color="#FF000000" />
							</Brush>
							<Tag>convertedFont</Tag>
						</Glyphs>
						<Glyphs OutlineWidth="0.5" CharSpace="0" RenderTransform="0.5968368 0 -0 0.5968368 96.520744 757.8347">
							<Font SizePoints="14" Style="Regular" FamilyName="CSMVMI+BlissPro" Capitals="Normal" ResourceId="2" />
							<Origin X="0" Y="0" />
							<Text>и</Text>
							<Size Width="7.518" Height="8.162108" />
							<Brush>
								<SolidBrush Color="#FF000000" />
							</Brush>
							<Tag>convertedFont</Tag>
						</Glyphs>
						<Glyphs OutlineWidth="0.5" CharSpace="0" RenderTransform="0.5968368 0 -0 0.5968368 101.034325 757.8347">
							<Font SizePoints="14" Style="Regular" FamilyName="CSMVMI+BlissPro" Capitals="Normal" ResourceId="2" />
							<Origin X="0" Y="0" />
							<Text>е</Text>
							<Size Width="6.636" Height="8.162108" />
							<Brush>
								<SolidBrush Color="#FF000000" />
							</Brush>
							<Tag>convertedFont</Tag>
						</Glyphs>
						<Glyphs OutlineWidth="0.5" CharSpace="0" RenderTransform="0.5968368 0 -0 0.5968368 255.89482 757.8347">
							<Font SizePoints="14" Style="Regular" FamilyName="CSMVMI+BlissPro" Capitals="Normal" ResourceId="2" />
							<Origin X="0" Y="0" />
							<Text>E</Text>
							<Size Width="6.65" Height="8.162108" />
							<Brush>
								<SolidBrush Color="#FF000000" />
							</Brush>
							<Tag>convertedFont</Tag>
						</Glyphs>
						<Glyphs OutlineWidth="0.5" CharSpace="0" RenderTransform="0.5968368 0 -0 0.5968368 259.8955 757.8347">
							<Font SizePoints="14" Style="Regular" FamilyName="CSMVMI+BlissPro" Capitals="Normal" ResourceId="2" />
							<Origin X="0" Y="0" />
							<Text>A</Text>
							<Size Width="8.358" Height="8.162108" />
							<Brush>
								<SolidBrush Color="#FF000000" />
							</Brush>
							<Tag>convertedFont</Tag>
						</Glyphs>
						<Glyphs OutlineWidth="0.5" CharSpace="0" RenderTransform="0.5968368 0 -0 0.5968368 57.148167 770.9651">
							<Font SizePoints="14" Style="Regular" FamilyName="CSMVMI+BlissPro" Capitals="Normal" ResourceId="2" />
							<Origin X="0" Y="0" />
							<Text>М</Text>
							<Size Width="11.2" Height="8.162108" />
							<Brush>
								<SolidBrush Color="#FF000000" />
							</Brush>
							<Tag>convertedFont</Tag>
						</Glyphs>
						<Glyphs OutlineWidth="0.5" CharSpace="0" RenderTransform="0.5968368 0 -0 0.5968368 63.881233 770.9651">
							<Font SizePoints="14" Style="Regular" FamilyName="CSMVMI+BlissPro" Capitals="Normal" ResourceId="2" />
							<Origin X="0" Y="0" />
							<Text>о</Text>
							<Size Width="7.364" Height="8.162108" />
							<Brush>
								<SolidBrush Color="#FF000000" />
							</Brush>
							<Tag>convertedFont</Tag>
						</Glyphs>
						<Glyphs OutlineWidth="0.5" CharSpace="0" RenderTransform="0.5968368 0 -0 0.5968368 68.30156 770.9651">
							<Font SizePoints="14" Style="Regular" FamilyName="CSMVMI+BlissPro" Capitals="Normal" ResourceId="2" />
							<Origin X="0" Y="0" />
							<Text>щ</Text>
							<Size Width="10.094" Height="8.162108" />
							<Brush>
								<SolidBrush Color="#FF000000" />
							</Brush>
							<Tag>convertedFont</Tag>
						</Glyphs>
						<Glyphs OutlineWidth="0.5" CharSpace="0" RenderTransform="0.5968368 0 -0 0.5968368 74.372505 770.9651">
							<Font SizePoints="14" Style="Regular" FamilyName="CSMVMI+BlissPro" Capitals="Normal" ResourceId="2" />
							<Origin X="0" Y="0" />
							<Text>н</Text>
							<Size Width="7.266" Height="8.162108" />
							<Brush>
								<SolidBrush Color="#FF000000" />
							</Brush>
							<Tag>convertedFont</Tag>
						</Glyphs>
						<Glyphs OutlineWidth="0.5" CharSpace="0" RenderTransform="0.5968368 0 -0 0.5968368 78.73688 770.9651">
							<Font SizePoints="14" Style="Regular" FamilyName="CSMVMI+BlissPro" Capitals="Normal" ResourceId="2" />
							<Origin X="0" Y="0" />
							<Text>о</Text>
							<Size Width="7.364" Height="8.162108" />
							<Brush>
								<SolidBrush Color="#FF000000" />
							</Brush>
							<Tag>convertedFont</Tag>
						</Glyphs>
						<Glyphs OutlineWidth="0.5" CharSpace="0" RenderTransform="0.5968368 0 -0 0.5968368 83.157196 770.9651">
							<Font SizePoints="14" Style="Regular" FamilyName="CSMVMI+BlissPro" Capitals="Normal" ResourceId="2" />
							<Origin X="0" Y="0" />
							<Text>с</Text>
							<Size Width="6.076" Height="8.162108" />
							<Brush>
								<SolidBrush Color="#FF000000" />
							</Brush>
							<Tag>convertedFont</Tag>
						</Glyphs>
						<Glyphs OutlineWidth="0.5" CharSpace="0" RenderTransform="0.5968368 0 -0 0.5968368 86.8035 770.9651">
							<Font SizePoints="14" Style="Regular" FamilyName="CSMVMI+BlissPro" Capitals="Normal" ResourceId="2" />
							<Origin X="0" Y="0" />
							<Text>т</Text>
							<Size Width="6.174" Height="8.162108" />
							<Brush>
								<SolidBrush Color="#FF000000" />
							</Brush>
							<Tag>convertedFont</Tag>
						</Glyphs>
						<Glyphs OutlineWidth="0.5" CharSpace="0" RenderTransform="0.5968368 0 -0 0.5968368 90.515076 770.9651">
							<Font SizePoints="14" Style="Regular" FamilyName="CSMVMI+BlissPro" Capitals="Normal" ResourceId="2" />
							<Origin X="0" Y="0" />
							<Text>ь</Text>
							<Size Width="6.454" Height="8.162108" />
							<Brush>
								<SolidBrush Color="#FF000000" />
							</Brush>
							<Tag>convertedFont</Tag>
						</Glyphs>
						<Glyphs OutlineWidth="0.5" CharSpace="0" RenderTransform="0.5968368 0 -0 0.5968368 94.394516 770.9651">
							<Font SizePoints="14" Style="Regular" FamilyName="CSMVMI+BlissPro" Capitals="Normal" ResourceId="2" />
							<Origin X="0" Y="0" />
							<Text> </Text>
							<Size Width="3.094" Height="8.162108" />
							<Brush>
								<SolidBrush Color="#FF000000" />
							</Brush>
							<Tag>convertedFont</Tag>
						</Glyphs>
						<Glyphs OutlineWidth="0.5" CharSpace="0" RenderTransform="0.5968368 0 -0 0.5968368 96.250305 770.9651">
							<Font SizePoints="14" Style="Regular" FamilyName="CSMVMI+BlissPro" Capitals="Normal" ResourceId="2" />
							<Origin X="0" Y="0" />
							<Text>н</Text>
							<Size Width="7.266" Height="8.162108" />
							<Brush>
								<SolidBrush Color="#FF000000" />
							</Brush>
							<Tag>convertedFont</Tag>
						</Glyphs>
						<Glyphs OutlineWidth="0.5" CharSpace="0" RenderTransform="0.5968368 0 -0 0.5968368 100.61467 770.9651">
							<Font SizePoints="14" Style="Regular" FamilyName="CSMVMI+BlissPro" Capitals="Normal" ResourceId="2" />
							<Origin X="0" Y="0" />
							<Text>а</Text>
							<Size Width="6.608" Height="8.162108" />
							<Brush>
								<SolidBrush Color="#FF000000" />
							</Brush>
							<Tag>convertedFont</Tag>
						</Glyphs>
						<Glyphs OutlineWidth="0.5" CharSpace="0" RenderTransform="0.5968368 0 -0 0.5968368 104.587364 770.9651">
							<Font SizePoints="14" Style="Regular" FamilyName="CSMVMI+BlissPro" Capitals="Normal" ResourceId="2" />
							<Origin X="0" Y="0" />
							<Text>г</Text>
							<Size Width="5.544" Height="8.162108" />
							<Brush>
								<SolidBrush Color="#FF000000" />
							</Brush>
							<Tag>convertedFont</Tag>
						</Glyphs>
						<Glyphs OutlineWidth="0.5" CharSpace="0" RenderTransform="0.5968368 0 -0 0.5968368 107.916595 770.9651">
							<Font SizePoints="14" Style="Regular" FamilyName="CSMVMI+BlissPro" Capitals="Normal" ResourceId="2" />
							<Origin X="0" Y="0" />
							<Text>р</Text>
							<Size Width="7.14" Height="8.162108" />
							<Brush>
								<SolidBrush Color="#FF000000" />
							</Brush>
							<Tag>convertedFont</Tag>
						</Glyphs>
						<Glyphs OutlineWidth="0.5" CharSpace="0" RenderTransform="0.5968368 0 -0 0.5968368 112.20636 770.9651">
							<Font SizePoints="14" Style="Regular" FamilyName="CSMVMI+BlissPro" Capitals="Normal" ResourceId="2" />
							<Origin X="0" Y="0" />
							<Text>е</Text>
							<Size Width="6.636" Height="8.162108" />
							<Brush>
								<SolidBrush Color="#FF000000" />
							</Brush>
							<Tag>convertedFont</Tag>
						</Glyphs>
						<Glyphs OutlineWidth="0.5" CharSpace="0" RenderTransform="0.5968368 0 -0 0.5968368 116.19771 770.9651">
							<Font SizePoints="14" Style="Regular" FamilyName="CSMVMI+BlissPro" Capitals="Normal" ResourceId="2" />
							<Origin X="0" Y="0" />
							<Text>в</Text>
							<Size Width="6.538" Height="8.162108" />
							<Brush>
								<SolidBrush Color="#FF000000" />
							</Brush>
							<Tag>convertedFont</Tag>
						</Glyphs>
						<Glyphs OutlineWidth="0.5" CharSpace="0" RenderTransform="0.5968368 0 -0 0.5968368 120.1331 770.9651">
							<Font SizePoints="14" Style="Regular" FamilyName="CSMVMI+BlissPro" Capitals="Normal" ResourceId="2" />
							<Origin X="0" Y="0" />
							<Text>а</Text>
							<Size Width="6.608" Height="8.162108" />
							<Brush>
								<SolidBrush Color="#FF000000" />
							</Brush>
							<Tag>convertedFont</Tag>
						</Glyphs>
						<Glyphs OutlineWidth="0.5" CharSpace="0" RenderTransform="0.5968368 0 -0 0.5968368 124.1058 770.9651">
							<Font SizePoints="14" Style="Regular" FamilyName="CSMVMI+BlissPro" Capitals="Normal" ResourceId="2" />
							<Origin X="0" Y="0" />
							<Text> </Text>
							<Size Width="3.094" Height="8.162108" />
							<Brush>
								<SolidBrush Color="#FF000000" />
							</Brush>
							<Tag>convertedFont</Tag>
						</Glyphs>
						<Glyphs OutlineWidth="0.5" CharSpace="0" RenderTransform="0.5968368 0 -0 0.5968368 125.961586 770.9651">
							<Font SizePoints="14" Style="Regular" FamilyName="CSMVMI+BlissPro" Capitals="Normal" ResourceId="2" />
							<Origin X="0" Y="0" />
							<Text>п</Text>
							<Size Width="7.182" Height="8.162108" />
							<Brush>
								<SolidBrush Color="#FF000000" />
							</Brush>
							<Tag>convertedFont</Tag>
						</Glyphs>
						<Glyphs OutlineWidth="0.5" CharSpace="0" RenderTransform="0.5968368 0 -0 0.5968368 130.27933 770.9651">
							<Font SizePoints="14" Style="Regular" FamilyName="CSMVMI+BlissPro" Capitals="Normal" ResourceId="2" />
							<Origin X="0" Y="0" />
							<Text>о</Text>
							<Size Width="7.364" Height="8.162108" />
							<Brush>
								<SolidBrush Color="#FF000000" />
							</Brush>
							<Tag>convertedFont</Tag>
						</Glyphs>
						<Glyphs OutlineWidth="0.5" CharSpace="0" RenderTransform="0.5968368 0 -0 0.5968368 134.69965 770.9651">
							<Font SizePoints="14" Style="Regular" FamilyName="CSMVMI+BlissPro" Capitals="Normal" ResourceId="2" />
							<Origin X="0" Y="0" />
							<Text>т</Text>
							<Size Width="6.174" Height="8.162108" />
							<Brush>
								<SolidBrush Color="#FF000000" />
							</Brush>
							<Tag>convertedFont</Tag>
						</Glyphs>
						<Glyphs OutlineWidth="0.5" CharSpace="0" RenderTransform="0.5968368 0 -0 0.5968368 138.41122 770.9651">
							<Font SizePoints="14" Style="Regular" FamilyName="CSMVMI+BlissPro" Capitals="Normal" ResourceId="2" />
							<Origin X="0" Y="0" />
							<Text>р</Text>
							<Size Width="7.14" Height="8.162108" />
							<Brush>
								<SolidBrush Color="#FF000000" />
							</Brush>
							<Tag>convertedFont</Tag>
						</Glyphs>
						<Glyphs OutlineWidth="0.5" CharSpace="0" RenderTransform="0.5968368 0 -0 0.5968368 142.70099 770.9651">
							<Font SizePoints="14" Style="Regular" FamilyName="CSMVMI+BlissPro" Capitals="Normal" ResourceId="2" />
							<Origin X="0" Y="0" />
							<Text>е</Text>
							<Size Width="6.636" Height="8.162108" />
							<Brush>
								<SolidBrush Color="#FF000000" />
							</Brush>
							<Tag>convertedFont</Tag>
						</Glyphs>
						<Glyphs OutlineWidth="0.5" CharSpace="0" RenderTransform="0.5968368 0 -0 0.5968368 146.69234 770.9651">
							<Font SizePoints="14" Style="Regular" FamilyName="CSMVMI+BlissPro" Capitals="Normal" ResourceId="2" />
							<Origin X="0" Y="0" />
							<Text>б</Text>
							<Size Width="7.14" Height="8.162108" />
							<Brush>
								<SolidBrush Color="#FF000000" />
							</Brush>
							<Tag>convertedFont</Tag>
						</Glyphs>
						<Glyphs OutlineWidth="0.5" CharSpace="0" RenderTransform="0.5968368 0 -0 0.5968368 150.9821 770.9651">
							<Font SizePoints="14" Style="Regular" FamilyName="CSMVMI+BlissPro" Capitals="Normal" ResourceId="2" />
							<Origin X="0" Y="0" />
							<Text>л</Text>
							<Size Width="7.042" Height="8.162108" />
							<Brush>
								<SolidBrush Color="#FF000000" />
							</Brush>
							<Tag>convertedFont</Tag>
						</Glyphs>
						<Glyphs OutlineWidth="0.5" CharSpace="0" RenderTransform="0.5968368 0 -0 0.5968368 155.21591 770.9651">
							<Font SizePoints="14" Style="Regular" FamilyName="CSMVMI+BlissPro" Capitals="Normal" ResourceId="2" />
							<Origin X="0" Y="0" />
							<Text>я</Text>
							<Size Width="6.678" Height="8.162108" />
							<Brush>
								<SolidBrush Color="#FF000000" />
							</Brush>
							<Tag>convertedFont</Tag>
						</Glyphs>
						<Glyphs OutlineWidth="0.5" CharSpace="0" RenderTransform="0.5968368 0 -0 0.5968368 159.2259 770.9651">
							<Font SizePoints="14" Style="Regular" FamilyName="CSMVMI+BlissPro" Capitals="Normal" ResourceId="2" />
							<Origin X="0" Y="0" />
							<Text>е</Text>
							<Size Width="6.636" Height="8.162108" />
							<Brush>
								<SolidBrush Color="#FF000000" />
							</Brush>
							<Tag>convertedFont</Tag>
						</Glyphs>
						<Glyphs OutlineWidth="0.5" CharSpace="0" RenderTransform="0.5968368 0 -0 0.5968368 163.21725 770.9651">
							<Font SizePoints="14" Style="Regular" FamilyName="CSMVMI+BlissPro" Capitals="Normal" ResourceId="2" />
							<Origin X="0" Y="0" />
							<Text>м</Text>
							<Size Width="8.372" Height="8.162108" />
							<Brush>
								<SolidBrush Color="#FF000000" />
							</Brush>
							<Tag>convertedFont</Tag>
						</Glyphs>
						<Glyphs OutlineWidth="0.5" CharSpace="0" RenderTransform="0.5968368 0 -0 0.5968368 168.25307 770.9651">
							<Font SizePoints="14" Style="Regular" FamilyName="CSMVMI+BlissPro" Capitals="Normal" ResourceId="2" />
							<Origin X="0" Y="0" />
							<Text>а</Text>
							<Size Width="6.608" Height="8.162108" />
							<Brush>
								<SolidBrush Color="#FF000000" />
							</Brush>
							<Tag>convertedFont</Tag>
						</Glyphs>
						<Glyphs OutlineWidth="0.5" CharSpace="0" RenderTransform="0.5968368 0 -0 0.5968368 172.22577 770.9651">
							<Font SizePoints="14" Style="Regular" FamilyName="CSMVMI+BlissPro" Capitals="Normal" ResourceId="2" />
							<Origin X="0" Y="0" />
							<Text>я</Text>
							<Size Width="6.678" Height="8.162108" />
							<Brush>
								<SolidBrush Color="#FF000000" />
							</Brush>
							<Tag>convertedFont</Tag>
						</Glyphs>
						<Glyphs OutlineWidth="0.5" CharSpace="0" RenderTransform="0.5968368 0 -0 0.5968368 176.23576 770.9651">
							<Font SizePoints="14" Style="Regular" FamilyName="CSMVMI+BlissPro" Capitals="Normal" ResourceId="2" />
							<Origin X="0" Y="0" />
							<Text> </Text>
							<Size Width="3.094" Height="8.162108" />
							<Brush>
								<SolidBrush Color="#FF000000" />
							</Brush>
							<Tag>convertedFont</Tag>
						</Glyphs>
						<Glyphs OutlineWidth="0.5" CharSpace="0" RenderTransform="0.5968368 0 -0 0.5968368 178.09155 770.9651">
							<Font SizePoints="14" Style="Regular" FamilyName="CSMVMI+BlissPro" Capitals="Normal" ResourceId="2" />
							<Origin X="0" Y="0" />
							<Text>(</Text>
							<Size Width="4.508" Height="8.162108" />
							<Brush>
								<SolidBrush Color="#FF000000" />
							</Brush>
							<Tag>convertedFont</Tag>
						</Glyphs>
						<Glyphs OutlineWidth="0.5" CharSpace="0" RenderTransform="0.5968368 0 -0 0.5968368 180.79596 770.9651">
							<Font SizePoints="14" Style="Regular" FamilyName="CSMVMI+BlissPro" Capitals="Normal" ResourceId="2" />
							<Origin X="0" Y="0" />
							<Text>к</Text>
							<Size Width="6.496" Height="8.162108" />
							<Brush>
								<SolidBrush Color="#FF000000" />
							</Brush>
							<Tag>convertedFont</Tag>
						</Glyphs>
						<Glyphs OutlineWidth="0.5" CharSpace="0" RenderTransform="0.5968368 0 -0 0.5968368 184.70338 770.9651">
							<Font SizePoints="14" Style="Regular" FamilyName="CSMVMI+BlissPro" Capitals="Normal" ResourceId="2" />
							<Origin X="0" Y="0" />
							<Text>В</Text>
							<Size Width="7.63" Height="8.162108" />
							<Brush>
								<SolidBrush Color="#FF000000" />
							</Brush>
							<Tag>convertedFont</Tag>
						</Glyphs>
						<Glyphs OutlineWidth="0.5" CharSpace="0" RenderTransform="0.5968368 0 -0 0.5968368 189.29156 770.9651">
							<Font SizePoints="14" Style="Regular" FamilyName="CSMVMI+BlissPro" Capitals="Normal" ResourceId="2" />
							<Origin X="0" Y="0" />
							<Text>т</Text>
							<Size Width="6.174" Height="8.162108" />
							<Brush>
								<SolidBrush Color="#FF000000" />
							</Brush>
							<Tag>convertedFont</Tag>
						</Glyphs>
						<Glyphs OutlineWidth="0.5" CharSpace="0" RenderTransform="0.5968368 0 -0 0.5968368 193.00314 770.9651">
							<Font SizePoints="14" Style="Regular" FamilyName="CSMVMI+BlissPro" Capitals="Normal" ResourceId="2" />
							<Origin X="0" Y="0" />
							<Text>)</Text>
							<Size Width="4.508" Height="8.162108" />
							<Brush>
								<SolidBrush Color="#FF000000" />
							</Brush>
							<Tag>convertedFont</Tag>
						</Glyphs>
						<Glyphs OutlineWidth="0.5" CharSpace="0" RenderTransform="0.5968368 0 -0 0.5968368 255.89482 770.9651">
							<Font SizePoints="14" Style="Regular" FamilyName="CSMVMI+BlissPro" Capitals="Normal" ResourceId="2" />
							<Origin X="0" Y="0" />
							<Text>6</Text>
							<Size Width="7.56" Height="8.162108" />
							<Brush>
								<SolidBrush Color="#FF000000" />
							</Brush>
							<Tag>convertedFont</Tag>
						</Glyphs>
						<Glyphs OutlineWidth="0.5" CharSpace="0" RenderTransform="0.5968368 0 -0 0.5968368 260.43637 770.9651">
							<Font SizePoints="14" Style="Regular" FamilyName="CSMVMI+BlissPro" Capitals="Normal" ResourceId="2" />
							<Origin X="0" Y="0" />
							<Text>.</Text>
							<Size Width="3.276" Height="8.162108" />
							<Brush>
								<SolidBrush Color="#FF000000" />
							</Brush>
							<Tag>convertedFont</Tag>
						</Glyphs>
						<Glyphs OutlineWidth="0.5" CharSpace="0" RenderTransform="0.5968368 0 -0 0.5968368 262.40405 770.9651">
							<Font SizePoints="14" Style="Regular" FamilyName="CSMVMI+BlissPro" Capitals="Normal" ResourceId="2" />
							<Origin X="0" Y="0" />
							<Text>7</Text>
							<Size Width="6.636" Height="8.162108" />
							<Brush>
								<SolidBrush Color="#FF000000" />
							</Brush>
							<Tag>convertedFont</Tag>
						</Glyphs>
						<Glyphs OutlineWidth="0.5" CharSpace="0" RenderTransform="0.5968368 0 -0 0.5968368 266.39542 770.9651">
							<Font SizePoints="14" Style="Regular" FamilyName="CSMVMI+BlissPro" Capitals="Normal" ResourceId="2" />
							<Origin X="0" Y="0" />
							<Text>2</Text>
							<Size Width="7.154" Height="8.162108" />
							<Brush>
								<SolidBrush Color="#FF000000" />
							</Brush>
							<Tag>convertedFont</Tag>
						</Glyphs>
						<Glyphs OutlineWidth="0.5" CharSpace="0" RenderTransform="0.5968368 0 -0 0.5968368 57.148167 784.09546">
							<Font SizePoints="14" Style="Regular" FamilyName="CSMVMI+BlissPro" Capitals="Normal" ResourceId="2" />
							<Origin X="0" Y="0" />
							<Text>М</Text>
							<Size Width="11.2" Height="8.162108" />
							<Brush>
								<SolidBrush Color="#FF000000" />
							</Brush>
							<Tag>convertedFont</Tag>
						</Glyphs>
						<Glyphs OutlineWidth="0.5" CharSpace="0" RenderTransform="0.5968368 0 -0 0.5968368 63.881233 784.09546">
							<Font SizePoints="14" Style="Regular" FamilyName="CSMVMI+BlissPro" Capitals="Normal" ResourceId="2" />
							<Origin X="0" Y="0" />
							<Text>о</Text>
							<Size Width="7.364" Height="8.162108" />
							<Brush>
								<SolidBrush Color="#FF000000" />
							</Brush>
							<Tag>convertedFont</Tag>
						</Glyphs>
						<Glyphs OutlineWidth="0.5" CharSpace="0" RenderTransform="0.5968368 0 -0 0.5968368 68.30156 784.09546">
							<Font SizePoints="14" Style="Regular" FamilyName="CSMVMI+BlissPro" Capitals="Normal" ResourceId="2" />
							<Origin X="0" Y="0" />
							<Text>щ</Text>
							<Size Width="10.094" Height="8.162108" />
							<Brush>
								<SolidBrush Color="#FF000000" />
							</Brush>
							<Tag>convertedFont</Tag>
						</Glyphs>
						<Glyphs OutlineWidth="0.5" CharSpace="0" RenderTransform="0.5968368 0 -0 0.5968368 74.372505 784.09546">
							<Font SizePoints="14" Style="Regular" FamilyName="CSMVMI+BlissPro" Capitals="Normal" ResourceId="2" />
							<Origin X="0" Y="0" />
							<Text>н</Text>
							<Size Width="7.266" Height="8.162108" />
							<Brush>
								<SolidBrush Color="#FF000000" />
							</Brush>
							<Tag>convertedFont</Tag>
						</Glyphs>
						<Glyphs OutlineWidth="0.5" CharSpace="0" RenderTransform="0.5968368 0 -0 0.5968368 78.73688 784.09546">
							<Font SizePoints="14" Style="Regular" FamilyName="CSMVMI+BlissPro" Capitals="Normal" ResourceId="2" />
							<Origin X="0" Y="0" />
							<Text>о</Text>
							<Size Width="7.364" Height="8.162108" />
							<Brush>
								<SolidBrush Color="#FF000000" />
							</Brush>
							<Tag>convertedFont</Tag>
						</Glyphs>
						<Glyphs OutlineWidth="0.5" CharSpace="0" RenderTransform="0.5968368 0 -0 0.5968368 83.157196 784.09546">
							<Font SizePoints="14" Style="Regular" FamilyName="CSMVMI+BlissPro" Capitals="Normal" ResourceId="2" />
							<Origin X="0" Y="0" />
							<Text>с</Text>
							<Size Width="6.076" Height="8.162108" />
							<Brush>
								<SolidBrush Color="#FF000000" />
							</Brush>
							<Tag>convertedFont</Tag>
						</Glyphs>
						<Glyphs OutlineWidth="0.5" CharSpace="0" RenderTransform="0.5968368 0 -0 0.5968368 86.8035 784.09546">
							<Font SizePoints="14" Style="Regular" FamilyName="CSMVMI+BlissPro" Capitals="Normal" ResourceId="2" />
							<Origin X="0" Y="0" />
							<Text>т</Text>
							<Size Width="6.174" Height="8.162108" />
							<Brush>
								<SolidBrush Color="#FF000000" />
							</Brush>
							<Tag>convertedFont</Tag>
						</Glyphs>
						<Glyphs OutlineWidth="0.5" CharSpace="0" RenderTransform="0.5968368 0 -0 0.5968368 90.515076 784.09546">
							<Font SizePoints="14" Style="Regular" FamilyName="CSMVMI+BlissPro" Capitals="Normal" ResourceId="2" />
							<Origin X="0" Y="0" />
							<Text>ь</Text>
							<Size Width="6.454" Height="8.162108" />
							<Brush>
								<SolidBrush Color="#FF000000" />
							</Brush>
							<Tag>convertedFont</Tag>
						</Glyphs>
						<Glyphs OutlineWidth="0.5" CharSpace="0" RenderTransform="0.5968368 0 -0 0.5968368 94.394516 784.09546">
							<Font SizePoints="14" Style="Regular" FamilyName="CSMVMI+BlissPro" Capitals="Normal" ResourceId="2" />
							<Origin X="0" Y="0" />
							<Text> </Text>
							<Size Width="3.094" Height="8.162108" />
							<Brush>
								<SolidBrush Color="#FF000000" />
							</Brush>
							<Tag>convertedFont</Tag>
						</Glyphs>
						<Glyphs OutlineWidth="0.5" CharSpace="0" RenderTransform="0.5968368 0 -0 0.5968368 96.250305 784.09546">
							<Font SizePoints="14" Style="Regular" FamilyName="CSMVMI+BlissPro" Capitals="Normal" ResourceId="2" />
							<Origin X="0" Y="0" />
							<Text>н</Text>
							<Size Width="7.266" Height="8.162108" />
							<Brush>
								<SolidBrush Color="#FF000000" />
							</Brush>
							<Tag>convertedFont</Tag>
						</Glyphs>
						<Glyphs OutlineWidth="0.5" CharSpace="0" RenderTransform="0.5968368 0 -0 0.5968368 100.61467 784.09546">
							<Font SizePoints="14" Style="Regular" FamilyName="CSMVMI+BlissPro" Capitals="Normal" ResourceId="2" />
							<Origin X="0" Y="0" />
							<Text>а</Text>
							<Size Width="6.608" Height="8.162108" />
							<Brush>
								<SolidBrush Color="#FF000000" />
							</Brush>
							<Tag>convertedFont</Tag>
						</Glyphs>
						<Glyphs OutlineWidth="0.5" CharSpace="0" RenderTransform="0.5968368 0 -0 0.5968368 104.587364 784.09546">
							<Font SizePoints="14" Style="Regular" FamilyName="CSMVMI+BlissPro" Capitals="Normal" ResourceId="2" />
							<Origin X="0" Y="0" />
							<Text>г</Text>
							<Size Width="5.544" Height="8.162108" />
							<Brush>
								<SolidBrush Color="#FF000000" />
							</Brush>
							<Tag>convertedFont</Tag>
						</Glyphs>
						<Glyphs OutlineWidth="0.5" CharSpace="0" RenderTransform="0.5968368 0 -0 0.5968368 107.916595 784.09546">
							<Font SizePoints="14" Style="Regular" FamilyName="CSMVMI+BlissPro" Capitals="Normal" ResourceId="2" />
							<Origin X="0" Y="0" />
							<Text>р</Text>
							<Size Width="7.14" Height="8.162108" />
							<Brush>
								<SolidBrush Color="#FF000000" />
							</Brush>
							<Tag>convertedFont</Tag>
						</Glyphs>
						<Glyphs OutlineWidth="0.5" CharSpace="0" RenderTransform="0.5968368 0 -0 0.5968368 112.20636 784.09546">
							<Font SizePoints="14" Style="Regular" FamilyName="CSMVMI+BlissPro" Capitals="Normal" ResourceId="2" />
							<Origin X="0" Y="0" />
							<Text>е</Text>
							<Size Width="6.636" Height="8.162108" />
							<Brush>
								<SolidBrush Color="#FF000000" />
							</Brush>
							<Tag>convertedFont</Tag>
						</Glyphs>
						<Glyphs OutlineWidth="0.5" CharSpace="0" RenderTransform="0.5968368 0 -0 0.5968368 116.19771 784.09546">
							<Font SizePoints="14" Style="Regular" FamilyName="CSMVMI+BlissPro" Capitals="Normal" ResourceId="2" />
							<Origin X="0" Y="0" />
							<Text>в</Text>
							<Size Width="6.538" Height="8.162108" />
							<Brush>
								<SolidBrush Color="#FF000000" />
							</Brush>
							<Tag>convertedFont</Tag>
						</Glyphs>
						<Glyphs OutlineWidth="0.5" CharSpace="0" RenderTransform="0.5968368 0 -0 0.5968368 120.1331 784.09546">
							<Font SizePoints="14" Style="Regular" FamilyName="CSMVMI+BlissPro" Capitals="Normal" ResourceId="2" />
							<Origin X="0" Y="0" />
							<Text>а</Text>
							<Size Width="6.608" Height="8.162108" />
							<Brush>
								<SolidBrush Color="#FF000000" />
							</Brush>
							<Tag>convertedFont</Tag>
						</Glyphs>
						<Glyphs OutlineWidth="0.5" CharSpace="0" RenderTransform="0.5968368 0 -0 0.5968368 124.1058 784.09546">
							<Font SizePoints="14" Style="Regular" FamilyName="CSMVMI+BlissPro" Capitals="Normal" ResourceId="2" />
							<Origin X="0" Y="0" />
							<Text> </Text>
							<Size Width="3.094" Height="8.162108" />
							<Brush>
								<SolidBrush Color="#FF000000" />
							</Brush>
							<Tag>convertedFont</Tag>
						</Glyphs>
						<Glyphs OutlineWidth="0.5" CharSpace="0" RenderTransform="0.5968368 0 -0 0.5968368 125.961586 784.09546">
							<Font SizePoints="14" Style="Regular" FamilyName="CSMVMI+BlissPro" Capitals="Normal" ResourceId="2" />
							<Origin X="0" Y="0" />
							<Text>у</Text>
							<Size Width="6.776" Height="8.162108" />
							<Brush>
								<SolidBrush Color="#FF000000" />
							</Brush>
							<Tag>convertedFont</Tag>
						</Glyphs>
						<Glyphs OutlineWidth="0.5" CharSpace="0" RenderTransform="0.5968368 0 -0 0.5968368 130.03687 784.09546">
							<Font SizePoints="14" Style="Regular" FamilyName="CSMVMI+BlissPro" Capitals="Normal" ResourceId="2" />
							<Origin X="0" Y="0" />
							<Text>с</Text>
							<Size Width="6.076" Height="8.162108" />
							<Brush>
								<SolidBrush Color="#FF000000" />
							</Brush>
							<Tag>convertedFont</Tag>
						</Glyphs>
						<Glyphs OutlineWidth="0.5" CharSpace="0" RenderTransform="0.5968368 0 -0 0.5968368 133.68317 784.09546">
							<Font SizePoints="14" Style="Regular" FamilyName="CSMVMI+BlissPro" Capitals="Normal" ResourceId="2" />
							<Origin X="0" Y="0" />
							<Text>т</Text>
							<Size Width="6.174" Height="8.162108" />
							<Brush>
								<SolidBrush Color="#FF000000" />
							</Brush>
							<Tag>convertedFont</Tag>
						</Glyphs>
						<Glyphs OutlineWidth="0.5" CharSpace="0" RenderTransform="0.5968368 0 -0 0.5968368 137.39474 784.09546">
							<Font SizePoints="14" Style="Regular" FamilyName="CSMVMI+BlissPro" Capitals="Normal" ResourceId="2" />
							<Origin X="0" Y="0" />
							<Text>а</Text>
							<Size Width="6.608" Height="8.162108" />
							<Brush>
								<SolidBrush Color="#FF000000" />
							</Brush>
							<Tag>convertedFont</Tag>
						</Glyphs>
						<Glyphs OutlineWidth="0.5" CharSpace="0" RenderTransform="0.5968368 0 -0 0.5968368 141.36743 784.09546">
							<Font SizePoints="14" Style="Regular" FamilyName="CSMVMI+BlissPro" Capitals="Normal" ResourceId="2" />
							<Origin X="0" Y="0" />
							<Text>н</Text>
							<Size Width="7.266" Height="8.162108" />
							<Brush>
								<SolidBrush Color="#FF000000" />
							</Brush>
							<Tag>convertedFont</Tag>
						</Glyphs>
						<Glyphs OutlineWidth="0.5" CharSpace="0" RenderTransform="0.5968368 0 -0 0.5968368 145.73181 784.09546">
							<Font SizePoints="14" Style="Regular" FamilyName="CSMVMI+BlissPro" Capitals="Normal" ResourceId="2" />
							<Origin X="0" Y="0" />
							<Text>о</Text>
							<Size Width="7.364" Height="8.162108" />
							<Brush>
								<SolidBrush Color="#FF000000" />
							</Brush>
							<Tag>convertedFont</Tag>
						</Glyphs>
						<Glyphs OutlineWidth="0.5" CharSpace="0" RenderTransform="0.5968368 0 -0 0.5968368 150.15213 784.09546">
							<Font SizePoints="14" Style="Regular" FamilyName="CSMVMI+BlissPro" Capitals="Normal" ResourceId="2" />
							<Origin X="0" Y="0" />
							<Text>в</Text>
							<Size Width="6.538" Height="8.162108" />
							<Brush>
								<SolidBrush Color="#FF000000" />
							</Brush>
							<Tag>convertedFont</Tag>
						</Glyphs>
						<Glyphs OutlineWidth="0.5" CharSpace="0" RenderTransform="0.5968368 0 -0 0.5968368 154.08752 784.09546">
							<Font SizePoints="14" Style="Regular" FamilyName="CSMVMI+BlissPro" Capitals="Normal" ResourceId="2" />
							<Origin X="0" Y="0" />
							<Text>о</Text>
							<Size Width="7.364" Height="8.162108" />
							<Brush>
								<SolidBrush Color="#FF000000" />
							</Brush>
							<Tag>convertedFont</Tag>
						</Glyphs>
						<Glyphs OutlineWidth="0.5" CharSpace="0" RenderTransform="0.5968368 0 -0 0.5968368 158.50784 784.09546">
							<Font SizePoints="14" Style="Regular" FamilyName="CSMVMI+BlissPro" Capitals="Normal" ResourceId="2" />
							<Origin X="0" Y="0" />
							<Text>ч</Text>
							<Size Width="6.776" Height="8.162108" />
							<Brush>
								<SolidBrush Color="#FF000000" />
							</Brush>
							<Tag>convertedFont</Tag>
						</Glyphs>
						<Glyphs OutlineWidth="0.5" CharSpace="0" RenderTransform="0.5968368 0 -0 0.5968368 162.58311 784.09546">
							<Font SizePoints="14" Style="Regular" FamilyName="CSMVMI+BlissPro" Capitals="Normal" ResourceId="2" />
							<Origin X="0" Y="0" />
							<Text>н</Text>
							<Size Width="7.266" Height="8.162108" />
							<Brush>
								<SolidBrush Color="#FF000000" />
							</Brush>
							<Tag>convertedFont</Tag>
						</Glyphs>
						<Glyphs OutlineWidth="0.5" CharSpace="0" RenderTransform="0.5968368 0 -0 0.5968368 166.9475 784.09546">
							<Font SizePoints="14" Style="Regular" FamilyName="CSMVMI+BlissPro" Capitals="Normal" ResourceId="2" />
							<Origin X="0" Y="0" />
							<Text>а</Text>
							<Size Width="6.608" Height="8.162108" />
							<Brush>
								<SolidBrush Color="#FF000000" />
							</Brush>
							<Tag>convertedFont</Tag>
						</Glyphs>
						<Glyphs OutlineWidth="0.5" CharSpace="0" RenderTransform="0.5968368 0 -0 0.5968368 170.92018 784.09546">
							<Font SizePoints="14" Style="Regular" FamilyName="CSMVMI+BlissPro" Capitals="Normal" ResourceId="2" />
							<Origin X="0" Y="0" />
							<Text>я</Text>
							<Size Width="6.678" Height="8.162108" />
							<Brush>
								<SolidBrush Color="#FF000000" />
							</Brush>
							<Tag>convertedFont</Tag>
						</Glyphs>
						<Glyphs OutlineWidth="0.5" CharSpace="0" RenderTransform="0.5968368 0 -0 0.5968368 174.93018 784.09546">
							<Font SizePoints="14" Style="Regular" FamilyName="CSMVMI+BlissPro" Capitals="Normal" ResourceId="2" />
							<Origin X="0" Y="0" />
							<Text> </Text>
							<Size Width="3.094" Height="8.162108" />
							<Brush>
								<SolidBrush Color="#FF000000" />
							</Brush>
							<Tag>convertedFont</Tag>
						</Glyphs>
						<Glyphs OutlineWidth="0.5" CharSpace="0" RenderTransform="0.5968368 0 -0 0.5968368 176.78596 784.09546">
							<Font SizePoints="14" Style="Regular" FamilyName="CSMVMI+BlissPro" Capitals="Normal" ResourceId="2" />
							<Origin X="0" Y="0" />
							<Text>(</Text>
							<Size Width="4.508" Height="8.162108" />
							<Brush>
								<SolidBrush Color="#FF000000" />
							</Brush>
							<Tag>convertedFont</Tag>
						</Glyphs>
						<Glyphs OutlineWidth="0.5" CharSpace="0" RenderTransform="0.5968368 0 -0 0.5968368 179.49039 784.09546">
							<Font SizePoints="14" Style="Regular" FamilyName="CSMVMI+BlissPro" Capitals="Normal" ResourceId="2" />
							<Origin X="0" Y="0" />
							<Text>к</Text>
							<Size Width="6.496" Height="8.162108" />
							<Brush>
								<SolidBrush Color="#FF000000" />
							</Brush>
							<Tag>convertedFont</Tag>
						</Glyphs>
						<Glyphs OutlineWidth="0.5" CharSpace="0" RenderTransform="0.5968368 0 -0 0.5968368 183.3978 784.09546">
							<Font SizePoints="14" Style="Regular" FamilyName="CSMVMI+BlissPro" Capitals="Normal" ResourceId="2" />
							<Origin X="0" Y="0" />
							<Text>В</Text>
							<Size Width="7.63" Height="8.162108" />
							<Brush>
								<SolidBrush Color="#FF000000" />
							</Brush>
							<Tag>convertedFont</Tag>
						</Glyphs>
						<Glyphs OutlineWidth="0.5" CharSpace="0" RenderTransform="0.5968368 0 -0 0.5968368 187.986 784.09546">
							<Font SizePoints="14" Style="Regular" FamilyName="CSMVMI+BlissPro" Capitals="Normal" ResourceId="2" />
							<Origin X="0" Y="0" />
							<Text>т</Text>
							<Size Width="6.174" Height="8.162108" />
							<Brush>
								<SolidBrush Color="#FF000000" />
							</Brush>
							<Tag>convertedFont</Tag>
						</Glyphs>
						<Glyphs OutlineWidth="0.5" CharSpace="0" RenderTransform="0.5968368 0 -0 0.5968368 191.69757 784.09546">
							<Font SizePoints="14" Style="Regular" FamilyName="CSMVMI+BlissPro" Capitals="Normal" ResourceId="2" />
							<Origin X="0" Y="0" />
							<Text>)</Text>
							<Size Width="4.508" Height="8.162108" />
							<Brush>
								<SolidBrush Color="#FF000000" />
							</Brush>
							<Tag>convertedFont</Tag>
						</Glyphs>
						<Glyphs OutlineWidth="0.5" CharSpace="0" RenderTransform="0.5968368 0 -0 0.5968368 255.89482 784.09546">
							<Font SizePoints="14" Style="Regular" FamilyName="CSMVMI+BlissPro" Capitals="Normal" ResourceId="2" />
							<Origin X="0" Y="0" />
							<Text>7</Text>
							<Size Width="6.636" Height="8.162108" />
							<Brush>
								<SolidBrush Color="#FF000000" />
							</Brush>
							<Tag>convertedFont</Tag>
						</Glyphs>
						<Glyphs OutlineWidth="0.5" CharSpace="0" RenderTransform="0.5968368 0 -0 0.5968368 259.88617 784.09546">
							<Font SizePoints="14" Style="Regular" FamilyName="CSMVMI+BlissPro" Capitals="Normal" ResourceId="2" />
							<Origin X="0" Y="0" />
							<Text>.</Text>
							<Size Width="3.276" Height="8.162108" />
							<Brush>
								<SolidBrush Color="#FF000000" />
							</Brush>
							<Tag>convertedFont</Tag>
						</Glyphs>
						<Glyphs OutlineWidth="0.5" CharSpace="0" RenderTransform="0.5968368 0 -0 0.5968368 261.85388 784.09546">
							<Font SizePoints="14" Style="Regular" FamilyName="CSMVMI+BlissPro" Capitals="Normal" ResourceId="2" />
							<Origin X="0" Y="0" />
							<Text>5</Text>
							<Size Width="7.126" Height="8.162108" />
							<Brush>
								<SolidBrush Color="#FF000000" />
							</Brush>
							<Tag>convertedFont</Tag>
						</Glyphs>
						<Glyphs OutlineWidth="0.5" CharSpace="0" RenderTransform="0.5968368 0 -0 0.5968368 57.148167 797.2258">
							<Font SizePoints="14" Style="Regular" FamilyName="CSMVMI+BlissPro" Capitals="Normal" ResourceId="2" />
							<Origin X="0" Y="0" />
							<Text>Н</Text>
							<Size Width="9.674" Height="8.162108" />
							<Brush>
								<SolidBrush Color="#FF000000" />
							</Brush>
							<Tag>convertedFont</Tag>
						</Glyphs>
						<Glyphs OutlineWidth="0.5" CharSpace="0" RenderTransform="0.5968368 0 -0 0.5968368 62.967327 797.2258">
							<Font SizePoints="14" Style="Regular" FamilyName="CSMVMI+BlissPro" Capitals="Normal" ResourceId="2" />
							<Origin X="0" Y="0" />
							<Text>а</Text>
							<Size Width="6.608" Height="8.162108" />
							<Brush>
								<SolidBrush Color="#FF000000" />
							</Brush>
							<Tag>convertedFont</Tag>
						</Glyphs>
						<Glyphs OutlineWidth="0.5" CharSpace="0" RenderTransform="0.5968368 0 -0 0.5968368 66.94002 797.2258">
							<Font SizePoints="14" Style="Regular" FamilyName="CSMVMI+BlissPro" Capitals="Normal" ResourceId="2" />
							<Origin X="0" Y="0" />
							<Text>п</Text>
							<Size Width="7.182" Height="8.162108" />
							<Brush>
								<SolidBrush Color="#FF000000" />
							</Brush>
							<Tag>convertedFont</Tag>
						</Glyphs>
						<Glyphs OutlineWidth="0.5" CharSpace="0" RenderTransform="0.5968368 0 -0 0.5968368 71.25777 797.2258">
							<Font SizePoints="14" Style="Regular" FamilyName="CSMVMI+BlissPro" Capitals="Normal" ResourceId="2" />
							<Origin X="0" Y="0" />
							<Text>р</Text>
							<Size Width="7.14" Height="8.162108" />
							<Brush>
								<SolidBrush Color="#FF000000" />
							</Brush>
							<Tag>convertedFont</Tag>
						</Glyphs>
						<Glyphs OutlineWidth="0.5" CharSpace="0" RenderTransform="0.5968368 0 -0 0.5968368 75.54753 797.2258">
							<Font SizePoints="14" Style="Regular" FamilyName="CSMVMI+BlissPro" Capitals="Normal" ResourceId="2" />
							<Origin X="0" Y="0" />
							<Text>я</Text>
							<Size Width="6.678" Height="8.162108" />
							<Brush>
								<SolidBrush Color="#FF000000" />
							</Brush>
							<Tag>convertedFont</Tag>
						</Glyphs>
						<Glyphs OutlineWidth="0.5" CharSpace="0" RenderTransform="0.5968368 0 -0 0.5968368 79.557526 797.2258">
							<Font SizePoints="14" Style="Regular" FamilyName="CSMVMI+BlissPro" Capitals="Normal" ResourceId="2" />
							<Origin X="0" Y="0" />
							<Text>ж</Text>
							<Size Width="9.632" Height="8.162108" />
							<Brush>
								<SolidBrush Color="#FF000000" />
							</Brush>
							<Tag>convertedFont</Tag>
						</Glyphs>
						<Glyphs OutlineWidth="0.5" CharSpace="0" RenderTransform="0.5968368 0 -0 0.5968368 85.34871 797.2258">
							<Font SizePoints="14" Style="Regular" FamilyName="CSMVMI+BlissPro" Capitals="Normal" ResourceId="2" />
							<Origin X="0" Y="0" />
							<Text>е</Text>
							<Size Width="6.636" Height="8.162108" />
							<Brush>
								<SolidBrush Color="#FF000000" />
							</Brush>
							<Tag>convertedFont</Tag>
						</Glyphs>
						<Glyphs OutlineWidth="0.5" CharSpace="0" RenderTransform="0.5968368 0 -0 0.5968368 89.34006 797.2258">
							<Font SizePoints="14" Style="Regular" FamilyName="CSMVMI+BlissPro" Capitals="Normal" ResourceId="2" />
							<Origin X="0" Y="0" />
							<Text>н</Text>
							<Size Width="7.266" Height="8.162108" />
							<Brush>
								<SolidBrush Color="#FF000000" />
							</Brush>
							<Tag>convertedFont</Tag>
						</Glyphs>
						<Glyphs OutlineWidth="0.5" CharSpace="0" RenderTransform="0.5968368 0 -0 0.5968368 93.70442 797.2258">
							<Font SizePoints="14" Style="Regular" FamilyName="CSMVMI+BlissPro" Capitals="Normal" ResourceId="2" />
							<Origin X="0" Y="0" />
							<Text>и</Text>
							<Size Width="7.518" Height="8.162108" />
							<Brush>
								<SolidBrush Color="#FF000000" />
							</Brush>
							<Tag>convertedFont</Tag>
						</Glyphs>
						<Glyphs OutlineWidth="0.5" CharSpace="0" RenderTransform="0.5968368 0 -0 0.5968368 98.218 797.2258">
							<Font SizePoints="14" Style="Regular" FamilyName="CSMVMI+BlissPro" Capitals="Normal" ResourceId="2" />
							<Origin X="0" Y="0" />
							<Text>е</Text>
							<Size Width="6.636" Height="8.162108" />
							<Brush>
								<SolidBrush Color="#FF000000" />
							</Brush>
							<Tag>convertedFont</Tag>
						</Glyphs>
						<Glyphs OutlineWidth="0.5" CharSpace="0" RenderTransform="0.5968368 0 -0 0.5968368 102.20934 797.2258">
							<Font SizePoints="14" Style="Regular" FamilyName="CSMVMI+BlissPro" Capitals="Normal" ResourceId="2" />
							<Origin X="0" Y="0" />
							<Text>/</Text>
							<Size Width="5.096" Height="8.162108" />
							<Brush>
								<SolidBrush Color="#FF000000" />
							</Brush>
							<Tag>convertedFont</Tag>
						</Glyphs>
						<Glyphs OutlineWidth="0.5" CharSpace="0" RenderTransform="0.5968368 0 -0 0.5968368 105.268135 797.2258">
							<Font SizePoints="14" Style="Regular" FamilyName="CSMVMI+BlissPro" Capitals="Normal" ResourceId="2" />
							<Origin X="0" Y="0" />
							<Text>Ч</Text>
							<Size Width="8.414" Height="8.162108" />
							<Brush>
								<SolidBrush Color="#FF000000" />
							</Brush>
							<Tag>convertedFont</Tag>
						</Glyphs>
						<Glyphs OutlineWidth="0.5" CharSpace="0" RenderTransform="0.5968368 0 -0 0.5968368 110.32259 797.2258">
							<Font SizePoints="14" Style="Regular" FamilyName="CSMVMI+BlissPro" Capitals="Normal" ResourceId="2" />
							<Origin X="0" Y="0" />
							<Text>и</Text>
							<Size Width="7.518" Height="8.162108" />
							<Brush>
								<SolidBrush Color="#FF000000" />
							</Brush>
							<Tag>convertedFont</Tag>
						</Glyphs>
						<Glyphs OutlineWidth="0.5" CharSpace="0" RenderTransform="0.5968368 0 -0 0.5968368 114.836174 797.2258">
							<Font SizePoints="14" Style="Regular" FamilyName="CSMVMI+BlissPro" Capitals="Normal" ResourceId="2" />
							<Origin X="0" Y="0" />
							<Text>с</Text>
							<Size Width="6.076" Height="8.162108" />
							<Brush>
								<SolidBrush Color="#FF000000" />
							</Brush>
							<Tag>convertedFont</Tag>
						</Glyphs>
						<Glyphs OutlineWidth="0.5" CharSpace="0" RenderTransform="0.5968368 0 -0 0.5968368 118.482475 797.2258">
							<Font SizePoints="14" Style="Regular" FamilyName="CSMVMI+BlissPro" Capitals="Normal" ResourceId="2" />
							<Origin X="0" Y="0" />
							<Text>л</Text>
							<Size Width="7.042" Height="8.162108" />
							<Brush>
								<SolidBrush Color="#FF000000" />
							</Brush>
							<Tag>convertedFont</Tag>
						</Glyphs>
						<Glyphs OutlineWidth="0.5" CharSpace="0" RenderTransform="0.5968368 0 -0 0.5968368 122.716286 797.2258">
							<Font SizePoints="14" Style="Regular" FamilyName="CSMVMI+BlissPro" Capitals="Normal" ResourceId="2" />
							<Origin X="0" Y="0" />
							<Text>о</Text>
							<Size Width="7.364" Height="8.162108" />
							<Brush>
								<SolidBrush Color="#FF000000" />
							</Brush>
							<Tag>convertedFont</Tag>
						</Glyphs>
						<Glyphs OutlineWidth="0.5" CharSpace="0" RenderTransform="0.5968368 0 -0 0.5968368 127.136604 797.2258">
							<Font SizePoints="14" Style="Regular" FamilyName="CSMVMI+BlissPro" Capitals="Normal" ResourceId="2" />
							<Origin X="0" Y="0" />
							<Text> </Text>
							<Size Width="3.094" Height="8.162108" />
							<Brush>
								<SolidBrush Color="#FF000000" />
							</Brush>
							<Tag>convertedFont</Tag>
						</Glyphs>
						<Glyphs OutlineWidth="0.5" CharSpace="0" RenderTransform="0.5968368 0 -0 0.5968368 128.9924 797.2258">
							<Font SizePoints="14" Style="Regular" FamilyName="CSMVMI+BlissPro" Capitals="Normal" ResourceId="2" />
							<Origin X="0" Y="0" />
							<Text>с</Text>
							<Size Width="6.076" Height="8.162108" />
							<Brush>
								<SolidBrush Color="#FF000000" />
							</Brush>
							<Tag>convertedFont</Tag>
						</Glyphs>
						<Glyphs OutlineWidth="0.5" CharSpace="0" RenderTransform="0.5968368 0 -0 0.5968368 132.6387 797.2258">
							<Font SizePoints="14" Style="Regular" FamilyName="CSMVMI+BlissPro" Capitals="Normal" ResourceId="2" />
							<Origin X="0" Y="0" />
							<Text>т</Text>
							<Size Width="6.174" Height="8.162108" />
							<Brush>
								<SolidBrush Color="#FF000000" />
							</Brush>
							<Tag>convertedFont</Tag>
						</Glyphs>
						<Glyphs OutlineWidth="0.5" CharSpace="0" RenderTransform="0.5968368 0 -0 0.5968368 136.35028 797.2258">
							<Font SizePoints="14" Style="Regular" FamilyName="CSMVMI+BlissPro" Capitals="Normal" ResourceId="2" />
							<Origin X="0" Y="0" />
							<Text>у</Text>
							<Size Width="6.776" Height="8.162108" />
							<Brush>
								<SolidBrush Color="#FF000000" />
							</Brush>
							<Tag>convertedFont</Tag>
						</Glyphs>
						<Glyphs OutlineWidth="0.5" CharSpace="0" RenderTransform="0.5968368 0 -0 0.5968368 140.42555 797.2258">
							<Font SizePoints="14" Style="Regular" FamilyName="CSMVMI+BlissPro" Capitals="Normal" ResourceId="2" />
							<Origin X="0" Y="0" />
							<Text>п</Text>
							<Size Width="7.182" Height="8.162108" />
							<Brush>
								<SolidBrush Color="#FF000000" />
							</Brush>
							<Tag>convertedFont</Tag>
						</Glyphs>
						<Glyphs OutlineWidth="0.5" CharSpace="0" RenderTransform="0.5968368 0 -0 0.5968368 144.74329 797.2258">
							<Font SizePoints="14" Style="Regular" FamilyName="CSMVMI+BlissPro" Capitals="Normal" ResourceId="2" />
							<Origin X="0" Y="0" />
							<Text>е</Text>
							<Size Width="6.636" Height="8.162108" />
							<Brush>
								<SolidBrush Color="#FF000000" />
							</Brush>
							<Tag>convertedFont</Tag>
						</Glyphs>
						<Glyphs OutlineWidth="0.5" CharSpace="0" RenderTransform="0.5968368 0 -0 0.5968368 148.73465 797.2258">
							<Font SizePoints="14" Style="Regular" FamilyName="CSMVMI+BlissPro" Capitals="Normal" ResourceId="2" />
							<Origin X="0" Y="0" />
							<Text>н</Text>
							<Size Width="7.266" Height="8.162108" />
							<Brush>
								<SolidBrush Color="#FF000000" />
							</Brush>
							<Tag>convertedFont</Tag>
						</Glyphs>
						<Glyphs OutlineWidth="0.5" CharSpace="0" RenderTransform="0.5968368 0 -0 0.5968368 153.099 797.2258">
							<Font SizePoints="14" Style="Regular" FamilyName="CSMVMI+BlissPro" Capitals="Normal" ResourceId="2" />
							<Origin X="0" Y="0" />
							<Text>е</Text>
							<Size Width="6.636" Height="8.162108" />
							<Brush>
								<SolidBrush Color="#FF000000" />
							</Brush>
							<Tag>convertedFont</Tag>
						</Glyphs>
						<Glyphs OutlineWidth="0.5" CharSpace="0" RenderTransform="0.5968368 0 -0 0.5968368 157.09035 797.2258">
							<Font SizePoints="14" Style="Regular" FamilyName="CSMVMI+BlissPro" Capitals="Normal" ResourceId="2" />
							<Origin X="0" Y="0" />
							<Text>й</Text>
							<Size Width="7.518" Height="8.162108" />
							<Brush>
								<SolidBrush Color="#FF000000" />
							</Brush>
							<Tag>convertedFont</Tag>
						</Glyphs>
						<Glyphs OutlineWidth="0.5" CharSpace="0" RenderTransform="0.5968368 0 -0 0.5968368 161.60393 797.2258">
							<Font SizePoints="14" Style="Regular" FamilyName="CSMVMI+BlissPro" Capitals="Normal" ResourceId="2" />
							<Origin X="0" Y="0" />
							<Text> </Text>
							<Size Width="3.094" Height="8.162108" />
							<Brush>
								<SolidBrush Color="#FF000000" />
							</Brush>
							<Tag>convertedFont</Tag>
						</Glyphs>
						<Glyphs OutlineWidth="0.5" CharSpace="0" RenderTransform="0.5968368 0 -0 0.5968368 163.45972 797.2258">
							<Font SizePoints="14" Style="Regular" FamilyName="CSMVMI+BlissPro" Capitals="Normal" ResourceId="2" />
							<Origin X="0" Y="0" />
							<Text>(</Text>
							<Size Width="4.508" Height="8.162108" />
							<Brush>
								<SolidBrush Color="#FF000000" />
							</Brush>
							<Tag>convertedFont</Tag>
						</Glyphs>
						<Glyphs OutlineWidth="0.5" CharSpace="0" RenderTransform="0.5968368 0 -0 0.5968368 166.16414 797.2258">
							<Font SizePoints="14" Style="Regular" FamilyName="CSMVMI+BlissPro" Capitals="Normal" ResourceId="2" />
							<Origin X="0" Y="0" />
							<Text>В</Text>
							<Size Width="7.63" Height="8.162108" />
							<Brush>
								<SolidBrush Color="#FF000000" />
							</Brush>
							<Tag>convertedFont</Tag>
						</Glyphs>
						<Glyphs OutlineWidth="0.5" CharSpace="0" RenderTransform="0.5968368 0 -0 0.5968368 170.75232 797.2258">
							<Font SizePoints="14" Style="Regular" FamilyName="CSMVMI+BlissPro" Capitals="Normal" ResourceId="2" />
							<Origin X="0" Y="0" />
							<Text>/</Text>
							<Size Width="5.096" Height="8.162108" />
							<Brush>
								<SolidBrush Color="#FF000000" />
							</Brush>
							<Tag>convertedFont</Tag>
						</Glyphs>
						<Glyphs OutlineWidth="0.5" CharSpace="0" RenderTransform="0.5968368 0 -0 0.5968368 173.81111 797.2258">
							<Font SizePoints="14" Style="Regular" FamilyName="CSMVMI+BlissPro" Capitals="Normal" ResourceId="2" />
							<Origin X="0" Y="0" />
							<Text>ш</Text>
							<Size Width="9.772" Height="8.162108" />
							<Brush>
								<SolidBrush Color="#FF000000" />
							</Brush>
							<Tag>convertedFont</Tag>
						</Glyphs>
						<Glyphs OutlineWidth="0.5" CharSpace="0" RenderTransform="0.5968368 0 -0 0.5968368 179.6769 797.2258">
							<Font SizePoints="14" Style="Regular" FamilyName="CSMVMI+BlissPro" Capitals="Normal" ResourceId="2" />
							<Origin X="0" Y="0" />
							<Text>т</Text>
							<Size Width="6.174" Height="8.162108" />
							<Brush>
								<SolidBrush Color="#FF000000" />
							</Brush>
							<Tag>convertedFont</Tag>
						</Glyphs>
						<Glyphs OutlineWidth="0.5" CharSpace="0" RenderTransform="0.5968368 0 -0 0.5968368 183.38847 797.2258">
							<Font SizePoints="14" Style="Regular" FamilyName="CSMVMI+BlissPro" Capitals="Normal" ResourceId="2" />
							<Origin X="0" Y="0" />
							<Text>)</Text>
							<Size Width="4.508" Height="8.162108" />
							<Brush>
								<SolidBrush Color="#FF000000" />
							</Brush>
							<Tag>convertedFont</Tag>
						</Glyphs>
						<Glyphs OutlineWidth="0.5" CharSpace="0" RenderTransform="0.5968368 0 -0 0.5968368 255.89482 797.2258">
							<Font SizePoints="14" Style="Regular" FamilyName="CSMVMI+BlissPro" Capitals="Normal" ResourceId="2" />
							<Origin X="0" Y="0" />
							<Text>4</Text>
							<Size Width="7.784" Height="8.162108" />
							<Brush>
								<SolidBrush Color="#FF000000" />
							</Brush>
							<Tag>convertedFont</Tag>
						</Glyphs>
						<Glyphs OutlineWidth="0.5" CharSpace="0" RenderTransform="0.5968368 0 -0 0.5968368 260.56696 797.2258">
							<Font SizePoints="14" Style="Regular" FamilyName="CSMVMI+BlissPro" Capitals="Normal" ResourceId="2" />
							<Origin X="0" Y="0" />
							<Text>0</Text>
							<Size Width="7.756" Height="8.162108" />
							<Brush>
								<SolidBrush Color="#FF000000" />
							</Brush>
							<Tag>convertedFont</Tag>
						</Glyphs>
						<Glyphs OutlineWidth="0.5" CharSpace="0" RenderTransform="0.5968368 0 -0 0.5968368 265.2204 797.2258">
							<Font SizePoints="14" Style="Regular" FamilyName="CSMVMI+BlissPro" Capitals="Normal" ResourceId="2" />
							<Origin X="0" Y="0" />
							<Text>0</Text>
							<Size Width="7.756" Height="8.162108" />
							<Brush>
								<SolidBrush Color="#FF000000" />
							</Brush>
							<Tag>convertedFont</Tag>
						</Glyphs>
						<Glyphs OutlineWidth="0.5" CharSpace="0" RenderTransform="0.5968368 0 -0 0.5968368 269.87384 797.2258">
							<Font SizePoints="14" Style="Regular" FamilyName="CSMVMI+BlissPro" Capitals="Normal" ResourceId="2" />
							<Origin X="0" Y="0" />
							<Text>/</Text>
							<Size Width="5.096" Height="8.162108" />
							<Brush>
								<SolidBrush Color="#FF000000" />
							</Brush>
							<Tag>convertedFont</Tag>
						</Glyphs>
						<Glyphs OutlineWidth="0.5" CharSpace="0" RenderTransform="0.5968368 0 -0 0.5968368 272.93265 797.2258">
							<Font SizePoints="14" Style="Regular" FamilyName="CSMVMI+BlissPro" Capitals="Normal" ResourceId="2" />
							<Origin X="0" Y="0" />
							<Text>1</Text>
							<Size Width="5.852" Height="8.162108" />
							<Brush>
								<SolidBrush Color="#FF000000" />
							</Brush>
							<Tag>convertedFont</Tag>
						</Glyphs>
						<Path FillMode="Winding" RenderTransform="1 0 0 -1 0 842">
							<Brush>
								<SolidBrush Color="#FF005F7F" />
							</Brush>
							<PathFigure IsClosed="True">
								<PolyLine LineColor="#FF000000">
									<Point X="308.41647" Y="112.81348" />
									<Point X="542.37646" Y="112.81348" />
								</PolyLine>
								<PolyLine LineColor="#FF000000">
									<Point X="542.37646" Y="112.81348" />
									<Point X="542.37646" Y="94.90845" />
								</PolyLine>
								<PolyLine LineColor="#FF000000">
									<Point X="542.37646" Y="94.90845" />
									<Point X="308.41647" Y="94.90845" />
								</PolyLine>
							</PathFigure>
						</Path>
						<Path FillMode="Winding" RenderTransform="1 0 0 -1 0 842">
							<Brush>
								<SolidBrush Color="#FFFFFFFF" />
							</Brush>
							<PathFigure IsClosed="True">
								<PolyLine LineColor="#FF000000">
									<Point X="308.41647" Y="95.50513" />
									<Point X="542.37646" Y="95.50513" />
								</PolyLine>
								<PolyLine LineColor="#FF000000">
									<Point X="542.37646" Y="95.50513" />
									<Point X="542.37646" Y="94.90845" />
								</PolyLine>
								<PolyLine LineColor="#FF000000">
									<Point X="542.37646" Y="94.90845" />
									<Point X="308.41647" Y="94.90845" />
								</PolyLine>
							</PathFigure>
						</Path>
						<Path FillMode="Winding" RenderTransform="1 0 0 -1 0 842">
							<Brush>
								<SolidBrush Color="#FFFFFFFF" />
							</Brush>
							<PathFigure IsClosed="True">
								<PolyLine LineColor="#FF000000">
									<Point X="308.41647" Y="112.81348" />
									<Point X="309.0133" Y="112.81348" />
								</PolyLine>
								<PolyLine LineColor="#FF000000">
									<Point X="309.0133" Y="112.81348" />
									<Point X="309.0133" Y="94.90845" />
								</PolyLine>
								<PolyLine LineColor="#FF000000">
									<Point X="309.0133" Y="94.90845" />
									<Point X="308.41647" Y="94.90845" />
								</PolyLine>
							</PathFigure>
						</Path>
					</Canvas>
					<Canvas>
						<Clip>
							<Path FillMode="Alternate">
								<PathFigure IsClosed="True">
									<PolyLine LineColor="#FF000000">
										<Point X="28.5" Y="28.5" />
										<Point X="566.25" Y="28.5" />
									</PolyLine>
									<PolyLine LineColor="#FF000000">
										<Point X="566.25" Y="28.5" />
										<Point X="566.25" Y="813.3404" />
									</PolyLine>
									<PolyLine LineColor="#FF000000">
										<Point X="566.25" Y="813.3404" />
										<Point X="28.5" Y="813.3404" />
									</PolyLine>
									<PolyLine LineColor="#FF000000">
										<Point X="28.5" Y="813.3404" />
										<Point X="28.5" Y="28.5" />
									</PolyLine>
								</PathFigure>
							</Path>
						</Clip>
						<Canvas>
							<Clip>
								<Path FillMode="Winding">
									<PathFigure IsClosed="False">
										<PolyLine LineColor="#FF000000">
											<Point X="308.41647" Y="761.41565" />
											<Point X="308.41647" Y="760.8188" />
										</PolyLine>
										<PolyLine LineColor="#FF000000">
											<Point X="308.41647" Y="760.8188" />
											<Point X="508.3568" Y="760.8188" />
										</PolyLine>
										<PolyLine LineColor="#FF000000">
											<Point X="508.3568" Y="760.8188" />
											<Point X="508.3568" Y="761.41565" />
										</PolyLine>
									</PathFigure>
								</Path>
							</Clip>
							<Path FillMode="Winding" RenderTransform="1 0 0 -1 0 842">
								<Brush>
									<SolidBrush Color="#FF706E74" />
								</Brush>
								<PathFigure IsClosed="True">
									<PolyLine LineColor="#FF000000">
										<Point X="308.41647" Y="81.18115" />
										<Point X="309.0133" Y="81.18115" />
									</PolyLine>
									<PolyLine LineColor="#FF000000">
										<Point X="309.0133" Y="81.18115" />
										<Point X="309.0133" Y="80.58423" />
									</PolyLine>
									<PolyLine LineColor="#FF000000">
										<Point X="309.0133" Y="80.58423" />
										<Point X="308.41647" Y="80.58423" />
									</PolyLine>
								</PathFigure>
							</Path>
							<Path FillMode="Winding" RenderTransform="1 0 0 -1 0 842">
								<Brush>
									<SolidBrush Color="#FF706E74" />
								</Brush>
								<PathFigure IsClosed="True">
									<PolyLine LineColor="#FF000000">
										<Point X="507.75995" Y="81.18115" />
										<Point X="508.35678" Y="81.18115" />
									</PolyLine>
									<PolyLine LineColor="#FF000000">
										<Point X="508.35678" Y="81.18115" />
										<Point X="508.35678" Y="80.58423" />
									</PolyLine>
									<PolyLine LineColor="#FF000000">
										<Point X="508.35678" Y="80.58423" />
										<Point X="507.75995" Y="80.58423" />
									</PolyLine>
								</PathFigure>
							</Path>
							<Path FillMode="Alternate" RenderTransform="1 0 0 -1 0 842">
								<Pen Alignment="Center" DashCap="Flat" DashOffset="0" DashPattern="0.5968368 0.5968368" DashStyle="Custom" EndCap="Flat" LineJoin="Miter" MiterLimit="10" StartCap="Flat" Width="0.5968368">
									<Brush>
										<SolidBrush Color="#FF706E74" />
									</Brush>
								</Pen>
								<PathFigure IsClosed="False">
									<PolyLine LineColor="#FF000000">
										<Point X="309.0133" Y="80.88257" />
										<Point X="507.75995" Y="80.88257" />
									</PolyLine>
								</PathFigure>
							</Path>
						</Canvas>
					</Canvas>
					<Canvas>
						<Clip>
							<Path FillMode="Alternate">
								<PathFigure IsClosed="True">
									<PolyLine LineColor="#FF000000">
										<Point X="28.5" Y="28.5" />
										<Point X="566.25" Y="28.5" />
									</PolyLine>
									<PolyLine LineColor="#FF000000">
										<Point X="566.25" Y="28.5" />
										<Point X="566.25" Y="813.3404" />
									</PolyLine>
									<PolyLine LineColor="#FF000000">
										<Point X="566.25" Y="813.3404" />
										<Point X="28.5" Y="813.3404" />
									</PolyLine>
									<PolyLine LineColor="#FF000000">
										<Point X="28.5" Y="813.3404" />
										<Point X="28.5" Y="28.5" />
									</PolyLine>
								</PathFigure>
							</Path>
						</Clip>
					</Canvas>
					<Canvas>
						<Clip>
							<Path FillMode="Alternate">
								<PathFigure IsClosed="True">
									<PolyLine LineColor="#FF000000">
										<Point X="28.5" Y="28.5" />
										<Point X="566.25" Y="28.5" />
									</PolyLine>
									<PolyLine LineColor="#FF000000">
										<Point X="566.25" Y="28.5" />
										<Point X="566.25" Y="813.3404" />
									</PolyLine>
									<PolyLine LineColor="#FF000000">
										<Point X="566.25" Y="813.3404" />
										<Point X="28.5" Y="813.3404" />
									</PolyLine>
									<PolyLine LineColor="#FF000000">
										<Point X="28.5" Y="813.3404" />
										<Point X="28.5" Y="28.5" />
									</PolyLine>
								</PathFigure>
							</Path>
						</Clip>
						<Canvas>
							<Clip>
								<Path FillMode="Winding">
									<PathFigure IsClosed="False">
										<PolyLine LineColor="#FF000000">
											<Point X="509.55048" Y="761.41565" />
											<Point X="510.1473" Y="760.8188" />
										</PolyLine>
										<PolyLine LineColor="#FF000000">
											<Point X="510.1473" Y="760.8188" />
											<Point X="542.3765" Y="760.8188" />
										</PolyLine>
										<PolyLine LineColor="#FF000000">
											<Point X="542.3765" Y="760.8188" />
											<Point X="542.3765" Y="761.41565" />
										</PolyLine>
									</PathFigure>
								</Path>
							</Clip>
							<Path FillMode="Winding" RenderTransform="1 0 0 -1 0 842">
								<Brush>
									<SolidBrush Color="#FF706E74" />
								</Brush>
								<PathFigure IsClosed="True">
									<PolyLine LineColor="#FF000000">
										<Point X="509.55048" Y="81.18115" />
										<Point X="510.1473" Y="81.18115" />
									</PolyLine>
									<PolyLine LineColor="#FF000000">
										<Point X="510.1473" Y="81.18115" />
										<Point X="510.1473" Y="80.58423" />
									</PolyLine>
									<PolyLine LineColor="#FF000000">
										<Point X="510.1473" Y="80.58423" />
										<Point X="509.55048" Y="80.58423" />
									</PolyLine>
								</PathFigure>
							</Path>
							<Path FillMode="Winding" RenderTransform="1 0 0 -1 0 842">
								<Brush>
									<SolidBrush Color="#FF706E74" />
								</Brush>
								<PathFigure IsClosed="True">
									<PolyLine LineColor="#FF000000">
										<Point X="541.77966" Y="81.18115" />
										<Point X="542.37646" Y="81.18115" />
									</PolyLine>
									<PolyLine LineColor="#FF000000">
										<Point X="542.37646" Y="81.18115" />
										<Point X="542.37646" Y="80.58423" />
									</PolyLine>
									<PolyLine LineColor="#FF000000">
										<Point X="542.37646" Y="80.58423" />
										<Point X="541.77966" Y="80.58423" />
									</PolyLine>
								</PathFigure>
							</Path>
							<Path FillMode="Alternate" RenderTransform="1 0 0 -1 0 842">
								<Pen Alignment="Center" DashCap="Flat" DashOffset="0" DashPattern="0.5968368 0.5968368" DashStyle="Custom" EndCap="Flat" LineJoin="Miter" MiterLimit="10" StartCap="Flat" Width="0.5968368">
									<Brush>
										<SolidBrush Color="#FF706E74" />
									</Brush>
								</Pen>
								<PathFigure IsClosed="False">
									<PolyLine LineColor="#FF000000">
										<Point X="510.1473" Y="80.88257" />
										<Point X="541.77966" Y="80.88257" />
									</PolyLine>
								</PathFigure>
							</Path>
						</Canvas>
					</Canvas>
					<Canvas>
						<Clip>
							<Path FillMode="Alternate">
								<PathFigure IsClosed="True">
									<PolyLine LineColor="#FF000000">
										<Point X="28.5" Y="28.5" />
										<Point X="566.25" Y="28.5" />
									</PolyLine>
									<PolyLine LineColor="#FF000000">
										<Point X="566.25" Y="28.5" />
										<Point X="566.25" Y="813.3404" />
									</PolyLine>
									<PolyLine LineColor="#FF000000">
										<Point X="566.25" Y="813.3404" />
										<Point X="28.5" Y="813.3404" />
									</PolyLine>
									<PolyLine LineColor="#FF000000">
										<Point X="28.5" Y="813.3404" />
										<Point X="28.5" Y="28.5" />
									</PolyLine>
								</PathFigure>
							</Path>
						</Clip>
						<Path FillMode="Winding" RenderTransform="1 0 0 -1 0 842">
							<Brush>
								<SolidBrush Color="#FF939598" />
							</Brush>
							<PathFigure IsClosed="True">
								<PolyLine LineColor="#FF000000">
									<Point X="509.55048" Y="92.52112" />
									<Point X="509.55048" Y="80.58435" />
								</PolyLine>
								<PolyLine LineColor="#FF000000">
									<Point X="509.55048" Y="80.58435" />
									<Point X="510.1473" Y="81.18121" />
								</PolyLine>
								<PolyLine LineColor="#FF000000">
									<Point X="510.1473" Y="81.18121" />
									<Point X="510.1473" Y="92.52112" />
								</PolyLine>
								<PolyLine LineColor="#FF000000">
									<Point X="510.1473" Y="92.52112" />
									<Point X="509.55048" Y="92.52112" />
								</PolyLine>
							</PathFigure>
						</Path>
					</Canvas>
					<Canvas>
						<Clip>
							<Path FillMode="Alternate">
								<PathFigure IsClosed="True">
									<PolyLine LineColor="#FF000000">
										<Point X="28.5" Y="28.5" />
										<Point X="566.25" Y="28.5" />
									</PolyLine>
									<PolyLine LineColor="#FF000000">
										<Point X="566.25" Y="28.5" />
										<Point X="566.25" Y="813.3404" />
									</PolyLine>
									<PolyLine LineColor="#FF000000">
										<Point X="566.25" Y="813.3404" />
										<Point X="28.5" Y="813.3404" />
									</PolyLine>
									<PolyLine LineColor="#FF000000">
										<Point X="28.5" Y="813.3404" />
										<Point X="28.5" Y="28.5" />
									</PolyLine>
								</PathFigure>
							</Path>
						</Clip>
						<Canvas>
							<Clip>
								<Path FillMode="Winding">
									<PathFigure IsClosed="False">
										<PolyLine LineColor="#FF000000">
											<Point X="308.41647" Y="774.5461" />
											<Point X="308.41647" Y="773.9492" />
										</PolyLine>
										<PolyLine LineColor="#FF000000">
											<Point X="308.41647" Y="773.9492" />
											<Point X="508.3568" Y="773.9492" />
										</PolyLine>
										<PolyLine LineColor="#FF000000">
											<Point X="508.3568" Y="773.9492" />
											<Point X="508.3568" Y="774.5461" />
										</PolyLine>
									</PathFigure>
								</Path>
							</Clip>
							<Path FillMode="Winding" RenderTransform="1 0 0 -1 0 842">
								<Brush>
									<SolidBrush Color="#FF706E74" />
								</Brush>
								<PathFigure IsClosed="True">
									<PolyLine LineColor="#FF000000">
										<Point X="308.41647" Y="68.05078" />
										<Point X="309.0133" Y="68.05078" />
									</PolyLine>
									<PolyLine LineColor="#FF000000">
										<Point X="309.0133" Y="68.05078" />
										<Point X="309.0133" Y="67.45386" />
									</PolyLine>
									<PolyLine LineColor="#FF000000">
										<Point X="309.0133" Y="67.45386" />
										<Point X="308.41647" Y="67.45386" />
									</PolyLine>
								</PathFigure>
							</Path>
							<Path FillMode="Winding" RenderTransform="1 0 0 -1 0 842">
								<Brush>
									<SolidBrush Color="#FF706E74" />
								</Brush>
								<PathFigure IsClosed="True">
									<PolyLine LineColor="#FF000000">
										<Point X="507.75995" Y="68.05078" />
										<Point X="508.35678" Y="68.05078" />
									</PolyLine>
									<PolyLine LineColor="#FF000000">
										<Point X="508.35678" Y="68.05078" />
										<Point X="508.35678" Y="67.45386" />
									</PolyLine>
									<PolyLine LineColor="#FF000000">
										<Point X="508.35678" Y="67.45386" />
										<Point X="507.75995" Y="67.45386" />
									</PolyLine>
								</PathFigure>
							</Path>
							<Path FillMode="Alternate" RenderTransform="1 0 0 -1 0 842">
								<Pen Alignment="Center" DashCap="Flat" DashOffset="0" DashPattern="0.5968368 0.5968368" DashStyle="Custom" EndCap="Flat" LineJoin="Miter" MiterLimit="10" StartCap="Flat" Width="0.5968368">
									<Brush>
										<SolidBrush Color="#FF706E74" />
									</Brush>
								</Pen>
								<PathFigure IsClosed="False">
									<PolyLine LineColor="#FF000000">
										<Point X="309.0133" Y="67.7522" />
										<Point X="507.75995" Y="67.7522" />
									</PolyLine>
								</PathFigure>
							</Path>
						</Canvas>
					</Canvas>
					<Canvas>
						<Clip>
							<Path FillMode="Alternate">
								<PathFigure IsClosed="True">
									<PolyLine LineColor="#FF000000">
										<Point X="28.5" Y="28.5" />
										<Point X="566.25" Y="28.5" />
									</PolyLine>
									<PolyLine LineColor="#FF000000">
										<Point X="566.25" Y="28.5" />
										<Point X="566.25" Y="813.3404" />
									</PolyLine>
									<PolyLine LineColor="#FF000000">
										<Point X="566.25" Y="813.3404" />
										<Point X="28.5" Y="813.3404" />
									</PolyLine>
									<PolyLine LineColor="#FF000000">
										<Point X="28.5" Y="813.3404" />
										<Point X="28.5" Y="28.5" />
									</PolyLine>
								</PathFigure>
							</Path>
						</Clip>
					</Canvas>
					<Canvas>
						<Clip>
							<Path FillMode="Alternate">
								<PathFigure IsClosed="True">
									<PolyLine LineColor="#FF000000">
										<Point X="28.5" Y="28.5" />
										<Point X="566.25" Y="28.5" />
									</PolyLine>
									<PolyLine LineColor="#FF000000">
										<Point X="566.25" Y="28.5" />
										<Point X="566.25" Y="813.3404" />
									</PolyLine>
									<PolyLine LineColor="#FF000000">
										<Point X="566.25" Y="813.3404" />
										<Point X="28.5" Y="813.3404" />
									</PolyLine>
									<PolyLine LineColor="#FF000000">
										<Point X="28.5" Y="813.3404" />
										<Point X="28.5" Y="28.5" />
									</PolyLine>
								</PathFigure>
							</Path>
						</Clip>
						<Canvas>
							<Clip>
								<Path FillMode="Winding">
									<PathFigure IsClosed="False">
										<PolyLine LineColor="#FF000000">
											<Point X="509.55048" Y="774.5461" />
											<Point X="510.1473" Y="773.9492" />
										</PolyLine>
										<PolyLine LineColor="#FF000000">
											<Point X="510.1473" Y="773.9492" />
											<Point X="542.3765" Y="773.9492" />
										</PolyLine>
										<PolyLine LineColor="#FF000000">
											<Point X="542.3765" Y="773.9492" />
											<Point X="542.3765" Y="774.5461" />
										</PolyLine>
									</PathFigure>
								</Path>
							</Clip>
							<Path FillMode="Winding" RenderTransform="1 0 0 -1 0 842">
								<Brush>
									<SolidBrush Color="#FF706E74" />
								</Brush>
								<PathFigure IsClosed="True">
									<PolyLine LineColor="#FF000000">
										<Point X="509.55048" Y="68.05078" />
										<Point X="510.1473" Y="68.05078" />
									</PolyLine>
									<PolyLine LineColor="#FF000000">
										<Point X="510.1473" Y="68.05078" />
										<Point X="510.1473" Y="67.45386" />
									</PolyLine>
									<PolyLine LineColor="#FF000000">
										<Point X="510.1473" Y="67.45386" />
										<Point X="509.55048" Y="67.45386" />
									</PolyLine>
								</PathFigure>
							</Path>
							<Path FillMode="Winding" RenderTransform="1 0 0 -1 0 842">
								<Brush>
									<SolidBrush Color="#FF706E74" />
								</Brush>
								<PathFigure IsClosed="True">
									<PolyLine LineColor="#FF000000">
										<Point X="541.77966" Y="68.05078" />
										<Point X="542.37646" Y="68.05078" />
									</PolyLine>
									<PolyLine LineColor="#FF000000">
										<Point X="542.37646" Y="68.05078" />
										<Point X="542.37646" Y="67.45386" />
									</PolyLine>
									<PolyLine LineColor="#FF000000">
										<Point X="542.37646" Y="67.45386" />
										<Point X="541.77966" Y="67.45386" />
									</PolyLine>
								</PathFigure>
							</Path>
							<Path FillMode="Alternate" RenderTransform="1 0 0 -1 0 842">
								<Pen Alignment="Center" DashCap="Flat" DashOffset="0" DashPattern="0.5968368 0.5968368" DashStyle="Custom" EndCap="Flat" LineJoin="Miter" MiterLimit="10" StartCap="Flat" Width="0.5968368">
									<Brush>
										<SolidBrush Color="#FF706E74" />
									</Brush>
								</Pen>
								<PathFigure IsClosed="False">
									<PolyLine LineColor="#FF000000">
										<Point X="510.1473" Y="67.7522" />
										<Point X="541.77966" Y="67.7522" />
									</PolyLine>
								</PathFigure>
							</Path>
						</Canvas>
					</Canvas>
					<Canvas>
						<Clip>
							<Path FillMode="Alternate">
								<PathFigure IsClosed="True">
									<PolyLine LineColor="#FF000000">
										<Point X="28.5" Y="28.5" />
										<Point X="566.25" Y="28.5" />
									</PolyLine>
									<PolyLine LineColor="#FF000000">
										<Point X="566.25" Y="28.5" />
										<Point X="566.25" Y="813.3404" />
									</PolyLine>
									<PolyLine LineColor="#FF000000">
										<Point X="566.25" Y="813.3404" />
										<Point X="28.5" Y="813.3404" />
									</PolyLine>
									<PolyLine LineColor="#FF000000">
										<Point X="28.5" Y="813.3404" />
										<Point X="28.5" Y="28.5" />
									</PolyLine>
								</PathFigure>
							</Path>
						</Clip>
						<Path FillMode="Winding" RenderTransform="1 0 0 -1 0 842">
							<Brush>
								<SolidBrush Color="#FF939598" />
							</Brush>
							<PathFigure IsClosed="True">
								<PolyLine LineColor="#FF000000">
									<Point X="509.55048" Y="79.390686" />
									<Point X="509.55048" Y="67.45392" />
								</PolyLine>
								<PolyLine LineColor="#FF000000">
									<Point X="509.55048" Y="67.45392" />
									<Point X="510.1473" Y="68.05078" />
								</PolyLine>
								<PolyLine LineColor="#FF000000">
									<Point X="510.1473" Y="68.05078" />
									<Point X="510.1473" Y="79.390686" />
								</PolyLine>
								<PolyLine LineColor="#FF000000">
									<Point X="510.1473" Y="79.390686" />
									<Point X="509.55048" Y="79.390686" />
								</PolyLine>
							</PathFigure>
						</Path>
					</Canvas>
					<Canvas>
						<Clip>
							<Path FillMode="Alternate">
								<PathFigure IsClosed="True">
									<PolyLine LineColor="#FF000000">
										<Point X="28.5" Y="28.5" />
										<Point X="566.25" Y="28.5" />
									</PolyLine>
									<PolyLine LineColor="#FF000000">
										<Point X="566.25" Y="28.5" />
										<Point X="566.25" Y="813.3404" />
									</PolyLine>
									<PolyLine LineColor="#FF000000">
										<Point X="566.25" Y="813.3404" />
										<Point X="28.5" Y="813.3404" />
									</PolyLine>
									<PolyLine LineColor="#FF000000">
										<Point X="28.5" Y="813.3404" />
										<Point X="28.5" Y="28.5" />
									</PolyLine>
								</PathFigure>
							</Path>
						</Clip>
						<Canvas>
							<Clip>
								<Path FillMode="Winding">
									<PathFigure IsClosed="False">
										<PolyLine LineColor="#FF000000">
											<Point X="308.41647" Y="787.67645" />
											<Point X="308.41647" Y="787.0796" />
										</PolyLine>
										<PolyLine LineColor="#FF000000">
											<Point X="308.41647" Y="787.0796" />
											<Point X="508.3568" Y="787.0796" />
										</PolyLine>
										<PolyLine LineColor="#FF000000">
											<Point X="508.3568" Y="787.0796" />
											<Point X="508.3568" Y="787.67645" />
										</PolyLine>
									</PathFigure>
								</Path>
							</Clip>
							<Path FillMode="Winding" RenderTransform="1 0 0 -1 0 842">
								<Brush>
									<SolidBrush Color="#FF706E74" />
								</Brush>
								<PathFigure IsClosed="True">
									<PolyLine LineColor="#FF000000">
										<Point X="308.41647" Y="54.920166" />
										<Point X="309.0133" Y="54.920166" />
									</PolyLine>
									<PolyLine LineColor="#FF000000">
										<Point X="309.0133" Y="54.920166" />
										<Point X="309.0133" Y="54.323486" />
									</PolyLine>
									<PolyLine LineColor="#FF000000">
										<Point X="309.0133" Y="54.323486" />
										<Point X="308.41647" Y="54.323486" />
									</PolyLine>
								</PathFigure>
							</Path>
							<Path FillMode="Winding" RenderTransform="1 0 0 -1 0 842">
								<Brush>
									<SolidBrush Color="#FF706E74" />
								</Brush>
								<PathFigure IsClosed="True">
									<PolyLine LineColor="#FF000000">
										<Point X="507.75995" Y="54.920166" />
										<Point X="508.35678" Y="54.920166" />
									</PolyLine>
									<PolyLine LineColor="#FF000000">
										<Point X="508.35678" Y="54.920166" />
										<Point X="508.35678" Y="54.323486" />
									</PolyLine>
									<PolyLine LineColor="#FF000000">
										<Point X="508.35678" Y="54.323486" />
										<Point X="507.75995" Y="54.323486" />
									</PolyLine>
								</PathFigure>
							</Path>
							<Path FillMode="Alternate" RenderTransform="1 0 0 -1 0 842">
								<Pen Alignment="Center" DashCap="Flat" DashOffset="0" DashPattern="0.5968368 0.5968368" DashStyle="Custom" EndCap="Flat" LineJoin="Miter" MiterLimit="10" StartCap="Flat" Width="0.5968368">
									<Brush>
										<SolidBrush Color="#FF706E74" />
									</Brush>
								</Pen>
								<PathFigure IsClosed="False">
									<PolyLine LineColor="#FF000000">
										<Point X="309.0133" Y="54.621826" />
										<Point X="507.75995" Y="54.621826" />
									</PolyLine>
								</PathFigure>
							</Path>
						</Canvas>
					</Canvas>
					<Canvas>
						<Clip>
							<Path FillMode="Alternate">
								<PathFigure IsClosed="True">
									<PolyLine LineColor="#FF000000">
										<Point X="28.5" Y="28.5" />
										<Point X="566.25" Y="28.5" />
									</PolyLine>
									<PolyLine LineColor="#FF000000">
										<Point X="566.25" Y="28.5" />
										<Point X="566.25" Y="813.3404" />
									</PolyLine>
									<PolyLine LineColor="#FF000000">
										<Point X="566.25" Y="813.3404" />
										<Point X="28.5" Y="813.3404" />
									</PolyLine>
									<PolyLine LineColor="#FF000000">
										<Point X="28.5" Y="813.3404" />
										<Point X="28.5" Y="28.5" />
									</PolyLine>
								</PathFigure>
							</Path>
						</Clip>
					</Canvas>
					<Canvas>
						<Clip>
							<Path FillMode="Alternate">
								<PathFigure IsClosed="True">
									<PolyLine LineColor="#FF000000">
										<Point X="28.5" Y="28.5" />
										<Point X="566.25" Y="28.5" />
									</PolyLine>
									<PolyLine LineColor="#FF000000">
										<Point X="566.25" Y="28.5" />
										<Point X="566.25" Y="813.3404" />
									</PolyLine>
									<PolyLine LineColor="#FF000000">
										<Point X="566.25" Y="813.3404" />
										<Point X="28.5" Y="813.3404" />
									</PolyLine>
									<PolyLine LineColor="#FF000000">
										<Point X="28.5" Y="813.3404" />
										<Point X="28.5" Y="28.5" />
									</PolyLine>
								</PathFigure>
							</Path>
						</Clip>
						<Canvas>
							<Clip>
								<Path FillMode="Winding">
									<PathFigure IsClosed="False">
										<PolyLine LineColor="#FF000000">
											<Point X="509.55048" Y="787.67645" />
											<Point X="510.1473" Y="787.0796" />
										</PolyLine>
										<PolyLine LineColor="#FF000000">
											<Point X="510.1473" Y="787.0796" />
											<Point X="542.3765" Y="787.0796" />
										</PolyLine>
										<PolyLine LineColor="#FF000000">
											<Point X="542.3765" Y="787.0796" />
											<Point X="542.3765" Y="787.67645" />
										</PolyLine>
									</PathFigure>
								</Path>
							</Clip>
							<Path FillMode="Winding" RenderTransform="1 0 0 -1 0 842">
								<Brush>
									<SolidBrush Color="#FF706E74" />
								</Brush>
								<PathFigure IsClosed="True">
									<PolyLine LineColor="#FF000000">
										<Point X="509.55048" Y="54.920166" />
										<Point X="510.1473" Y="54.920166" />
									</PolyLine>
									<PolyLine LineColor="#FF000000">
										<Point X="510.1473" Y="54.920166" />
										<Point X="510.1473" Y="54.323486" />
									</PolyLine>
									<PolyLine LineColor="#FF000000">
										<Point X="510.1473" Y="54.323486" />
										<Point X="509.55048" Y="54.323486" />
									</PolyLine>
								</PathFigure>
							</Path>
							<Path FillMode="Winding" RenderTransform="1 0 0 -1 0 842">
								<Brush>
									<SolidBrush Color="#FF706E74" />
								</Brush>
								<PathFigure IsClosed="True">
									<PolyLine LineColor="#FF000000">
										<Point X="541.77966" Y="54.920166" />
										<Point X="542.37646" Y="54.920166" />
									</PolyLine>
									<PolyLine LineColor="#FF000000">
										<Point X="542.37646" Y="54.920166" />
										<Point X="542.37646" Y="54.323486" />
									</PolyLine>
									<PolyLine LineColor="#FF000000">
										<Point X="542.37646" Y="54.323486" />
										<Point X="541.77966" Y="54.323486" />
									</PolyLine>
								</PathFigure>
							</Path>
							<Path FillMode="Alternate" RenderTransform="1 0 0 -1 0 842">
								<Pen Alignment="Center" DashCap="Flat" DashOffset="0" DashPattern="0.5968368 0.5968368" DashStyle="Custom" EndCap="Flat" LineJoin="Miter" MiterLimit="10" StartCap="Flat" Width="0.5968368">
									<Brush>
										<SolidBrush Color="#FF706E74" />
									</Brush>
								</Pen>
								<PathFigure IsClosed="False">
									<PolyLine LineColor="#FF000000">
										<Point X="510.1473" Y="54.621826" />
										<Point X="541.77966" Y="54.621826" />
									</PolyLine>
								</PathFigure>
							</Path>
						</Canvas>
					</Canvas>
					<Canvas>
						<Clip>
							<Path FillMode="Alternate">
								<PathFigure IsClosed="True">
									<PolyLine LineColor="#FF000000">
										<Point X="28.5" Y="28.5" />
										<Point X="566.25" Y="28.5" />
									</PolyLine>
									<PolyLine LineColor="#FF000000">
										<Point X="566.25" Y="28.5" />
										<Point X="566.25" Y="813.3404" />
									</PolyLine>
									<PolyLine LineColor="#FF000000">
										<Point X="566.25" Y="813.3404" />
										<Point X="28.5" Y="813.3404" />
									</PolyLine>
									<PolyLine LineColor="#FF000000">
										<Point X="28.5" Y="813.3404" />
										<Point X="28.5" Y="28.5" />
									</PolyLine>
								</PathFigure>
							</Path>
						</Clip>
						<Path FillMode="Winding" RenderTransform="1 0 0 -1 0 842">
							<Brush>
								<SolidBrush Color="#FF939598" />
							</Brush>
							<PathFigure IsClosed="True">
								<PolyLine LineColor="#FF000000">
									<Point X="509.55048" Y="66.260254" />
									<Point X="509.55048" Y="54.323547" />
								</PolyLine>
								<PolyLine LineColor="#FF000000">
									<Point X="509.55048" Y="54.323547" />
									<Point X="510.1473" Y="54.92041" />
								</PolyLine>
								<PolyLine LineColor="#FF000000">
									<Point X="510.1473" Y="54.92041" />
									<Point X="510.1473" Y="66.260254" />
								</PolyLine>
								<PolyLine LineColor="#FF000000">
									<Point X="510.1473" Y="66.260254" />
									<Point X="509.55048" Y="66.260254" />
								</PolyLine>
							</PathFigure>
						</Path>
					</Canvas>
					<Canvas>
						<Clip>
							<Path FillMode="Alternate">
								<PathFigure IsClosed="True">
									<PolyLine LineColor="#FF000000">
										<Point X="28.5" Y="28.5" />
										<Point X="566.25" Y="28.5" />
									</PolyLine>
									<PolyLine LineColor="#FF000000">
										<Point X="566.25" Y="28.5" />
										<Point X="566.25" Y="813.3404" />
									</PolyLine>
									<PolyLine LineColor="#FF000000">
										<Point X="566.25" Y="813.3404" />
										<Point X="28.5" Y="813.3404" />
									</PolyLine>
									<PolyLine LineColor="#FF000000">
										<Point X="28.5" Y="813.3404" />
										<Point X="28.5" Y="28.5" />
									</PolyLine>
								</PathFigure>
							</Path>
						</Clip>
						<Canvas>
							<Clip>
								<Path FillMode="Winding">
									<PathFigure IsClosed="False">
										<PolyLine LineColor="#FF000000">
											<Point X="308.41647" Y="800.8068" />
											<Point X="308.41647" Y="800.20996" />
										</PolyLine>
										<PolyLine LineColor="#FF000000">
											<Point X="308.41647" Y="800.20996" />
											<Point X="508.3568" Y="800.20996" />
										</PolyLine>
										<PolyLine LineColor="#FF000000">
											<Point X="508.3568" Y="800.20996" />
											<Point X="508.3568" Y="800.8068" />
										</PolyLine>
									</PathFigure>
								</Path>
							</Clip>
							<Path FillMode="Winding" RenderTransform="1 0 0 -1 0 842">
								<Brush>
									<SolidBrush Color="#FF706E74" />
								</Brush>
								<PathFigure IsClosed="True">
									<PolyLine LineColor="#FF000000">
										<Point X="308.41647" Y="41.789795" />
										<Point X="309.0133" Y="41.789795" />
									</PolyLine>
									<PolyLine LineColor="#FF000000">
										<Point X="309.0133" Y="41.789795" />
										<Point X="309.0133" Y="41.193115" />
									</PolyLine>
									<PolyLine LineColor="#FF000000">
										<Point X="309.0133" Y="41.193115" />
										<Point X="308.41647" Y="41.193115" />
									</PolyLine>
								</PathFigure>
							</Path>
							<Path FillMode="Winding" RenderTransform="1 0 0 -1 0 842">
								<Brush>
									<SolidBrush Color="#FF706E74" />
								</Brush>
								<PathFigure IsClosed="True">
									<PolyLine LineColor="#FF000000">
										<Point X="507.75995" Y="41.789795" />
										<Point X="508.35678" Y="41.789795" />
									</PolyLine>
									<PolyLine LineColor="#FF000000">
										<Point X="508.35678" Y="41.789795" />
										<Point X="508.35678" Y="41.193115" />
									</PolyLine>
									<PolyLine LineColor="#FF000000">
										<Point X="508.35678" Y="41.193115" />
										<Point X="507.75995" Y="41.193115" />
									</PolyLine>
								</PathFigure>
							</Path>
							<Path FillMode="Alternate" RenderTransform="1 0 0 -1 0 842">
								<Pen Alignment="Center" DashCap="Flat" DashOffset="0" DashPattern="0.5968368 0.5968368" DashStyle="Custom" EndCap="Flat" LineJoin="Miter" MiterLimit="10" StartCap="Flat" Width="0.5968368">
									<Brush>
										<SolidBrush Color="#FF706E74" />
									</Brush>
								</Pen>
								<PathFigure IsClosed="False">
									<PolyLine LineColor="#FF000000">
										<Point X="309.0133" Y="41.491455" />
										<Point X="507.75995" Y="41.491455" />
									</PolyLine>
								</PathFigure>
							</Path>
						</Canvas>
					</Canvas>
					<Canvas>
						<Clip>
							<Path FillMode="Alternate">
								<PathFigure IsClosed="True">
									<PolyLine LineColor="#FF000000">
										<Point X="28.5" Y="28.5" />
										<Point X="566.25" Y="28.5" />
									</PolyLine>
									<PolyLine LineColor="#FF000000">
										<Point X="566.25" Y="28.5" />
										<Point X="566.25" Y="813.3404" />
									</PolyLine>
									<PolyLine LineColor="#FF000000">
										<Point X="566.25" Y="813.3404" />
										<Point X="28.5" Y="813.3404" />
									</PolyLine>
									<PolyLine LineColor="#FF000000">
										<Point X="28.5" Y="813.3404" />
										<Point X="28.5" Y="28.5" />
									</PolyLine>
								</PathFigure>
							</Path>
						</Clip>
					</Canvas>
					<Canvas>
						<Clip>
							<Path FillMode="Alternate">
								<PathFigure IsClosed="True">
									<PolyLine LineColor="#FF000000">
										<Point X="28.5" Y="28.5" />
										<Point X="566.25" Y="28.5" />
									</PolyLine>
									<PolyLine LineColor="#FF000000">
										<Point X="566.25" Y="28.5" />
										<Point X="566.25" Y="813.3404" />
									</PolyLine>
									<PolyLine LineColor="#FF000000">
										<Point X="566.25" Y="813.3404" />
										<Point X="28.5" Y="813.3404" />
									</PolyLine>
									<PolyLine LineColor="#FF000000">
										<Point X="28.5" Y="813.3404" />
										<Point X="28.5" Y="28.5" />
									</PolyLine>
								</PathFigure>
							</Path>
						</Clip>
						<Canvas>
							<Clip>
								<Path FillMode="Winding">
									<PathFigure IsClosed="False">
										<PolyLine LineColor="#FF000000">
											<Point X="509.55048" Y="800.8068" />
											<Point X="510.1473" Y="800.20996" />
										</PolyLine>
										<PolyLine LineColor="#FF000000">
											<Point X="510.1473" Y="800.20996" />
											<Point X="542.3765" Y="800.20996" />
										</PolyLine>
										<PolyLine LineColor="#FF000000">
											<Point X="542.3765" Y="800.20996" />
											<Point X="542.3765" Y="800.8068" />
										</PolyLine>
									</PathFigure>
								</Path>
							</Clip>
							<Path FillMode="Winding" RenderTransform="1 0 0 -1 0 842">
								<Brush>
									<SolidBrush Color="#FF706E74" />
								</Brush>
								<PathFigure IsClosed="True">
									<PolyLine LineColor="#FF000000">
										<Point X="509.55048" Y="41.789795" />
										<Point X="510.1473" Y="41.789795" />
									</PolyLine>
									<PolyLine LineColor="#FF000000">
										<Point X="510.1473" Y="41.789795" />
										<Point X="510.1473" Y="41.193115" />
									</PolyLine>
									<PolyLine LineColor="#FF000000">
										<Point X="510.1473" Y="41.193115" />
										<Point X="509.55048" Y="41.193115" />
									</PolyLine>
								</PathFigure>
							</Path>
							<Path FillMode="Winding" RenderTransform="1 0 0 -1 0 842">
								<Brush>
									<SolidBrush Color="#FF706E74" />
								</Brush>
								<PathFigure IsClosed="True">
									<PolyLine LineColor="#FF000000">
										<Point X="541.77966" Y="41.789795" />
										<Point X="542.37646" Y="41.789795" />
									</PolyLine>
									<PolyLine LineColor="#FF000000">
										<Point X="542.37646" Y="41.789795" />
										<Point X="542.37646" Y="41.193115" />
									</PolyLine>
									<PolyLine LineColor="#FF000000">
										<Point X="542.37646" Y="41.193115" />
										<Point X="541.77966" Y="41.193115" />
									</PolyLine>
								</PathFigure>
							</Path>
							<Path FillMode="Alternate" RenderTransform="1 0 0 -1 0 842">
								<Pen Alignment="Center" DashCap="Flat" DashOffset="0" DashPattern="0.5968368 0.5968368" DashStyle="Custom" EndCap="Flat" LineJoin="Miter" MiterLimit="10" StartCap="Flat" Width="0.5968368">
									<Brush>
										<SolidBrush Color="#FF706E74" />
									</Brush>
								</Pen>
								<PathFigure IsClosed="False">
									<PolyLine LineColor="#FF000000">
										<Point X="510.1473" Y="41.491455" />
										<Point X="541.77966" Y="41.491455" />
									</PolyLine>
								</PathFigure>
							</Path>
						</Canvas>
					</Canvas>
					<Canvas>
						<Clip>
							<Path FillMode="Alternate">
								<PathFigure IsClosed="True">
									<PolyLine LineColor="#FF000000">
										<Point X="28.5" Y="28.5" />
										<Point X="566.25" Y="28.5" />
									</PolyLine>
									<PolyLine LineColor="#FF000000">
										<Point X="566.25" Y="28.5" />
										<Point X="566.25" Y="813.3404" />
									</PolyLine>
									<PolyLine LineColor="#FF000000">
										<Point X="566.25" Y="813.3404" />
										<Point X="28.5" Y="813.3404" />
									</PolyLine>
									<PolyLine LineColor="#FF000000">
										<Point X="28.5" Y="813.3404" />
										<Point X="28.5" Y="28.5" />
									</PolyLine>
								</PathFigure>
							</Path>
						</Clip>
						<Path FillMode="Winding" RenderTransform="1 0 0 -1 0 842">
							<Brush>
								<SolidBrush Color="#FF939598" />
							</Brush>
							<PathFigure IsClosed="True">
								<PolyLine LineColor="#FF000000">
									<Point X="509.55048" Y="53.129883" />
									<Point X="509.55048" Y="41.193176" />
								</PolyLine>
								<PolyLine LineColor="#FF000000">
									<Point X="509.55048" Y="41.193176" />
									<Point X="510.1473" Y="41.79004" />
								</PolyLine>
								<PolyLine LineColor="#FF000000">
									<Point X="510.1473" Y="41.79004" />
									<Point X="510.1473" Y="53.129883" />
								</PolyLine>
								<PolyLine LineColor="#FF000000">
									<Point X="510.1473" Y="53.129883" />
									<Point X="509.55048" Y="53.129883" />
								</PolyLine>
							</PathFigure>
						</Path>
						<Glyphs OutlineWidth="0.5" CharSpace="0" RenderTransform="0.5968368 0 -0 0.5968368 314.98166 741.1233">
							<Font SizePoints="16" Style="Bold" FamilyName="HPDHEV+BlissPro-Bold" Capitals="Normal" ResourceId="3" />
							<Origin X="0" Y="0" />
							<Text>Ф</Text>
							<Size Width="12.416" Height="9.328125" />
							<Brush>
								<SolidBrush Color="#FFFFFFFF" />
							</Brush>
							<Tag>convertedFont</Tag>
						</Glyphs>
						<Glyphs OutlineWidth="0.5" CharSpace="0" RenderTransform="0.5968368 0 -0 0.5968368 322.44214 741.1233">
							<Font SizePoints="16" Style="Bold" FamilyName="HPDHEV+BlissPro-Bold" Capitals="Normal" ResourceId="3" />
							<Origin X="0" Y="0" />
							<Text>И</Text>
							<Size Width="11.872" Height="9.328125" />
							<Brush>
								<SolidBrush Color="#FFFFFFFF" />
							</Brush>
							<Tag>convertedFont</Tag>
						</Glyphs>
						<Glyphs OutlineWidth="0.5" CharSpace="0" RenderTransform="0.5968368 0 -0 0.5968368 329.5762 741.1233">
							<Font SizePoints="16" Style="Bold" FamilyName="HPDHEV+BlissPro-Bold" Capitals="Normal" ResourceId="3" />
							<Origin X="0" Y="0" />
							<Text>Л</Text>
							<Size Width="10.368" Height="9.328125" />
							<Brush>
								<SolidBrush Color="#FFFFFFFF" />
							</Brush>
							<Tag>convertedFont</Tag>
						</Glyphs>
						<Glyphs OutlineWidth="0.5" CharSpace="0" RenderTransform="0.5968368 0 -0 0.5968368 335.80566 741.1233">
							<Font SizePoints="16" Style="Bold" FamilyName="HPDHEV+BlissPro-Bold" Capitals="Normal" ResourceId="3" />
							<Origin X="0" Y="0" />
							<Text>Ь</Text>
							<Size Width="9.024" Height="9.328125" />
							<Brush>
								<SolidBrush Color="#FFFFFFFF" />
							</Brush>
							<Tag>convertedFont</Tag>
						</Glyphs>
						<Glyphs OutlineWidth="0.5" CharSpace="0" RenderTransform="0.5968368 0 -0 0.5968368 341.23315 741.1233">
							<Font SizePoints="16" Style="Bold" FamilyName="HPDHEV+BlissPro-Bold" Capitals="Normal" ResourceId="3" />
							<Origin X="0" Y="0" />
							<Text>Т</Text>
							<Size Width="8.56" Height="9.328125" />
							<Brush>
								<SolidBrush Color="#FFFFFFFF" />
							</Brush>
							<Tag>convertedFont</Tag>
						</Glyphs>
						<Glyphs OutlineWidth="0.5" CharSpace="0" RenderTransform="0.5968368 0 -0 0.5968368 346.37155 741.1233">
							<Font SizePoints="16" Style="Bold" FamilyName="HPDHEV+BlissPro-Bold" Capitals="Normal" ResourceId="3" />
							<Origin X="0" Y="0" />
							<Text>Р</Text>
							<Size Width="8.624" Height="9.328125" />
							<Brush>
								<SolidBrush Color="#FFFFFFFF" />
							</Brush>
							<Tag>convertedFont</Tag>
						</Glyphs>
						<Glyphs OutlineWidth="0.5" CharSpace="0" RenderTransform="0.5968368 0 -0 0.5968368 351.55658 741.1233">
							<Font SizePoints="16" Style="Bold" FamilyName="HPDHEV+BlissPro-Bold" Capitals="Normal" ResourceId="3" />
							<Origin X="0" Y="0" />
							<Text> </Text>
							<Size Width="3.424" Height="9.328125" />
							<Brush>
								<SolidBrush Color="#FFFFFFFF" />
							</Brush>
							<Tag>convertedFont</Tag>
						</Glyphs>
						<Glyphs OutlineWidth="0.5" CharSpace="0" RenderTransform="0.5968368 0 -0 0.5968368 353.61752 741.1233">
							<Font SizePoints="16" Style="Bold" FamilyName="HPDHEV+BlissPro-Bold" Capitals="Normal" ResourceId="3" />
							<Origin X="0" Y="0" />
							<Text>С</Text>
							<Size Width="9.984" Height="9.328125" />
							<Brush>
								<SolidBrush Color="#FFFFFFFF" />
							</Brush>
							<Tag>convertedFont</Tag>
						</Glyphs>
						<Glyphs OutlineWidth="0.5" CharSpace="0" RenderTransform="0.5968368 0 -0 0.5968368 359.6232 741.1233">
							<Font SizePoints="16" Style="Bold" FamilyName="HPDHEV+BlissPro-Bold" Capitals="Normal" ResourceId="3" />
							<Origin X="0" Y="0" />
							<Text>Т</Text>
							<Size Width="8.56" Height="9.328125" />
							<Brush>
								<SolidBrush Color="#FFFFFFFF" />
							</Brush>
							<Tag>convertedFont</Tag>
						</Glyphs>
						<Glyphs OutlineWidth="0.5" CharSpace="0" RenderTransform="0.5968368 0 -0 0.5968368 364.7616 741.1233">
							<Font SizePoints="16" Style="Bold" FamilyName="HPDHEV+BlissPro-Bold" Capitals="Normal" ResourceId="3" />
							<Origin X="0" Y="0" />
							<Text>У</Text>
							<Size Width="9.568" Height="9.328125" />
							<Brush>
								<SolidBrush Color="#FFFFFFFF" />
							</Brush>
							<Tag>convertedFont</Tag>
						</Glyphs>
						<Glyphs OutlineWidth="0.5" CharSpace="0" RenderTransform="0.5968368 0 -0 0.5968368 370.51547 741.1233">
							<Font SizePoints="16" Style="Bold" FamilyName="HPDHEV+BlissPro-Bold" Capitals="Normal" ResourceId="3" />
							<Origin X="0" Y="0" />
							<Text>П</Text>
							<Size Width="10.928" Height="9.328125" />
							<Brush>
								<SolidBrush Color="#FFFFFFFF" />
							</Brush>
							<Tag>convertedFont</Tag>
						</Glyphs>
						<Glyphs OutlineWidth="0.5" CharSpace="0" RenderTransform="0.5968368 0 -0 0.5968368 377.09 741.1233">
							<Font SizePoints="16" Style="Bold" FamilyName="HPDHEV+BlissPro-Bold" Capitals="Normal" ResourceId="3" />
							<Origin X="0" Y="0" />
							<Text>Е</Text>
							<Size Width="8.016" Height="9.328125" />
							<Brush>
								<SolidBrush Color="#FFFFFFFF" />
							</Brush>
							<Tag>convertedFont</Tag>
						</Glyphs>
						<Glyphs OutlineWidth="0.5" CharSpace="0" RenderTransform="0.5968368 0 -0 0.5968368 381.91132 741.1233">
							<Font SizePoints="16" Style="Bold" FamilyName="HPDHEV+BlissPro-Bold" Capitals="Normal" ResourceId="3" />
							<Origin X="0" Y="0" />
							<Text>Н</Text>
							<Size Width="11.392" Height="9.328125" />
							<Brush>
								<SolidBrush Color="#FFFFFFFF" />
							</Brush>
							<Tag>convertedFont</Tag>
						</Glyphs>
						<Glyphs OutlineWidth="0.5" CharSpace="0" RenderTransform="0.5968368 0 -0 0.5968368 388.76562 741.1233">
							<Font SizePoints="16" Style="Bold" FamilyName="HPDHEV+BlissPro-Bold" Capitals="Normal" ResourceId="3" />
							<Origin X="0" Y="0" />
							<Text>Ь</Text>
							<Size Width="9.024" Height="9.328125" />
							<Brush>
								<SolidBrush Color="#FFFFFFFF" />
							</Brush>
							<Tag>convertedFont</Tag>
						</Glyphs>
						<Glyphs OutlineWidth="0.5" CharSpace="0" RenderTransform="0.5968368 0 -0 0.5968368 394.1931 741.1233">
							<Font SizePoints="16" Style="Bold" FamilyName="HPDHEV+BlissPro-Bold" Capitals="Normal" ResourceId="3" />
							<Origin X="0" Y="0" />
							<Text> </Text>
							<Size Width="3.424" Height="9.328125" />
							<Brush>
								<SolidBrush Color="#FFFFFFFF" />
							</Brush>
							<Tag>convertedFont</Tag>
						</Glyphs>
						<Glyphs OutlineWidth="0.5" CharSpace="0" RenderTransform="0.5968368 0 -0 0.5968368 396.25406 741.1233">
							<Font SizePoints="16" Style="Bold" FamilyName="HPDHEV+BlissPro-Bold" Capitals="Normal" ResourceId="3" />
							<Origin X="0" Y="0" />
							<Text>1</Text>
							<Size Width="7.056" Height="9.328125" />
							<Brush>
								<SolidBrush Color="#FFFFFFFF" />
							</Brush>
							<Tag>convertedFont</Tag>
						</Glyphs>
						<Glyphs OutlineWidth="0.5" CharSpace="0" RenderTransform="0.5968368 0 -0 0.5968368 313.19116 757.8347">
							<Font SizePoints="14" Style="Regular" FamilyName="CSMVMI+BlissPro" Capitals="Normal" ResourceId="2" />
							<Origin X="0" Y="0" />
							<Text>О</Text>
							<Size Width="10.57" Height="8.162108" />
							<Brush>
								<SolidBrush Color="#FF000000" />
							</Brush>
							<Tag>convertedFont</Tag>
						</Glyphs>
						<Glyphs OutlineWidth="0.5" CharSpace="0" RenderTransform="0.5968368 0 -0 0.5968368 319.54187 757.8347">
							<Font SizePoints="14" Style="Regular" FamilyName="CSMVMI+BlissPro" Capitals="Normal" ResourceId="2" />
							<Origin X="0" Y="0" />
							<Text>б</Text>
							<Size Width="7.14" Height="8.162108" />
							<Brush>
								<SolidBrush Color="#FF000000" />
							</Brush>
							<Tag>convertedFont</Tag>
						</Glyphs>
						<Glyphs OutlineWidth="0.5" CharSpace="0" RenderTransform="0.5968368 0 -0 0.5968368 323.83163 757.8347">
							<Font SizePoints="14" Style="Regular" FamilyName="CSMVMI+BlissPro" Capitals="Normal" ResourceId="2" />
							<Origin X="0" Y="0" />
							<Text>о</Text>
							<Size Width="7.364" Height="8.162108" />
							<Brush>
								<SolidBrush Color="#FF000000" />
							</Brush>
							<Tag>convertedFont</Tag>
						</Glyphs>
						<Glyphs OutlineWidth="0.5" CharSpace="0" RenderTransform="0.5968368 0 -0 0.5968368 328.25195 757.8347">
							<Font SizePoints="14" Style="Regular" FamilyName="CSMVMI+BlissPro" Capitals="Normal" ResourceId="2" />
							<Origin X="0" Y="0" />
							<Text>з</Text>
							<Size Width="5.894" Height="8.162108" />
							<Brush>
								<SolidBrush Color="#FF000000" />
							</Brush>
							<Tag>convertedFont</Tag>
						</Glyphs>
						<Glyphs OutlineWidth="0.5" CharSpace="0" RenderTransform="0.5968368 0 -0 0.5968368 331.7957 757.8347">
							<Font SizePoints="14" Style="Regular" FamilyName="CSMVMI+BlissPro" Capitals="Normal" ResourceId="2" />
							<Origin X="0" Y="0" />
							<Text>н</Text>
							<Size Width="7.266" Height="8.162108" />
							<Brush>
								<SolidBrush Color="#FF000000" />
							</Brush>
							<Tag>convertedFont</Tag>
						</Glyphs>
						<Glyphs OutlineWidth="0.5" CharSpace="0" RenderTransform="0.5968368 0 -0 0.5968368 336.16003 757.8347">
							<Font SizePoints="14" Style="Regular" FamilyName="CSMVMI+BlissPro" Capitals="Normal" ResourceId="2" />
							<Origin X="0" Y="0" />
							<Text>а</Text>
							<Size Width="6.608" Height="8.162108" />
							<Brush>
								<SolidBrush Color="#FF000000" />
							</Brush>
							<Tag>convertedFont</Tag>
						</Glyphs>
						<Glyphs OutlineWidth="0.5" CharSpace="0" RenderTransform="0.5968368 0 -0 0.5968368 340.13275 757.8347">
							<Font SizePoints="14" Style="Regular" FamilyName="CSMVMI+BlissPro" Capitals="Normal" ResourceId="2" />
							<Origin X="0" Y="0" />
							<Text>ч</Text>
							<Size Width="6.776" Height="8.162108" />
							<Brush>
								<SolidBrush Color="#FF000000" />
							</Brush>
							<Tag>convertedFont</Tag>
						</Glyphs>
						<Glyphs OutlineWidth="0.5" CharSpace="0" RenderTransform="0.5968368 0 -0 0.5968368 344.208 757.8347">
							<Font SizePoints="14" Style="Regular" FamilyName="CSMVMI+BlissPro" Capitals="Normal" ResourceId="2" />
							<Origin X="0" Y="0" />
							<Text>е</Text>
							<Size Width="6.636" Height="8.162108" />
							<Brush>
								<SolidBrush Color="#FF000000" />
							</Brush>
							<Tag>convertedFont</Tag>
						</Glyphs>
						<Glyphs OutlineWidth="0.5" CharSpace="0" RenderTransform="0.5968368 0 -0 0.5968368 348.19937 757.8347">
							<Font SizePoints="14" Style="Regular" FamilyName="CSMVMI+BlissPro" Capitals="Normal" ResourceId="2" />
							<Origin X="0" Y="0" />
							<Text>н</Text>
							<Size Width="7.266" Height="8.162108" />
							<Brush>
								<SolidBrush Color="#FF000000" />
							</Brush>
							<Tag>convertedFont</Tag>
						</Glyphs>
						<Glyphs OutlineWidth="0.5" CharSpace="0" RenderTransform="0.5968368 0 -0 0.5968368 352.56372 757.8347">
							<Font SizePoints="14" Style="Regular" FamilyName="CSMVMI+BlissPro" Capitals="Normal" ResourceId="2" />
							<Origin X="0" Y="0" />
							<Text>и</Text>
							<Size Width="7.518" Height="8.162108" />
							<Brush>
								<SolidBrush Color="#FF000000" />
							</Brush>
							<Tag>convertedFont</Tag>
						</Glyphs>
						<Glyphs OutlineWidth="0.5" CharSpace="0" RenderTransform="0.5968368 0 -0 0.5968368 357.0773 757.8347">
							<Font SizePoints="14" Style="Regular" FamilyName="CSMVMI+BlissPro" Capitals="Normal" ResourceId="2" />
							<Origin X="0" Y="0" />
							<Text>е</Text>
							<Size Width="6.636" Height="8.162108" />
							<Brush>
								<SolidBrush Color="#FF000000" />
							</Brush>
							<Tag>convertedFont</Tag>
						</Glyphs>
						<Glyphs OutlineWidth="0.5" CharSpace="0" RenderTransform="0.5968368 0 -0 0.5968368 514.922 757.8347">
							<Font SizePoints="14" Style="Regular" FamilyName="CSMVMI+BlissPro" Capitals="Normal" ResourceId="2" />
							<Origin X="0" Y="0" />
							<Text>D</Text>
							<Size Width="9.212" Height="8.162108" />
							<Brush>
								<SolidBrush Color="#FF000000" />
							</Brush>
							<Tag>convertedFont</Tag>
						</Glyphs>
						<Glyphs OutlineWidth="0.5" CharSpace="0" RenderTransform="0.5968368 0 -0 0.5968368 520.4614 757.8347">
							<Font SizePoints="14" Style="Regular" FamilyName="CSMVMI+BlissPro" Capitals="Normal" ResourceId="2" />
							<Origin X="0" Y="0" />
							<Text>F</Text>
							<Size Width="6.342" Height="8.162108" />
							<Brush>
								<SolidBrush Color="#FF000000" />
							</Brush>
							<Tag>convertedFont</Tag>
						</Glyphs>
						<Glyphs OutlineWidth="0.5" CharSpace="0" RenderTransform="0.5968368 0 -0 0.5968368 524.2755 757.8347">
							<Font SizePoints="14" Style="Regular" FamilyName="CSMVMI+BlissPro" Capitals="Normal" ResourceId="2" />
							<Origin X="0" Y="0" />
							<Text>U</Text>
							<Size Width="9.254" Height="8.162108" />
							<Brush>
								<SolidBrush Color="#FF000000" />
							</Brush>
							<Tag>convertedFont</Tag>
						</Glyphs>
						<Glyphs OutlineWidth="0.5" CharSpace="0" RenderTransform="0.5968368 0 -0 0.5968368 313.19116 770.9651">
							<Font SizePoints="14" Style="Regular" FamilyName="CSMVMI+BlissPro" Capitals="Normal" ResourceId="2" />
							<Origin X="0" Y="0" />
							<Text>К</Text>
							<Size Width="8.176" Height="8.162108" />
							<Brush>
								<SolidBrush Color="#FF000000" />
							</Brush>
							<Tag>convertedFont</Tag>
						</Glyphs>
						<Glyphs OutlineWidth="0.5" CharSpace="0" RenderTransform="0.5968368 0 -0 0.5968368 318.10574 770.9651">
							<Font SizePoints="14" Style="Regular" FamilyName="CSMVMI+BlissPro" Capitals="Normal" ResourceId="2" />
							<Origin X="0" Y="0" />
							<Text>л</Text>
							<Size Width="7.042" Height="8.162108" />
							<Brush>
								<SolidBrush Color="#FF000000" />
							</Brush>
							<Tag>convertedFont</Tag>
						</Glyphs>
						<Glyphs OutlineWidth="0.5" CharSpace="0" RenderTransform="0.5968368 0 -0 0.5968368 322.33954 770.9651">
							<Font SizePoints="14" Style="Regular" FamilyName="CSMVMI+BlissPro" Capitals="Normal" ResourceId="2" />
							<Origin X="0" Y="0" />
							<Text>а</Text>
							<Size Width="6.608" Height="8.162108" />
							<Brush>
								<SolidBrush Color="#FF000000" />
							</Brush>
							<Tag>convertedFont</Tag>
						</Glyphs>
						<Glyphs OutlineWidth="0.5" CharSpace="0" RenderTransform="0.5968368 0 -0 0.5968368 326.31223 770.9651">
							<Font SizePoints="14" Style="Regular" FamilyName="CSMVMI+BlissPro" Capitals="Normal" ResourceId="2" />
							<Origin X="0" Y="0" />
							<Text>с</Text>
							<Size Width="6.076" Height="8.162108" />
							<Brush>
								<SolidBrush Color="#FF000000" />
							</Brush>
							<Tag>convertedFont</Tag>
						</Glyphs>
						<Glyphs OutlineWidth="0.5" CharSpace="0" RenderTransform="0.5968368 0 -0 0.5968368 329.95853 770.9651">
							<Font SizePoints="14" Style="Regular" FamilyName="CSMVMI+BlissPro" Capitals="Normal" ResourceId="2" />
							<Origin X="0" Y="0" />
							<Text>с</Text>
							<Size Width="6.076" Height="8.162108" />
							<Brush>
								<SolidBrush Color="#FF000000" />
							</Brush>
							<Tag>convertedFont</Tag>
						</Glyphs>
						<Glyphs OutlineWidth="0.5" CharSpace="0" RenderTransform="0.5968368 0 -0 0.5968368 333.60483 770.9651">
							<Font SizePoints="14" Style="Regular" FamilyName="CSMVMI+BlissPro" Capitals="Normal" ResourceId="2" />
							<Origin X="0" Y="0" />
							<Text> </Text>
							<Size Width="3.094" Height="8.162108" />
							<Brush>
								<SolidBrush Color="#FF000000" />
							</Brush>
							<Tag>convertedFont</Tag>
						</Glyphs>
						<Glyphs OutlineWidth="0.5" CharSpace="0" RenderTransform="0.5968368 0 -0 0.5968368 335.46063 770.9651">
							<Font SizePoints="14" Style="Regular" FamilyName="CSMVMI+BlissPro" Capitals="Normal" ResourceId="2" />
							<Origin X="0" Y="0" />
							<Text>о</Text>
							<Size Width="7.364" Height="8.162108" />
							<Brush>
								<SolidBrush Color="#FF000000" />
							</Brush>
							<Tag>convertedFont</Tag>
						</Glyphs>
						<Glyphs OutlineWidth="0.5" CharSpace="0" RenderTransform="0.5968368 0 -0 0.5968368 339.88095 770.9651">
							<Font SizePoints="14" Style="Regular" FamilyName="CSMVMI+BlissPro" Capitals="Normal" ResourceId="2" />
							<Origin X="0" Y="0" />
							<Text>ч</Text>
							<Size Width="6.776" Height="8.162108" />
							<Brush>
								<SolidBrush Color="#FF000000" />
							</Brush>
							<Tag>convertedFont</Tag>
						</Glyphs>
						<Glyphs OutlineWidth="0.5" CharSpace="0" RenderTransform="0.5968368 0 -0 0.5968368 343.95624 770.9651">
							<Font SizePoints="14" Style="Regular" FamilyName="CSMVMI+BlissPro" Capitals="Normal" ResourceId="2" />
							<Origin X="0" Y="0" />
							<Text>и</Text>
							<Size Width="7.518" Height="8.162108" />
							<Brush>
								<SolidBrush Color="#FF000000" />
							</Brush>
							<Tag>convertedFont</Tag>
						</Glyphs>
						<Glyphs OutlineWidth="0.5" CharSpace="0" RenderTransform="0.5968368 0 -0 0.5968368 348.46982 770.9651">
							<Font SizePoints="14" Style="Regular" FamilyName="CSMVMI+BlissPro" Capitals="Normal" ResourceId="2" />
							<Origin X="0" Y="0" />
							<Text>с</Text>
							<Size Width="6.076" Height="8.162108" />
							<Brush>
								<SolidBrush Color="#FF000000" />
							</Brush>
							<Tag>convertedFont</Tag>
						</Glyphs>
						<Glyphs OutlineWidth="0.5" CharSpace="0" RenderTransform="0.5968368 0 -0 0.5968368 352.11612 770.9651">
							<Font SizePoints="14" Style="Regular" FamilyName="CSMVMI+BlissPro" Capitals="Normal" ResourceId="2" />
							<Origin X="0" Y="0" />
							<Text>т</Text>
							<Size Width="6.174" Height="8.162108" />
							<Brush>
								<SolidBrush Color="#FF000000" />
							</Brush>
							<Tag>convertedFont</Tag>
						</Glyphs>
						<Glyphs OutlineWidth="0.5" CharSpace="0" RenderTransform="0.5968368 0 -0 0.5968368 355.8277 770.9651">
							<Font SizePoints="14" Style="Regular" FamilyName="CSMVMI+BlissPro" Capitals="Normal" ResourceId="2" />
							<Origin X="0" Y="0" />
							<Text>к</Text>
							<Size Width="6.496" Height="8.162108" />
							<Brush>
								<SolidBrush Color="#FF000000" />
							</Brush>
							<Tag>convertedFont</Tag>
						</Glyphs>
						<Glyphs OutlineWidth="0.5" CharSpace="0" RenderTransform="0.5968368 0 -0 0.5968368 359.7351 770.9651">
							<Font SizePoints="14" Style="Regular" FamilyName="CSMVMI+BlissPro" Capitals="Normal" ResourceId="2" />
							<Origin X="0" Y="0" />
							<Text>и</Text>
							<Size Width="7.518" Height="8.162108" />
							<Brush>
								<SolidBrush Color="#FF000000" />
							</Brush>
							<Tag>convertedFont</Tag>
						</Glyphs>
						<Glyphs OutlineWidth="0.5" CharSpace="0" RenderTransform="0.5968368 0 -0 0.5968368 514.922 770.9651">
							<Font SizePoints="14" Style="Regular" FamilyName="CSMVMI+BlissPro" Capitals="Normal" ResourceId="2" />
							<Origin X="0" Y="0" />
							<Text>E</Text>
							<Size Width="6.65" Height="8.162108" />
							<Brush>
								<SolidBrush Color="#FF000000" />
							</Brush>
							<Tag>convertedFont</Tag>
						</Glyphs>
						<Glyphs OutlineWidth="0.5" CharSpace="0" RenderTransform="0.5968368 0 -0 0.5968368 518.92267 770.9651">
							<Font SizePoints="14" Style="Regular" FamilyName="CSMVMI+BlissPro" Capitals="Normal" ResourceId="2" />
							<Origin X="0" Y="0" />
							<Text>U</Text>
							<Size Width="9.254" Height="8.162108" />
							<Brush>
								<SolidBrush Color="#FF000000" />
							</Brush>
							<Tag>convertedFont</Tag>
						</Glyphs>
						<Glyphs OutlineWidth="0.5" CharSpace="0" RenderTransform="0.5968368 0 -0 0.5968368 524.4807 770.9651">
							<Font SizePoints="14" Style="Regular" FamilyName="CSMVMI+BlissPro" Capitals="Normal" ResourceId="2" />
							<Origin X="0" Y="0" />
							<Text>4</Text>
							<Size Width="7.784" Height="8.162108" />
							<Brush>
								<SolidBrush Color="#FF000000" />
							</Brush>
							<Tag>convertedFont</Tag>
						</Glyphs>
						<Glyphs OutlineWidth="0.5" CharSpace="0" RenderTransform="0.5968368 0 -0 0.5968368 313.19116 784.09546">
							<Font SizePoints="14" Style="Regular" FamilyName="CSMVMI+BlissPro" Capitals="Normal" ResourceId="2" />
							<Origin X="0" Y="0" />
							<Text>П</Text>
							<Size Width="9.296" Height="8.162108" />
							<Brush>
								<SolidBrush Color="#FF000000" />
							</Brush>
							<Tag>convertedFont</Tag>
						</Glyphs>
						<Glyphs OutlineWidth="0.5" CharSpace="0" RenderTransform="0.5968368 0 -0 0.5968368 318.77716 784.09546">
							<Font SizePoints="14" Style="Regular" FamilyName="CSMVMI+BlissPro" Capitals="Normal" ResourceId="2" />
							<Origin X="0" Y="0" />
							<Text>о</Text>
							<Size Width="7.364" Height="8.162108" />
							<Brush>
								<SolidBrush Color="#FF000000" />
							</Brush>
							<Tag>convertedFont</Tag>
						</Glyphs>
						<Glyphs OutlineWidth="0.5" CharSpace="0" RenderTransform="0.5968368 0 -0 0.5968368 323.1975 784.09546">
							<Font SizePoints="14" Style="Regular" FamilyName="CSMVMI+BlissPro" Capitals="Normal" ResourceId="2" />
							<Origin X="0" Y="0" />
							<Text>т</Text>
							<Size Width="6.174" Height="8.162108" />
							<Brush>
								<SolidBrush Color="#FF000000" />
							</Brush>
							<Tag>convertedFont</Tag>
						</Glyphs>
						<Glyphs OutlineWidth="0.5" CharSpace="0" RenderTransform="0.5968368 0 -0 0.5968368 326.9091 784.09546">
							<Font SizePoints="14" Style="Regular" FamilyName="CSMVMI+BlissPro" Capitals="Normal" ResourceId="2" />
							<Origin X="0" Y="0" />
							<Text>е</Text>
							<Size Width="6.636" Height="8.162108" />
							<Brush>
								<SolidBrush Color="#FF000000" />
							</Brush>
							<Tag>convertedFont</Tag>
						</Glyphs>
						<Glyphs OutlineWidth="0.5" CharSpace="0" RenderTransform="0.5968368 0 -0 0.5968368 330.90042 784.09546">
							<Font SizePoints="14" Style="Regular" FamilyName="CSMVMI+BlissPro" Capitals="Normal" ResourceId="2" />
							<Origin X="0" Y="0" />
							<Text>р</Text>
							<Size Width="7.14" Height="8.162108" />
							<Brush>
								<SolidBrush Color="#FF000000" />
							</Brush>
							<Tag>convertedFont</Tag>
						</Glyphs>
						<Glyphs OutlineWidth="0.5" CharSpace="0" RenderTransform="0.5968368 0 -0 0.5968368 335.1902 784.09546">
							<Font SizePoints="14" Style="Regular" FamilyName="CSMVMI+BlissPro" Capitals="Normal" ResourceId="2" />
							<Origin X="0" Y="0" />
							<Text>и</Text>
							<Size Width="7.518" Height="8.162108" />
							<Brush>
								<SolidBrush Color="#FF000000" />
							</Brush>
							<Tag>convertedFont</Tag>
						</Glyphs>
						<Glyphs OutlineWidth="0.5" CharSpace="0" RenderTransform="0.5968368 0 -0 0.5968368 339.70377 784.09546">
							<Font SizePoints="14" Style="Regular" FamilyName="CSMVMI+BlissPro" Capitals="Normal" ResourceId="2" />
							<Origin X="0" Y="0" />
							<Text> </Text>
							<Size Width="3.094" Height="8.162108" />
							<Brush>
								<SolidBrush Color="#FF000000" />
							</Brush>
							<Tag>convertedFont</Tag>
						</Glyphs>
						<Glyphs OutlineWidth="0.5" CharSpace="0" RenderTransform="0.5968368 0 -0 0.5968368 341.55957 784.09546">
							<Font SizePoints="14" Style="Regular" FamilyName="CSMVMI+BlissPro" Capitals="Normal" ResourceId="2" />
							<Origin X="0" Y="0" />
							<Text>д</Text>
							<Size Width="7.602" Height="8.162108" />
							<Brush>
								<SolidBrush Color="#FF000000" />
							</Brush>
							<Tag>convertedFont</Tag>
						</Glyphs>
						<Glyphs OutlineWidth="0.5" CharSpace="0" RenderTransform="0.5968368 0 -0 0.5968368 346.1291 784.09546">
							<Font SizePoints="14" Style="Regular" FamilyName="CSMVMI+BlissPro" Capitals="Normal" ResourceId="2" />
							<Origin X="0" Y="0" />
							<Text>а</Text>
							<Size Width="6.608" Height="8.162108" />
							<Brush>
								<SolidBrush Color="#FF000000" />
							</Brush>
							<Tag>convertedFont</Tag>
						</Glyphs>
						<Glyphs OutlineWidth="0.5" CharSpace="0" RenderTransform="0.5968368 0 -0 0.5968368 350.10178 784.09546">
							<Font SizePoints="14" Style="Regular" FamilyName="CSMVMI+BlissPro" Capitals="Normal" ResourceId="2" />
							<Origin X="0" Y="0" />
							<Text>в</Text>
							<Size Width="6.538" Height="8.162108" />
							<Brush>
								<SolidBrush Color="#FF000000" />
							</Brush>
							<Tag>convertedFont</Tag>
						</Glyphs>
						<Glyphs OutlineWidth="0.5" CharSpace="0" RenderTransform="0.5968368 0 -0 0.5968368 354.03717 784.09546">
							<Font SizePoints="14" Style="Regular" FamilyName="CSMVMI+BlissPro" Capitals="Normal" ResourceId="2" />
							<Origin X="0" Y="0" />
							<Text>л</Text>
							<Size Width="7.042" Height="8.162108" />
							<Brush>
								<SolidBrush Color="#FF000000" />
							</Brush>
							<Tag>convertedFont</Tag>
						</Glyphs>
						<Glyphs OutlineWidth="0.5" CharSpace="0" RenderTransform="0.5968368 0 -0 0.5968368 358.271 784.09546">
							<Font SizePoints="14" Style="Regular" FamilyName="CSMVMI+BlissPro" Capitals="Normal" ResourceId="2" />
							<Origin X="0" Y="0" />
							<Text>е</Text>
							<Size Width="6.636" Height="8.162108" />
							<Brush>
								<SolidBrush Color="#FF000000" />
							</Brush>
							<Tag>convertedFont</Tag>
						</Glyphs>
						<Glyphs OutlineWidth="0.5" CharSpace="0" RenderTransform="0.5968368 0 -0 0.5968368 362.26233 784.09546">
							<Font SizePoints="14" Style="Regular" FamilyName="CSMVMI+BlissPro" Capitals="Normal" ResourceId="2" />
							<Origin X="0" Y="0" />
							<Text>н</Text>
							<Size Width="7.266" Height="8.162108" />
							<Brush>
								<SolidBrush Color="#FF000000" />
							</Brush>
							<Tag>convertedFont</Tag>
						</Glyphs>
						<Glyphs OutlineWidth="0.5" CharSpace="0" RenderTransform="0.5968368 0 -0 0.5968368 366.6267 784.09546">
							<Font SizePoints="14" Style="Regular" FamilyName="CSMVMI+BlissPro" Capitals="Normal" ResourceId="2" />
							<Origin X="0" Y="0" />
							<Text>и</Text>
							<Size Width="7.518" Height="8.162108" />
							<Brush>
								<SolidBrush Color="#FF000000" />
							</Brush>
							<Tag>convertedFont</Tag>
						</Glyphs>
						<Glyphs OutlineWidth="0.5" CharSpace="0" RenderTransform="0.5968368 0 -0 0.5968368 371.1403 784.09546">
							<Font SizePoints="14" Style="Regular" FamilyName="CSMVMI+BlissPro" Capitals="Normal" ResourceId="2" />
							<Origin X="0" Y="0" />
							<Text>я</Text>
							<Size Width="6.678" Height="8.162108" />
							<Brush>
								<SolidBrush Color="#FF000000" />
							</Brush>
							<Tag>convertedFont</Tag>
						</Glyphs>
						<Glyphs OutlineWidth="0.5" CharSpace="0" RenderTransform="0.5968368 0 -0 0.5968368 375.15027 784.09546">
							<Font SizePoints="14" Style="Regular" FamilyName="CSMVMI+BlissPro" Capitals="Normal" ResourceId="2" />
							<Origin X="0" Y="0" />
							<Text> </Text>
							<Size Width="3.094" Height="8.162108" />
							<Brush>
								<SolidBrush Color="#FF000000" />
							</Brush>
							<Tag>convertedFont</Tag>
						</Glyphs>
						<Glyphs OutlineWidth="0.5" CharSpace="0" RenderTransform="0.5968368 0 -0 0.5968368 377.00607 784.09546">
							<Font SizePoints="14" Style="Regular" FamilyName="CSMVMI+BlissPro" Capitals="Normal" ResourceId="2" />
							<Origin X="0" Y="0" />
							<Text>п</Text>
							<Size Width="7.182" Height="8.162108" />
							<Brush>
								<SolidBrush Color="#FF000000" />
							</Brush>
							<Tag>convertedFont</Tag>
						</Glyphs>
						<Glyphs OutlineWidth="0.5" CharSpace="0" RenderTransform="0.5968368 0 -0 0.5968368 381.32382 784.09546">
							<Font SizePoints="14" Style="Regular" FamilyName="CSMVMI+BlissPro" Capitals="Normal" ResourceId="2" />
							<Origin X="0" Y="0" />
							<Text>о</Text>
							<Size Width="7.364" Height="8.162108" />
							<Brush>
								<SolidBrush Color="#FF000000" />
							</Brush>
							<Tag>convertedFont</Tag>
						</Glyphs>
						<Glyphs OutlineWidth="0.5" CharSpace="0" RenderTransform="0.5968368 0 -0 0.5968368 385.74414 784.09546">
							<Font SizePoints="14" Style="Regular" FamilyName="CSMVMI+BlissPro" Capitals="Normal" ResourceId="2" />
							<Origin X="0" Y="0" />
							<Text> </Text>
							<Size Width="3.094" Height="8.162108" />
							<Brush>
								<SolidBrush Color="#FF000000" />
							</Brush>
							<Tag>convertedFont</Tag>
						</Glyphs>
						<Glyphs OutlineWidth="0.5" CharSpace="0" RenderTransform="0.5968368 0 -0 0.5968368 387.5999 784.09546">
							<Font SizePoints="14" Style="Regular" FamilyName="CSMVMI+BlissPro" Capitals="Normal" ResourceId="2" />
							<Origin X="0" Y="0" />
							<Text>в</Text>
							<Size Width="6.538" Height="8.162108" />
							<Brush>
								<SolidBrush Color="#FF000000" />
							</Brush>
							<Tag>convertedFont</Tag>
						</Glyphs>
						<Glyphs OutlineWidth="0.5" CharSpace="0" RenderTransform="0.5968368 0 -0 0.5968368 391.5353 784.09546">
							<Font SizePoints="14" Style="Regular" FamilyName="CSMVMI+BlissPro" Capitals="Normal" ResourceId="2" />
							<Origin X="0" Y="0" />
							<Text>о</Text>
							<Size Width="7.364" Height="8.162108" />
							<Brush>
								<SolidBrush Color="#FF000000" />
							</Brush>
							<Tag>convertedFont</Tag>
						</Glyphs>
						<Glyphs OutlineWidth="0.5" CharSpace="0" RenderTransform="0.5968368 0 -0 0.5968368 395.95563 784.09546">
							<Font SizePoints="14" Style="Regular" FamilyName="CSMVMI+BlissPro" Capitals="Normal" ResourceId="2" />
							<Origin X="0" Y="0" />
							<Text>з</Text>
							<Size Width="5.894" Height="8.162108" />
							<Brush>
								<SolidBrush Color="#FF000000" />
							</Brush>
							<Tag>convertedFont</Tag>
						</Glyphs>
						<Glyphs OutlineWidth="0.5" CharSpace="0" RenderTransform="0.5968368 0 -0 0.5968368 399.49936 784.09546">
							<Font SizePoints="14" Style="Regular" FamilyName="CSMVMI+BlissPro" Capitals="Normal" ResourceId="2" />
							<Origin X="0" Y="0" />
							<Text>д</Text>
							<Size Width="7.602" Height="8.162108" />
							<Brush>
								<SolidBrush Color="#FF000000" />
							</Brush>
							<Tag>convertedFont</Tag>
						</Glyphs>
						<Glyphs OutlineWidth="0.5" CharSpace="0" RenderTransform="0.5968368 0 -0 0.5968368 404.06888 784.09546">
							<Font SizePoints="14" Style="Regular" FamilyName="CSMVMI+BlissPro" Capitals="Normal" ResourceId="2" />
							<Origin X="0" Y="0" />
							<Text>у</Text>
							<Size Width="6.776" Height="8.162108" />
							<Brush>
								<SolidBrush Color="#FF000000" />
							</Brush>
							<Tag>convertedFont</Tag>
						</Glyphs>
						<Glyphs OutlineWidth="0.5" CharSpace="0" RenderTransform="0.5968368 0 -0 0.5968368 408.14417 784.09546">
							<Font SizePoints="14" Style="Regular" FamilyName="CSMVMI+BlissPro" Capitals="Normal" ResourceId="2" />
							<Origin X="0" Y="0" />
							<Text>х</Text>
							<Size Width="6.454" Height="8.162108" />
							<Brush>
								<SolidBrush Color="#FF000000" />
							</Brush>
							<Tag>convertedFont</Tag>
						</Glyphs>
						<Glyphs OutlineWidth="0.5" CharSpace="0" RenderTransform="0.5968368 0 -0 0.5968368 412.0236 784.09546">
							<Font SizePoints="14" Style="Regular" FamilyName="CSMVMI+BlissPro" Capitals="Normal" ResourceId="2" />
							<Origin X="0" Y="0" />
							<Text>у</Text>
							<Size Width="6.776" Height="8.162108" />
							<Brush>
								<SolidBrush Color="#FF000000" />
							</Brush>
							<Tag>convertedFont</Tag>
						</Glyphs>
						<Glyphs OutlineWidth="0.5" CharSpace="0" RenderTransform="0.5968368 0 -0 0.5968368 416.09888 784.09546">
							<Font SizePoints="14" Style="Regular" FamilyName="CSMVMI+BlissPro" Capitals="Normal" ResourceId="2" />
							<Origin X="0" Y="0" />
							<Text> </Text>
							<Size Width="3.094" Height="8.162108" />
							<Brush>
								<SolidBrush Color="#FF000000" />
							</Brush>
							<Tag>convertedFont</Tag>
						</Glyphs>
						<Glyphs OutlineWidth="0.5" CharSpace="0" RenderTransform="0.5968368 0 -0 0.5968368 417.95468 784.09546">
							<Font SizePoints="14" Style="Regular" FamilyName="CSMVMI+BlissPro" Capitals="Normal" ResourceId="2" />
							<Origin X="0" Y="0" />
							<Text>(</Text>
							<Size Width="4.508" Height="8.162108" />
							<Brush>
								<SolidBrush Color="#FF000000" />
							</Brush>
							<Tag>convertedFont</Tag>
						</Glyphs>
						<Glyphs OutlineWidth="0.5" CharSpace="0" RenderTransform="0.5968368 0 -0 0.5968368 420.6591 784.09546">
							<Font SizePoints="14" Style="Regular" FamilyName="CSMVMI+BlissPro" Capitals="Normal" ResourceId="2" />
							<Origin X="0" Y="0" />
							<Text>П</Text>
							<Size Width="9.296" Height="8.162108" />
							<Brush>
								<SolidBrush Color="#FF000000" />
							</Brush>
							<Tag>convertedFont</Tag>
						</Glyphs>
						<Glyphs OutlineWidth="0.5" CharSpace="0" RenderTransform="0.5968368 0 -0 0.5968368 426.24512 784.09546">
							<Font SizePoints="14" Style="Regular" FamilyName="CSMVMI+BlissPro" Capitals="Normal" ResourceId="2" />
							<Origin X="0" Y="0" />
							<Text>а</Text>
							<Size Width="6.608" Height="8.162108" />
							<Brush>
								<SolidBrush Color="#FF000000" />
							</Brush>
							<Tag>convertedFont</Tag>
						</Glyphs>
						<Glyphs OutlineWidth="0.5" CharSpace="0" RenderTransform="0.5968368 0 -0 0.5968368 430.2178 784.09546">
							<Font SizePoints="14" Style="Regular" FamilyName="CSMVMI+BlissPro" Capitals="Normal" ResourceId="2" />
							<Origin X="0" Y="0" />
							<Text>)</Text>
							<Size Width="4.508" Height="8.162108" />
							<Brush>
								<SolidBrush Color="#FF000000" />
							</Brush>
							<Tag>convertedFont</Tag>
						</Glyphs>
						<Glyphs OutlineWidth="0.5" CharSpace="0" RenderTransform="0.5968368 0 -0 0.5968368 514.922 784.09546">
							<Font SizePoints="14" Style="Regular" FamilyName="CSMVMI+BlissPro" Capitals="Normal" ResourceId="2" />
							<Origin X="0" Y="0" />
							<Text>2</Text>
							<Size Width="7.154" Height="8.162108" />
							<Brush>
								<SolidBrush Color="#FF000000" />
							</Brush>
							<Tag>convertedFont</Tag>
						</Glyphs>
						<Glyphs OutlineWidth="0.5" CharSpace="0" RenderTransform="0.5968368 0 -0 0.5968368 519.22107 784.09546">
							<Font SizePoints="14" Style="Regular" FamilyName="CSMVMI+BlissPro" Capitals="Normal" ResourceId="2" />
							<Origin X="0" Y="0" />
							<Text>1</Text>
							<Size Width="5.852" Height="8.162108" />
							<Brush>
								<SolidBrush Color="#FF000000" />
							</Brush>
							<Tag>convertedFont</Tag>
						</Glyphs>
						<Glyphs OutlineWidth="0.5" CharSpace="0" RenderTransform="0.5968368 0 -0 0.5968368 522.7368 784.09546">
							<Font SizePoints="14" Style="Regular" FamilyName="CSMVMI+BlissPro" Capitals="Normal" ResourceId="2" />
							<Origin X="0" Y="0" />
							<Text>.</Text>
							<Size Width="3.276" Height="8.162108" />
							<Brush>
								<SolidBrush Color="#FF000000" />
							</Brush>
							<Tag>convertedFont</Tag>
						</Glyphs>
						<Glyphs OutlineWidth="0.5" CharSpace="0" RenderTransform="0.5968368 0 -0 0.5968368 524.7045 784.09546">
							<Font SizePoints="14" Style="Regular" FamilyName="CSMVMI+BlissPro" Capitals="Normal" ResourceId="2" />
							<Origin X="0" Y="0" />
							<Text>3</Text>
							<Size Width="7.448" Height="8.162108" />
							<Brush>
								<SolidBrush Color="#FF000000" />
							</Brush>
							<Tag>convertedFont</Tag>
						</Glyphs>
						<Glyphs OutlineWidth="0.5" CharSpace="0" RenderTransform="0.5968368 0 -0 0.5968368 313.19116 797.2258">
							<Font SizePoints="14" Style="Regular" FamilyName="CSMVMI+BlissPro" Capitals="Normal" ResourceId="2" />
							<Origin X="0" Y="0" />
							<Text>С</Text>
							<Size Width="8.4" Height="8.162108" />
							<Brush>
								<SolidBrush Color="#FF000000" />
							</Brush>
							<Tag>convertedFont</Tag>
						</Glyphs>
						<Glyphs OutlineWidth="0.5" CharSpace="0" RenderTransform="0.5968368 0 -0 0.5968368 318.2456 797.2258">
							<Font SizePoints="14" Style="Regular" FamilyName="CSMVMI+BlissPro" Capitals="Normal" ResourceId="2" />
							<Origin X="0" Y="0" />
							<Text>к</Text>
							<Size Width="6.496" Height="8.162108" />
							<Brush>
								<SolidBrush Color="#FF000000" />
							</Brush>
							<Tag>convertedFont</Tag>
						</Glyphs>
						<Glyphs OutlineWidth="0.5" CharSpace="0" RenderTransform="0.5968368 0 -0 0.5968368 322.15305 797.2258">
							<Font SizePoints="14" Style="Regular" FamilyName="CSMVMI+BlissPro" Capitals="Normal" ResourceId="2" />
							<Origin X="0" Y="0" />
							<Text>о</Text>
							<Size Width="7.364" Height="8.162108" />
							<Brush>
								<SolidBrush Color="#FF000000" />
							</Brush>
							<Tag>convertedFont</Tag>
						</Glyphs>
						<Glyphs OutlineWidth="0.5" CharSpace="0" RenderTransform="0.5968368 0 -0 0.5968368 326.57336 797.2258">
							<Font SizePoints="14" Style="Regular" FamilyName="CSMVMI+BlissPro" Capitals="Normal" ResourceId="2" />
							<Origin X="0" Y="0" />
							<Text>р</Text>
							<Size Width="7.14" Height="8.162108" />
							<Brush>
								<SolidBrush Color="#FF000000" />
							</Brush>
							<Tag>convertedFont</Tag>
						</Glyphs>
						<Glyphs OutlineWidth="0.5" CharSpace="0" RenderTransform="0.5968368 0 -0 0.5968368 330.86313 797.2258">
							<Font SizePoints="14" Style="Regular" FamilyName="CSMVMI+BlissPro" Capitals="Normal" ResourceId="2" />
							<Origin X="0" Y="0" />
							<Text>о</Text>
							<Size Width="7.364" Height="8.162108" />
							<Brush>
								<SolidBrush Color="#FF000000" />
							</Brush>
							<Tag>convertedFont</Tag>
						</Glyphs>
						<Glyphs OutlineWidth="0.5" CharSpace="0" RenderTransform="0.5968368 0 -0 0.5968368 335.28345 797.2258">
							<Font SizePoints="14" Style="Regular" FamilyName="CSMVMI+BlissPro" Capitals="Normal" ResourceId="2" />
							<Origin X="0" Y="0" />
							<Text>с</Text>
							<Size Width="6.076" Height="8.162108" />
							<Brush>
								<SolidBrush Color="#FF000000" />
							</Brush>
							<Tag>convertedFont</Tag>
						</Glyphs>
						<Glyphs OutlineWidth="0.5" CharSpace="0" RenderTransform="0.5968368 0 -0 0.5968368 338.92975 797.2258">
							<Font SizePoints="14" Style="Regular" FamilyName="CSMVMI+BlissPro" Capitals="Normal" ResourceId="2" />
							<Origin X="0" Y="0" />
							<Text>т</Text>
							<Size Width="6.174" Height="8.162108" />
							<Brush>
								<SolidBrush Color="#FF000000" />
							</Brush>
							<Tag>convertedFont</Tag>
						</Glyphs>
						<Glyphs OutlineWidth="0.5" CharSpace="0" RenderTransform="0.5968368 0 -0 0.5968368 342.64133 797.2258">
							<Font SizePoints="14" Style="Regular" FamilyName="CSMVMI+BlissPro" Capitals="Normal" ResourceId="2" />
							<Origin X="0" Y="0" />
							<Text>ь</Text>
							<Size Width="6.454" Height="8.162108" />
							<Brush>
								<SolidBrush Color="#FF000000" />
							</Brush>
							<Tag>convertedFont</Tag>
						</Glyphs>
						<Glyphs OutlineWidth="0.5" CharSpace="0" RenderTransform="0.5968368 0 -0 0.5968368 346.52075 797.2258">
							<Font SizePoints="14" Style="Regular" FamilyName="CSMVMI+BlissPro" Capitals="Normal" ResourceId="2" />
							<Origin X="0" Y="0" />
							<Text> </Text>
							<Size Width="3.094" Height="8.162108" />
							<Brush>
								<SolidBrush Color="#FF000000" />
							</Brush>
							<Tag>convertedFont</Tag>
						</Glyphs>
						<Glyphs OutlineWidth="0.5" CharSpace="0" RenderTransform="0.5968368 0 -0 0.5968368 348.37656 797.2258">
							<Font SizePoints="14" Style="Regular" FamilyName="CSMVMI+BlissPro" Capitals="Normal" ResourceId="2" />
							<Origin X="0" Y="0" />
							<Text>в</Text>
							<Size Width="6.538" Height="8.162108" />
							<Brush>
								<SolidBrush Color="#FF000000" />
							</Brush>
							<Tag>convertedFont</Tag>
						</Glyphs>
						<Glyphs OutlineWidth="0.5" CharSpace="0" RenderTransform="0.5968368 0 -0 0.5968368 352.31195 797.2258">
							<Font SizePoints="14" Style="Regular" FamilyName="CSMVMI+BlissPro" Capitals="Normal" ResourceId="2" />
							<Origin X="0" Y="0" />
							<Text> </Text>
							<Size Width="3.094" Height="8.162108" />
							<Brush>
								<SolidBrush Color="#FF000000" />
							</Brush>
							<Tag>convertedFont</Tag>
						</Glyphs>
						<Glyphs OutlineWidth="0.5" CharSpace="0" RenderTransform="0.5968368 0 -0 0.5968368 354.16772 797.2258">
							<Font SizePoints="14" Style="Regular" FamilyName="CSMVMI+BlissPro" Capitals="Normal" ResourceId="2" />
							<Origin X="0" Y="0" />
							<Text>с</Text>
							<Size Width="6.076" Height="8.162108" />
							<Brush>
								<SolidBrush Color="#FF000000" />
							</Brush>
							<Tag>convertedFont</Tag>
						</Glyphs>
						<Glyphs OutlineWidth="0.5" CharSpace="0" RenderTransform="0.5968368 0 -0 0.5968368 357.81403 797.2258">
							<Font SizePoints="14" Style="Regular" FamilyName="CSMVMI+BlissPro" Capitals="Normal" ResourceId="2" />
							<Origin X="0" Y="0" />
							<Text>е</Text>
							<Size Width="6.636" Height="8.162108" />
							<Brush>
								<SolidBrush Color="#FF000000" />
							</Brush>
							<Tag>convertedFont</Tag>
						</Glyphs>
						<Glyphs OutlineWidth="0.5" CharSpace="0" RenderTransform="0.5968368 0 -0 0.5968368 361.8054 797.2258">
							<Font SizePoints="14" Style="Regular" FamilyName="CSMVMI+BlissPro" Capitals="Normal" ResourceId="2" />
							<Origin X="0" Y="0" />
							<Text>ч</Text>
							<Size Width="6.776" Height="8.162108" />
							<Brush>
								<SolidBrush Color="#FF000000" />
							</Brush>
							<Tag>convertedFont</Tag>
						</Glyphs>
						<Glyphs OutlineWidth="0.5" CharSpace="0" RenderTransform="0.5968368 0 -0 0.5968368 365.88065 797.2258">
							<Font SizePoints="14" Style="Regular" FamilyName="CSMVMI+BlissPro" Capitals="Normal" ResourceId="2" />
							<Origin X="0" Y="0" />
							<Text>е</Text>
							<Size Width="6.636" Height="8.162108" />
							<Brush>
								<SolidBrush Color="#FF000000" />
							</Brush>
							<Tag>convertedFont</Tag>
						</Glyphs>
						<Glyphs OutlineWidth="0.5" CharSpace="0" RenderTransform="0.5968368 0 -0 0.5968368 369.872 797.2258">
							<Font SizePoints="14" Style="Regular" FamilyName="CSMVMI+BlissPro" Capitals="Normal" ResourceId="2" />
							<Origin X="0" Y="0" />
							<Text>н</Text>
							<Size Width="7.266" Height="8.162108" />
							<Brush>
								<SolidBrush Color="#FF000000" />
							</Brush>
							<Tag>convertedFont</Tag>
						</Glyphs>
						<Glyphs OutlineWidth="0.5" CharSpace="0" RenderTransform="0.5968368 0 -0 0.5968368 374.23636 797.2258">
							<Font SizePoints="14" Style="Regular" FamilyName="CSMVMI+BlissPro" Capitals="Normal" ResourceId="2" />
							<Origin X="0" Y="0" />
							<Text>и</Text>
							<Size Width="7.518" Height="8.162108" />
							<Brush>
								<SolidBrush Color="#FF000000" />
							</Brush>
							<Tag>convertedFont</Tag>
						</Glyphs>
						<Glyphs OutlineWidth="0.5" CharSpace="0" RenderTransform="0.5968368 0 -0 0.5968368 378.74994 797.2258">
							<Font SizePoints="14" Style="Regular" FamilyName="CSMVMI+BlissPro" Capitals="Normal" ResourceId="2" />
							<Origin X="0" Y="0" />
							<Text>и</Text>
							<Size Width="7.518" Height="8.162108" />
							<Brush>
								<SolidBrush Color="#FF000000" />
							</Brush>
							<Tag>convertedFont</Tag>
						</Glyphs>
						<Glyphs OutlineWidth="0.5" CharSpace="0" RenderTransform="0.5968368 0 -0 0.5968368 383.26352 797.2258">
							<Font SizePoints="14" Style="Regular" FamilyName="CSMVMI+BlissPro" Capitals="Normal" ResourceId="2" />
							<Origin X="0" Y="0" />
							<Text> </Text>
							<Size Width="3.094" Height="8.162108" />
							<Brush>
								<SolidBrush Color="#FF000000" />
							</Brush>
							<Tag>convertedFont</Tag>
						</Glyphs>
						<Glyphs OutlineWidth="0.5" CharSpace="0" RenderTransform="0.5968368 0 -0 0.5968368 385.11932 797.2258">
							<Font SizePoints="14" Style="Regular" FamilyName="CSMVMI+BlissPro" Capitals="Normal" ResourceId="2" />
							<Origin X="0" Y="0" />
							<Text>ф</Text>
							<Size Width="9.044" Height="8.162108" />
							<Brush>
								<SolidBrush Color="#FF000000" />
							</Brush>
							<Tag>convertedFont</Tag>
						</Glyphs>
						<Glyphs OutlineWidth="0.5" CharSpace="0" RenderTransform="0.5968368 0 -0 0.5968368 390.55612 797.2258">
							<Font SizePoints="14" Style="Regular" FamilyName="CSMVMI+BlissPro" Capitals="Normal" ResourceId="2" />
							<Origin X="0" Y="0" />
							<Text>и</Text>
							<Size Width="7.518" Height="8.162108" />
							<Brush>
								<SolidBrush Color="#FF000000" />
							</Brush>
							<Tag>convertedFont</Tag>
						</Glyphs>
						<Glyphs OutlineWidth="0.5" CharSpace="0" RenderTransform="0.5968368 0 -0 0.5968368 395.0697 797.2258">
							<Font SizePoints="14" Style="Regular" FamilyName="CSMVMI+BlissPro" Capitals="Normal" ResourceId="2" />
							<Origin X="0" Y="0" />
							<Text>л</Text>
							<Size Width="7.042" Height="8.162108" />
							<Brush>
								<SolidBrush Color="#FF000000" />
							</Brush>
							<Tag>convertedFont</Tag>
						</Glyphs>
						<Glyphs OutlineWidth="0.5" CharSpace="0" RenderTransform="0.5968368 0 -0 0.5968368 399.30353 797.2258">
							<Font SizePoints="14" Style="Regular" FamilyName="CSMVMI+BlissPro" Capitals="Normal" ResourceId="2" />
							<Origin X="0" Y="0" />
							<Text>ь</Text>
							<Size Width="6.454" Height="8.162108" />
							<Brush>
								<SolidBrush Color="#FF000000" />
							</Brush>
							<Tag>convertedFont</Tag>
						</Glyphs>
						<Glyphs OutlineWidth="0.5" CharSpace="0" RenderTransform="0.5968368 0 -0 0.5968368 403.18295 797.2258">
							<Font SizePoints="14" Style="Regular" FamilyName="CSMVMI+BlissPro" Capitals="Normal" ResourceId="2" />
							<Origin X="0" Y="0" />
							<Text>т</Text>
							<Size Width="6.174" Height="8.162108" />
							<Brush>
								<SolidBrush Color="#FF000000" />
							</Brush>
							<Tag>convertedFont</Tag>
						</Glyphs>
						<Glyphs OutlineWidth="0.5" CharSpace="0" RenderTransform="0.5968368 0 -0 0.5968368 406.89453 797.2258">
							<Font SizePoints="14" Style="Regular" FamilyName="CSMVMI+BlissPro" Capitals="Normal" ResourceId="2" />
							<Origin X="0" Y="0" />
							<Text>р</Text>
							<Size Width="7.14" Height="8.162108" />
							<Brush>
								<SolidBrush Color="#FF000000" />
							</Brush>
							<Tag>convertedFont</Tag>
						</Glyphs>
						<Glyphs OutlineWidth="0.5" CharSpace="0" RenderTransform="0.5968368 0 -0 0.5968368 411.1843 797.2258">
							<Font SizePoints="14" Style="Regular" FamilyName="CSMVMI+BlissPro" Capitals="Normal" ResourceId="2" />
							<Origin X="0" Y="0" />
							<Text>а</Text>
							<Size Width="6.608" Height="8.162108" />
							<Brush>
								<SolidBrush Color="#FF000000" />
							</Brush>
							<Tag>convertedFont</Tag>
						</Glyphs>
						<Glyphs OutlineWidth="0.5" CharSpace="0" RenderTransform="0.5968368 0 -0 0.5968368 415.15698 797.2258">
							<Font SizePoints="14" Style="Regular" FamilyName="CSMVMI+BlissPro" Capitals="Normal" ResourceId="2" />
							<Origin X="0" Y="0" />
							<Text> </Text>
							<Size Width="3.094" Height="8.162108" />
							<Brush>
								<SolidBrush Color="#FF000000" />
							</Brush>
							<Tag>convertedFont</Tag>
						</Glyphs>
						<Glyphs OutlineWidth="0.5" CharSpace="0" RenderTransform="0.5968368 0 -0 0.5968368 417.0128 797.2258">
							<Font SizePoints="14" Style="Regular" FamilyName="CSMVMI+BlissPro" Capitals="Normal" ResourceId="2" />
							<Origin X="0" Y="0" />
							<Text>(</Text>
							<Size Width="4.508" Height="8.162108" />
							<Brush>
								<SolidBrush Color="#FF000000" />
							</Brush>
							<Tag>convertedFont</Tag>
						</Glyphs>
						<Glyphs OutlineWidth="0.5" CharSpace="0" RenderTransform="0.5968368 0 -0 0.5968368 419.7172 797.2258">
							<Font SizePoints="14" Style="Regular" FamilyName="CSMVMI+BlissPro" Capitals="Normal" ResourceId="2" />
							<Origin X="0" Y="0" />
							<Text>м</Text>
							<Size Width="8.372" Height="8.162108" />
							<Brush>
								<SolidBrush Color="#FF000000" />
							</Brush>
							<Tag>convertedFont</Tag>
						</Glyphs>
						<Glyphs OutlineWidth="0.5" CharSpace="0" RenderTransform="0.5968368 0 -0 0.5968368 424.75302 797.2258">
							<Font SizePoints="14" Style="Regular" FamilyName="CSMVMI+BlissPro" Capitals="Normal" ResourceId="2" />
							<Origin X="0" Y="0" />
							<Text>/</Text>
							<Size Width="5.096" Height="8.162108" />
							<Brush>
								<SolidBrush Color="#FF000000" />
							</Brush>
							<Tag>convertedFont</Tag>
						</Glyphs>
						<Glyphs OutlineWidth="0.5" CharSpace="0" RenderTransform="0.5968368 0 -0 0.5968368 427.8118 797.2258">
							<Font SizePoints="14" Style="Regular" FamilyName="CSMVMI+BlissPro" Capitals="Normal" ResourceId="2" />
							<Origin X="0" Y="0" />
							<Text>с</Text>
							<Size Width="6.076" Height="8.162108" />
							<Brush>
								<SolidBrush Color="#FF000000" />
							</Brush>
							<Tag>convertedFont</Tag>
						</Glyphs>
						<Glyphs OutlineWidth="0.5" CharSpace="0" RenderTransform="0.5968368 0 -0 0.5968368 431.4581 797.2258">
							<Font SizePoints="14" Style="Regular" FamilyName="CSMVMI+BlissPro" Capitals="Normal" ResourceId="2" />
							<Origin X="0" Y="0" />
							<Text>)</Text>
							<Size Width="4.508" Height="8.162108" />
							<Brush>
								<SolidBrush Color="#FF000000" />
							</Brush>
							<Tag>convertedFont</Tag>
						</Glyphs>
						<Glyphs OutlineWidth="0.5" CharSpace="0" RenderTransform="0.5968368 0 -0 0.5968368 514.922 797.2258">
							<Font SizePoints="14" Style="Regular" FamilyName="CSMVMI+BlissPro" Capitals="Normal" ResourceId="2" />
							<Origin X="0" Y="0" />
							<Text>2</Text>
							<Size Width="7.154" Height="8.162108" />
							<Brush>
								<SolidBrush Color="#FF000000" />
							</Brush>
							<Tag>convertedFont</Tag>
						</Glyphs>
						<Canvas RenderTransform="0.47975722 0 -0 0.48006436 84.60266 94.7489">
							<Image ResourceId="6">
								<Origin X="0" Y="0" />
								<Size Width="887" Height="460" />
							</Image>
						</Canvas>
						<Canvas RenderTransform="0.25831842 0 -0 0.2585827 131.75278 315.5785">
							<Image ResourceId="7">
								<Origin X="0" Y="0" />
								<Size Width="1280" Height="854" />
							</Image>
						</Canvas>
						<Glyphs OutlineWidth="0.5" CharSpace="0" RenderTransform="0.5968368 0 -0 0.5968368 212.92258 557.8943">
							<Font SizePoints="38" Style="Bold" FamilyName="HPDHEV+BlissPro-Bold" Capitals="Normal" ResourceId="3" />
							<Origin X="0" Y="0" />
							<Text>П</Text>
							<Size Width="25.954" Height="22.154297" />
							<Brush>
								<SolidBrush Color="#FF005F7F" />
							</Brush>
							<Tag>convertedFont</Tag>
						</Glyphs>
						<Glyphs OutlineWidth="0.5" CharSpace="0" RenderTransform="0.5968368 0 -0 0.5968368 228.54291 557.8943">
							<Font SizePoints="38" Style="Bold" FamilyName="HPDHEV+BlissPro-Bold" Capitals="Normal" ResourceId="3" />
							<Origin X="0" Y="0" />
							<Text>р</Text>
							<Size Width="19.988" Height="22.154297" />
							<Brush>
								<SolidBrush Color="#FF005F7F" />
							</Brush>
							<Tag>convertedFont</Tag>
						</Glyphs>
						<Glyphs OutlineWidth="0.5" CharSpace="0" RenderTransform="0.5968368 0 -0 0.5968368 240.55424 557.8943">
							<Font SizePoints="38" Style="Bold" FamilyName="HPDHEV+BlissPro-Bold" Capitals="Normal" ResourceId="3" />
							<Origin X="0" Y="0" />
							<Text>и</Text>
							<Size Width="21.128" Height="22.154297" />
							<Brush>
								<SolidBrush Color="#FF005F7F" />
							</Brush>
							<Tag>convertedFont</Tag>
						</Glyphs>
						<Glyphs OutlineWidth="0.5" CharSpace="0" RenderTransform="0.5968368 0 -0 0.5968368 253.24635 557.8943">
							<Font SizePoints="38" Style="Bold" FamilyName="HPDHEV+BlissPro-Bold" Capitals="Normal" ResourceId="3" />
							<Origin X="0" Y="0" />
							<Text>т</Text>
							<Size Width="17.67" Height="22.154297" />
							<Brush>
								<SolidBrush Color="#FF005F7F" />
							</Brush>
							<Tag>convertedFont</Tag>
						</Glyphs>
						<Glyphs OutlineWidth="0.5" CharSpace="0" RenderTransform="0.5968368 0 -0 0.5968368 263.8775 557.8943">
							<Font SizePoints="38" Style="Bold" FamilyName="HPDHEV+BlissPro-Bold" Capitals="Normal" ResourceId="3" />
							<Origin X="0" Y="0" />
							<Text>о</Text>
							<Size Width="20.558" Height="22.154297" />
							<Brush>
								<SolidBrush Color="#FF005F7F" />
							</Brush>
							<Tag>convertedFont</Tag>
						</Glyphs>
						<Glyphs OutlineWidth="0.5" CharSpace="0" RenderTransform="0.5968368 0 -0 0.5968368 276.2339 557.8943">
							<Font SizePoints="38" Style="Bold" FamilyName="HPDHEV+BlissPro-Bold" Capitals="Normal" ResourceId="3" />
							<Origin X="0" Y="0" />
							<Text>ч</Text>
							<Size Width="19.266" Height="22.154297" />
							<Brush>
								<SolidBrush Color="#FF005F7F" />
							</Brush>
							<Tag>convertedFont</Tag>
						</Glyphs>
						<Glyphs OutlineWidth="0.5" CharSpace="0" RenderTransform="0.5968368 0 -0 0.5968368 287.81625 557.8943">
							<Font SizePoints="38" Style="Bold" FamilyName="HPDHEV+BlissPro-Bold" Capitals="Normal" ResourceId="3" />
							<Origin X="0" Y="0" />
							<Text>н</Text>
							<Size Width="20.482" Height="22.154297" />
							<Brush>
								<SolidBrush Color="#FF005F7F" />
							</Brush>
							<Tag>convertedFont</Tag>
						</Glyphs>
						<Glyphs OutlineWidth="0.5" CharSpace="0" RenderTransform="0.5968368 0 -0 0.5968368 300.12604 557.8943">
							<Font SizePoints="38" Style="Bold" FamilyName="HPDHEV+BlissPro-Bold" Capitals="Normal" ResourceId="3" />
							<Origin X="0" Y="0" />
							<Text>а</Text>
							<Size Width="18.658" Height="22.154297" />
							<Brush>
								<SolidBrush Color="#FF005F7F" />
							</Brush>
							<Tag>convertedFont</Tag>
						</Glyphs>
						<Glyphs OutlineWidth="0.5" CharSpace="0" RenderTransform="0.5968368 0 -0 0.5968368 311.3447 557.8943">
							<Font SizePoints="38" Style="Bold" FamilyName="HPDHEV+BlissPro-Bold" Capitals="Normal" ResourceId="3" />
							<Origin X="0" Y="0" />
							<Text>я</Text>
							<Size Width="18.658" Height="22.154297" />
							<Brush>
								<SolidBrush Color="#FF005F7F" />
							</Brush>
							<Tag>convertedFont</Tag>
						</Glyphs>
						<Glyphs OutlineWidth="0.5" CharSpace="0" RenderTransform="0.5968368 0 -0 0.5968368 322.56335 557.8943">
							<Font SizePoints="38" Style="Bold" FamilyName="HPDHEV+BlissPro-Bold" Capitals="Normal" ResourceId="3" />
							<Origin X="0" Y="0" />
							<Text> </Text>
							<Size Width="8.132" Height="22.154297" />
							<Brush>
								<SolidBrush Color="#FF005F7F" />
							</Brush>
							<Tag>convertedFont</Tag>
						</Glyphs>
						<Glyphs OutlineWidth="0.5" CharSpace="0" RenderTransform="0.5968368 0 -0 0.5968368 327.4593 557.8943">
							<Font SizePoints="38" Style="Bold" FamilyName="HPDHEV+BlissPro-Bold" Capitals="Normal" ResourceId="3" />
							<Origin X="0" Y="0" />
							<Text>ч</Text>
							<Size Width="19.266" Height="22.154297" />
							<Brush>
								<SolidBrush Color="#FF005F7F" />
							</Brush>
							<Tag>convertedFont</Tag>
						</Glyphs>
						<Glyphs OutlineWidth="0.5" CharSpace="0" RenderTransform="0.5968368 0 -0 0.5968368 339.04166 557.8943">
							<Font SizePoints="38" Style="Bold" FamilyName="HPDHEV+BlissPro-Bold" Capitals="Normal" ResourceId="3" />
							<Origin X="0" Y="0" />
							<Text>а</Text>
							<Size Width="18.658" Height="22.154297" />
							<Brush>
								<SolidBrush Color="#FF005F7F" />
							</Brush>
							<Tag>convertedFont</Tag>
						</Glyphs>
						<Glyphs OutlineWidth="0.5" CharSpace="0" RenderTransform="0.5968368 0 -0 0.5968368 350.2603 557.8943">
							<Font SizePoints="38" Style="Bold" FamilyName="HPDHEV+BlissPro-Bold" Capitals="Normal" ResourceId="3" />
							<Origin X="0" Y="0" />
							<Text>с</Text>
							<Size Width="16.986" Height="22.154297" />
							<Brush>
								<SolidBrush Color="#FF005F7F" />
							</Brush>
							<Tag>convertedFont</Tag>
						</Glyphs>
						<Glyphs OutlineWidth="0.5" CharSpace="0" RenderTransform="0.5968368 0 -0 0.5968368 360.4625 557.8943">
							<Font SizePoints="38" Style="Bold" FamilyName="HPDHEV+BlissPro-Bold" Capitals="Normal" ResourceId="3" />
							<Origin X="0" Y="0" />
							<Text>т</Text>
							<Size Width="17.67" Height="22.154297" />
							<Brush>
								<SolidBrush Color="#FF005F7F" />
							</Brush>
							<Tag>convertedFont</Tag>
						</Glyphs>
						<Glyphs OutlineWidth="0.5" CharSpace="0" RenderTransform="0.5968368 0 -0 0.5968368 371.09366 557.8943">
							<Font SizePoints="38" Style="Bold" FamilyName="HPDHEV+BlissPro-Bold" Capitals="Normal" ResourceId="3" />
							<Origin X="0" Y="0" />
							<Text>ь</Text>
							<Size Width="18.164" Height="22.154297" />
							<Brush>
								<SolidBrush Color="#FF005F7F" />
							</Brush>
							<Tag>convertedFont</Tag>
						</Glyphs>
						<Glyphs OutlineWidth="0.5" CharSpace="0" RenderTransform="0.5968368 0 -0 0.5968368 57.745003 583.55835">
							<Font SizePoints="16" Style="Bold" FamilyName="HPDHEV+BlissPro-Bold" Capitals="Normal" ResourceId="3" />
							<Origin X="0" Y="0" />
							<Text>В</Text>
							<Size Width="9.024" Height="9.328125" />
							<Brush>
								<SolidBrush Color="#FFFFFFFF" />
							</Brush>
							<Tag>convertedFont</Tag>
						</Glyphs>
						<Glyphs OutlineWidth="0.5" CharSpace="0" RenderTransform="0.5968368 0 -0 0.5968368 63.17249 583.55835">
							<Font SizePoints="16" Style="Bold" FamilyName="HPDHEV+BlissPro-Bold" Capitals="Normal" ResourceId="3" />
							<Origin X="0" Y="0" />
							<Text>Е</Text>
							<Size Width="8.016" Height="9.328125" />
							<Brush>
								<SolidBrush Color="#FFFFFFFF" />
							</Brush>
							<Tag>convertedFont</Tag>
						</Glyphs>
						<Glyphs OutlineWidth="0.5" CharSpace="0" RenderTransform="0.5968368 0 -0 0.5968368 67.993805 583.55835">
							<Font SizePoints="16" Style="Bold" FamilyName="HPDHEV+BlissPro-Bold" Capitals="Normal" ResourceId="3" />
							<Origin X="0" Y="0" />
							<Text>Н</Text>
							<Size Width="11.392" Height="9.328125" />
							<Brush>
								<SolidBrush Color="#FFFFFFFF" />
							</Brush>
							<Tag>convertedFont</Tag>
						</Glyphs>
						<Glyphs OutlineWidth="0.5" CharSpace="0" RenderTransform="0.5968368 0 -0 0.5968368 74.84811 583.55835">
							<Font SizePoints="16" Style="Bold" FamilyName="HPDHEV+BlissPro-Bold" Capitals="Normal" ResourceId="3" />
							<Origin X="0" Y="0" />
							<Text>Т</Text>
							<Size Width="8.56" Height="9.328125" />
							<Brush>
								<SolidBrush Color="#FFFFFFFF" />
							</Brush>
							<Tag>convertedFont</Tag>
						</Glyphs>
						<Glyphs OutlineWidth="0.5" CharSpace="0" RenderTransform="0.5968368 0 -0 0.5968368 79.986496 583.55835">
							<Font SizePoints="16" Style="Bold" FamilyName="HPDHEV+BlissPro-Bold" Capitals="Normal" ResourceId="3" />
							<Origin X="0" Y="0" />
							<Text>И</Text>
							<Size Width="11.872" Height="9.328125" />
							<Brush>
								<SolidBrush Color="#FFFFFFFF" />
							</Brush>
							<Tag>convertedFont</Tag>
						</Glyphs>
						<Glyphs OutlineWidth="0.5" CharSpace="0" RenderTransform="0.5968368 0 -0 0.5968368 87.12056 583.55835">
							<Font SizePoints="16" Style="Bold" FamilyName="HPDHEV+BlissPro-Bold" Capitals="Normal" ResourceId="3" />
							<Origin X="0" Y="0" />
							<Text>Л</Text>
							<Size Width="10.368" Height="9.328125" />
							<Brush>
								<SolidBrush Color="#FFFFFFFF" />
							</Brush>
							<Tag>convertedFont</Tag>
						</Glyphs>
						<Glyphs OutlineWidth="0.5" CharSpace="0" RenderTransform="0.5968368 0 -0 0.5968368 93.35005 583.55835">
							<Font SizePoints="16" Style="Bold" FamilyName="HPDHEV+BlissPro-Bold" Capitals="Normal" ResourceId="3" />
							<Origin X="0" Y="0" />
							<Text>Я</Text>
							<Size Width="9.632" Height="9.328125" />
							<Brush>
								<SolidBrush Color="#FFFFFFFF" />
							</Brush>
							<Tag>convertedFont</Tag>
						</Glyphs>
						<Glyphs OutlineWidth="0.5" CharSpace="0" RenderTransform="0.5968368 0 -0 0.5968368 99.14123 583.55835">
							<Font SizePoints="16" Style="Bold" FamilyName="HPDHEV+BlissPro-Bold" Capitals="Normal" ResourceId="3" />
							<Origin X="0" Y="0" />
							<Text>Т</Text>
							<Size Width="8.56" Height="9.328125" />
							<Brush>
								<SolidBrush Color="#FFFFFFFF" />
							</Brush>
							<Tag>convertedFont</Tag>
						</Glyphs>
						<Glyphs OutlineWidth="0.5" CharSpace="0" RenderTransform="0.5968368 0 -0 0.5968368 104.279625 583.55835">
							<Font SizePoints="16" Style="Bold" FamilyName="HPDHEV+BlissPro-Bold" Capitals="Normal" ResourceId="3" />
							<Origin X="0" Y="0" />
							<Text>О</Text>
							<Size Width="12.224" Height="9.328125" />
							<Brush>
								<SolidBrush Color="#FFFFFFFF" />
							</Brush>
							<Tag>convertedFont</Tag>
						</Glyphs>
						<Glyphs OutlineWidth="0.5" CharSpace="0" RenderTransform="0.5968368 0 -0 0.5968368 111.628174 583.55835">
							<Font SizePoints="16" Style="Bold" FamilyName="HPDHEV+BlissPro-Bold" Capitals="Normal" ResourceId="3" />
							<Origin X="0" Y="0" />
							<Text>Р</Text>
							<Size Width="8.624" Height="9.328125" />
							<Brush>
								<SolidBrush Color="#FFFFFFFF" />
							</Brush>
							<Tag>convertedFont</Tag>
						</Glyphs>
					</Canvas>
				</Canvas>
			</Canvas>
		</Page>
		<Page Width="595" Height="842" PaperTray="0">
			<Canvas>
				<Canvas>
					<Clip>
						<Path FillMode="Winding">
							<PathFigure IsClosed="True">
								<PolyLine LineColor="#FF000000">
									<Point X="0" Y="842" />
									<Point X="0" Y="0" />
								</PolyLine>
								<PolyLine LineColor="#FF000000">
									<Point X="0" Y="0" />
									<Point X="595" Y="0" />
								</PolyLine>
								<PolyLine LineColor="#FF000000">
									<Point X="595" Y="0" />
									<Point X="595" Y="842" />
								</PolyLine>
								<PolyLine LineColor="#FF000000">
									<Point X="595" Y="842" />
									<Point X="0" Y="842" />
								</PolyLine>
							</PathFigure>
						</Path>
					</Clip>
					<Canvas>
						<Clip>
							<Path FillMode="Alternate">
								<PathFigure IsClosed="True">
									<PolyLine LineColor="#FF000000">
										<Point X="28.5" Y="28.5" />
										<Point X="566.25" Y="28.5" />
									</PolyLine>
									<PolyLine LineColor="#FF000000">
										<Point X="566.25" Y="28.5" />
										<Point X="566.25" Y="813.3404" />
									</PolyLine>
									<PolyLine LineColor="#FF000000">
										<Point X="566.25" Y="813.3404" />
										<Point X="28.5" Y="813.3404" />
									</PolyLine>
									<PolyLine LineColor="#FF000000">
										<Point X="28.5" Y="813.3404" />
										<Point X="28.5" Y="28.5" />
									</PolyLine>
								</PathFigure>
							</Path>
						</Clip>
						<Path FillMode="Winding" RenderTransform="1 0 0 -1 0 842">
							<Brush>
								<SolidBrush Color="#FF005F7F" />
							</Brush>
							<PathFigure IsClosed="True">
								<PolyLine LineColor="#FF000000">
									<Point X="52.373474" Y="589.6865" />
									<Point X="542.37646" Y="589.6865" />
								</PolyLine>
								<PolyLine LineColor="#FF000000">
									<Point X="542.37646" Y="589.6865" />
									<Point X="542.37646" Y="571.7815" />
								</PolyLine>
								<PolyLine LineColor="#FF000000">
									<Point X="542.37646" Y="571.7815" />
									<Point X="52.373474" Y="571.7815" />
								</PolyLine>
							</PathFigure>
						</Path>
						<Path FillMode="Winding" RenderTransform="1 0 0 -1 0 842">
							<Brush>
								<SolidBrush Color="#FFFFFFFF" />
							</Brush>
							<PathFigure IsClosed="True">
								<PolyLine LineColor="#FF000000">
									<Point X="52.373474" Y="589.6865" />
									<Point X="52.970306" Y="589.6865" />
								</PolyLine>
								<PolyLine LineColor="#FF000000">
									<Point X="52.970306" Y="589.6865" />
									<Point X="52.970306" Y="571.7815" />
								</PolyLine>
								<PolyLine LineColor="#FF000000">
									<Point X="52.970306" Y="571.7815" />
									<Point X="52.373474" Y="571.7815" />
								</PolyLine>
							</PathFigure>
						</Path>
						<Path FillMode="Winding" RenderTransform="1 0 0 -1 0 842">
							<Brush>
								<SolidBrush Color="#FF005F7F" />
							</Brush>
							<PathFigure IsClosed="True">
								<PolyLine LineColor="#FF000000">
									<Point X="52.373474" Y="547.31104" />
									<Point X="196.80798" Y="547.31104" />
								</PolyLine>
								<PolyLine LineColor="#FF000000">
									<Point X="196.80798" Y="547.31104" />
									<Point X="196.80798" Y="546.71436" />
								</PolyLine>
								<PolyLine LineColor="#FF000000">
									<Point X="196.80798" Y="546.71436" />
									<Point X="52.373474" Y="546.71436" />
								</PolyLine>
							</PathFigure>
						</Path>
						<Path FillMode="Winding" RenderTransform="1 0 0 -1 0 842">
							<Brush>
								<SolidBrush Color="#FF005F7F" />
							</Brush>
							<PathFigure IsClosed="True">
								<PolyLine LineColor="#FF000000">
									<Point X="198.59851" Y="547.3108" />
									<Point X="198.00166" Y="546.7139" />
								</PolyLine>
								<PolyLine LineColor="#FF000000">
									<Point X="198.00166" Y="546.7139" />
									<Point X="229.03717" Y="546.7139" />
								</PolyLine>
								<PolyLine LineColor="#FF000000">
									<Point X="229.03717" Y="546.7139" />
									<Point X="229.03717" Y="547.3108" />
								</PolyLine>
								<PolyLine LineColor="#FF000000">
									<Point X="229.03717" Y="547.3108" />
									<Point X="198.59851" Y="547.3108" />
								</PolyLine>
							</PathFigure>
						</Path>
						<Path FillMode="Winding" RenderTransform="1 0 0 -1 0 842">
							<Brush>
								<SolidBrush Color="#FF939598" />
							</Brush>
							<PathFigure IsClosed="True">
								<PolyLine LineColor="#FF000000">
									<Point X="198.00166" Y="570.5874" />
									<Point X="198.00166" Y="546.7139" />
								</PolyLine>
								<PolyLine LineColor="#FF000000">
									<Point X="198.00166" Y="546.7139" />
									<Point X="198.59851" Y="547.3108" />
								</PolyLine>
								<PolyLine LineColor="#FF000000">
									<Point X="198.59851" Y="547.3108" />
									<Point X="198.59851" Y="570.5874" />
								</PolyLine>
								<PolyLine LineColor="#FF000000">
									<Point X="198.59851" Y="570.5874" />
									<Point X="198.00166" Y="570.5874" />
								</PolyLine>
							</PathFigure>
						</Path>
						<Path FillMode="Winding" RenderTransform="1 0 0 -1 0 842">
							<Brush>
								<SolidBrush Color="#FF005F7F" />
							</Brush>
							<PathFigure IsClosed="True">
								<PolyLine LineColor="#FF000000">
									<Point X="230.23083" Y="547.31104" />
									<Point X="262.46002" Y="547.31104" />
								</PolyLine>
								<PolyLine LineColor="#FF000000">
									<Point X="262.46002" Y="547.31104" />
									<Point X="262.46002" Y="546.71436" />
								</PolyLine>
								<PolyLine LineColor="#FF000000">
									<Point X="262.46002" Y="546.71436" />
									<Point X="230.23083" Y="546.71436" />
								</PolyLine>
							</PathFigure>
						</Path>
						<Path FillMode="Winding" RenderTransform="1 0 0 -1 0 842">
							<Brush>
								<SolidBrush Color="#FF005F7F" />
							</Brush>
							<PathFigure IsClosed="True">
								<PolyLine LineColor="#FF000000">
									<Point X="263.6537" Y="547.31104" />
									<Point X="295.88287" Y="547.31104" />
								</PolyLine>
								<PolyLine LineColor="#FF000000">
									<Point X="295.88287" Y="547.31104" />
									<Point X="295.88287" Y="546.71436" />
								</PolyLine>
								<PolyLine LineColor="#FF000000">
									<Point X="295.88287" Y="546.71436" />
									<Point X="263.6537" Y="546.71436" />
								</PolyLine>
							</PathFigure>
						</Path>
						<Path FillMode="Winding" RenderTransform="1 0 0 -1 0 842">
							<Brush>
								<SolidBrush Color="#FF005F7F" />
							</Brush>
							<PathFigure IsClosed="True">
								<PolyLine LineColor="#FF000000">
									<Point X="297.07657" Y="547.31104" />
									<Point X="337.06464" Y="547.31104" />
								</PolyLine>
								<PolyLine LineColor="#FF000000">
									<Point X="337.06464" Y="547.31104" />
									<Point X="337.06464" Y="546.71436" />
								</PolyLine>
								<PolyLine LineColor="#FF000000">
									<Point X="337.06464" Y="546.71436" />
									<Point X="297.07657" Y="546.71436" />
								</PolyLine>
							</PathFigure>
						</Path>
						<Path FillMode="Winding" RenderTransform="1 0 0 -1 0 842">
							<Brush>
								<SolidBrush Color="#FF005F7F" />
							</Brush>
							<PathFigure IsClosed="True">
								<PolyLine LineColor="#FF000000">
									<Point X="338.2583" Y="547.31104" />
									<Point X="380.03687" Y="547.31104" />
								</PolyLine>
								<PolyLine LineColor="#FF000000">
									<Point X="380.03687" Y="547.31104" />
									<Point X="380.03687" Y="546.71436" />
								</PolyLine>
								<PolyLine LineColor="#FF000000">
									<Point X="380.03687" Y="546.71436" />
									<Point X="338.2583" Y="546.71436" />
								</PolyLine>
							</PathFigure>
						</Path>
						<Path FillMode="Winding" RenderTransform="1 0 0 -1 0 842">
							<Brush>
								<SolidBrush Color="#FF005F7F" />
							</Brush>
							<PathFigure IsClosed="True">
								<PolyLine LineColor="#FF000000">
									<Point X="381.23056" Y="547.31104" />
									<Point X="423.00912" Y="547.31104" />
								</PolyLine>
								<PolyLine LineColor="#FF000000">
									<Point X="423.00912" Y="547.31104" />
									<Point X="423.00912" Y="546.71436" />
								</PolyLine>
								<PolyLine LineColor="#FF000000">
									<Point X="423.00912" Y="546.71436" />
									<Point X="381.23056" Y="546.71436" />
								</PolyLine>
							</PathFigure>
						</Path>
						<Path FillMode="Winding" RenderTransform="1 0 0 -1 0 842">
							<Brush>
								<SolidBrush Color="#FF005F7F" />
							</Brush>
							<PathFigure IsClosed="True">
								<PolyLine LineColor="#FF000000">
									<Point X="424.2028" Y="547.31104" />
									<Point X="466.57822" Y="547.31104" />
								</PolyLine>
								<PolyLine LineColor="#FF000000">
									<Point X="466.57822" Y="547.31104" />
									<Point X="466.57822" Y="546.71436" />
								</PolyLine>
								<PolyLine LineColor="#FF000000">
									<Point X="466.57822" Y="546.71436" />
									<Point X="424.2028" Y="546.71436" />
								</PolyLine>
							</PathFigure>
						</Path>
						<Path FillMode="Winding" RenderTransform="1 0 0 -1 0 842">
							<Brush>
								<SolidBrush Color="#FF005F7F" />
							</Brush>
							<PathFigure IsClosed="True">
								<PolyLine LineColor="#FF000000">
									<Point X="467.77188" Y="547.31104" />
									<Point X="542.37646" Y="547.31104" />
								</PolyLine>
								<PolyLine LineColor="#FF000000">
									<Point X="542.37646" Y="547.31104" />
									<Point X="542.37646" Y="546.71436" />
								</PolyLine>
								<PolyLine LineColor="#FF000000">
									<Point X="542.37646" Y="546.71436" />
									<Point X="467.77188" Y="546.71436" />
								</PolyLine>
							</PathFigure>
						</Path>
					</Canvas>
					<Canvas>
						<Clip>
							<Path FillMode="Alternate">
								<PathFigure IsClosed="True">
									<PolyLine LineColor="#FF000000">
										<Point X="28.5" Y="28.5" />
										<Point X="566.25" Y="28.5" />
									</PolyLine>
									<PolyLine LineColor="#FF000000">
										<Point X="566.25" Y="28.5" />
										<Point X="566.25" Y="813.3404" />
									</PolyLine>
									<PolyLine LineColor="#FF000000">
										<Point X="566.25" Y="813.3404" />
										<Point X="28.5" Y="813.3404" />
									</PolyLine>
									<PolyLine LineColor="#FF000000">
										<Point X="28.5" Y="813.3404" />
										<Point X="28.5" Y="28.5" />
									</PolyLine>
								</PathFigure>
							</Path>
						</Clip>
						<Canvas>
							<Clip>
								<Path FillMode="Winding">
									<PathFigure IsClosed="False">
										<PolyLine LineColor="#FF000000">
											<Point X="52.373474" Y="308.4165" />
											<Point X="52.373474" Y="307.81964" />
										</PolyLine>
										<PolyLine LineColor="#FF000000">
											<Point X="52.373474" Y="307.81964" />
											<Point X="196.80798" Y="307.81964" />
										</PolyLine>
										<PolyLine LineColor="#FF000000">
											<Point X="196.80798" Y="307.81964" />
											<Point X="196.80798" Y="308.4165" />
										</PolyLine>
									</PathFigure>
								</Path>
							</Clip>
							<Path FillMode="Winding" RenderTransform="1 0 0 -1 0 842">
								<Brush>
									<SolidBrush Color="#FF706E74" />
								</Brush>
								<PathFigure IsClosed="True">
									<PolyLine LineColor="#FF000000">
										<Point X="52.373474" Y="534.18066" />
										<Point X="52.970306" Y="534.18066" />
									</PolyLine>
									<PolyLine LineColor="#FF000000">
										<Point X="52.970306" Y="534.18066" />
										<Point X="52.970306" Y="533.58374" />
									</PolyLine>
									<PolyLine LineColor="#FF000000">
										<Point X="52.970306" Y="533.58374" />
										<Point X="52.373474" Y="533.58374" />
									</PolyLine>
								</PathFigure>
							</Path>
							<Path FillMode="Winding" RenderTransform="1 0 0 -1 0 842">
								<Brush>
									<SolidBrush Color="#FF706E74" />
								</Brush>
								<PathFigure IsClosed="True">
									<PolyLine LineColor="#FF000000">
										<Point X="196.21114" Y="534.18066" />
										<Point X="196.80798" Y="534.18066" />
									</PolyLine>
									<PolyLine LineColor="#FF000000">
										<Point X="196.80798" Y="534.18066" />
										<Point X="196.80798" Y="533.58374" />
									</PolyLine>
									<PolyLine LineColor="#FF000000">
										<Point X="196.80798" Y="533.58374" />
										<Point X="196.21114" Y="533.58374" />
									</PolyLine>
								</PathFigure>
							</Path>
							<Path FillMode="Alternate" RenderTransform="1 0 0 -1 0 842">
								<Pen Alignment="Center" DashCap="Flat" DashOffset="0" DashPattern="0.5968368 0.5968368" DashStyle="Custom" EndCap="Flat" LineJoin="Miter" MiterLimit="10" StartCap="Flat" Width="0.5968368">
									<Brush>
										<SolidBrush Color="#FF706E74" />
									</Brush>
								</Pen>
								<PathFigure IsClosed="False">
									<PolyLine LineColor="#FF000000">
										<Point X="52.970306" Y="533.8823" />
										<Point X="196.21114" Y="533.8823" />
									</PolyLine>
								</PathFigure>
							</Path>
						</Canvas>
					</Canvas>
					<Canvas>
						<Clip>
							<Path FillMode="Alternate">
								<PathFigure IsClosed="True">
									<PolyLine LineColor="#FF000000">
										<Point X="28.5" Y="28.5" />
										<Point X="566.25" Y="28.5" />
									</PolyLine>
									<PolyLine LineColor="#FF000000">
										<Point X="566.25" Y="28.5" />
										<Point X="566.25" Y="813.3404" />
									</PolyLine>
									<PolyLine LineColor="#FF000000">
										<Point X="566.25" Y="813.3404" />
										<Point X="28.5" Y="813.3404" />
									</PolyLine>
									<PolyLine LineColor="#FF000000">
										<Point X="28.5" Y="813.3404" />
										<Point X="28.5" Y="28.5" />
									</PolyLine>
								</PathFigure>
							</Path>
						</Clip>
					</Canvas>
					<Canvas>
						<Clip>
							<Path FillMode="Alternate">
								<PathFigure IsClosed="True">
									<PolyLine LineColor="#FF000000">
										<Point X="28.5" Y="28.5" />
										<Point X="566.25" Y="28.5" />
									</PolyLine>
									<PolyLine LineColor="#FF000000">
										<Point X="566.25" Y="28.5" />
										<Point X="566.25" Y="813.3404" />
									</PolyLine>
									<PolyLine LineColor="#FF000000">
										<Point X="566.25" Y="813.3404" />
										<Point X="28.5" Y="813.3404" />
									</PolyLine>
									<PolyLine LineColor="#FF000000">
										<Point X="28.5" Y="813.3404" />
										<Point X="28.5" Y="28.5" />
									</PolyLine>
								</PathFigure>
							</Path>
						</Clip>
						<Canvas>
							<Clip>
								<Path FillMode="Winding">
									<PathFigure IsClosed="False">
										<PolyLine LineColor="#FF000000">
											<Point X="198.00166" Y="308.4165" />
											<Point X="198.59851" Y="307.81964" />
										</PolyLine>
										<PolyLine LineColor="#FF000000">
											<Point X="198.59851" Y="307.81964" />
											<Point X="229.03717" Y="307.81964" />
										</PolyLine>
										<PolyLine LineColor="#FF000000">
											<Point X="229.03717" Y="307.81964" />
											<Point X="229.03717" Y="308.4165" />
										</PolyLine>
									</PathFigure>
								</Path>
							</Clip>
							<Path FillMode="Winding" RenderTransform="1 0 0 -1 0 842">
								<Brush>
									<SolidBrush Color="#FF706E74" />
								</Brush>
								<PathFigure IsClosed="True">
									<PolyLine LineColor="#FF000000">
										<Point X="198.00165" Y="534.18066" />
										<Point X="198.5985" Y="534.18066" />
									</PolyLine>
									<PolyLine LineColor="#FF000000">
										<Point X="198.5985" Y="534.18066" />
										<Point X="198.5985" Y="533.58374" />
									</PolyLine>
									<PolyLine LineColor="#FF000000">
										<Point X="198.5985" Y="533.58374" />
										<Point X="198.00165" Y="533.58374" />
									</PolyLine>
								</PathFigure>
							</Path>
							<Path FillMode="Winding" RenderTransform="1 0 0 -1 0 842">
								<Brush>
									<SolidBrush Color="#FF706E74" />
								</Brush>
								<PathFigure IsClosed="True">
									<PolyLine LineColor="#FF000000">
										<Point X="228.44032" Y="534.18066" />
										<Point X="229.03717" Y="534.18066" />
									</PolyLine>
									<PolyLine LineColor="#FF000000">
										<Point X="229.03717" Y="534.18066" />
										<Point X="229.03717" Y="533.58374" />
									</PolyLine>
									<PolyLine LineColor="#FF000000">
										<Point X="229.03717" Y="533.58374" />
										<Point X="228.44032" Y="533.58374" />
									</PolyLine>
								</PathFigure>
							</Path>
							<Path FillMode="Alternate" RenderTransform="1 0 0 -1 0 842">
								<Pen Alignment="Center" DashCap="Flat" DashOffset="0" DashPattern="0.5968368 0.5968368" DashStyle="Custom" EndCap="Flat" LineJoin="Miter" MiterLimit="10" StartCap="Flat" Width="0.5968368">
									<Brush>
										<SolidBrush Color="#FF706E74" />
									</Brush>
								</Pen>
								<PathFigure IsClosed="False">
									<PolyLine LineColor="#FF000000">
										<Point X="198.5985" Y="533.8823" />
										<Point X="228.44032" Y="533.8823" />
									</PolyLine>
								</PathFigure>
							</Path>
						</Canvas>
					</Canvas>
					<Canvas>
						<Clip>
							<Path FillMode="Alternate">
								<PathFigure IsClosed="True">
									<PolyLine LineColor="#FF000000">
										<Point X="28.5" Y="28.5" />
										<Point X="566.25" Y="28.5" />
									</PolyLine>
									<PolyLine LineColor="#FF000000">
										<Point X="566.25" Y="28.5" />
										<Point X="566.25" Y="813.3404" />
									</PolyLine>
									<PolyLine LineColor="#FF000000">
										<Point X="566.25" Y="813.3404" />
										<Point X="28.5" Y="813.3404" />
									</PolyLine>
									<PolyLine LineColor="#FF000000">
										<Point X="28.5" Y="813.3404" />
										<Point X="28.5" Y="28.5" />
									</PolyLine>
								</PathFigure>
							</Path>
						</Clip>
						<Path FillMode="Winding" RenderTransform="1 0 0 -1 0 842">
							<Brush>
								<SolidBrush Color="#FF939598" />
							</Brush>
							<PathFigure IsClosed="True">
								<PolyLine LineColor="#FF000000">
									<Point X="198.00166" Y="545.52026" />
									<Point X="198.00166" Y="533.5835" />
								</PolyLine>
								<PolyLine LineColor="#FF000000">
									<Point X="198.00166" Y="533.5835" />
									<Point X="198.59851" Y="534.18036" />
								</PolyLine>
								<PolyLine LineColor="#FF000000">
									<Point X="198.59851" Y="534.18036" />
									<Point X="198.59851" Y="545.52026" />
								</PolyLine>
								<PolyLine LineColor="#FF000000">
									<Point X="198.59851" Y="545.52026" />
									<Point X="198.00166" Y="545.52026" />
								</PolyLine>
							</PathFigure>
						</Path>
					</Canvas>
					<Canvas>
						<Clip>
							<Path FillMode="Alternate">
								<PathFigure IsClosed="True">
									<PolyLine LineColor="#FF000000">
										<Point X="28.5" Y="28.5" />
										<Point X="566.25" Y="28.5" />
									</PolyLine>
									<PolyLine LineColor="#FF000000">
										<Point X="566.25" Y="28.5" />
										<Point X="566.25" Y="813.3404" />
									</PolyLine>
									<PolyLine LineColor="#FF000000">
										<Point X="566.25" Y="813.3404" />
										<Point X="28.5" Y="813.3404" />
									</PolyLine>
									<PolyLine LineColor="#FF000000">
										<Point X="28.5" Y="813.3404" />
										<Point X="28.5" Y="28.5" />
									</PolyLine>
								</PathFigure>
							</Path>
						</Clip>
						<Canvas>
							<Clip>
								<Path FillMode="Winding">
									<PathFigure IsClosed="False">
										<PolyLine LineColor="#FF000000">
											<Point X="230.23083" Y="308.4165" />
											<Point X="230.23083" Y="307.81964" />
										</PolyLine>
										<PolyLine LineColor="#FF000000">
											<Point X="230.23083" Y="307.81964" />
											<Point X="262.46002" Y="307.81964" />
										</PolyLine>
										<PolyLine LineColor="#FF000000">
											<Point X="262.46002" Y="307.81964" />
											<Point X="262.46002" Y="308.4165" />
										</PolyLine>
									</PathFigure>
								</Path>
							</Clip>
							<Path FillMode="Winding" RenderTransform="1 0 0 -1 0 842">
								<Brush>
									<SolidBrush Color="#FF706E74" />
								</Brush>
								<PathFigure IsClosed="True">
									<PolyLine LineColor="#FF000000">
										<Point X="230.23083" Y="534.18066" />
										<Point X="230.82768" Y="534.18066" />
									</PolyLine>
									<PolyLine LineColor="#FF000000">
										<Point X="230.82768" Y="534.18066" />
										<Point X="230.82768" Y="533.58374" />
									</PolyLine>
									<PolyLine LineColor="#FF000000">
										<Point X="230.82768" Y="533.58374" />
										<Point X="230.23083" Y="533.58374" />
									</PolyLine>
								</PathFigure>
							</Path>
							<Path FillMode="Winding" RenderTransform="1 0 0 -1 0 842">
								<Brush>
									<SolidBrush Color="#FF706E74" />
								</Brush>
								<PathFigure IsClosed="True">
									<PolyLine LineColor="#FF000000">
										<Point X="261.8632" Y="534.18066" />
										<Point X="262.46002" Y="534.18066" />
									</PolyLine>
									<PolyLine LineColor="#FF000000">
										<Point X="262.46002" Y="534.18066" />
										<Point X="262.46002" Y="533.58374" />
									</PolyLine>
									<PolyLine LineColor="#FF000000">
										<Point X="262.46002" Y="533.58374" />
										<Point X="261.8632" Y="533.58374" />
									</PolyLine>
								</PathFigure>
							</Path>
							<Path FillMode="Alternate" RenderTransform="1 0 0 -1 0 842">
								<Pen Alignment="Center" DashCap="Flat" DashOffset="0" DashPattern="0.5968368 0.5968368" DashStyle="Custom" EndCap="Flat" LineJoin="Miter" MiterLimit="10" StartCap="Flat" Width="0.5968368">
									<Brush>
										<SolidBrush Color="#FF706E74" />
									</Brush>
								</Pen>
								<PathFigure IsClosed="False">
									<PolyLine LineColor="#FF000000">
										<Point X="230.82768" Y="533.8823" />
										<Point X="261.8632" Y="533.8823" />
									</PolyLine>
								</PathFigure>
							</Path>
						</Canvas>
					</Canvas>
					<Canvas>
						<Clip>
							<Path FillMode="Alternate">
								<PathFigure IsClosed="True">
									<PolyLine LineColor="#FF000000">
										<Point X="28.5" Y="28.5" />
										<Point X="566.25" Y="28.5" />
									</PolyLine>
									<PolyLine LineColor="#FF000000">
										<Point X="566.25" Y="28.5" />
										<Point X="566.25" Y="813.3404" />
									</PolyLine>
									<PolyLine LineColor="#FF000000">
										<Point X="566.25" Y="813.3404" />
										<Point X="28.5" Y="813.3404" />
									</PolyLine>
									<PolyLine LineColor="#FF000000">
										<Point X="28.5" Y="813.3404" />
										<Point X="28.5" Y="28.5" />
									</PolyLine>
								</PathFigure>
							</Path>
						</Clip>
					</Canvas>
					<Canvas>
						<Clip>
							<Path FillMode="Alternate">
								<PathFigure IsClosed="True">
									<PolyLine LineColor="#FF000000">
										<Point X="28.5" Y="28.5" />
										<Point X="566.25" Y="28.5" />
									</PolyLine>
									<PolyLine LineColor="#FF000000">
										<Point X="566.25" Y="28.5" />
										<Point X="566.25" Y="813.3404" />
									</PolyLine>
									<PolyLine LineColor="#FF000000">
										<Point X="566.25" Y="813.3404" />
										<Point X="28.5" Y="813.3404" />
									</PolyLine>
									<PolyLine LineColor="#FF000000">
										<Point X="28.5" Y="813.3404" />
										<Point X="28.5" Y="28.5" />
									</PolyLine>
								</PathFigure>
							</Path>
						</Clip>
						<Canvas>
							<Clip>
								<Path FillMode="Winding">
									<PathFigure IsClosed="False">
										<PolyLine LineColor="#FF000000">
											<Point X="263.6537" Y="308.4165" />
											<Point X="263.6537" Y="307.81964" />
										</PolyLine>
										<PolyLine LineColor="#FF000000">
											<Point X="263.6537" Y="307.81964" />
											<Point X="295.8829" Y="307.81964" />
										</PolyLine>
										<PolyLine LineColor="#FF000000">
											<Point X="295.8829" Y="307.81964" />
											<Point X="295.8829" Y="308.4165" />
										</PolyLine>
									</PathFigure>
								</Path>
							</Clip>
							<Path FillMode="Winding" RenderTransform="1 0 0 -1 0 842">
								<Brush>
									<SolidBrush Color="#FF706E74" />
								</Brush>
								<PathFigure IsClosed="True">
									<PolyLine LineColor="#FF000000">
										<Point X="263.6537" Y="534.18066" />
										<Point X="264.25055" Y="534.18066" />
									</PolyLine>
									<PolyLine LineColor="#FF000000">
										<Point X="264.25055" Y="534.18066" />
										<Point X="264.25055" Y="533.58374" />
									</PolyLine>
									<PolyLine LineColor="#FF000000">
										<Point X="264.25055" Y="533.58374" />
										<Point X="263.6537" Y="533.58374" />
									</PolyLine>
								</PathFigure>
							</Path>
							<Path FillMode="Winding" RenderTransform="1 0 0 -1 0 842">
								<Brush>
									<SolidBrush Color="#FF706E74" />
								</Brush>
								<PathFigure IsClosed="True">
									<PolyLine LineColor="#FF000000">
										<Point X="295.28604" Y="534.18066" />
										<Point X="295.88287" Y="534.18066" />
									</PolyLine>
									<PolyLine LineColor="#FF000000">
										<Point X="295.88287" Y="534.18066" />
										<Point X="295.88287" Y="533.58374" />
									</PolyLine>
									<PolyLine LineColor="#FF000000">
										<Point X="295.88287" Y="533.58374" />
										<Point X="295.28604" Y="533.58374" />
									</PolyLine>
								</PathFigure>
							</Path>
							<Path FillMode="Alternate" RenderTransform="1 0 0 -1 0 842">
								<Pen Alignment="Center" DashCap="Flat" DashOffset="0" DashPattern="0.5968368 0.5968368" DashStyle="Custom" EndCap="Flat" LineJoin="Miter" MiterLimit="10" StartCap="Flat" Width="0.5968368">
									<Brush>
										<SolidBrush Color="#FF706E74" />
									</Brush>
								</Pen>
								<PathFigure IsClosed="False">
									<PolyLine LineColor="#FF000000">
										<Point X="264.25055" Y="533.8823" />
										<Point X="295.28604" Y="533.8823" />
									</PolyLine>
								</PathFigure>
							</Path>
						</Canvas>
					</Canvas>
					<Canvas>
						<Clip>
							<Path FillMode="Alternate">
								<PathFigure IsClosed="True">
									<PolyLine LineColor="#FF000000">
										<Point X="28.5" Y="28.5" />
										<Point X="566.25" Y="28.5" />
									</PolyLine>
									<PolyLine LineColor="#FF000000">
										<Point X="566.25" Y="28.5" />
										<Point X="566.25" Y="813.3404" />
									</PolyLine>
									<PolyLine LineColor="#FF000000">
										<Point X="566.25" Y="813.3404" />
										<Point X="28.5" Y="813.3404" />
									</PolyLine>
									<PolyLine LineColor="#FF000000">
										<Point X="28.5" Y="813.3404" />
										<Point X="28.5" Y="28.5" />
									</PolyLine>
								</PathFigure>
							</Path>
						</Clip>
					</Canvas>
					<Canvas>
						<Clip>
							<Path FillMode="Alternate">
								<PathFigure IsClosed="True">
									<PolyLine LineColor="#FF000000">
										<Point X="28.5" Y="28.5" />
										<Point X="566.25" Y="28.5" />
									</PolyLine>
									<PolyLine LineColor="#FF000000">
										<Point X="566.25" Y="28.5" />
										<Point X="566.25" Y="813.3404" />
									</PolyLine>
									<PolyLine LineColor="#FF000000">
										<Point X="566.25" Y="813.3404" />
										<Point X="28.5" Y="813.3404" />
									</PolyLine>
									<PolyLine LineColor="#FF000000">
										<Point X="28.5" Y="813.3404" />
										<Point X="28.5" Y="28.5" />
									</PolyLine>
								</PathFigure>
							</Path>
						</Clip>
						<Canvas>
							<Clip>
								<Path FillMode="Winding">
									<PathFigure IsClosed="False">
										<PolyLine LineColor="#FF000000">
											<Point X="297.0766" Y="308.4165" />
											<Point X="297.0766" Y="307.81964" />
										</PolyLine>
										<PolyLine LineColor="#FF000000">
											<Point X="297.0766" Y="307.81964" />
											<Point X="337.06464" Y="307.81964" />
										</PolyLine>
										<PolyLine LineColor="#FF000000">
											<Point X="337.06464" Y="307.81964" />
											<Point X="337.06464" Y="308.4165" />
										</PolyLine>
									</PathFigure>
								</Path>
							</Clip>
							<Path FillMode="Winding" RenderTransform="1 0 0 -1 0 842">
								<Brush>
									<SolidBrush Color="#FF706E74" />
								</Brush>
								<PathFigure IsClosed="True">
									<PolyLine LineColor="#FF000000">
										<Point X="297.07657" Y="534.18066" />
										<Point X="297.6734" Y="534.18066" />
									</PolyLine>
									<PolyLine LineColor="#FF000000">
										<Point X="297.6734" Y="534.18066" />
										<Point X="297.6734" Y="533.58374" />
									</PolyLine>
									<PolyLine LineColor="#FF000000">
										<Point X="297.6734" Y="533.58374" />
										<Point X="297.07657" Y="533.58374" />
									</PolyLine>
								</PathFigure>
							</Path>
							<Path FillMode="Winding" RenderTransform="1 0 0 -1 0 842">
								<Brush>
									<SolidBrush Color="#FF706E74" />
								</Brush>
								<PathFigure IsClosed="True">
									<PolyLine LineColor="#FF000000">
										<Point X="336.4678" Y="534.18066" />
										<Point X="337.06464" Y="534.18066" />
									</PolyLine>
									<PolyLine LineColor="#FF000000">
										<Point X="337.06464" Y="534.18066" />
										<Point X="337.06464" Y="533.58374" />
									</PolyLine>
									<PolyLine LineColor="#FF000000">
										<Point X="337.06464" Y="533.58374" />
										<Point X="336.4678" Y="533.58374" />
									</PolyLine>
								</PathFigure>
							</Path>
							<Path FillMode="Alternate" RenderTransform="1 0 0 -1 0 842">
								<Pen Alignment="Center" DashCap="Flat" DashOffset="0" DashPattern="0.5968368 0.5968368" DashStyle="Custom" EndCap="Flat" LineJoin="Miter" MiterLimit="10" StartCap="Flat" Width="0.5968368">
									<Brush>
										<SolidBrush Color="#FF706E74" />
									</Brush>
								</Pen>
								<PathFigure IsClosed="False">
									<PolyLine LineColor="#FF000000">
										<Point X="297.6734" Y="533.8823" />
										<Point X="336.4678" Y="533.8823" />
									</PolyLine>
								</PathFigure>
							</Path>
						</Canvas>
					</Canvas>
					<Canvas>
						<Clip>
							<Path FillMode="Alternate">
								<PathFigure IsClosed="True">
									<PolyLine LineColor="#FF000000">
										<Point X="28.5" Y="28.5" />
										<Point X="566.25" Y="28.5" />
									</PolyLine>
									<PolyLine LineColor="#FF000000">
										<Point X="566.25" Y="28.5" />
										<Point X="566.25" Y="813.3404" />
									</PolyLine>
									<PolyLine LineColor="#FF000000">
										<Point X="566.25" Y="813.3404" />
										<Point X="28.5" Y="813.3404" />
									</PolyLine>
									<PolyLine LineColor="#FF000000">
										<Point X="28.5" Y="813.3404" />
										<Point X="28.5" Y="28.5" />
									</PolyLine>
								</PathFigure>
							</Path>
						</Clip>
					</Canvas>
					<Canvas>
						<Clip>
							<Path FillMode="Alternate">
								<PathFigure IsClosed="True">
									<PolyLine LineColor="#FF000000">
										<Point X="28.5" Y="28.5" />
										<Point X="566.25" Y="28.5" />
									</PolyLine>
									<PolyLine LineColor="#FF000000">
										<Point X="566.25" Y="28.5" />
										<Point X="566.25" Y="813.3404" />
									</PolyLine>
									<PolyLine LineColor="#FF000000">
										<Point X="566.25" Y="813.3404" />
										<Point X="28.5" Y="813.3404" />
									</PolyLine>
									<PolyLine LineColor="#FF000000">
										<Point X="28.5" Y="813.3404" />
										<Point X="28.5" Y="28.5" />
									</PolyLine>
								</PathFigure>
							</Path>
						</Clip>
						<Canvas>
							<Clip>
								<Path FillMode="Winding">
									<PathFigure IsClosed="False">
										<PolyLine LineColor="#FF000000">
											<Point X="338.2583" Y="308.4165" />
											<Point X="338.2583" Y="307.81964" />
										</PolyLine>
										<PolyLine LineColor="#FF000000">
											<Point X="338.2583" Y="307.81964" />
											<Point X="380.0369" Y="307.81964" />
										</PolyLine>
										<PolyLine LineColor="#FF000000">
											<Point X="380.0369" Y="307.81964" />
											<Point X="380.0369" Y="308.4165" />
										</PolyLine>
									</PathFigure>
								</Path>
							</Clip>
							<Path FillMode="Winding" RenderTransform="1 0 0 -1 0 842">
								<Brush>
									<SolidBrush Color="#FF706E74" />
								</Brush>
								<PathFigure IsClosed="True">
									<PolyLine LineColor="#FF000000">
										<Point X="338.2583" Y="534.18066" />
										<Point X="338.85513" Y="534.18066" />
									</PolyLine>
									<PolyLine LineColor="#FF000000">
										<Point X="338.85513" Y="534.18066" />
										<Point X="338.85513" Y="533.58374" />
									</PolyLine>
									<PolyLine LineColor="#FF000000">
										<Point X="338.85513" Y="533.58374" />
										<Point X="338.2583" Y="533.58374" />
									</PolyLine>
								</PathFigure>
							</Path>
							<Path FillMode="Winding" RenderTransform="1 0 0 -1 0 842">
								<Brush>
									<SolidBrush Color="#FF706E74" />
								</Brush>
								<PathFigure IsClosed="True">
									<PolyLine LineColor="#FF000000">
										<Point X="379.44003" Y="534.18066" />
										<Point X="380.03687" Y="534.18066" />
									</PolyLine>
									<PolyLine LineColor="#FF000000">
										<Point X="380.03687" Y="534.18066" />
										<Point X="380.03687" Y="533.58374" />
									</PolyLine>
									<PolyLine LineColor="#FF000000">
										<Point X="380.03687" Y="533.58374" />
										<Point X="379.44003" Y="533.58374" />
									</PolyLine>
								</PathFigure>
							</Path>
							<Path FillMode="Alternate" RenderTransform="1 0 0 -1 0 842">
								<Pen Alignment="Center" DashCap="Flat" DashOffset="0" DashPattern="0.5968368 0.5968368" DashStyle="Custom" EndCap="Flat" LineJoin="Miter" MiterLimit="10" StartCap="Flat" Width="0.5968368">
									<Brush>
										<SolidBrush Color="#FF706E74" />
									</Brush>
								</Pen>
								<PathFigure IsClosed="False">
									<PolyLine LineColor="#FF000000">
										<Point X="338.85513" Y="533.8823" />
										<Point X="379.44003" Y="533.8823" />
									</PolyLine>
								</PathFigure>
							</Path>
						</Canvas>
					</Canvas>
					<Canvas>
						<Clip>
							<Path FillMode="Alternate">
								<PathFigure IsClosed="True">
									<PolyLine LineColor="#FF000000">
										<Point X="28.5" Y="28.5" />
										<Point X="566.25" Y="28.5" />
									</PolyLine>
									<PolyLine LineColor="#FF000000">
										<Point X="566.25" Y="28.5" />
										<Point X="566.25" Y="813.3404" />
									</PolyLine>
									<PolyLine LineColor="#FF000000">
										<Point X="566.25" Y="813.3404" />
										<Point X="28.5" Y="813.3404" />
									</PolyLine>
									<PolyLine LineColor="#FF000000">
										<Point X="28.5" Y="813.3404" />
										<Point X="28.5" Y="28.5" />
									</PolyLine>
								</PathFigure>
							</Path>
						</Clip>
					</Canvas>
					<Canvas>
						<Clip>
							<Path FillMode="Alternate">
								<PathFigure IsClosed="True">
									<PolyLine LineColor="#FF000000">
										<Point X="28.5" Y="28.5" />
										<Point X="566.25" Y="28.5" />
									</PolyLine>
									<PolyLine LineColor="#FF000000">
										<Point X="566.25" Y="28.5" />
										<Point X="566.25" Y="813.3404" />
									</PolyLine>
									<PolyLine LineColor="#FF000000">
										<Point X="566.25" Y="813.3404" />
										<Point X="28.5" Y="813.3404" />
									</PolyLine>
									<PolyLine LineColor="#FF000000">
										<Point X="28.5" Y="813.3404" />
										<Point X="28.5" Y="28.5" />
									</PolyLine>
								</PathFigure>
							</Path>
						</Clip>
						<Canvas>
							<Clip>
								<Path FillMode="Winding">
									<PathFigure IsClosed="False">
										<PolyLine LineColor="#FF000000">
											<Point X="381.2306" Y="308.4165" />
											<Point X="381.2306" Y="307.81964" />
										</PolyLine>
										<PolyLine LineColor="#FF000000">
											<Point X="381.2306" Y="307.81964" />
											<Point X="423.00916" Y="307.81964" />
										</PolyLine>
										<PolyLine LineColor="#FF000000">
											<Point X="423.00916" Y="307.81964" />
											<Point X="423.00916" Y="308.4165" />
										</PolyLine>
									</PathFigure>
								</Path>
							</Clip>
							<Path FillMode="Winding" RenderTransform="1 0 0 -1 0 842">
								<Brush>
									<SolidBrush Color="#FF706E74" />
								</Brush>
								<PathFigure IsClosed="True">
									<PolyLine LineColor="#FF000000">
										<Point X="381.23056" Y="534.18066" />
										<Point X="381.8274" Y="534.18066" />
									</PolyLine>
									<PolyLine LineColor="#FF000000">
										<Point X="381.8274" Y="534.18066" />
										<Point X="381.8274" Y="533.58374" />
									</PolyLine>
									<PolyLine LineColor="#FF000000">
										<Point X="381.8274" Y="533.58374" />
										<Point X="381.23056" Y="533.58374" />
									</PolyLine>
								</PathFigure>
							</Path>
							<Path FillMode="Winding" RenderTransform="1 0 0 -1 0 842">
								<Brush>
									<SolidBrush Color="#FF706E74" />
								</Brush>
								<PathFigure IsClosed="True">
									<PolyLine LineColor="#FF000000">
										<Point X="422.4123" Y="534.18066" />
										<Point X="423.00912" Y="534.18066" />
									</PolyLine>
									<PolyLine LineColor="#FF000000">
										<Point X="423.00912" Y="534.18066" />
										<Point X="423.00912" Y="533.58374" />
									</PolyLine>
									<PolyLine LineColor="#FF000000">
										<Point X="423.00912" Y="533.58374" />
										<Point X="422.4123" Y="533.58374" />
									</PolyLine>
								</PathFigure>
							</Path>
							<Path FillMode="Alternate" RenderTransform="1 0 0 -1 0 842">
								<Pen Alignment="Center" DashCap="Flat" DashOffset="0" DashPattern="0.5968368 0.5968368" DashStyle="Custom" EndCap="Flat" LineJoin="Miter" MiterLimit="10" StartCap="Flat" Width="0.5968368">
									<Brush>
										<SolidBrush Color="#FF706E74" />
									</Brush>
								</Pen>
								<PathFigure IsClosed="False">
									<PolyLine LineColor="#FF000000">
										<Point X="381.8274" Y="533.8823" />
										<Point X="422.4123" Y="533.8823" />
									</PolyLine>
								</PathFigure>
							</Path>
						</Canvas>
					</Canvas>
					<Canvas>
						<Clip>
							<Path FillMode="Alternate">
								<PathFigure IsClosed="True">
									<PolyLine LineColor="#FF000000">
										<Point X="28.5" Y="28.5" />
										<Point X="566.25" Y="28.5" />
									</PolyLine>
									<PolyLine LineColor="#FF000000">
										<Point X="566.25" Y="28.5" />
										<Point X="566.25" Y="813.3404" />
									</PolyLine>
									<PolyLine LineColor="#FF000000">
										<Point X="566.25" Y="813.3404" />
										<Point X="28.5" Y="813.3404" />
									</PolyLine>
									<PolyLine LineColor="#FF000000">
										<Point X="28.5" Y="813.3404" />
										<Point X="28.5" Y="28.5" />
									</PolyLine>
								</PathFigure>
							</Path>
						</Clip>
					</Canvas>
					<Canvas>
						<Clip>
							<Path FillMode="Alternate">
								<PathFigure IsClosed="True">
									<PolyLine LineColor="#FF000000">
										<Point X="28.5" Y="28.5" />
										<Point X="566.25" Y="28.5" />
									</PolyLine>
									<PolyLine LineColor="#FF000000">
										<Point X="566.25" Y="28.5" />
										<Point X="566.25" Y="813.3404" />
									</PolyLine>
									<PolyLine LineColor="#FF000000">
										<Point X="566.25" Y="813.3404" />
										<Point X="28.5" Y="813.3404" />
									</PolyLine>
									<PolyLine LineColor="#FF000000">
										<Point X="28.5" Y="813.3404" />
										<Point X="28.5" Y="28.5" />
									</PolyLine>
								</PathFigure>
							</Path>
						</Clip>
						<Canvas>
							<Clip>
								<Path FillMode="Winding">
									<PathFigure IsClosed="False">
										<PolyLine LineColor="#FF000000">
											<Point X="424.20282" Y="308.4165" />
											<Point X="424.20282" Y="307.81964" />
										</PolyLine>
										<PolyLine LineColor="#FF000000">
											<Point X="424.20282" Y="307.81964" />
											<Point X="466.57825" Y="307.81964" />
										</PolyLine>
										<PolyLine LineColor="#FF000000">
											<Point X="466.57825" Y="307.81964" />
											<Point X="466.57825" Y="308.4165" />
										</PolyLine>
									</PathFigure>
								</Path>
							</Clip>
							<Path FillMode="Winding" RenderTransform="1 0 0 -1 0 842">
								<Brush>
									<SolidBrush Color="#FF706E74" />
								</Brush>
								<PathFigure IsClosed="True">
									<PolyLine LineColor="#FF000000">
										<Point X="424.2028" Y="534.18066" />
										<Point X="424.79965" Y="534.18066" />
									</PolyLine>
									<PolyLine LineColor="#FF000000">
										<Point X="424.79965" Y="534.18066" />
										<Point X="424.79965" Y="533.58374" />
									</PolyLine>
									<PolyLine LineColor="#FF000000">
										<Point X="424.79965" Y="533.58374" />
										<Point X="424.2028" Y="533.58374" />
									</PolyLine>
								</PathFigure>
							</Path>
							<Path FillMode="Winding" RenderTransform="1 0 0 -1 0 842">
								<Brush>
									<SolidBrush Color="#FF706E74" />
								</Brush>
								<PathFigure IsClosed="True">
									<PolyLine LineColor="#FF000000">
										<Point X="465.98138" Y="534.18066" />
										<Point X="466.57822" Y="534.18066" />
									</PolyLine>
									<PolyLine LineColor="#FF000000">
										<Point X="466.57822" Y="534.18066" />
										<Point X="466.57822" Y="533.58374" />
									</PolyLine>
									<PolyLine LineColor="#FF000000">
										<Point X="466.57822" Y="533.58374" />
										<Point X="465.98138" Y="533.58374" />
									</PolyLine>
								</PathFigure>
							</Path>
							<Path FillMode="Alternate" RenderTransform="1 0 0 -1 0 842">
								<Pen Alignment="Center" DashCap="Flat" DashOffset="0" DashPattern="0.5968368 0.5968368" DashStyle="Custom" EndCap="Flat" LineJoin="Miter" MiterLimit="10" StartCap="Flat" Width="0.5968368">
									<Brush>
										<SolidBrush Color="#FF706E74" />
									</Brush>
								</Pen>
								<PathFigure IsClosed="False">
									<PolyLine LineColor="#FF000000">
										<Point X="424.79965" Y="533.8823" />
										<Point X="465.98138" Y="533.8823" />
									</PolyLine>
								</PathFigure>
							</Path>
						</Canvas>
					</Canvas>
					<Canvas>
						<Clip>
							<Path FillMode="Alternate">
								<PathFigure IsClosed="True">
									<PolyLine LineColor="#FF000000">
										<Point X="28.5" Y="28.5" />
										<Point X="566.25" Y="28.5" />
									</PolyLine>
									<PolyLine LineColor="#FF000000">
										<Point X="566.25" Y="28.5" />
										<Point X="566.25" Y="813.3404" />
									</PolyLine>
									<PolyLine LineColor="#FF000000">
										<Point X="566.25" Y="813.3404" />
										<Point X="28.5" Y="813.3404" />
									</PolyLine>
									<PolyLine LineColor="#FF000000">
										<Point X="28.5" Y="813.3404" />
										<Point X="28.5" Y="28.5" />
									</PolyLine>
								</PathFigure>
							</Path>
						</Clip>
					</Canvas>
					<Canvas>
						<Clip>
							<Path FillMode="Alternate">
								<PathFigure IsClosed="True">
									<PolyLine LineColor="#FF000000">
										<Point X="28.5" Y="28.5" />
										<Point X="566.25" Y="28.5" />
									</PolyLine>
									<PolyLine LineColor="#FF000000">
										<Point X="566.25" Y="28.5" />
										<Point X="566.25" Y="813.3404" />
									</PolyLine>
									<PolyLine LineColor="#FF000000">
										<Point X="566.25" Y="813.3404" />
										<Point X="28.5" Y="813.3404" />
									</PolyLine>
									<PolyLine LineColor="#FF000000">
										<Point X="28.5" Y="813.3404" />
										<Point X="28.5" Y="28.5" />
									</PolyLine>
								</PathFigure>
							</Path>
						</Clip>
						<Canvas>
							<Clip>
								<Path FillMode="Winding">
									<PathFigure IsClosed="False">
										<PolyLine LineColor="#FF000000">
											<Point X="467.7719" Y="308.4165" />
											<Point X="467.7719" Y="307.81964" />
										</PolyLine>
										<PolyLine LineColor="#FF000000">
											<Point X="467.7719" Y="307.81964" />
											<Point X="542.3765" Y="307.81964" />
										</PolyLine>
										<PolyLine LineColor="#FF000000">
											<Point X="542.3765" Y="307.81964" />
											<Point X="542.3765" Y="308.4165" />
										</PolyLine>
									</PathFigure>
								</Path>
							</Clip>
							<Path FillMode="Winding" RenderTransform="1 0 0 -1 0 842">
								<Brush>
									<SolidBrush Color="#FF706E74" />
								</Brush>
								<PathFigure IsClosed="True">
									<PolyLine LineColor="#FF000000">
										<Point X="467.77188" Y="534.18066" />
										<Point X="468.3687" Y="534.18066" />
									</PolyLine>
									<PolyLine LineColor="#FF000000">
										<Point X="468.3687" Y="534.18066" />
										<Point X="468.3687" Y="533.58374" />
									</PolyLine>
									<PolyLine LineColor="#FF000000">
										<Point X="468.3687" Y="533.58374" />
										<Point X="467.77188" Y="533.58374" />
									</PolyLine>
								</PathFigure>
							</Path>
							<Path FillMode="Winding" RenderTransform="1 0 0 -1 0 842">
								<Brush>
									<SolidBrush Color="#FF706E74" />
								</Brush>
								<PathFigure IsClosed="True">
									<PolyLine LineColor="#FF000000">
										<Point X="541.77966" Y="534.18066" />
										<Point X="542.37646" Y="534.18066" />
									</PolyLine>
									<PolyLine LineColor="#FF000000">
										<Point X="542.37646" Y="534.18066" />
										<Point X="542.37646" Y="533.58374" />
									</PolyLine>
									<PolyLine LineColor="#FF000000">
										<Point X="542.37646" Y="533.58374" />
										<Point X="541.77966" Y="533.58374" />
									</PolyLine>
								</PathFigure>
							</Path>
							<Path FillMode="Alternate" RenderTransform="1 0 0 -1 0 842">
								<Pen Alignment="Center" DashCap="Flat" DashOffset="0" DashPattern="0.5968368 0.5968368" DashStyle="Custom" EndCap="Flat" LineJoin="Miter" MiterLimit="10" StartCap="Flat" Width="0.5968368">
									<Brush>
										<SolidBrush Color="#FF706E74" />
									</Brush>
								</Pen>
								<PathFigure IsClosed="False">
									<PolyLine LineColor="#FF000000">
										<Point X="468.3687" Y="533.8823" />
										<Point X="541.77966" Y="533.8823" />
									</PolyLine>
								</PathFigure>
							</Path>
						</Canvas>
					</Canvas>
					<Canvas>
						<Clip>
							<Path FillMode="Alternate">
								<PathFigure IsClosed="True">
									<PolyLine LineColor="#FF000000">
										<Point X="28.5" Y="28.5" />
										<Point X="566.25" Y="28.5" />
									</PolyLine>
									<PolyLine LineColor="#FF000000">
										<Point X="566.25" Y="28.5" />
										<Point X="566.25" Y="813.3404" />
									</PolyLine>
									<PolyLine LineColor="#FF000000">
										<Point X="566.25" Y="813.3404" />
										<Point X="28.5" Y="813.3404" />
									</PolyLine>
									<PolyLine LineColor="#FF000000">
										<Point X="28.5" Y="813.3404" />
										<Point X="28.5" Y="28.5" />
									</PolyLine>
								</PathFigure>
							</Path>
						</Clip>
					</Canvas>
					<Canvas>
						<Clip>
							<Path FillMode="Alternate">
								<PathFigure IsClosed="True">
									<PolyLine LineColor="#FF000000">
										<Point X="28.5" Y="28.5" />
										<Point X="566.25" Y="28.5" />
									</PolyLine>
									<PolyLine LineColor="#FF000000">
										<Point X="566.25" Y="28.5" />
										<Point X="566.25" Y="813.3404" />
									</PolyLine>
									<PolyLine LineColor="#FF000000">
										<Point X="566.25" Y="813.3404" />
										<Point X="28.5" Y="813.3404" />
									</PolyLine>
									<PolyLine LineColor="#FF000000">
										<Point X="28.5" Y="813.3404" />
										<Point X="28.5" Y="28.5" />
									</PolyLine>
								</PathFigure>
							</Path>
						</Clip>
						<Canvas>
							<Clip>
								<Path FillMode="Winding">
									<PathFigure IsClosed="False">
										<PolyLine LineColor="#FF000000">
											<Point X="52.373474" Y="321.54688" />
											<Point X="52.373474" Y="320.95007" />
										</PolyLine>
										<PolyLine LineColor="#FF000000">
											<Point X="52.373474" Y="320.95007" />
											<Point X="196.80798" Y="320.95007" />
										</PolyLine>
										<PolyLine LineColor="#FF000000">
											<Point X="196.80798" Y="320.95007" />
											<Point X="196.80798" Y="321.54688" />
										</PolyLine>
									</PathFigure>
								</Path>
							</Clip>
							<Path FillMode="Winding" RenderTransform="1 0 0 -1 0 842">
								<Brush>
									<SolidBrush Color="#FF706E74" />
								</Brush>
								<PathFigure IsClosed="True">
									<PolyLine LineColor="#FF000000">
										<Point X="52.373474" Y="521.0503" />
										<Point X="52.970306" Y="521.0503" />
									</PolyLine>
									<PolyLine LineColor="#FF000000">
										<Point X="52.970306" Y="521.0503" />
										<Point X="52.970306" Y="520.45337" />
									</PolyLine>
									<PolyLine LineColor="#FF000000">
										<Point X="52.970306" Y="520.45337" />
										<Point X="52.373474" Y="520.45337" />
									</PolyLine>
								</PathFigure>
							</Path>
							<Path FillMode="Winding" RenderTransform="1 0 0 -1 0 842">
								<Brush>
									<SolidBrush Color="#FF706E74" />
								</Brush>
								<PathFigure IsClosed="True">
									<PolyLine LineColor="#FF000000">
										<Point X="196.21114" Y="521.0503" />
										<Point X="196.80798" Y="521.0503" />
									</PolyLine>
									<PolyLine LineColor="#FF000000">
										<Point X="196.80798" Y="521.0503" />
										<Point X="196.80798" Y="520.45337" />
									</PolyLine>
									<PolyLine LineColor="#FF000000">
										<Point X="196.80798" Y="520.45337" />
										<Point X="196.21114" Y="520.45337" />
									</PolyLine>
								</PathFigure>
							</Path>
							<Path FillMode="Alternate" RenderTransform="1 0 0 -1 0 842">
								<Pen Alignment="Center" DashCap="Flat" DashOffset="0" DashPattern="0.5968368 0.5968368" DashStyle="Custom" EndCap="Flat" LineJoin="Miter" MiterLimit="10" StartCap="Flat" Width="0.5968368">
									<Brush>
										<SolidBrush Color="#FF706E74" />
									</Brush>
								</Pen>
								<PathFigure IsClosed="False">
									<PolyLine LineColor="#FF000000">
										<Point X="52.970306" Y="520.75195" />
										<Point X="196.21114" Y="520.75195" />
									</PolyLine>
								</PathFigure>
							</Path>
						</Canvas>
					</Canvas>
					<Canvas>
						<Clip>
							<Path FillMode="Alternate">
								<PathFigure IsClosed="True">
									<PolyLine LineColor="#FF000000">
										<Point X="28.5" Y="28.5" />
										<Point X="566.25" Y="28.5" />
									</PolyLine>
									<PolyLine LineColor="#FF000000">
										<Point X="566.25" Y="28.5" />
										<Point X="566.25" Y="813.3404" />
									</PolyLine>
									<PolyLine LineColor="#FF000000">
										<Point X="566.25" Y="813.3404" />
										<Point X="28.5" Y="813.3404" />
									</PolyLine>
									<PolyLine LineColor="#FF000000">
										<Point X="28.5" Y="813.3404" />
										<Point X="28.5" Y="28.5" />
									</PolyLine>
								</PathFigure>
							</Path>
						</Clip>
					</Canvas>
					<Canvas>
						<Clip>
							<Path FillMode="Alternate">
								<PathFigure IsClosed="True">
									<PolyLine LineColor="#FF000000">
										<Point X="28.5" Y="28.5" />
										<Point X="566.25" Y="28.5" />
									</PolyLine>
									<PolyLine LineColor="#FF000000">
										<Point X="566.25" Y="28.5" />
										<Point X="566.25" Y="813.3404" />
									</PolyLine>
									<PolyLine LineColor="#FF000000">
										<Point X="566.25" Y="813.3404" />
										<Point X="28.5" Y="813.3404" />
									</PolyLine>
									<PolyLine LineColor="#FF000000">
										<Point X="28.5" Y="813.3404" />
										<Point X="28.5" Y="28.5" />
									</PolyLine>
								</PathFigure>
							</Path>
						</Clip>
						<Canvas>
							<Clip>
								<Path FillMode="Winding">
									<PathFigure IsClosed="False">
										<PolyLine LineColor="#FF000000">
											<Point X="198.00166" Y="321.54688" />
											<Point X="198.59851" Y="320.95007" />
										</PolyLine>
										<PolyLine LineColor="#FF000000">
											<Point X="198.59851" Y="320.95007" />
											<Point X="229.03717" Y="320.95007" />
										</PolyLine>
										<PolyLine LineColor="#FF000000">
											<Point X="229.03717" Y="320.95007" />
											<Point X="229.03717" Y="321.54688" />
										</PolyLine>
									</PathFigure>
								</Path>
							</Clip>
							<Path FillMode="Winding" RenderTransform="1 0 0 -1 0 842">
								<Brush>
									<SolidBrush Color="#FF706E74" />
								</Brush>
								<PathFigure IsClosed="True">
									<PolyLine LineColor="#FF000000">
										<Point X="198.00165" Y="521.0503" />
										<Point X="198.5985" Y="521.0503" />
									</PolyLine>
									<PolyLine LineColor="#FF000000">
										<Point X="198.5985" Y="521.0503" />
										<Point X="198.5985" Y="520.45337" />
									</PolyLine>
									<PolyLine LineColor="#FF000000">
										<Point X="198.5985" Y="520.45337" />
										<Point X="198.00165" Y="520.45337" />
									</PolyLine>
								</PathFigure>
							</Path>
							<Path FillMode="Winding" RenderTransform="1 0 0 -1 0 842">
								<Brush>
									<SolidBrush Color="#FF706E74" />
								</Brush>
								<PathFigure IsClosed="True">
									<PolyLine LineColor="#FF000000">
										<Point X="228.44032" Y="521.0503" />
										<Point X="229.03717" Y="521.0503" />
									</PolyLine>
									<PolyLine LineColor="#FF000000">
										<Point X="229.03717" Y="521.0503" />
										<Point X="229.03717" Y="520.45337" />
									</PolyLine>
									<PolyLine LineColor="#FF000000">
										<Point X="229.03717" Y="520.45337" />
										<Point X="228.44032" Y="520.45337" />
									</PolyLine>
								</PathFigure>
							</Path>
							<Path FillMode="Alternate" RenderTransform="1 0 0 -1 0 842">
								<Pen Alignment="Center" DashCap="Flat" DashOffset="0" DashPattern="0.5968368 0.5968368" DashStyle="Custom" EndCap="Flat" LineJoin="Miter" MiterLimit="10" StartCap="Flat" Width="0.5968368">
									<Brush>
										<SolidBrush Color="#FF706E74" />
									</Brush>
								</Pen>
								<PathFigure IsClosed="False">
									<PolyLine LineColor="#FF000000">
										<Point X="198.5985" Y="520.75195" />
										<Point X="228.44032" Y="520.75195" />
									</PolyLine>
								</PathFigure>
							</Path>
						</Canvas>
					</Canvas>
					<Canvas>
						<Clip>
							<Path FillMode="Alternate">
								<PathFigure IsClosed="True">
									<PolyLine LineColor="#FF000000">
										<Point X="28.5" Y="28.5" />
										<Point X="566.25" Y="28.5" />
									</PolyLine>
									<PolyLine LineColor="#FF000000">
										<Point X="566.25" Y="28.5" />
										<Point X="566.25" Y="813.3404" />
									</PolyLine>
									<PolyLine LineColor="#FF000000">
										<Point X="566.25" Y="813.3404" />
										<Point X="28.5" Y="813.3404" />
									</PolyLine>
									<PolyLine LineColor="#FF000000">
										<Point X="28.5" Y="813.3404" />
										<Point X="28.5" Y="28.5" />
									</PolyLine>
								</PathFigure>
							</Path>
						</Clip>
						<Path FillMode="Winding" RenderTransform="1 0 0 -1 0 842">
							<Brush>
								<SolidBrush Color="#FF939598" />
							</Brush>
							<PathFigure IsClosed="True">
								<PolyLine LineColor="#FF000000">
									<Point X="198.00166" Y="532.38983" />
									<Point X="198.00166" Y="520.4531" />
								</PolyLine>
								<PolyLine LineColor="#FF000000">
									<Point X="198.00166" Y="520.4531" />
									<Point X="198.59851" Y="521.0499" />
								</PolyLine>
								<PolyLine LineColor="#FF000000">
									<Point X="198.59851" Y="521.0499" />
									<Point X="198.59851" Y="532.38983" />
								</PolyLine>
								<PolyLine LineColor="#FF000000">
									<Point X="198.59851" Y="532.38983" />
									<Point X="198.00166" Y="532.38983" />
								</PolyLine>
							</PathFigure>
						</Path>
					</Canvas>
					<Canvas>
						<Clip>
							<Path FillMode="Alternate">
								<PathFigure IsClosed="True">
									<PolyLine LineColor="#FF000000">
										<Point X="28.5" Y="28.5" />
										<Point X="566.25" Y="28.5" />
									</PolyLine>
									<PolyLine LineColor="#FF000000">
										<Point X="566.25" Y="28.5" />
										<Point X="566.25" Y="813.3404" />
									</PolyLine>
									<PolyLine LineColor="#FF000000">
										<Point X="566.25" Y="813.3404" />
										<Point X="28.5" Y="813.3404" />
									</PolyLine>
									<PolyLine LineColor="#FF000000">
										<Point X="28.5" Y="813.3404" />
										<Point X="28.5" Y="28.5" />
									</PolyLine>
								</PathFigure>
							</Path>
						</Clip>
						<Canvas>
							<Clip>
								<Path FillMode="Winding">
									<PathFigure IsClosed="False">
										<PolyLine LineColor="#FF000000">
											<Point X="230.23083" Y="321.54688" />
											<Point X="230.23083" Y="320.95007" />
										</PolyLine>
										<PolyLine LineColor="#FF000000">
											<Point X="230.23083" Y="320.95007" />
											<Point X="262.46002" Y="320.95007" />
										</PolyLine>
										<PolyLine LineColor="#FF000000">
											<Point X="262.46002" Y="320.95007" />
											<Point X="262.46002" Y="321.54688" />
										</PolyLine>
									</PathFigure>
								</Path>
							</Clip>
							<Path FillMode="Winding" RenderTransform="1 0 0 -1 0 842">
								<Brush>
									<SolidBrush Color="#FF706E74" />
								</Brush>
								<PathFigure IsClosed="True">
									<PolyLine LineColor="#FF000000">
										<Point X="230.23083" Y="521.0503" />
										<Point X="230.82768" Y="521.0503" />
									</PolyLine>
									<PolyLine LineColor="#FF000000">
										<Point X="230.82768" Y="521.0503" />
										<Point X="230.82768" Y="520.45337" />
									</PolyLine>
									<PolyLine LineColor="#FF000000">
										<Point X="230.82768" Y="520.45337" />
										<Point X="230.23083" Y="520.45337" />
									</PolyLine>
								</PathFigure>
							</Path>
							<Path FillMode="Winding" RenderTransform="1 0 0 -1 0 842">
								<Brush>
									<SolidBrush Color="#FF706E74" />
								</Brush>
								<PathFigure IsClosed="True">
									<PolyLine LineColor="#FF000000">
										<Point X="261.8632" Y="521.0503" />
										<Point X="262.46002" Y="521.0503" />
									</PolyLine>
									<PolyLine LineColor="#FF000000">
										<Point X="262.46002" Y="521.0503" />
										<Point X="262.46002" Y="520.45337" />
									</PolyLine>
									<PolyLine LineColor="#FF000000">
										<Point X="262.46002" Y="520.45337" />
										<Point X="261.8632" Y="520.45337" />
									</PolyLine>
								</PathFigure>
							</Path>
							<Path FillMode="Alternate" RenderTransform="1 0 0 -1 0 842">
								<Pen Alignment="Center" DashCap="Flat" DashOffset="0" DashPattern="0.5968368 0.5968368" DashStyle="Custom" EndCap="Flat" LineJoin="Miter" MiterLimit="10" StartCap="Flat" Width="0.5968368">
									<Brush>
										<SolidBrush Color="#FF706E74" />
									</Brush>
								</Pen>
								<PathFigure IsClosed="False">
									<PolyLine LineColor="#FF000000">
										<Point X="230.82768" Y="520.75195" />
										<Point X="261.8632" Y="520.75195" />
									</PolyLine>
								</PathFigure>
							</Path>
						</Canvas>
					</Canvas>
					<Canvas>
						<Clip>
							<Path FillMode="Alternate">
								<PathFigure IsClosed="True">
									<PolyLine LineColor="#FF000000">
										<Point X="28.5" Y="28.5" />
										<Point X="566.25" Y="28.5" />
									</PolyLine>
									<PolyLine LineColor="#FF000000">
										<Point X="566.25" Y="28.5" />
										<Point X="566.25" Y="813.3404" />
									</PolyLine>
									<PolyLine LineColor="#FF000000">
										<Point X="566.25" Y="813.3404" />
										<Point X="28.5" Y="813.3404" />
									</PolyLine>
									<PolyLine LineColor="#FF000000">
										<Point X="28.5" Y="813.3404" />
										<Point X="28.5" Y="28.5" />
									</PolyLine>
								</PathFigure>
							</Path>
						</Clip>
					</Canvas>
					<Canvas>
						<Clip>
							<Path FillMode="Alternate">
								<PathFigure IsClosed="True">
									<PolyLine LineColor="#FF000000">
										<Point X="28.5" Y="28.5" />
										<Point X="566.25" Y="28.5" />
									</PolyLine>
									<PolyLine LineColor="#FF000000">
										<Point X="566.25" Y="28.5" />
										<Point X="566.25" Y="813.3404" />
									</PolyLine>
									<PolyLine LineColor="#FF000000">
										<Point X="566.25" Y="813.3404" />
										<Point X="28.5" Y="813.3404" />
									</PolyLine>
									<PolyLine LineColor="#FF000000">
										<Point X="28.5" Y="813.3404" />
										<Point X="28.5" Y="28.5" />
									</PolyLine>
								</PathFigure>
							</Path>
						</Clip>
						<Canvas>
							<Clip>
								<Path FillMode="Winding">
									<PathFigure IsClosed="False">
										<PolyLine LineColor="#FF000000">
											<Point X="263.6537" Y="321.54688" />
											<Point X="263.6537" Y="320.95007" />
										</PolyLine>
										<PolyLine LineColor="#FF000000">
											<Point X="263.6537" Y="320.95007" />
											<Point X="295.8829" Y="320.95007" />
										</PolyLine>
										<PolyLine LineColor="#FF000000">
											<Point X="295.8829" Y="320.95007" />
											<Point X="295.8829" Y="321.54688" />
										</PolyLine>
									</PathFigure>
								</Path>
							</Clip>
							<Path FillMode="Winding" RenderTransform="1 0 0 -1 0 842">
								<Brush>
									<SolidBrush Color="#FF706E74" />
								</Brush>
								<PathFigure IsClosed="True">
									<PolyLine LineColor="#FF000000">
										<Point X="263.6537" Y="521.0503" />
										<Point X="264.25055" Y="521.0503" />
									</PolyLine>
									<PolyLine LineColor="#FF000000">
										<Point X="264.25055" Y="521.0503" />
										<Point X="264.25055" Y="520.45337" />
									</PolyLine>
									<PolyLine LineColor="#FF000000">
										<Point X="264.25055" Y="520.45337" />
										<Point X="263.6537" Y="520.45337" />
									</PolyLine>
								</PathFigure>
							</Path>
							<Path FillMode="Winding" RenderTransform="1 0 0 -1 0 842">
								<Brush>
									<SolidBrush Color="#FF706E74" />
								</Brush>
								<PathFigure IsClosed="True">
									<PolyLine LineColor="#FF000000">
										<Point X="295.28604" Y="521.0503" />
										<Point X="295.88287" Y="521.0503" />
									</PolyLine>
									<PolyLine LineColor="#FF000000">
										<Point X="295.88287" Y="521.0503" />
										<Point X="295.88287" Y="520.45337" />
									</PolyLine>
									<PolyLine LineColor="#FF000000">
										<Point X="295.88287" Y="520.45337" />
										<Point X="295.28604" Y="520.45337" />
									</PolyLine>
								</PathFigure>
							</Path>
							<Path FillMode="Alternate" RenderTransform="1 0 0 -1 0 842">
								<Pen Alignment="Center" DashCap="Flat" DashOffset="0" DashPattern="0.5968368 0.5968368" DashStyle="Custom" EndCap="Flat" LineJoin="Miter" MiterLimit="10" StartCap="Flat" Width="0.5968368">
									<Brush>
										<SolidBrush Color="#FF706E74" />
									</Brush>
								</Pen>
								<PathFigure IsClosed="False">
									<PolyLine LineColor="#FF000000">
										<Point X="264.25055" Y="520.75195" />
										<Point X="295.28604" Y="520.75195" />
									</PolyLine>
								</PathFigure>
							</Path>
						</Canvas>
					</Canvas>
					<Canvas>
						<Clip>
							<Path FillMode="Alternate">
								<PathFigure IsClosed="True">
									<PolyLine LineColor="#FF000000">
										<Point X="28.5" Y="28.5" />
										<Point X="566.25" Y="28.5" />
									</PolyLine>
									<PolyLine LineColor="#FF000000">
										<Point X="566.25" Y="28.5" />
										<Point X="566.25" Y="813.3404" />
									</PolyLine>
									<PolyLine LineColor="#FF000000">
										<Point X="566.25" Y="813.3404" />
										<Point X="28.5" Y="813.3404" />
									</PolyLine>
									<PolyLine LineColor="#FF000000">
										<Point X="28.5" Y="813.3404" />
										<Point X="28.5" Y="28.5" />
									</PolyLine>
								</PathFigure>
							</Path>
						</Clip>
					</Canvas>
					<Canvas>
						<Clip>
							<Path FillMode="Alternate">
								<PathFigure IsClosed="True">
									<PolyLine LineColor="#FF000000">
										<Point X="28.5" Y="28.5" />
										<Point X="566.25" Y="28.5" />
									</PolyLine>
									<PolyLine LineColor="#FF000000">
										<Point X="566.25" Y="28.5" />
										<Point X="566.25" Y="813.3404" />
									</PolyLine>
									<PolyLine LineColor="#FF000000">
										<Point X="566.25" Y="813.3404" />
										<Point X="28.5" Y="813.3404" />
									</PolyLine>
									<PolyLine LineColor="#FF000000">
										<Point X="28.5" Y="813.3404" />
										<Point X="28.5" Y="28.5" />
									</PolyLine>
								</PathFigure>
							</Path>
						</Clip>
						<Canvas>
							<Clip>
								<Path FillMode="Winding">
									<PathFigure IsClosed="False">
										<PolyLine LineColor="#FF000000">
											<Point X="297.0766" Y="321.54688" />
											<Point X="297.0766" Y="320.95007" />
										</PolyLine>
										<PolyLine LineColor="#FF000000">
											<Point X="297.0766" Y="320.95007" />
											<Point X="337.06464" Y="320.95007" />
										</PolyLine>
										<PolyLine LineColor="#FF000000">
											<Point X="337.06464" Y="320.95007" />
											<Point X="337.06464" Y="321.54688" />
										</PolyLine>
									</PathFigure>
								</Path>
							</Clip>
							<Path FillMode="Winding" RenderTransform="1 0 0 -1 0 842">
								<Brush>
									<SolidBrush Color="#FF706E74" />
								</Brush>
								<PathFigure IsClosed="True">
									<PolyLine LineColor="#FF000000">
										<Point X="297.07657" Y="521.0503" />
										<Point X="297.6734" Y="521.0503" />
									</PolyLine>
									<PolyLine LineColor="#FF000000">
										<Point X="297.6734" Y="521.0503" />
										<Point X="297.6734" Y="520.45337" />
									</PolyLine>
									<PolyLine LineColor="#FF000000">
										<Point X="297.6734" Y="520.45337" />
										<Point X="297.07657" Y="520.45337" />
									</PolyLine>
								</PathFigure>
							</Path>
							<Path FillMode="Winding" RenderTransform="1 0 0 -1 0 842">
								<Brush>
									<SolidBrush Color="#FF706E74" />
								</Brush>
								<PathFigure IsClosed="True">
									<PolyLine LineColor="#FF000000">
										<Point X="336.4678" Y="521.0503" />
										<Point X="337.06464" Y="521.0503" />
									</PolyLine>
									<PolyLine LineColor="#FF000000">
										<Point X="337.06464" Y="521.0503" />
										<Point X="337.06464" Y="520.45337" />
									</PolyLine>
									<PolyLine LineColor="#FF000000">
										<Point X="337.06464" Y="520.45337" />
										<Point X="336.4678" Y="520.45337" />
									</PolyLine>
								</PathFigure>
							</Path>
							<Path FillMode="Alternate" RenderTransform="1 0 0 -1 0 842">
								<Pen Alignment="Center" DashCap="Flat" DashOffset="0" DashPattern="0.5968368 0.5968368" DashStyle="Custom" EndCap="Flat" LineJoin="Miter" MiterLimit="10" StartCap="Flat" Width="0.5968368">
									<Brush>
										<SolidBrush Color="#FF706E74" />
									</Brush>
								</Pen>
								<PathFigure IsClosed="False">
									<PolyLine LineColor="#FF000000">
										<Point X="297.6734" Y="520.75195" />
										<Point X="336.4678" Y="520.75195" />
									</PolyLine>
								</PathFigure>
							</Path>
						</Canvas>
					</Canvas>
					<Canvas>
						<Clip>
							<Path FillMode="Alternate">
								<PathFigure IsClosed="True">
									<PolyLine LineColor="#FF000000">
										<Point X="28.5" Y="28.5" />
										<Point X="566.25" Y="28.5" />
									</PolyLine>
									<PolyLine LineColor="#FF000000">
										<Point X="566.25" Y="28.5" />
										<Point X="566.25" Y="813.3404" />
									</PolyLine>
									<PolyLine LineColor="#FF000000">
										<Point X="566.25" Y="813.3404" />
										<Point X="28.5" Y="813.3404" />
									</PolyLine>
									<PolyLine LineColor="#FF000000">
										<Point X="28.5" Y="813.3404" />
										<Point X="28.5" Y="28.5" />
									</PolyLine>
								</PathFigure>
							</Path>
						</Clip>
					</Canvas>
					<Canvas>
						<Clip>
							<Path FillMode="Alternate">
								<PathFigure IsClosed="True">
									<PolyLine LineColor="#FF000000">
										<Point X="28.5" Y="28.5" />
										<Point X="566.25" Y="28.5" />
									</PolyLine>
									<PolyLine LineColor="#FF000000">
										<Point X="566.25" Y="28.5" />
										<Point X="566.25" Y="813.3404" />
									</PolyLine>
									<PolyLine LineColor="#FF000000">
										<Point X="566.25" Y="813.3404" />
										<Point X="28.5" Y="813.3404" />
									</PolyLine>
									<PolyLine LineColor="#FF000000">
										<Point X="28.5" Y="813.3404" />
										<Point X="28.5" Y="28.5" />
									</PolyLine>
								</PathFigure>
							</Path>
						</Clip>
						<Canvas>
							<Clip>
								<Path FillMode="Winding">
									<PathFigure IsClosed="False">
										<PolyLine LineColor="#FF000000">
											<Point X="338.2583" Y="321.54688" />
											<Point X="338.2583" Y="320.95007" />
										</PolyLine>
										<PolyLine LineColor="#FF000000">
											<Point X="338.2583" Y="320.95007" />
											<Point X="380.0369" Y="320.95007" />
										</PolyLine>
										<PolyLine LineColor="#FF000000">
											<Point X="380.0369" Y="320.95007" />
											<Point X="380.0369" Y="321.54688" />
										</PolyLine>
									</PathFigure>
								</Path>
							</Clip>
							<Path FillMode="Winding" RenderTransform="1 0 0 -1 0 842">
								<Brush>
									<SolidBrush Color="#FF706E74" />
								</Brush>
								<PathFigure IsClosed="True">
									<PolyLine LineColor="#FF000000">
										<Point X="338.2583" Y="521.0503" />
										<Point X="338.85513" Y="521.0503" />
									</PolyLine>
									<PolyLine LineColor="#FF000000">
										<Point X="338.85513" Y="521.0503" />
										<Point X="338.85513" Y="520.45337" />
									</PolyLine>
									<PolyLine LineColor="#FF000000">
										<Point X="338.85513" Y="520.45337" />
										<Point X="338.2583" Y="520.45337" />
									</PolyLine>
								</PathFigure>
							</Path>
							<Path FillMode="Winding" RenderTransform="1 0 0 -1 0 842">
								<Brush>
									<SolidBrush Color="#FF706E74" />
								</Brush>
								<PathFigure IsClosed="True">
									<PolyLine LineColor="#FF000000">
										<Point X="379.44003" Y="521.0503" />
										<Point X="380.03687" Y="521.0503" />
									</PolyLine>
									<PolyLine LineColor="#FF000000">
										<Point X="380.03687" Y="521.0503" />
										<Point X="380.03687" Y="520.45337" />
									</PolyLine>
									<PolyLine LineColor="#FF000000">
										<Point X="380.03687" Y="520.45337" />
										<Point X="379.44003" Y="520.45337" />
									</PolyLine>
								</PathFigure>
							</Path>
							<Path FillMode="Alternate" RenderTransform="1 0 0 -1 0 842">
								<Pen Alignment="Center" DashCap="Flat" DashOffset="0" DashPattern="0.5968368 0.5968368" DashStyle="Custom" EndCap="Flat" LineJoin="Miter" MiterLimit="10" StartCap="Flat" Width="0.5968368">
									<Brush>
										<SolidBrush Color="#FF706E74" />
									</Brush>
								</Pen>
								<PathFigure IsClosed="False">
									<PolyLine LineColor="#FF000000">
										<Point X="338.85513" Y="520.75195" />
										<Point X="379.44003" Y="520.75195" />
									</PolyLine>
								</PathFigure>
							</Path>
						</Canvas>
					</Canvas>
					<Canvas>
						<Clip>
							<Path FillMode="Alternate">
								<PathFigure IsClosed="True">
									<PolyLine LineColor="#FF000000">
										<Point X="28.5" Y="28.5" />
										<Point X="566.25" Y="28.5" />
									</PolyLine>
									<PolyLine LineColor="#FF000000">
										<Point X="566.25" Y="28.5" />
										<Point X="566.25" Y="813.3404" />
									</PolyLine>
									<PolyLine LineColor="#FF000000">
										<Point X="566.25" Y="813.3404" />
										<Point X="28.5" Y="813.3404" />
									</PolyLine>
									<PolyLine LineColor="#FF000000">
										<Point X="28.5" Y="813.3404" />
										<Point X="28.5" Y="28.5" />
									</PolyLine>
								</PathFigure>
							</Path>
						</Clip>
					</Canvas>
					<Canvas>
						<Clip>
							<Path FillMode="Alternate">
								<PathFigure IsClosed="True">
									<PolyLine LineColor="#FF000000">
										<Point X="28.5" Y="28.5" />
										<Point X="566.25" Y="28.5" />
									</PolyLine>
									<PolyLine LineColor="#FF000000">
										<Point X="566.25" Y="28.5" />
										<Point X="566.25" Y="813.3404" />
									</PolyLine>
									<PolyLine LineColor="#FF000000">
										<Point X="566.25" Y="813.3404" />
										<Point X="28.5" Y="813.3404" />
									</PolyLine>
									<PolyLine LineColor="#FF000000">
										<Point X="28.5" Y="813.3404" />
										<Point X="28.5" Y="28.5" />
									</PolyLine>
								</PathFigure>
							</Path>
						</Clip>
						<Canvas>
							<Clip>
								<Path FillMode="Winding">
									<PathFigure IsClosed="False">
										<PolyLine LineColor="#FF000000">
											<Point X="381.2306" Y="321.54688" />
											<Point X="381.2306" Y="320.95007" />
										</PolyLine>
										<PolyLine LineColor="#FF000000">
											<Point X="381.2306" Y="320.95007" />
											<Point X="423.00916" Y="320.95007" />
										</PolyLine>
										<PolyLine LineColor="#FF000000">
											<Point X="423.00916" Y="320.95007" />
											<Point X="423.00916" Y="321.54688" />
										</PolyLine>
									</PathFigure>
								</Path>
							</Clip>
							<Path FillMode="Winding" RenderTransform="1 0 0 -1 0 842">
								<Brush>
									<SolidBrush Color="#FF706E74" />
								</Brush>
								<PathFigure IsClosed="True">
									<PolyLine LineColor="#FF000000">
										<Point X="381.23056" Y="521.0503" />
										<Point X="381.8274" Y="521.0503" />
									</PolyLine>
									<PolyLine LineColor="#FF000000">
										<Point X="381.8274" Y="521.0503" />
										<Point X="381.8274" Y="520.45337" />
									</PolyLine>
									<PolyLine LineColor="#FF000000">
										<Point X="381.8274" Y="520.45337" />
										<Point X="381.23056" Y="520.45337" />
									</PolyLine>
								</PathFigure>
							</Path>
							<Path FillMode="Winding" RenderTransform="1 0 0 -1 0 842">
								<Brush>
									<SolidBrush Color="#FF706E74" />
								</Brush>
								<PathFigure IsClosed="True">
									<PolyLine LineColor="#FF000000">
										<Point X="422.4123" Y="521.0503" />
										<Point X="423.00912" Y="521.0503" />
									</PolyLine>
									<PolyLine LineColor="#FF000000">
										<Point X="423.00912" Y="521.0503" />
										<Point X="423.00912" Y="520.45337" />
									</PolyLine>
									<PolyLine LineColor="#FF000000">
										<Point X="423.00912" Y="520.45337" />
										<Point X="422.4123" Y="520.45337" />
									</PolyLine>
								</PathFigure>
							</Path>
							<Path FillMode="Alternate" RenderTransform="1 0 0 -1 0 842">
								<Pen Alignment="Center" DashCap="Flat" DashOffset="0" DashPattern="0.5968368 0.5968368" DashStyle="Custom" EndCap="Flat" LineJoin="Miter" MiterLimit="10" StartCap="Flat" Width="0.5968368">
									<Brush>
										<SolidBrush Color="#FF706E74" />
									</Brush>
								</Pen>
								<PathFigure IsClosed="False">
									<PolyLine LineColor="#FF000000">
										<Point X="381.8274" Y="520.75195" />
										<Point X="422.4123" Y="520.75195" />
									</PolyLine>
								</PathFigure>
							</Path>
						</Canvas>
					</Canvas>
					<Canvas>
						<Clip>
							<Path FillMode="Alternate">
								<PathFigure IsClosed="True">
									<PolyLine LineColor="#FF000000">
										<Point X="28.5" Y="28.5" />
										<Point X="566.25" Y="28.5" />
									</PolyLine>
									<PolyLine LineColor="#FF000000">
										<Point X="566.25" Y="28.5" />
										<Point X="566.25" Y="813.3404" />
									</PolyLine>
									<PolyLine LineColor="#FF000000">
										<Point X="566.25" Y="813.3404" />
										<Point X="28.5" Y="813.3404" />
									</PolyLine>
									<PolyLine LineColor="#FF000000">
										<Point X="28.5" Y="813.3404" />
										<Point X="28.5" Y="28.5" />
									</PolyLine>
								</PathFigure>
							</Path>
						</Clip>
					</Canvas>
					<Canvas>
						<Clip>
							<Path FillMode="Alternate">
								<PathFigure IsClosed="True">
									<PolyLine LineColor="#FF000000">
										<Point X="28.5" Y="28.5" />
										<Point X="566.25" Y="28.5" />
									</PolyLine>
									<PolyLine LineColor="#FF000000">
										<Point X="566.25" Y="28.5" />
										<Point X="566.25" Y="813.3404" />
									</PolyLine>
									<PolyLine LineColor="#FF000000">
										<Point X="566.25" Y="813.3404" />
										<Point X="28.5" Y="813.3404" />
									</PolyLine>
									<PolyLine LineColor="#FF000000">
										<Point X="28.5" Y="813.3404" />
										<Point X="28.5" Y="28.5" />
									</PolyLine>
								</PathFigure>
							</Path>
						</Clip>
						<Canvas>
							<Clip>
								<Path FillMode="Winding">
									<PathFigure IsClosed="False">
										<PolyLine LineColor="#FF000000">
											<Point X="424.20282" Y="321.54688" />
											<Point X="424.20282" Y="320.95007" />
										</PolyLine>
										<PolyLine LineColor="#FF000000">
											<Point X="424.20282" Y="320.95007" />
											<Point X="466.57825" Y="320.95007" />
										</PolyLine>
										<PolyLine LineColor="#FF000000">
											<Point X="466.57825" Y="320.95007" />
											<Point X="466.57825" Y="321.54688" />
										</PolyLine>
									</PathFigure>
								</Path>
							</Clip>
							<Path FillMode="Winding" RenderTransform="1 0 0 -1 0 842">
								<Brush>
									<SolidBrush Color="#FF706E74" />
								</Brush>
								<PathFigure IsClosed="True">
									<PolyLine LineColor="#FF000000">
										<Point X="424.2028" Y="521.0503" />
										<Point X="424.79965" Y="521.0503" />
									</PolyLine>
									<PolyLine LineColor="#FF000000">
										<Point X="424.79965" Y="521.0503" />
										<Point X="424.79965" Y="520.45337" />
									</PolyLine>
									<PolyLine LineColor="#FF000000">
										<Point X="424.79965" Y="520.45337" />
										<Point X="424.2028" Y="520.45337" />
									</PolyLine>
								</PathFigure>
							</Path>
							<Path FillMode="Winding" RenderTransform="1 0 0 -1 0 842">
								<Brush>
									<SolidBrush Color="#FF706E74" />
								</Brush>
								<PathFigure IsClosed="True">
									<PolyLine LineColor="#FF000000">
										<Point X="465.98138" Y="521.0503" />
										<Point X="466.57822" Y="521.0503" />
									</PolyLine>
									<PolyLine LineColor="#FF000000">
										<Point X="466.57822" Y="521.0503" />
										<Point X="466.57822" Y="520.45337" />
									</PolyLine>
									<PolyLine LineColor="#FF000000">
										<Point X="466.57822" Y="520.45337" />
										<Point X="465.98138" Y="520.45337" />
									</PolyLine>
								</PathFigure>
							</Path>
							<Path FillMode="Alternate" RenderTransform="1 0 0 -1 0 842">
								<Pen Alignment="Center" DashCap="Flat" DashOffset="0" DashPattern="0.5968368 0.5968368" DashStyle="Custom" EndCap="Flat" LineJoin="Miter" MiterLimit="10" StartCap="Flat" Width="0.5968368">
									<Brush>
										<SolidBrush Color="#FF706E74" />
									</Brush>
								</Pen>
								<PathFigure IsClosed="False">
									<PolyLine LineColor="#FF000000">
										<Point X="424.79965" Y="520.75195" />
										<Point X="465.98138" Y="520.75195" />
									</PolyLine>
								</PathFigure>
							</Path>
						</Canvas>
					</Canvas>
					<Canvas>
						<Clip>
							<Path FillMode="Alternate">
								<PathFigure IsClosed="True">
									<PolyLine LineColor="#FF000000">
										<Point X="28.5" Y="28.5" />
										<Point X="566.25" Y="28.5" />
									</PolyLine>
									<PolyLine LineColor="#FF000000">
										<Point X="566.25" Y="28.5" />
										<Point X="566.25" Y="813.3404" />
									</PolyLine>
									<PolyLine LineColor="#FF000000">
										<Point X="566.25" Y="813.3404" />
										<Point X="28.5" Y="813.3404" />
									</PolyLine>
									<PolyLine LineColor="#FF000000">
										<Point X="28.5" Y="813.3404" />
										<Point X="28.5" Y="28.5" />
									</PolyLine>
								</PathFigure>
							</Path>
						</Clip>
					</Canvas>
					<Canvas>
						<Clip>
							<Path FillMode="Alternate">
								<PathFigure IsClosed="True">
									<PolyLine LineColor="#FF000000">
										<Point X="28.5" Y="28.5" />
										<Point X="566.25" Y="28.5" />
									</PolyLine>
									<PolyLine LineColor="#FF000000">
										<Point X="566.25" Y="28.5" />
										<Point X="566.25" Y="813.3404" />
									</PolyLine>
									<PolyLine LineColor="#FF000000">
										<Point X="566.25" Y="813.3404" />
										<Point X="28.5" Y="813.3404" />
									</PolyLine>
									<PolyLine LineColor="#FF000000">
										<Point X="28.5" Y="813.3404" />
										<Point X="28.5" Y="28.5" />
									</PolyLine>
								</PathFigure>
							</Path>
						</Clip>
						<Canvas>
							<Clip>
								<Path FillMode="Winding">
									<PathFigure IsClosed="False">
										<PolyLine LineColor="#FF000000">
											<Point X="467.7719" Y="321.54688" />
											<Point X="467.7719" Y="320.95007" />
										</PolyLine>
										<PolyLine LineColor="#FF000000">
											<Point X="467.7719" Y="320.95007" />
											<Point X="542.3765" Y="320.95007" />
										</PolyLine>
										<PolyLine LineColor="#FF000000">
											<Point X="542.3765" Y="320.95007" />
											<Point X="542.3765" Y="321.54688" />
										</PolyLine>
									</PathFigure>
								</Path>
							</Clip>
							<Path FillMode="Winding" RenderTransform="1 0 0 -1 0 842">
								<Brush>
									<SolidBrush Color="#FF706E74" />
								</Brush>
								<PathFigure IsClosed="True">
									<PolyLine LineColor="#FF000000">
										<Point X="467.77188" Y="521.0503" />
										<Point X="468.3687" Y="521.0503" />
									</PolyLine>
									<PolyLine LineColor="#FF000000">
										<Point X="468.3687" Y="521.0503" />
										<Point X="468.3687" Y="520.45337" />
									</PolyLine>
									<PolyLine LineColor="#FF000000">
										<Point X="468.3687" Y="520.45337" />
										<Point X="467.77188" Y="520.45337" />
									</PolyLine>
								</PathFigure>
							</Path>
							<Path FillMode="Winding" RenderTransform="1 0 0 -1 0 842">
								<Brush>
									<SolidBrush Color="#FF706E74" />
								</Brush>
								<PathFigure IsClosed="True">
									<PolyLine LineColor="#FF000000">
										<Point X="541.77966" Y="521.0503" />
										<Point X="542.37646" Y="521.0503" />
									</PolyLine>
									<PolyLine LineColor="#FF000000">
										<Point X="542.37646" Y="521.0503" />
										<Point X="542.37646" Y="520.45337" />
									</PolyLine>
									<PolyLine LineColor="#FF000000">
										<Point X="542.37646" Y="520.45337" />
										<Point X="541.77966" Y="520.45337" />
									</PolyLine>
								</PathFigure>
							</Path>
							<Path FillMode="Alternate" RenderTransform="1 0 0 -1 0 842">
								<Pen Alignment="Center" DashCap="Flat" DashOffset="0" DashPattern="0.5968368 0.5968368" DashStyle="Custom" EndCap="Flat" LineJoin="Miter" MiterLimit="10" StartCap="Flat" Width="0.5968368">
									<Brush>
										<SolidBrush Color="#FF706E74" />
									</Brush>
								</Pen>
								<PathFigure IsClosed="False">
									<PolyLine LineColor="#FF000000">
										<Point X="468.3687" Y="520.75195" />
										<Point X="541.77966" Y="520.75195" />
									</PolyLine>
								</PathFigure>
							</Path>
						</Canvas>
					</Canvas>
					<Canvas>
						<Clip>
							<Path FillMode="Alternate">
								<PathFigure IsClosed="True">
									<PolyLine LineColor="#FF000000">
										<Point X="28.5" Y="28.5" />
										<Point X="566.25" Y="28.5" />
									</PolyLine>
									<PolyLine LineColor="#FF000000">
										<Point X="566.25" Y="28.5" />
										<Point X="566.25" Y="813.3404" />
									</PolyLine>
									<PolyLine LineColor="#FF000000">
										<Point X="566.25" Y="813.3404" />
										<Point X="28.5" Y="813.3404" />
									</PolyLine>
									<PolyLine LineColor="#FF000000">
										<Point X="28.5" Y="813.3404" />
										<Point X="28.5" Y="28.5" />
									</PolyLine>
								</PathFigure>
							</Path>
						</Clip>
					</Canvas>
					<Canvas>
						<Clip>
							<Path FillMode="Alternate">
								<PathFigure IsClosed="True">
									<PolyLine LineColor="#FF000000">
										<Point X="28.5" Y="28.5" />
										<Point X="566.25" Y="28.5" />
									</PolyLine>
									<PolyLine LineColor="#FF000000">
										<Point X="566.25" Y="28.5" />
										<Point X="566.25" Y="813.3404" />
									</PolyLine>
									<PolyLine LineColor="#FF000000">
										<Point X="566.25" Y="813.3404" />
										<Point X="28.5" Y="813.3404" />
									</PolyLine>
									<PolyLine LineColor="#FF000000">
										<Point X="28.5" Y="813.3404" />
										<Point X="28.5" Y="28.5" />
									</PolyLine>
								</PathFigure>
							</Path>
						</Clip>
						<Canvas>
							<Clip>
								<Path FillMode="Winding">
									<PathFigure IsClosed="False">
										<PolyLine LineColor="#FF000000">
											<Point X="52.373474" Y="334.6773" />
											<Point X="52.373474" Y="334.08044" />
										</PolyLine>
										<PolyLine LineColor="#FF000000">
											<Point X="52.373474" Y="334.08044" />
											<Point X="196.80798" Y="334.08044" />
										</PolyLine>
										<PolyLine LineColor="#FF000000">
											<Point X="196.80798" Y="334.08044" />
											<Point X="196.80798" Y="334.6773" />
										</PolyLine>
									</PathFigure>
								</Path>
							</Clip>
							<Path FillMode="Winding" RenderTransform="1 0 0 -1 0 842">
								<Brush>
									<SolidBrush Color="#FF706E74" />
								</Brush>
								<PathFigure IsClosed="True">
									<PolyLine LineColor="#FF000000">
										<Point X="52.373474" Y="507.91992" />
										<Point X="52.970306" Y="507.91992" />
									</PolyLine>
									<PolyLine LineColor="#FF000000">
										<Point X="52.970306" Y="507.91992" />
										<Point X="52.970306" Y="507.323" />
									</PolyLine>
									<PolyLine LineColor="#FF000000">
										<Point X="52.970306" Y="507.323" />
										<Point X="52.373474" Y="507.323" />
									</PolyLine>
								</PathFigure>
							</Path>
							<Path FillMode="Winding" RenderTransform="1 0 0 -1 0 842">
								<Brush>
									<SolidBrush Color="#FF706E74" />
								</Brush>
								<PathFigure IsClosed="True">
									<PolyLine LineColor="#FF000000">
										<Point X="196.21114" Y="507.91992" />
										<Point X="196.80798" Y="507.91992" />
									</PolyLine>
									<PolyLine LineColor="#FF000000">
										<Point X="196.80798" Y="507.91992" />
										<Point X="196.80798" Y="507.323" />
									</PolyLine>
									<PolyLine LineColor="#FF000000">
										<Point X="196.80798" Y="507.323" />
										<Point X="196.21114" Y="507.323" />
									</PolyLine>
								</PathFigure>
							</Path>
							<Path FillMode="Alternate" RenderTransform="1 0 0 -1 0 842">
								<Pen Alignment="Center" DashCap="Flat" DashOffset="0" DashPattern="0.5968368 0.5968368" DashStyle="Custom" EndCap="Flat" LineJoin="Miter" MiterLimit="10" StartCap="Flat" Width="0.5968368">
									<Brush>
										<SolidBrush Color="#FF706E74" />
									</Brush>
								</Pen>
								<PathFigure IsClosed="False">
									<PolyLine LineColor="#FF000000">
										<Point X="52.970306" Y="507.62134" />
										<Point X="196.21114" Y="507.62134" />
									</PolyLine>
								</PathFigure>
							</Path>
						</Canvas>
					</Canvas>
					<Canvas>
						<Clip>
							<Path FillMode="Alternate">
								<PathFigure IsClosed="True">
									<PolyLine LineColor="#FF000000">
										<Point X="28.5" Y="28.5" />
										<Point X="566.25" Y="28.5" />
									</PolyLine>
									<PolyLine LineColor="#FF000000">
										<Point X="566.25" Y="28.5" />
										<Point X="566.25" Y="813.3404" />
									</PolyLine>
									<PolyLine LineColor="#FF000000">
										<Point X="566.25" Y="813.3404" />
										<Point X="28.5" Y="813.3404" />
									</PolyLine>
									<PolyLine LineColor="#FF000000">
										<Point X="28.5" Y="813.3404" />
										<Point X="28.5" Y="28.5" />
									</PolyLine>
								</PathFigure>
							</Path>
						</Clip>
					</Canvas>
					<Canvas>
						<Clip>
							<Path FillMode="Alternate">
								<PathFigure IsClosed="True">
									<PolyLine LineColor="#FF000000">
										<Point X="28.5" Y="28.5" />
										<Point X="566.25" Y="28.5" />
									</PolyLine>
									<PolyLine LineColor="#FF000000">
										<Point X="566.25" Y="28.5" />
										<Point X="566.25" Y="813.3404" />
									</PolyLine>
									<PolyLine LineColor="#FF000000">
										<Point X="566.25" Y="813.3404" />
										<Point X="28.5" Y="813.3404" />
									</PolyLine>
									<PolyLine LineColor="#FF000000">
										<Point X="28.5" Y="813.3404" />
										<Point X="28.5" Y="28.5" />
									</PolyLine>
								</PathFigure>
							</Path>
						</Clip>
						<Canvas>
							<Clip>
								<Path FillMode="Winding">
									<PathFigure IsClosed="False">
										<PolyLine LineColor="#FF000000">
											<Point X="198.00166" Y="334.6773" />
											<Point X="198.59851" Y="334.08044" />
										</PolyLine>
										<PolyLine LineColor="#FF000000">
											<Point X="198.59851" Y="334.08044" />
											<Point X="229.03717" Y="334.08044" />
										</PolyLine>
										<PolyLine LineColor="#FF000000">
											<Point X="229.03717" Y="334.08044" />
											<Point X="229.03717" Y="334.6773" />
										</PolyLine>
									</PathFigure>
								</Path>
							</Clip>
							<Path FillMode="Winding" RenderTransform="1 0 0 -1 0 842">
								<Brush>
									<SolidBrush Color="#FF706E74" />
								</Brush>
								<PathFigure IsClosed="True">
									<PolyLine LineColor="#FF000000">
										<Point X="198.00165" Y="507.91992" />
										<Point X="198.5985" Y="507.91992" />
									</PolyLine>
									<PolyLine LineColor="#FF000000">
										<Point X="198.5985" Y="507.91992" />
										<Point X="198.5985" Y="507.323" />
									</PolyLine>
									<PolyLine LineColor="#FF000000">
										<Point X="198.5985" Y="507.323" />
										<Point X="198.00165" Y="507.323" />
									</PolyLine>
								</PathFigure>
							</Path>
							<Path FillMode="Winding" RenderTransform="1 0 0 -1 0 842">
								<Brush>
									<SolidBrush Color="#FF706E74" />
								</Brush>
								<PathFigure IsClosed="True">
									<PolyLine LineColor="#FF000000">
										<Point X="228.44032" Y="507.91992" />
										<Point X="229.03717" Y="507.91992" />
									</PolyLine>
									<PolyLine LineColor="#FF000000">
										<Point X="229.03717" Y="507.91992" />
										<Point X="229.03717" Y="507.323" />
									</PolyLine>
									<PolyLine LineColor="#FF000000">
										<Point X="229.03717" Y="507.323" />
										<Point X="228.44032" Y="507.323" />
									</PolyLine>
								</PathFigure>
							</Path>
							<Path FillMode="Alternate" RenderTransform="1 0 0 -1 0 842">
								<Pen Alignment="Center" DashCap="Flat" DashOffset="0" DashPattern="0.5968368 0.5968368" DashStyle="Custom" EndCap="Flat" LineJoin="Miter" MiterLimit="10" StartCap="Flat" Width="0.5968368">
									<Brush>
										<SolidBrush Color="#FF706E74" />
									</Brush>
								</Pen>
								<PathFigure IsClosed="False">
									<PolyLine LineColor="#FF000000">
										<Point X="198.5985" Y="507.62134" />
										<Point X="228.44032" Y="507.62134" />
									</PolyLine>
								</PathFigure>
							</Path>
						</Canvas>
					</Canvas>
					<Canvas>
						<Clip>
							<Path FillMode="Alternate">
								<PathFigure IsClosed="True">
									<PolyLine LineColor="#FF000000">
										<Point X="28.5" Y="28.5" />
										<Point X="566.25" Y="28.5" />
									</PolyLine>
									<PolyLine LineColor="#FF000000">
										<Point X="566.25" Y="28.5" />
										<Point X="566.25" Y="813.3404" />
									</PolyLine>
									<PolyLine LineColor="#FF000000">
										<Point X="566.25" Y="813.3404" />
										<Point X="28.5" Y="813.3404" />
									</PolyLine>
									<PolyLine LineColor="#FF000000">
										<Point X="28.5" Y="813.3404" />
										<Point X="28.5" Y="28.5" />
									</PolyLine>
								</PathFigure>
							</Path>
						</Clip>
						<Path FillMode="Winding" RenderTransform="1 0 0 -1 0 842">
							<Brush>
								<SolidBrush Color="#FF939598" />
							</Brush>
							<PathFigure IsClosed="True">
								<PolyLine LineColor="#FF000000">
									<Point X="198.00166" Y="519.25946" />
									<Point X="198.00166" Y="507.3227" />
								</PolyLine>
								<PolyLine LineColor="#FF000000">
									<Point X="198.00166" Y="507.3227" />
									<Point X="198.59851" Y="507.91956" />
								</PolyLine>
								<PolyLine LineColor="#FF000000">
									<Point X="198.59851" Y="507.91956" />
									<Point X="198.59851" Y="519.25946" />
								</PolyLine>
								<PolyLine LineColor="#FF000000">
									<Point X="198.59851" Y="519.25946" />
									<Point X="198.00166" Y="519.25946" />
								</PolyLine>
							</PathFigure>
						</Path>
					</Canvas>
					<Canvas>
						<Clip>
							<Path FillMode="Alternate">
								<PathFigure IsClosed="True">
									<PolyLine LineColor="#FF000000">
										<Point X="28.5" Y="28.5" />
										<Point X="566.25" Y="28.5" />
									</PolyLine>
									<PolyLine LineColor="#FF000000">
										<Point X="566.25" Y="28.5" />
										<Point X="566.25" Y="813.3404" />
									</PolyLine>
									<PolyLine LineColor="#FF000000">
										<Point X="566.25" Y="813.3404" />
										<Point X="28.5" Y="813.3404" />
									</PolyLine>
									<PolyLine LineColor="#FF000000">
										<Point X="28.5" Y="813.3404" />
										<Point X="28.5" Y="28.5" />
									</PolyLine>
								</PathFigure>
							</Path>
						</Clip>
						<Canvas>
							<Clip>
								<Path FillMode="Winding">
									<PathFigure IsClosed="False">
										<PolyLine LineColor="#FF000000">
											<Point X="230.23083" Y="334.6773" />
											<Point X="230.23083" Y="334.08044" />
										</PolyLine>
										<PolyLine LineColor="#FF000000">
											<Point X="230.23083" Y="334.08044" />
											<Point X="262.46002" Y="334.08044" />
										</PolyLine>
										<PolyLine LineColor="#FF000000">
											<Point X="262.46002" Y="334.08044" />
											<Point X="262.46002" Y="334.6773" />
										</PolyLine>
									</PathFigure>
								</Path>
							</Clip>
							<Path FillMode="Winding" RenderTransform="1 0 0 -1 0 842">
								<Brush>
									<SolidBrush Color="#FF706E74" />
								</Brush>
								<PathFigure IsClosed="True">
									<PolyLine LineColor="#FF000000">
										<Point X="230.23083" Y="507.91992" />
										<Point X="230.82768" Y="507.91992" />
									</PolyLine>
									<PolyLine LineColor="#FF000000">
										<Point X="230.82768" Y="507.91992" />
										<Point X="230.82768" Y="507.323" />
									</PolyLine>
									<PolyLine LineColor="#FF000000">
										<Point X="230.82768" Y="507.323" />
										<Point X="230.23083" Y="507.323" />
									</PolyLine>
								</PathFigure>
							</Path>
							<Path FillMode="Winding" RenderTransform="1 0 0 -1 0 842">
								<Brush>
									<SolidBrush Color="#FF706E74" />
								</Brush>
								<PathFigure IsClosed="True">
									<PolyLine LineColor="#FF000000">
										<Point X="261.8632" Y="507.91992" />
										<Point X="262.46002" Y="507.91992" />
									</PolyLine>
									<PolyLine LineColor="#FF000000">
										<Point X="262.46002" Y="507.91992" />
										<Point X="262.46002" Y="507.323" />
									</PolyLine>
									<PolyLine LineColor="#FF000000">
										<Point X="262.46002" Y="507.323" />
										<Point X="261.8632" Y="507.323" />
									</PolyLine>
								</PathFigure>
							</Path>
							<Path FillMode="Alternate" RenderTransform="1 0 0 -1 0 842">
								<Pen Alignment="Center" DashCap="Flat" DashOffset="0" DashPattern="0.5968368 0.5968368" DashStyle="Custom" EndCap="Flat" LineJoin="Miter" MiterLimit="10" StartCap="Flat" Width="0.5968368">
									<Brush>
										<SolidBrush Color="#FF706E74" />
									</Brush>
								</Pen>
								<PathFigure IsClosed="False">
									<PolyLine LineColor="#FF000000">
										<Point X="230.82768" Y="507.62134" />
										<Point X="261.8632" Y="507.62134" />
									</PolyLine>
								</PathFigure>
							</Path>
						</Canvas>
					</Canvas>
					<Canvas>
						<Clip>
							<Path FillMode="Alternate">
								<PathFigure IsClosed="True">
									<PolyLine LineColor="#FF000000">
										<Point X="28.5" Y="28.5" />
										<Point X="566.25" Y="28.5" />
									</PolyLine>
									<PolyLine LineColor="#FF000000">
										<Point X="566.25" Y="28.5" />
										<Point X="566.25" Y="813.3404" />
									</PolyLine>
									<PolyLine LineColor="#FF000000">
										<Point X="566.25" Y="813.3404" />
										<Point X="28.5" Y="813.3404" />
									</PolyLine>
									<PolyLine LineColor="#FF000000">
										<Point X="28.5" Y="813.3404" />
										<Point X="28.5" Y="28.5" />
									</PolyLine>
								</PathFigure>
							</Path>
						</Clip>
					</Canvas>
					<Canvas>
						<Clip>
							<Path FillMode="Alternate">
								<PathFigure IsClosed="True">
									<PolyLine LineColor="#FF000000">
										<Point X="28.5" Y="28.5" />
										<Point X="566.25" Y="28.5" />
									</PolyLine>
									<PolyLine LineColor="#FF000000">
										<Point X="566.25" Y="28.5" />
										<Point X="566.25" Y="813.3404" />
									</PolyLine>
									<PolyLine LineColor="#FF000000">
										<Point X="566.25" Y="813.3404" />
										<Point X="28.5" Y="813.3404" />
									</PolyLine>
									<PolyLine LineColor="#FF000000">
										<Point X="28.5" Y="813.3404" />
										<Point X="28.5" Y="28.5" />
									</PolyLine>
								</PathFigure>
							</Path>
						</Clip>
						<Canvas>
							<Clip>
								<Path FillMode="Winding">
									<PathFigure IsClosed="False">
										<PolyLine LineColor="#FF000000">
											<Point X="263.6537" Y="334.6773" />
											<Point X="263.6537" Y="334.08044" />
										</PolyLine>
										<PolyLine LineColor="#FF000000">
											<Point X="263.6537" Y="334.08044" />
											<Point X="295.8829" Y="334.08044" />
										</PolyLine>
										<PolyLine LineColor="#FF000000">
											<Point X="295.8829" Y="334.08044" />
											<Point X="295.8829" Y="334.6773" />
										</PolyLine>
									</PathFigure>
								</Path>
							</Clip>
							<Path FillMode="Winding" RenderTransform="1 0 0 -1 0 842">
								<Brush>
									<SolidBrush Color="#FF706E74" />
								</Brush>
								<PathFigure IsClosed="True">
									<PolyLine LineColor="#FF000000">
										<Point X="263.6537" Y="507.91992" />
										<Point X="264.25055" Y="507.91992" />
									</PolyLine>
									<PolyLine LineColor="#FF000000">
										<Point X="264.25055" Y="507.91992" />
										<Point X="264.25055" Y="507.323" />
									</PolyLine>
									<PolyLine LineColor="#FF000000">
										<Point X="264.25055" Y="507.323" />
										<Point X="263.6537" Y="507.323" />
									</PolyLine>
								</PathFigure>
							</Path>
							<Path FillMode="Winding" RenderTransform="1 0 0 -1 0 842">
								<Brush>
									<SolidBrush Color="#FF706E74" />
								</Brush>
								<PathFigure IsClosed="True">
									<PolyLine LineColor="#FF000000">
										<Point X="295.28604" Y="507.91992" />
										<Point X="295.88287" Y="507.91992" />
									</PolyLine>
									<PolyLine LineColor="#FF000000">
										<Point X="295.88287" Y="507.91992" />
										<Point X="295.88287" Y="507.323" />
									</PolyLine>
									<PolyLine LineColor="#FF000000">
										<Point X="295.88287" Y="507.323" />
										<Point X="295.28604" Y="507.323" />
									</PolyLine>
								</PathFigure>
							</Path>
							<Path FillMode="Alternate" RenderTransform="1 0 0 -1 0 842">
								<Pen Alignment="Center" DashCap="Flat" DashOffset="0" DashPattern="0.5968368 0.5968368" DashStyle="Custom" EndCap="Flat" LineJoin="Miter" MiterLimit="10" StartCap="Flat" Width="0.5968368">
									<Brush>
										<SolidBrush Color="#FF706E74" />
									</Brush>
								</Pen>
								<PathFigure IsClosed="False">
									<PolyLine LineColor="#FF000000">
										<Point X="264.25055" Y="507.62134" />
										<Point X="295.28604" Y="507.62134" />
									</PolyLine>
								</PathFigure>
							</Path>
						</Canvas>
					</Canvas>
					<Canvas>
						<Clip>
							<Path FillMode="Alternate">
								<PathFigure IsClosed="True">
									<PolyLine LineColor="#FF000000">
										<Point X="28.5" Y="28.5" />
										<Point X="566.25" Y="28.5" />
									</PolyLine>
									<PolyLine LineColor="#FF000000">
										<Point X="566.25" Y="28.5" />
										<Point X="566.25" Y="813.3404" />
									</PolyLine>
									<PolyLine LineColor="#FF000000">
										<Point X="566.25" Y="813.3404" />
										<Point X="28.5" Y="813.3404" />
									</PolyLine>
									<PolyLine LineColor="#FF000000">
										<Point X="28.5" Y="813.3404" />
										<Point X="28.5" Y="28.5" />
									</PolyLine>
								</PathFigure>
							</Path>
						</Clip>
					</Canvas>
					<Canvas>
						<Clip>
							<Path FillMode="Alternate">
								<PathFigure IsClosed="True">
									<PolyLine LineColor="#FF000000">
										<Point X="28.5" Y="28.5" />
										<Point X="566.25" Y="28.5" />
									</PolyLine>
									<PolyLine LineColor="#FF000000">
										<Point X="566.25" Y="28.5" />
										<Point X="566.25" Y="813.3404" />
									</PolyLine>
									<PolyLine LineColor="#FF000000">
										<Point X="566.25" Y="813.3404" />
										<Point X="28.5" Y="813.3404" />
									</PolyLine>
									<PolyLine LineColor="#FF000000">
										<Point X="28.5" Y="813.3404" />
										<Point X="28.5" Y="28.5" />
									</PolyLine>
								</PathFigure>
							</Path>
						</Clip>
						<Canvas>
							<Clip>
								<Path FillMode="Winding">
									<PathFigure IsClosed="False">
										<PolyLine LineColor="#FF000000">
											<Point X="297.0766" Y="334.6773" />
											<Point X="297.0766" Y="334.08044" />
										</PolyLine>
										<PolyLine LineColor="#FF000000">
											<Point X="297.0766" Y="334.08044" />
											<Point X="337.06464" Y="334.08044" />
										</PolyLine>
										<PolyLine LineColor="#FF000000">
											<Point X="337.06464" Y="334.08044" />
											<Point X="337.06464" Y="334.6773" />
										</PolyLine>
									</PathFigure>
								</Path>
							</Clip>
							<Path FillMode="Winding" RenderTransform="1 0 0 -1 0 842">
								<Brush>
									<SolidBrush Color="#FF706E74" />
								</Brush>
								<PathFigure IsClosed="True">
									<PolyLine LineColor="#FF000000">
										<Point X="297.07657" Y="507.91992" />
										<Point X="297.6734" Y="507.91992" />
									</PolyLine>
									<PolyLine LineColor="#FF000000">
										<Point X="297.6734" Y="507.91992" />
										<Point X="297.6734" Y="507.323" />
									</PolyLine>
									<PolyLine LineColor="#FF000000">
										<Point X="297.6734" Y="507.323" />
										<Point X="297.07657" Y="507.323" />
									</PolyLine>
								</PathFigure>
							</Path>
							<Path FillMode="Winding" RenderTransform="1 0 0 -1 0 842">
								<Brush>
									<SolidBrush Color="#FF706E74" />
								</Brush>
								<PathFigure IsClosed="True">
									<PolyLine LineColor="#FF000000">
										<Point X="336.4678" Y="507.91992" />
										<Point X="337.06464" Y="507.91992" />
									</PolyLine>
									<PolyLine LineColor="#FF000000">
										<Point X="337.06464" Y="507.91992" />
										<Point X="337.06464" Y="507.323" />
									</PolyLine>
									<PolyLine LineColor="#FF000000">
										<Point X="337.06464" Y="507.323" />
										<Point X="336.4678" Y="507.323" />
									</PolyLine>
								</PathFigure>
							</Path>
							<Path FillMode="Alternate" RenderTransform="1 0 0 -1 0 842">
								<Pen Alignment="Center" DashCap="Flat" DashOffset="0" DashPattern="0.5968368 0.5968368" DashStyle="Custom" EndCap="Flat" LineJoin="Miter" MiterLimit="10" StartCap="Flat" Width="0.5968368">
									<Brush>
										<SolidBrush Color="#FF706E74" />
									</Brush>
								</Pen>
								<PathFigure IsClosed="False">
									<PolyLine LineColor="#FF000000">
										<Point X="297.6734" Y="507.62134" />
										<Point X="336.4678" Y="507.62134" />
									</PolyLine>
								</PathFigure>
							</Path>
						</Canvas>
					</Canvas>
					<Canvas>
						<Clip>
							<Path FillMode="Alternate">
								<PathFigure IsClosed="True">
									<PolyLine LineColor="#FF000000">
										<Point X="28.5" Y="28.5" />
										<Point X="566.25" Y="28.5" />
									</PolyLine>
									<PolyLine LineColor="#FF000000">
										<Point X="566.25" Y="28.5" />
										<Point X="566.25" Y="813.3404" />
									</PolyLine>
									<PolyLine LineColor="#FF000000">
										<Point X="566.25" Y="813.3404" />
										<Point X="28.5" Y="813.3404" />
									</PolyLine>
									<PolyLine LineColor="#FF000000">
										<Point X="28.5" Y="813.3404" />
										<Point X="28.5" Y="28.5" />
									</PolyLine>
								</PathFigure>
							</Path>
						</Clip>
					</Canvas>
					<Canvas>
						<Clip>
							<Path FillMode="Alternate">
								<PathFigure IsClosed="True">
									<PolyLine LineColor="#FF000000">
										<Point X="28.5" Y="28.5" />
										<Point X="566.25" Y="28.5" />
									</PolyLine>
									<PolyLine LineColor="#FF000000">
										<Point X="566.25" Y="28.5" />
										<Point X="566.25" Y="813.3404" />
									</PolyLine>
									<PolyLine LineColor="#FF000000">
										<Point X="566.25" Y="813.3404" />
										<Point X="28.5" Y="813.3404" />
									</PolyLine>
									<PolyLine LineColor="#FF000000">
										<Point X="28.5" Y="813.3404" />
										<Point X="28.5" Y="28.5" />
									</PolyLine>
								</PathFigure>
							</Path>
						</Clip>
						<Canvas>
							<Clip>
								<Path FillMode="Winding">
									<PathFigure IsClosed="False">
										<PolyLine LineColor="#FF000000">
											<Point X="338.2583" Y="334.6773" />
											<Point X="338.2583" Y="334.08044" />
										</PolyLine>
										<PolyLine LineColor="#FF000000">
											<Point X="338.2583" Y="334.08044" />
											<Point X="380.0369" Y="334.08044" />
										</PolyLine>
										<PolyLine LineColor="#FF000000">
											<Point X="380.0369" Y="334.08044" />
											<Point X="380.0369" Y="334.6773" />
										</PolyLine>
									</PathFigure>
								</Path>
							</Clip>
							<Path FillMode="Winding" RenderTransform="1 0 0 -1 0 842">
								<Brush>
									<SolidBrush Color="#FF706E74" />
								</Brush>
								<PathFigure IsClosed="True">
									<PolyLine LineColor="#FF000000">
										<Point X="338.2583" Y="507.91992" />
										<Point X="338.85513" Y="507.91992" />
									</PolyLine>
									<PolyLine LineColor="#FF000000">
										<Point X="338.85513" Y="507.91992" />
										<Point X="338.85513" Y="507.323" />
									</PolyLine>
									<PolyLine LineColor="#FF000000">
										<Point X="338.85513" Y="507.323" />
										<Point X="338.2583" Y="507.323" />
									</PolyLine>
								</PathFigure>
							</Path>
							<Path FillMode="Winding" RenderTransform="1 0 0 -1 0 842">
								<Brush>
									<SolidBrush Color="#FF706E74" />
								</Brush>
								<PathFigure IsClosed="True">
									<PolyLine LineColor="#FF000000">
										<Point X="379.44003" Y="507.91992" />
										<Point X="380.03687" Y="507.91992" />
									</PolyLine>
									<PolyLine LineColor="#FF000000">
										<Point X="380.03687" Y="507.91992" />
										<Point X="380.03687" Y="507.323" />
									</PolyLine>
									<PolyLine LineColor="#FF000000">
										<Point X="380.03687" Y="507.323" />
										<Point X="379.44003" Y="507.323" />
									</PolyLine>
								</PathFigure>
							</Path>
							<Path FillMode="Alternate" RenderTransform="1 0 0 -1 0 842">
								<Pen Alignment="Center" DashCap="Flat" DashOffset="0" DashPattern="0.5968368 0.5968368" DashStyle="Custom" EndCap="Flat" LineJoin="Miter" MiterLimit="10" StartCap="Flat" Width="0.5968368">
									<Brush>
										<SolidBrush Color="#FF706E74" />
									</Brush>
								</Pen>
								<PathFigure IsClosed="False">
									<PolyLine LineColor="#FF000000">
										<Point X="338.85513" Y="507.62134" />
										<Point X="379.44003" Y="507.62134" />
									</PolyLine>
								</PathFigure>
							</Path>
						</Canvas>
					</Canvas>
					<Canvas>
						<Clip>
							<Path FillMode="Alternate">
								<PathFigure IsClosed="True">
									<PolyLine LineColor="#FF000000">
										<Point X="28.5" Y="28.5" />
										<Point X="566.25" Y="28.5" />
									</PolyLine>
									<PolyLine LineColor="#FF000000">
										<Point X="566.25" Y="28.5" />
										<Point X="566.25" Y="813.3404" />
									</PolyLine>
									<PolyLine LineColor="#FF000000">
										<Point X="566.25" Y="813.3404" />
										<Point X="28.5" Y="813.3404" />
									</PolyLine>
									<PolyLine LineColor="#FF000000">
										<Point X="28.5" Y="813.3404" />
										<Point X="28.5" Y="28.5" />
									</PolyLine>
								</PathFigure>
							</Path>
						</Clip>
					</Canvas>
					<Canvas>
						<Clip>
							<Path FillMode="Alternate">
								<PathFigure IsClosed="True">
									<PolyLine LineColor="#FF000000">
										<Point X="28.5" Y="28.5" />
										<Point X="566.25" Y="28.5" />
									</PolyLine>
									<PolyLine LineColor="#FF000000">
										<Point X="566.25" Y="28.5" />
										<Point X="566.25" Y="813.3404" />
									</PolyLine>
									<PolyLine LineColor="#FF000000">
										<Point X="566.25" Y="813.3404" />
										<Point X="28.5" Y="813.3404" />
									</PolyLine>
									<PolyLine LineColor="#FF000000">
										<Point X="28.5" Y="813.3404" />
										<Point X="28.5" Y="28.5" />
									</PolyLine>
								</PathFigure>
							</Path>
						</Clip>
						<Canvas>
							<Clip>
								<Path FillMode="Winding">
									<PathFigure IsClosed="False">
										<PolyLine LineColor="#FF000000">
											<Point X="381.2306" Y="334.6773" />
											<Point X="381.2306" Y="334.08044" />
										</PolyLine>
										<PolyLine LineColor="#FF000000">
											<Point X="381.2306" Y="334.08044" />
											<Point X="423.00916" Y="334.08044" />
										</PolyLine>
										<PolyLine LineColor="#FF000000">
											<Point X="423.00916" Y="334.08044" />
											<Point X="423.00916" Y="334.6773" />
										</PolyLine>
									</PathFigure>
								</Path>
							</Clip>
							<Path FillMode="Winding" RenderTransform="1 0 0 -1 0 842">
								<Brush>
									<SolidBrush Color="#FF706E74" />
								</Brush>
								<PathFigure IsClosed="True">
									<PolyLine LineColor="#FF000000">
										<Point X="381.23056" Y="507.91992" />
										<Point X="381.8274" Y="507.91992" />
									</PolyLine>
									<PolyLine LineColor="#FF000000">
										<Point X="381.8274" Y="507.91992" />
										<Point X="381.8274" Y="507.323" />
									</PolyLine>
									<PolyLine LineColor="#FF000000">
										<Point X="381.8274" Y="507.323" />
										<Point X="381.23056" Y="507.323" />
									</PolyLine>
								</PathFigure>
							</Path>
							<Path FillMode="Winding" RenderTransform="1 0 0 -1 0 842">
								<Brush>
									<SolidBrush Color="#FF706E74" />
								</Brush>
								<PathFigure IsClosed="True">
									<PolyLine LineColor="#FF000000">
										<Point X="422.4123" Y="507.91992" />
										<Point X="423.00912" Y="507.91992" />
									</PolyLine>
									<PolyLine LineColor="#FF000000">
										<Point X="423.00912" Y="507.91992" />
										<Point X="423.00912" Y="507.323" />
									</PolyLine>
									<PolyLine LineColor="#FF000000">
										<Point X="423.00912" Y="507.323" />
										<Point X="422.4123" Y="507.323" />
									</PolyLine>
								</PathFigure>
							</Path>
							<Path FillMode="Alternate" RenderTransform="1 0 0 -1 0 842">
								<Pen Alignment="Center" DashCap="Flat" DashOffset="0" DashPattern="0.5968368 0.5968368" DashStyle="Custom" EndCap="Flat" LineJoin="Miter" MiterLimit="10" StartCap="Flat" Width="0.5968368">
									<Brush>
										<SolidBrush Color="#FF706E74" />
									</Brush>
								</Pen>
								<PathFigure IsClosed="False">
									<PolyLine LineColor="#FF000000">
										<Point X="381.8274" Y="507.62134" />
										<Point X="422.4123" Y="507.62134" />
									</PolyLine>
								</PathFigure>
							</Path>
						</Canvas>
					</Canvas>
					<Canvas>
						<Clip>
							<Path FillMode="Alternate">
								<PathFigure IsClosed="True">
									<PolyLine LineColor="#FF000000">
										<Point X="28.5" Y="28.5" />
										<Point X="566.25" Y="28.5" />
									</PolyLine>
									<PolyLine LineColor="#FF000000">
										<Point X="566.25" Y="28.5" />
										<Point X="566.25" Y="813.3404" />
									</PolyLine>
									<PolyLine LineColor="#FF000000">
										<Point X="566.25" Y="813.3404" />
										<Point X="28.5" Y="813.3404" />
									</PolyLine>
									<PolyLine LineColor="#FF000000">
										<Point X="28.5" Y="813.3404" />
										<Point X="28.5" Y="28.5" />
									</PolyLine>
								</PathFigure>
							</Path>
						</Clip>
					</Canvas>
					<Canvas>
						<Clip>
							<Path FillMode="Alternate">
								<PathFigure IsClosed="True">
									<PolyLine LineColor="#FF000000">
										<Point X="28.5" Y="28.5" />
										<Point X="566.25" Y="28.5" />
									</PolyLine>
									<PolyLine LineColor="#FF000000">
										<Point X="566.25" Y="28.5" />
										<Point X="566.25" Y="813.3404" />
									</PolyLine>
									<PolyLine LineColor="#FF000000">
										<Point X="566.25" Y="813.3404" />
										<Point X="28.5" Y="813.3404" />
									</PolyLine>
									<PolyLine LineColor="#FF000000">
										<Point X="28.5" Y="813.3404" />
										<Point X="28.5" Y="28.5" />
									</PolyLine>
								</PathFigure>
							</Path>
						</Clip>
						<Canvas>
							<Clip>
								<Path FillMode="Winding">
									<PathFigure IsClosed="False">
										<PolyLine LineColor="#FF000000">
											<Point X="424.20282" Y="334.6773" />
											<Point X="424.20282" Y="334.08044" />
										</PolyLine>
										<PolyLine LineColor="#FF000000">
											<Point X="424.20282" Y="334.08044" />
											<Point X="466.57825" Y="334.08044" />
										</PolyLine>
										<PolyLine LineColor="#FF000000">
											<Point X="466.57825" Y="334.08044" />
											<Point X="466.57825" Y="334.6773" />
										</PolyLine>
									</PathFigure>
								</Path>
							</Clip>
							<Path FillMode="Winding" RenderTransform="1 0 0 -1 0 842">
								<Brush>
									<SolidBrush Color="#FF706E74" />
								</Brush>
								<PathFigure IsClosed="True">
									<PolyLine LineColor="#FF000000">
										<Point X="424.2028" Y="507.91992" />
										<Point X="424.79965" Y="507.91992" />
									</PolyLine>
									<PolyLine LineColor="#FF000000">
										<Point X="424.79965" Y="507.91992" />
										<Point X="424.79965" Y="507.323" />
									</PolyLine>
									<PolyLine LineColor="#FF000000">
										<Point X="424.79965" Y="507.323" />
										<Point X="424.2028" Y="507.323" />
									</PolyLine>
								</PathFigure>
							</Path>
							<Path FillMode="Winding" RenderTransform="1 0 0 -1 0 842">
								<Brush>
									<SolidBrush Color="#FF706E74" />
								</Brush>
								<PathFigure IsClosed="True">
									<PolyLine LineColor="#FF000000">
										<Point X="465.98138" Y="507.91992" />
										<Point X="466.57822" Y="507.91992" />
									</PolyLine>
									<PolyLine LineColor="#FF000000">
										<Point X="466.57822" Y="507.91992" />
										<Point X="466.57822" Y="507.323" />
									</PolyLine>
									<PolyLine LineColor="#FF000000">
										<Point X="466.57822" Y="507.323" />
										<Point X="465.98138" Y="507.323" />
									</PolyLine>
								</PathFigure>
							</Path>
							<Path FillMode="Alternate" RenderTransform="1 0 0 -1 0 842">
								<Pen Alignment="Center" DashCap="Flat" DashOffset="0" DashPattern="0.5968368 0.5968368" DashStyle="Custom" EndCap="Flat" LineJoin="Miter" MiterLimit="10" StartCap="Flat" Width="0.5968368">
									<Brush>
										<SolidBrush Color="#FF706E74" />
									</Brush>
								</Pen>
								<PathFigure IsClosed="False">
									<PolyLine LineColor="#FF000000">
										<Point X="424.79965" Y="507.62134" />
										<Point X="465.98138" Y="507.62134" />
									</PolyLine>
								</PathFigure>
							</Path>
						</Canvas>
					</Canvas>
					<Canvas>
						<Clip>
							<Path FillMode="Alternate">
								<PathFigure IsClosed="True">
									<PolyLine LineColor="#FF000000">
										<Point X="28.5" Y="28.5" />
										<Point X="566.25" Y="28.5" />
									</PolyLine>
									<PolyLine LineColor="#FF000000">
										<Point X="566.25" Y="28.5" />
										<Point X="566.25" Y="813.3404" />
									</PolyLine>
									<PolyLine LineColor="#FF000000">
										<Point X="566.25" Y="813.3404" />
										<Point X="28.5" Y="813.3404" />
									</PolyLine>
									<PolyLine LineColor="#FF000000">
										<Point X="28.5" Y="813.3404" />
										<Point X="28.5" Y="28.5" />
									</PolyLine>
								</PathFigure>
							</Path>
						</Clip>
					</Canvas>
					<Canvas>
						<Clip>
							<Path FillMode="Alternate">
								<PathFigure IsClosed="True">
									<PolyLine LineColor="#FF000000">
										<Point X="28.5" Y="28.5" />
										<Point X="566.25" Y="28.5" />
									</PolyLine>
									<PolyLine LineColor="#FF000000">
										<Point X="566.25" Y="28.5" />
										<Point X="566.25" Y="813.3404" />
									</PolyLine>
									<PolyLine LineColor="#FF000000">
										<Point X="566.25" Y="813.3404" />
										<Point X="28.5" Y="813.3404" />
									</PolyLine>
									<PolyLine LineColor="#FF000000">
										<Point X="28.5" Y="813.3404" />
										<Point X="28.5" Y="28.5" />
									</PolyLine>
								</PathFigure>
							</Path>
						</Clip>
						<Canvas>
							<Clip>
								<Path FillMode="Winding">
									<PathFigure IsClosed="False">
										<PolyLine LineColor="#FF000000">
											<Point X="467.7719" Y="334.6773" />
											<Point X="467.7719" Y="334.08044" />
										</PolyLine>
										<PolyLine LineColor="#FF000000">
											<Point X="467.7719" Y="334.08044" />
											<Point X="542.3765" Y="334.08044" />
										</PolyLine>
										<PolyLine LineColor="#FF000000">
											<Point X="542.3765" Y="334.08044" />
											<Point X="542.3765" Y="334.6773" />
										</PolyLine>
									</PathFigure>
								</Path>
							</Clip>
							<Path FillMode="Winding" RenderTransform="1 0 0 -1 0 842">
								<Brush>
									<SolidBrush Color="#FF706E74" />
								</Brush>
								<PathFigure IsClosed="True">
									<PolyLine LineColor="#FF000000">
										<Point X="467.77188" Y="507.91992" />
										<Point X="468.3687" Y="507.91992" />
									</PolyLine>
									<PolyLine LineColor="#FF000000">
										<Point X="468.3687" Y="507.91992" />
										<Point X="468.3687" Y="507.323" />
									</PolyLine>
									<PolyLine LineColor="#FF000000">
										<Point X="468.3687" Y="507.323" />
										<Point X="467.77188" Y="507.323" />
									</PolyLine>
								</PathFigure>
							</Path>
							<Path FillMode="Winding" RenderTransform="1 0 0 -1 0 842">
								<Brush>
									<SolidBrush Color="#FF706E74" />
								</Brush>
								<PathFigure IsClosed="True">
									<PolyLine LineColor="#FF000000">
										<Point X="541.77966" Y="507.91992" />
										<Point X="542.37646" Y="507.91992" />
									</PolyLine>
									<PolyLine LineColor="#FF000000">
										<Point X="542.37646" Y="507.91992" />
										<Point X="542.37646" Y="507.323" />
									</PolyLine>
									<PolyLine LineColor="#FF000000">
										<Point X="542.37646" Y="507.323" />
										<Point X="541.77966" Y="507.323" />
									</PolyLine>
								</PathFigure>
							</Path>
							<Path FillMode="Alternate" RenderTransform="1 0 0 -1 0 842">
								<Pen Alignment="Center" DashCap="Flat" DashOffset="0" DashPattern="0.5968368 0.5968368" DashStyle="Custom" EndCap="Flat" LineJoin="Miter" MiterLimit="10" StartCap="Flat" Width="0.5968368">
									<Brush>
										<SolidBrush Color="#FF706E74" />
									</Brush>
								</Pen>
								<PathFigure IsClosed="False">
									<PolyLine LineColor="#FF000000">
										<Point X="468.3687" Y="507.62134" />
										<Point X="541.77966" Y="507.62134" />
									</PolyLine>
								</PathFigure>
							</Path>
						</Canvas>
					</Canvas>
					<Canvas>
						<Clip>
							<Path FillMode="Alternate">
								<PathFigure IsClosed="True">
									<PolyLine LineColor="#FF000000">
										<Point X="28.5" Y="28.5" />
										<Point X="566.25" Y="28.5" />
									</PolyLine>
									<PolyLine LineColor="#FF000000">
										<Point X="566.25" Y="28.5" />
										<Point X="566.25" Y="813.3404" />
									</PolyLine>
									<PolyLine LineColor="#FF000000">
										<Point X="566.25" Y="813.3404" />
										<Point X="28.5" Y="813.3404" />
									</PolyLine>
									<PolyLine LineColor="#FF000000">
										<Point X="28.5" Y="813.3404" />
										<Point X="28.5" Y="28.5" />
									</PolyLine>
								</PathFigure>
							</Path>
						</Clip>
						<Path FillMode="Winding" RenderTransform="1 0 0 -1 0 842">
							<Brush>
								<SolidBrush Color="#FF005F7F" />
							</Brush>
							<PathFigure IsClosed="True">
								<PolyLine LineColor="#FF000000">
									<Point X="52.373474" Y="487.03052" />
									<Point X="542.37646" Y="487.03052" />
								</PolyLine>
								<PolyLine LineColor="#FF000000">
									<Point X="542.37646" Y="487.03052" />
									<Point X="542.37646" Y="469.1255" />
								</PolyLine>
								<PolyLine LineColor="#FF000000">
									<Point X="542.37646" Y="469.1255" />
									<Point X="52.373474" Y="469.1255" />
								</PolyLine>
							</PathFigure>
						</Path>
						<Path FillMode="Winding" RenderTransform="1 0 0 -1 0 842">
							<Brush>
								<SolidBrush Color="#FFFFFFFF" />
							</Brush>
							<PathFigure IsClosed="True">
								<PolyLine LineColor="#FF000000">
									<Point X="52.373474" Y="469.72217" />
									<Point X="542.37646" Y="469.72217" />
								</PolyLine>
								<PolyLine LineColor="#FF000000">
									<Point X="542.37646" Y="469.72217" />
									<Point X="542.37646" Y="469.1255" />
								</PolyLine>
								<PolyLine LineColor="#FF000000">
									<Point X="542.37646" Y="469.1255" />
									<Point X="52.373474" Y="469.1255" />
								</PolyLine>
							</PathFigure>
						</Path>
						<Path FillMode="Winding" RenderTransform="1 0 0 -1 0 842">
							<Brush>
								<SolidBrush Color="#FFFFFFFF" />
							</Brush>
							<PathFigure IsClosed="True">
								<PolyLine LineColor="#FF000000">
									<Point X="52.373474" Y="487.03052" />
									<Point X="52.970306" Y="487.03052" />
								</PolyLine>
								<PolyLine LineColor="#FF000000">
									<Point X="52.970306" Y="487.03052" />
									<Point X="52.970306" Y="469.1255" />
								</PolyLine>
								<PolyLine LineColor="#FF000000">
									<Point X="52.970306" Y="469.1255" />
									<Point X="52.373474" Y="469.1255" />
								</PolyLine>
							</PathFigure>
						</Path>
						<Path FillMode="Winding" RenderTransform="1 0 0 -1 0 842">
							<Brush>
								<SolidBrush Color="#FF005F7F" />
							</Brush>
							<PathFigure IsClosed="True">
								<PolyLine LineColor="#FF000000">
									<Point X="52.373474" Y="443.46143" />
									<Point X="488.06433" Y="443.46143" />
								</PolyLine>
								<PolyLine LineColor="#FF000000">
									<Point X="488.06433" Y="443.46143" />
									<Point X="488.06433" Y="442.86475" />
								</PolyLine>
								<PolyLine LineColor="#FF000000">
									<Point X="488.06433" Y="442.86475" />
									<Point X="52.373474" Y="442.86475" />
								</PolyLine>
							</PathFigure>
						</Path>
						<Path FillMode="Winding" RenderTransform="1 0 0 -1 0 842">
							<Brush>
								<SolidBrush Color="#FF005F7F" />
							</Brush>
							<PathFigure IsClosed="True">
								<PolyLine LineColor="#FF000000">
									<Point X="489.85486" Y="443.46115" />
									<Point X="489.25806" Y="442.86432" />
								</PolyLine>
								<PolyLine LineColor="#FF000000">
									<Point X="489.25806" Y="442.86432" />
									<Point X="542.3765" Y="442.86432" />
								</PolyLine>
								<PolyLine LineColor="#FF000000">
									<Point X="542.3765" Y="442.86432" />
									<Point X="542.3765" Y="443.46115" />
								</PolyLine>
								<PolyLine LineColor="#FF000000">
									<Point X="542.3765" Y="443.46115" />
									<Point X="489.85486" Y="443.46115" />
								</PolyLine>
							</PathFigure>
						</Path>
						<Path FillMode="Winding" RenderTransform="1 0 0 -1 0 842">
							<Brush>
								<SolidBrush Color="#FF939598" />
							</Brush>
							<PathFigure IsClosed="True">
								<PolyLine LineColor="#FF000000">
									<Point X="489.25806" Y="466.7378" />
									<Point X="489.25806" Y="442.86432" />
								</PolyLine>
								<PolyLine LineColor="#FF000000">
									<Point X="489.25806" Y="442.86432" />
									<Point X="489.85486" Y="443.46115" />
								</PolyLine>
								<PolyLine LineColor="#FF000000">
									<Point X="489.85486" Y="443.46115" />
									<Point X="489.85486" Y="466.7378" />
								</PolyLine>
								<PolyLine LineColor="#FF000000">
									<Point X="489.85486" Y="466.7378" />
									<Point X="489.25806" Y="466.7378" />
								</PolyLine>
							</PathFigure>
						</Path>
					</Canvas>
					<Canvas>
						<Clip>
							<Path FillMode="Alternate">
								<PathFigure IsClosed="True">
									<PolyLine LineColor="#FF000000">
										<Point X="28.5" Y="28.5" />
										<Point X="566.25" Y="28.5" />
									</PolyLine>
									<PolyLine LineColor="#FF000000">
										<Point X="566.25" Y="28.5" />
										<Point X="566.25" Y="813.3404" />
									</PolyLine>
									<PolyLine LineColor="#FF000000">
										<Point X="566.25" Y="813.3404" />
										<Point X="28.5" Y="813.3404" />
									</PolyLine>
									<PolyLine LineColor="#FF000000">
										<Point X="28.5" Y="813.3404" />
										<Point X="28.5" Y="28.5" />
									</PolyLine>
								</PathFigure>
							</Path>
						</Clip>
						<Canvas>
							<Clip>
								<Path FillMode="Winding">
									<PathFigure IsClosed="False">
										<PolyLine LineColor="#FF000000">
											<Point X="52.373474" Y="412.26608" />
											<Point X="52.373474" Y="411.66925" />
										</PolyLine>
										<PolyLine LineColor="#FF000000">
											<Point X="52.373474" Y="411.66925" />
											<Point X="488.0644" Y="411.66925" />
										</PolyLine>
										<PolyLine LineColor="#FF000000">
											<Point X="488.0644" Y="411.66925" />
											<Point X="488.0644" Y="412.26608" />
										</PolyLine>
									</PathFigure>
								</Path>
							</Clip>
							<Path FillMode="Winding" RenderTransform="1 0 0 -1 0 842">
								<Brush>
									<SolidBrush Color="#FF706E74" />
								</Brush>
								<PathFigure IsClosed="True">
									<PolyLine LineColor="#FF000000">
										<Point X="52.373474" Y="430.33105" />
										<Point X="52.970306" Y="430.33105" />
									</PolyLine>
									<PolyLine LineColor="#FF000000">
										<Point X="52.970306" Y="430.33105" />
										<Point X="52.970306" Y="429.73413" />
									</PolyLine>
									<PolyLine LineColor="#FF000000">
										<Point X="52.970306" Y="429.73413" />
										<Point X="52.373474" Y="429.73413" />
									</PolyLine>
								</PathFigure>
							</Path>
							<Path FillMode="Winding" RenderTransform="1 0 0 -1 0 842">
								<Brush>
									<SolidBrush Color="#FF706E74" />
								</Brush>
								<PathFigure IsClosed="True">
									<PolyLine LineColor="#FF000000">
										<Point X="487.4675" Y="430.33105" />
										<Point X="488.06433" Y="430.33105" />
									</PolyLine>
									<PolyLine LineColor="#FF000000">
										<Point X="488.06433" Y="430.33105" />
										<Point X="488.06433" Y="429.73413" />
									</PolyLine>
									<PolyLine LineColor="#FF000000">
										<Point X="488.06433" Y="429.73413" />
										<Point X="487.4675" Y="429.73413" />
									</PolyLine>
								</PathFigure>
							</Path>
							<Path FillMode="Alternate" RenderTransform="1 0 0 -1 0 842">
								<Pen Alignment="Center" DashCap="Flat" DashOffset="0" DashPattern="0.5968368 0.5968368" DashStyle="Custom" EndCap="Flat" LineJoin="Miter" MiterLimit="10" StartCap="Flat" Width="0.5968368">
									<Brush>
										<SolidBrush Color="#FF706E74" />
									</Brush>
								</Pen>
								<PathFigure IsClosed="False">
									<PolyLine LineColor="#FF000000">
										<Point X="52.970306" Y="430.0327" />
										<Point X="487.4675" Y="430.0327" />
									</PolyLine>
								</PathFigure>
							</Path>
						</Canvas>
					</Canvas>
					<Canvas>
						<Clip>
							<Path FillMode="Alternate">
								<PathFigure IsClosed="True">
									<PolyLine LineColor="#FF000000">
										<Point X="28.5" Y="28.5" />
										<Point X="566.25" Y="28.5" />
									</PolyLine>
									<PolyLine LineColor="#FF000000">
										<Point X="566.25" Y="28.5" />
										<Point X="566.25" Y="813.3404" />
									</PolyLine>
									<PolyLine LineColor="#FF000000">
										<Point X="566.25" Y="813.3404" />
										<Point X="28.5" Y="813.3404" />
									</PolyLine>
									<PolyLine LineColor="#FF000000">
										<Point X="28.5" Y="813.3404" />
										<Point X="28.5" Y="28.5" />
									</PolyLine>
								</PathFigure>
							</Path>
						</Clip>
					</Canvas>
					<Canvas>
						<Clip>
							<Path FillMode="Alternate">
								<PathFigure IsClosed="True">
									<PolyLine LineColor="#FF000000">
										<Point X="28.5" Y="28.5" />
										<Point X="566.25" Y="28.5" />
									</PolyLine>
									<PolyLine LineColor="#FF000000">
										<Point X="566.25" Y="28.5" />
										<Point X="566.25" Y="813.3404" />
									</PolyLine>
									<PolyLine LineColor="#FF000000">
										<Point X="566.25" Y="813.3404" />
										<Point X="28.5" Y="813.3404" />
									</PolyLine>
									<PolyLine LineColor="#FF000000">
										<Point X="28.5" Y="813.3404" />
										<Point X="28.5" Y="28.5" />
									</PolyLine>
								</PathFigure>
							</Path>
						</Clip>
						<Canvas>
							<Clip>
								<Path FillMode="Winding">
									<PathFigure IsClosed="False">
										<PolyLine LineColor="#FF000000">
											<Point X="489.25806" Y="412.26608" />
											<Point X="489.85486" Y="411.66925" />
										</PolyLine>
										<PolyLine LineColor="#FF000000">
											<Point X="489.85486" Y="411.66925" />
											<Point X="542.3765" Y="411.66925" />
										</PolyLine>
										<PolyLine LineColor="#FF000000">
											<Point X="542.3765" Y="411.66925" />
											<Point X="542.3765" Y="412.26608" />
										</PolyLine>
									</PathFigure>
								</Path>
							</Clip>
							<Path FillMode="Winding" RenderTransform="1 0 0 -1 0 842">
								<Brush>
									<SolidBrush Color="#FF706E74" />
								</Brush>
								<PathFigure IsClosed="True">
									<PolyLine LineColor="#FF000000">
										<Point X="489.25803" Y="430.33105" />
										<Point X="489.85486" Y="430.33105" />
									</PolyLine>
									<PolyLine LineColor="#FF000000">
										<Point X="489.85486" Y="430.33105" />
										<Point X="489.85486" Y="429.73413" />
									</PolyLine>
									<PolyLine LineColor="#FF000000">
										<Point X="489.85486" Y="429.73413" />
										<Point X="489.25803" Y="429.73413" />
									</PolyLine>
								</PathFigure>
							</Path>
							<Path FillMode="Winding" RenderTransform="1 0 0 -1 0 842">
								<Brush>
									<SolidBrush Color="#FF706E74" />
								</Brush>
								<PathFigure IsClosed="True">
									<PolyLine LineColor="#FF000000">
										<Point X="541.77966" Y="430.33105" />
										<Point X="542.37646" Y="430.33105" />
									</PolyLine>
									<PolyLine LineColor="#FF000000">
										<Point X="542.37646" Y="430.33105" />
										<Point X="542.37646" Y="429.73413" />
									</PolyLine>
									<PolyLine LineColor="#FF000000">
										<Point X="542.37646" Y="429.73413" />
										<Point X="541.77966" Y="429.73413" />
									</PolyLine>
								</PathFigure>
							</Path>
							<Path FillMode="Alternate" RenderTransform="1 0 0 -1 0 842">
								<Pen Alignment="Center" DashCap="Flat" DashOffset="0" DashPattern="0.5968368 0.5968368" DashStyle="Custom" EndCap="Flat" LineJoin="Miter" MiterLimit="10" StartCap="Flat" Width="0.5968368">
									<Brush>
										<SolidBrush Color="#FF706E74" />
									</Brush>
								</Pen>
								<PathFigure IsClosed="False">
									<PolyLine LineColor="#FF000000">
										<Point X="489.85486" Y="430.0327" />
										<Point X="541.77966" Y="430.0327" />
									</PolyLine>
								</PathFigure>
							</Path>
						</Canvas>
					</Canvas>
					<Canvas>
						<Clip>
							<Path FillMode="Alternate">
								<PathFigure IsClosed="True">
									<PolyLine LineColor="#FF000000">
										<Point X="28.5" Y="28.5" />
										<Point X="566.25" Y="28.5" />
									</PolyLine>
									<PolyLine LineColor="#FF000000">
										<Point X="566.25" Y="28.5" />
										<Point X="566.25" Y="813.3404" />
									</PolyLine>
									<PolyLine LineColor="#FF000000">
										<Point X="566.25" Y="813.3404" />
										<Point X="28.5" Y="813.3404" />
									</PolyLine>
									<PolyLine LineColor="#FF000000">
										<Point X="28.5" Y="813.3404" />
										<Point X="28.5" Y="28.5" />
									</PolyLine>
								</PathFigure>
							</Path>
						</Clip>
						<Path FillMode="Winding" RenderTransform="1 0 0 -1 0 842">
							<Brush>
								<SolidBrush Color="#FF939598" />
							</Brush>
							<PathFigure IsClosed="True">
								<PolyLine LineColor="#FF000000">
									<Point X="489.25806" Y="441.67065" />
									<Point X="489.25806" Y="429.73392" />
								</PolyLine>
								<PolyLine LineColor="#FF000000">
									<Point X="489.25806" Y="429.73392" />
									<Point X="489.85486" Y="430.33075" />
								</PolyLine>
								<PolyLine LineColor="#FF000000">
									<Point X="489.85486" Y="430.33075" />
									<Point X="489.85486" Y="441.67065" />
								</PolyLine>
								<PolyLine LineColor="#FF000000">
									<Point X="489.85486" Y="441.67065" />
									<Point X="489.25806" Y="441.67065" />
								</PolyLine>
							</PathFigure>
						</Path>
					</Canvas>
					<Canvas>
						<Clip>
							<Path FillMode="Alternate">
								<PathFigure IsClosed="True">
									<PolyLine LineColor="#FF000000">
										<Point X="28.5" Y="28.5" />
										<Point X="566.25" Y="28.5" />
									</PolyLine>
									<PolyLine LineColor="#FF000000">
										<Point X="566.25" Y="28.5" />
										<Point X="566.25" Y="813.3404" />
									</PolyLine>
									<PolyLine LineColor="#FF000000">
										<Point X="566.25" Y="813.3404" />
										<Point X="28.5" Y="813.3404" />
									</PolyLine>
									<PolyLine LineColor="#FF000000">
										<Point X="28.5" Y="813.3404" />
										<Point X="28.5" Y="28.5" />
									</PolyLine>
								</PathFigure>
							</Path>
						</Clip>
						<Canvas>
							<Clip>
								<Path FillMode="Winding">
									<PathFigure IsClosed="False">
										<PolyLine LineColor="#FF000000">
											<Point X="52.373474" Y="425.39648" />
											<Point X="52.373474" Y="424.79965" />
										</PolyLine>
										<PolyLine LineColor="#FF000000">
											<Point X="52.373474" Y="424.79965" />
											<Point X="488.0644" Y="424.79965" />
										</PolyLine>
										<PolyLine LineColor="#FF000000">
											<Point X="488.0644" Y="424.79965" />
											<Point X="488.0644" Y="425.39648" />
										</PolyLine>
									</PathFigure>
								</Path>
							</Clip>
							<Path FillMode="Winding" RenderTransform="1 0 0 -1 0 842">
								<Brush>
									<SolidBrush Color="#FF706E74" />
								</Brush>
								<PathFigure IsClosed="True">
									<PolyLine LineColor="#FF000000">
										<Point X="52.373474" Y="417.20068" />
										<Point X="52.970306" Y="417.20068" />
									</PolyLine>
									<PolyLine LineColor="#FF000000">
										<Point X="52.970306" Y="417.20068" />
										<Point X="52.970306" Y="416.60376" />
									</PolyLine>
									<PolyLine LineColor="#FF000000">
										<Point X="52.970306" Y="416.60376" />
										<Point X="52.373474" Y="416.60376" />
									</PolyLine>
								</PathFigure>
							</Path>
							<Path FillMode="Winding" RenderTransform="1 0 0 -1 0 842">
								<Brush>
									<SolidBrush Color="#FF706E74" />
								</Brush>
								<PathFigure IsClosed="True">
									<PolyLine LineColor="#FF000000">
										<Point X="487.4675" Y="417.20068" />
										<Point X="488.06433" Y="417.20068" />
									</PolyLine>
									<PolyLine LineColor="#FF000000">
										<Point X="488.06433" Y="417.20068" />
										<Point X="488.06433" Y="416.60376" />
									</PolyLine>
									<PolyLine LineColor="#FF000000">
										<Point X="488.06433" Y="416.60376" />
										<Point X="487.4675" Y="416.60376" />
									</PolyLine>
								</PathFigure>
							</Path>
							<Path FillMode="Alternate" RenderTransform="1 0 0 -1 0 842">
								<Pen Alignment="Center" DashCap="Flat" DashOffset="0" DashPattern="0.5968368 0.5968368" DashStyle="Custom" EndCap="Flat" LineJoin="Miter" MiterLimit="10" StartCap="Flat" Width="0.5968368">
									<Brush>
										<SolidBrush Color="#FF706E74" />
									</Brush>
								</Pen>
								<PathFigure IsClosed="False">
									<PolyLine LineColor="#FF000000">
										<Point X="52.970306" Y="416.90234" />
										<Point X="487.4675" Y="416.90234" />
									</PolyLine>
								</PathFigure>
							</Path>
						</Canvas>
					</Canvas>
					<Canvas>
						<Clip>
							<Path FillMode="Alternate">
								<PathFigure IsClosed="True">
									<PolyLine LineColor="#FF000000">
										<Point X="28.5" Y="28.5" />
										<Point X="566.25" Y="28.5" />
									</PolyLine>
									<PolyLine LineColor="#FF000000">
										<Point X="566.25" Y="28.5" />
										<Point X="566.25" Y="813.3404" />
									</PolyLine>
									<PolyLine LineColor="#FF000000">
										<Point X="566.25" Y="813.3404" />
										<Point X="28.5" Y="813.3404" />
									</PolyLine>
									<PolyLine LineColor="#FF000000">
										<Point X="28.5" Y="813.3404" />
										<Point X="28.5" Y="28.5" />
									</PolyLine>
								</PathFigure>
							</Path>
						</Clip>
					</Canvas>
					<Canvas>
						<Clip>
							<Path FillMode="Alternate">
								<PathFigure IsClosed="True">
									<PolyLine LineColor="#FF000000">
										<Point X="28.5" Y="28.5" />
										<Point X="566.25" Y="28.5" />
									</PolyLine>
									<PolyLine LineColor="#FF000000">
										<Point X="566.25" Y="28.5" />
										<Point X="566.25" Y="813.3404" />
									</PolyLine>
									<PolyLine LineColor="#FF000000">
										<Point X="566.25" Y="813.3404" />
										<Point X="28.5" Y="813.3404" />
									</PolyLine>
									<PolyLine LineColor="#FF000000">
										<Point X="28.5" Y="813.3404" />
										<Point X="28.5" Y="28.5" />
									</PolyLine>
								</PathFigure>
							</Path>
						</Clip>
						<Canvas>
							<Clip>
								<Path FillMode="Winding">
									<PathFigure IsClosed="False">
										<PolyLine LineColor="#FF000000">
											<Point X="489.25806" Y="425.39648" />
											<Point X="489.85486" Y="424.79965" />
										</PolyLine>
										<PolyLine LineColor="#FF000000">
											<Point X="489.85486" Y="424.79965" />
											<Point X="542.3765" Y="424.79965" />
										</PolyLine>
										<PolyLine LineColor="#FF000000">
											<Point X="542.3765" Y="424.79965" />
											<Point X="542.3765" Y="425.39648" />
										</PolyLine>
									</PathFigure>
								</Path>
							</Clip>
							<Path FillMode="Winding" RenderTransform="1 0 0 -1 0 842">
								<Brush>
									<SolidBrush Color="#FF706E74" />
								</Brush>
								<PathFigure IsClosed="True">
									<PolyLine LineColor="#FF000000">
										<Point X="489.25803" Y="417.20068" />
										<Point X="489.85486" Y="417.20068" />
									</PolyLine>
									<PolyLine LineColor="#FF000000">
										<Point X="489.85486" Y="417.20068" />
										<Point X="489.85486" Y="416.60376" />
									</PolyLine>
									<PolyLine LineColor="#FF000000">
										<Point X="489.85486" Y="416.60376" />
										<Point X="489.25803" Y="416.60376" />
									</PolyLine>
								</PathFigure>
							</Path>
							<Path FillMode="Winding" RenderTransform="1 0 0 -1 0 842">
								<Brush>
									<SolidBrush Color="#FF706E74" />
								</Brush>
								<PathFigure IsClosed="True">
									<PolyLine LineColor="#FF000000">
										<Point X="541.77966" Y="417.20068" />
										<Point X="542.37646" Y="417.20068" />
									</PolyLine>
									<PolyLine LineColor="#FF000000">
										<Point X="542.37646" Y="417.20068" />
										<Point X="542.37646" Y="416.60376" />
									</PolyLine>
									<PolyLine LineColor="#FF000000">
										<Point X="542.37646" Y="416.60376" />
										<Point X="541.77966" Y="416.60376" />
									</PolyLine>
								</PathFigure>
							</Path>
							<Path FillMode="Alternate" RenderTransform="1 0 0 -1 0 842">
								<Pen Alignment="Center" DashCap="Flat" DashOffset="0" DashPattern="0.5968368 0.5968368" DashStyle="Custom" EndCap="Flat" LineJoin="Miter" MiterLimit="10" StartCap="Flat" Width="0.5968368">
									<Brush>
										<SolidBrush Color="#FF706E74" />
									</Brush>
								</Pen>
								<PathFigure IsClosed="False">
									<PolyLine LineColor="#FF000000">
										<Point X="489.85486" Y="416.90234" />
										<Point X="541.77966" Y="416.90234" />
									</PolyLine>
								</PathFigure>
							</Path>
						</Canvas>
					</Canvas>
					<Canvas>
						<Clip>
							<Path FillMode="Alternate">
								<PathFigure IsClosed="True">
									<PolyLine LineColor="#FF000000">
										<Point X="28.5" Y="28.5" />
										<Point X="566.25" Y="28.5" />
									</PolyLine>
									<PolyLine LineColor="#FF000000">
										<Point X="566.25" Y="28.5" />
										<Point X="566.25" Y="813.3404" />
									</PolyLine>
									<PolyLine LineColor="#FF000000">
										<Point X="566.25" Y="813.3404" />
										<Point X="28.5" Y="813.3404" />
									</PolyLine>
									<PolyLine LineColor="#FF000000">
										<Point X="28.5" Y="813.3404" />
										<Point X="28.5" Y="28.5" />
									</PolyLine>
								</PathFigure>
							</Path>
						</Clip>
						<Path FillMode="Winding" RenderTransform="1 0 0 -1 0 842">
							<Brush>
								<SolidBrush Color="#FF939598" />
							</Brush>
							<PathFigure IsClosed="True">
								<PolyLine LineColor="#FF000000">
									<Point X="489.25806" Y="428.54025" />
									<Point X="489.25806" Y="416.60352" />
								</PolyLine>
								<PolyLine LineColor="#FF000000">
									<Point X="489.25806" Y="416.60352" />
									<Point X="489.85486" Y="417.20035" />
								</PolyLine>
								<PolyLine LineColor="#FF000000">
									<Point X="489.85486" Y="417.20035" />
									<Point X="489.85486" Y="428.54025" />
								</PolyLine>
								<PolyLine LineColor="#FF000000">
									<Point X="489.85486" Y="428.54025" />
									<Point X="489.25806" Y="428.54025" />
								</PolyLine>
							</PathFigure>
						</Path>
					</Canvas>
					<Canvas>
						<Clip>
							<Path FillMode="Alternate">
								<PathFigure IsClosed="True">
									<PolyLine LineColor="#FF000000">
										<Point X="28.5" Y="28.5" />
										<Point X="566.25" Y="28.5" />
									</PolyLine>
									<PolyLine LineColor="#FF000000">
										<Point X="566.25" Y="28.5" />
										<Point X="566.25" Y="813.3404" />
									</PolyLine>
									<PolyLine LineColor="#FF000000">
										<Point X="566.25" Y="813.3404" />
										<Point X="28.5" Y="813.3404" />
									</PolyLine>
									<PolyLine LineColor="#FF000000">
										<Point X="28.5" Y="813.3404" />
										<Point X="28.5" Y="28.5" />
									</PolyLine>
								</PathFigure>
							</Path>
						</Clip>
						<Canvas>
							<Clip>
								<Path FillMode="Winding">
									<PathFigure IsClosed="False">
										<PolyLine LineColor="#FF000000">
											<Point X="52.373474" Y="438.5269" />
											<Point X="52.373474" Y="437.93005" />
										</PolyLine>
										<PolyLine LineColor="#FF000000">
											<Point X="52.373474" Y="437.93005" />
											<Point X="488.0644" Y="437.93005" />
										</PolyLine>
										<PolyLine LineColor="#FF000000">
											<Point X="488.0644" Y="437.93005" />
											<Point X="488.0644" Y="438.5269" />
										</PolyLine>
									</PathFigure>
								</Path>
							</Clip>
							<Path FillMode="Winding" RenderTransform="1 0 0 -1 0 842">
								<Brush>
									<SolidBrush Color="#FF706E74" />
								</Brush>
								<PathFigure IsClosed="True">
									<PolyLine LineColor="#FF000000">
										<Point X="52.373474" Y="404.0703" />
										<Point X="52.970306" Y="404.0703" />
									</PolyLine>
									<PolyLine LineColor="#FF000000">
										<Point X="52.970306" Y="404.0703" />
										<Point X="52.970306" Y="403.4734" />
									</PolyLine>
									<PolyLine LineColor="#FF000000">
										<Point X="52.970306" Y="403.4734" />
										<Point X="52.373474" Y="403.4734" />
									</PolyLine>
								</PathFigure>
							</Path>
							<Path FillMode="Winding" RenderTransform="1 0 0 -1 0 842">
								<Brush>
									<SolidBrush Color="#FF706E74" />
								</Brush>
								<PathFigure IsClosed="True">
									<PolyLine LineColor="#FF000000">
										<Point X="487.4675" Y="404.0703" />
										<Point X="488.06433" Y="404.0703" />
									</PolyLine>
									<PolyLine LineColor="#FF000000">
										<Point X="488.06433" Y="404.0703" />
										<Point X="488.06433" Y="403.4734" />
									</PolyLine>
									<PolyLine LineColor="#FF000000">
										<Point X="488.06433" Y="403.4734" />
										<Point X="487.4675" Y="403.4734" />
									</PolyLine>
								</PathFigure>
							</Path>
							<Path FillMode="Alternate" RenderTransform="1 0 0 -1 0 842">
								<Pen Alignment="Center" DashCap="Flat" DashOffset="0" DashPattern="0.5968368 0.5968368" DashStyle="Custom" EndCap="Flat" LineJoin="Miter" MiterLimit="10" StartCap="Flat" Width="0.5968368">
									<Brush>
										<SolidBrush Color="#FF706E74" />
									</Brush>
								</Pen>
								<PathFigure IsClosed="False">
									<PolyLine LineColor="#FF000000">
										<Point X="52.970306" Y="403.77173" />
										<Point X="487.4675" Y="403.77173" />
									</PolyLine>
								</PathFigure>
							</Path>
						</Canvas>
					</Canvas>
					<Canvas>
						<Clip>
							<Path FillMode="Alternate">
								<PathFigure IsClosed="True">
									<PolyLine LineColor="#FF000000">
										<Point X="28.5" Y="28.5" />
										<Point X="566.25" Y="28.5" />
									</PolyLine>
									<PolyLine LineColor="#FF000000">
										<Point X="566.25" Y="28.5" />
										<Point X="566.25" Y="813.3404" />
									</PolyLine>
									<PolyLine LineColor="#FF000000">
										<Point X="566.25" Y="813.3404" />
										<Point X="28.5" Y="813.3404" />
									</PolyLine>
									<PolyLine LineColor="#FF000000">
										<Point X="28.5" Y="813.3404" />
										<Point X="28.5" Y="28.5" />
									</PolyLine>
								</PathFigure>
							</Path>
						</Clip>
					</Canvas>
					<Canvas>
						<Clip>
							<Path FillMode="Alternate">
								<PathFigure IsClosed="True">
									<PolyLine LineColor="#FF000000">
										<Point X="28.5" Y="28.5" />
										<Point X="566.25" Y="28.5" />
									</PolyLine>
									<PolyLine LineColor="#FF000000">
										<Point X="566.25" Y="28.5" />
										<Point X="566.25" Y="813.3404" />
									</PolyLine>
									<PolyLine LineColor="#FF000000">
										<Point X="566.25" Y="813.3404" />
										<Point X="28.5" Y="813.3404" />
									</PolyLine>
									<PolyLine LineColor="#FF000000">
										<Point X="28.5" Y="813.3404" />
										<Point X="28.5" Y="28.5" />
									</PolyLine>
								</PathFigure>
							</Path>
						</Clip>
						<Canvas>
							<Clip>
								<Path FillMode="Winding">
									<PathFigure IsClosed="False">
										<PolyLine LineColor="#FF000000">
											<Point X="489.25806" Y="438.5269" />
											<Point X="489.85486" Y="437.93005" />
										</PolyLine>
										<PolyLine LineColor="#FF000000">
											<Point X="489.85486" Y="437.93005" />
											<Point X="542.3765" Y="437.93005" />
										</PolyLine>
										<PolyLine LineColor="#FF000000">
											<Point X="542.3765" Y="437.93005" />
											<Point X="542.3765" Y="438.5269" />
										</PolyLine>
									</PathFigure>
								</Path>
							</Clip>
							<Path FillMode="Winding" RenderTransform="1 0 0 -1 0 842">
								<Brush>
									<SolidBrush Color="#FF706E74" />
								</Brush>
								<PathFigure IsClosed="True">
									<PolyLine LineColor="#FF000000">
										<Point X="489.25803" Y="404.0703" />
										<Point X="489.85486" Y="404.0703" />
									</PolyLine>
									<PolyLine LineColor="#FF000000">
										<Point X="489.85486" Y="404.0703" />
										<Point X="489.85486" Y="403.4734" />
									</PolyLine>
									<PolyLine LineColor="#FF000000">
										<Point X="489.85486" Y="403.4734" />
										<Point X="489.25803" Y="403.4734" />
									</PolyLine>
								</PathFigure>
							</Path>
							<Path FillMode="Winding" RenderTransform="1 0 0 -1 0 842">
								<Brush>
									<SolidBrush Color="#FF706E74" />
								</Brush>
								<PathFigure IsClosed="True">
									<PolyLine LineColor="#FF000000">
										<Point X="541.77966" Y="404.0703" />
										<Point X="542.37646" Y="404.0703" />
									</PolyLine>
									<PolyLine LineColor="#FF000000">
										<Point X="542.37646" Y="404.0703" />
										<Point X="542.37646" Y="403.4734" />
									</PolyLine>
									<PolyLine LineColor="#FF000000">
										<Point X="542.37646" Y="403.4734" />
										<Point X="541.77966" Y="403.4734" />
									</PolyLine>
								</PathFigure>
							</Path>
							<Path FillMode="Alternate" RenderTransform="1 0 0 -1 0 842">
								<Pen Alignment="Center" DashCap="Flat" DashOffset="0" DashPattern="0.5968368 0.5968368" DashStyle="Custom" EndCap="Flat" LineJoin="Miter" MiterLimit="10" StartCap="Flat" Width="0.5968368">
									<Brush>
										<SolidBrush Color="#FF706E74" />
									</Brush>
								</Pen>
								<PathFigure IsClosed="False">
									<PolyLine LineColor="#FF000000">
										<Point X="489.85486" Y="403.77173" />
										<Point X="541.77966" Y="403.77173" />
									</PolyLine>
								</PathFigure>
							</Path>
						</Canvas>
					</Canvas>
					<Canvas>
						<Clip>
							<Path FillMode="Alternate">
								<PathFigure IsClosed="True">
									<PolyLine LineColor="#FF000000">
										<Point X="28.5" Y="28.5" />
										<Point X="566.25" Y="28.5" />
									</PolyLine>
									<PolyLine LineColor="#FF000000">
										<Point X="566.25" Y="28.5" />
										<Point X="566.25" Y="813.3404" />
									</PolyLine>
									<PolyLine LineColor="#FF000000">
										<Point X="566.25" Y="813.3404" />
										<Point X="28.5" Y="813.3404" />
									</PolyLine>
									<PolyLine LineColor="#FF000000">
										<Point X="28.5" Y="813.3404" />
										<Point X="28.5" Y="28.5" />
									</PolyLine>
								</PathFigure>
							</Path>
						</Clip>
						<Path FillMode="Winding" RenderTransform="1 0 0 -1 0 842">
							<Brush>
								<SolidBrush Color="#FF939598" />
							</Brush>
							<PathFigure IsClosed="True">
								<PolyLine LineColor="#FF000000">
									<Point X="489.25806" Y="415.40985" />
									<Point X="489.25806" Y="403.4731" />
								</PolyLine>
								<PolyLine LineColor="#FF000000">
									<Point X="489.25806" Y="403.4731" />
									<Point X="489.85486" Y="404.06995" />
								</PolyLine>
								<PolyLine LineColor="#FF000000">
									<Point X="489.85486" Y="404.06995" />
									<Point X="489.85486" Y="415.40985" />
								</PolyLine>
								<PolyLine LineColor="#FF000000">
									<Point X="489.85486" Y="415.40985" />
									<Point X="489.25806" Y="415.40985" />
								</PolyLine>
							</PathFigure>
						</Path>
					</Canvas>
					<Canvas>
						<Clip>
							<Path FillMode="Alternate">
								<PathFigure IsClosed="True">
									<PolyLine LineColor="#FF000000">
										<Point X="28.5" Y="28.5" />
										<Point X="566.25" Y="28.5" />
									</PolyLine>
									<PolyLine LineColor="#FF000000">
										<Point X="566.25" Y="28.5" />
										<Point X="566.25" Y="813.3404" />
									</PolyLine>
									<PolyLine LineColor="#FF000000">
										<Point X="566.25" Y="813.3404" />
										<Point X="28.5" Y="813.3404" />
									</PolyLine>
									<PolyLine LineColor="#FF000000">
										<Point X="28.5" Y="813.3404" />
										<Point X="28.5" Y="28.5" />
									</PolyLine>
								</PathFigure>
							</Path>
						</Clip>
						<Canvas>
							<Clip>
								<Path FillMode="Winding">
									<PathFigure IsClosed="False">
										<PolyLine LineColor="#FF000000">
											<Point X="52.373474" Y="451.65735" />
											<Point X="52.373474" Y="451.0605" />
										</PolyLine>
										<PolyLine LineColor="#FF000000">
											<Point X="52.373474" Y="451.0605" />
											<Point X="488.0644" Y="451.0605" />
										</PolyLine>
										<PolyLine LineColor="#FF000000">
											<Point X="488.0644" Y="451.0605" />
											<Point X="488.0644" Y="451.65735" />
										</PolyLine>
									</PathFigure>
								</Path>
							</Clip>
							<Path FillMode="Winding" RenderTransform="1 0 0 -1 0 842">
								<Brush>
									<SolidBrush Color="#FF706E74" />
								</Brush>
								<PathFigure IsClosed="True">
									<PolyLine LineColor="#FF000000">
										<Point X="52.373474" Y="390.93994" />
										<Point X="52.970306" Y="390.93994" />
									</PolyLine>
									<PolyLine LineColor="#FF000000">
										<Point X="52.970306" Y="390.93994" />
										<Point X="52.970306" Y="390.34302" />
									</PolyLine>
									<PolyLine LineColor="#FF000000">
										<Point X="52.970306" Y="390.34302" />
										<Point X="52.373474" Y="390.34302" />
									</PolyLine>
								</PathFigure>
							</Path>
							<Path FillMode="Winding" RenderTransform="1 0 0 -1 0 842">
								<Brush>
									<SolidBrush Color="#FF706E74" />
								</Brush>
								<PathFigure IsClosed="True">
									<PolyLine LineColor="#FF000000">
										<Point X="487.4675" Y="390.93994" />
										<Point X="488.06433" Y="390.93994" />
									</PolyLine>
									<PolyLine LineColor="#FF000000">
										<Point X="488.06433" Y="390.93994" />
										<Point X="488.06433" Y="390.34302" />
									</PolyLine>
									<PolyLine LineColor="#FF000000">
										<Point X="488.06433" Y="390.34302" />
										<Point X="487.4675" Y="390.34302" />
									</PolyLine>
								</PathFigure>
							</Path>
							<Path FillMode="Alternate" RenderTransform="1 0 0 -1 0 842">
								<Pen Alignment="Center" DashCap="Flat" DashOffset="0" DashPattern="0.5968368 0.5968368" DashStyle="Custom" EndCap="Flat" LineJoin="Miter" MiterLimit="10" StartCap="Flat" Width="0.5968368">
									<Brush>
										<SolidBrush Color="#FF706E74" />
									</Brush>
								</Pen>
								<PathFigure IsClosed="False">
									<PolyLine LineColor="#FF000000">
										<Point X="52.970306" Y="390.64136" />
										<Point X="487.4675" Y="390.64136" />
									</PolyLine>
								</PathFigure>
							</Path>
						</Canvas>
					</Canvas>
					<Canvas>
						<Clip>
							<Path FillMode="Alternate">
								<PathFigure IsClosed="True">
									<PolyLine LineColor="#FF000000">
										<Point X="28.5" Y="28.5" />
										<Point X="566.25" Y="28.5" />
									</PolyLine>
									<PolyLine LineColor="#FF000000">
										<Point X="566.25" Y="28.5" />
										<Point X="566.25" Y="813.3404" />
									</PolyLine>
									<PolyLine LineColor="#FF000000">
										<Point X="566.25" Y="813.3404" />
										<Point X="28.5" Y="813.3404" />
									</PolyLine>
									<PolyLine LineColor="#FF000000">
										<Point X="28.5" Y="813.3404" />
										<Point X="28.5" Y="28.5" />
									</PolyLine>
								</PathFigure>
							</Path>
						</Clip>
					</Canvas>
					<Canvas>
						<Clip>
							<Path FillMode="Alternate">
								<PathFigure IsClosed="True">
									<PolyLine LineColor="#FF000000">
										<Point X="28.5" Y="28.5" />
										<Point X="566.25" Y="28.5" />
									</PolyLine>
									<PolyLine LineColor="#FF000000">
										<Point X="566.25" Y="28.5" />
										<Point X="566.25" Y="813.3404" />
									</PolyLine>
									<PolyLine LineColor="#FF000000">
										<Point X="566.25" Y="813.3404" />
										<Point X="28.5" Y="813.3404" />
									</PolyLine>
									<PolyLine LineColor="#FF000000">
										<Point X="28.5" Y="813.3404" />
										<Point X="28.5" Y="28.5" />
									</PolyLine>
								</PathFigure>
							</Path>
						</Clip>
						<Canvas>
							<Clip>
								<Path FillMode="Winding">
									<PathFigure IsClosed="False">
										<PolyLine LineColor="#FF000000">
											<Point X="489.25806" Y="451.65735" />
											<Point X="489.85486" Y="451.0605" />
										</PolyLine>
										<PolyLine LineColor="#FF000000">
											<Point X="489.85486" Y="451.0605" />
											<Point X="542.3765" Y="451.0605" />
										</PolyLine>
										<PolyLine LineColor="#FF000000">
											<Point X="542.3765" Y="451.0605" />
											<Point X="542.3765" Y="451.65735" />
										</PolyLine>
									</PathFigure>
								</Path>
							</Clip>
							<Path FillMode="Winding" RenderTransform="1 0 0 -1 0 842">
								<Brush>
									<SolidBrush Color="#FF706E74" />
								</Brush>
								<PathFigure IsClosed="True">
									<PolyLine LineColor="#FF000000">
										<Point X="489.25803" Y="390.93994" />
										<Point X="489.85486" Y="390.93994" />
									</PolyLine>
									<PolyLine LineColor="#FF000000">
										<Point X="489.85486" Y="390.93994" />
										<Point X="489.85486" Y="390.34302" />
									</PolyLine>
									<PolyLine LineColor="#FF000000">
										<Point X="489.85486" Y="390.34302" />
										<Point X="489.25803" Y="390.34302" />
									</PolyLine>
								</PathFigure>
							</Path>
							<Path FillMode="Winding" RenderTransform="1 0 0 -1 0 842">
								<Brush>
									<SolidBrush Color="#FF706E74" />
								</Brush>
								<PathFigure IsClosed="True">
									<PolyLine LineColor="#FF000000">
										<Point X="541.77966" Y="390.93994" />
										<Point X="542.37646" Y="390.93994" />
									</PolyLine>
									<PolyLine LineColor="#FF000000">
										<Point X="542.37646" Y="390.93994" />
										<Point X="542.37646" Y="390.34302" />
									</PolyLine>
									<PolyLine LineColor="#FF000000">
										<Point X="542.37646" Y="390.34302" />
										<Point X="541.77966" Y="390.34302" />
									</PolyLine>
								</PathFigure>
							</Path>
							<Path FillMode="Alternate" RenderTransform="1 0 0 -1 0 842">
								<Pen Alignment="Center" DashCap="Flat" DashOffset="0" DashPattern="0.5968368 0.5968368" DashStyle="Custom" EndCap="Flat" LineJoin="Miter" MiterLimit="10" StartCap="Flat" Width="0.5968368">
									<Brush>
										<SolidBrush Color="#FF706E74" />
									</Brush>
								</Pen>
								<PathFigure IsClosed="False">
									<PolyLine LineColor="#FF000000">
										<Point X="489.85486" Y="390.64136" />
										<Point X="541.77966" Y="390.64136" />
									</PolyLine>
								</PathFigure>
							</Path>
						</Canvas>
					</Canvas>
					<Canvas>
						<Clip>
							<Path FillMode="Alternate">
								<PathFigure IsClosed="True">
									<PolyLine LineColor="#FF000000">
										<Point X="28.5" Y="28.5" />
										<Point X="566.25" Y="28.5" />
									</PolyLine>
									<PolyLine LineColor="#FF000000">
										<Point X="566.25" Y="28.5" />
										<Point X="566.25" Y="813.3404" />
									</PolyLine>
									<PolyLine LineColor="#FF000000">
										<Point X="566.25" Y="813.3404" />
										<Point X="28.5" Y="813.3404" />
									</PolyLine>
									<PolyLine LineColor="#FF000000">
										<Point X="28.5" Y="813.3404" />
										<Point X="28.5" Y="28.5" />
									</PolyLine>
								</PathFigure>
							</Path>
						</Clip>
						<Path FillMode="Winding" RenderTransform="1 0 0 -1 0 842">
							<Brush>
								<SolidBrush Color="#FF939598" />
							</Brush>
							<PathFigure IsClosed="True">
								<PolyLine LineColor="#FF000000">
									<Point X="489.25806" Y="402.27942" />
									<Point X="489.25806" Y="390.34265" />
								</PolyLine>
								<PolyLine LineColor="#FF000000">
									<Point X="489.25806" Y="390.34265" />
									<Point X="489.85486" Y="390.9395" />
								</PolyLine>
								<PolyLine LineColor="#FF000000">
									<Point X="489.85486" Y="390.9395" />
									<Point X="489.85486" Y="402.27942" />
								</PolyLine>
								<PolyLine LineColor="#FF000000">
									<Point X="489.85486" Y="402.27942" />
									<Point X="489.25806" Y="402.27942" />
								</PolyLine>
							</PathFigure>
						</Path>
					</Canvas>
					<Canvas>
						<Clip>
							<Path FillMode="Alternate">
								<PathFigure IsClosed="True">
									<PolyLine LineColor="#FF000000">
										<Point X="28.5" Y="28.5" />
										<Point X="566.25" Y="28.5" />
									</PolyLine>
									<PolyLine LineColor="#FF000000">
										<Point X="566.25" Y="28.5" />
										<Point X="566.25" Y="813.3404" />
									</PolyLine>
									<PolyLine LineColor="#FF000000">
										<Point X="566.25" Y="813.3404" />
										<Point X="28.5" Y="813.3404" />
									</PolyLine>
									<PolyLine LineColor="#FF000000">
										<Point X="28.5" Y="813.3404" />
										<Point X="28.5" Y="28.5" />
									</PolyLine>
								</PathFigure>
							</Path>
						</Clip>
						<Canvas>
							<Clip>
								<Path FillMode="Winding">
									<PathFigure IsClosed="False">
										<PolyLine LineColor="#FF000000">
											<Point X="52.373474" Y="464.78772" />
											<Point X="52.373474" Y="464.19092" />
										</PolyLine>
										<PolyLine LineColor="#FF000000">
											<Point X="52.373474" Y="464.19092" />
											<Point X="488.0644" Y="464.19092" />
										</PolyLine>
										<PolyLine LineColor="#FF000000">
											<Point X="488.0644" Y="464.19092" />
											<Point X="488.0644" Y="464.78772" />
										</PolyLine>
									</PathFigure>
								</Path>
							</Clip>
							<Path FillMode="Winding" RenderTransform="1 0 0 -1 0 842">
								<Brush>
									<SolidBrush Color="#FF706E74" />
								</Brush>
								<PathFigure IsClosed="True">
									<PolyLine LineColor="#FF000000">
										<Point X="52.373474" Y="377.80933" />
										<Point X="52.970306" Y="377.80933" />
									</PolyLine>
									<PolyLine LineColor="#FF000000">
										<Point X="52.970306" Y="377.80933" />
										<Point X="52.970306" Y="377.21265" />
									</PolyLine>
									<PolyLine LineColor="#FF000000">
										<Point X="52.970306" Y="377.21265" />
										<Point X="52.373474" Y="377.21265" />
									</PolyLine>
								</PathFigure>
							</Path>
							<Path FillMode="Winding" RenderTransform="1 0 0 -1 0 842">
								<Brush>
									<SolidBrush Color="#FF706E74" />
								</Brush>
								<PathFigure IsClosed="True">
									<PolyLine LineColor="#FF000000">
										<Point X="487.4675" Y="377.80933" />
										<Point X="488.06433" Y="377.80933" />
									</PolyLine>
									<PolyLine LineColor="#FF000000">
										<Point X="488.06433" Y="377.80933" />
										<Point X="488.06433" Y="377.21265" />
									</PolyLine>
									<PolyLine LineColor="#FF000000">
										<Point X="488.06433" Y="377.21265" />
										<Point X="487.4675" Y="377.21265" />
									</PolyLine>
								</PathFigure>
							</Path>
							<Path FillMode="Alternate" RenderTransform="1 0 0 -1 0 842">
								<Pen Alignment="Center" DashCap="Flat" DashOffset="0" DashPattern="0.5968368 0.5968368" DashStyle="Custom" EndCap="Flat" LineJoin="Miter" MiterLimit="10" StartCap="Flat" Width="0.5968368">
									<Brush>
										<SolidBrush Color="#FF706E74" />
									</Brush>
								</Pen>
								<PathFigure IsClosed="False">
									<PolyLine LineColor="#FF000000">
										<Point X="52.970306" Y="377.511" />
										<Point X="487.4675" Y="377.511" />
									</PolyLine>
								</PathFigure>
							</Path>
						</Canvas>
					</Canvas>
					<Canvas>
						<Clip>
							<Path FillMode="Alternate">
								<PathFigure IsClosed="True">
									<PolyLine LineColor="#FF000000">
										<Point X="28.5" Y="28.5" />
										<Point X="566.25" Y="28.5" />
									</PolyLine>
									<PolyLine LineColor="#FF000000">
										<Point X="566.25" Y="28.5" />
										<Point X="566.25" Y="813.3404" />
									</PolyLine>
									<PolyLine LineColor="#FF000000">
										<Point X="566.25" Y="813.3404" />
										<Point X="28.5" Y="813.3404" />
									</PolyLine>
									<PolyLine LineColor="#FF000000">
										<Point X="28.5" Y="813.3404" />
										<Point X="28.5" Y="28.5" />
									</PolyLine>
								</PathFigure>
							</Path>
						</Clip>
					</Canvas>
					<Canvas>
						<Clip>
							<Path FillMode="Alternate">
								<PathFigure IsClosed="True">
									<PolyLine LineColor="#FF000000">
										<Point X="28.5" Y="28.5" />
										<Point X="566.25" Y="28.5" />
									</PolyLine>
									<PolyLine LineColor="#FF000000">
										<Point X="566.25" Y="28.5" />
										<Point X="566.25" Y="813.3404" />
									</PolyLine>
									<PolyLine LineColor="#FF000000">
										<Point X="566.25" Y="813.3404" />
										<Point X="28.5" Y="813.3404" />
									</PolyLine>
									<PolyLine LineColor="#FF000000">
										<Point X="28.5" Y="813.3404" />
										<Point X="28.5" Y="28.5" />
									</PolyLine>
								</PathFigure>
							</Path>
						</Clip>
						<Canvas>
							<Clip>
								<Path FillMode="Winding">
									<PathFigure IsClosed="False">
										<PolyLine LineColor="#FF000000">
											<Point X="489.25806" Y="464.78772" />
											<Point X="489.85486" Y="464.19092" />
										</PolyLine>
										<PolyLine LineColor="#FF000000">
											<Point X="489.85486" Y="464.19092" />
											<Point X="542.3765" Y="464.19092" />
										</PolyLine>
										<PolyLine LineColor="#FF000000">
											<Point X="542.3765" Y="464.19092" />
											<Point X="542.3765" Y="464.78772" />
										</PolyLine>
									</PathFigure>
								</Path>
							</Clip>
							<Path FillMode="Winding" RenderTransform="1 0 0 -1 0 842">
								<Brush>
									<SolidBrush Color="#FF706E74" />
								</Brush>
								<PathFigure IsClosed="True">
									<PolyLine LineColor="#FF000000">
										<Point X="489.25803" Y="377.80933" />
										<Point X="489.85486" Y="377.80933" />
									</PolyLine>
									<PolyLine LineColor="#FF000000">
										<Point X="489.85486" Y="377.80933" />
										<Point X="489.85486" Y="377.21265" />
									</PolyLine>
									<PolyLine LineColor="#FF000000">
										<Point X="489.85486" Y="377.21265" />
										<Point X="489.25803" Y="377.21265" />
									</PolyLine>
								</PathFigure>
							</Path>
							<Path FillMode="Winding" RenderTransform="1 0 0 -1 0 842">
								<Brush>
									<SolidBrush Color="#FF706E74" />
								</Brush>
								<PathFigure IsClosed="True">
									<PolyLine LineColor="#FF000000">
										<Point X="541.77966" Y="377.80933" />
										<Point X="542.37646" Y="377.80933" />
									</PolyLine>
									<PolyLine LineColor="#FF000000">
										<Point X="542.37646" Y="377.80933" />
										<Point X="542.37646" Y="377.21265" />
									</PolyLine>
									<PolyLine LineColor="#FF000000">
										<Point X="542.37646" Y="377.21265" />
										<Point X="541.77966" Y="377.21265" />
									</PolyLine>
								</PathFigure>
							</Path>
							<Path FillMode="Alternate" RenderTransform="1 0 0 -1 0 842">
								<Pen Alignment="Center" DashCap="Flat" DashOffset="0" DashPattern="0.5968368 0.5968368" DashStyle="Custom" EndCap="Flat" LineJoin="Miter" MiterLimit="10" StartCap="Flat" Width="0.5968368">
									<Brush>
										<SolidBrush Color="#FF706E74" />
									</Brush>
								</Pen>
								<PathFigure IsClosed="False">
									<PolyLine LineColor="#FF000000">
										<Point X="489.85486" Y="377.511" />
										<Point X="541.77966" Y="377.511" />
									</PolyLine>
								</PathFigure>
							</Path>
						</Canvas>
					</Canvas>
					<Canvas>
						<Clip>
							<Path FillMode="Alternate">
								<PathFigure IsClosed="True">
									<PolyLine LineColor="#FF000000">
										<Point X="28.5" Y="28.5" />
										<Point X="566.25" Y="28.5" />
									</PolyLine>
									<PolyLine LineColor="#FF000000">
										<Point X="566.25" Y="28.5" />
										<Point X="566.25" Y="813.3404" />
									</PolyLine>
									<PolyLine LineColor="#FF000000">
										<Point X="566.25" Y="813.3404" />
										<Point X="28.5" Y="813.3404" />
									</PolyLine>
									<PolyLine LineColor="#FF000000">
										<Point X="28.5" Y="813.3404" />
										<Point X="28.5" Y="28.5" />
									</PolyLine>
								</PathFigure>
							</Path>
						</Clip>
						<Path FillMode="Winding" RenderTransform="1 0 0 -1 0 842">
							<Brush>
								<SolidBrush Color="#FF939598" />
							</Brush>
							<PathFigure IsClosed="True">
								<PolyLine LineColor="#FF000000">
									<Point X="489.25806" Y="389.149" />
									<Point X="489.25806" Y="377.21228" />
								</PolyLine>
								<PolyLine LineColor="#FF000000">
									<Point X="489.25806" Y="377.21228" />
									<Point X="489.85486" Y="377.80908" />
								</PolyLine>
								<PolyLine LineColor="#FF000000">
									<Point X="489.85486" Y="377.80908" />
									<Point X="489.85486" Y="389.149" />
								</PolyLine>
								<PolyLine LineColor="#FF000000">
									<Point X="489.85486" Y="389.149" />
									<Point X="489.25806" Y="389.149" />
								</PolyLine>
							</PathFigure>
						</Path>
					</Canvas>
					<Canvas>
						<Clip>
							<Path FillMode="Alternate">
								<PathFigure IsClosed="True">
									<PolyLine LineColor="#FF000000">
										<Point X="28.5" Y="28.5" />
										<Point X="566.25" Y="28.5" />
									</PolyLine>
									<PolyLine LineColor="#FF000000">
										<Point X="566.25" Y="28.5" />
										<Point X="566.25" Y="813.3404" />
									</PolyLine>
									<PolyLine LineColor="#FF000000">
										<Point X="566.25" Y="813.3404" />
										<Point X="28.5" Y="813.3404" />
									</PolyLine>
									<PolyLine LineColor="#FF000000">
										<Point X="28.5" Y="813.3404" />
										<Point X="28.5" Y="28.5" />
									</PolyLine>
								</PathFigure>
							</Path>
						</Clip>
						<Canvas>
							<Clip>
								<Path FillMode="Winding">
									<PathFigure IsClosed="False">
										<PolyLine LineColor="#FF000000">
											<Point X="52.373474" Y="477.91815" />
											<Point X="52.373474" Y="477.3213" />
										</PolyLine>
										<PolyLine LineColor="#FF000000">
											<Point X="52.373474" Y="477.3213" />
											<Point X="488.0644" Y="477.3213" />
										</PolyLine>
										<PolyLine LineColor="#FF000000">
											<Point X="488.0644" Y="477.3213" />
											<Point X="488.0644" Y="477.91815" />
										</PolyLine>
									</PathFigure>
								</Path>
							</Clip>
							<Path FillMode="Winding" RenderTransform="1 0 0 -1 0 842">
								<Brush>
									<SolidBrush Color="#FF706E74" />
								</Brush>
								<PathFigure IsClosed="True">
									<PolyLine LineColor="#FF000000">
										<Point X="52.373474" Y="364.67896" />
										<Point X="52.970306" Y="364.67896" />
									</PolyLine>
									<PolyLine LineColor="#FF000000">
										<Point X="52.970306" Y="364.67896" />
										<Point X="52.970306" Y="364.08228" />
									</PolyLine>
									<PolyLine LineColor="#FF000000">
										<Point X="52.970306" Y="364.08228" />
										<Point X="52.373474" Y="364.08228" />
									</PolyLine>
								</PathFigure>
							</Path>
							<Path FillMode="Winding" RenderTransform="1 0 0 -1 0 842">
								<Brush>
									<SolidBrush Color="#FF706E74" />
								</Brush>
								<PathFigure IsClosed="True">
									<PolyLine LineColor="#FF000000">
										<Point X="487.4675" Y="364.67896" />
										<Point X="488.06433" Y="364.67896" />
									</PolyLine>
									<PolyLine LineColor="#FF000000">
										<Point X="488.06433" Y="364.67896" />
										<Point X="488.06433" Y="364.08228" />
									</PolyLine>
									<PolyLine LineColor="#FF000000">
										<Point X="488.06433" Y="364.08228" />
										<Point X="487.4675" Y="364.08228" />
									</PolyLine>
								</PathFigure>
							</Path>
							<Path FillMode="Alternate" RenderTransform="1 0 0 -1 0 842">
								<Pen Alignment="Center" DashCap="Flat" DashOffset="0" DashPattern="0.5968368 0.5968368" DashStyle="Custom" EndCap="Flat" LineJoin="Miter" MiterLimit="10" StartCap="Flat" Width="0.5968368">
									<Brush>
										<SolidBrush Color="#FF706E74" />
									</Brush>
								</Pen>
								<PathFigure IsClosed="False">
									<PolyLine LineColor="#FF000000">
										<Point X="52.970306" Y="364.3806" />
										<Point X="487.4675" Y="364.3806" />
									</PolyLine>
								</PathFigure>
							</Path>
						</Canvas>
					</Canvas>
					<Canvas>
						<Clip>
							<Path FillMode="Alternate">
								<PathFigure IsClosed="True">
									<PolyLine LineColor="#FF000000">
										<Point X="28.5" Y="28.5" />
										<Point X="566.25" Y="28.5" />
									</PolyLine>
									<PolyLine LineColor="#FF000000">
										<Point X="566.25" Y="28.5" />
										<Point X="566.25" Y="813.3404" />
									</PolyLine>
									<PolyLine LineColor="#FF000000">
										<Point X="566.25" Y="813.3404" />
										<Point X="28.5" Y="813.3404" />
									</PolyLine>
									<PolyLine LineColor="#FF000000">
										<Point X="28.5" Y="813.3404" />
										<Point X="28.5" Y="28.5" />
									</PolyLine>
								</PathFigure>
							</Path>
						</Clip>
					</Canvas>
					<Canvas>
						<Clip>
							<Path FillMode="Alternate">
								<PathFigure IsClosed="True">
									<PolyLine LineColor="#FF000000">
										<Point X="28.5" Y="28.5" />
										<Point X="566.25" Y="28.5" />
									</PolyLine>
									<PolyLine LineColor="#FF000000">
										<Point X="566.25" Y="28.5" />
										<Point X="566.25" Y="813.3404" />
									</PolyLine>
									<PolyLine LineColor="#FF000000">
										<Point X="566.25" Y="813.3404" />
										<Point X="28.5" Y="813.3404" />
									</PolyLine>
									<PolyLine LineColor="#FF000000">
										<Point X="28.5" Y="813.3404" />
										<Point X="28.5" Y="28.5" />
									</PolyLine>
								</PathFigure>
							</Path>
						</Clip>
						<Canvas>
							<Clip>
								<Path FillMode="Winding">
									<PathFigure IsClosed="False">
										<PolyLine LineColor="#FF000000">
											<Point X="489.25806" Y="477.91815" />
											<Point X="489.85486" Y="477.3213" />
										</PolyLine>
										<PolyLine LineColor="#FF000000">
											<Point X="489.85486" Y="477.3213" />
											<Point X="542.3765" Y="477.3213" />
										</PolyLine>
										<PolyLine LineColor="#FF000000">
											<Point X="542.3765" Y="477.3213" />
											<Point X="542.3765" Y="477.91815" />
										</PolyLine>
									</PathFigure>
								</Path>
							</Clip>
							<Path FillMode="Winding" RenderTransform="1 0 0 -1 0 842">
								<Brush>
									<SolidBrush Color="#FF706E74" />
								</Brush>
								<PathFigure IsClosed="True">
									<PolyLine LineColor="#FF000000">
										<Point X="489.25803" Y="364.67896" />
										<Point X="489.85486" Y="364.67896" />
									</PolyLine>
									<PolyLine LineColor="#FF000000">
										<Point X="489.85486" Y="364.67896" />
										<Point X="489.85486" Y="364.08228" />
									</PolyLine>
									<PolyLine LineColor="#FF000000">
										<Point X="489.85486" Y="364.08228" />
										<Point X="489.25803" Y="364.08228" />
									</PolyLine>
								</PathFigure>
							</Path>
							<Path FillMode="Winding" RenderTransform="1 0 0 -1 0 842">
								<Brush>
									<SolidBrush Color="#FF706E74" />
								</Brush>
								<PathFigure IsClosed="True">
									<PolyLine LineColor="#FF000000">
										<Point X="541.77966" Y="364.67896" />
										<Point X="542.37646" Y="364.67896" />
									</PolyLine>
									<PolyLine LineColor="#FF000000">
										<Point X="542.37646" Y="364.67896" />
										<Point X="542.37646" Y="364.08228" />
									</PolyLine>
									<PolyLine LineColor="#FF000000">
										<Point X="542.37646" Y="364.08228" />
										<Point X="541.77966" Y="364.08228" />
									</PolyLine>
								</PathFigure>
							</Path>
							<Path FillMode="Alternate" RenderTransform="1 0 0 -1 0 842">
								<Pen Alignment="Center" DashCap="Flat" DashOffset="0" DashPattern="0.5968368 0.5968368" DashStyle="Custom" EndCap="Flat" LineJoin="Miter" MiterLimit="10" StartCap="Flat" Width="0.5968368">
									<Brush>
										<SolidBrush Color="#FF706E74" />
									</Brush>
								</Pen>
								<PathFigure IsClosed="False">
									<PolyLine LineColor="#FF000000">
										<Point X="489.85486" Y="364.3806" />
										<Point X="541.77966" Y="364.3806" />
									</PolyLine>
								</PathFigure>
							</Path>
						</Canvas>
					</Canvas>
					<Canvas>
						<Clip>
							<Path FillMode="Alternate">
								<PathFigure IsClosed="True">
									<PolyLine LineColor="#FF000000">
										<Point X="28.5" Y="28.5" />
										<Point X="566.25" Y="28.5" />
									</PolyLine>
									<PolyLine LineColor="#FF000000">
										<Point X="566.25" Y="28.5" />
										<Point X="566.25" Y="813.3404" />
									</PolyLine>
									<PolyLine LineColor="#FF000000">
										<Point X="566.25" Y="813.3404" />
										<Point X="28.5" Y="813.3404" />
									</PolyLine>
									<PolyLine LineColor="#FF000000">
										<Point X="28.5" Y="813.3404" />
										<Point X="28.5" Y="28.5" />
									</PolyLine>
								</PathFigure>
							</Path>
						</Clip>
						<Path FillMode="Winding" RenderTransform="1 0 0 -1 0 842">
							<Brush>
								<SolidBrush Color="#FF939598" />
							</Brush>
							<PathFigure IsClosed="True">
								<PolyLine LineColor="#FF000000">
									<Point X="489.25806" Y="376.01862" />
									<Point X="489.25806" Y="364.08185" />
								</PolyLine>
								<PolyLine LineColor="#FF000000">
									<Point X="489.25806" Y="364.08185" />
									<Point X="489.85486" Y="364.6787" />
								</PolyLine>
								<PolyLine LineColor="#FF000000">
									<Point X="489.85486" Y="364.6787" />
									<Point X="489.85486" Y="376.01862" />
								</PolyLine>
								<PolyLine LineColor="#FF000000">
									<Point X="489.85486" Y="376.01862" />
									<Point X="489.25806" Y="376.01862" />
								</PolyLine>
							</PathFigure>
						</Path>
					</Canvas>
					<Canvas>
						<Clip>
							<Path FillMode="Alternate">
								<PathFigure IsClosed="True">
									<PolyLine LineColor="#FF000000">
										<Point X="28.5" Y="28.5" />
										<Point X="566.25" Y="28.5" />
									</PolyLine>
									<PolyLine LineColor="#FF000000">
										<Point X="566.25" Y="28.5" />
										<Point X="566.25" Y="813.3404" />
									</PolyLine>
									<PolyLine LineColor="#FF000000">
										<Point X="566.25" Y="813.3404" />
										<Point X="28.5" Y="813.3404" />
									</PolyLine>
									<PolyLine LineColor="#FF000000">
										<Point X="28.5" Y="813.3404" />
										<Point X="28.5" Y="28.5" />
									</PolyLine>
								</PathFigure>
							</Path>
						</Clip>
						<Canvas>
							<Clip>
								<Path FillMode="Winding">
									<PathFigure IsClosed="False">
										<PolyLine LineColor="#FF000000">
											<Point X="52.373474" Y="491.04852" />
											<Point X="52.373474" Y="490.45172" />
										</PolyLine>
										<PolyLine LineColor="#FF000000">
											<Point X="52.373474" Y="490.45172" />
											<Point X="488.0644" Y="490.45172" />
										</PolyLine>
										<PolyLine LineColor="#FF000000">
											<Point X="488.0644" Y="490.45172" />
											<Point X="488.0644" Y="491.04852" />
										</PolyLine>
									</PathFigure>
								</Path>
							</Clip>
							<Path FillMode="Winding" RenderTransform="1 0 0 -1 0 842">
								<Brush>
									<SolidBrush Color="#FF706E74" />
								</Brush>
								<PathFigure IsClosed="True">
									<PolyLine LineColor="#FF000000">
										<Point X="52.373474" Y="351.54858" />
										<Point X="52.970306" Y="351.54858" />
									</PolyLine>
									<PolyLine LineColor="#FF000000">
										<Point X="52.970306" Y="351.54858" />
										<Point X="52.970306" Y="350.95166" />
									</PolyLine>
									<PolyLine LineColor="#FF000000">
										<Point X="52.970306" Y="350.95166" />
										<Point X="52.373474" Y="350.95166" />
									</PolyLine>
								</PathFigure>
							</Path>
							<Path FillMode="Winding" RenderTransform="1 0 0 -1 0 842">
								<Brush>
									<SolidBrush Color="#FF706E74" />
								</Brush>
								<PathFigure IsClosed="True">
									<PolyLine LineColor="#FF000000">
										<Point X="487.4675" Y="351.54858" />
										<Point X="488.06433" Y="351.54858" />
									</PolyLine>
									<PolyLine LineColor="#FF000000">
										<Point X="488.06433" Y="351.54858" />
										<Point X="488.06433" Y="350.95166" />
									</PolyLine>
									<PolyLine LineColor="#FF000000">
										<Point X="488.06433" Y="350.95166" />
										<Point X="487.4675" Y="350.95166" />
									</PolyLine>
								</PathFigure>
							</Path>
							<Path FillMode="Alternate" RenderTransform="1 0 0 -1 0 842">
								<Pen Alignment="Center" DashCap="Flat" DashOffset="0" DashPattern="0.5968368 0.5968368" DashStyle="Custom" EndCap="Flat" LineJoin="Miter" MiterLimit="10" StartCap="Flat" Width="0.5968368">
									<Brush>
										<SolidBrush Color="#FF706E74" />
									</Brush>
								</Pen>
								<PathFigure IsClosed="False">
									<PolyLine LineColor="#FF000000">
										<Point X="52.970306" Y="351.25024" />
										<Point X="487.4675" Y="351.25024" />
									</PolyLine>
								</PathFigure>
							</Path>
						</Canvas>
					</Canvas>
					<Canvas>
						<Clip>
							<Path FillMode="Alternate">
								<PathFigure IsClosed="True">
									<PolyLine LineColor="#FF000000">
										<Point X="28.5" Y="28.5" />
										<Point X="566.25" Y="28.5" />
									</PolyLine>
									<PolyLine LineColor="#FF000000">
										<Point X="566.25" Y="28.5" />
										<Point X="566.25" Y="813.3404" />
									</PolyLine>
									<PolyLine LineColor="#FF000000">
										<Point X="566.25" Y="813.3404" />
										<Point X="28.5" Y="813.3404" />
									</PolyLine>
									<PolyLine LineColor="#FF000000">
										<Point X="28.5" Y="813.3404" />
										<Point X="28.5" Y="28.5" />
									</PolyLine>
								</PathFigure>
							</Path>
						</Clip>
					</Canvas>
					<Canvas>
						<Clip>
							<Path FillMode="Alternate">
								<PathFigure IsClosed="True">
									<PolyLine LineColor="#FF000000">
										<Point X="28.5" Y="28.5" />
										<Point X="566.25" Y="28.5" />
									</PolyLine>
									<PolyLine LineColor="#FF000000">
										<Point X="566.25" Y="28.5" />
										<Point X="566.25" Y="813.3404" />
									</PolyLine>
									<PolyLine LineColor="#FF000000">
										<Point X="566.25" Y="813.3404" />
										<Point X="28.5" Y="813.3404" />
									</PolyLine>
									<PolyLine LineColor="#FF000000">
										<Point X="28.5" Y="813.3404" />
										<Point X="28.5" Y="28.5" />
									</PolyLine>
								</PathFigure>
							</Path>
						</Clip>
						<Canvas>
							<Clip>
								<Path FillMode="Winding">
									<PathFigure IsClosed="False">
										<PolyLine LineColor="#FF000000">
											<Point X="489.25806" Y="491.04852" />
											<Point X="489.85486" Y="490.45172" />
										</PolyLine>
										<PolyLine LineColor="#FF000000">
											<Point X="489.85486" Y="490.45172" />
											<Point X="542.3765" Y="490.45172" />
										</PolyLine>
										<PolyLine LineColor="#FF000000">
											<Point X="542.3765" Y="490.45172" />
											<Point X="542.3765" Y="491.04852" />
										</PolyLine>
									</PathFigure>
								</Path>
							</Clip>
							<Path FillMode="Winding" RenderTransform="1 0 0 -1 0 842">
								<Brush>
									<SolidBrush Color="#FF706E74" />
								</Brush>
								<PathFigure IsClosed="True">
									<PolyLine LineColor="#FF000000">
										<Point X="489.25803" Y="351.54858" />
										<Point X="489.85486" Y="351.54858" />
									</PolyLine>
									<PolyLine LineColor="#FF000000">
										<Point X="489.85486" Y="351.54858" />
										<Point X="489.85486" Y="350.95166" />
									</PolyLine>
									<PolyLine LineColor="#FF000000">
										<Point X="489.85486" Y="350.95166" />
										<Point X="489.25803" Y="350.95166" />
									</PolyLine>
								</PathFigure>
							</Path>
							<Path FillMode="Winding" RenderTransform="1 0 0 -1 0 842">
								<Brush>
									<SolidBrush Color="#FF706E74" />
								</Brush>
								<PathFigure IsClosed="True">
									<PolyLine LineColor="#FF000000">
										<Point X="541.77966" Y="351.54858" />
										<Point X="542.37646" Y="351.54858" />
									</PolyLine>
									<PolyLine LineColor="#FF000000">
										<Point X="542.37646" Y="351.54858" />
										<Point X="542.37646" Y="350.95166" />
									</PolyLine>
									<PolyLine LineColor="#FF000000">
										<Point X="542.37646" Y="350.95166" />
										<Point X="541.77966" Y="350.95166" />
									</PolyLine>
								</PathFigure>
							</Path>
							<Path FillMode="Alternate" RenderTransform="1 0 0 -1 0 842">
								<Pen Alignment="Center" DashCap="Flat" DashOffset="0" DashPattern="0.5968368 0.5968368" DashStyle="Custom" EndCap="Flat" LineJoin="Miter" MiterLimit="10" StartCap="Flat" Width="0.5968368">
									<Brush>
										<SolidBrush Color="#FF706E74" />
									</Brush>
								</Pen>
								<PathFigure IsClosed="False">
									<PolyLine LineColor="#FF000000">
										<Point X="489.85486" Y="351.25024" />
										<Point X="541.77966" Y="351.25024" />
									</PolyLine>
								</PathFigure>
							</Path>
						</Canvas>
					</Canvas>
					<Canvas>
						<Clip>
							<Path FillMode="Alternate">
								<PathFigure IsClosed="True">
									<PolyLine LineColor="#FF000000">
										<Point X="28.5" Y="28.5" />
										<Point X="566.25" Y="28.5" />
									</PolyLine>
									<PolyLine LineColor="#FF000000">
										<Point X="566.25" Y="28.5" />
										<Point X="566.25" Y="813.3404" />
									</PolyLine>
									<PolyLine LineColor="#FF000000">
										<Point X="566.25" Y="813.3404" />
										<Point X="28.5" Y="813.3404" />
									</PolyLine>
									<PolyLine LineColor="#FF000000">
										<Point X="28.5" Y="813.3404" />
										<Point X="28.5" Y="28.5" />
									</PolyLine>
								</PathFigure>
							</Path>
						</Clip>
						<Path FillMode="Winding" RenderTransform="1 0 0 -1 0 842">
							<Brush>
								<SolidBrush Color="#FF939598" />
							</Brush>
							<PathFigure IsClosed="True">
								<PolyLine LineColor="#FF000000">
									<Point X="489.25806" Y="362.88818" />
									<Point X="489.25806" Y="350.95148" />
								</PolyLine>
								<PolyLine LineColor="#FF000000">
									<Point X="489.25806" Y="350.95148" />
									<Point X="489.85486" Y="351.54828" />
								</PolyLine>
								<PolyLine LineColor="#FF000000">
									<Point X="489.85486" Y="351.54828" />
									<Point X="489.85486" Y="362.88818" />
								</PolyLine>
								<PolyLine LineColor="#FF000000">
									<Point X="489.85486" Y="362.88818" />
									<Point X="489.25806" Y="362.88818" />
								</PolyLine>
							</PathFigure>
						</Path>
					</Canvas>
					<Canvas>
						<Clip>
							<Path FillMode="Alternate">
								<PathFigure IsClosed="True">
									<PolyLine LineColor="#FF000000">
										<Point X="28.5" Y="28.5" />
										<Point X="566.25" Y="28.5" />
									</PolyLine>
									<PolyLine LineColor="#FF000000">
										<Point X="566.25" Y="28.5" />
										<Point X="566.25" Y="813.3404" />
									</PolyLine>
									<PolyLine LineColor="#FF000000">
										<Point X="566.25" Y="813.3404" />
										<Point X="28.5" Y="813.3404" />
									</PolyLine>
									<PolyLine LineColor="#FF000000">
										<Point X="28.5" Y="813.3404" />
										<Point X="28.5" Y="28.5" />
									</PolyLine>
								</PathFigure>
							</Path>
						</Clip>
						<Canvas>
							<Clip>
								<Path FillMode="Winding">
									<PathFigure IsClosed="False">
										<PolyLine LineColor="#FF000000">
											<Point X="52.373474" Y="60.729187" />
											<Point X="52.373474" Y="60.132324" />
										</PolyLine>
										<PolyLine LineColor="#FF000000">
											<Point X="52.373474" Y="60.132324" />
											<Point X="249.32964" Y="60.132324" />
										</PolyLine>
										<PolyLine LineColor="#FF000000">
											<Point X="249.32964" Y="60.132324" />
											<Point X="249.32964" Y="60.729187" />
										</PolyLine>
									</PathFigure>
								</Path>
							</Clip>
							<Path FillMode="Winding" RenderTransform="1 0 0 -1 0 842">
								<Brush>
									<SolidBrush Color="#FF706E74" />
								</Brush>
								<PathFigure IsClosed="True">
									<PolyLine LineColor="#FF000000">
										<Point X="52.373474" Y="781.8679" />
										<Point X="52.970306" Y="781.8679" />
									</PolyLine>
									<PolyLine LineColor="#FF000000">
										<Point X="52.970306" Y="781.8679" />
										<Point X="52.970306" Y="781.271" />
									</PolyLine>
									<PolyLine LineColor="#FF000000">
										<Point X="52.970306" Y="781.271" />
										<Point X="52.373474" Y="781.271" />
									</PolyLine>
								</PathFigure>
							</Path>
							<Path FillMode="Winding" RenderTransform="1 0 0 -1 0 842">
								<Brush>
									<SolidBrush Color="#FF706E74" />
								</Brush>
								<PathFigure IsClosed="True">
									<PolyLine LineColor="#FF000000">
										<Point X="248.73279" Y="781.8679" />
										<Point X="249.32962" Y="781.8679" />
									</PolyLine>
									<PolyLine LineColor="#FF000000">
										<Point X="249.32962" Y="781.8679" />
										<Point X="249.32962" Y="781.271" />
									</PolyLine>
									<PolyLine LineColor="#FF000000">
										<Point X="249.32962" Y="781.271" />
										<Point X="248.73279" Y="781.271" />
									</PolyLine>
								</PathFigure>
							</Path>
							<Path FillMode="Alternate" RenderTransform="1 0 0 -1 0 842">
								<Pen Alignment="Center" DashCap="Flat" DashOffset="0" DashPattern="0.5968368 0.5968368" DashStyle="Custom" EndCap="Flat" LineJoin="Miter" MiterLimit="10" StartCap="Flat" Width="0.5968368">
									<Brush>
										<SolidBrush Color="#FF706E74" />
									</Brush>
								</Pen>
								<PathFigure IsClosed="False">
									<PolyLine LineColor="#FF000000">
										<Point X="52.970306" Y="781.5696" />
										<Point X="248.73279" Y="781.5696" />
									</PolyLine>
								</PathFigure>
							</Path>
						</Canvas>
					</Canvas>
					<Canvas>
						<Clip>
							<Path FillMode="Alternate">
								<PathFigure IsClosed="True">
									<PolyLine LineColor="#FF000000">
										<Point X="28.5" Y="28.5" />
										<Point X="566.25" Y="28.5" />
									</PolyLine>
									<PolyLine LineColor="#FF000000">
										<Point X="566.25" Y="28.5" />
										<Point X="566.25" Y="813.3404" />
									</PolyLine>
									<PolyLine LineColor="#FF000000">
										<Point X="566.25" Y="813.3404" />
										<Point X="28.5" Y="813.3404" />
									</PolyLine>
									<PolyLine LineColor="#FF000000">
										<Point X="28.5" Y="813.3404" />
										<Point X="28.5" Y="28.5" />
									</PolyLine>
								</PathFigure>
							</Path>
						</Clip>
					</Canvas>
					<Canvas>
						<Clip>
							<Path FillMode="Alternate">
								<PathFigure IsClosed="True">
									<PolyLine LineColor="#FF000000">
										<Point X="28.5" Y="28.5" />
										<Point X="566.25" Y="28.5" />
									</PolyLine>
									<PolyLine LineColor="#FF000000">
										<Point X="566.25" Y="28.5" />
										<Point X="566.25" Y="813.3404" />
									</PolyLine>
									<PolyLine LineColor="#FF000000">
										<Point X="566.25" Y="813.3404" />
										<Point X="28.5" Y="813.3404" />
									</PolyLine>
									<PolyLine LineColor="#FF000000">
										<Point X="28.5" Y="813.3404" />
										<Point X="28.5" Y="28.5" />
									</PolyLine>
								</PathFigure>
							</Path>
						</Clip>
						<Canvas>
							<Clip>
								<Path FillMode="Winding">
									<PathFigure IsClosed="False">
										<PolyLine LineColor="#FF000000">
											<Point X="250.5233" Y="60.729187" />
											<Point X="251.12013" Y="60.132324" />
										</PolyLine>
										<PolyLine LineColor="#FF000000">
											<Point X="251.12013" Y="60.132324" />
											<Point X="286.3335" Y="60.132324" />
										</PolyLine>
										<PolyLine LineColor="#FF000000">
											<Point X="286.3335" Y="60.132324" />
											<Point X="286.3335" Y="60.729187" />
										</PolyLine>
									</PathFigure>
								</Path>
							</Clip>
							<Path FillMode="Winding" RenderTransform="1 0 0 -1 0 842">
								<Brush>
									<SolidBrush Color="#FF706E74" />
								</Brush>
								<PathFigure IsClosed="True">
									<PolyLine LineColor="#FF000000">
										<Point X="250.52328" Y="781.8679" />
										<Point X="251.12013" Y="781.8679" />
									</PolyLine>
									<PolyLine LineColor="#FF000000">
										<Point X="251.12013" Y="781.8679" />
										<Point X="251.12013" Y="781.271" />
									</PolyLine>
									<PolyLine LineColor="#FF000000">
										<Point X="251.12013" Y="781.271" />
										<Point X="250.52328" Y="781.271" />
									</PolyLine>
								</PathFigure>
							</Path>
							<Path FillMode="Winding" RenderTransform="1 0 0 -1 0 842">
								<Brush>
									<SolidBrush Color="#FF706E74" />
								</Brush>
								<PathFigure IsClosed="True">
									<PolyLine LineColor="#FF000000">
										<Point X="285.73666" Y="781.8679" />
										<Point X="286.3335" Y="781.8679" />
									</PolyLine>
									<PolyLine LineColor="#FF000000">
										<Point X="286.3335" Y="781.8679" />
										<Point X="286.3335" Y="781.271" />
									</PolyLine>
									<PolyLine LineColor="#FF000000">
										<Point X="286.3335" Y="781.271" />
										<Point X="285.73666" Y="781.271" />
									</PolyLine>
								</PathFigure>
							</Path>
							<Path FillMode="Alternate" RenderTransform="1 0 0 -1 0 842">
								<Pen Alignment="Center" DashCap="Flat" DashOffset="0" DashPattern="0.5968368 0.5968368" DashStyle="Custom" EndCap="Flat" LineJoin="Miter" MiterLimit="10" StartCap="Flat" Width="0.5968368">
									<Brush>
										<SolidBrush Color="#FF706E74" />
									</Brush>
								</Pen>
								<PathFigure IsClosed="False">
									<PolyLine LineColor="#FF000000">
										<Point X="251.12013" Y="781.5696" />
										<Point X="285.73666" Y="781.5696" />
									</PolyLine>
								</PathFigure>
							</Path>
						</Canvas>
					</Canvas>
					<Canvas>
						<Clip>
							<Path FillMode="Alternate">
								<PathFigure IsClosed="True">
									<PolyLine LineColor="#FF000000">
										<Point X="28.5" Y="28.5" />
										<Point X="566.25" Y="28.5" />
									</PolyLine>
									<PolyLine LineColor="#FF000000">
										<Point X="566.25" Y="28.5" />
										<Point X="566.25" Y="813.3404" />
									</PolyLine>
									<PolyLine LineColor="#FF000000">
										<Point X="566.25" Y="813.3404" />
										<Point X="28.5" Y="813.3404" />
									</PolyLine>
									<PolyLine LineColor="#FF000000">
										<Point X="28.5" Y="813.3404" />
										<Point X="28.5" Y="28.5" />
									</PolyLine>
								</PathFigure>
							</Path>
						</Clip>
						<Path FillMode="Winding" RenderTransform="1 0 0 -1 0 842">
							<Brush>
								<SolidBrush Color="#FF939598" />
							</Brush>
							<PathFigure IsClosed="True">
								<PolyLine LineColor="#FF000000">
									<Point X="250.5233" Y="793.2075" />
									<Point X="250.5233" Y="781.2708" />
								</PolyLine>
								<PolyLine LineColor="#FF000000">
									<Point X="250.5233" Y="781.2708" />
									<Point X="251.12013" Y="781.8677" />
								</PolyLine>
								<PolyLine LineColor="#FF000000">
									<Point X="251.12013" Y="781.8677" />
									<Point X="251.12013" Y="793.2075" />
								</PolyLine>
								<PolyLine LineColor="#FF000000">
									<Point X="251.12013" Y="793.2075" />
									<Point X="250.5233" Y="793.2075" />
								</PolyLine>
							</PathFigure>
						</Path>
					</Canvas>
					<Canvas>
						<Clip>
							<Path FillMode="Alternate">
								<PathFigure IsClosed="True">
									<PolyLine LineColor="#FF000000">
										<Point X="28.5" Y="28.5" />
										<Point X="566.25" Y="28.5" />
									</PolyLine>
									<PolyLine LineColor="#FF000000">
										<Point X="566.25" Y="28.5" />
										<Point X="566.25" Y="813.3404" />
									</PolyLine>
									<PolyLine LineColor="#FF000000">
										<Point X="566.25" Y="813.3404" />
										<Point X="28.5" Y="813.3404" />
									</PolyLine>
									<PolyLine LineColor="#FF000000">
										<Point X="28.5" Y="813.3404" />
										<Point X="28.5" Y="28.5" />
									</PolyLine>
								</PathFigure>
							</Path>
						</Clip>
						<Canvas>
							<Clip>
								<Path FillMode="Winding">
									<PathFigure IsClosed="False">
										<PolyLine LineColor="#FF000000">
											<Point X="52.373474" Y="73.85962" />
											<Point X="52.373474" Y="73.26276" />
										</PolyLine>
										<PolyLine LineColor="#FF000000">
											<Point X="52.373474" Y="73.26276" />
											<Point X="249.32964" Y="73.26276" />
										</PolyLine>
										<PolyLine LineColor="#FF000000">
											<Point X="249.32964" Y="73.26276" />
											<Point X="249.32964" Y="73.85962" />
										</PolyLine>
									</PathFigure>
								</Path>
							</Clip>
							<Path FillMode="Winding" RenderTransform="1 0 0 -1 0 842">
								<Brush>
									<SolidBrush Color="#FF706E74" />
								</Brush>
								<PathFigure IsClosed="True">
									<PolyLine LineColor="#FF000000">
										<Point X="52.373474" Y="768.73755" />
										<Point X="52.970306" Y="768.73755" />
									</PolyLine>
									<PolyLine LineColor="#FF000000">
										<Point X="52.970306" Y="768.73755" />
										<Point X="52.970306" Y="768.1406" />
									</PolyLine>
									<PolyLine LineColor="#FF000000">
										<Point X="52.970306" Y="768.1406" />
										<Point X="52.373474" Y="768.1406" />
									</PolyLine>
								</PathFigure>
							</Path>
							<Path FillMode="Winding" RenderTransform="1 0 0 -1 0 842">
								<Brush>
									<SolidBrush Color="#FF706E74" />
								</Brush>
								<PathFigure IsClosed="True">
									<PolyLine LineColor="#FF000000">
										<Point X="248.73279" Y="768.73755" />
										<Point X="249.32962" Y="768.73755" />
									</PolyLine>
									<PolyLine LineColor="#FF000000">
										<Point X="249.32962" Y="768.73755" />
										<Point X="249.32962" Y="768.1406" />
									</PolyLine>
									<PolyLine LineColor="#FF000000">
										<Point X="249.32962" Y="768.1406" />
										<Point X="248.73279" Y="768.1406" />
									</PolyLine>
								</PathFigure>
							</Path>
							<Path FillMode="Alternate" RenderTransform="1 0 0 -1 0 842">
								<Pen Alignment="Center" DashCap="Flat" DashOffset="0" DashPattern="0.5968368 0.5968368" DashStyle="Custom" EndCap="Flat" LineJoin="Miter" MiterLimit="10" StartCap="Flat" Width="0.5968368">
									<Brush>
										<SolidBrush Color="#FF706E74" />
									</Brush>
								</Pen>
								<PathFigure IsClosed="False">
									<PolyLine LineColor="#FF000000">
										<Point X="52.970306" Y="768.4392" />
										<Point X="248.73279" Y="768.4392" />
									</PolyLine>
								</PathFigure>
							</Path>
						</Canvas>
					</Canvas>
					<Canvas>
						<Clip>
							<Path FillMode="Alternate">
								<PathFigure IsClosed="True">
									<PolyLine LineColor="#FF000000">
										<Point X="28.5" Y="28.5" />
										<Point X="566.25" Y="28.5" />
									</PolyLine>
									<PolyLine LineColor="#FF000000">
										<Point X="566.25" Y="28.5" />
										<Point X="566.25" Y="813.3404" />
									</PolyLine>
									<PolyLine LineColor="#FF000000">
										<Point X="566.25" Y="813.3404" />
										<Point X="28.5" Y="813.3404" />
									</PolyLine>
									<PolyLine LineColor="#FF000000">
										<Point X="28.5" Y="813.3404" />
										<Point X="28.5" Y="28.5" />
									</PolyLine>
								</PathFigure>
							</Path>
						</Clip>
					</Canvas>
					<Canvas>
						<Clip>
							<Path FillMode="Alternate">
								<PathFigure IsClosed="True">
									<PolyLine LineColor="#FF000000">
										<Point X="28.5" Y="28.5" />
										<Point X="566.25" Y="28.5" />
									</PolyLine>
									<PolyLine LineColor="#FF000000">
										<Point X="566.25" Y="28.5" />
										<Point X="566.25" Y="813.3404" />
									</PolyLine>
									<PolyLine LineColor="#FF000000">
										<Point X="566.25" Y="813.3404" />
										<Point X="28.5" Y="813.3404" />
									</PolyLine>
									<PolyLine LineColor="#FF000000">
										<Point X="28.5" Y="813.3404" />
										<Point X="28.5" Y="28.5" />
									</PolyLine>
								</PathFigure>
							</Path>
						</Clip>
						<Canvas>
							<Clip>
								<Path FillMode="Winding">
									<PathFigure IsClosed="False">
										<PolyLine LineColor="#FF000000">
											<Point X="250.5233" Y="73.85962" />
											<Point X="251.12013" Y="73.26276" />
										</PolyLine>
										<PolyLine LineColor="#FF000000">
											<Point X="251.12013" Y="73.26276" />
											<Point X="286.3335" Y="73.26276" />
										</PolyLine>
										<PolyLine LineColor="#FF000000">
											<Point X="286.3335" Y="73.26276" />
											<Point X="286.3335" Y="73.85962" />
										</PolyLine>
									</PathFigure>
								</Path>
							</Clip>
							<Path FillMode="Winding" RenderTransform="1 0 0 -1 0 842">
								<Brush>
									<SolidBrush Color="#FF706E74" />
								</Brush>
								<PathFigure IsClosed="True">
									<PolyLine LineColor="#FF000000">
										<Point X="250.52328" Y="768.73755" />
										<Point X="251.12013" Y="768.73755" />
									</PolyLine>
									<PolyLine LineColor="#FF000000">
										<Point X="251.12013" Y="768.73755" />
										<Point X="251.12013" Y="768.1406" />
									</PolyLine>
									<PolyLine LineColor="#FF000000">
										<Point X="251.12013" Y="768.1406" />
										<Point X="250.52328" Y="768.1406" />
									</PolyLine>
								</PathFigure>
							</Path>
							<Path FillMode="Winding" RenderTransform="1 0 0 -1 0 842">
								<Brush>
									<SolidBrush Color="#FF706E74" />
								</Brush>
								<PathFigure IsClosed="True">
									<PolyLine LineColor="#FF000000">
										<Point X="285.73666" Y="768.73755" />
										<Point X="286.3335" Y="768.73755" />
									</PolyLine>
									<PolyLine LineColor="#FF000000">
										<Point X="286.3335" Y="768.73755" />
										<Point X="286.3335" Y="768.1406" />
									</PolyLine>
									<PolyLine LineColor="#FF000000">
										<Point X="286.3335" Y="768.1406" />
										<Point X="285.73666" Y="768.1406" />
									</PolyLine>
								</PathFigure>
							</Path>
							<Path FillMode="Alternate" RenderTransform="1 0 0 -1 0 842">
								<Pen Alignment="Center" DashCap="Flat" DashOffset="0" DashPattern="0.5968368 0.5968368" DashStyle="Custom" EndCap="Flat" LineJoin="Miter" MiterLimit="10" StartCap="Flat" Width="0.5968368">
									<Brush>
										<SolidBrush Color="#FF706E74" />
									</Brush>
								</Pen>
								<PathFigure IsClosed="False">
									<PolyLine LineColor="#FF000000">
										<Point X="251.12013" Y="768.4392" />
										<Point X="285.73666" Y="768.4392" />
									</PolyLine>
								</PathFigure>
							</Path>
						</Canvas>
					</Canvas>
					<Canvas>
						<Clip>
							<Path FillMode="Alternate">
								<PathFigure IsClosed="True">
									<PolyLine LineColor="#FF000000">
										<Point X="28.5" Y="28.5" />
										<Point X="566.25" Y="28.5" />
									</PolyLine>
									<PolyLine LineColor="#FF000000">
										<Point X="566.25" Y="28.5" />
										<Point X="566.25" Y="813.3404" />
									</PolyLine>
									<PolyLine LineColor="#FF000000">
										<Point X="566.25" Y="813.3404" />
										<Point X="28.5" Y="813.3404" />
									</PolyLine>
									<PolyLine LineColor="#FF000000">
										<Point X="28.5" Y="813.3404" />
										<Point X="28.5" Y="28.5" />
									</PolyLine>
								</PathFigure>
							</Path>
						</Clip>
						<Path FillMode="Winding" RenderTransform="1 0 0 -1 0 842">
							<Brush>
								<SolidBrush Color="#FF939598" />
							</Brush>
							<PathFigure IsClosed="True">
								<PolyLine LineColor="#FF000000">
									<Point X="250.5233" Y="780.07715" />
									<Point X="250.5233" Y="768.1404" />
								</PolyLine>
								<PolyLine LineColor="#FF000000">
									<Point X="250.5233" Y="768.1404" />
									<Point X="251.12013" Y="768.73724" />
								</PolyLine>
								<PolyLine LineColor="#FF000000">
									<Point X="251.12013" Y="768.73724" />
									<Point X="251.12013" Y="780.07715" />
								</PolyLine>
								<PolyLine LineColor="#FF000000">
									<Point X="251.12013" Y="780.07715" />
									<Point X="250.5233" Y="780.07715" />
								</PolyLine>
							</PathFigure>
						</Path>
					</Canvas>
					<Canvas>
						<Clip>
							<Path FillMode="Alternate">
								<PathFigure IsClosed="True">
									<PolyLine LineColor="#FF000000">
										<Point X="28.5" Y="28.5" />
										<Point X="566.25" Y="28.5" />
									</PolyLine>
									<PolyLine LineColor="#FF000000">
										<Point X="566.25" Y="28.5" />
										<Point X="566.25" Y="813.3404" />
									</PolyLine>
									<PolyLine LineColor="#FF000000">
										<Point X="566.25" Y="813.3404" />
										<Point X="28.5" Y="813.3404" />
									</PolyLine>
									<PolyLine LineColor="#FF000000">
										<Point X="28.5" Y="813.3404" />
										<Point X="28.5" Y="28.5" />
									</PolyLine>
								</PathFigure>
							</Path>
						</Clip>
						<Canvas>
							<Clip>
								<Path FillMode="Winding">
									<PathFigure IsClosed="False">
										<PolyLine LineColor="#FF000000">
											<Point X="52.373474" Y="86.98999" />
											<Point X="52.373474" Y="86.39319" />
										</PolyLine>
										<PolyLine LineColor="#FF000000">
											<Point X="52.373474" Y="86.39319" />
											<Point X="249.32964" Y="86.39319" />
										</PolyLine>
										<PolyLine LineColor="#FF000000">
											<Point X="249.32964" Y="86.39319" />
											<Point X="249.32964" Y="86.98999" />
										</PolyLine>
									</PathFigure>
								</Path>
							</Clip>
							<Path FillMode="Winding" RenderTransform="1 0 0 -1 0 842">
								<Brush>
									<SolidBrush Color="#FF706E74" />
								</Brush>
								<PathFigure IsClosed="True">
									<PolyLine LineColor="#FF000000">
										<Point X="52.373474" Y="755.6072" />
										<Point X="52.970306" Y="755.6072" />
									</PolyLine>
									<PolyLine LineColor="#FF000000">
										<Point X="52.970306" Y="755.6072" />
										<Point X="52.970306" Y="755.01025" />
									</PolyLine>
									<PolyLine LineColor="#FF000000">
										<Point X="52.970306" Y="755.01025" />
										<Point X="52.373474" Y="755.01025" />
									</PolyLine>
								</PathFigure>
							</Path>
							<Path FillMode="Winding" RenderTransform="1 0 0 -1 0 842">
								<Brush>
									<SolidBrush Color="#FF706E74" />
								</Brush>
								<PathFigure IsClosed="True">
									<PolyLine LineColor="#FF000000">
										<Point X="248.73279" Y="755.6072" />
										<Point X="249.32962" Y="755.6072" />
									</PolyLine>
									<PolyLine LineColor="#FF000000">
										<Point X="249.32962" Y="755.6072" />
										<Point X="249.32962" Y="755.01025" />
									</PolyLine>
									<PolyLine LineColor="#FF000000">
										<Point X="249.32962" Y="755.01025" />
										<Point X="248.73279" Y="755.01025" />
									</PolyLine>
								</PathFigure>
							</Path>
							<Path FillMode="Alternate" RenderTransform="1 0 0 -1 0 842">
								<Pen Alignment="Center" DashCap="Flat" DashOffset="0" DashPattern="0.5968368 0.5968368" DashStyle="Custom" EndCap="Flat" LineJoin="Miter" MiterLimit="10" StartCap="Flat" Width="0.5968368">
									<Brush>
										<SolidBrush Color="#FF706E74" />
									</Brush>
								</Pen>
								<PathFigure IsClosed="False">
									<PolyLine LineColor="#FF000000">
										<Point X="52.970306" Y="755.3086" />
										<Point X="248.73279" Y="755.3086" />
									</PolyLine>
								</PathFigure>
							</Path>
						</Canvas>
					</Canvas>
					<Canvas>
						<Clip>
							<Path FillMode="Alternate">
								<PathFigure IsClosed="True">
									<PolyLine LineColor="#FF000000">
										<Point X="28.5" Y="28.5" />
										<Point X="566.25" Y="28.5" />
									</PolyLine>
									<PolyLine LineColor="#FF000000">
										<Point X="566.25" Y="28.5" />
										<Point X="566.25" Y="813.3404" />
									</PolyLine>
									<PolyLine LineColor="#FF000000">
										<Point X="566.25" Y="813.3404" />
										<Point X="28.5" Y="813.3404" />
									</PolyLine>
									<PolyLine LineColor="#FF000000">
										<Point X="28.5" Y="813.3404" />
										<Point X="28.5" Y="28.5" />
									</PolyLine>
								</PathFigure>
							</Path>
						</Clip>
					</Canvas>
					<Canvas>
						<Clip>
							<Path FillMode="Alternate">
								<PathFigure IsClosed="True">
									<PolyLine LineColor="#FF000000">
										<Point X="28.5" Y="28.5" />
										<Point X="566.25" Y="28.5" />
									</PolyLine>
									<PolyLine LineColor="#FF000000">
										<Point X="566.25" Y="28.5" />
										<Point X="566.25" Y="813.3404" />
									</PolyLine>
									<PolyLine LineColor="#FF000000">
										<Point X="566.25" Y="813.3404" />
										<Point X="28.5" Y="813.3404" />
									</PolyLine>
									<PolyLine LineColor="#FF000000">
										<Point X="28.5" Y="813.3404" />
										<Point X="28.5" Y="28.5" />
									</PolyLine>
								</PathFigure>
							</Path>
						</Clip>
						<Canvas>
							<Clip>
								<Path FillMode="Winding">
									<PathFigure IsClosed="False">
										<PolyLine LineColor="#FF000000">
											<Point X="250.5233" Y="86.98999" />
											<Point X="251.12013" Y="86.39319" />
										</PolyLine>
										<PolyLine LineColor="#FF000000">
											<Point X="251.12013" Y="86.39319" />
											<Point X="286.3335" Y="86.39319" />
										</PolyLine>
										<PolyLine LineColor="#FF000000">
											<Point X="286.3335" Y="86.39319" />
											<Point X="286.3335" Y="86.98999" />
										</PolyLine>
									</PathFigure>
								</Path>
							</Clip>
							<Path FillMode="Winding" RenderTransform="1 0 0 -1 0 842">
								<Brush>
									<SolidBrush Color="#FF706E74" />
								</Brush>
								<PathFigure IsClosed="True">
									<PolyLine LineColor="#FF000000">
										<Point X="250.52328" Y="755.6072" />
										<Point X="251.12013" Y="755.6072" />
									</PolyLine>
									<PolyLine LineColor="#FF000000">
										<Point X="251.12013" Y="755.6072" />
										<Point X="251.12013" Y="755.01025" />
									</PolyLine>
									<PolyLine LineColor="#FF000000">
										<Point X="251.12013" Y="755.01025" />
										<Point X="250.52328" Y="755.01025" />
									</PolyLine>
								</PathFigure>
							</Path>
							<Path FillMode="Winding" RenderTransform="1 0 0 -1 0 842">
								<Brush>
									<SolidBrush Color="#FF706E74" />
								</Brush>
								<PathFigure IsClosed="True">
									<PolyLine LineColor="#FF000000">
										<Point X="285.73666" Y="755.6072" />
										<Point X="286.3335" Y="755.6072" />
									</PolyLine>
									<PolyLine LineColor="#FF000000">
										<Point X="286.3335" Y="755.6072" />
										<Point X="286.3335" Y="755.01025" />
									</PolyLine>
									<PolyLine LineColor="#FF000000">
										<Point X="286.3335" Y="755.01025" />
										<Point X="285.73666" Y="755.01025" />
									</PolyLine>
								</PathFigure>
							</Path>
							<Path FillMode="Alternate" RenderTransform="1 0 0 -1 0 842">
								<Pen Alignment="Center" DashCap="Flat" DashOffset="0" DashPattern="0.5968368 0.5968368" DashStyle="Custom" EndCap="Flat" LineJoin="Miter" MiterLimit="10" StartCap="Flat" Width="0.5968368">
									<Brush>
										<SolidBrush Color="#FF706E74" />
									</Brush>
								</Pen>
								<PathFigure IsClosed="False">
									<PolyLine LineColor="#FF000000">
										<Point X="251.12013" Y="755.3086" />
										<Point X="285.73666" Y="755.3086" />
									</PolyLine>
								</PathFigure>
							</Path>
						</Canvas>
					</Canvas>
					<Canvas>
						<Clip>
							<Path FillMode="Alternate">
								<PathFigure IsClosed="True">
									<PolyLine LineColor="#FF000000">
										<Point X="28.5" Y="28.5" />
										<Point X="566.25" Y="28.5" />
									</PolyLine>
									<PolyLine LineColor="#FF000000">
										<Point X="566.25" Y="28.5" />
										<Point X="566.25" Y="813.3404" />
									</PolyLine>
									<PolyLine LineColor="#FF000000">
										<Point X="566.25" Y="813.3404" />
										<Point X="28.5" Y="813.3404" />
									</PolyLine>
									<PolyLine LineColor="#FF000000">
										<Point X="28.5" Y="813.3404" />
										<Point X="28.5" Y="28.5" />
									</PolyLine>
								</PathFigure>
							</Path>
						</Clip>
						<Path FillMode="Winding" RenderTransform="1 0 0 -1 0 842">
							<Brush>
								<SolidBrush Color="#FF939598" />
							</Brush>
							<PathFigure IsClosed="True">
								<PolyLine LineColor="#FF000000">
									<Point X="250.5233" Y="766.9467" />
									<Point X="250.5233" Y="755.01" />
								</PolyLine>
								<PolyLine LineColor="#FF000000">
									<Point X="250.5233" Y="755.01" />
									<Point X="251.12013" Y="755.6068" />
								</PolyLine>
								<PolyLine LineColor="#FF000000">
									<Point X="251.12013" Y="755.6068" />
									<Point X="251.12013" Y="766.9467" />
								</PolyLine>
								<PolyLine LineColor="#FF000000">
									<Point X="251.12013" Y="766.9467" />
									<Point X="250.5233" Y="766.9467" />
								</PolyLine>
							</PathFigure>
						</Path>
					</Canvas>
					<Canvas>
						<Clip>
							<Path FillMode="Alternate">
								<PathFigure IsClosed="True">
									<PolyLine LineColor="#FF000000">
										<Point X="28.5" Y="28.5" />
										<Point X="566.25" Y="28.5" />
									</PolyLine>
									<PolyLine LineColor="#FF000000">
										<Point X="566.25" Y="28.5" />
										<Point X="566.25" Y="813.3404" />
									</PolyLine>
									<PolyLine LineColor="#FF000000">
										<Point X="566.25" Y="813.3404" />
										<Point X="28.5" Y="813.3404" />
									</PolyLine>
									<PolyLine LineColor="#FF000000">
										<Point X="28.5" Y="813.3404" />
										<Point X="28.5" Y="28.5" />
									</PolyLine>
								</PathFigure>
							</Path>
						</Clip>
						<Canvas>
							<Clip>
								<Path FillMode="Winding">
									<PathFigure IsClosed="False">
										<PolyLine LineColor="#FF000000">
											<Point X="52.373474" Y="100.12042" />
											<Point X="52.373474" Y="99.52356" />
										</PolyLine>
										<PolyLine LineColor="#FF000000">
											<Point X="52.373474" Y="99.52356" />
											<Point X="249.32964" Y="99.52356" />
										</PolyLine>
										<PolyLine LineColor="#FF000000">
											<Point X="249.32964" Y="99.52356" />
											<Point X="249.32964" Y="100.12042" />
										</PolyLine>
									</PathFigure>
								</Path>
							</Clip>
							<Path FillMode="Winding" RenderTransform="1 0 0 -1 0 842">
								<Brush>
									<SolidBrush Color="#FF706E74" />
								</Brush>
								<PathFigure IsClosed="True">
									<PolyLine LineColor="#FF000000">
										<Point X="52.373474" Y="742.4768" />
										<Point X="52.970306" Y="742.4768" />
									</PolyLine>
									<PolyLine LineColor="#FF000000">
										<Point X="52.970306" Y="742.4768" />
										<Point X="52.970306" Y="741.8799" />
									</PolyLine>
									<PolyLine LineColor="#FF000000">
										<Point X="52.970306" Y="741.8799" />
										<Point X="52.373474" Y="741.8799" />
									</PolyLine>
								</PathFigure>
							</Path>
							<Path FillMode="Winding" RenderTransform="1 0 0 -1 0 842">
								<Brush>
									<SolidBrush Color="#FF706E74" />
								</Brush>
								<PathFigure IsClosed="True">
									<PolyLine LineColor="#FF000000">
										<Point X="248.73279" Y="742.4768" />
										<Point X="249.32962" Y="742.4768" />
									</PolyLine>
									<PolyLine LineColor="#FF000000">
										<Point X="249.32962" Y="742.4768" />
										<Point X="249.32962" Y="741.8799" />
									</PolyLine>
									<PolyLine LineColor="#FF000000">
										<Point X="249.32962" Y="741.8799" />
										<Point X="248.73279" Y="741.8799" />
									</PolyLine>
								</PathFigure>
							</Path>
							<Path FillMode="Alternate" RenderTransform="1 0 0 -1 0 842">
								<Pen Alignment="Center" DashCap="Flat" DashOffset="0" DashPattern="0.5968368 0.5968368" DashStyle="Custom" EndCap="Flat" LineJoin="Miter" MiterLimit="10" StartCap="Flat" Width="0.5968368">
									<Brush>
										<SolidBrush Color="#FF706E74" />
									</Brush>
								</Pen>
								<PathFigure IsClosed="False">
									<PolyLine LineColor="#FF000000">
										<Point X="52.970306" Y="742.1782" />
										<Point X="248.73279" Y="742.1782" />
									</PolyLine>
								</PathFigure>
							</Path>
						</Canvas>
					</Canvas>
					<Canvas>
						<Clip>
							<Path FillMode="Alternate">
								<PathFigure IsClosed="True">
									<PolyLine LineColor="#FF000000">
										<Point X="28.5" Y="28.5" />
										<Point X="566.25" Y="28.5" />
									</PolyLine>
									<PolyLine LineColor="#FF000000">
										<Point X="566.25" Y="28.5" />
										<Point X="566.25" Y="813.3404" />
									</PolyLine>
									<PolyLine LineColor="#FF000000">
										<Point X="566.25" Y="813.3404" />
										<Point X="28.5" Y="813.3404" />
									</PolyLine>
									<PolyLine LineColor="#FF000000">
										<Point X="28.5" Y="813.3404" />
										<Point X="28.5" Y="28.5" />
									</PolyLine>
								</PathFigure>
							</Path>
						</Clip>
					</Canvas>
					<Canvas>
						<Clip>
							<Path FillMode="Alternate">
								<PathFigure IsClosed="True">
									<PolyLine LineColor="#FF000000">
										<Point X="28.5" Y="28.5" />
										<Point X="566.25" Y="28.5" />
									</PolyLine>
									<PolyLine LineColor="#FF000000">
										<Point X="566.25" Y="28.5" />
										<Point X="566.25" Y="813.3404" />
									</PolyLine>
									<PolyLine LineColor="#FF000000">
										<Point X="566.25" Y="813.3404" />
										<Point X="28.5" Y="813.3404" />
									</PolyLine>
									<PolyLine LineColor="#FF000000">
										<Point X="28.5" Y="813.3404" />
										<Point X="28.5" Y="28.5" />
									</PolyLine>
								</PathFigure>
							</Path>
						</Clip>
						<Canvas>
							<Clip>
								<Path FillMode="Winding">
									<PathFigure IsClosed="False">
										<PolyLine LineColor="#FF000000">
											<Point X="250.5233" Y="100.12042" />
											<Point X="251.12013" Y="99.52356" />
										</PolyLine>
										<PolyLine LineColor="#FF000000">
											<Point X="251.12013" Y="99.52356" />
											<Point X="286.3335" Y="99.52356" />
										</PolyLine>
										<PolyLine LineColor="#FF000000">
											<Point X="286.3335" Y="99.52356" />
											<Point X="286.3335" Y="100.12042" />
										</PolyLine>
									</PathFigure>
								</Path>
							</Clip>
							<Path FillMode="Winding" RenderTransform="1 0 0 -1 0 842">
								<Brush>
									<SolidBrush Color="#FF706E74" />
								</Brush>
								<PathFigure IsClosed="True">
									<PolyLine LineColor="#FF000000">
										<Point X="250.52328" Y="742.4768" />
										<Point X="251.12013" Y="742.4768" />
									</PolyLine>
									<PolyLine LineColor="#FF000000">
										<Point X="251.12013" Y="742.4768" />
										<Point X="251.12013" Y="741.8799" />
									</PolyLine>
									<PolyLine LineColor="#FF000000">
										<Point X="251.12013" Y="741.8799" />
										<Point X="250.52328" Y="741.8799" />
									</PolyLine>
								</PathFigure>
							</Path>
							<Path FillMode="Winding" RenderTransform="1 0 0 -1 0 842">
								<Brush>
									<SolidBrush Color="#FF706E74" />
								</Brush>
								<PathFigure IsClosed="True">
									<PolyLine LineColor="#FF000000">
										<Point X="285.73666" Y="742.4768" />
										<Point X="286.3335" Y="742.4768" />
									</PolyLine>
									<PolyLine LineColor="#FF000000">
										<Point X="286.3335" Y="742.4768" />
										<Point X="286.3335" Y="741.8799" />
									</PolyLine>
									<PolyLine LineColor="#FF000000">
										<Point X="286.3335" Y="741.8799" />
										<Point X="285.73666" Y="741.8799" />
									</PolyLine>
								</PathFigure>
							</Path>
							<Path FillMode="Alternate" RenderTransform="1 0 0 -1 0 842">
								<Pen Alignment="Center" DashCap="Flat" DashOffset="0" DashPattern="0.5968368 0.5968368" DashStyle="Custom" EndCap="Flat" LineJoin="Miter" MiterLimit="10" StartCap="Flat" Width="0.5968368">
									<Brush>
										<SolidBrush Color="#FF706E74" />
									</Brush>
								</Pen>
								<PathFigure IsClosed="False">
									<PolyLine LineColor="#FF000000">
										<Point X="251.12013" Y="742.1782" />
										<Point X="285.73666" Y="742.1782" />
									</PolyLine>
								</PathFigure>
							</Path>
						</Canvas>
					</Canvas>
					<Canvas>
						<Clip>
							<Path FillMode="Alternate">
								<PathFigure IsClosed="True">
									<PolyLine LineColor="#FF000000">
										<Point X="28.5" Y="28.5" />
										<Point X="566.25" Y="28.5" />
									</PolyLine>
									<PolyLine LineColor="#FF000000">
										<Point X="566.25" Y="28.5" />
										<Point X="566.25" Y="813.3404" />
									</PolyLine>
									<PolyLine LineColor="#FF000000">
										<Point X="566.25" Y="813.3404" />
										<Point X="28.5" Y="813.3404" />
									</PolyLine>
									<PolyLine LineColor="#FF000000">
										<Point X="28.5" Y="813.3404" />
										<Point X="28.5" Y="28.5" />
									</PolyLine>
								</PathFigure>
							</Path>
						</Clip>
						<Path FillMode="Winding" RenderTransform="1 0 0 -1 0 842">
							<Brush>
								<SolidBrush Color="#FF939598" />
							</Brush>
							<PathFigure IsClosed="True">
								<PolyLine LineColor="#FF000000">
									<Point X="250.5233" Y="753.8163" />
									<Point X="250.5233" Y="741.8796" />
								</PolyLine>
								<PolyLine LineColor="#FF000000">
									<Point X="250.5233" Y="741.8796" />
									<Point X="251.12013" Y="742.47644" />
								</PolyLine>
								<PolyLine LineColor="#FF000000">
									<Point X="251.12013" Y="742.47644" />
									<Point X="251.12013" Y="753.8163" />
								</PolyLine>
								<PolyLine LineColor="#FF000000">
									<Point X="251.12013" Y="753.8163" />
									<Point X="250.5233" Y="753.8163" />
								</PolyLine>
							</PathFigure>
						</Path>
					</Canvas>
					<Canvas>
						<Clip>
							<Path FillMode="Alternate">
								<PathFigure IsClosed="True">
									<PolyLine LineColor="#FF000000">
										<Point X="28.5" Y="28.5" />
										<Point X="566.25" Y="28.5" />
									</PolyLine>
									<PolyLine LineColor="#FF000000">
										<Point X="566.25" Y="28.5" />
										<Point X="566.25" Y="813.3404" />
									</PolyLine>
									<PolyLine LineColor="#FF000000">
										<Point X="566.25" Y="813.3404" />
										<Point X="28.5" Y="813.3404" />
									</PolyLine>
									<PolyLine LineColor="#FF000000">
										<Point X="28.5" Y="813.3404" />
										<Point X="28.5" Y="28.5" />
									</PolyLine>
								</PathFigure>
							</Path>
						</Clip>
						<Canvas>
							<Clip>
								<Path FillMode="Winding">
									<PathFigure IsClosed="False">
										<PolyLine LineColor="#FF000000">
											<Point X="52.373474" Y="113.250854" />
											<Point X="52.373474" Y="112.65399" />
										</PolyLine>
										<PolyLine LineColor="#FF000000">
											<Point X="52.373474" Y="112.65399" />
											<Point X="249.32964" Y="112.65399" />
										</PolyLine>
										<PolyLine LineColor="#FF000000">
											<Point X="249.32964" Y="112.65399" />
											<Point X="249.32964" Y="113.250854" />
										</PolyLine>
									</PathFigure>
								</Path>
							</Clip>
							<Path FillMode="Winding" RenderTransform="1 0 0 -1 0 842">
								<Brush>
									<SolidBrush Color="#FF706E74" />
								</Brush>
								<PathFigure IsClosed="True">
									<PolyLine LineColor="#FF000000">
										<Point X="52.373474" Y="729.3462" />
										<Point X="52.970306" Y="729.3462" />
									</PolyLine>
									<PolyLine LineColor="#FF000000">
										<Point X="52.970306" Y="729.3462" />
										<Point X="52.970306" Y="728.7495" />
									</PolyLine>
									<PolyLine LineColor="#FF000000">
										<Point X="52.970306" Y="728.7495" />
										<Point X="52.373474" Y="728.7495" />
									</PolyLine>
								</PathFigure>
							</Path>
							<Path FillMode="Winding" RenderTransform="1 0 0 -1 0 842">
								<Brush>
									<SolidBrush Color="#FF706E74" />
								</Brush>
								<PathFigure IsClosed="True">
									<PolyLine LineColor="#FF000000">
										<Point X="248.73279" Y="729.3462" />
										<Point X="249.32962" Y="729.3462" />
									</PolyLine>
									<PolyLine LineColor="#FF000000">
										<Point X="249.32962" Y="729.3462" />
										<Point X="249.32962" Y="728.7495" />
									</PolyLine>
									<PolyLine LineColor="#FF000000">
										<Point X="249.32962" Y="728.7495" />
										<Point X="248.73279" Y="728.7495" />
									</PolyLine>
								</PathFigure>
							</Path>
							<Path FillMode="Alternate" RenderTransform="1 0 0 -1 0 842">
								<Pen Alignment="Center" DashCap="Flat" DashOffset="0" DashPattern="0.5968368 0.5968368" DashStyle="Custom" EndCap="Flat" LineJoin="Miter" MiterLimit="10" StartCap="Flat" Width="0.5968368">
									<Brush>
										<SolidBrush Color="#FF706E74" />
									</Brush>
								</Pen>
								<PathFigure IsClosed="False">
									<PolyLine LineColor="#FF000000">
										<Point X="52.970306" Y="729.04785" />
										<Point X="248.73279" Y="729.04785" />
									</PolyLine>
								</PathFigure>
							</Path>
						</Canvas>
					</Canvas>
					<Canvas>
						<Clip>
							<Path FillMode="Alternate">
								<PathFigure IsClosed="True">
									<PolyLine LineColor="#FF000000">
										<Point X="28.5" Y="28.5" />
										<Point X="566.25" Y="28.5" />
									</PolyLine>
									<PolyLine LineColor="#FF000000">
										<Point X="566.25" Y="28.5" />
										<Point X="566.25" Y="813.3404" />
									</PolyLine>
									<PolyLine LineColor="#FF000000">
										<Point X="566.25" Y="813.3404" />
										<Point X="28.5" Y="813.3404" />
									</PolyLine>
									<PolyLine LineColor="#FF000000">
										<Point X="28.5" Y="813.3404" />
										<Point X="28.5" Y="28.5" />
									</PolyLine>
								</PathFigure>
							</Path>
						</Clip>
					</Canvas>
					<Canvas>
						<Clip>
							<Path FillMode="Alternate">
								<PathFigure IsClosed="True">
									<PolyLine LineColor="#FF000000">
										<Point X="28.5" Y="28.5" />
										<Point X="566.25" Y="28.5" />
									</PolyLine>
									<PolyLine LineColor="#FF000000">
										<Point X="566.25" Y="28.5" />
										<Point X="566.25" Y="813.3404" />
									</PolyLine>
									<PolyLine LineColor="#FF000000">
										<Point X="566.25" Y="813.3404" />
										<Point X="28.5" Y="813.3404" />
									</PolyLine>
									<PolyLine LineColor="#FF000000">
										<Point X="28.5" Y="813.3404" />
										<Point X="28.5" Y="28.5" />
									</PolyLine>
								</PathFigure>
							</Path>
						</Clip>
						<Canvas>
							<Clip>
								<Path FillMode="Winding">
									<PathFigure IsClosed="False">
										<PolyLine LineColor="#FF000000">
											<Point X="250.5233" Y="113.250854" />
											<Point X="251.12013" Y="112.65399" />
										</PolyLine>
										<PolyLine LineColor="#FF000000">
											<Point X="251.12013" Y="112.65399" />
											<Point X="286.3335" Y="112.65399" />
										</PolyLine>
										<PolyLine LineColor="#FF000000">
											<Point X="286.3335" Y="112.65399" />
											<Point X="286.3335" Y="113.250854" />
										</PolyLine>
									</PathFigure>
								</Path>
							</Clip>
							<Path FillMode="Winding" RenderTransform="1 0 0 -1 0 842">
								<Brush>
									<SolidBrush Color="#FF706E74" />
								</Brush>
								<PathFigure IsClosed="True">
									<PolyLine LineColor="#FF000000">
										<Point X="250.52328" Y="729.3462" />
										<Point X="251.12013" Y="729.3462" />
									</PolyLine>
									<PolyLine LineColor="#FF000000">
										<Point X="251.12013" Y="729.3462" />
										<Point X="251.12013" Y="728.7495" />
									</PolyLine>
									<PolyLine LineColor="#FF000000">
										<Point X="251.12013" Y="728.7495" />
										<Point X="250.52328" Y="728.7495" />
									</PolyLine>
								</PathFigure>
							</Path>
							<Path FillMode="Winding" RenderTransform="1 0 0 -1 0 842">
								<Brush>
									<SolidBrush Color="#FF706E74" />
								</Brush>
								<PathFigure IsClosed="True">
									<PolyLine LineColor="#FF000000">
										<Point X="285.73666" Y="729.3462" />
										<Point X="286.3335" Y="729.3462" />
									</PolyLine>
									<PolyLine LineColor="#FF000000">
										<Point X="286.3335" Y="729.3462" />
										<Point X="286.3335" Y="728.7495" />
									</PolyLine>
									<PolyLine LineColor="#FF000000">
										<Point X="286.3335" Y="728.7495" />
										<Point X="285.73666" Y="728.7495" />
									</PolyLine>
								</PathFigure>
							</Path>
							<Path FillMode="Alternate" RenderTransform="1 0 0 -1 0 842">
								<Pen Alignment="Center" DashCap="Flat" DashOffset="0" DashPattern="0.5968368 0.5968368" DashStyle="Custom" EndCap="Flat" LineJoin="Miter" MiterLimit="10" StartCap="Flat" Width="0.5968368">
									<Brush>
										<SolidBrush Color="#FF706E74" />
									</Brush>
								</Pen>
								<PathFigure IsClosed="False">
									<PolyLine LineColor="#FF000000">
										<Point X="251.12013" Y="729.04785" />
										<Point X="285.73666" Y="729.04785" />
									</PolyLine>
								</PathFigure>
							</Path>
						</Canvas>
					</Canvas>
					<Canvas>
						<Clip>
							<Path FillMode="Alternate">
								<PathFigure IsClosed="True">
									<PolyLine LineColor="#FF000000">
										<Point X="28.5" Y="28.5" />
										<Point X="566.25" Y="28.5" />
									</PolyLine>
									<PolyLine LineColor="#FF000000">
										<Point X="566.25" Y="28.5" />
										<Point X="566.25" Y="813.3404" />
									</PolyLine>
									<PolyLine LineColor="#FF000000">
										<Point X="566.25" Y="813.3404" />
										<Point X="28.5" Y="813.3404" />
									</PolyLine>
									<PolyLine LineColor="#FF000000">
										<Point X="28.5" Y="813.3404" />
										<Point X="28.5" Y="28.5" />
									</PolyLine>
								</PathFigure>
							</Path>
						</Clip>
						<Path FillMode="Winding" RenderTransform="1 0 0 -1 0 842">
							<Brush>
								<SolidBrush Color="#FF939598" />
							</Brush>
							<PathFigure IsClosed="True">
								<PolyLine LineColor="#FF000000">
									<Point X="250.5233" Y="740.6859" />
									<Point X="250.5233" Y="728.74915" />
								</PolyLine>
								<PolyLine LineColor="#FF000000">
									<Point X="250.5233" Y="728.74915" />
									<Point X="251.12013" Y="729.346" />
								</PolyLine>
								<PolyLine LineColor="#FF000000">
									<Point X="251.12013" Y="729.346" />
									<Point X="251.12013" Y="740.6859" />
								</PolyLine>
								<PolyLine LineColor="#FF000000">
									<Point X="251.12013" Y="740.6859" />
									<Point X="250.5233" Y="740.6859" />
								</PolyLine>
							</PathFigure>
						</Path>
						<Path FillMode="Winding" RenderTransform="1 0 0 -1 0 842">
							<Brush>
								<SolidBrush Color="#FF005F7F" />
							</Brush>
							<PathFigure IsClosed="True">
								<PolyLine LineColor="#FF000000">
									<Point X="52.373474" Y="812.30664" />
									<Point X="286.3335" Y="812.30664" />
								</PolyLine>
								<PolyLine LineColor="#FF000000">
									<Point X="286.3335" Y="812.30664" />
									<Point X="286.3335" Y="794.4016" />
								</PolyLine>
								<PolyLine LineColor="#FF000000">
									<Point X="286.3335" Y="794.4016" />
									<Point X="52.373474" Y="794.4016" />
								</PolyLine>
							</PathFigure>
						</Path>
						<Path FillMode="Winding" RenderTransform="1 0 0 -1 0 842">
							<Brush>
								<SolidBrush Color="#FFFFFFFF" />
							</Brush>
							<PathFigure IsClosed="True">
								<PolyLine LineColor="#FF000000">
									<Point X="52.373474" Y="794.9983" />
									<Point X="286.3335" Y="794.9983" />
								</PolyLine>
								<PolyLine LineColor="#FF000000">
									<Point X="286.3335" Y="794.9983" />
									<Point X="286.3335" Y="794.4016" />
								</PolyLine>
								<PolyLine LineColor="#FF000000">
									<Point X="286.3335" Y="794.4016" />
									<Point X="52.373474" Y="794.4016" />
								</PolyLine>
							</PathFigure>
						</Path>
						<Path FillMode="Winding" RenderTransform="1 0 0 -1 0 842">
							<Brush>
								<SolidBrush Color="#FFFFFFFF" />
							</Brush>
							<PathFigure IsClosed="True">
								<PolyLine LineColor="#FF000000">
									<Point X="52.373474" Y="812.30664" />
									<Point X="52.970306" Y="812.30664" />
								</PolyLine>
								<PolyLine LineColor="#FF000000">
									<Point X="52.970306" Y="812.30664" />
									<Point X="52.970306" Y="794.4016" />
								</PolyLine>
								<PolyLine LineColor="#FF000000">
									<Point X="52.970306" Y="794.4016" />
									<Point X="52.373474" Y="794.4016" />
								</PolyLine>
							</PathFigure>
						</Path>
						<Glyphs OutlineWidth="0.5" CharSpace="0" RenderTransform="0.5968368 0 -0 0.5968368 57.148167 57.14795">
							<Font SizePoints="14" Style="Regular" FamilyName="CSMVMI+BlissPro" Capitals="Normal" ResourceId="2" />
							<Origin X="0" Y="0" />
							<Text>П</Text>
							<Size Width="9.296" Height="8.162108" />
							<Brush>
								<SolidBrush Color="#FF000000" />
							</Brush>
							<Tag>convertedFont</Tag>
						</Glyphs>
						<Glyphs OutlineWidth="0.5" CharSpace="0" RenderTransform="0.5968368 0 -0 0.5968368 62.734184 57.14795">
							<Font SizePoints="14" Style="Regular" FamilyName="CSMVMI+BlissPro" Capitals="Normal" ResourceId="2" />
							<Origin X="0" Y="0" />
							<Text>о</Text>
							<Size Width="7.364" Height="8.162108" />
							<Brush>
								<SolidBrush Color="#FF000000" />
							</Brush>
							<Tag>convertedFont</Tag>
						</Glyphs>
						<Glyphs OutlineWidth="0.5" CharSpace="0" RenderTransform="0.5968368 0 -0 0.5968368 67.15451 57.14795">
							<Font SizePoints="14" Style="Regular" FamilyName="CSMVMI+BlissPro" Capitals="Normal" ResourceId="2" />
							<Origin X="0" Y="0" />
							<Text>т</Text>
							<Size Width="6.174" Height="8.162108" />
							<Brush>
								<SolidBrush Color="#FF000000" />
							</Brush>
							<Tag>convertedFont</Tag>
						</Glyphs>
						<Glyphs OutlineWidth="0.5" CharSpace="0" RenderTransform="0.5968368 0 -0 0.5968368 70.86609 57.14795">
							<Font SizePoints="14" Style="Regular" FamilyName="CSMVMI+BlissPro" Capitals="Normal" ResourceId="2" />
							<Origin X="0" Y="0" />
							<Text>е</Text>
							<Size Width="6.636" Height="8.162108" />
							<Brush>
								<SolidBrush Color="#FF000000" />
							</Brush>
							<Tag>convertedFont</Tag>
						</Glyphs>
						<Glyphs OutlineWidth="0.5" CharSpace="0" RenderTransform="0.5968368 0 -0 0.5968368 74.85744 57.14795">
							<Font SizePoints="14" Style="Regular" FamilyName="CSMVMI+BlissPro" Capitals="Normal" ResourceId="2" />
							<Origin X="0" Y="0" />
							<Text>р</Text>
							<Size Width="7.14" Height="8.162108" />
							<Brush>
								<SolidBrush Color="#FF000000" />
							</Brush>
							<Tag>convertedFont</Tag>
						</Glyphs>
						<Glyphs OutlineWidth="0.5" CharSpace="0" RenderTransform="0.5968368 0 -0 0.5968368 79.1472 57.14795">
							<Font SizePoints="14" Style="Regular" FamilyName="CSMVMI+BlissPro" Capitals="Normal" ResourceId="2" />
							<Origin X="0" Y="0" />
							<Text>я</Text>
							<Size Width="6.678" Height="8.162108" />
							<Brush>
								<SolidBrush Color="#FF000000" />
							</Brush>
							<Tag>convertedFont</Tag>
						</Glyphs>
						<Glyphs OutlineWidth="0.5" CharSpace="0" RenderTransform="0.5968368 0 -0 0.5968368 83.157196 57.14795">
							<Font SizePoints="14" Style="Regular" FamilyName="CSMVMI+BlissPro" Capitals="Normal" ResourceId="2" />
							<Origin X="0" Y="0" />
							<Text> </Text>
							<Size Width="3.094" Height="8.162108" />
							<Brush>
								<SolidBrush Color="#FF000000" />
							</Brush>
							<Tag>convertedFont</Tag>
						</Glyphs>
						<Glyphs OutlineWidth="0.5" CharSpace="0" RenderTransform="0.5968368 0 -0 0.5968368 85.012985 57.14795">
							<Font SizePoints="14" Style="Regular" FamilyName="CSMVMI+BlissPro" Capitals="Normal" ResourceId="2" />
							<Origin X="0" Y="0" />
							<Text>д</Text>
							<Size Width="7.602" Height="8.162108" />
							<Brush>
								<SolidBrush Color="#FF000000" />
							</Brush>
							<Tag>convertedFont</Tag>
						</Glyphs>
						<Glyphs OutlineWidth="0.5" CharSpace="0" RenderTransform="0.5968368 0 -0 0.5968368 89.58252 57.14795">
							<Font SizePoints="14" Style="Regular" FamilyName="CSMVMI+BlissPro" Capitals="Normal" ResourceId="2" />
							<Origin X="0" Y="0" />
							<Text>а</Text>
							<Size Width="6.608" Height="8.162108" />
							<Brush>
								<SolidBrush Color="#FF000000" />
							</Brush>
							<Tag>convertedFont</Tag>
						</Glyphs>
						<Glyphs OutlineWidth="0.5" CharSpace="0" RenderTransform="0.5968368 0 -0 0.5968368 93.555214 57.14795">
							<Font SizePoints="14" Style="Regular" FamilyName="CSMVMI+BlissPro" Capitals="Normal" ResourceId="2" />
							<Origin X="0" Y="0" />
							<Text>в</Text>
							<Size Width="6.538" Height="8.162108" />
							<Brush>
								<SolidBrush Color="#FF000000" />
							</Brush>
							<Tag>convertedFont</Tag>
						</Glyphs>
						<Glyphs OutlineWidth="0.5" CharSpace="0" RenderTransform="0.5968368 0 -0 0.5968368 97.49061 57.14795">
							<Font SizePoints="14" Style="Regular" FamilyName="CSMVMI+BlissPro" Capitals="Normal" ResourceId="2" />
							<Origin X="0" Y="0" />
							<Text>л</Text>
							<Size Width="7.042" Height="8.162108" />
							<Brush>
								<SolidBrush Color="#FF000000" />
							</Brush>
							<Tag>convertedFont</Tag>
						</Glyphs>
						<Glyphs OutlineWidth="0.5" CharSpace="0" RenderTransform="0.5968368 0 -0 0.5968368 101.72442 57.14795">
							<Font SizePoints="14" Style="Regular" FamilyName="CSMVMI+BlissPro" Capitals="Normal" ResourceId="2" />
							<Origin X="0" Y="0" />
							<Text>е</Text>
							<Size Width="6.636" Height="8.162108" />
							<Brush>
								<SolidBrush Color="#FF000000" />
							</Brush>
							<Tag>convertedFont</Tag>
						</Glyphs>
						<Glyphs OutlineWidth="0.5" CharSpace="0" RenderTransform="0.5968368 0 -0 0.5968368 105.71576 57.14795">
							<Font SizePoints="14" Style="Regular" FamilyName="CSMVMI+BlissPro" Capitals="Normal" ResourceId="2" />
							<Origin X="0" Y="0" />
							<Text>н</Text>
							<Size Width="7.266" Height="8.162108" />
							<Brush>
								<SolidBrush Color="#FF000000" />
							</Brush>
							<Tag>convertedFont</Tag>
						</Glyphs>
						<Glyphs OutlineWidth="0.5" CharSpace="0" RenderTransform="0.5968368 0 -0 0.5968368 110.08013 57.14795">
							<Font SizePoints="14" Style="Regular" FamilyName="CSMVMI+BlissPro" Capitals="Normal" ResourceId="2" />
							<Origin X="0" Y="0" />
							<Text>и</Text>
							<Size Width="7.518" Height="8.162108" />
							<Brush>
								<SolidBrush Color="#FF000000" />
							</Brush>
							<Tag>convertedFont</Tag>
						</Glyphs>
						<Glyphs OutlineWidth="0.5" CharSpace="0" RenderTransform="0.5968368 0 -0 0.5968368 114.59371 57.14795">
							<Font SizePoints="14" Style="Regular" FamilyName="CSMVMI+BlissPro" Capitals="Normal" ResourceId="2" />
							<Origin X="0" Y="0" />
							<Text>я</Text>
							<Size Width="6.678" Height="8.162108" />
							<Brush>
								<SolidBrush Color="#FF000000" />
							</Brush>
							<Tag>convertedFont</Tag>
						</Glyphs>
						<Glyphs OutlineWidth="0.5" CharSpace="0" RenderTransform="0.5968368 0 -0 0.5968368 118.60371 57.14795">
							<Font SizePoints="14" Style="Regular" FamilyName="CSMVMI+BlissPro" Capitals="Normal" ResourceId="2" />
							<Origin X="0" Y="0" />
							<Text> </Text>
							<Size Width="3.094" Height="8.162108" />
							<Brush>
								<SolidBrush Color="#FF000000" />
							</Brush>
							<Tag>convertedFont</Tag>
						</Glyphs>
						<Glyphs OutlineWidth="0.5" CharSpace="0" RenderTransform="0.5968368 0 -0 0.5968368 120.459496 57.14795">
							<Font SizePoints="14" Style="Regular" FamilyName="CSMVMI+BlissPro" Capitals="Normal" ResourceId="2" />
							<Origin X="0" Y="0" />
							<Text>в</Text>
							<Size Width="6.538" Height="8.162108" />
							<Brush>
								<SolidBrush Color="#FF000000" />
							</Brush>
							<Tag>convertedFont</Tag>
						</Glyphs>
						<Glyphs OutlineWidth="0.5" CharSpace="0" RenderTransform="0.5968368 0 -0 0.5968368 124.39489 57.14795">
							<Font SizePoints="14" Style="Regular" FamilyName="CSMVMI+BlissPro" Capitals="Normal" ResourceId="2" />
							<Origin X="0" Y="0" />
							<Text>о</Text>
							<Size Width="7.364" Height="8.162108" />
							<Brush>
								<SolidBrush Color="#FF000000" />
							</Brush>
							<Tag>convertedFont</Tag>
						</Glyphs>
						<Glyphs OutlineWidth="0.5" CharSpace="0" RenderTransform="0.5968368 0 -0 0.5968368 128.81522 57.14795">
							<Font SizePoints="14" Style="Regular" FamilyName="CSMVMI+BlissPro" Capitals="Normal" ResourceId="2" />
							<Origin X="0" Y="0" />
							<Text>з</Text>
							<Size Width="5.894" Height="8.162108" />
							<Brush>
								<SolidBrush Color="#FF000000" />
							</Brush>
							<Tag>convertedFont</Tag>
						</Glyphs>
						<Glyphs OutlineWidth="0.5" CharSpace="0" RenderTransform="0.5968368 0 -0 0.5968368 132.35893 57.14795">
							<Font SizePoints="14" Style="Regular" FamilyName="CSMVMI+BlissPro" Capitals="Normal" ResourceId="2" />
							<Origin X="0" Y="0" />
							<Text>д</Text>
							<Size Width="7.602" Height="8.162108" />
							<Brush>
								<SolidBrush Color="#FF000000" />
							</Brush>
							<Tag>convertedFont</Tag>
						</Glyphs>
						<Glyphs OutlineWidth="0.5" CharSpace="0" RenderTransform="0.5968368 0 -0 0.5968368 136.92847 57.14795">
							<Font SizePoints="14" Style="Regular" FamilyName="CSMVMI+BlissPro" Capitals="Normal" ResourceId="2" />
							<Origin X="0" Y="0" />
							<Text>у</Text>
							<Size Width="6.776" Height="8.162108" />
							<Brush>
								<SolidBrush Color="#FF000000" />
							</Brush>
							<Tag>convertedFont</Tag>
						</Glyphs>
						<Glyphs OutlineWidth="0.5" CharSpace="0" RenderTransform="0.5968368 0 -0 0.5968368 141.00374 57.14795">
							<Font SizePoints="14" Style="Regular" FamilyName="CSMVMI+BlissPro" Capitals="Normal" ResourceId="2" />
							<Origin X="0" Y="0" />
							<Text>х</Text>
							<Size Width="6.454" Height="8.162108" />
							<Brush>
								<SolidBrush Color="#FF000000" />
							</Brush>
							<Tag>convertedFont</Tag>
						</Glyphs>
						<Glyphs OutlineWidth="0.5" CharSpace="0" RenderTransform="0.5968368 0 -0 0.5968368 144.88318 57.14795">
							<Font SizePoints="14" Style="Regular" FamilyName="CSMVMI+BlissPro" Capitals="Normal" ResourceId="2" />
							<Origin X="0" Y="0" />
							<Text>а</Text>
							<Size Width="6.608" Height="8.162108" />
							<Brush>
								<SolidBrush Color="#FF000000" />
							</Brush>
							<Tag>convertedFont</Tag>
						</Glyphs>
						<Glyphs OutlineWidth="0.5" CharSpace="0" RenderTransform="0.5968368 0 -0 0.5968368 148.85587 57.14795">
							<Font SizePoints="14" Style="Regular" FamilyName="CSMVMI+BlissPro" Capitals="Normal" ResourceId="2" />
							<Origin X="0" Y="0" />
							<Text> </Text>
							<Size Width="3.094" Height="8.162108" />
							<Brush>
								<SolidBrush Color="#FF000000" />
							</Brush>
							<Tag>convertedFont</Tag>
						</Glyphs>
						<Glyphs OutlineWidth="0.5" CharSpace="0" RenderTransform="0.5968368 0 -0 0.5968368 150.71167 57.14795">
							<Font SizePoints="14" Style="Regular" FamilyName="CSMVMI+BlissPro" Capitals="Normal" ResourceId="2" />
							<Origin X="0" Y="0" />
							<Text>(</Text>
							<Size Width="4.508" Height="8.162108" />
							<Brush>
								<SolidBrush Color="#FF000000" />
							</Brush>
							<Tag>convertedFont</Tag>
						</Glyphs>
						<Glyphs OutlineWidth="0.5" CharSpace="0" RenderTransform="0.5968368 0 -0 0.5968368 153.41608 57.14795">
							<Font SizePoints="14" Style="Regular" FamilyName="CSMVMI+BlissPro" Capitals="Normal" ResourceId="2" />
							<Origin X="0" Y="0" />
							<Text>П</Text>
							<Size Width="9.296" Height="8.162108" />
							<Brush>
								<SolidBrush Color="#FF000000" />
							</Brush>
							<Tag>convertedFont</Tag>
						</Glyphs>
						<Glyphs OutlineWidth="0.5" CharSpace="0" RenderTransform="0.5968368 0 -0 0.5968368 159.00209 57.14795">
							<Font SizePoints="14" Style="Regular" FamilyName="CSMVMI+BlissPro" Capitals="Normal" ResourceId="2" />
							<Origin X="0" Y="0" />
							<Text>а</Text>
							<Size Width="6.608" Height="8.162108" />
							<Brush>
								<SolidBrush Color="#FF000000" />
							</Brush>
							<Tag>convertedFont</Tag>
						</Glyphs>
						<Glyphs OutlineWidth="0.5" CharSpace="0" RenderTransform="0.5968368 0 -0 0.5968368 162.9748 57.14795">
							<Font SizePoints="14" Style="Regular" FamilyName="CSMVMI+BlissPro" Capitals="Normal" ResourceId="2" />
							<Origin X="0" Y="0" />
							<Text>)</Text>
							<Size Width="4.508" Height="8.162108" />
							<Brush>
								<SolidBrush Color="#FF000000" />
							</Brush>
							<Tag>convertedFont</Tag>
						</Glyphs>
						<Glyphs OutlineWidth="0.5" CharSpace="0" RenderTransform="0.5968368 0 -0 0.5968368 255.89482 57.14795">
							<Font SizePoints="14" Style="Regular" FamilyName="CSMVMI+BlissPro" Capitals="Normal" ResourceId="2" />
							<Origin X="0" Y="0" />
							<Text>2</Text>
							<Size Width="7.154" Height="8.162108" />
							<Brush>
								<SolidBrush Color="#FF000000" />
							</Brush>
							<Tag>convertedFont</Tag>
						</Glyphs>
						<Glyphs OutlineWidth="0.5" CharSpace="0" RenderTransform="0.5968368 0 -0 0.5968368 260.1939 57.14795">
							<Font SizePoints="14" Style="Regular" FamilyName="CSMVMI+BlissPro" Capitals="Normal" ResourceId="2" />
							<Origin X="0" Y="0" />
							<Text>.</Text>
							<Size Width="3.276" Height="8.162108" />
							<Brush>
								<SolidBrush Color="#FF000000" />
							</Brush>
							<Tag>convertedFont</Tag>
						</Glyphs>
						<Glyphs OutlineWidth="0.5" CharSpace="0" RenderTransform="0.5968368 0 -0 0.5968368 262.16162 57.14795">
							<Font SizePoints="14" Style="Regular" FamilyName="CSMVMI+BlissPro" Capitals="Normal" ResourceId="2" />
							<Origin X="0" Y="0" />
							<Text>5</Text>
							<Size Width="7.126" Height="8.162108" />
							<Brush>
								<SolidBrush Color="#FF000000" />
							</Brush>
							<Tag>convertedFont</Tag>
						</Glyphs>
						<Glyphs OutlineWidth="0.5" CharSpace="0" RenderTransform="0.5968368 0 -0 0.5968368 57.148167 70.27832">
							<Font SizePoints="14" Style="Regular" FamilyName="CSMVMI+BlissPro" Capitals="Normal" ResourceId="2" />
							<Origin X="0" Y="0" />
							<Text>t</Text>
							<Size Width="4.998" Height="8.162108" />
							<Brush>
								<SolidBrush Color="#FF000000" />
							</Brush>
							<Tag>convertedFont</Tag>
						</Glyphs>
						<Glyphs OutlineWidth="0.5" CharSpace="0" RenderTransform="0.5968368 0 -0 0.5968368 60.151 70.27832">
							<Font SizePoints="14" Style="Regular" FamilyName="CSMVMI+BlissPro" Capitals="Normal" ResourceId="2" />
							<Origin X="0" Y="0" />
							<Text>°</Text>
							<Size Width="5.362" Height="8.162108" />
							<Brush>
								<SolidBrush Color="#FF000000" />
							</Brush>
							<Tag>convertedFont</Tag>
						</Glyphs>
						<Glyphs OutlineWidth="0.5" CharSpace="0" RenderTransform="0.5968368 0 -0 0.5968368 63.368324 70.27832">
							<Font SizePoints="14" Style="Regular" FamilyName="CSMVMI+BlissPro" Capitals="Normal" ResourceId="2" />
							<Origin X="0" Y="0" />
							<Text> </Text>
							<Size Width="3.094" Height="8.162108" />
							<Brush>
								<SolidBrush Color="#FF000000" />
							</Brush>
							<Tag>convertedFont</Tag>
						</Glyphs>
						<Glyphs OutlineWidth="0.5" CharSpace="0" RenderTransform="0.5968368 0 -0 0.5968368 65.22411 70.27832">
							<Font SizePoints="14" Style="Regular" FamilyName="CSMVMI+BlissPro" Capitals="Normal" ResourceId="2" />
							<Origin X="0" Y="0" />
							<Text>в</Text>
							<Size Width="6.538" Height="8.162108" />
							<Brush>
								<SolidBrush Color="#FF000000" />
							</Brush>
							<Tag>convertedFont</Tag>
						</Glyphs>
						<Glyphs OutlineWidth="0.5" CharSpace="0" RenderTransform="0.5968368 0 -0 0.5968368 69.15951 70.27832">
							<Font SizePoints="14" Style="Regular" FamilyName="CSMVMI+BlissPro" Capitals="Normal" ResourceId="2" />
							<Origin X="0" Y="0" />
							<Text>х</Text>
							<Size Width="6.454" Height="8.162108" />
							<Brush>
								<SolidBrush Color="#FF000000" />
							</Brush>
							<Tag>convertedFont</Tag>
						</Glyphs>
						<Glyphs OutlineWidth="0.5" CharSpace="0" RenderTransform="0.5968368 0 -0 0.5968368 73.03895 70.27832">
							<Font SizePoints="14" Style="Regular" FamilyName="CSMVMI+BlissPro" Capitals="Normal" ResourceId="2" />
							<Origin X="0" Y="0" />
							<Text>.</Text>
							<Size Width="3.276" Height="8.162108" />
							<Brush>
								<SolidBrush Color="#FF000000" />
							</Brush>
							<Tag>convertedFont</Tag>
						</Glyphs>
						<Glyphs OutlineWidth="0.5" CharSpace="0" RenderTransform="0.5968368 0 -0 0.5968368 75.00664 70.27832">
							<Font SizePoints="14" Style="Regular" FamilyName="CSMVMI+BlissPro" Capitals="Normal" ResourceId="2" />
							<Origin X="0" Y="0" />
							<Text> </Text>
							<Size Width="3.094" Height="8.162108" />
							<Brush>
								<SolidBrush Color="#FF000000" />
							</Brush>
							<Tag>convertedFont</Tag>
						</Glyphs>
						<Glyphs OutlineWidth="0.5" CharSpace="0" RenderTransform="0.5968368 0 -0 0.5968368 76.86243 70.27832">
							<Font SizePoints="14" Style="Regular" FamilyName="CSMVMI+BlissPro" Capitals="Normal" ResourceId="2" />
							<Origin X="0" Y="0" />
							<Text>в</Text>
							<Size Width="6.538" Height="8.162108" />
							<Brush>
								<SolidBrush Color="#FF000000" />
							</Brush>
							<Tag>convertedFont</Tag>
						</Glyphs>
						<Glyphs OutlineWidth="0.5" CharSpace="0" RenderTransform="0.5968368 0 -0 0.5968368 80.79782 70.27832">
							<Font SizePoints="14" Style="Regular" FamilyName="CSMVMI+BlissPro" Capitals="Normal" ResourceId="2" />
							<Origin X="0" Y="0" />
							<Text>о</Text>
							<Size Width="7.364" Height="8.162108" />
							<Brush>
								<SolidBrush Color="#FF000000" />
							</Brush>
							<Tag>convertedFont</Tag>
						</Glyphs>
						<Glyphs OutlineWidth="0.5" CharSpace="0" RenderTransform="0.5968368 0 -0 0.5968368 85.21815 70.27832">
							<Font SizePoints="14" Style="Regular" FamilyName="CSMVMI+BlissPro" Capitals="Normal" ResourceId="2" />
							<Origin X="0" Y="0" />
							<Text>з</Text>
							<Size Width="5.894" Height="8.162108" />
							<Brush>
								<SolidBrush Color="#FF000000" />
							</Brush>
							<Tag>convertedFont</Tag>
						</Glyphs>
						<Glyphs OutlineWidth="0.5" CharSpace="0" RenderTransform="0.5968368 0 -0 0.5968368 88.76187 70.27832">
							<Font SizePoints="14" Style="Regular" FamilyName="CSMVMI+BlissPro" Capitals="Normal" ResourceId="2" />
							<Origin X="0" Y="0" />
							<Text>д</Text>
							<Size Width="7.602" Height="8.162108" />
							<Brush>
								<SolidBrush Color="#FF000000" />
							</Brush>
							<Tag>convertedFont</Tag>
						</Glyphs>
						<Glyphs OutlineWidth="0.5" CharSpace="0" RenderTransform="0.5968368 0 -0 0.5968368 93.3314 70.27832">
							<Font SizePoints="14" Style="Regular" FamilyName="CSMVMI+BlissPro" Capitals="Normal" ResourceId="2" />
							<Origin X="0" Y="0" />
							<Text>у</Text>
							<Size Width="6.776" Height="8.162108" />
							<Brush>
								<SolidBrush Color="#FF000000" />
							</Brush>
							<Tag>convertedFont</Tag>
						</Glyphs>
						<Glyphs OutlineWidth="0.5" CharSpace="0" RenderTransform="0.5968368 0 -0 0.5968368 97.40668 70.27832">
							<Font SizePoints="14" Style="Regular" FamilyName="CSMVMI+BlissPro" Capitals="Normal" ResourceId="2" />
							<Origin X="0" Y="0" />
							<Text>х</Text>
							<Size Width="6.454" Height="8.162108" />
							<Brush>
								<SolidBrush Color="#FF000000" />
							</Brush>
							<Tag>convertedFont</Tag>
						</Glyphs>
						<Glyphs OutlineWidth="0.5" CharSpace="0" RenderTransform="0.5968368 0 -0 0.5968368 101.28611 70.27832">
							<Font SizePoints="14" Style="Regular" FamilyName="CSMVMI+BlissPro" Capitals="Normal" ResourceId="2" />
							<Origin X="0" Y="0" />
							<Text>а</Text>
							<Size Width="6.608" Height="8.162108" />
							<Brush>
								<SolidBrush Color="#FF000000" />
							</Brush>
							<Tag>convertedFont</Tag>
						</Glyphs>
						<Glyphs OutlineWidth="0.5" CharSpace="0" RenderTransform="0.5968368 0 -0 0.5968368 105.25881 70.27832">
							<Font SizePoints="14" Style="Regular" FamilyName="CSMVMI+BlissPro" Capitals="Normal" ResourceId="2" />
							<Origin X="0" Y="0" />
							<Text> </Text>
							<Size Width="3.094" Height="8.162108" />
							<Brush>
								<SolidBrush Color="#FF000000" />
							</Brush>
							<Tag>convertedFont</Tag>
						</Glyphs>
						<Glyphs OutlineWidth="0.5" CharSpace="0" RenderTransform="0.5968368 0 -0 0.5968368 107.1146 70.27832">
							<Font SizePoints="14" Style="Regular" FamilyName="CSMVMI+BlissPro" Capitals="Normal" ResourceId="2" />
							<Origin X="0" Y="0" />
							<Text>(</Text>
							<Size Width="4.508" Height="8.162108" />
							<Brush>
								<SolidBrush Color="#FF000000" />
							</Brush>
							<Tag>convertedFont</Tag>
						</Glyphs>
						<Glyphs OutlineWidth="0.5" CharSpace="0" RenderTransform="0.5968368 0 -0 0.5968368 109.819016 70.27832">
							<Font SizePoints="14" Style="Regular" FamilyName="CSMVMI+BlissPro" Capitals="Normal" ResourceId="2" />
							<Origin X="0" Y="0" />
							<Text>°</Text>
							<Size Width="5.362" Height="8.162108" />
							<Brush>
								<SolidBrush Color="#FF000000" />
							</Brush>
							<Tag>convertedFont</Tag>
						</Glyphs>
						<Glyphs OutlineWidth="0.5" CharSpace="0" RenderTransform="0.5968368 0 -0 0.5968368 113.03634 70.27832">
							<Font SizePoints="14" Style="Regular" FamilyName="CSMVMI+BlissPro" Capitals="Normal" ResourceId="2" />
							<Origin X="0" Y="0" />
							<Text>С</Text>
							<Size Width="8.4" Height="8.162108" />
							<Brush>
								<SolidBrush Color="#FF000000" />
							</Brush>
							<Tag>convertedFont</Tag>
						</Glyphs>
						<Glyphs OutlineWidth="0.5" CharSpace="0" RenderTransform="0.5968368 0 -0 0.5968368 118.0908 70.27832">
							<Font SizePoints="14" Style="Regular" FamilyName="CSMVMI+BlissPro" Capitals="Normal" ResourceId="2" />
							<Origin X="0" Y="0" />
							<Text>)</Text>
							<Size Width="4.508" Height="8.162108" />
							<Brush>
								<SolidBrush Color="#FF000000" />
							</Brush>
							<Tag>convertedFont</Tag>
						</Glyphs>
						<Glyphs OutlineWidth="0.5" CharSpace="0" RenderTransform="0.5968368 0 -0 0.5968368 255.89482 70.27832">
							<Font SizePoints="14" Style="Regular" FamilyName="CSMVMI+BlissPro" Capitals="Normal" ResourceId="2" />
							<Origin X="0" Y="0" />
							<Text>-</Text>
							<Size Width="4.984" Height="8.162108" />
							<Brush>
								<SolidBrush Color="#FF000000" />
							</Brush>
							<Tag>convertedFont</Tag>
						</Glyphs>
						<Glyphs OutlineWidth="0.5" CharSpace="0" RenderTransform="0.5968368 0 -0 0.5968368 258.88834 70.27832">
							<Font SizePoints="14" Style="Regular" FamilyName="CSMVMI+BlissPro" Capitals="Normal" ResourceId="2" />
							<Origin X="0" Y="0" />
							<Text>1</Text>
							<Size Width="5.852" Height="8.162108" />
							<Brush>
								<SolidBrush Color="#FF000000" />
							</Brush>
							<Tag>convertedFont</Tag>
						</Glyphs>
						<Glyphs OutlineWidth="0.5" CharSpace="0" RenderTransform="0.5968368 0 -0 0.5968368 262.40405 70.27832">
							<Font SizePoints="14" Style="Regular" FamilyName="CSMVMI+BlissPro" Capitals="Normal" ResourceId="2" />
							<Origin X="0" Y="0" />
							<Text>1</Text>
							<Size Width="5.852" Height="8.162108" />
							<Brush>
								<SolidBrush Color="#FF000000" />
							</Brush>
							<Tag>convertedFont</Tag>
						</Glyphs>
						<Glyphs OutlineWidth="0.5" CharSpace="0" RenderTransform="0.5968368 0 -0 0.5968368 57.148167 83.40869">
							<Font SizePoints="14" Style="Regular" FamilyName="CSMVMI+BlissPro" Capitals="Normal" ResourceId="2" />
							<Origin X="0" Y="0" />
							<Text>t</Text>
							<Size Width="4.998" Height="8.162108" />
							<Brush>
								<SolidBrush Color="#FF000000" />
							</Brush>
							<Tag>convertedFont</Tag>
						</Glyphs>
						<Glyphs OutlineWidth="0.5" CharSpace="0" RenderTransform="0.5968368 0 -0 0.5968368 60.151 83.40869">
							<Font SizePoints="14" Style="Regular" FamilyName="CSMVMI+BlissPro" Capitals="Normal" ResourceId="2" />
							<Origin X="0" Y="0" />
							<Text>°</Text>
							<Size Width="5.362" Height="8.162108" />
							<Brush>
								<SolidBrush Color="#FF000000" />
							</Brush>
							<Tag>convertedFont</Tag>
						</Glyphs>
						<Glyphs OutlineWidth="0.5" CharSpace="0" RenderTransform="0.5968368 0 -0 0.5968368 63.368324 83.40869">
							<Font SizePoints="14" Style="Regular" FamilyName="CSMVMI+BlissPro" Capitals="Normal" ResourceId="2" />
							<Origin X="0" Y="0" />
							<Text> </Text>
							<Size Width="3.094" Height="8.162108" />
							<Brush>
								<SolidBrush Color="#FF000000" />
							</Brush>
							<Tag>convertedFont</Tag>
						</Glyphs>
						<Glyphs OutlineWidth="0.5" CharSpace="0" RenderTransform="0.5968368 0 -0 0.5968368 65.22411 83.40869">
							<Font SizePoints="14" Style="Regular" FamilyName="CSMVMI+BlissPro" Capitals="Normal" ResourceId="2" />
							<Origin X="0" Y="0" />
							<Text>в</Text>
							<Size Width="6.538" Height="8.162108" />
							<Brush>
								<SolidBrush Color="#FF000000" />
							</Brush>
							<Tag>convertedFont</Tag>
						</Glyphs>
						<Glyphs OutlineWidth="0.5" CharSpace="0" RenderTransform="0.5968368 0 -0 0.5968368 69.15951 83.40869">
							<Font SizePoints="14" Style="Regular" FamilyName="CSMVMI+BlissPro" Capitals="Normal" ResourceId="2" />
							<Origin X="0" Y="0" />
							<Text>ы</Text>
							<Size Width="8.722" Height="8.162108" />
							<Brush>
								<SolidBrush Color="#FF000000" />
							</Brush>
							<Tag>convertedFont</Tag>
						</Glyphs>
						<Glyphs OutlineWidth="0.5" CharSpace="0" RenderTransform="0.5968368 0 -0 0.5968368 74.40048 83.40869">
							<Font SizePoints="14" Style="Regular" FamilyName="CSMVMI+BlissPro" Capitals="Normal" ResourceId="2" />
							<Origin X="0" Y="0" />
							<Text>х</Text>
							<Size Width="6.454" Height="8.162108" />
							<Brush>
								<SolidBrush Color="#FF000000" />
							</Brush>
							<Tag>convertedFont</Tag>
						</Glyphs>
						<Glyphs OutlineWidth="0.5" CharSpace="0" RenderTransform="0.5968368 0 -0 0.5968368 78.27992 83.40869">
							<Font SizePoints="14" Style="Regular" FamilyName="CSMVMI+BlissPro" Capitals="Normal" ResourceId="2" />
							<Origin X="0" Y="0" />
							<Text>.</Text>
							<Size Width="3.276" Height="8.162108" />
							<Brush>
								<SolidBrush Color="#FF000000" />
							</Brush>
							<Tag>convertedFont</Tag>
						</Glyphs>
						<Glyphs OutlineWidth="0.5" CharSpace="0" RenderTransform="0.5968368 0 -0 0.5968368 80.24762 83.40869">
							<Font SizePoints="14" Style="Regular" FamilyName="CSMVMI+BlissPro" Capitals="Normal" ResourceId="2" />
							<Origin X="0" Y="0" />
							<Text> </Text>
							<Size Width="3.094" Height="8.162108" />
							<Brush>
								<SolidBrush Color="#FF000000" />
							</Brush>
							<Tag>convertedFont</Tag>
						</Glyphs>
						<Glyphs OutlineWidth="0.5" CharSpace="0" RenderTransform="0.5968368 0 -0 0.5968368 82.10341 83.40869">
							<Font SizePoints="14" Style="Regular" FamilyName="CSMVMI+BlissPro" Capitals="Normal" ResourceId="2" />
							<Origin X="0" Y="0" />
							<Text>в</Text>
							<Size Width="6.538" Height="8.162108" />
							<Brush>
								<SolidBrush Color="#FF000000" />
							</Brush>
							<Tag>convertedFont</Tag>
						</Glyphs>
						<Glyphs OutlineWidth="0.5" CharSpace="0" RenderTransform="0.5968368 0 -0 0.5968368 86.0388 83.40869">
							<Font SizePoints="14" Style="Regular" FamilyName="CSMVMI+BlissPro" Capitals="Normal" ResourceId="2" />
							<Origin X="0" Y="0" />
							<Text>о</Text>
							<Size Width="7.364" Height="8.162108" />
							<Brush>
								<SolidBrush Color="#FF000000" />
							</Brush>
							<Tag>convertedFont</Tag>
						</Glyphs>
						<Glyphs OutlineWidth="0.5" CharSpace="0" RenderTransform="0.5968368 0 -0 0.5968368 90.45912 83.40869">
							<Font SizePoints="14" Style="Regular" FamilyName="CSMVMI+BlissPro" Capitals="Normal" ResourceId="2" />
							<Origin X="0" Y="0" />
							<Text>з</Text>
							<Size Width="5.894" Height="8.162108" />
							<Brush>
								<SolidBrush Color="#FF000000" />
							</Brush>
							<Tag>convertedFont</Tag>
						</Glyphs>
						<Glyphs OutlineWidth="0.5" CharSpace="0" RenderTransform="0.5968368 0 -0 0.5968368 94.00284 83.40869">
							<Font SizePoints="14" Style="Regular" FamilyName="CSMVMI+BlissPro" Capitals="Normal" ResourceId="2" />
							<Origin X="0" Y="0" />
							<Text>д</Text>
							<Size Width="7.602" Height="8.162108" />
							<Brush>
								<SolidBrush Color="#FF000000" />
							</Brush>
							<Tag>convertedFont</Tag>
						</Glyphs>
						<Glyphs OutlineWidth="0.5" CharSpace="0" RenderTransform="0.5968368 0 -0 0.5968368 98.57237 83.40869">
							<Font SizePoints="14" Style="Regular" FamilyName="CSMVMI+BlissPro" Capitals="Normal" ResourceId="2" />
							<Origin X="0" Y="0" />
							<Text>у</Text>
							<Size Width="6.776" Height="8.162108" />
							<Brush>
								<SolidBrush Color="#FF000000" />
							</Brush>
							<Tag>convertedFont</Tag>
						</Glyphs>
						<Glyphs OutlineWidth="0.5" CharSpace="0" RenderTransform="0.5968368 0 -0 0.5968368 102.647644 83.40869">
							<Font SizePoints="14" Style="Regular" FamilyName="CSMVMI+BlissPro" Capitals="Normal" ResourceId="2" />
							<Origin X="0" Y="0" />
							<Text>х</Text>
							<Size Width="6.454" Height="8.162108" />
							<Brush>
								<SolidBrush Color="#FF000000" />
							</Brush>
							<Tag>convertedFont</Tag>
						</Glyphs>
						<Glyphs OutlineWidth="0.5" CharSpace="0" RenderTransform="0.5968368 0 -0 0.5968368 106.527084 83.40869">
							<Font SizePoints="14" Style="Regular" FamilyName="CSMVMI+BlissPro" Capitals="Normal" ResourceId="2" />
							<Origin X="0" Y="0" />
							<Text>а</Text>
							<Size Width="6.608" Height="8.162108" />
							<Brush>
								<SolidBrush Color="#FF000000" />
							</Brush>
							<Tag>convertedFont</Tag>
						</Glyphs>
						<Glyphs OutlineWidth="0.5" CharSpace="0" RenderTransform="0.5968368 0 -0 0.5968368 110.49978 83.40869">
							<Font SizePoints="14" Style="Regular" FamilyName="CSMVMI+BlissPro" Capitals="Normal" ResourceId="2" />
							<Origin X="0" Y="0" />
							<Text> </Text>
							<Size Width="3.094" Height="8.162108" />
							<Brush>
								<SolidBrush Color="#FF000000" />
							</Brush>
							<Tag>convertedFont</Tag>
						</Glyphs>
						<Glyphs OutlineWidth="0.5" CharSpace="0" RenderTransform="0.5968368 0 -0 0.5968368 112.35557 83.40869">
							<Font SizePoints="14" Style="Regular" FamilyName="CSMVMI+BlissPro" Capitals="Normal" ResourceId="2" />
							<Origin X="0" Y="0" />
							<Text>(</Text>
							<Size Width="4.508" Height="8.162108" />
							<Brush>
								<SolidBrush Color="#FF000000" />
							</Brush>
							<Tag>convertedFont</Tag>
						</Glyphs>
						<Glyphs OutlineWidth="0.5" CharSpace="0" RenderTransform="0.5968368 0 -0 0.5968368 115.05999 83.40869">
							<Font SizePoints="14" Style="Regular" FamilyName="CSMVMI+BlissPro" Capitals="Normal" ResourceId="2" />
							<Origin X="0" Y="0" />
							<Text>°</Text>
							<Size Width="5.362" Height="8.162108" />
							<Brush>
								<SolidBrush Color="#FF000000" />
							</Brush>
							<Tag>convertedFont</Tag>
						</Glyphs>
						<Glyphs OutlineWidth="0.5" CharSpace="0" RenderTransform="0.5968368 0 -0 0.5968368 118.27731 83.40869">
							<Font SizePoints="14" Style="Regular" FamilyName="CSMVMI+BlissPro" Capitals="Normal" ResourceId="2" />
							<Origin X="0" Y="0" />
							<Text>С</Text>
							<Size Width="8.4" Height="8.162108" />
							<Brush>
								<SolidBrush Color="#FF000000" />
							</Brush>
							<Tag>convertedFont</Tag>
						</Glyphs>
						<Glyphs OutlineWidth="0.5" CharSpace="0" RenderTransform="0.5968368 0 -0 0.5968368 123.33177 83.40869">
							<Font SizePoints="14" Style="Regular" FamilyName="CSMVMI+BlissPro" Capitals="Normal" ResourceId="2" />
							<Origin X="0" Y="0" />
							<Text>)</Text>
							<Size Width="4.508" Height="8.162108" />
							<Brush>
								<SolidBrush Color="#FF000000" />
							</Brush>
							<Tag>convertedFont</Tag>
						</Glyphs>
						<Glyphs OutlineWidth="0.5" CharSpace="0" RenderTransform="0.5968368 0 -0 0.5968368 255.89482 83.40869">
							<Font SizePoints="14" Style="Regular" FamilyName="CSMVMI+BlissPro" Capitals="Normal" ResourceId="2" />
							<Origin X="0" Y="0" />
							<Text>1</Text>
							<Size Width="5.852" Height="8.162108" />
							<Brush>
								<SolidBrush Color="#FF000000" />
							</Brush>
							<Tag>convertedFont</Tag>
						</Glyphs>
						<Glyphs OutlineWidth="0.5" CharSpace="0" RenderTransform="0.5968368 0 -0 0.5968368 259.41058 83.40869">
							<Font SizePoints="14" Style="Regular" FamilyName="CSMVMI+BlissPro" Capitals="Normal" ResourceId="2" />
							<Origin X="0" Y="0" />
							<Text>0</Text>
							<Size Width="7.756" Height="8.162108" />
							<Brush>
								<SolidBrush Color="#FF000000" />
							</Brush>
							<Tag>convertedFont</Tag>
						</Glyphs>
						<Glyphs OutlineWidth="0.5" CharSpace="0" RenderTransform="0.5968368 0 -0 0.5968368 57.148167 96.53906">
							<Font SizePoints="14" Style="Regular" FamilyName="CSMVMI+BlissPro" Capitals="Normal" ResourceId="2" />
							<Origin X="0" Y="0" />
							<Text>С</Text>
							<Size Width="8.4" Height="8.162108" />
							<Brush>
								<SolidBrush Color="#FF000000" />
							</Brush>
							<Tag>convertedFont</Tag>
						</Glyphs>
						<Glyphs OutlineWidth="0.5" CharSpace="0" RenderTransform="0.5968368 0 -0 0.5968368 62.20263 96.53906">
							<Font SizePoints="14" Style="Regular" FamilyName="CSMVMI+BlissPro" Capitals="Normal" ResourceId="2" />
							<Origin X="0" Y="0" />
							<Text>к</Text>
							<Size Width="6.496" Height="8.162108" />
							<Brush>
								<SolidBrush Color="#FF000000" />
							</Brush>
							<Tag>convertedFont</Tag>
						</Glyphs>
						<Glyphs OutlineWidth="0.5" CharSpace="0" RenderTransform="0.5968368 0 -0 0.5968368 66.11005 96.53906">
							<Font SizePoints="14" Style="Regular" FamilyName="CSMVMI+BlissPro" Capitals="Normal" ResourceId="2" />
							<Origin X="0" Y="0" />
							<Text>о</Text>
							<Size Width="7.364" Height="8.162108" />
							<Brush>
								<SolidBrush Color="#FF000000" />
							</Brush>
							<Tag>convertedFont</Tag>
						</Glyphs>
						<Glyphs OutlineWidth="0.5" CharSpace="0" RenderTransform="0.5968368 0 -0 0.5968368 70.530365 96.53906">
							<Font SizePoints="14" Style="Regular" FamilyName="CSMVMI+BlissPro" Capitals="Normal" ResourceId="2" />
							<Origin X="0" Y="0" />
							<Text>р</Text>
							<Size Width="7.14" Height="8.162108" />
							<Brush>
								<SolidBrush Color="#FF000000" />
							</Brush>
							<Tag>convertedFont</Tag>
						</Glyphs>
						<Glyphs OutlineWidth="0.5" CharSpace="0" RenderTransform="0.5968368 0 -0 0.5968368 74.82013 96.53906">
							<Font SizePoints="14" Style="Regular" FamilyName="CSMVMI+BlissPro" Capitals="Normal" ResourceId="2" />
							<Origin X="0" Y="0" />
							<Text>о</Text>
							<Size Width="7.364" Height="8.162108" />
							<Brush>
								<SolidBrush Color="#FF000000" />
							</Brush>
							<Tag>convertedFont</Tag>
						</Glyphs>
						<Glyphs OutlineWidth="0.5" CharSpace="0" RenderTransform="0.5968368 0 -0 0.5968368 79.240456 96.53906">
							<Font SizePoints="14" Style="Regular" FamilyName="CSMVMI+BlissPro" Capitals="Normal" ResourceId="2" />
							<Origin X="0" Y="0" />
							<Text>с</Text>
							<Size Width="6.076" Height="8.162108" />
							<Brush>
								<SolidBrush Color="#FF000000" />
							</Brush>
							<Tag>convertedFont</Tag>
						</Glyphs>
						<Glyphs OutlineWidth="0.5" CharSpace="0" RenderTransform="0.5968368 0 -0 0.5968368 82.88675 96.53906">
							<Font SizePoints="14" Style="Regular" FamilyName="CSMVMI+BlissPro" Capitals="Normal" ResourceId="2" />
							<Origin X="0" Y="0" />
							<Text>т</Text>
							<Size Width="6.174" Height="8.162108" />
							<Brush>
								<SolidBrush Color="#FF000000" />
							</Brush>
							<Tag>convertedFont</Tag>
						</Glyphs>
						<Glyphs OutlineWidth="0.5" CharSpace="0" RenderTransform="0.5968368 0 -0 0.5968368 86.59833 96.53906">
							<Font SizePoints="14" Style="Regular" FamilyName="CSMVMI+BlissPro" Capitals="Normal" ResourceId="2" />
							<Origin X="0" Y="0" />
							<Text>ь</Text>
							<Size Width="6.454" Height="8.162108" />
							<Brush>
								<SolidBrush Color="#FF000000" />
							</Brush>
							<Tag>convertedFont</Tag>
						</Glyphs>
						<Glyphs OutlineWidth="0.5" CharSpace="0" RenderTransform="0.5968368 0 -0 0.5968368 90.47777 96.53906">
							<Font SizePoints="14" Style="Regular" FamilyName="CSMVMI+BlissPro" Capitals="Normal" ResourceId="2" />
							<Origin X="0" Y="0" />
							<Text> </Text>
							<Size Width="3.094" Height="8.162108" />
							<Brush>
								<SolidBrush Color="#FF000000" />
							</Brush>
							<Tag>convertedFont</Tag>
						</Glyphs>
						<Glyphs OutlineWidth="0.5" CharSpace="0" RenderTransform="0.5968368 0 -0 0.5968368 92.33356 96.53906">
							<Font SizePoints="14" Style="Regular" FamilyName="CSMVMI+BlissPro" Capitals="Normal" ResourceId="2" />
							<Origin X="0" Y="0" />
							<Text>в</Text>
							<Size Width="6.538" Height="8.162108" />
							<Brush>
								<SolidBrush Color="#FF000000" />
							</Brush>
							<Tag>convertedFont</Tag>
						</Glyphs>
						<Glyphs OutlineWidth="0.5" CharSpace="0" RenderTransform="0.5968368 0 -0 0.5968368 96.26895 96.53906">
							<Font SizePoints="14" Style="Regular" FamilyName="CSMVMI+BlissPro" Capitals="Normal" ResourceId="2" />
							<Origin X="0" Y="0" />
							<Text> </Text>
							<Size Width="3.094" Height="8.162108" />
							<Brush>
								<SolidBrush Color="#FF000000" />
							</Brush>
							<Tag>convertedFont</Tag>
						</Glyphs>
						<Glyphs OutlineWidth="0.5" CharSpace="0" RenderTransform="0.5968368 0 -0 0.5968368 98.12474 96.53906">
							<Font SizePoints="14" Style="Regular" FamilyName="CSMVMI+BlissPro" Capitals="Normal" ResourceId="2" />
							<Origin X="0" Y="0" />
							<Text>с</Text>
							<Size Width="6.076" Height="8.162108" />
							<Brush>
								<SolidBrush Color="#FF000000" />
							</Brush>
							<Tag>convertedFont</Tag>
						</Glyphs>
						<Glyphs OutlineWidth="0.5" CharSpace="0" RenderTransform="0.5968368 0 -0 0.5968368 101.77104 96.53906">
							<Font SizePoints="14" Style="Regular" FamilyName="CSMVMI+BlissPro" Capitals="Normal" ResourceId="2" />
							<Origin X="0" Y="0" />
							<Text>е</Text>
							<Size Width="6.636" Height="8.162108" />
							<Brush>
								<SolidBrush Color="#FF000000" />
							</Brush>
							<Tag>convertedFont</Tag>
						</Glyphs>
						<Glyphs OutlineWidth="0.5" CharSpace="0" RenderTransform="0.5968368 0 -0 0.5968368 105.76239 96.53906">
							<Font SizePoints="14" Style="Regular" FamilyName="CSMVMI+BlissPro" Capitals="Normal" ResourceId="2" />
							<Origin X="0" Y="0" />
							<Text>ч</Text>
							<Size Width="6.776" Height="8.162108" />
							<Brush>
								<SolidBrush Color="#FF000000" />
							</Brush>
							<Tag>convertedFont</Tag>
						</Glyphs>
						<Glyphs OutlineWidth="0.5" CharSpace="0" RenderTransform="0.5968368 0 -0 0.5968368 109.83767 96.53906">
							<Font SizePoints="14" Style="Regular" FamilyName="CSMVMI+BlissPro" Capitals="Normal" ResourceId="2" />
							<Origin X="0" Y="0" />
							<Text>е</Text>
							<Size Width="6.636" Height="8.162108" />
							<Brush>
								<SolidBrush Color="#FF000000" />
							</Brush>
							<Tag>convertedFont</Tag>
						</Glyphs>
						<Glyphs OutlineWidth="0.5" CharSpace="0" RenderTransform="0.5968368 0 -0 0.5968368 113.82901 96.53906">
							<Font SizePoints="14" Style="Regular" FamilyName="CSMVMI+BlissPro" Capitals="Normal" ResourceId="2" />
							<Origin X="0" Y="0" />
							<Text>н</Text>
							<Size Width="7.266" Height="8.162108" />
							<Brush>
								<SolidBrush Color="#FF000000" />
							</Brush>
							<Tag>convertedFont</Tag>
						</Glyphs>
						<Glyphs OutlineWidth="0.5" CharSpace="0" RenderTransform="0.5968368 0 -0 0.5968368 118.19338 96.53906">
							<Font SizePoints="14" Style="Regular" FamilyName="CSMVMI+BlissPro" Capitals="Normal" ResourceId="2" />
							<Origin X="0" Y="0" />
							<Text>и</Text>
							<Size Width="7.518" Height="8.162108" />
							<Brush>
								<SolidBrush Color="#FF000000" />
							</Brush>
							<Tag>convertedFont</Tag>
						</Glyphs>
						<Glyphs OutlineWidth="0.5" CharSpace="0" RenderTransform="0.5968368 0 -0 0.5968368 122.70696 96.53906">
							<Font SizePoints="14" Style="Regular" FamilyName="CSMVMI+BlissPro" Capitals="Normal" ResourceId="2" />
							<Origin X="0" Y="0" />
							<Text>и</Text>
							<Size Width="7.518" Height="8.162108" />
							<Brush>
								<SolidBrush Color="#FF000000" />
							</Brush>
							<Tag>convertedFont</Tag>
						</Glyphs>
						<Glyphs OutlineWidth="0.5" CharSpace="0" RenderTransform="0.5968368 0 -0 0.5968368 127.220535 96.53906">
							<Font SizePoints="14" Style="Regular" FamilyName="CSMVMI+BlissPro" Capitals="Normal" ResourceId="2" />
							<Origin X="0" Y="0" />
							<Text> </Text>
							<Size Width="3.094" Height="8.162108" />
							<Brush>
								<SolidBrush Color="#FF000000" />
							</Brush>
							<Tag>convertedFont</Tag>
						</Glyphs>
						<Glyphs OutlineWidth="0.5" CharSpace="0" RenderTransform="0.5968368 0 -0 0.5968368 129.07632 96.53906">
							<Font SizePoints="14" Style="Regular" FamilyName="CSMVMI+BlissPro" Capitals="Normal" ResourceId="2" />
							<Origin X="0" Y="0" />
							<Text>(</Text>
							<Size Width="4.508" Height="8.162108" />
							<Brush>
								<SolidBrush Color="#FF000000" />
							</Brush>
							<Tag>convertedFont</Tag>
						</Glyphs>
						<Glyphs OutlineWidth="0.5" CharSpace="0" RenderTransform="0.5968368 0 -0 0.5968368 131.78075 96.53906">
							<Font SizePoints="14" Style="Regular" FamilyName="CSMVMI+BlissPro" Capitals="Normal" ResourceId="2" />
							<Origin X="0" Y="0" />
							<Text>м</Text>
							<Size Width="8.372" Height="8.162108" />
							<Brush>
								<SolidBrush Color="#FF000000" />
							</Brush>
							<Tag>convertedFont</Tag>
						</Glyphs>
						<Glyphs OutlineWidth="0.5" CharSpace="0" RenderTransform="0.5968368 0 -0 0.5968368 136.81656 96.53906">
							<Font SizePoints="14" Style="Regular" FamilyName="CSMVMI+BlissPro" Capitals="Normal" ResourceId="2" />
							<Origin X="0" Y="0" />
							<Text>/</Text>
							<Size Width="5.096" Height="8.162108" />
							<Brush>
								<SolidBrush Color="#FF000000" />
							</Brush>
							<Tag>convertedFont</Tag>
						</Glyphs>
						<Glyphs OutlineWidth="0.5" CharSpace="0" RenderTransform="0.5968368 0 -0 0.5968368 139.87534 96.53906">
							<Font SizePoints="14" Style="Regular" FamilyName="CSMVMI+BlissPro" Capitals="Normal" ResourceId="2" />
							<Origin X="0" Y="0" />
							<Text>с</Text>
							<Size Width="6.076" Height="8.162108" />
							<Brush>
								<SolidBrush Color="#FF000000" />
							</Brush>
							<Tag>convertedFont</Tag>
						</Glyphs>
						<Glyphs OutlineWidth="0.5" CharSpace="0" RenderTransform="0.5968368 0 -0 0.5968368 143.52164 96.53906">
							<Font SizePoints="14" Style="Regular" FamilyName="CSMVMI+BlissPro" Capitals="Normal" ResourceId="2" />
							<Origin X="0" Y="0" />
							<Text>)</Text>
							<Size Width="4.508" Height="8.162108" />
							<Brush>
								<SolidBrush Color="#FF000000" />
							</Brush>
							<Tag>convertedFont</Tag>
						</Glyphs>
						<Glyphs OutlineWidth="0.5" CharSpace="0" RenderTransform="0.5968368 0 -0 0.5968368 255.89482 96.53906">
							<Font SizePoints="14" Style="Regular" FamilyName="CSMVMI+BlissPro" Capitals="Normal" ResourceId="2" />
							<Origin X="0" Y="0" />
							<Text>2</Text>
							<Size Width="7.154" Height="8.162108" />
							<Brush>
								<SolidBrush Color="#FF000000" />
							</Brush>
							<Tag>convertedFont</Tag>
						</Glyphs>
						<Glyphs OutlineWidth="0.5" CharSpace="0" RenderTransform="0.5968368 0 -0 0.5968368 57.148167 109.66943">
							<Font SizePoints="14" Style="Regular" FamilyName="CSMVMI+BlissPro" Capitals="Normal" ResourceId="2" />
							<Origin X="0" Y="0" />
							<Text>М</Text>
							<Size Width="11.2" Height="8.162108" />
							<Brush>
								<SolidBrush Color="#FF000000" />
							</Brush>
							<Tag>convertedFont</Tag>
						</Glyphs>
						<Glyphs OutlineWidth="0.5" CharSpace="0" RenderTransform="0.5968368 0 -0 0.5968368 63.881233 109.66943">
							<Font SizePoints="14" Style="Regular" FamilyName="CSMVMI+BlissPro" Capitals="Normal" ResourceId="2" />
							<Origin X="0" Y="0" />
							<Text>а</Text>
							<Size Width="6.608" Height="8.162108" />
							<Brush>
								<SolidBrush Color="#FF000000" />
							</Brush>
							<Tag>convertedFont</Tag>
						</Glyphs>
						<Glyphs OutlineWidth="0.5" CharSpace="0" RenderTransform="0.5968368 0 -0 0.5968368 67.85393 109.66943">
							<Font SizePoints="14" Style="Regular" FamilyName="CSMVMI+BlissPro" Capitals="Normal" ResourceId="2" />
							<Origin X="0" Y="0" />
							<Text>с</Text>
							<Size Width="6.076" Height="8.162108" />
							<Brush>
								<SolidBrush Color="#FF000000" />
							</Brush>
							<Tag>convertedFont</Tag>
						</Glyphs>
						<Glyphs OutlineWidth="0.5" CharSpace="0" RenderTransform="0.5968368 0 -0 0.5968368 71.50023 109.66943">
							<Font SizePoints="14" Style="Regular" FamilyName="CSMVMI+BlissPro" Capitals="Normal" ResourceId="2" />
							<Origin X="0" Y="0" />
							<Text>с</Text>
							<Size Width="6.076" Height="8.162108" />
							<Brush>
								<SolidBrush Color="#FF000000" />
							</Brush>
							<Tag>convertedFont</Tag>
						</Glyphs>
						<Glyphs OutlineWidth="0.5" CharSpace="0" RenderTransform="0.5968368 0 -0 0.5968368 75.14653 109.66943">
							<Font SizePoints="14" Style="Regular" FamilyName="CSMVMI+BlissPro" Capitals="Normal" ResourceId="2" />
							<Origin X="0" Y="0" />
							<Text>а</Text>
							<Size Width="6.608" Height="8.162108" />
							<Brush>
								<SolidBrush Color="#FF000000" />
							</Brush>
							<Tag>convertedFont</Tag>
						</Glyphs>
						<Glyphs OutlineWidth="0.5" CharSpace="0" RenderTransform="0.5968368 0 -0 0.5968368 79.11922 109.66943">
							<Font SizePoints="14" Style="Regular" FamilyName="CSMVMI+BlissPro" Capitals="Normal" ResourceId="2" />
							<Origin X="0" Y="0" />
							<Text> </Text>
							<Size Width="3.094" Height="8.162108" />
							<Brush>
								<SolidBrush Color="#FF000000" />
							</Brush>
							<Tag>convertedFont</Tag>
						</Glyphs>
						<Glyphs OutlineWidth="0.5" CharSpace="0" RenderTransform="0.5968368 0 -0 0.5968368 80.975006 109.66943">
							<Font SizePoints="14" Style="Regular" FamilyName="CSMVMI+BlissPro" Capitals="Normal" ResourceId="2" />
							<Origin X="0" Y="0" />
							<Text>(</Text>
							<Size Width="4.508" Height="8.162108" />
							<Brush>
								<SolidBrush Color="#FF000000" />
							</Brush>
							<Tag>convertedFont</Tag>
						</Glyphs>
						<Glyphs OutlineWidth="0.5" CharSpace="0" RenderTransform="0.5968368 0 -0 0.5968368 83.67943 109.66943">
							<Font SizePoints="14" Style="Regular" FamilyName="CSMVMI+BlissPro" Capitals="Normal" ResourceId="2" />
							<Origin X="0" Y="0" />
							<Text>к</Text>
							<Size Width="6.496" Height="8.162108" />
							<Brush>
								<SolidBrush Color="#FF000000" />
							</Brush>
							<Tag>convertedFont</Tag>
						</Glyphs>
						<Glyphs OutlineWidth="0.5" CharSpace="0" RenderTransform="0.5968368 0 -0 0.5968368 87.586845 109.66943">
							<Font SizePoints="14" Style="Regular" FamilyName="CSMVMI+BlissPro" Capitals="Normal" ResourceId="2" />
							<Origin X="0" Y="0" />
							<Text>г</Text>
							<Size Width="5.544" Height="8.162108" />
							<Brush>
								<SolidBrush Color="#FF000000" />
							</Brush>
							<Tag>convertedFont</Tag>
						</Glyphs>
						<Glyphs OutlineWidth="0.5" CharSpace="0" RenderTransform="0.5968368 0 -0 0.5968368 90.91608 109.66943">
							<Font SizePoints="14" Style="Regular" FamilyName="CSMVMI+BlissPro" Capitals="Normal" ResourceId="2" />
							<Origin X="0" Y="0" />
							<Text>)</Text>
							<Size Width="4.508" Height="8.162108" />
							<Brush>
								<SolidBrush Color="#FF000000" />
							</Brush>
							<Tag>convertedFont</Tag>
						</Glyphs>
						<Glyphs OutlineWidth="0.5" CharSpace="0" RenderTransform="0.5968368 0 -0 0.5968368 255.89482 109.66943">
							<Font SizePoints="14" Style="Regular" FamilyName="CSMVMI+BlissPro" Capitals="Normal" ResourceId="2" />
							<Origin X="0" Y="0" />
							<Text>1</Text>
							<Size Width="5.852" Height="8.162108" />
							<Brush>
								<SolidBrush Color="#FF000000" />
							</Brush>
							<Tag>convertedFont</Tag>
						</Glyphs>
						<Glyphs OutlineWidth="0.5" CharSpace="0" RenderTransform="0.5968368 0 -0 0.5968368 259.41058 109.66943">
							<Font SizePoints="14" Style="Regular" FamilyName="CSMVMI+BlissPro" Capitals="Normal" ResourceId="2" />
							<Origin X="0" Y="0" />
							<Text>1</Text>
							<Size Width="5.852" Height="8.162108" />
							<Brush>
								<SolidBrush Color="#FF000000" />
							</Brush>
							<Tag>convertedFont</Tag>
						</Glyphs>
						<Glyphs OutlineWidth="0.5" CharSpace="0" RenderTransform="0.5968368 0 -0 0.5968368 58.938675 41.630127">
							<Font SizePoints="16" Style="Bold" FamilyName="HPDHEV+BlissPro-Bold" Capitals="Normal" ResourceId="3" />
							<Origin X="0" Y="0" />
							<Text>Н</Text>
							<Size Width="11.392" Height="9.328125" />
							<Brush>
								<SolidBrush Color="#FFFFFFFF" />
							</Brush>
							<Tag>convertedFont</Tag>
						</Glyphs>
						<Glyphs OutlineWidth="0.5" CharSpace="0" RenderTransform="0.5968368 0 -0 0.5968368 65.79298 41.630127">
							<Font SizePoints="16" Style="Bold" FamilyName="HPDHEV+BlissPro-Bold" Capitals="Normal" ResourceId="3" />
							<Origin X="0" Y="0" />
							<Text>А</Text>
							<Size Width="10.064" Height="9.328125" />
							<Brush>
								<SolidBrush Color="#FFFFFFFF" />
							</Brush>
							<Tag>convertedFont</Tag>
						</Glyphs>
						<Glyphs OutlineWidth="0.5" CharSpace="0" RenderTransform="0.5968368 0 -0 0.5968368 71.845276 41.630127">
							<Font SizePoints="16" Style="Bold" FamilyName="HPDHEV+BlissPro-Bold" Capitals="Normal" ResourceId="3" />
							<Origin X="0" Y="0" />
							<Text>Г</Text>
							<Size Width="7.264" Height="9.328125" />
							<Brush>
								<SolidBrush Color="#FFFFFFFF" />
							</Brush>
							<Tag>convertedFont</Tag>
						</Glyphs>
						<Glyphs OutlineWidth="0.5" CharSpace="0" RenderTransform="0.5968368 0 -0 0.5968368 76.20964 41.630127">
							<Font SizePoints="16" Style="Bold" FamilyName="HPDHEV+BlissPro-Bold" Capitals="Normal" ResourceId="3" />
							<Origin X="0" Y="0" />
							<Text>Р</Text>
							<Size Width="8.624" Height="9.328125" />
							<Brush>
								<SolidBrush Color="#FFFFFFFF" />
							</Brush>
							<Tag>convertedFont</Tag>
						</Glyphs>
						<Glyphs OutlineWidth="0.5" CharSpace="0" RenderTransform="0.5968368 0 -0 0.5968368 81.39466 41.630127">
							<Font SizePoints="16" Style="Bold" FamilyName="HPDHEV+BlissPro-Bold" Capitals="Normal" ResourceId="3" />
							<Origin X="0" Y="0" />
							<Text>Е</Text>
							<Size Width="8.016" Height="9.328125" />
							<Brush>
								<SolidBrush Color="#FFFFFFFF" />
							</Brush>
							<Tag>convertedFont</Tag>
						</Glyphs>
						<Glyphs OutlineWidth="0.5" CharSpace="0" RenderTransform="0.5968368 0 -0 0.5968368 86.21599 41.630127">
							<Font SizePoints="16" Style="Bold" FamilyName="HPDHEV+BlissPro-Bold" Capitals="Normal" ResourceId="3" />
							<Origin X="0" Y="0" />
							<Text>В</Text>
							<Size Width="9.024" Height="9.328125" />
							<Brush>
								<SolidBrush Color="#FFFFFFFF" />
							</Brush>
							<Tag>convertedFont</Tag>
						</Glyphs>
						<Glyphs OutlineWidth="0.5" CharSpace="0" RenderTransform="0.5968368 0 -0 0.5968368 91.64347 41.630127">
							<Font SizePoints="16" Style="Bold" FamilyName="HPDHEV+BlissPro-Bold" Capitals="Normal" ResourceId="3" />
							<Origin X="0" Y="0" />
							<Text>А</Text>
							<Size Width="10.064" Height="9.328125" />
							<Brush>
								<SolidBrush Color="#FFFFFFFF" />
							</Brush>
							<Tag>convertedFont</Tag>
						</Glyphs>
						<Glyphs OutlineWidth="0.5" CharSpace="0" RenderTransform="0.5968368 0 -0 0.5968368 97.69577 41.630127">
							<Font SizePoints="16" Style="Bold" FamilyName="HPDHEV+BlissPro-Bold" Capitals="Normal" ResourceId="3" />
							<Origin X="0" Y="0" />
							<Text>Т</Text>
							<Size Width="8.56" Height="9.328125" />
							<Brush>
								<SolidBrush Color="#FFFFFFFF" />
							</Brush>
							<Tag>convertedFont</Tag>
						</Glyphs>
						<Glyphs OutlineWidth="0.5" CharSpace="0" RenderTransform="0.5968368 0 -0 0.5968368 102.83416 41.630127">
							<Font SizePoints="16" Style="Bold" FamilyName="HPDHEV+BlissPro-Bold" Capitals="Normal" ResourceId="3" />
							<Origin X="0" Y="0" />
							<Text>Е</Text>
							<Size Width="8.016" Height="9.328125" />
							<Brush>
								<SolidBrush Color="#FFFFFFFF" />
							</Brush>
							<Tag>convertedFont</Tag>
						</Glyphs>
						<Glyphs OutlineWidth="0.5" CharSpace="0" RenderTransform="0.5968368 0 -0 0.5968368 107.65548 41.630127">
							<Font SizePoints="16" Style="Bold" FamilyName="HPDHEV+BlissPro-Bold" Capitals="Normal" ResourceId="3" />
							<Origin X="0" Y="0" />
							<Text>Л</Text>
							<Size Width="10.368" Height="9.328125" />
							<Brush>
								<SolidBrush Color="#FFFFFFFF" />
							</Brush>
							<Tag>convertedFont</Tag>
						</Glyphs>
						<Glyphs OutlineWidth="0.5" CharSpace="0" RenderTransform="0.5968368 0 -0 0.5968368 113.884964 41.630127">
							<Font SizePoints="16" Style="Bold" FamilyName="HPDHEV+BlissPro-Bold" Capitals="Normal" ResourceId="3" />
							<Origin X="0" Y="0" />
							<Text>Ь</Text>
							<Size Width="9.024" Height="9.328125" />
							<Brush>
								<SolidBrush Color="#FFFFFFFF" />
							</Brush>
							<Tag>convertedFont</Tag>
						</Glyphs>
						<Glyphs OutlineWidth="0.5" CharSpace="0" RenderTransform="0.5968368 0 -0 0.5968368 119.31245 41.630127">
							<Font SizePoints="16" Style="Bold" FamilyName="HPDHEV+BlissPro-Bold" Capitals="Normal" ResourceId="3" />
							<Origin X="0" Y="0" />
							<Text> </Text>
							<Size Width="3.424" Height="9.328125" />
							<Brush>
								<SolidBrush Color="#FFFFFFFF" />
							</Brush>
							<Tag>convertedFont</Tag>
						</Glyphs>
						<Glyphs OutlineWidth="0.5" CharSpace="0" RenderTransform="0.5968368 0 -0 0.5968368 121.373405 41.630127">
							<Font SizePoints="16" Style="Bold" FamilyName="HPDHEV+BlissPro-Bold" Capitals="Normal" ResourceId="3" />
							<Origin X="0" Y="0" />
							<Text>1</Text>
							<Size Width="7.056" Height="9.328125" />
							<Brush>
								<SolidBrush Color="#FFFFFFFF" />
							</Brush>
							<Tag>convertedFont</Tag>
						</Glyphs>
					</Canvas>
					<Canvas>
						<Clip>
							<Path FillMode="Alternate">
								<PathFigure IsClosed="True">
									<PolyLine LineColor="#FF000000">
										<Point X="28.5" Y="28.5" />
										<Point X="566.25" Y="28.5" />
									</PolyLine>
									<PolyLine LineColor="#FF000000">
										<Point X="566.25" Y="28.5" />
										<Point X="566.25" Y="813.3404" />
									</PolyLine>
									<PolyLine LineColor="#FF000000">
										<Point X="566.25" Y="813.3404" />
										<Point X="28.5" Y="813.3404" />
									</PolyLine>
									<PolyLine LineColor="#FF000000">
										<Point X="28.5" Y="813.3404" />
										<Point X="28.5" Y="28.5" />
									</PolyLine>
								</PathFigure>
							</Path>
						</Clip>
						<Canvas>
							<Clip>
								<Path FillMode="Winding">
									<PathFigure IsClosed="False">
										<PolyLine LineColor="#FF000000">
											<Point X="308.41647" Y="60.729187" />
											<Point X="308.41647" Y="60.132324" />
										</PolyLine>
										<PolyLine LineColor="#FF000000">
											<Point X="308.41647" Y="60.132324" />
											<Point X="508.3568" Y="60.132324" />
										</PolyLine>
										<PolyLine LineColor="#FF000000">
											<Point X="508.3568" Y="60.132324" />
											<Point X="508.3568" Y="60.729187" />
										</PolyLine>
									</PathFigure>
								</Path>
							</Clip>
							<Path FillMode="Winding" RenderTransform="1 0 0 -1 0 842">
								<Brush>
									<SolidBrush Color="#FF706E74" />
								</Brush>
								<PathFigure IsClosed="True">
									<PolyLine LineColor="#FF000000">
										<Point X="308.41647" Y="781.8679" />
										<Point X="309.0133" Y="781.8679" />
									</PolyLine>
									<PolyLine LineColor="#FF000000">
										<Point X="309.0133" Y="781.8679" />
										<Point X="309.0133" Y="781.271" />
									</PolyLine>
									<PolyLine LineColor="#FF000000">
										<Point X="309.0133" Y="781.271" />
										<Point X="308.41647" Y="781.271" />
									</PolyLine>
								</PathFigure>
							</Path>
							<Path FillMode="Winding" RenderTransform="1 0 0 -1 0 842">
								<Brush>
									<SolidBrush Color="#FF706E74" />
								</Brush>
								<PathFigure IsClosed="True">
									<PolyLine LineColor="#FF000000">
										<Point X="507.75995" Y="781.8679" />
										<Point X="508.35678" Y="781.8679" />
									</PolyLine>
									<PolyLine LineColor="#FF000000">
										<Point X="508.35678" Y="781.8679" />
										<Point X="508.35678" Y="781.271" />
									</PolyLine>
									<PolyLine LineColor="#FF000000">
										<Point X="508.35678" Y="781.271" />
										<Point X="507.75995" Y="781.271" />
									</PolyLine>
								</PathFigure>
							</Path>
							<Path FillMode="Alternate" RenderTransform="1 0 0 -1 0 842">
								<Pen Alignment="Center" DashCap="Flat" DashOffset="0" DashPattern="0.5968368 0.5968368" DashStyle="Custom" EndCap="Flat" LineJoin="Miter" MiterLimit="10" StartCap="Flat" Width="0.5968368">
									<Brush>
										<SolidBrush Color="#FF706E74" />
									</Brush>
								</Pen>
								<PathFigure IsClosed="False">
									<PolyLine LineColor="#FF000000">
										<Point X="309.0133" Y="781.5696" />
										<Point X="507.75995" Y="781.5696" />
									</PolyLine>
								</PathFigure>
							</Path>
						</Canvas>
					</Canvas>
					<Canvas>
						<Clip>
							<Path FillMode="Alternate">
								<PathFigure IsClosed="True">
									<PolyLine LineColor="#FF000000">
										<Point X="28.5" Y="28.5" />
										<Point X="566.25" Y="28.5" />
									</PolyLine>
									<PolyLine LineColor="#FF000000">
										<Point X="566.25" Y="28.5" />
										<Point X="566.25" Y="813.3404" />
									</PolyLine>
									<PolyLine LineColor="#FF000000">
										<Point X="566.25" Y="813.3404" />
										<Point X="28.5" Y="813.3404" />
									</PolyLine>
									<PolyLine LineColor="#FF000000">
										<Point X="28.5" Y="813.3404" />
										<Point X="28.5" Y="28.5" />
									</PolyLine>
								</PathFigure>
							</Path>
						</Clip>
					</Canvas>
					<Canvas>
						<Clip>
							<Path FillMode="Alternate">
								<PathFigure IsClosed="True">
									<PolyLine LineColor="#FF000000">
										<Point X="28.5" Y="28.5" />
										<Point X="566.25" Y="28.5" />
									</PolyLine>
									<PolyLine LineColor="#FF000000">
										<Point X="566.25" Y="28.5" />
										<Point X="566.25" Y="813.3404" />
									</PolyLine>
									<PolyLine LineColor="#FF000000">
										<Point X="566.25" Y="813.3404" />
										<Point X="28.5" Y="813.3404" />
									</PolyLine>
									<PolyLine LineColor="#FF000000">
										<Point X="28.5" Y="813.3404" />
										<Point X="28.5" Y="28.5" />
									</PolyLine>
								</PathFigure>
							</Path>
						</Clip>
						<Canvas>
							<Clip>
								<Path FillMode="Winding">
									<PathFigure IsClosed="False">
										<PolyLine LineColor="#FF000000">
											<Point X="509.55048" Y="60.729187" />
											<Point X="510.1473" Y="60.132324" />
										</PolyLine>
										<PolyLine LineColor="#FF000000">
											<Point X="510.1473" Y="60.132324" />
											<Point X="542.3765" Y="60.132324" />
										</PolyLine>
										<PolyLine LineColor="#FF000000">
											<Point X="542.3765" Y="60.132324" />
											<Point X="542.3765" Y="60.729187" />
										</PolyLine>
									</PathFigure>
								</Path>
							</Clip>
							<Path FillMode="Winding" RenderTransform="1 0 0 -1 0 842">
								<Brush>
									<SolidBrush Color="#FF706E74" />
								</Brush>
								<PathFigure IsClosed="True">
									<PolyLine LineColor="#FF000000">
										<Point X="509.55048" Y="781.8679" />
										<Point X="510.1473" Y="781.8679" />
									</PolyLine>
									<PolyLine LineColor="#FF000000">
										<Point X="510.1473" Y="781.8679" />
										<Point X="510.1473" Y="781.271" />
									</PolyLine>
									<PolyLine LineColor="#FF000000">
										<Point X="510.1473" Y="781.271" />
										<Point X="509.55048" Y="781.271" />
									</PolyLine>
								</PathFigure>
							</Path>
							<Path FillMode="Winding" RenderTransform="1 0 0 -1 0 842">
								<Brush>
									<SolidBrush Color="#FF706E74" />
								</Brush>
								<PathFigure IsClosed="True">
									<PolyLine LineColor="#FF000000">
										<Point X="541.77966" Y="781.8679" />
										<Point X="542.37646" Y="781.8679" />
									</PolyLine>
									<PolyLine LineColor="#FF000000">
										<Point X="542.37646" Y="781.8679" />
										<Point X="542.37646" Y="781.271" />
									</PolyLine>
									<PolyLine LineColor="#FF000000">
										<Point X="542.37646" Y="781.271" />
										<Point X="541.77966" Y="781.271" />
									</PolyLine>
								</PathFigure>
							</Path>
							<Path FillMode="Alternate" RenderTransform="1 0 0 -1 0 842">
								<Pen Alignment="Center" DashCap="Flat" DashOffset="0" DashPattern="0.5968368 0.5968368" DashStyle="Custom" EndCap="Flat" LineJoin="Miter" MiterLimit="10" StartCap="Flat" Width="0.5968368">
									<Brush>
										<SolidBrush Color="#FF706E74" />
									</Brush>
								</Pen>
								<PathFigure IsClosed="False">
									<PolyLine LineColor="#FF000000">
										<Point X="510.1473" Y="781.5696" />
										<Point X="541.77966" Y="781.5696" />
									</PolyLine>
								</PathFigure>
							</Path>
						</Canvas>
					</Canvas>
					<Canvas>
						<Clip>
							<Path FillMode="Alternate">
								<PathFigure IsClosed="True">
									<PolyLine LineColor="#FF000000">
										<Point X="28.5" Y="28.5" />
										<Point X="566.25" Y="28.5" />
									</PolyLine>
									<PolyLine LineColor="#FF000000">
										<Point X="566.25" Y="28.5" />
										<Point X="566.25" Y="813.3404" />
									</PolyLine>
									<PolyLine LineColor="#FF000000">
										<Point X="566.25" Y="813.3404" />
										<Point X="28.5" Y="813.3404" />
									</PolyLine>
									<PolyLine LineColor="#FF000000">
										<Point X="28.5" Y="813.3404" />
										<Point X="28.5" Y="28.5" />
									</PolyLine>
								</PathFigure>
							</Path>
						</Clip>
						<Path FillMode="Winding" RenderTransform="1 0 0 -1 0 842">
							<Brush>
								<SolidBrush Color="#FF939598" />
							</Brush>
							<PathFigure IsClosed="True">
								<PolyLine LineColor="#FF000000">
									<Point X="509.55048" Y="793.2075" />
									<Point X="509.55048" Y="781.2708" />
								</PolyLine>
								<PolyLine LineColor="#FF000000">
									<Point X="509.55048" Y="781.2708" />
									<Point X="510.1473" Y="781.8677" />
								</PolyLine>
								<PolyLine LineColor="#FF000000">
									<Point X="510.1473" Y="781.8677" />
									<Point X="510.1473" Y="793.2075" />
								</PolyLine>
								<PolyLine LineColor="#FF000000">
									<Point X="510.1473" Y="793.2075" />
									<Point X="509.55048" Y="793.2075" />
								</PolyLine>
							</PathFigure>
						</Path>
					</Canvas>
					<Canvas>
						<Clip>
							<Path FillMode="Alternate">
								<PathFigure IsClosed="True">
									<PolyLine LineColor="#FF000000">
										<Point X="28.5" Y="28.5" />
										<Point X="566.25" Y="28.5" />
									</PolyLine>
									<PolyLine LineColor="#FF000000">
										<Point X="566.25" Y="28.5" />
										<Point X="566.25" Y="813.3404" />
									</PolyLine>
									<PolyLine LineColor="#FF000000">
										<Point X="566.25" Y="813.3404" />
										<Point X="28.5" Y="813.3404" />
									</PolyLine>
									<PolyLine LineColor="#FF000000">
										<Point X="28.5" Y="813.3404" />
										<Point X="28.5" Y="28.5" />
									</PolyLine>
								</PathFigure>
							</Path>
						</Clip>
						<Canvas>
							<Clip>
								<Path FillMode="Winding">
									<PathFigure IsClosed="False">
										<PolyLine LineColor="#FF000000">
											<Point X="308.41647" Y="73.85962" />
											<Point X="308.41647" Y="73.26276" />
										</PolyLine>
										<PolyLine LineColor="#FF000000">
											<Point X="308.41647" Y="73.26276" />
											<Point X="508.3568" Y="73.26276" />
										</PolyLine>
										<PolyLine LineColor="#FF000000">
											<Point X="508.3568" Y="73.26276" />
											<Point X="508.3568" Y="73.85962" />
										</PolyLine>
									</PathFigure>
								</Path>
							</Clip>
							<Path FillMode="Winding" RenderTransform="1 0 0 -1 0 842">
								<Brush>
									<SolidBrush Color="#FF706E74" />
								</Brush>
								<PathFigure IsClosed="True">
									<PolyLine LineColor="#FF000000">
										<Point X="308.41647" Y="768.73755" />
										<Point X="309.0133" Y="768.73755" />
									</PolyLine>
									<PolyLine LineColor="#FF000000">
										<Point X="309.0133" Y="768.73755" />
										<Point X="309.0133" Y="768.1406" />
									</PolyLine>
									<PolyLine LineColor="#FF000000">
										<Point X="309.0133" Y="768.1406" />
										<Point X="308.41647" Y="768.1406" />
									</PolyLine>
								</PathFigure>
							</Path>
							<Path FillMode="Winding" RenderTransform="1 0 0 -1 0 842">
								<Brush>
									<SolidBrush Color="#FF706E74" />
								</Brush>
								<PathFigure IsClosed="True">
									<PolyLine LineColor="#FF000000">
										<Point X="507.75995" Y="768.73755" />
										<Point X="508.35678" Y="768.73755" />
									</PolyLine>
									<PolyLine LineColor="#FF000000">
										<Point X="508.35678" Y="768.73755" />
										<Point X="508.35678" Y="768.1406" />
									</PolyLine>
									<PolyLine LineColor="#FF000000">
										<Point X="508.35678" Y="768.1406" />
										<Point X="507.75995" Y="768.1406" />
									</PolyLine>
								</PathFigure>
							</Path>
							<Path FillMode="Alternate" RenderTransform="1 0 0 -1 0 842">
								<Pen Alignment="Center" DashCap="Flat" DashOffset="0" DashPattern="0.5968368 0.5968368" DashStyle="Custom" EndCap="Flat" LineJoin="Miter" MiterLimit="10" StartCap="Flat" Width="0.5968368">
									<Brush>
										<SolidBrush Color="#FF706E74" />
									</Brush>
								</Pen>
								<PathFigure IsClosed="False">
									<PolyLine LineColor="#FF000000">
										<Point X="309.0133" Y="768.4392" />
										<Point X="507.75995" Y="768.4392" />
									</PolyLine>
								</PathFigure>
							</Path>
						</Canvas>
					</Canvas>
					<Canvas>
						<Clip>
							<Path FillMode="Alternate">
								<PathFigure IsClosed="True">
									<PolyLine LineColor="#FF000000">
										<Point X="28.5" Y="28.5" />
										<Point X="566.25" Y="28.5" />
									</PolyLine>
									<PolyLine LineColor="#FF000000">
										<Point X="566.25" Y="28.5" />
										<Point X="566.25" Y="813.3404" />
									</PolyLine>
									<PolyLine LineColor="#FF000000">
										<Point X="566.25" Y="813.3404" />
										<Point X="28.5" Y="813.3404" />
									</PolyLine>
									<PolyLine LineColor="#FF000000">
										<Point X="28.5" Y="813.3404" />
										<Point X="28.5" Y="28.5" />
									</PolyLine>
								</PathFigure>
							</Path>
						</Clip>
					</Canvas>
					<Canvas>
						<Clip>
							<Path FillMode="Alternate">
								<PathFigure IsClosed="True">
									<PolyLine LineColor="#FF000000">
										<Point X="28.5" Y="28.5" />
										<Point X="566.25" Y="28.5" />
									</PolyLine>
									<PolyLine LineColor="#FF000000">
										<Point X="566.25" Y="28.5" />
										<Point X="566.25" Y="813.3404" />
									</PolyLine>
									<PolyLine LineColor="#FF000000">
										<Point X="566.25" Y="813.3404" />
										<Point X="28.5" Y="813.3404" />
									</PolyLine>
									<PolyLine LineColor="#FF000000">
										<Point X="28.5" Y="813.3404" />
										<Point X="28.5" Y="28.5" />
									</PolyLine>
								</PathFigure>
							</Path>
						</Clip>
						<Canvas>
							<Clip>
								<Path FillMode="Winding">
									<PathFigure IsClosed="False">
										<PolyLine LineColor="#FF000000">
											<Point X="509.55048" Y="73.85962" />
											<Point X="510.1473" Y="73.26276" />
										</PolyLine>
										<PolyLine LineColor="#FF000000">
											<Point X="510.1473" Y="73.26276" />
											<Point X="542.3765" Y="73.26276" />
										</PolyLine>
										<PolyLine LineColor="#FF000000">
											<Point X="542.3765" Y="73.26276" />
											<Point X="542.3765" Y="73.85962" />
										</PolyLine>
									</PathFigure>
								</Path>
							</Clip>
							<Path FillMode="Winding" RenderTransform="1 0 0 -1 0 842">
								<Brush>
									<SolidBrush Color="#FF706E74" />
								</Brush>
								<PathFigure IsClosed="True">
									<PolyLine LineColor="#FF000000">
										<Point X="509.55048" Y="768.73755" />
										<Point X="510.1473" Y="768.73755" />
									</PolyLine>
									<PolyLine LineColor="#FF000000">
										<Point X="510.1473" Y="768.73755" />
										<Point X="510.1473" Y="768.1406" />
									</PolyLine>
									<PolyLine LineColor="#FF000000">
										<Point X="510.1473" Y="768.1406" />
										<Point X="509.55048" Y="768.1406" />
									</PolyLine>
								</PathFigure>
							</Path>
							<Path FillMode="Winding" RenderTransform="1 0 0 -1 0 842">
								<Brush>
									<SolidBrush Color="#FF706E74" />
								</Brush>
								<PathFigure IsClosed="True">
									<PolyLine LineColor="#FF000000">
										<Point X="541.77966" Y="768.73755" />
										<Point X="542.37646" Y="768.73755" />
									</PolyLine>
									<PolyLine LineColor="#FF000000">
										<Point X="542.37646" Y="768.73755" />
										<Point X="542.37646" Y="768.1406" />
									</PolyLine>
									<PolyLine LineColor="#FF000000">
										<Point X="542.37646" Y="768.1406" />
										<Point X="541.77966" Y="768.1406" />
									</PolyLine>
								</PathFigure>
							</Path>
							<Path FillMode="Alternate" RenderTransform="1 0 0 -1 0 842">
								<Pen Alignment="Center" DashCap="Flat" DashOffset="0" DashPattern="0.5968368 0.5968368" DashStyle="Custom" EndCap="Flat" LineJoin="Miter" MiterLimit="10" StartCap="Flat" Width="0.5968368">
									<Brush>
										<SolidBrush Color="#FF706E74" />
									</Brush>
								</Pen>
								<PathFigure IsClosed="False">
									<PolyLine LineColor="#FF000000">
										<Point X="510.1473" Y="768.4392" />
										<Point X="541.77966" Y="768.4392" />
									</PolyLine>
								</PathFigure>
							</Path>
						</Canvas>
					</Canvas>
					<Canvas>
						<Clip>
							<Path FillMode="Alternate">
								<PathFigure IsClosed="True">
									<PolyLine LineColor="#FF000000">
										<Point X="28.5" Y="28.5" />
										<Point X="566.25" Y="28.5" />
									</PolyLine>
									<PolyLine LineColor="#FF000000">
										<Point X="566.25" Y="28.5" />
										<Point X="566.25" Y="813.3404" />
									</PolyLine>
									<PolyLine LineColor="#FF000000">
										<Point X="566.25" Y="813.3404" />
										<Point X="28.5" Y="813.3404" />
									</PolyLine>
									<PolyLine LineColor="#FF000000">
										<Point X="28.5" Y="813.3404" />
										<Point X="28.5" Y="28.5" />
									</PolyLine>
								</PathFigure>
							</Path>
						</Clip>
						<Path FillMode="Winding" RenderTransform="1 0 0 -1 0 842">
							<Brush>
								<SolidBrush Color="#FF939598" />
							</Brush>
							<PathFigure IsClosed="True">
								<PolyLine LineColor="#FF000000">
									<Point X="509.55048" Y="780.07715" />
									<Point X="509.55048" Y="768.1404" />
								</PolyLine>
								<PolyLine LineColor="#FF000000">
									<Point X="509.55048" Y="768.1404" />
									<Point X="510.1473" Y="768.73724" />
								</PolyLine>
								<PolyLine LineColor="#FF000000">
									<Point X="510.1473" Y="768.73724" />
									<Point X="510.1473" Y="780.07715" />
								</PolyLine>
								<PolyLine LineColor="#FF000000">
									<Point X="510.1473" Y="780.07715" />
									<Point X="509.55048" Y="780.07715" />
								</PolyLine>
							</PathFigure>
						</Path>
						<Path FillMode="Winding" RenderTransform="1 0 0 -1 0 842">
							<Brush>
								<SolidBrush Color="#FF005F7F" />
							</Brush>
							<PathFigure IsClosed="True">
								<PolyLine LineColor="#FF000000">
									<Point X="308.41647" Y="812.30664" />
									<Point X="542.37646" Y="812.30664" />
								</PolyLine>
								<PolyLine LineColor="#FF000000">
									<Point X="542.37646" Y="812.30664" />
									<Point X="542.37646" Y="794.4016" />
								</PolyLine>
								<PolyLine LineColor="#FF000000">
									<Point X="542.37646" Y="794.4016" />
									<Point X="308.41647" Y="794.4016" />
								</PolyLine>
							</PathFigure>
						</Path>
						<Path FillMode="Winding" RenderTransform="1 0 0 -1 0 842">
							<Brush>
								<SolidBrush Color="#FFFFFFFF" />
							</Brush>
							<PathFigure IsClosed="True">
								<PolyLine LineColor="#FF000000">
									<Point X="308.41647" Y="794.9983" />
									<Point X="542.37646" Y="794.9983" />
								</PolyLine>
								<PolyLine LineColor="#FF000000">
									<Point X="542.37646" Y="794.9983" />
									<Point X="542.37646" Y="794.4016" />
								</PolyLine>
								<PolyLine LineColor="#FF000000">
									<Point X="542.37646" Y="794.4016" />
									<Point X="308.41647" Y="794.4016" />
								</PolyLine>
							</PathFigure>
						</Path>
						<Path FillMode="Winding" RenderTransform="1 0 0 -1 0 842">
							<Brush>
								<SolidBrush Color="#FFFFFFFF" />
							</Brush>
							<PathFigure IsClosed="True">
								<PolyLine LineColor="#FF000000">
									<Point X="308.41647" Y="812.30664" />
									<Point X="309.0133" Y="812.30664" />
								</PolyLine>
								<PolyLine LineColor="#FF000000">
									<Point X="309.0133" Y="812.30664" />
									<Point X="309.0133" Y="794.4016" />
								</PolyLine>
								<PolyLine LineColor="#FF000000">
									<Point X="309.0133" Y="794.4016" />
									<Point X="308.41647" Y="794.4016" />
								</PolyLine>
							</PathFigure>
						</Path>
						<Glyphs OutlineWidth="0.5" CharSpace="0" RenderTransform="0.5968368 0 -0 0.5968368 313.19116 57.14795">
							<Font SizePoints="14" Style="Regular" FamilyName="CSMVMI+BlissPro" Capitals="Normal" ResourceId="2" />
							<Origin X="0" Y="0" />
							<Text>С</Text>
							<Size Width="8.4" Height="8.162108" />
							<Brush>
								<SolidBrush Color="#FF000000" />
							</Brush>
							<Tag>convertedFont</Tag>
						</Glyphs>
						<Glyphs OutlineWidth="0.5" CharSpace="0" RenderTransform="0.5968368 0 -0 0.5968368 318.2456 57.14795">
							<Font SizePoints="14" Style="Regular" FamilyName="CSMVMI+BlissPro" Capitals="Normal" ResourceId="2" />
							<Origin X="0" Y="0" />
							<Text>т</Text>
							<Size Width="6.174" Height="8.162108" />
							<Brush>
								<SolidBrush Color="#FF000000" />
							</Brush>
							<Tag>convertedFont</Tag>
						</Glyphs>
						<Glyphs OutlineWidth="0.5" CharSpace="0" RenderTransform="0.5968368 0 -0 0.5968368 321.95718 57.14795">
							<Font SizePoints="14" Style="Regular" FamilyName="CSMVMI+BlissPro" Capitals="Normal" ResourceId="2" />
							<Origin X="0" Y="0" />
							<Text>е</Text>
							<Size Width="6.636" Height="8.162108" />
							<Brush>
								<SolidBrush Color="#FF000000" />
							</Brush>
							<Tag>convertedFont</Tag>
						</Glyphs>
						<Glyphs OutlineWidth="0.5" CharSpace="0" RenderTransform="0.5968368 0 -0 0.5968368 325.94855 57.14795">
							<Font SizePoints="14" Style="Regular" FamilyName="CSMVMI+BlissPro" Capitals="Normal" ResourceId="2" />
							<Origin X="0" Y="0" />
							<Text>п</Text>
							<Size Width="7.182" Height="8.162108" />
							<Brush>
								<SolidBrush Color="#FF000000" />
							</Brush>
							<Tag>convertedFont</Tag>
						</Glyphs>
						<Glyphs OutlineWidth="0.5" CharSpace="0" RenderTransform="0.5968368 0 -0 0.5968368 330.2663 57.14795">
							<Font SizePoints="14" Style="Regular" FamilyName="CSMVMI+BlissPro" Capitals="Normal" ResourceId="2" />
							<Origin X="0" Y="0" />
							<Text>е</Text>
							<Size Width="6.636" Height="8.162108" />
							<Brush>
								<SolidBrush Color="#FF000000" />
							</Brush>
							<Tag>convertedFont</Tag>
						</Glyphs>
						<Glyphs OutlineWidth="0.5" CharSpace="0" RenderTransform="0.5968368 0 -0 0.5968368 334.25763 57.14795">
							<Font SizePoints="14" Style="Regular" FamilyName="CSMVMI+BlissPro" Capitals="Normal" ResourceId="2" />
							<Origin X="0" Y="0" />
							<Text>н</Text>
							<Size Width="7.266" Height="8.162108" />
							<Brush>
								<SolidBrush Color="#FF000000" />
							</Brush>
							<Tag>convertedFont</Tag>
						</Glyphs>
						<Glyphs OutlineWidth="0.5" CharSpace="0" RenderTransform="0.5968368 0 -0 0.5968368 338.622 57.14795">
							<Font SizePoints="14" Style="Regular" FamilyName="CSMVMI+BlissPro" Capitals="Normal" ResourceId="2" />
							<Origin X="0" Y="0" />
							<Text>ь</Text>
							<Size Width="6.454" Height="8.162108" />
							<Brush>
								<SolidBrush Color="#FF000000" />
							</Brush>
							<Tag>convertedFont</Tag>
						</Glyphs>
						<Glyphs OutlineWidth="0.5" CharSpace="0" RenderTransform="0.5968368 0 -0 0.5968368 342.50143 57.14795">
							<Font SizePoints="14" Style="Regular" FamilyName="CSMVMI+BlissPro" Capitals="Normal" ResourceId="2" />
							<Origin X="0" Y="0" />
							<Text> </Text>
							<Size Width="3.094" Height="8.162108" />
							<Brush>
								<SolidBrush Color="#FF000000" />
							</Brush>
							<Tag>convertedFont</Tag>
						</Glyphs>
						<Glyphs OutlineWidth="0.5" CharSpace="0" RenderTransform="0.5968368 0 -0 0.5968368 344.35724 57.14795">
							<Font SizePoints="14" Style="Regular" FamilyName="CSMVMI+BlissPro" Capitals="Normal" ResourceId="2" />
							<Origin X="0" Y="0" />
							<Text>з</Text>
							<Size Width="5.894" Height="8.162108" />
							<Brush>
								<SolidBrush Color="#FF000000" />
							</Brush>
							<Tag>convertedFont</Tag>
						</Glyphs>
						<Glyphs OutlineWidth="0.5" CharSpace="0" RenderTransform="0.5968368 0 -0 0.5968368 347.90094 57.14795">
							<Font SizePoints="14" Style="Regular" FamilyName="CSMVMI+BlissPro" Capitals="Normal" ResourceId="2" />
							<Origin X="0" Y="0" />
							<Text>а</Text>
							<Size Width="6.608" Height="8.162108" />
							<Brush>
								<SolidBrush Color="#FF000000" />
							</Brush>
							<Tag>convertedFont</Tag>
						</Glyphs>
						<Glyphs OutlineWidth="0.5" CharSpace="0" RenderTransform="0.5968368 0 -0 0.5968368 351.87363 57.14795">
							<Font SizePoints="14" Style="Regular" FamilyName="CSMVMI+BlissPro" Capitals="Normal" ResourceId="2" />
							<Origin X="0" Y="0" />
							<Text>г</Text>
							<Size Width="5.544" Height="8.162108" />
							<Brush>
								<SolidBrush Color="#FF000000" />
							</Brush>
							<Tag>convertedFont</Tag>
						</Glyphs>
						<Glyphs OutlineWidth="0.5" CharSpace="0" RenderTransform="0.5968368 0 -0 0.5968368 355.20288 57.14795">
							<Font SizePoints="14" Style="Regular" FamilyName="CSMVMI+BlissPro" Capitals="Normal" ResourceId="2" />
							<Origin X="0" Y="0" />
							<Text>р</Text>
							<Size Width="7.14" Height="8.162108" />
							<Brush>
								<SolidBrush Color="#FF000000" />
							</Brush>
							<Tag>convertedFont</Tag>
						</Glyphs>
						<Glyphs OutlineWidth="0.5" CharSpace="0" RenderTransform="0.5968368 0 -0 0.5968368 359.49265 57.14795">
							<Font SizePoints="14" Style="Regular" FamilyName="CSMVMI+BlissPro" Capitals="Normal" ResourceId="2" />
							<Origin X="0" Y="0" />
							<Text>я</Text>
							<Size Width="6.678" Height="8.162108" />
							<Brush>
								<SolidBrush Color="#FF000000" />
							</Brush>
							<Tag>convertedFont</Tag>
						</Glyphs>
						<Glyphs OutlineWidth="0.5" CharSpace="0" RenderTransform="0.5968368 0 -0 0.5968368 363.50262 57.14795">
							<Font SizePoints="14" Style="Regular" FamilyName="CSMVMI+BlissPro" Capitals="Normal" ResourceId="2" />
							<Origin X="0" Y="0" />
							<Text>з</Text>
							<Size Width="5.894" Height="8.162108" />
							<Brush>
								<SolidBrush Color="#FF000000" />
							</Brush>
							<Tag>convertedFont</Tag>
						</Glyphs>
						<Glyphs OutlineWidth="0.5" CharSpace="0" RenderTransform="0.5968368 0 -0 0.5968368 367.04636 57.14795">
							<Font SizePoints="14" Style="Regular" FamilyName="CSMVMI+BlissPro" Capitals="Normal" ResourceId="2" />
							<Origin X="0" Y="0" />
							<Text>н</Text>
							<Size Width="7.266" Height="8.162108" />
							<Brush>
								<SolidBrush Color="#FF000000" />
							</Brush>
							<Tag>convertedFont</Tag>
						</Glyphs>
						<Glyphs OutlineWidth="0.5" CharSpace="0" RenderTransform="0.5968368 0 -0 0.5968368 371.41074 57.14795">
							<Font SizePoints="14" Style="Regular" FamilyName="CSMVMI+BlissPro" Capitals="Normal" ResourceId="2" />
							<Origin X="0" Y="0" />
							<Text>е</Text>
							<Size Width="6.636" Height="8.162108" />
							<Brush>
								<SolidBrush Color="#FF000000" />
							</Brush>
							<Tag>convertedFont</Tag>
						</Glyphs>
						<Glyphs OutlineWidth="0.5" CharSpace="0" RenderTransform="0.5968368 0 -0 0.5968368 375.40207 57.14795">
							<Font SizePoints="14" Style="Regular" FamilyName="CSMVMI+BlissPro" Capitals="Normal" ResourceId="2" />
							<Origin X="0" Y="0" />
							<Text>н</Text>
							<Size Width="7.266" Height="8.162108" />
							<Brush>
								<SolidBrush Color="#FF000000" />
							</Brush>
							<Tag>convertedFont</Tag>
						</Glyphs>
						<Glyphs OutlineWidth="0.5" CharSpace="0" RenderTransform="0.5968368 0 -0 0.5968368 379.76645 57.14795">
							<Font SizePoints="14" Style="Regular" FamilyName="CSMVMI+BlissPro" Capitals="Normal" ResourceId="2" />
							<Origin X="0" Y="0" />
							<Text>и</Text>
							<Size Width="7.518" Height="8.162108" />
							<Brush>
								<SolidBrush Color="#FF000000" />
							</Brush>
							<Tag>convertedFont</Tag>
						</Glyphs>
						<Glyphs OutlineWidth="0.5" CharSpace="0" RenderTransform="0.5968368 0 -0 0.5968368 384.28003 57.14795">
							<Font SizePoints="14" Style="Regular" FamilyName="CSMVMI+BlissPro" Capitals="Normal" ResourceId="2" />
							<Origin X="0" Y="0" />
							<Text>я</Text>
							<Size Width="6.678" Height="8.162108" />
							<Brush>
								<SolidBrush Color="#FF000000" />
							</Brush>
							<Tag>convertedFont</Tag>
						</Glyphs>
						<Glyphs OutlineWidth="0.5" CharSpace="0" RenderTransform="0.5968368 0 -0 0.5968368 388.29 57.14795">
							<Font SizePoints="14" Style="Regular" FamilyName="CSMVMI+BlissPro" Capitals="Normal" ResourceId="2" />
							<Origin X="0" Y="0" />
							<Text> </Text>
							<Size Width="3.094" Height="8.162108" />
							<Brush>
								<SolidBrush Color="#FF000000" />
							</Brush>
							<Tag>convertedFont</Tag>
						</Glyphs>
						<Glyphs OutlineWidth="0.5" CharSpace="0" RenderTransform="0.5968368 0 -0 0.5968368 390.1458 57.14795">
							<Font SizePoints="14" Style="Regular" FamilyName="CSMVMI+BlissPro" Capitals="Normal" ResourceId="2" />
							<Origin X="0" Y="0" />
							<Text>(</Text>
							<Size Width="4.508" Height="8.162108" />
							<Brush>
								<SolidBrush Color="#FF000000" />
							</Brush>
							<Tag>convertedFont</Tag>
						</Glyphs>
						<Glyphs OutlineWidth="0.5" CharSpace="0" RenderTransform="0.5968368 0 -0 0.5968368 392.85022 57.14795">
							<Font SizePoints="14" Style="Regular" FamilyName="CSMVMI+BlissPro" Capitals="Normal" ResourceId="2" />
							<Origin X="0" Y="0" />
							<Text>%</Text>
							<Size Width="11.76" Height="8.162108" />
							<Brush>
								<SolidBrush Color="#FF000000" />
							</Brush>
							<Tag>convertedFont</Tag>
						</Glyphs>
						<Glyphs OutlineWidth="0.5" CharSpace="0" RenderTransform="0.5968368 0 -0 0.5968368 399.919 57.14795">
							<Font SizePoints="14" Style="Regular" FamilyName="CSMVMI+BlissPro" Capitals="Normal" ResourceId="2" />
							<Origin X="0" Y="0" />
							<Text>)</Text>
							<Size Width="4.508" Height="8.162108" />
							<Brush>
								<SolidBrush Color="#FF000000" />
							</Brush>
							<Tag>convertedFont</Tag>
						</Glyphs>
						<Glyphs OutlineWidth="0.5" CharSpace="0" RenderTransform="0.5968368 0 -0 0.5968368 514.922 57.14795">
							<Font SizePoints="14" Style="Regular" FamilyName="CSMVMI+BlissPro" Capitals="Normal" ResourceId="2" />
							<Origin X="0" Y="0" />
							<Text>0</Text>
							<Size Width="7.756" Height="8.162108" />
							<Brush>
								<SolidBrush Color="#FF000000" />
							</Brush>
							<Tag>convertedFont</Tag>
						</Glyphs>
						<Glyphs OutlineWidth="0.5" CharSpace="0" RenderTransform="0.5968368 0 -0 0.5968368 313.19116 70.27832">
							<Font SizePoints="14" Style="Regular" FamilyName="CSMVMI+BlissPro" Capitals="Normal" ResourceId="2" />
							<Origin X="0" Y="0" />
							<Text>М</Text>
							<Size Width="11.2" Height="8.162108" />
							<Brush>
								<SolidBrush Color="#FF000000" />
							</Brush>
							<Tag>convertedFont</Tag>
						</Glyphs>
						<Glyphs OutlineWidth="0.5" CharSpace="0" RenderTransform="0.5968368 0 -0 0.5968368 319.92422 70.27832">
							<Font SizePoints="14" Style="Regular" FamilyName="CSMVMI+BlissPro" Capitals="Normal" ResourceId="2" />
							<Origin X="0" Y="0" />
							<Text>а</Text>
							<Size Width="6.608" Height="8.162108" />
							<Brush>
								<SolidBrush Color="#FF000000" />
							</Brush>
							<Tag>convertedFont</Tag>
						</Glyphs>
						<Glyphs OutlineWidth="0.5" CharSpace="0" RenderTransform="0.5968368 0 -0 0.5968368 323.8969 70.27832">
							<Font SizePoints="14" Style="Regular" FamilyName="CSMVMI+BlissPro" Capitals="Normal" ResourceId="2" />
							<Origin X="0" Y="0" />
							<Text>с</Text>
							<Size Width="6.076" Height="8.162108" />
							<Brush>
								<SolidBrush Color="#FF000000" />
							</Brush>
							<Tag>convertedFont</Tag>
						</Glyphs>
						<Glyphs OutlineWidth="0.5" CharSpace="0" RenderTransform="0.5968368 0 -0 0.5968368 327.5432 70.27832">
							<Font SizePoints="14" Style="Regular" FamilyName="CSMVMI+BlissPro" Capitals="Normal" ResourceId="2" />
							<Origin X="0" Y="0" />
							<Text>с</Text>
							<Size Width="6.076" Height="8.162108" />
							<Brush>
								<SolidBrush Color="#FF000000" />
							</Brush>
							<Tag>convertedFont</Tag>
						</Glyphs>
						<Glyphs OutlineWidth="0.5" CharSpace="0" RenderTransform="0.5968368 0 -0 0.5968368 331.1895 70.27832">
							<Font SizePoints="14" Style="Regular" FamilyName="CSMVMI+BlissPro" Capitals="Normal" ResourceId="2" />
							<Origin X="0" Y="0" />
							<Text>а</Text>
							<Size Width="6.608" Height="8.162108" />
							<Brush>
								<SolidBrush Color="#FF000000" />
							</Brush>
							<Tag>convertedFont</Tag>
						</Glyphs>
						<Glyphs OutlineWidth="0.5" CharSpace="0" RenderTransform="0.5968368 0 -0 0.5968368 335.1622 70.27832">
							<Font SizePoints="14" Style="Regular" FamilyName="CSMVMI+BlissPro" Capitals="Normal" ResourceId="2" />
							<Origin X="0" Y="0" />
							<Text> </Text>
							<Size Width="3.094" Height="8.162108" />
							<Brush>
								<SolidBrush Color="#FF000000" />
							</Brush>
							<Tag>convertedFont</Tag>
						</Glyphs>
						<Glyphs OutlineWidth="0.5" CharSpace="0" RenderTransform="0.5968368 0 -0 0.5968368 337.018 70.27832">
							<Font SizePoints="14" Style="Regular" FamilyName="CSMVMI+BlissPro" Capitals="Normal" ResourceId="2" />
							<Origin X="0" Y="0" />
							<Text>(</Text>
							<Size Width="4.508" Height="8.162108" />
							<Brush>
								<SolidBrush Color="#FF000000" />
							</Brush>
							<Tag>convertedFont</Tag>
						</Glyphs>
						<Glyphs OutlineWidth="0.5" CharSpace="0" RenderTransform="0.5968368 0 -0 0.5968368 339.7224 70.27832">
							<Font SizePoints="14" Style="Regular" FamilyName="CSMVMI+BlissPro" Capitals="Normal" ResourceId="2" />
							<Origin X="0" Y="0" />
							<Text>к</Text>
							<Size Width="6.496" Height="8.162108" />
							<Brush>
								<SolidBrush Color="#FF000000" />
							</Brush>
							<Tag>convertedFont</Tag>
						</Glyphs>
						<Glyphs OutlineWidth="0.5" CharSpace="0" RenderTransform="0.5968368 0 -0 0.5968368 343.62982 70.27832">
							<Font SizePoints="14" Style="Regular" FamilyName="CSMVMI+BlissPro" Capitals="Normal" ResourceId="2" />
							<Origin X="0" Y="0" />
							<Text>г</Text>
							<Size Width="5.544" Height="8.162108" />
							<Brush>
								<SolidBrush Color="#FF000000" />
							</Brush>
							<Tag>convertedFont</Tag>
						</Glyphs>
						<Glyphs OutlineWidth="0.5" CharSpace="0" RenderTransform="0.5968368 0 -0 0.5968368 346.95908 70.27832">
							<Font SizePoints="14" Style="Regular" FamilyName="CSMVMI+BlissPro" Capitals="Normal" ResourceId="2" />
							<Origin X="0" Y="0" />
							<Text>)</Text>
							<Size Width="4.508" Height="8.162108" />
							<Brush>
								<SolidBrush Color="#FF000000" />
							</Brush>
							<Tag>convertedFont</Tag>
						</Glyphs>
						<Glyphs OutlineWidth="0.5" CharSpace="0" RenderTransform="0.5968368 0 -0 0.5968368 514.922 70.27832">
							<Font SizePoints="14" Style="Regular" FamilyName="CSMVMI+BlissPro" Capitals="Normal" ResourceId="2" />
							<Origin X="0" Y="0" />
							<Text>4</Text>
							<Size Width="7.784" Height="8.162108" />
							<Brush>
								<SolidBrush Color="#FF000000" />
							</Brush>
							<Tag>convertedFont</Tag>
						</Glyphs>
						<Glyphs OutlineWidth="0.5" CharSpace="0" RenderTransform="0.5968368 0 -0 0.5968368 519.5941 70.27832">
							<Font SizePoints="14" Style="Regular" FamilyName="CSMVMI+BlissPro" Capitals="Normal" ResourceId="2" />
							<Origin X="0" Y="0" />
							<Text>.</Text>
							<Size Width="3.276" Height="8.162108" />
							<Brush>
								<SolidBrush Color="#FF000000" />
							</Brush>
							<Tag>convertedFont</Tag>
						</Glyphs>
						<Glyphs OutlineWidth="0.5" CharSpace="0" RenderTransform="0.5968368 0 -0 0.5968368 521.56177 70.27832">
							<Font SizePoints="14" Style="Regular" FamilyName="CSMVMI+BlissPro" Capitals="Normal" ResourceId="2" />
							<Origin X="0" Y="0" />
							<Text>7</Text>
							<Size Width="6.636" Height="8.162108" />
							<Brush>
								<SolidBrush Color="#FF000000" />
							</Brush>
							<Tag>convertedFont</Tag>
						</Glyphs>
						<Glyphs OutlineWidth="0.5" CharSpace="0" RenderTransform="0.5968368 0 -0 0.5968368 314.98166 41.630127">
							<Font SizePoints="16" Style="Bold" FamilyName="HPDHEV+BlissPro-Bold" Capitals="Normal" ResourceId="3" />
							<Origin X="0" Y="0" />
							<Text>Ф</Text>
							<Size Width="12.416" Height="9.328125" />
							<Brush>
								<SolidBrush Color="#FFFFFFFF" />
							</Brush>
							<Tag>convertedFont</Tag>
						</Glyphs>
						<Glyphs OutlineWidth="0.5" CharSpace="0" RenderTransform="0.5968368 0 -0 0.5968368 322.44214 41.630127">
							<Font SizePoints="16" Style="Bold" FamilyName="HPDHEV+BlissPro-Bold" Capitals="Normal" ResourceId="3" />
							<Origin X="0" Y="0" />
							<Text>И</Text>
							<Size Width="11.872" Height="9.328125" />
							<Brush>
								<SolidBrush Color="#FFFFFFFF" />
							</Brush>
							<Tag>convertedFont</Tag>
						</Glyphs>
						<Glyphs OutlineWidth="0.5" CharSpace="0" RenderTransform="0.5968368 0 -0 0.5968368 329.5762 41.630127">
							<Font SizePoints="16" Style="Bold" FamilyName="HPDHEV+BlissPro-Bold" Capitals="Normal" ResourceId="3" />
							<Origin X="0" Y="0" />
							<Text>Л</Text>
							<Size Width="10.368" Height="9.328125" />
							<Brush>
								<SolidBrush Color="#FFFFFFFF" />
							</Brush>
							<Tag>convertedFont</Tag>
						</Glyphs>
						<Glyphs OutlineWidth="0.5" CharSpace="0" RenderTransform="0.5968368 0 -0 0.5968368 335.80566 41.630127">
							<Font SizePoints="16" Style="Bold" FamilyName="HPDHEV+BlissPro-Bold" Capitals="Normal" ResourceId="3" />
							<Origin X="0" Y="0" />
							<Text>Ь</Text>
							<Size Width="9.024" Height="9.328125" />
							<Brush>
								<SolidBrush Color="#FFFFFFFF" />
							</Brush>
							<Tag>convertedFont</Tag>
						</Glyphs>
						<Glyphs OutlineWidth="0.5" CharSpace="0" RenderTransform="0.5968368 0 -0 0.5968368 341.23315 41.630127">
							<Font SizePoints="16" Style="Bold" FamilyName="HPDHEV+BlissPro-Bold" Capitals="Normal" ResourceId="3" />
							<Origin X="0" Y="0" />
							<Text>Т</Text>
							<Size Width="8.56" Height="9.328125" />
							<Brush>
								<SolidBrush Color="#FFFFFFFF" />
							</Brush>
							<Tag>convertedFont</Tag>
						</Glyphs>
						<Glyphs OutlineWidth="0.5" CharSpace="0" RenderTransform="0.5968368 0 -0 0.5968368 346.37155 41.630127">
							<Font SizePoints="16" Style="Bold" FamilyName="HPDHEV+BlissPro-Bold" Capitals="Normal" ResourceId="3" />
							<Origin X="0" Y="0" />
							<Text>Р</Text>
							<Size Width="8.624" Height="9.328125" />
							<Brush>
								<SolidBrush Color="#FFFFFFFF" />
							</Brush>
							<Tag>convertedFont</Tag>
						</Glyphs>
						<Glyphs OutlineWidth="0.5" CharSpace="0" RenderTransform="0.5968368 0 -0 0.5968368 351.55658 41.630127">
							<Font SizePoints="16" Style="Bold" FamilyName="HPDHEV+BlissPro-Bold" Capitals="Normal" ResourceId="3" />
							<Origin X="0" Y="0" />
							<Text> </Text>
							<Size Width="3.424" Height="9.328125" />
							<Brush>
								<SolidBrush Color="#FFFFFFFF" />
							</Brush>
							<Tag>convertedFont</Tag>
						</Glyphs>
						<Glyphs OutlineWidth="0.5" CharSpace="0" RenderTransform="0.5968368 0 -0 0.5968368 353.61752 41.630127">
							<Font SizePoints="16" Style="Bold" FamilyName="HPDHEV+BlissPro-Bold" Capitals="Normal" ResourceId="3" />
							<Origin X="0" Y="0" />
							<Text>С</Text>
							<Size Width="9.984" Height="9.328125" />
							<Brush>
								<SolidBrush Color="#FFFFFFFF" />
							</Brush>
							<Tag>convertedFont</Tag>
						</Glyphs>
						<Glyphs OutlineWidth="0.5" CharSpace="0" RenderTransform="0.5968368 0 -0 0.5968368 359.6232 41.630127">
							<Font SizePoints="16" Style="Bold" FamilyName="HPDHEV+BlissPro-Bold" Capitals="Normal" ResourceId="3" />
							<Origin X="0" Y="0" />
							<Text>Т</Text>
							<Size Width="8.56" Height="9.328125" />
							<Brush>
								<SolidBrush Color="#FFFFFFFF" />
							</Brush>
							<Tag>convertedFont</Tag>
						</Glyphs>
						<Glyphs OutlineWidth="0.5" CharSpace="0" RenderTransform="0.5968368 0 -0 0.5968368 364.7616 41.630127">
							<Font SizePoints="16" Style="Bold" FamilyName="HPDHEV+BlissPro-Bold" Capitals="Normal" ResourceId="3" />
							<Origin X="0" Y="0" />
							<Text>У</Text>
							<Size Width="9.568" Height="9.328125" />
							<Brush>
								<SolidBrush Color="#FFFFFFFF" />
							</Brush>
							<Tag>convertedFont</Tag>
						</Glyphs>
						<Glyphs OutlineWidth="0.5" CharSpace="0" RenderTransform="0.5968368 0 -0 0.5968368 370.51547 41.630127">
							<Font SizePoints="16" Style="Bold" FamilyName="HPDHEV+BlissPro-Bold" Capitals="Normal" ResourceId="3" />
							<Origin X="0" Y="0" />
							<Text>П</Text>
							<Size Width="10.928" Height="9.328125" />
							<Brush>
								<SolidBrush Color="#FFFFFFFF" />
							</Brush>
							<Tag>convertedFont</Tag>
						</Glyphs>
						<Glyphs OutlineWidth="0.5" CharSpace="0" RenderTransform="0.5968368 0 -0 0.5968368 377.09 41.630127">
							<Font SizePoints="16" Style="Bold" FamilyName="HPDHEV+BlissPro-Bold" Capitals="Normal" ResourceId="3" />
							<Origin X="0" Y="0" />
							<Text>Е</Text>
							<Size Width="8.016" Height="9.328125" />
							<Brush>
								<SolidBrush Color="#FFFFFFFF" />
							</Brush>
							<Tag>convertedFont</Tag>
						</Glyphs>
						<Glyphs OutlineWidth="0.5" CharSpace="0" RenderTransform="0.5968368 0 -0 0.5968368 381.91132 41.630127">
							<Font SizePoints="16" Style="Bold" FamilyName="HPDHEV+BlissPro-Bold" Capitals="Normal" ResourceId="3" />
							<Origin X="0" Y="0" />
							<Text>Н</Text>
							<Size Width="11.392" Height="9.328125" />
							<Brush>
								<SolidBrush Color="#FFFFFFFF" />
							</Brush>
							<Tag>convertedFont</Tag>
						</Glyphs>
						<Glyphs OutlineWidth="0.5" CharSpace="0" RenderTransform="0.5968368 0 -0 0.5968368 388.76562 41.630127">
							<Font SizePoints="16" Style="Bold" FamilyName="HPDHEV+BlissPro-Bold" Capitals="Normal" ResourceId="3" />
							<Origin X="0" Y="0" />
							<Text>Ь</Text>
							<Size Width="9.024" Height="9.328125" />
							<Brush>
								<SolidBrush Color="#FFFFFFFF" />
							</Brush>
							<Tag>convertedFont</Tag>
						</Glyphs>
						<Glyphs OutlineWidth="0.5" CharSpace="0" RenderTransform="0.5968368 0 -0 0.5968368 394.1931 41.630127">
							<Font SizePoints="16" Style="Bold" FamilyName="HPDHEV+BlissPro-Bold" Capitals="Normal" ResourceId="3" />
							<Origin X="0" Y="0" />
							<Text> </Text>
							<Size Width="3.424" Height="9.328125" />
							<Brush>
								<SolidBrush Color="#FFFFFFFF" />
							</Brush>
							<Tag>convertedFont</Tag>
						</Glyphs>
						<Glyphs OutlineWidth="0.5" CharSpace="0" RenderTransform="0.5968368 0 -0 0.5968368 396.25406 41.630127">
							<Font SizePoints="16" Style="Bold" FamilyName="HPDHEV+BlissPro-Bold" Capitals="Normal" ResourceId="3" />
							<Origin X="0" Y="0" />
							<Text>1</Text>
							<Size Width="7.056" Height="9.328125" />
							<Brush>
								<SolidBrush Color="#FFFFFFFF" />
							</Brush>
							<Tag>convertedFont</Tag>
						</Glyphs>
						<Path FillMode="Winding" RenderTransform="1 0 0 -1 0 842">
							<Brush>
								<SolidBrush Color="#FF005F7F" />
							</Brush>
							<PathFigure IsClosed="True">
								<PolyLine LineColor="#FF000000">
									<Point X="52.373474" Y="708.45703" />
									<Point X="286.3335" Y="708.45703" />
								</PolyLine>
								<PolyLine LineColor="#FF000000">
									<Point X="286.3335" Y="708.45703" />
									<Point X="286.3335" Y="690.552" />
								</PolyLine>
								<PolyLine LineColor="#FF000000">
									<Point X="286.3335" Y="690.552" />
									<Point X="52.373474" Y="690.552" />
								</PolyLine>
							</PathFigure>
						</Path>
						<Path FillMode="Winding" RenderTransform="1 0 0 -1 0 842">
							<Brush>
								<SolidBrush Color="#FFFFFFFF" />
							</Brush>
							<PathFigure IsClosed="True">
								<PolyLine LineColor="#FF000000">
									<Point X="52.373474" Y="691.1487" />
									<Point X="286.3335" Y="691.1487" />
								</PolyLine>
								<PolyLine LineColor="#FF000000">
									<Point X="286.3335" Y="691.1487" />
									<Point X="286.3335" Y="690.552" />
								</PolyLine>
								<PolyLine LineColor="#FF000000">
									<Point X="286.3335" Y="690.552" />
									<Point X="52.373474" Y="690.552" />
								</PolyLine>
							</PathFigure>
						</Path>
						<Path FillMode="Winding" RenderTransform="1 0 0 -1 0 842">
							<Brush>
								<SolidBrush Color="#FFFFFFFF" />
							</Brush>
							<PathFigure IsClosed="True">
								<PolyLine LineColor="#FF000000">
									<Point X="52.373474" Y="708.45703" />
									<Point X="52.970306" Y="708.45703" />
								</PolyLine>
								<PolyLine LineColor="#FF000000">
									<Point X="52.970306" Y="708.45703" />
									<Point X="52.970306" Y="690.552" />
								</PolyLine>
								<PolyLine LineColor="#FF000000">
									<Point X="52.970306" Y="690.552" />
									<Point X="52.373474" Y="690.552" />
								</PolyLine>
							</PathFigure>
						</Path>
					</Canvas>
					<Canvas>
						<Clip>
							<Path FillMode="Alternate">
								<PathFigure IsClosed="True">
									<PolyLine LineColor="#FF000000">
										<Point X="28.5" Y="28.5" />
										<Point X="566.25" Y="28.5" />
									</PolyLine>
									<PolyLine LineColor="#FF000000">
										<Point X="566.25" Y="28.5" />
										<Point X="566.25" Y="813.3404" />
									</PolyLine>
									<PolyLine LineColor="#FF000000">
										<Point X="566.25" Y="813.3404" />
										<Point X="28.5" Y="813.3404" />
									</PolyLine>
									<PolyLine LineColor="#FF000000">
										<Point X="28.5" Y="813.3404" />
										<Point X="28.5" Y="28.5" />
									</PolyLine>
								</PathFigure>
							</Path>
						</Clip>
						<Canvas>
							<Clip>
								<Path FillMode="Winding">
									<PathFigure IsClosed="False">
										<PolyLine LineColor="#FF000000">
											<Point X="52.373474" Y="165.77246" />
											<Point X="52.373474" Y="165.17566" />
										</PolyLine>
										<PolyLine LineColor="#FF000000">
											<Point X="52.373474" Y="165.17566" />
											<Point X="246.34546" Y="165.17566" />
										</PolyLine>
										<PolyLine LineColor="#FF000000">
											<Point X="246.34546" Y="165.17566" />
											<Point X="246.34546" Y="165.77246" />
										</PolyLine>
									</PathFigure>
								</Path>
							</Clip>
							<Path FillMode="Winding" RenderTransform="1 0 0 -1 0 842">
								<Brush>
									<SolidBrush Color="#FF706E74" />
								</Brush>
								<PathFigure IsClosed="True">
									<PolyLine LineColor="#FF000000">
										<Point X="52.373474" Y="676.8247" />
										<Point X="52.970306" Y="676.8247" />
									</PolyLine>
									<PolyLine LineColor="#FF000000">
										<Point X="52.970306" Y="676.8247" />
										<Point X="52.970306" Y="676.2278" />
									</PolyLine>
									<PolyLine LineColor="#FF000000">
										<Point X="52.970306" Y="676.2278" />
										<Point X="52.373474" Y="676.2278" />
									</PolyLine>
								</PathFigure>
							</Path>
							<Path FillMode="Winding" RenderTransform="1 0 0 -1 0 842">
								<Brush>
									<SolidBrush Color="#FF706E74" />
								</Brush>
								<PathFigure IsClosed="True">
									<PolyLine LineColor="#FF000000">
										<Point X="245.7486" Y="676.8247" />
										<Point X="246.34543" Y="676.8247" />
									</PolyLine>
									<PolyLine LineColor="#FF000000">
										<Point X="246.34543" Y="676.8247" />
										<Point X="246.34543" Y="676.2278" />
									</PolyLine>
									<PolyLine LineColor="#FF000000">
										<Point X="246.34543" Y="676.2278" />
										<Point X="245.7486" Y="676.2278" />
									</PolyLine>
								</PathFigure>
							</Path>
							<Path FillMode="Alternate" RenderTransform="1 0 0 -1 0 842">
								<Pen Alignment="Center" DashCap="Flat" DashOffset="0" DashPattern="0.5968368 0.5968368" DashStyle="Custom" EndCap="Flat" LineJoin="Miter" MiterLimit="10" StartCap="Flat" Width="0.5968368">
									<Brush>
										<SolidBrush Color="#FF706E74" />
									</Brush>
								</Pen>
								<PathFigure IsClosed="False">
									<PolyLine LineColor="#FF000000">
										<Point X="52.970306" Y="676.5261" />
										<Point X="245.7486" Y="676.5261" />
									</PolyLine>
								</PathFigure>
							</Path>
						</Canvas>
					</Canvas>
					<Canvas>
						<Clip>
							<Path FillMode="Alternate">
								<PathFigure IsClosed="True">
									<PolyLine LineColor="#FF000000">
										<Point X="28.5" Y="28.5" />
										<Point X="566.25" Y="28.5" />
									</PolyLine>
									<PolyLine LineColor="#FF000000">
										<Point X="566.25" Y="28.5" />
										<Point X="566.25" Y="813.3404" />
									</PolyLine>
									<PolyLine LineColor="#FF000000">
										<Point X="566.25" Y="813.3404" />
										<Point X="28.5" Y="813.3404" />
									</PolyLine>
									<PolyLine LineColor="#FF000000">
										<Point X="28.5" Y="813.3404" />
										<Point X="28.5" Y="28.5" />
									</PolyLine>
								</PathFigure>
							</Path>
						</Clip>
					</Canvas>
					<Canvas>
						<Clip>
							<Path FillMode="Alternate">
								<PathFigure IsClosed="True">
									<PolyLine LineColor="#FF000000">
										<Point X="28.5" Y="28.5" />
										<Point X="566.25" Y="28.5" />
									</PolyLine>
									<PolyLine LineColor="#FF000000">
										<Point X="566.25" Y="28.5" />
										<Point X="566.25" Y="813.3404" />
									</PolyLine>
									<PolyLine LineColor="#FF000000">
										<Point X="566.25" Y="813.3404" />
										<Point X="28.5" Y="813.3404" />
									</PolyLine>
									<PolyLine LineColor="#FF000000">
										<Point X="28.5" Y="813.3404" />
										<Point X="28.5" Y="28.5" />
									</PolyLine>
								</PathFigure>
							</Path>
						</Clip>
						<Canvas>
							<Clip>
								<Path FillMode="Winding">
									<PathFigure IsClosed="False">
										<PolyLine LineColor="#FF000000">
											<Point X="247.53912" Y="165.77246" />
											<Point X="248.13596" Y="165.17566" />
										</PolyLine>
										<PolyLine LineColor="#FF000000">
											<Point X="248.13596" Y="165.17566" />
											<Point X="286.3335" Y="165.17566" />
										</PolyLine>
										<PolyLine LineColor="#FF000000">
											<Point X="286.3335" Y="165.17566" />
											<Point X="286.3335" Y="165.77246" />
										</PolyLine>
									</PathFigure>
								</Path>
							</Clip>
							<Path FillMode="Winding" RenderTransform="1 0 0 -1 0 842">
								<Brush>
									<SolidBrush Color="#FF706E74" />
								</Brush>
								<PathFigure IsClosed="True">
									<PolyLine LineColor="#FF000000">
										<Point X="247.53911" Y="676.8247" />
										<Point X="248.13594" Y="676.8247" />
									</PolyLine>
									<PolyLine LineColor="#FF000000">
										<Point X="248.13594" Y="676.8247" />
										<Point X="248.13594" Y="676.2278" />
									</PolyLine>
									<PolyLine LineColor="#FF000000">
										<Point X="248.13594" Y="676.2278" />
										<Point X="247.53911" Y="676.2278" />
									</PolyLine>
								</PathFigure>
							</Path>
							<Path FillMode="Winding" RenderTransform="1 0 0 -1 0 842">
								<Brush>
									<SolidBrush Color="#FF706E74" />
								</Brush>
								<PathFigure IsClosed="True">
									<PolyLine LineColor="#FF000000">
										<Point X="285.73666" Y="676.8247" />
										<Point X="286.3335" Y="676.8247" />
									</PolyLine>
									<PolyLine LineColor="#FF000000">
										<Point X="286.3335" Y="676.8247" />
										<Point X="286.3335" Y="676.2278" />
									</PolyLine>
									<PolyLine LineColor="#FF000000">
										<Point X="286.3335" Y="676.2278" />
										<Point X="285.73666" Y="676.2278" />
									</PolyLine>
								</PathFigure>
							</Path>
							<Path FillMode="Alternate" RenderTransform="1 0 0 -1 0 842">
								<Pen Alignment="Center" DashCap="Flat" DashOffset="0" DashPattern="0.5968368 0.5968368" DashStyle="Custom" EndCap="Flat" LineJoin="Miter" MiterLimit="10" StartCap="Flat" Width="0.5968368">
									<Brush>
										<SolidBrush Color="#FF706E74" />
									</Brush>
								</Pen>
								<PathFigure IsClosed="False">
									<PolyLine LineColor="#FF000000">
										<Point X="248.13594" Y="676.5261" />
										<Point X="285.73666" Y="676.5261" />
									</PolyLine>
								</PathFigure>
							</Path>
						</Canvas>
					</Canvas>
					<Canvas>
						<Clip>
							<Path FillMode="Alternate">
								<PathFigure IsClosed="True">
									<PolyLine LineColor="#FF000000">
										<Point X="28.5" Y="28.5" />
										<Point X="566.25" Y="28.5" />
									</PolyLine>
									<PolyLine LineColor="#FF000000">
										<Point X="566.25" Y="28.5" />
										<Point X="566.25" Y="813.3404" />
									</PolyLine>
									<PolyLine LineColor="#FF000000">
										<Point X="566.25" Y="813.3404" />
										<Point X="28.5" Y="813.3404" />
									</PolyLine>
									<PolyLine LineColor="#FF000000">
										<Point X="28.5" Y="813.3404" />
										<Point X="28.5" Y="28.5" />
									</PolyLine>
								</PathFigure>
							</Path>
						</Clip>
						<Path FillMode="Winding" RenderTransform="1 0 0 -1 0 842">
							<Brush>
								<SolidBrush Color="#FF939598" />
							</Brush>
							<PathFigure IsClosed="True">
								<PolyLine LineColor="#FF000000">
									<Point X="247.53912" Y="688.16425" />
									<Point X="247.53912" Y="676.22754" />
								</PolyLine>
								<PolyLine LineColor="#FF000000">
									<Point X="247.53912" Y="676.22754" />
									<Point X="248.13596" Y="676.82434" />
								</PolyLine>
								<PolyLine LineColor="#FF000000">
									<Point X="248.13596" Y="676.82434" />
									<Point X="248.13596" Y="688.16425" />
								</PolyLine>
								<PolyLine LineColor="#FF000000">
									<Point X="248.13596" Y="688.16425" />
									<Point X="247.53912" Y="688.16425" />
								</PolyLine>
							</PathFigure>
						</Path>
					</Canvas>
					<Canvas>
						<Clip>
							<Path FillMode="Alternate">
								<PathFigure IsClosed="True">
									<PolyLine LineColor="#FF000000">
										<Point X="28.5" Y="28.5" />
										<Point X="566.25" Y="28.5" />
									</PolyLine>
									<PolyLine LineColor="#FF000000">
										<Point X="566.25" Y="28.5" />
										<Point X="566.25" Y="813.3404" />
									</PolyLine>
									<PolyLine LineColor="#FF000000">
										<Point X="566.25" Y="813.3404" />
										<Point X="28.5" Y="813.3404" />
									</PolyLine>
									<PolyLine LineColor="#FF000000">
										<Point X="28.5" Y="813.3404" />
										<Point X="28.5" Y="28.5" />
									</PolyLine>
								</PathFigure>
							</Path>
						</Clip>
						<Canvas>
							<Clip>
								<Path FillMode="Winding">
									<PathFigure IsClosed="False">
										<PolyLine LineColor="#FF000000">
											<Point X="52.373474" Y="178.9029" />
											<Point X="52.373474" Y="178.30603" />
										</PolyLine>
										<PolyLine LineColor="#FF000000">
											<Point X="52.373474" Y="178.30603" />
											<Point X="246.34546" Y="178.30603" />
										</PolyLine>
										<PolyLine LineColor="#FF000000">
											<Point X="246.34546" Y="178.30603" />
											<Point X="246.34546" Y="178.9029" />
										</PolyLine>
									</PathFigure>
								</Path>
							</Clip>
							<Path FillMode="Winding" RenderTransform="1 0 0 -1 0 842">
								<Brush>
									<SolidBrush Color="#FF706E74" />
								</Brush>
								<PathFigure IsClosed="True">
									<PolyLine LineColor="#FF000000">
										<Point X="52.373474" Y="663.69434" />
										<Point X="52.970306" Y="663.69434" />
									</PolyLine>
									<PolyLine LineColor="#FF000000">
										<Point X="52.970306" Y="663.69434" />
										<Point X="52.970306" Y="663.0974" />
									</PolyLine>
									<PolyLine LineColor="#FF000000">
										<Point X="52.970306" Y="663.0974" />
										<Point X="52.373474" Y="663.0974" />
									</PolyLine>
								</PathFigure>
							</Path>
							<Path FillMode="Winding" RenderTransform="1 0 0 -1 0 842">
								<Brush>
									<SolidBrush Color="#FF706E74" />
								</Brush>
								<PathFigure IsClosed="True">
									<PolyLine LineColor="#FF000000">
										<Point X="245.7486" Y="663.69434" />
										<Point X="246.34543" Y="663.69434" />
									</PolyLine>
									<PolyLine LineColor="#FF000000">
										<Point X="246.34543" Y="663.69434" />
										<Point X="246.34543" Y="663.0974" />
									</PolyLine>
									<PolyLine LineColor="#FF000000">
										<Point X="246.34543" Y="663.0974" />
										<Point X="245.7486" Y="663.0974" />
									</PolyLine>
								</PathFigure>
							</Path>
							<Path FillMode="Alternate" RenderTransform="1 0 0 -1 0 842">
								<Pen Alignment="Center" DashCap="Flat" DashOffset="0" DashPattern="0.5968368 0.5968368" DashStyle="Custom" EndCap="Flat" LineJoin="Miter" MiterLimit="10" StartCap="Flat" Width="0.5968368">
									<Brush>
										<SolidBrush Color="#FF706E74" />
									</Brush>
								</Pen>
								<PathFigure IsClosed="False">
									<PolyLine LineColor="#FF000000">
										<Point X="52.970306" Y="663.39575" />
										<Point X="245.7486" Y="663.39575" />
									</PolyLine>
								</PathFigure>
							</Path>
						</Canvas>
					</Canvas>
					<Canvas>
						<Clip>
							<Path FillMode="Alternate">
								<PathFigure IsClosed="True">
									<PolyLine LineColor="#FF000000">
										<Point X="28.5" Y="28.5" />
										<Point X="566.25" Y="28.5" />
									</PolyLine>
									<PolyLine LineColor="#FF000000">
										<Point X="566.25" Y="28.5" />
										<Point X="566.25" Y="813.3404" />
									</PolyLine>
									<PolyLine LineColor="#FF000000">
										<Point X="566.25" Y="813.3404" />
										<Point X="28.5" Y="813.3404" />
									</PolyLine>
									<PolyLine LineColor="#FF000000">
										<Point X="28.5" Y="813.3404" />
										<Point X="28.5" Y="28.5" />
									</PolyLine>
								</PathFigure>
							</Path>
						</Clip>
					</Canvas>
					<Canvas>
						<Clip>
							<Path FillMode="Alternate">
								<PathFigure IsClosed="True">
									<PolyLine LineColor="#FF000000">
										<Point X="28.5" Y="28.5" />
										<Point X="566.25" Y="28.5" />
									</PolyLine>
									<PolyLine LineColor="#FF000000">
										<Point X="566.25" Y="28.5" />
										<Point X="566.25" Y="813.3404" />
									</PolyLine>
									<PolyLine LineColor="#FF000000">
										<Point X="566.25" Y="813.3404" />
										<Point X="28.5" Y="813.3404" />
									</PolyLine>
									<PolyLine LineColor="#FF000000">
										<Point X="28.5" Y="813.3404" />
										<Point X="28.5" Y="28.5" />
									</PolyLine>
								</PathFigure>
							</Path>
						</Clip>
						<Canvas>
							<Clip>
								<Path FillMode="Winding">
									<PathFigure IsClosed="False">
										<PolyLine LineColor="#FF000000">
											<Point X="247.53912" Y="178.9029" />
											<Point X="248.13596" Y="178.30603" />
										</PolyLine>
										<PolyLine LineColor="#FF000000">
											<Point X="248.13596" Y="178.30603" />
											<Point X="286.3335" Y="178.30603" />
										</PolyLine>
										<PolyLine LineColor="#FF000000">
											<Point X="286.3335" Y="178.30603" />
											<Point X="286.3335" Y="178.9029" />
										</PolyLine>
									</PathFigure>
								</Path>
							</Clip>
							<Path FillMode="Winding" RenderTransform="1 0 0 -1 0 842">
								<Brush>
									<SolidBrush Color="#FF706E74" />
								</Brush>
								<PathFigure IsClosed="True">
									<PolyLine LineColor="#FF000000">
										<Point X="247.53911" Y="663.69434" />
										<Point X="248.13594" Y="663.69434" />
									</PolyLine>
									<PolyLine LineColor="#FF000000">
										<Point X="248.13594" Y="663.69434" />
										<Point X="248.13594" Y="663.0974" />
									</PolyLine>
									<PolyLine LineColor="#FF000000">
										<Point X="248.13594" Y="663.0974" />
										<Point X="247.53911" Y="663.0974" />
									</PolyLine>
								</PathFigure>
							</Path>
							<Path FillMode="Winding" RenderTransform="1 0 0 -1 0 842">
								<Brush>
									<SolidBrush Color="#FF706E74" />
								</Brush>
								<PathFigure IsClosed="True">
									<PolyLine LineColor="#FF000000">
										<Point X="285.73666" Y="663.69434" />
										<Point X="286.3335" Y="663.69434" />
									</PolyLine>
									<PolyLine LineColor="#FF000000">
										<Point X="286.3335" Y="663.69434" />
										<Point X="286.3335" Y="663.0974" />
									</PolyLine>
									<PolyLine LineColor="#FF000000">
										<Point X="286.3335" Y="663.0974" />
										<Point X="285.73666" Y="663.0974" />
									</PolyLine>
								</PathFigure>
							</Path>
							<Path FillMode="Alternate" RenderTransform="1 0 0 -1 0 842">
								<Pen Alignment="Center" DashCap="Flat" DashOffset="0" DashPattern="0.5968368 0.5968368" DashStyle="Custom" EndCap="Flat" LineJoin="Miter" MiterLimit="10" StartCap="Flat" Width="0.5968368">
									<Brush>
										<SolidBrush Color="#FF706E74" />
									</Brush>
								</Pen>
								<PathFigure IsClosed="False">
									<PolyLine LineColor="#FF000000">
										<Point X="248.13594" Y="663.39575" />
										<Point X="285.73666" Y="663.39575" />
									</PolyLine>
								</PathFigure>
							</Path>
						</Canvas>
					</Canvas>
					<Canvas>
						<Clip>
							<Path FillMode="Alternate">
								<PathFigure IsClosed="True">
									<PolyLine LineColor="#FF000000">
										<Point X="28.5" Y="28.5" />
										<Point X="566.25" Y="28.5" />
									</PolyLine>
									<PolyLine LineColor="#FF000000">
										<Point X="566.25" Y="28.5" />
										<Point X="566.25" Y="813.3404" />
									</PolyLine>
									<PolyLine LineColor="#FF000000">
										<Point X="566.25" Y="813.3404" />
										<Point X="28.5" Y="813.3404" />
									</PolyLine>
									<PolyLine LineColor="#FF000000">
										<Point X="28.5" Y="813.3404" />
										<Point X="28.5" Y="28.5" />
									</PolyLine>
								</PathFigure>
							</Path>
						</Clip>
						<Path FillMode="Winding" RenderTransform="1 0 0 -1 0 842">
							<Brush>
								<SolidBrush Color="#FF939598" />
							</Brush>
							<PathFigure IsClosed="True">
								<PolyLine LineColor="#FF000000">
									<Point X="247.53912" Y="675.0339" />
									<Point X="247.53912" Y="663.0971" />
								</PolyLine>
								<PolyLine LineColor="#FF000000">
									<Point X="247.53912" Y="663.0971" />
									<Point X="248.13596" Y="663.694" />
								</PolyLine>
								<PolyLine LineColor="#FF000000">
									<Point X="248.13596" Y="663.694" />
									<Point X="248.13596" Y="675.0339" />
								</PolyLine>
								<PolyLine LineColor="#FF000000">
									<Point X="248.13596" Y="675.0339" />
									<Point X="247.53912" Y="675.0339" />
								</PolyLine>
							</PathFigure>
						</Path>
					</Canvas>
					<Canvas>
						<Clip>
							<Path FillMode="Alternate">
								<PathFigure IsClosed="True">
									<PolyLine LineColor="#FF000000">
										<Point X="28.5" Y="28.5" />
										<Point X="566.25" Y="28.5" />
									</PolyLine>
									<PolyLine LineColor="#FF000000">
										<Point X="566.25" Y="28.5" />
										<Point X="566.25" Y="813.3404" />
									</PolyLine>
									<PolyLine LineColor="#FF000000">
										<Point X="566.25" Y="813.3404" />
										<Point X="28.5" Y="813.3404" />
									</PolyLine>
									<PolyLine LineColor="#FF000000">
										<Point X="28.5" Y="813.3404" />
										<Point X="28.5" Y="28.5" />
									</PolyLine>
								</PathFigure>
							</Path>
						</Clip>
						<Canvas>
							<Clip>
								<Path FillMode="Winding">
									<PathFigure IsClosed="False">
										<PolyLine LineColor="#FF000000">
											<Point X="52.373474" Y="192.03333" />
											<Point X="52.373474" Y="191.43646" />
										</PolyLine>
										<PolyLine LineColor="#FF000000">
											<Point X="52.373474" Y="191.43646" />
											<Point X="246.34546" Y="191.43646" />
										</PolyLine>
										<PolyLine LineColor="#FF000000">
											<Point X="246.34546" Y="191.43646" />
											<Point X="246.34546" Y="192.03333" />
										</PolyLine>
									</PathFigure>
								</Path>
							</Clip>
							<Path FillMode="Winding" RenderTransform="1 0 0 -1 0 842">
								<Brush>
									<SolidBrush Color="#FF706E74" />
								</Brush>
								<PathFigure IsClosed="True">
									<PolyLine LineColor="#FF000000">
										<Point X="52.373474" Y="650.5637" />
										<Point X="52.970306" Y="650.5637" />
									</PolyLine>
									<PolyLine LineColor="#FF000000">
										<Point X="52.970306" Y="650.5637" />
										<Point X="52.970306" Y="649.96704" />
									</PolyLine>
									<PolyLine LineColor="#FF000000">
										<Point X="52.970306" Y="649.96704" />
										<Point X="52.373474" Y="649.96704" />
									</PolyLine>
								</PathFigure>
							</Path>
							<Path FillMode="Winding" RenderTransform="1 0 0 -1 0 842">
								<Brush>
									<SolidBrush Color="#FF706E74" />
								</Brush>
								<PathFigure IsClosed="True">
									<PolyLine LineColor="#FF000000">
										<Point X="245.7486" Y="650.5637" />
										<Point X="246.34543" Y="650.5637" />
									</PolyLine>
									<PolyLine LineColor="#FF000000">
										<Point X="246.34543" Y="650.5637" />
										<Point X="246.34543" Y="649.96704" />
									</PolyLine>
									<PolyLine LineColor="#FF000000">
										<Point X="246.34543" Y="649.96704" />
										<Point X="245.7486" Y="649.96704" />
									</PolyLine>
								</PathFigure>
							</Path>
							<Path FillMode="Alternate" RenderTransform="1 0 0 -1 0 842">
								<Pen Alignment="Center" DashCap="Flat" DashOffset="0" DashPattern="0.5968368 0.5968368" DashStyle="Custom" EndCap="Flat" LineJoin="Miter" MiterLimit="10" StartCap="Flat" Width="0.5968368">
									<Brush>
										<SolidBrush Color="#FF706E74" />
									</Brush>
								</Pen>
								<PathFigure IsClosed="False">
									<PolyLine LineColor="#FF000000">
										<Point X="52.970306" Y="650.2654" />
										<Point X="245.7486" Y="650.2654" />
									</PolyLine>
								</PathFigure>
							</Path>
						</Canvas>
					</Canvas>
					<Canvas>
						<Clip>
							<Path FillMode="Alternate">
								<PathFigure IsClosed="True">
									<PolyLine LineColor="#FF000000">
										<Point X="28.5" Y="28.5" />
										<Point X="566.25" Y="28.5" />
									</PolyLine>
									<PolyLine LineColor="#FF000000">
										<Point X="566.25" Y="28.5" />
										<Point X="566.25" Y="813.3404" />
									</PolyLine>
									<PolyLine LineColor="#FF000000">
										<Point X="566.25" Y="813.3404" />
										<Point X="28.5" Y="813.3404" />
									</PolyLine>
									<PolyLine LineColor="#FF000000">
										<Point X="28.5" Y="813.3404" />
										<Point X="28.5" Y="28.5" />
									</PolyLine>
								</PathFigure>
							</Path>
						</Clip>
					</Canvas>
					<Canvas>
						<Clip>
							<Path FillMode="Alternate">
								<PathFigure IsClosed="True">
									<PolyLine LineColor="#FF000000">
										<Point X="28.5" Y="28.5" />
										<Point X="566.25" Y="28.5" />
									</PolyLine>
									<PolyLine LineColor="#FF000000">
										<Point X="566.25" Y="28.5" />
										<Point X="566.25" Y="813.3404" />
									</PolyLine>
									<PolyLine LineColor="#FF000000">
										<Point X="566.25" Y="813.3404" />
										<Point X="28.5" Y="813.3404" />
									</PolyLine>
									<PolyLine LineColor="#FF000000">
										<Point X="28.5" Y="813.3404" />
										<Point X="28.5" Y="28.5" />
									</PolyLine>
								</PathFigure>
							</Path>
						</Clip>
						<Canvas>
							<Clip>
								<Path FillMode="Winding">
									<PathFigure IsClosed="False">
										<PolyLine LineColor="#FF000000">
											<Point X="247.53912" Y="192.03333" />
											<Point X="248.13596" Y="191.43646" />
										</PolyLine>
										<PolyLine LineColor="#FF000000">
											<Point X="248.13596" Y="191.43646" />
											<Point X="286.3335" Y="191.43646" />
										</PolyLine>
										<PolyLine LineColor="#FF000000">
											<Point X="286.3335" Y="191.43646" />
											<Point X="286.3335" Y="192.03333" />
										</PolyLine>
									</PathFigure>
								</Path>
							</Clip>
							<Path FillMode="Winding" RenderTransform="1 0 0 -1 0 842">
								<Brush>
									<SolidBrush Color="#FF706E74" />
								</Brush>
								<PathFigure IsClosed="True">
									<PolyLine LineColor="#FF000000">
										<Point X="247.53911" Y="650.5637" />
										<Point X="248.13594" Y="650.5637" />
									</PolyLine>
									<PolyLine LineColor="#FF000000">
										<Point X="248.13594" Y="650.5637" />
										<Point X="248.13594" Y="649.96704" />
									</PolyLine>
									<PolyLine LineColor="#FF000000">
										<Point X="248.13594" Y="649.96704" />
										<Point X="247.53911" Y="649.96704" />
									</PolyLine>
								</PathFigure>
							</Path>
							<Path FillMode="Winding" RenderTransform="1 0 0 -1 0 842">
								<Brush>
									<SolidBrush Color="#FF706E74" />
								</Brush>
								<PathFigure IsClosed="True">
									<PolyLine LineColor="#FF000000">
										<Point X="285.73666" Y="650.5637" />
										<Point X="286.3335" Y="650.5637" />
									</PolyLine>
									<PolyLine LineColor="#FF000000">
										<Point X="286.3335" Y="650.5637" />
										<Point X="286.3335" Y="649.96704" />
									</PolyLine>
									<PolyLine LineColor="#FF000000">
										<Point X="286.3335" Y="649.96704" />
										<Point X="285.73666" Y="649.96704" />
									</PolyLine>
								</PathFigure>
							</Path>
							<Path FillMode="Alternate" RenderTransform="1 0 0 -1 0 842">
								<Pen Alignment="Center" DashCap="Flat" DashOffset="0" DashPattern="0.5968368 0.5968368" DashStyle="Custom" EndCap="Flat" LineJoin="Miter" MiterLimit="10" StartCap="Flat" Width="0.5968368">
									<Brush>
										<SolidBrush Color="#FF706E74" />
									</Brush>
								</Pen>
								<PathFigure IsClosed="False">
									<PolyLine LineColor="#FF000000">
										<Point X="248.13594" Y="650.2654" />
										<Point X="285.73666" Y="650.2654" />
									</PolyLine>
								</PathFigure>
							</Path>
						</Canvas>
					</Canvas>
					<Canvas>
						<Clip>
							<Path FillMode="Alternate">
								<PathFigure IsClosed="True">
									<PolyLine LineColor="#FF000000">
										<Point X="28.5" Y="28.5" />
										<Point X="566.25" Y="28.5" />
									</PolyLine>
									<PolyLine LineColor="#FF000000">
										<Point X="566.25" Y="28.5" />
										<Point X="566.25" Y="813.3404" />
									</PolyLine>
									<PolyLine LineColor="#FF000000">
										<Point X="566.25" Y="813.3404" />
										<Point X="28.5" Y="813.3404" />
									</PolyLine>
									<PolyLine LineColor="#FF000000">
										<Point X="28.5" Y="813.3404" />
										<Point X="28.5" Y="28.5" />
									</PolyLine>
								</PathFigure>
							</Path>
						</Clip>
						<Path FillMode="Winding" RenderTransform="1 0 0 -1 0 842">
							<Brush>
								<SolidBrush Color="#FF939598" />
							</Brush>
							<PathFigure IsClosed="True">
								<PolyLine LineColor="#FF000000">
									<Point X="247.53912" Y="661.90344" />
									<Point X="247.53912" Y="649.9667" />
								</PolyLine>
								<PolyLine LineColor="#FF000000">
									<Point X="247.53912" Y="649.9667" />
									<Point X="248.13596" Y="650.56354" />
								</PolyLine>
								<PolyLine LineColor="#FF000000">
									<Point X="248.13596" Y="650.56354" />
									<Point X="248.13596" Y="661.90344" />
								</PolyLine>
								<PolyLine LineColor="#FF000000">
									<Point X="248.13596" Y="661.90344" />
									<Point X="247.53912" Y="661.90344" />
								</PolyLine>
							</PathFigure>
						</Path>
					</Canvas>
					<Canvas>
						<Clip>
							<Path FillMode="Alternate">
								<PathFigure IsClosed="True">
									<PolyLine LineColor="#FF000000">
										<Point X="28.5" Y="28.5" />
										<Point X="566.25" Y="28.5" />
									</PolyLine>
									<PolyLine LineColor="#FF000000">
										<Point X="566.25" Y="28.5" />
										<Point X="566.25" Y="813.3404" />
									</PolyLine>
									<PolyLine LineColor="#FF000000">
										<Point X="566.25" Y="813.3404" />
										<Point X="28.5" Y="813.3404" />
									</PolyLine>
									<PolyLine LineColor="#FF000000">
										<Point X="28.5" Y="813.3404" />
										<Point X="28.5" Y="28.5" />
									</PolyLine>
								</PathFigure>
							</Path>
						</Clip>
						<Canvas>
							<Clip>
								<Path FillMode="Winding">
									<PathFigure IsClosed="False">
										<PolyLine LineColor="#FF000000">
											<Point X="52.373474" Y="205.1637" />
											<Point X="52.373474" Y="204.5669" />
										</PolyLine>
										<PolyLine LineColor="#FF000000">
											<Point X="52.373474" Y="204.5669" />
											<Point X="246.34546" Y="204.5669" />
										</PolyLine>
										<PolyLine LineColor="#FF000000">
											<Point X="246.34546" Y="204.5669" />
											<Point X="246.34546" Y="205.1637" />
										</PolyLine>
									</PathFigure>
								</Path>
							</Clip>
							<Path FillMode="Winding" RenderTransform="1 0 0 -1 0 842">
								<Brush>
									<SolidBrush Color="#FF706E74" />
								</Brush>
								<PathFigure IsClosed="True">
									<PolyLine LineColor="#FF000000">
										<Point X="52.373474" Y="637.43335" />
										<Point X="52.970306" Y="637.43335" />
									</PolyLine>
									<PolyLine LineColor="#FF000000">
										<Point X="52.970306" Y="637.43335" />
										<Point X="52.970306" Y="636.8367" />
									</PolyLine>
									<PolyLine LineColor="#FF000000">
										<Point X="52.970306" Y="636.8367" />
										<Point X="52.373474" Y="636.8367" />
									</PolyLine>
								</PathFigure>
							</Path>
							<Path FillMode="Winding" RenderTransform="1 0 0 -1 0 842">
								<Brush>
									<SolidBrush Color="#FF706E74" />
								</Brush>
								<PathFigure IsClosed="True">
									<PolyLine LineColor="#FF000000">
										<Point X="245.7486" Y="637.43335" />
										<Point X="246.34543" Y="637.43335" />
									</PolyLine>
									<PolyLine LineColor="#FF000000">
										<Point X="246.34543" Y="637.43335" />
										<Point X="246.34543" Y="636.8367" />
									</PolyLine>
									<PolyLine LineColor="#FF000000">
										<Point X="246.34543" Y="636.8367" />
										<Point X="245.7486" Y="636.8367" />
									</PolyLine>
								</PathFigure>
							</Path>
							<Path FillMode="Alternate" RenderTransform="1 0 0 -1 0 842">
								<Pen Alignment="Center" DashCap="Flat" DashOffset="0" DashPattern="0.5968368 0.5968368" DashStyle="Custom" EndCap="Flat" LineJoin="Miter" MiterLimit="10" StartCap="Flat" Width="0.5968368">
									<Brush>
										<SolidBrush Color="#FF706E74" />
									</Brush>
								</Pen>
								<PathFigure IsClosed="False">
									<PolyLine LineColor="#FF000000">
										<Point X="52.970306" Y="637.135" />
										<Point X="245.7486" Y="637.135" />
									</PolyLine>
								</PathFigure>
							</Path>
						</Canvas>
					</Canvas>
					<Canvas>
						<Clip>
							<Path FillMode="Alternate">
								<PathFigure IsClosed="True">
									<PolyLine LineColor="#FF000000">
										<Point X="28.5" Y="28.5" />
										<Point X="566.25" Y="28.5" />
									</PolyLine>
									<PolyLine LineColor="#FF000000">
										<Point X="566.25" Y="28.5" />
										<Point X="566.25" Y="813.3404" />
									</PolyLine>
									<PolyLine LineColor="#FF000000">
										<Point X="566.25" Y="813.3404" />
										<Point X="28.5" Y="813.3404" />
									</PolyLine>
									<PolyLine LineColor="#FF000000">
										<Point X="28.5" Y="813.3404" />
										<Point X="28.5" Y="28.5" />
									</PolyLine>
								</PathFigure>
							</Path>
						</Clip>
					</Canvas>
					<Canvas>
						<Clip>
							<Path FillMode="Alternate">
								<PathFigure IsClosed="True">
									<PolyLine LineColor="#FF000000">
										<Point X="28.5" Y="28.5" />
										<Point X="566.25" Y="28.5" />
									</PolyLine>
									<PolyLine LineColor="#FF000000">
										<Point X="566.25" Y="28.5" />
										<Point X="566.25" Y="813.3404" />
									</PolyLine>
									<PolyLine LineColor="#FF000000">
										<Point X="566.25" Y="813.3404" />
										<Point X="28.5" Y="813.3404" />
									</PolyLine>
									<PolyLine LineColor="#FF000000">
										<Point X="28.5" Y="813.3404" />
										<Point X="28.5" Y="28.5" />
									</PolyLine>
								</PathFigure>
							</Path>
						</Clip>
						<Canvas>
							<Clip>
								<Path FillMode="Winding">
									<PathFigure IsClosed="False">
										<PolyLine LineColor="#FF000000">
											<Point X="247.53912" Y="205.1637" />
											<Point X="248.13596" Y="204.5669" />
										</PolyLine>
										<PolyLine LineColor="#FF000000">
											<Point X="248.13596" Y="204.5669" />
											<Point X="286.3335" Y="204.5669" />
										</PolyLine>
										<PolyLine LineColor="#FF000000">
											<Point X="286.3335" Y="204.5669" />
											<Point X="286.3335" Y="205.1637" />
										</PolyLine>
									</PathFigure>
								</Path>
							</Clip>
							<Path FillMode="Winding" RenderTransform="1 0 0 -1 0 842">
								<Brush>
									<SolidBrush Color="#FF706E74" />
								</Brush>
								<PathFigure IsClosed="True">
									<PolyLine LineColor="#FF000000">
										<Point X="247.53911" Y="637.43335" />
										<Point X="248.13594" Y="637.43335" />
									</PolyLine>
									<PolyLine LineColor="#FF000000">
										<Point X="248.13594" Y="637.43335" />
										<Point X="248.13594" Y="636.8367" />
									</PolyLine>
									<PolyLine LineColor="#FF000000">
										<Point X="248.13594" Y="636.8367" />
										<Point X="247.53911" Y="636.8367" />
									</PolyLine>
								</PathFigure>
							</Path>
							<Path FillMode="Winding" RenderTransform="1 0 0 -1 0 842">
								<Brush>
									<SolidBrush Color="#FF706E74" />
								</Brush>
								<PathFigure IsClosed="True">
									<PolyLine LineColor="#FF000000">
										<Point X="285.73666" Y="637.43335" />
										<Point X="286.3335" Y="637.43335" />
									</PolyLine>
									<PolyLine LineColor="#FF000000">
										<Point X="286.3335" Y="637.43335" />
										<Point X="286.3335" Y="636.8367" />
									</PolyLine>
									<PolyLine LineColor="#FF000000">
										<Point X="286.3335" Y="636.8367" />
										<Point X="285.73666" Y="636.8367" />
									</PolyLine>
								</PathFigure>
							</Path>
							<Path FillMode="Alternate" RenderTransform="1 0 0 -1 0 842">
								<Pen Alignment="Center" DashCap="Flat" DashOffset="0" DashPattern="0.5968368 0.5968368" DashStyle="Custom" EndCap="Flat" LineJoin="Miter" MiterLimit="10" StartCap="Flat" Width="0.5968368">
									<Brush>
										<SolidBrush Color="#FF706E74" />
									</Brush>
								</Pen>
								<PathFigure IsClosed="False">
									<PolyLine LineColor="#FF000000">
										<Point X="248.13594" Y="637.135" />
										<Point X="285.73666" Y="637.135" />
									</PolyLine>
								</PathFigure>
							</Path>
						</Canvas>
					</Canvas>
					<Canvas>
						<Clip>
							<Path FillMode="Alternate">
								<PathFigure IsClosed="True">
									<PolyLine LineColor="#FF000000">
										<Point X="28.5" Y="28.5" />
										<Point X="566.25" Y="28.5" />
									</PolyLine>
									<PolyLine LineColor="#FF000000">
										<Point X="566.25" Y="28.5" />
										<Point X="566.25" Y="813.3404" />
									</PolyLine>
									<PolyLine LineColor="#FF000000">
										<Point X="566.25" Y="813.3404" />
										<Point X="28.5" Y="813.3404" />
									</PolyLine>
									<PolyLine LineColor="#FF000000">
										<Point X="28.5" Y="813.3404" />
										<Point X="28.5" Y="28.5" />
									</PolyLine>
								</PathFigure>
							</Path>
						</Clip>
						<Path FillMode="Winding" RenderTransform="1 0 0 -1 0 842">
							<Brush>
								<SolidBrush Color="#FF939598" />
							</Brush>
							<PathFigure IsClosed="True">
								<PolyLine LineColor="#FF000000">
									<Point X="247.53912" Y="648.7731" />
									<Point X="247.53912" Y="636.8363" />
								</PolyLine>
								<PolyLine LineColor="#FF000000">
									<Point X="247.53912" Y="636.8363" />
									<Point X="248.13596" Y="637.4331" />
								</PolyLine>
								<PolyLine LineColor="#FF000000">
									<Point X="248.13596" Y="637.4331" />
									<Point X="248.13596" Y="648.7731" />
								</PolyLine>
								<PolyLine LineColor="#FF000000">
									<Point X="248.13596" Y="648.7731" />
									<Point X="247.53912" Y="648.7731" />
								</PolyLine>
							</PathFigure>
						</Path>
					</Canvas>
					<Canvas>
						<Clip>
							<Path FillMode="Alternate">
								<PathFigure IsClosed="True">
									<PolyLine LineColor="#FF000000">
										<Point X="28.5" Y="28.5" />
										<Point X="566.25" Y="28.5" />
									</PolyLine>
									<PolyLine LineColor="#FF000000">
										<Point X="566.25" Y="28.5" />
										<Point X="566.25" Y="813.3404" />
									</PolyLine>
									<PolyLine LineColor="#FF000000">
										<Point X="566.25" Y="813.3404" />
										<Point X="28.5" Y="813.3404" />
									</PolyLine>
									<PolyLine LineColor="#FF000000">
										<Point X="28.5" Y="813.3404" />
										<Point X="28.5" Y="28.5" />
									</PolyLine>
								</PathFigure>
							</Path>
						</Clip>
						<Canvas>
							<Clip>
								<Path FillMode="Winding">
									<PathFigure IsClosed="False">
										<PolyLine LineColor="#FF000000">
											<Point X="52.373474" Y="218.29413" />
											<Point X="52.373474" Y="217.69727" />
										</PolyLine>
										<PolyLine LineColor="#FF000000">
											<Point X="52.373474" Y="217.69727" />
											<Point X="246.34546" Y="217.69727" />
										</PolyLine>
										<PolyLine LineColor="#FF000000">
											<Point X="246.34546" Y="217.69727" />
											<Point X="246.34546" Y="218.29413" />
										</PolyLine>
									</PathFigure>
								</Path>
							</Clip>
							<Path FillMode="Winding" RenderTransform="1 0 0 -1 0 842">
								<Brush>
									<SolidBrush Color="#FF706E74" />
								</Brush>
								<PathFigure IsClosed="True">
									<PolyLine LineColor="#FF000000">
										<Point X="52.373474" Y="624.303" />
										<Point X="52.970306" Y="624.303" />
									</PolyLine>
									<PolyLine LineColor="#FF000000">
										<Point X="52.970306" Y="624.303" />
										<Point X="52.970306" Y="623.7063" />
									</PolyLine>
									<PolyLine LineColor="#FF000000">
										<Point X="52.970306" Y="623.7063" />
										<Point X="52.373474" Y="623.7063" />
									</PolyLine>
								</PathFigure>
							</Path>
							<Path FillMode="Winding" RenderTransform="1 0 0 -1 0 842">
								<Brush>
									<SolidBrush Color="#FF706E74" />
								</Brush>
								<PathFigure IsClosed="True">
									<PolyLine LineColor="#FF000000">
										<Point X="245.7486" Y="624.303" />
										<Point X="246.34543" Y="624.303" />
									</PolyLine>
									<PolyLine LineColor="#FF000000">
										<Point X="246.34543" Y="624.303" />
										<Point X="246.34543" Y="623.7063" />
									</PolyLine>
									<PolyLine LineColor="#FF000000">
										<Point X="246.34543" Y="623.7063" />
										<Point X="245.7486" Y="623.7063" />
									</PolyLine>
								</PathFigure>
							</Path>
							<Path FillMode="Alternate" RenderTransform="1 0 0 -1 0 842">
								<Pen Alignment="Center" DashCap="Flat" DashOffset="0" DashPattern="0.5968368 0.5968368" DashStyle="Custom" EndCap="Flat" LineJoin="Miter" MiterLimit="10" StartCap="Flat" Width="0.5968368">
									<Brush>
										<SolidBrush Color="#FF706E74" />
									</Brush>
								</Pen>
								<PathFigure IsClosed="False">
									<PolyLine LineColor="#FF000000">
										<Point X="52.970306" Y="624.00464" />
										<Point X="245.7486" Y="624.00464" />
									</PolyLine>
								</PathFigure>
							</Path>
						</Canvas>
					</Canvas>
					<Canvas>
						<Clip>
							<Path FillMode="Alternate">
								<PathFigure IsClosed="True">
									<PolyLine LineColor="#FF000000">
										<Point X="28.5" Y="28.5" />
										<Point X="566.25" Y="28.5" />
									</PolyLine>
									<PolyLine LineColor="#FF000000">
										<Point X="566.25" Y="28.5" />
										<Point X="566.25" Y="813.3404" />
									</PolyLine>
									<PolyLine LineColor="#FF000000">
										<Point X="566.25" Y="813.3404" />
										<Point X="28.5" Y="813.3404" />
									</PolyLine>
									<PolyLine LineColor="#FF000000">
										<Point X="28.5" Y="813.3404" />
										<Point X="28.5" Y="28.5" />
									</PolyLine>
								</PathFigure>
							</Path>
						</Clip>
					</Canvas>
					<Canvas>
						<Clip>
							<Path FillMode="Alternate">
								<PathFigure IsClosed="True">
									<PolyLine LineColor="#FF000000">
										<Point X="28.5" Y="28.5" />
										<Point X="566.25" Y="28.5" />
									</PolyLine>
									<PolyLine LineColor="#FF000000">
										<Point X="566.25" Y="28.5" />
										<Point X="566.25" Y="813.3404" />
									</PolyLine>
									<PolyLine LineColor="#FF000000">
										<Point X="566.25" Y="813.3404" />
										<Point X="28.5" Y="813.3404" />
									</PolyLine>
									<PolyLine LineColor="#FF000000">
										<Point X="28.5" Y="813.3404" />
										<Point X="28.5" Y="28.5" />
									</PolyLine>
								</PathFigure>
							</Path>
						</Clip>
						<Canvas>
							<Clip>
								<Path FillMode="Winding">
									<PathFigure IsClosed="False">
										<PolyLine LineColor="#FF000000">
											<Point X="247.53912" Y="218.29413" />
											<Point X="248.13596" Y="217.69727" />
										</PolyLine>
										<PolyLine LineColor="#FF000000">
											<Point X="248.13596" Y="217.69727" />
											<Point X="286.3335" Y="217.69727" />
										</PolyLine>
										<PolyLine LineColor="#FF000000">
											<Point X="286.3335" Y="217.69727" />
											<Point X="286.3335" Y="218.29413" />
										</PolyLine>
									</PathFigure>
								</Path>
							</Clip>
							<Path FillMode="Winding" RenderTransform="1 0 0 -1 0 842">
								<Brush>
									<SolidBrush Color="#FF706E74" />
								</Brush>
								<PathFigure IsClosed="True">
									<PolyLine LineColor="#FF000000">
										<Point X="247.53911" Y="624.303" />
										<Point X="248.13594" Y="624.303" />
									</PolyLine>
									<PolyLine LineColor="#FF000000">
										<Point X="248.13594" Y="624.303" />
										<Point X="248.13594" Y="623.7063" />
									</PolyLine>
									<PolyLine LineColor="#FF000000">
										<Point X="248.13594" Y="623.7063" />
										<Point X="247.53911" Y="623.7063" />
									</PolyLine>
								</PathFigure>
							</Path>
							<Path FillMode="Winding" RenderTransform="1 0 0 -1 0 842">
								<Brush>
									<SolidBrush Color="#FF706E74" />
								</Brush>
								<PathFigure IsClosed="True">
									<PolyLine LineColor="#FF000000">
										<Point X="285.73666" Y="624.303" />
										<Point X="286.3335" Y="624.303" />
									</PolyLine>
									<PolyLine LineColor="#FF000000">
										<Point X="286.3335" Y="624.303" />
										<Point X="286.3335" Y="623.7063" />
									</PolyLine>
									<PolyLine LineColor="#FF000000">
										<Point X="286.3335" Y="623.7063" />
										<Point X="285.73666" Y="623.7063" />
									</PolyLine>
								</PathFigure>
							</Path>
							<Path FillMode="Alternate" RenderTransform="1 0 0 -1 0 842">
								<Pen Alignment="Center" DashCap="Flat" DashOffset="0" DashPattern="0.5968368 0.5968368" DashStyle="Custom" EndCap="Flat" LineJoin="Miter" MiterLimit="10" StartCap="Flat" Width="0.5968368">
									<Brush>
										<SolidBrush Color="#FF706E74" />
									</Brush>
								</Pen>
								<PathFigure IsClosed="False">
									<PolyLine LineColor="#FF000000">
										<Point X="248.13594" Y="624.00464" />
										<Point X="285.73666" Y="624.00464" />
									</PolyLine>
								</PathFigure>
							</Path>
						</Canvas>
					</Canvas>
					<Canvas>
						<Clip>
							<Path FillMode="Alternate">
								<PathFigure IsClosed="True">
									<PolyLine LineColor="#FF000000">
										<Point X="28.5" Y="28.5" />
										<Point X="566.25" Y="28.5" />
									</PolyLine>
									<PolyLine LineColor="#FF000000">
										<Point X="566.25" Y="28.5" />
										<Point X="566.25" Y="813.3404" />
									</PolyLine>
									<PolyLine LineColor="#FF000000">
										<Point X="566.25" Y="813.3404" />
										<Point X="28.5" Y="813.3404" />
									</PolyLine>
									<PolyLine LineColor="#FF000000">
										<Point X="28.5" Y="813.3404" />
										<Point X="28.5" Y="28.5" />
									</PolyLine>
								</PathFigure>
							</Path>
						</Clip>
						<Path FillMode="Winding" RenderTransform="1 0 0 -1 0 842">
							<Brush>
								<SolidBrush Color="#FF939598" />
							</Brush>
							<PathFigure IsClosed="True">
								<PolyLine LineColor="#FF000000">
									<Point X="247.53912" Y="635.64264" />
									<Point X="247.53912" Y="623.7059" />
								</PolyLine>
								<PolyLine LineColor="#FF000000">
									<Point X="247.53912" Y="623.7059" />
									<Point X="248.13596" Y="624.30273" />
								</PolyLine>
								<PolyLine LineColor="#FF000000">
									<Point X="248.13596" Y="624.30273" />
									<Point X="248.13596" Y="635.64264" />
								</PolyLine>
								<PolyLine LineColor="#FF000000">
									<Point X="248.13596" Y="635.64264" />
									<Point X="247.53912" Y="635.64264" />
								</PolyLine>
							</PathFigure>
						</Path>
					</Canvas>
					<Canvas>
						<Clip>
							<Path FillMode="Alternate">
								<PathFigure IsClosed="True">
									<PolyLine LineColor="#FF000000">
										<Point X="28.5" Y="28.5" />
										<Point X="566.25" Y="28.5" />
									</PolyLine>
									<PolyLine LineColor="#FF000000">
										<Point X="566.25" Y="28.5" />
										<Point X="566.25" Y="813.3404" />
									</PolyLine>
									<PolyLine LineColor="#FF000000">
										<Point X="566.25" Y="813.3404" />
										<Point X="28.5" Y="813.3404" />
									</PolyLine>
									<PolyLine LineColor="#FF000000">
										<Point X="28.5" Y="813.3404" />
										<Point X="28.5" Y="28.5" />
									</PolyLine>
								</PathFigure>
							</Path>
						</Clip>
						<Canvas>
							<Clip>
								<Path FillMode="Winding">
									<PathFigure IsClosed="False">
										<PolyLine LineColor="#FF000000">
											<Point X="52.373474" Y="231.42456" />
											<Point X="52.373474" Y="230.8277" />
										</PolyLine>
										<PolyLine LineColor="#FF000000">
											<Point X="52.373474" Y="230.8277" />
											<Point X="246.34546" Y="230.8277" />
										</PolyLine>
										<PolyLine LineColor="#FF000000">
											<Point X="246.34546" Y="230.8277" />
											<Point X="246.34546" Y="231.42456" />
										</PolyLine>
									</PathFigure>
								</Path>
							</Clip>
							<Path FillMode="Winding" RenderTransform="1 0 0 -1 0 842">
								<Brush>
									<SolidBrush Color="#FF706E74" />
								</Brush>
								<PathFigure IsClosed="True">
									<PolyLine LineColor="#FF000000">
										<Point X="52.373474" Y="611.1726" />
										<Point X="52.970306" Y="611.1726" />
									</PolyLine>
									<PolyLine LineColor="#FF000000">
										<Point X="52.970306" Y="611.1726" />
										<Point X="52.970306" Y="610.5757" />
									</PolyLine>
									<PolyLine LineColor="#FF000000">
										<Point X="52.970306" Y="610.5757" />
										<Point X="52.373474" Y="610.5757" />
									</PolyLine>
								</PathFigure>
							</Path>
							<Path FillMode="Winding" RenderTransform="1 0 0 -1 0 842">
								<Brush>
									<SolidBrush Color="#FF706E74" />
								</Brush>
								<PathFigure IsClosed="True">
									<PolyLine LineColor="#FF000000">
										<Point X="245.7486" Y="611.1726" />
										<Point X="246.34543" Y="611.1726" />
									</PolyLine>
									<PolyLine LineColor="#FF000000">
										<Point X="246.34543" Y="611.1726" />
										<Point X="246.34543" Y="610.5757" />
									</PolyLine>
									<PolyLine LineColor="#FF000000">
										<Point X="246.34543" Y="610.5757" />
										<Point X="245.7486" Y="610.5757" />
									</PolyLine>
								</PathFigure>
							</Path>
							<Path FillMode="Alternate" RenderTransform="1 0 0 -1 0 842">
								<Pen Alignment="Center" DashCap="Flat" DashOffset="0" DashPattern="0.5968368 0.5968368" DashStyle="Custom" EndCap="Flat" LineJoin="Miter" MiterLimit="10" StartCap="Flat" Width="0.5968368">
									<Brush>
										<SolidBrush Color="#FF706E74" />
									</Brush>
								</Pen>
								<PathFigure IsClosed="False">
									<PolyLine LineColor="#FF000000">
										<Point X="52.970306" Y="610.87427" />
										<Point X="245.7486" Y="610.87427" />
									</PolyLine>
								</PathFigure>
							</Path>
						</Canvas>
					</Canvas>
					<Canvas>
						<Clip>
							<Path FillMode="Alternate">
								<PathFigure IsClosed="True">
									<PolyLine LineColor="#FF000000">
										<Point X="28.5" Y="28.5" />
										<Point X="566.25" Y="28.5" />
									</PolyLine>
									<PolyLine LineColor="#FF000000">
										<Point X="566.25" Y="28.5" />
										<Point X="566.25" Y="813.3404" />
									</PolyLine>
									<PolyLine LineColor="#FF000000">
										<Point X="566.25" Y="813.3404" />
										<Point X="28.5" Y="813.3404" />
									</PolyLine>
									<PolyLine LineColor="#FF000000">
										<Point X="28.5" Y="813.3404" />
										<Point X="28.5" Y="28.5" />
									</PolyLine>
								</PathFigure>
							</Path>
						</Clip>
					</Canvas>
					<Canvas>
						<Clip>
							<Path FillMode="Alternate">
								<PathFigure IsClosed="True">
									<PolyLine LineColor="#FF000000">
										<Point X="28.5" Y="28.5" />
										<Point X="566.25" Y="28.5" />
									</PolyLine>
									<PolyLine LineColor="#FF000000">
										<Point X="566.25" Y="28.5" />
										<Point X="566.25" Y="813.3404" />
									</PolyLine>
									<PolyLine LineColor="#FF000000">
										<Point X="566.25" Y="813.3404" />
										<Point X="28.5" Y="813.3404" />
									</PolyLine>
									<PolyLine LineColor="#FF000000">
										<Point X="28.5" Y="813.3404" />
										<Point X="28.5" Y="28.5" />
									</PolyLine>
								</PathFigure>
							</Path>
						</Clip>
						<Canvas>
							<Clip>
								<Path FillMode="Winding">
									<PathFigure IsClosed="False">
										<PolyLine LineColor="#FF000000">
											<Point X="247.53912" Y="231.42456" />
											<Point X="248.13596" Y="230.8277" />
										</PolyLine>
										<PolyLine LineColor="#FF000000">
											<Point X="248.13596" Y="230.8277" />
											<Point X="286.3335" Y="230.8277" />
										</PolyLine>
										<PolyLine LineColor="#FF000000">
											<Point X="286.3335" Y="230.8277" />
											<Point X="286.3335" Y="231.42456" />
										</PolyLine>
									</PathFigure>
								</Path>
							</Clip>
							<Path FillMode="Winding" RenderTransform="1 0 0 -1 0 842">
								<Brush>
									<SolidBrush Color="#FF706E74" />
								</Brush>
								<PathFigure IsClosed="True">
									<PolyLine LineColor="#FF000000">
										<Point X="247.53911" Y="611.1726" />
										<Point X="248.13594" Y="611.1726" />
									</PolyLine>
									<PolyLine LineColor="#FF000000">
										<Point X="248.13594" Y="611.1726" />
										<Point X="248.13594" Y="610.5757" />
									</PolyLine>
									<PolyLine LineColor="#FF000000">
										<Point X="248.13594" Y="610.5757" />
										<Point X="247.53911" Y="610.5757" />
									</PolyLine>
								</PathFigure>
							</Path>
							<Path FillMode="Winding" RenderTransform="1 0 0 -1 0 842">
								<Brush>
									<SolidBrush Color="#FF706E74" />
								</Brush>
								<PathFigure IsClosed="True">
									<PolyLine LineColor="#FF000000">
										<Point X="285.73666" Y="611.1726" />
										<Point X="286.3335" Y="611.1726" />
									</PolyLine>
									<PolyLine LineColor="#FF000000">
										<Point X="286.3335" Y="611.1726" />
										<Point X="286.3335" Y="610.5757" />
									</PolyLine>
									<PolyLine LineColor="#FF000000">
										<Point X="286.3335" Y="610.5757" />
										<Point X="285.73666" Y="610.5757" />
									</PolyLine>
								</PathFigure>
							</Path>
							<Path FillMode="Alternate" RenderTransform="1 0 0 -1 0 842">
								<Pen Alignment="Center" DashCap="Flat" DashOffset="0" DashPattern="0.5968368 0.5968368" DashStyle="Custom" EndCap="Flat" LineJoin="Miter" MiterLimit="10" StartCap="Flat" Width="0.5968368">
									<Brush>
										<SolidBrush Color="#FF706E74" />
									</Brush>
								</Pen>
								<PathFigure IsClosed="False">
									<PolyLine LineColor="#FF000000">
										<Point X="248.13594" Y="610.87427" />
										<Point X="285.73666" Y="610.87427" />
									</PolyLine>
								</PathFigure>
							</Path>
						</Canvas>
					</Canvas>
					<Canvas>
						<Clip>
							<Path FillMode="Alternate">
								<PathFigure IsClosed="True">
									<PolyLine LineColor="#FF000000">
										<Point X="28.5" Y="28.5" />
										<Point X="566.25" Y="28.5" />
									</PolyLine>
									<PolyLine LineColor="#FF000000">
										<Point X="566.25" Y="28.5" />
										<Point X="566.25" Y="813.3404" />
									</PolyLine>
									<PolyLine LineColor="#FF000000">
										<Point X="566.25" Y="813.3404" />
										<Point X="28.5" Y="813.3404" />
									</PolyLine>
									<PolyLine LineColor="#FF000000">
										<Point X="28.5" Y="813.3404" />
										<Point X="28.5" Y="28.5" />
									</PolyLine>
								</PathFigure>
							</Path>
						</Clip>
						<Path FillMode="Winding" RenderTransform="1 0 0 -1 0 842">
							<Brush>
								<SolidBrush Color="#FF939598" />
							</Brush>
							<PathFigure IsClosed="True">
								<PolyLine LineColor="#FF000000">
									<Point X="247.53912" Y="622.5122" />
									<Point X="247.53912" Y="610.57544" />
								</PolyLine>
								<PolyLine LineColor="#FF000000">
									<Point X="247.53912" Y="610.57544" />
									<Point X="248.13596" Y="611.1723" />
								</PolyLine>
								<PolyLine LineColor="#FF000000">
									<Point X="248.13596" Y="611.1723" />
									<Point X="248.13596" Y="622.5122" />
								</PolyLine>
								<PolyLine LineColor="#FF000000">
									<Point X="248.13596" Y="622.5122" />
									<Point X="247.53912" Y="622.5122" />
								</PolyLine>
							</PathFigure>
						</Path>
						<Glyphs OutlineWidth="0.5" CharSpace="0" RenderTransform="0.5968368 0 -0 0.5968368 58.938675 145.47974">
							<Font SizePoints="16" Style="Bold" FamilyName="HPDHEV+BlissPro-Bold" Capitals="Normal" ResourceId="3" />
							<Origin X="0" Y="0" />
							<Text>Ф</Text>
							<Size Width="12.416" Height="9.328125" />
							<Brush>
								<SolidBrush Color="#FFFFFFFF" />
							</Brush>
							<Tag>convertedFont</Tag>
						</Glyphs>
						<Glyphs OutlineWidth="0.5" CharSpace="0" RenderTransform="0.5968368 0 -0 0.5968368 66.39914 145.47974">
							<Font SizePoints="16" Style="Bold" FamilyName="HPDHEV+BlissPro-Bold" Capitals="Normal" ResourceId="3" />
							<Origin X="0" Y="0" />
							<Text>И</Text>
							<Size Width="11.872" Height="9.328125" />
							<Brush>
								<SolidBrush Color="#FFFFFFFF" />
							</Brush>
							<Tag>convertedFont</Tag>
						</Glyphs>
						<Glyphs OutlineWidth="0.5" CharSpace="0" RenderTransform="0.5968368 0 -0 0.5968368 73.5332 145.47974">
							<Font SizePoints="16" Style="Bold" FamilyName="HPDHEV+BlissPro-Bold" Capitals="Normal" ResourceId="3" />
							<Origin X="0" Y="0" />
							<Text>Л</Text>
							<Size Width="10.368" Height="9.328125" />
							<Brush>
								<SolidBrush Color="#FFFFFFFF" />
							</Brush>
							<Tag>convertedFont</Tag>
						</Glyphs>
						<Glyphs OutlineWidth="0.5" CharSpace="0" RenderTransform="0.5968368 0 -0 0.5968368 79.76269 145.47974">
							<Font SizePoints="16" Style="Bold" FamilyName="HPDHEV+BlissPro-Bold" Capitals="Normal" ResourceId="3" />
							<Origin X="0" Y="0" />
							<Text>Ь</Text>
							<Size Width="9.024" Height="9.328125" />
							<Brush>
								<SolidBrush Color="#FFFFFFFF" />
							</Brush>
							<Tag>convertedFont</Tag>
						</Glyphs>
						<Glyphs OutlineWidth="0.5" CharSpace="0" RenderTransform="0.5968368 0 -0 0.5968368 85.19017 145.47974">
							<Font SizePoints="16" Style="Bold" FamilyName="HPDHEV+BlissPro-Bold" Capitals="Normal" ResourceId="3" />
							<Origin X="0" Y="0" />
							<Text>Т</Text>
							<Size Width="8.56" Height="9.328125" />
							<Brush>
								<SolidBrush Color="#FFFFFFFF" />
							</Brush>
							<Tag>convertedFont</Tag>
						</Glyphs>
						<Glyphs OutlineWidth="0.5" CharSpace="0" RenderTransform="0.5968368 0 -0 0.5968368 90.32857 145.47974">
							<Font SizePoints="16" Style="Bold" FamilyName="HPDHEV+BlissPro-Bold" Capitals="Normal" ResourceId="3" />
							<Origin X="0" Y="0" />
							<Text>Р</Text>
							<Size Width="8.624" Height="9.328125" />
							<Brush>
								<SolidBrush Color="#FFFFFFFF" />
							</Brush>
							<Tag>convertedFont</Tag>
						</Glyphs>
						<Glyphs OutlineWidth="0.5" CharSpace="0" RenderTransform="0.5968368 0 -0 0.5968368 95.51358 145.47974">
							<Font SizePoints="16" Style="Bold" FamilyName="HPDHEV+BlissPro-Bold" Capitals="Normal" ResourceId="3" />
							<Origin X="0" Y="0" />
							<Text> </Text>
							<Size Width="3.424" Height="9.328125" />
							<Brush>
								<SolidBrush Color="#FFFFFFFF" />
							</Brush>
							<Tag>convertedFont</Tag>
						</Glyphs>
						<Glyphs OutlineWidth="0.5" CharSpace="0" RenderTransform="0.5968368 0 -0 0.5968368 97.57453 145.47974">
							<Font SizePoints="16" Style="Bold" FamilyName="HPDHEV+BlissPro-Bold" Capitals="Normal" ResourceId="3" />
							<Origin X="0" Y="0" />
							<Text>С</Text>
							<Size Width="9.984" Height="9.328125" />
							<Brush>
								<SolidBrush Color="#FFFFFFFF" />
							</Brush>
							<Tag>convertedFont</Tag>
						</Glyphs>
						<Glyphs OutlineWidth="0.5" CharSpace="0" RenderTransform="0.5968368 0 -0 0.5968368 103.58021 145.47974">
							<Font SizePoints="16" Style="Bold" FamilyName="HPDHEV+BlissPro-Bold" Capitals="Normal" ResourceId="3" />
							<Origin X="0" Y="0" />
							<Text>Т</Text>
							<Size Width="8.56" Height="9.328125" />
							<Brush>
								<SolidBrush Color="#FFFFFFFF" />
							</Brush>
							<Tag>convertedFont</Tag>
						</Glyphs>
						<Glyphs OutlineWidth="0.5" CharSpace="0" RenderTransform="0.5968368 0 -0 0.5968368 108.7186 145.47974">
							<Font SizePoints="16" Style="Bold" FamilyName="HPDHEV+BlissPro-Bold" Capitals="Normal" ResourceId="3" />
							<Origin X="0" Y="0" />
							<Text>У</Text>
							<Size Width="9.568" Height="9.328125" />
							<Brush>
								<SolidBrush Color="#FFFFFFFF" />
							</Brush>
							<Tag>convertedFont</Tag>
						</Glyphs>
						<Glyphs OutlineWidth="0.5" CharSpace="0" RenderTransform="0.5968368 0 -0 0.5968368 114.47247 145.47974">
							<Font SizePoints="16" Style="Bold" FamilyName="HPDHEV+BlissPro-Bold" Capitals="Normal" ResourceId="3" />
							<Origin X="0" Y="0" />
							<Text>П</Text>
							<Size Width="10.928" Height="9.328125" />
							<Brush>
								<SolidBrush Color="#FFFFFFFF" />
							</Brush>
							<Tag>convertedFont</Tag>
						</Glyphs>
						<Glyphs OutlineWidth="0.5" CharSpace="0" RenderTransform="0.5968368 0 -0 0.5968368 121.047005 145.47974">
							<Font SizePoints="16" Style="Bold" FamilyName="HPDHEV+BlissPro-Bold" Capitals="Normal" ResourceId="3" />
							<Origin X="0" Y="0" />
							<Text>Е</Text>
							<Size Width="8.016" Height="9.328125" />
							<Brush>
								<SolidBrush Color="#FFFFFFFF" />
							</Brush>
							<Tag>convertedFont</Tag>
						</Glyphs>
						<Glyphs OutlineWidth="0.5" CharSpace="0" RenderTransform="0.5968368 0 -0 0.5968368 125.86833 145.47974">
							<Font SizePoints="16" Style="Bold" FamilyName="HPDHEV+BlissPro-Bold" Capitals="Normal" ResourceId="3" />
							<Origin X="0" Y="0" />
							<Text>Н</Text>
							<Size Width="11.392" Height="9.328125" />
							<Brush>
								<SolidBrush Color="#FFFFFFFF" />
							</Brush>
							<Tag>convertedFont</Tag>
						</Glyphs>
						<Glyphs OutlineWidth="0.5" CharSpace="0" RenderTransform="0.5968368 0 -0 0.5968368 132.72263 145.47974">
							<Font SizePoints="16" Style="Bold" FamilyName="HPDHEV+BlissPro-Bold" Capitals="Normal" ResourceId="3" />
							<Origin X="0" Y="0" />
							<Text>Ь</Text>
							<Size Width="9.024" Height="9.328125" />
							<Brush>
								<SolidBrush Color="#FFFFFFFF" />
							</Brush>
							<Tag>convertedFont</Tag>
						</Glyphs>
						<Glyphs OutlineWidth="0.5" CharSpace="0" RenderTransform="0.5968368 0 -0 0.5968368 138.15012 145.47974">
							<Font SizePoints="16" Style="Bold" FamilyName="HPDHEV+BlissPro-Bold" Capitals="Normal" ResourceId="3" />
							<Origin X="0" Y="0" />
							<Text> </Text>
							<Size Width="3.424" Height="9.328125" />
							<Brush>
								<SolidBrush Color="#FFFFFFFF" />
							</Brush>
							<Tag>convertedFont</Tag>
						</Glyphs>
						<Glyphs OutlineWidth="0.5" CharSpace="0" RenderTransform="0.5968368 0 -0 0.5968368 140.21106 145.47974">
							<Font SizePoints="16" Style="Bold" FamilyName="HPDHEV+BlissPro-Bold" Capitals="Normal" ResourceId="3" />
							<Origin X="0" Y="0" />
							<Text>2</Text>
							<Size Width="8.528" Height="9.328125" />
							<Brush>
								<SolidBrush Color="#FFFFFFFF" />
							</Brush>
							<Tag>convertedFont</Tag>
						</Glyphs>
						<Glyphs OutlineWidth="0.5" CharSpace="0" RenderTransform="0.5968368 0 -0 0.5968368 57.148167 162.19116">
							<Font SizePoints="14" Style="Regular" FamilyName="CSMVMI+BlissPro" Capitals="Normal" ResourceId="2" />
							<Origin X="0" Y="0" />
							<Text>О</Text>
							<Size Width="10.57" Height="8.162108" />
							<Brush>
								<SolidBrush Color="#FF000000" />
							</Brush>
							<Tag>convertedFont</Tag>
						</Glyphs>
						<Glyphs OutlineWidth="0.5" CharSpace="0" RenderTransform="0.5968368 0 -0 0.5968368 63.498882 162.19116">
							<Font SizePoints="14" Style="Regular" FamilyName="CSMVMI+BlissPro" Capitals="Normal" ResourceId="2" />
							<Origin X="0" Y="0" />
							<Text>б</Text>
							<Size Width="7.14" Height="8.162108" />
							<Brush>
								<SolidBrush Color="#FF000000" />
							</Brush>
							<Tag>convertedFont</Tag>
						</Glyphs>
						<Glyphs OutlineWidth="0.5" CharSpace="0" RenderTransform="0.5968368 0 -0 0.5968368 67.78865 162.19116">
							<Font SizePoints="14" Style="Regular" FamilyName="CSMVMI+BlissPro" Capitals="Normal" ResourceId="2" />
							<Origin X="0" Y="0" />
							<Text>о</Text>
							<Size Width="7.364" Height="8.162108" />
							<Brush>
								<SolidBrush Color="#FF000000" />
							</Brush>
							<Tag>convertedFont</Tag>
						</Glyphs>
						<Glyphs OutlineWidth="0.5" CharSpace="0" RenderTransform="0.5968368 0 -0 0.5968368 72.20897 162.19116">
							<Font SizePoints="14" Style="Regular" FamilyName="CSMVMI+BlissPro" Capitals="Normal" ResourceId="2" />
							<Origin X="0" Y="0" />
							<Text>з</Text>
							<Size Width="5.894" Height="8.162108" />
							<Brush>
								<SolidBrush Color="#FF000000" />
							</Brush>
							<Tag>convertedFont</Tag>
						</Glyphs>
						<Glyphs OutlineWidth="0.5" CharSpace="0" RenderTransform="0.5968368 0 -0 0.5968368 75.752686 162.19116">
							<Font SizePoints="14" Style="Regular" FamilyName="CSMVMI+BlissPro" Capitals="Normal" ResourceId="2" />
							<Origin X="0" Y="0" />
							<Text>н</Text>
							<Size Width="7.266" Height="8.162108" />
							<Brush>
								<SolidBrush Color="#FF000000" />
							</Brush>
							<Tag>convertedFont</Tag>
						</Glyphs>
						<Glyphs OutlineWidth="0.5" CharSpace="0" RenderTransform="0.5968368 0 -0 0.5968368 80.11706 162.19116">
							<Font SizePoints="14" Style="Regular" FamilyName="CSMVMI+BlissPro" Capitals="Normal" ResourceId="2" />
							<Origin X="0" Y="0" />
							<Text>а</Text>
							<Size Width="6.608" Height="8.162108" />
							<Brush>
								<SolidBrush Color="#FF000000" />
							</Brush>
							<Tag>convertedFont</Tag>
						</Glyphs>
						<Glyphs OutlineWidth="0.5" CharSpace="0" RenderTransform="0.5968368 0 -0 0.5968368 84.08975 162.19116">
							<Font SizePoints="14" Style="Regular" FamilyName="CSMVMI+BlissPro" Capitals="Normal" ResourceId="2" />
							<Origin X="0" Y="0" />
							<Text>ч</Text>
							<Size Width="6.776" Height="8.162108" />
							<Brush>
								<SolidBrush Color="#FF000000" />
							</Brush>
							<Tag>convertedFont</Tag>
						</Glyphs>
						<Glyphs OutlineWidth="0.5" CharSpace="0" RenderTransform="0.5968368 0 -0 0.5968368 88.16502 162.19116">
							<Font SizePoints="14" Style="Regular" FamilyName="CSMVMI+BlissPro" Capitals="Normal" ResourceId="2" />
							<Origin X="0" Y="0" />
							<Text>е</Text>
							<Size Width="6.636" Height="8.162108" />
							<Brush>
								<SolidBrush Color="#FF000000" />
							</Brush>
							<Tag>convertedFont</Tag>
						</Glyphs>
						<Glyphs OutlineWidth="0.5" CharSpace="0" RenderTransform="0.5968368 0 -0 0.5968368 92.15637 162.19116">
							<Font SizePoints="14" Style="Regular" FamilyName="CSMVMI+BlissPro" Capitals="Normal" ResourceId="2" />
							<Origin X="0" Y="0" />
							<Text>н</Text>
							<Size Width="7.266" Height="8.162108" />
							<Brush>
								<SolidBrush Color="#FF000000" />
							</Brush>
							<Tag>convertedFont</Tag>
						</Glyphs>
						<Glyphs OutlineWidth="0.5" CharSpace="0" RenderTransform="0.5968368 0 -0 0.5968368 96.520744 162.19116">
							<Font SizePoints="14" Style="Regular" FamilyName="CSMVMI+BlissPro" Capitals="Normal" ResourceId="2" />
							<Origin X="0" Y="0" />
							<Text>и</Text>
							<Size Width="7.518" Height="8.162108" />
							<Brush>
								<SolidBrush Color="#FF000000" />
							</Brush>
							<Tag>convertedFont</Tag>
						</Glyphs>
						<Glyphs OutlineWidth="0.5" CharSpace="0" RenderTransform="0.5968368 0 -0 0.5968368 101.034325 162.19116">
							<Font SizePoints="14" Style="Regular" FamilyName="CSMVMI+BlissPro" Capitals="Normal" ResourceId="2" />
							<Origin X="0" Y="0" />
							<Text>е</Text>
							<Size Width="6.636" Height="8.162108" />
							<Brush>
								<SolidBrush Color="#FF000000" />
							</Brush>
							<Tag>convertedFont</Tag>
						</Glyphs>
						<Glyphs OutlineWidth="0.5" CharSpace="0" RenderTransform="0.5968368 0 -0 0.5968368 252.91064 162.19116">
							<Font SizePoints="14" Style="Regular" FamilyName="CSMVMI+BlissPro" Capitals="Normal" ResourceId="2" />
							<Origin X="0" Y="0" />
							<Text>F</Text>
							<Size Width="6.342" Height="8.162108" />
							<Brush>
								<SolidBrush Color="#FF000000" />
							</Brush>
							<Tag>convertedFont</Tag>
						</Glyphs>
						<Glyphs OutlineWidth="0.5" CharSpace="0" RenderTransform="0.5968368 0 -0 0.5968368 256.7248 162.19116">
							<Font SizePoints="14" Style="Regular" FamilyName="CSMVMI+BlissPro" Capitals="Normal" ResourceId="2" />
							<Origin X="0" Y="0" />
							<Text>R</Text>
							<Size Width="7.728" Height="8.162108" />
							<Brush>
								<SolidBrush Color="#FF000000" />
							</Brush>
							<Tag>convertedFont</Tag>
						</Glyphs>
						<Glyphs OutlineWidth="0.5" CharSpace="0" RenderTransform="0.5968368 0 -0 0.5968368 261.36896 162.19116">
							<Font SizePoints="14" Style="Regular" FamilyName="CSMVMI+BlissPro" Capitals="Normal" ResourceId="2" />
							<Origin X="0" Y="0" />
							<Text>P</Text>
							<Size Width="7.168" Height="8.162108" />
							<Brush>
								<SolidBrush Color="#FF000000" />
							</Brush>
							<Tag>convertedFont</Tag>
						</Glyphs>
						<Glyphs OutlineWidth="0.5" CharSpace="0" RenderTransform="0.5968368 0 -0 0.5968368 57.148167 175.32153">
							<Font SizePoints="14" Style="Regular" FamilyName="CSMVMI+BlissPro" Capitals="Normal" ResourceId="2" />
							<Origin X="0" Y="0" />
							<Text>К</Text>
							<Size Width="8.176" Height="8.162108" />
							<Brush>
								<SolidBrush Color="#FF000000" />
							</Brush>
							<Tag>convertedFont</Tag>
						</Glyphs>
						<Glyphs OutlineWidth="0.5" CharSpace="0" RenderTransform="0.5968368 0 -0 0.5968368 62.062744 175.32153">
							<Font SizePoints="14" Style="Regular" FamilyName="CSMVMI+BlissPro" Capitals="Normal" ResourceId="2" />
							<Origin X="0" Y="0" />
							<Text>л</Text>
							<Size Width="7.042" Height="8.162108" />
							<Brush>
								<SolidBrush Color="#FF000000" />
							</Brush>
							<Tag>convertedFont</Tag>
						</Glyphs>
						<Glyphs OutlineWidth="0.5" CharSpace="0" RenderTransform="0.5968368 0 -0 0.5968368 66.296555 175.32153">
							<Font SizePoints="14" Style="Regular" FamilyName="CSMVMI+BlissPro" Capitals="Normal" ResourceId="2" />
							<Origin X="0" Y="0" />
							<Text>а</Text>
							<Size Width="6.608" Height="8.162108" />
							<Brush>
								<SolidBrush Color="#FF000000" />
							</Brush>
							<Tag>convertedFont</Tag>
						</Glyphs>
						<Glyphs OutlineWidth="0.5" CharSpace="0" RenderTransform="0.5968368 0 -0 0.5968368 70.26925 175.32153">
							<Font SizePoints="14" Style="Regular" FamilyName="CSMVMI+BlissPro" Capitals="Normal" ResourceId="2" />
							<Origin X="0" Y="0" />
							<Text>с</Text>
							<Size Width="6.076" Height="8.162108" />
							<Brush>
								<SolidBrush Color="#FF000000" />
							</Brush>
							<Tag>convertedFont</Tag>
						</Glyphs>
						<Glyphs OutlineWidth="0.5" CharSpace="0" RenderTransform="0.5968368 0 -0 0.5968368 73.91555 175.32153">
							<Font SizePoints="14" Style="Regular" FamilyName="CSMVMI+BlissPro" Capitals="Normal" ResourceId="2" />
							<Origin X="0" Y="0" />
							<Text>с</Text>
							<Size Width="6.076" Height="8.162108" />
							<Brush>
								<SolidBrush Color="#FF000000" />
							</Brush>
							<Tag>convertedFont</Tag>
						</Glyphs>
						<Glyphs OutlineWidth="0.5" CharSpace="0" RenderTransform="0.5968368 0 -0 0.5968368 77.56185 175.32153">
							<Font SizePoints="14" Style="Regular" FamilyName="CSMVMI+BlissPro" Capitals="Normal" ResourceId="2" />
							<Origin X="0" Y="0" />
							<Text> </Text>
							<Size Width="3.094" Height="8.162108" />
							<Brush>
								<SolidBrush Color="#FF000000" />
							</Brush>
							<Tag>convertedFont</Tag>
						</Glyphs>
						<Glyphs OutlineWidth="0.5" CharSpace="0" RenderTransform="0.5968368 0 -0 0.5968368 79.41764 175.32153">
							<Font SizePoints="14" Style="Regular" FamilyName="CSMVMI+BlissPro" Capitals="Normal" ResourceId="2" />
							<Origin X="0" Y="0" />
							<Text>о</Text>
							<Size Width="7.364" Height="8.162108" />
							<Brush>
								<SolidBrush Color="#FF000000" />
							</Brush>
							<Tag>convertedFont</Tag>
						</Glyphs>
						<Glyphs OutlineWidth="0.5" CharSpace="0" RenderTransform="0.5968368 0 -0 0.5968368 83.83797 175.32153">
							<Font SizePoints="14" Style="Regular" FamilyName="CSMVMI+BlissPro" Capitals="Normal" ResourceId="2" />
							<Origin X="0" Y="0" />
							<Text>ч</Text>
							<Size Width="6.776" Height="8.162108" />
							<Brush>
								<SolidBrush Color="#FF000000" />
							</Brush>
							<Tag>convertedFont</Tag>
						</Glyphs>
						<Glyphs OutlineWidth="0.5" CharSpace="0" RenderTransform="0.5968368 0 -0 0.5968368 87.91324 175.32153">
							<Font SizePoints="14" Style="Regular" FamilyName="CSMVMI+BlissPro" Capitals="Normal" ResourceId="2" />
							<Origin X="0" Y="0" />
							<Text>и</Text>
							<Size Width="7.518" Height="8.162108" />
							<Brush>
								<SolidBrush Color="#FF000000" />
							</Brush>
							<Tag>convertedFont</Tag>
						</Glyphs>
						<Glyphs OutlineWidth="0.5" CharSpace="0" RenderTransform="0.5968368 0 -0 0.5968368 92.42682 175.32153">
							<Font SizePoints="14" Style="Regular" FamilyName="CSMVMI+BlissPro" Capitals="Normal" ResourceId="2" />
							<Origin X="0" Y="0" />
							<Text>с</Text>
							<Size Width="6.076" Height="8.162108" />
							<Brush>
								<SolidBrush Color="#FF000000" />
							</Brush>
							<Tag>convertedFont</Tag>
						</Glyphs>
						<Glyphs OutlineWidth="0.5" CharSpace="0" RenderTransform="0.5968368 0 -0 0.5968368 96.07312 175.32153">
							<Font SizePoints="14" Style="Regular" FamilyName="CSMVMI+BlissPro" Capitals="Normal" ResourceId="2" />
							<Origin X="0" Y="0" />
							<Text>т</Text>
							<Size Width="6.174" Height="8.162108" />
							<Brush>
								<SolidBrush Color="#FF000000" />
							</Brush>
							<Tag>convertedFont</Tag>
						</Glyphs>
						<Glyphs OutlineWidth="0.5" CharSpace="0" RenderTransform="0.5968368 0 -0 0.5968368 99.7847 175.32153">
							<Font SizePoints="14" Style="Regular" FamilyName="CSMVMI+BlissPro" Capitals="Normal" ResourceId="2" />
							<Origin X="0" Y="0" />
							<Text>к</Text>
							<Size Width="6.496" Height="8.162108" />
							<Brush>
								<SolidBrush Color="#FF000000" />
							</Brush>
							<Tag>convertedFont</Tag>
						</Glyphs>
						<Glyphs OutlineWidth="0.5" CharSpace="0" RenderTransform="0.5968368 0 -0 0.5968368 103.69211 175.32153">
							<Font SizePoints="14" Style="Regular" FamilyName="CSMVMI+BlissPro" Capitals="Normal" ResourceId="2" />
							<Origin X="0" Y="0" />
							<Text>и</Text>
							<Size Width="7.518" Height="8.162108" />
							<Brush>
								<SolidBrush Color="#FF000000" />
							</Brush>
							<Tag>convertedFont</Tag>
						</Glyphs>
						<Glyphs OutlineWidth="0.5" CharSpace="0" RenderTransform="0.5968368 0 -0 0.5968368 252.91064 175.32153">
							<Font SizePoints="14" Style="Regular" FamilyName="CSMVMI+BlissPro" Capitals="Normal" ResourceId="2" />
							<Origin X="0" Y="0" />
							<Text>E</Text>
							<Size Width="6.65" Height="8.162108" />
							<Brush>
								<SolidBrush Color="#FF000000" />
							</Brush>
							<Tag>convertedFont</Tag>
						</Glyphs>
						<Glyphs OutlineWidth="0.5" CharSpace="0" RenderTransform="0.5968368 0 -0 0.5968368 256.91132 175.32153">
							<Font SizePoints="14" Style="Regular" FamilyName="CSMVMI+BlissPro" Capitals="Normal" ResourceId="2" />
							<Origin X="0" Y="0" />
							<Text>U</Text>
							<Size Width="9.254" Height="8.162108" />
							<Brush>
								<SolidBrush Color="#FF000000" />
							</Brush>
							<Tag>convertedFont</Tag>
						</Glyphs>
						<Glyphs OutlineWidth="0.5" CharSpace="0" RenderTransform="0.5968368 0 -0 0.5968368 262.46936 175.32153">
							<Font SizePoints="14" Style="Regular" FamilyName="CSMVMI+BlissPro" Capitals="Normal" ResourceId="2" />
							<Origin X="0" Y="0" />
							<Text>7</Text>
							<Size Width="6.636" Height="8.162108" />
							<Brush>
								<SolidBrush Color="#FF000000" />
							</Brush>
							<Tag>convertedFont</Tag>
						</Glyphs>
						<Glyphs OutlineWidth="0.5" CharSpace="0" RenderTransform="0.5968368 0 -0 0.5968368 57.148167 188.4519">
							<Font SizePoints="14" Style="Regular" FamilyName="CSMVMI+BlissPro" Capitals="Normal" ResourceId="2" />
							<Origin X="0" Y="0" />
							<Text>П</Text>
							<Size Width="9.296" Height="8.162108" />
							<Brush>
								<SolidBrush Color="#FF000000" />
							</Brush>
							<Tag>convertedFont</Tag>
						</Glyphs>
						<Glyphs OutlineWidth="0.5" CharSpace="0" RenderTransform="0.5968368 0 -0 0.5968368 62.734184 188.4519">
							<Font SizePoints="14" Style="Regular" FamilyName="CSMVMI+BlissPro" Capitals="Normal" ResourceId="2" />
							<Origin X="0" Y="0" />
							<Text>о</Text>
							<Size Width="7.364" Height="8.162108" />
							<Brush>
								<SolidBrush Color="#FF000000" />
							</Brush>
							<Tag>convertedFont</Tag>
						</Glyphs>
						<Glyphs OutlineWidth="0.5" CharSpace="0" RenderTransform="0.5968368 0 -0 0.5968368 67.15451 188.4519">
							<Font SizePoints="14" Style="Regular" FamilyName="CSMVMI+BlissPro" Capitals="Normal" ResourceId="2" />
							<Origin X="0" Y="0" />
							<Text>т</Text>
							<Size Width="6.174" Height="8.162108" />
							<Brush>
								<SolidBrush Color="#FF000000" />
							</Brush>
							<Tag>convertedFont</Tag>
						</Glyphs>
						<Glyphs OutlineWidth="0.5" CharSpace="0" RenderTransform="0.5968368 0 -0 0.5968368 70.86609 188.4519">
							<Font SizePoints="14" Style="Regular" FamilyName="CSMVMI+BlissPro" Capitals="Normal" ResourceId="2" />
							<Origin X="0" Y="0" />
							<Text>е</Text>
							<Size Width="6.636" Height="8.162108" />
							<Brush>
								<SolidBrush Color="#FF000000" />
							</Brush>
							<Tag>convertedFont</Tag>
						</Glyphs>
						<Glyphs OutlineWidth="0.5" CharSpace="0" RenderTransform="0.5968368 0 -0 0.5968368 74.85744 188.4519">
							<Font SizePoints="14" Style="Regular" FamilyName="CSMVMI+BlissPro" Capitals="Normal" ResourceId="2" />
							<Origin X="0" Y="0" />
							<Text>р</Text>
							<Size Width="7.14" Height="8.162108" />
							<Brush>
								<SolidBrush Color="#FF000000" />
							</Brush>
							<Tag>convertedFont</Tag>
						</Glyphs>
						<Glyphs OutlineWidth="0.5" CharSpace="0" RenderTransform="0.5968368 0 -0 0.5968368 79.1472 188.4519">
							<Font SizePoints="14" Style="Regular" FamilyName="CSMVMI+BlissPro" Capitals="Normal" ResourceId="2" />
							<Origin X="0" Y="0" />
							<Text>и</Text>
							<Size Width="7.518" Height="8.162108" />
							<Brush>
								<SolidBrush Color="#FF000000" />
							</Brush>
							<Tag>convertedFont</Tag>
						</Glyphs>
						<Glyphs OutlineWidth="0.5" CharSpace="0" RenderTransform="0.5968368 0 -0 0.5968368 83.66078 188.4519">
							<Font SizePoints="14" Style="Regular" FamilyName="CSMVMI+BlissPro" Capitals="Normal" ResourceId="2" />
							<Origin X="0" Y="0" />
							<Text> </Text>
							<Size Width="3.094" Height="8.162108" />
							<Brush>
								<SolidBrush Color="#FF000000" />
							</Brush>
							<Tag>convertedFont</Tag>
						</Glyphs>
						<Glyphs OutlineWidth="0.5" CharSpace="0" RenderTransform="0.5968368 0 -0 0.5968368 85.51657 188.4519">
							<Font SizePoints="14" Style="Regular" FamilyName="CSMVMI+BlissPro" Capitals="Normal" ResourceId="2" />
							<Origin X="0" Y="0" />
							<Text>д</Text>
							<Size Width="7.602" Height="8.162108" />
							<Brush>
								<SolidBrush Color="#FF000000" />
							</Brush>
							<Tag>convertedFont</Tag>
						</Glyphs>
						<Glyphs OutlineWidth="0.5" CharSpace="0" RenderTransform="0.5968368 0 -0 0.5968368 90.0861 188.4519">
							<Font SizePoints="14" Style="Regular" FamilyName="CSMVMI+BlissPro" Capitals="Normal" ResourceId="2" />
							<Origin X="0" Y="0" />
							<Text>а</Text>
							<Size Width="6.608" Height="8.162108" />
							<Brush>
								<SolidBrush Color="#FF000000" />
							</Brush>
							<Tag>convertedFont</Tag>
						</Glyphs>
						<Glyphs OutlineWidth="0.5" CharSpace="0" RenderTransform="0.5968368 0 -0 0.5968368 94.05879 188.4519">
							<Font SizePoints="14" Style="Regular" FamilyName="CSMVMI+BlissPro" Capitals="Normal" ResourceId="2" />
							<Origin X="0" Y="0" />
							<Text>в</Text>
							<Size Width="6.538" Height="8.162108" />
							<Brush>
								<SolidBrush Color="#FF000000" />
							</Brush>
							<Tag>convertedFont</Tag>
						</Glyphs>
						<Glyphs OutlineWidth="0.5" CharSpace="0" RenderTransform="0.5968368 0 -0 0.5968368 97.99419 188.4519">
							<Font SizePoints="14" Style="Regular" FamilyName="CSMVMI+BlissPro" Capitals="Normal" ResourceId="2" />
							<Origin X="0" Y="0" />
							<Text>л</Text>
							<Size Width="7.042" Height="8.162108" />
							<Brush>
								<SolidBrush Color="#FF000000" />
							</Brush>
							<Tag>convertedFont</Tag>
						</Glyphs>
						<Glyphs OutlineWidth="0.5" CharSpace="0" RenderTransform="0.5968368 0 -0 0.5968368 102.228 188.4519">
							<Font SizePoints="14" Style="Regular" FamilyName="CSMVMI+BlissPro" Capitals="Normal" ResourceId="2" />
							<Origin X="0" Y="0" />
							<Text>е</Text>
							<Size Width="6.636" Height="8.162108" />
							<Brush>
								<SolidBrush Color="#FF000000" />
							</Brush>
							<Tag>convertedFont</Tag>
						</Glyphs>
						<Glyphs OutlineWidth="0.5" CharSpace="0" RenderTransform="0.5968368 0 -0 0.5968368 106.219345 188.4519">
							<Font SizePoints="14" Style="Regular" FamilyName="CSMVMI+BlissPro" Capitals="Normal" ResourceId="2" />
							<Origin X="0" Y="0" />
							<Text>н</Text>
							<Size Width="7.266" Height="8.162108" />
							<Brush>
								<SolidBrush Color="#FF000000" />
							</Brush>
							<Tag>convertedFont</Tag>
						</Glyphs>
						<Glyphs OutlineWidth="0.5" CharSpace="0" RenderTransform="0.5968368 0 -0 0.5968368 110.58371 188.4519">
							<Font SizePoints="14" Style="Regular" FamilyName="CSMVMI+BlissPro" Capitals="Normal" ResourceId="2" />
							<Origin X="0" Y="0" />
							<Text>и</Text>
							<Size Width="7.518" Height="8.162108" />
							<Brush>
								<SolidBrush Color="#FF000000" />
							</Brush>
							<Tag>convertedFont</Tag>
						</Glyphs>
						<Glyphs OutlineWidth="0.5" CharSpace="0" RenderTransform="0.5968368 0 -0 0.5968368 115.09729 188.4519">
							<Font SizePoints="14" Style="Regular" FamilyName="CSMVMI+BlissPro" Capitals="Normal" ResourceId="2" />
							<Origin X="0" Y="0" />
							<Text>я</Text>
							<Size Width="6.678" Height="8.162108" />
							<Brush>
								<SolidBrush Color="#FF000000" />
							</Brush>
							<Tag>convertedFont</Tag>
						</Glyphs>
						<Glyphs OutlineWidth="0.5" CharSpace="0" RenderTransform="0.5968368 0 -0 0.5968368 119.107285 188.4519">
							<Font SizePoints="14" Style="Regular" FamilyName="CSMVMI+BlissPro" Capitals="Normal" ResourceId="2" />
							<Origin X="0" Y="0" />
							<Text> </Text>
							<Size Width="3.094" Height="8.162108" />
							<Brush>
								<SolidBrush Color="#FF000000" />
							</Brush>
							<Tag>convertedFont</Tag>
						</Glyphs>
						<Glyphs OutlineWidth="0.5" CharSpace="0" RenderTransform="0.5968368 0 -0 0.5968368 120.96307 188.4519">
							<Font SizePoints="14" Style="Regular" FamilyName="CSMVMI+BlissPro" Capitals="Normal" ResourceId="2" />
							<Origin X="0" Y="0" />
							<Text>п</Text>
							<Size Width="7.182" Height="8.162108" />
							<Brush>
								<SolidBrush Color="#FF000000" />
							</Brush>
							<Tag>convertedFont</Tag>
						</Glyphs>
						<Glyphs OutlineWidth="0.5" CharSpace="0" RenderTransform="0.5968368 0 -0 0.5968368 125.280815 188.4519">
							<Font SizePoints="14" Style="Regular" FamilyName="CSMVMI+BlissPro" Capitals="Normal" ResourceId="2" />
							<Origin X="0" Y="0" />
							<Text>о</Text>
							<Size Width="7.364" Height="8.162108" />
							<Brush>
								<SolidBrush Color="#FF000000" />
							</Brush>
							<Tag>convertedFont</Tag>
						</Glyphs>
						<Glyphs OutlineWidth="0.5" CharSpace="0" RenderTransform="0.5968368 0 -0 0.5968368 129.70114 188.4519">
							<Font SizePoints="14" Style="Regular" FamilyName="CSMVMI+BlissPro" Capitals="Normal" ResourceId="2" />
							<Origin X="0" Y="0" />
							<Text> </Text>
							<Size Width="3.094" Height="8.162108" />
							<Brush>
								<SolidBrush Color="#FF000000" />
							</Brush>
							<Tag>convertedFont</Tag>
						</Glyphs>
						<Glyphs OutlineWidth="0.5" CharSpace="0" RenderTransform="0.5968368 0 -0 0.5968368 131.55693 188.4519">
							<Font SizePoints="14" Style="Regular" FamilyName="CSMVMI+BlissPro" Capitals="Normal" ResourceId="2" />
							<Origin X="0" Y="0" />
							<Text>в</Text>
							<Size Width="6.538" Height="8.162108" />
							<Brush>
								<SolidBrush Color="#FF000000" />
							</Brush>
							<Tag>convertedFont</Tag>
						</Glyphs>
						<Glyphs OutlineWidth="0.5" CharSpace="0" RenderTransform="0.5968368 0 -0 0.5968368 135.49232 188.4519">
							<Font SizePoints="14" Style="Regular" FamilyName="CSMVMI+BlissPro" Capitals="Normal" ResourceId="2" />
							<Origin X="0" Y="0" />
							<Text>о</Text>
							<Size Width="7.364" Height="8.162108" />
							<Brush>
								<SolidBrush Color="#FF000000" />
							</Brush>
							<Tag>convertedFont</Tag>
						</Glyphs>
						<Glyphs OutlineWidth="0.5" CharSpace="0" RenderTransform="0.5968368 0 -0 0.5968368 139.91264 188.4519">
							<Font SizePoints="14" Style="Regular" FamilyName="CSMVMI+BlissPro" Capitals="Normal" ResourceId="2" />
							<Origin X="0" Y="0" />
							<Text>з</Text>
							<Size Width="5.894" Height="8.162108" />
							<Brush>
								<SolidBrush Color="#FF000000" />
							</Brush>
							<Tag>convertedFont</Tag>
						</Glyphs>
						<Glyphs OutlineWidth="0.5" CharSpace="0" RenderTransform="0.5968368 0 -0 0.5968368 143.45636 188.4519">
							<Font SizePoints="14" Style="Regular" FamilyName="CSMVMI+BlissPro" Capitals="Normal" ResourceId="2" />
							<Origin X="0" Y="0" />
							<Text>д</Text>
							<Size Width="7.602" Height="8.162108" />
							<Brush>
								<SolidBrush Color="#FF000000" />
							</Brush>
							<Tag>convertedFont</Tag>
						</Glyphs>
						<Glyphs OutlineWidth="0.5" CharSpace="0" RenderTransform="0.5968368 0 -0 0.5968368 148.0259 188.4519">
							<Font SizePoints="14" Style="Regular" FamilyName="CSMVMI+BlissPro" Capitals="Normal" ResourceId="2" />
							<Origin X="0" Y="0" />
							<Text>у</Text>
							<Size Width="6.776" Height="8.162108" />
							<Brush>
								<SolidBrush Color="#FF000000" />
							</Brush>
							<Tag>convertedFont</Tag>
						</Glyphs>
						<Glyphs OutlineWidth="0.5" CharSpace="0" RenderTransform="0.5968368 0 -0 0.5968368 152.10117 188.4519">
							<Font SizePoints="14" Style="Regular" FamilyName="CSMVMI+BlissPro" Capitals="Normal" ResourceId="2" />
							<Origin X="0" Y="0" />
							<Text>х</Text>
							<Size Width="6.454" Height="8.162108" />
							<Brush>
								<SolidBrush Color="#FF000000" />
							</Brush>
							<Tag>convertedFont</Tag>
						</Glyphs>
						<Glyphs OutlineWidth="0.5" CharSpace="0" RenderTransform="0.5968368 0 -0 0.5968368 155.98062 188.4519">
							<Font SizePoints="14" Style="Regular" FamilyName="CSMVMI+BlissPro" Capitals="Normal" ResourceId="2" />
							<Origin X="0" Y="0" />
							<Text>у</Text>
							<Size Width="6.776" Height="8.162108" />
							<Brush>
								<SolidBrush Color="#FF000000" />
							</Brush>
							<Tag>convertedFont</Tag>
						</Glyphs>
						<Glyphs OutlineWidth="0.5" CharSpace="0" RenderTransform="0.5968368 0 -0 0.5968368 160.0559 188.4519">
							<Font SizePoints="14" Style="Regular" FamilyName="CSMVMI+BlissPro" Capitals="Normal" ResourceId="2" />
							<Origin X="0" Y="0" />
							<Text> </Text>
							<Size Width="3.094" Height="8.162108" />
							<Brush>
								<SolidBrush Color="#FF000000" />
							</Brush>
							<Tag>convertedFont</Tag>
						</Glyphs>
						<Glyphs OutlineWidth="0.5" CharSpace="0" RenderTransform="0.5968368 0 -0 0.5968368 161.91168 188.4519">
							<Font SizePoints="14" Style="Regular" FamilyName="CSMVMI+BlissPro" Capitals="Normal" ResourceId="2" />
							<Origin X="0" Y="0" />
							<Text>(</Text>
							<Size Width="4.508" Height="8.162108" />
							<Brush>
								<SolidBrush Color="#FF000000" />
							</Brush>
							<Tag>convertedFont</Tag>
						</Glyphs>
						<Glyphs OutlineWidth="0.5" CharSpace="0" RenderTransform="0.5968368 0 -0 0.5968368 164.61609 188.4519">
							<Font SizePoints="14" Style="Regular" FamilyName="CSMVMI+BlissPro" Capitals="Normal" ResourceId="2" />
							<Origin X="0" Y="0" />
							<Text>П</Text>
							<Size Width="9.296" Height="8.162108" />
							<Brush>
								<SolidBrush Color="#FF000000" />
							</Brush>
							<Tag>convertedFont</Tag>
						</Glyphs>
						<Glyphs OutlineWidth="0.5" CharSpace="0" RenderTransform="0.5968368 0 -0 0.5968368 170.20212 188.4519">
							<Font SizePoints="14" Style="Regular" FamilyName="CSMVMI+BlissPro" Capitals="Normal" ResourceId="2" />
							<Origin X="0" Y="0" />
							<Text>а</Text>
							<Size Width="6.608" Height="8.162108" />
							<Brush>
								<SolidBrush Color="#FF000000" />
							</Brush>
							<Tag>convertedFont</Tag>
						</Glyphs>
						<Glyphs OutlineWidth="0.5" CharSpace="0" RenderTransform="0.5968368 0 -0 0.5968368 174.1748 188.4519">
							<Font SizePoints="14" Style="Regular" FamilyName="CSMVMI+BlissPro" Capitals="Normal" ResourceId="2" />
							<Origin X="0" Y="0" />
							<Text>)</Text>
							<Size Width="4.508" Height="8.162108" />
							<Brush>
								<SolidBrush Color="#FF000000" />
							</Brush>
							<Tag>convertedFont</Tag>
						</Glyphs>
						<Glyphs OutlineWidth="0.5" CharSpace="0" RenderTransform="0.5968368 0 -0 0.5968368 252.91064 188.4519">
							<Font SizePoints="14" Style="Regular" FamilyName="CSMVMI+BlissPro" Capitals="Normal" ResourceId="2" />
							<Origin X="0" Y="0" />
							<Text>1</Text>
							<Size Width="5.852" Height="8.162108" />
							<Brush>
								<SolidBrush Color="#FF000000" />
							</Brush>
							<Tag>convertedFont</Tag>
						</Glyphs>
						<Glyphs OutlineWidth="0.5" CharSpace="0" RenderTransform="0.5968368 0 -0 0.5968368 256.4264 188.4519">
							<Font SizePoints="14" Style="Regular" FamilyName="CSMVMI+BlissPro" Capitals="Normal" ResourceId="2" />
							<Origin X="0" Y="0" />
							<Text>0</Text>
							<Size Width="7.756" Height="8.162108" />
							<Brush>
								<SolidBrush Color="#FF000000" />
							</Brush>
							<Tag>convertedFont</Tag>
						</Glyphs>
						<Glyphs OutlineWidth="0.5" CharSpace="0" RenderTransform="0.5968368 0 -0 0.5968368 261.07983 188.4519">
							<Font SizePoints="14" Style="Regular" FamilyName="CSMVMI+BlissPro" Capitals="Normal" ResourceId="2" />
							<Origin X="0" Y="0" />
							<Text>8</Text>
							<Size Width="7.742" Height="8.162108" />
							<Brush>
								<SolidBrush Color="#FF000000" />
							</Brush>
							<Tag>convertedFont</Tag>
						</Glyphs>
						<Glyphs OutlineWidth="0.5" CharSpace="0" RenderTransform="0.5968368 0 -0 0.5968368 265.7333 188.4519">
							<Font SizePoints="14" Style="Regular" FamilyName="CSMVMI+BlissPro" Capitals="Normal" ResourceId="2" />
							<Origin X="0" Y="0" />
							<Text>.</Text>
							<Size Width="3.276" Height="8.162108" />
							<Brush>
								<SolidBrush Color="#FF000000" />
							</Brush>
							<Tag>convertedFont</Tag>
						</Glyphs>
						<Glyphs OutlineWidth="0.5" CharSpace="0" RenderTransform="0.5968368 0 -0 0.5968368 267.701 188.4519">
							<Font SizePoints="14" Style="Regular" FamilyName="CSMVMI+BlissPro" Capitals="Normal" ResourceId="2" />
							<Origin X="0" Y="0" />
							<Text>4</Text>
							<Size Width="7.784" Height="8.162108" />
							<Brush>
								<SolidBrush Color="#FF000000" />
							</Brush>
							<Tag>convertedFont</Tag>
						</Glyphs>
						<Glyphs OutlineWidth="0.5" CharSpace="0" RenderTransform="0.5968368 0 -0 0.5968368 57.148167 201.58228">
							<Font SizePoints="14" Style="Regular" FamilyName="CSMVMI+BlissPro" Capitals="Normal" ResourceId="2" />
							<Origin X="0" Y="0" />
							<Text>С</Text>
							<Size Width="8.4" Height="8.162108" />
							<Brush>
								<SolidBrush Color="#FF000000" />
							</Brush>
							<Tag>convertedFont</Tag>
						</Glyphs>
						<Glyphs OutlineWidth="0.5" CharSpace="0" RenderTransform="0.5968368 0 -0 0.5968368 62.20263 201.58228">
							<Font SizePoints="14" Style="Regular" FamilyName="CSMVMI+BlissPro" Capitals="Normal" ResourceId="2" />
							<Origin X="0" Y="0" />
							<Text>к</Text>
							<Size Width="6.496" Height="8.162108" />
							<Brush>
								<SolidBrush Color="#FF000000" />
							</Brush>
							<Tag>convertedFont</Tag>
						</Glyphs>
						<Glyphs OutlineWidth="0.5" CharSpace="0" RenderTransform="0.5968368 0 -0 0.5968368 66.11005 201.58228">
							<Font SizePoints="14" Style="Regular" FamilyName="CSMVMI+BlissPro" Capitals="Normal" ResourceId="2" />
							<Origin X="0" Y="0" />
							<Text>о</Text>
							<Size Width="7.364" Height="8.162108" />
							<Brush>
								<SolidBrush Color="#FF000000" />
							</Brush>
							<Tag>convertedFont</Tag>
						</Glyphs>
						<Glyphs OutlineWidth="0.5" CharSpace="0" RenderTransform="0.5968368 0 -0 0.5968368 70.530365 201.58228">
							<Font SizePoints="14" Style="Regular" FamilyName="CSMVMI+BlissPro" Capitals="Normal" ResourceId="2" />
							<Origin X="0" Y="0" />
							<Text>р</Text>
							<Size Width="7.14" Height="8.162108" />
							<Brush>
								<SolidBrush Color="#FF000000" />
							</Brush>
							<Tag>convertedFont</Tag>
						</Glyphs>
						<Glyphs OutlineWidth="0.5" CharSpace="0" RenderTransform="0.5968368 0 -0 0.5968368 74.82013 201.58228">
							<Font SizePoints="14" Style="Regular" FamilyName="CSMVMI+BlissPro" Capitals="Normal" ResourceId="2" />
							<Origin X="0" Y="0" />
							<Text>о</Text>
							<Size Width="7.364" Height="8.162108" />
							<Brush>
								<SolidBrush Color="#FF000000" />
							</Brush>
							<Tag>convertedFont</Tag>
						</Glyphs>
						<Glyphs OutlineWidth="0.5" CharSpace="0" RenderTransform="0.5968368 0 -0 0.5968368 79.240456 201.58228">
							<Font SizePoints="14" Style="Regular" FamilyName="CSMVMI+BlissPro" Capitals="Normal" ResourceId="2" />
							<Origin X="0" Y="0" />
							<Text>с</Text>
							<Size Width="6.076" Height="8.162108" />
							<Brush>
								<SolidBrush Color="#FF000000" />
							</Brush>
							<Tag>convertedFont</Tag>
						</Glyphs>
						<Glyphs OutlineWidth="0.5" CharSpace="0" RenderTransform="0.5968368 0 -0 0.5968368 82.88675 201.58228">
							<Font SizePoints="14" Style="Regular" FamilyName="CSMVMI+BlissPro" Capitals="Normal" ResourceId="2" />
							<Origin X="0" Y="0" />
							<Text>т</Text>
							<Size Width="6.174" Height="8.162108" />
							<Brush>
								<SolidBrush Color="#FF000000" />
							</Brush>
							<Tag>convertedFont</Tag>
						</Glyphs>
						<Glyphs OutlineWidth="0.5" CharSpace="0" RenderTransform="0.5968368 0 -0 0.5968368 86.59833 201.58228">
							<Font SizePoints="14" Style="Regular" FamilyName="CSMVMI+BlissPro" Capitals="Normal" ResourceId="2" />
							<Origin X="0" Y="0" />
							<Text>ь</Text>
							<Size Width="6.454" Height="8.162108" />
							<Brush>
								<SolidBrush Color="#FF000000" />
							</Brush>
							<Tag>convertedFont</Tag>
						</Glyphs>
						<Glyphs OutlineWidth="0.5" CharSpace="0" RenderTransform="0.5968368 0 -0 0.5968368 90.47777 201.58228">
							<Font SizePoints="14" Style="Regular" FamilyName="CSMVMI+BlissPro" Capitals="Normal" ResourceId="2" />
							<Origin X="0" Y="0" />
							<Text> </Text>
							<Size Width="3.094" Height="8.162108" />
							<Brush>
								<SolidBrush Color="#FF000000" />
							</Brush>
							<Tag>convertedFont</Tag>
						</Glyphs>
						<Glyphs OutlineWidth="0.5" CharSpace="0" RenderTransform="0.5968368 0 -0 0.5968368 92.33356 201.58228">
							<Font SizePoints="14" Style="Regular" FamilyName="CSMVMI+BlissPro" Capitals="Normal" ResourceId="2" />
							<Origin X="0" Y="0" />
							<Text>в</Text>
							<Size Width="6.538" Height="8.162108" />
							<Brush>
								<SolidBrush Color="#FF000000" />
							</Brush>
							<Tag>convertedFont</Tag>
						</Glyphs>
						<Glyphs OutlineWidth="0.5" CharSpace="0" RenderTransform="0.5968368 0 -0 0.5968368 96.26895 201.58228">
							<Font SizePoints="14" Style="Regular" FamilyName="CSMVMI+BlissPro" Capitals="Normal" ResourceId="2" />
							<Origin X="0" Y="0" />
							<Text> </Text>
							<Size Width="3.094" Height="8.162108" />
							<Brush>
								<SolidBrush Color="#FF000000" />
							</Brush>
							<Tag>convertedFont</Tag>
						</Glyphs>
						<Glyphs OutlineWidth="0.5" CharSpace="0" RenderTransform="0.5968368 0 -0 0.5968368 98.12474 201.58228">
							<Font SizePoints="14" Style="Regular" FamilyName="CSMVMI+BlissPro" Capitals="Normal" ResourceId="2" />
							<Origin X="0" Y="0" />
							<Text>с</Text>
							<Size Width="6.076" Height="8.162108" />
							<Brush>
								<SolidBrush Color="#FF000000" />
							</Brush>
							<Tag>convertedFont</Tag>
						</Glyphs>
						<Glyphs OutlineWidth="0.5" CharSpace="0" RenderTransform="0.5968368 0 -0 0.5968368 101.77104 201.58228">
							<Font SizePoints="14" Style="Regular" FamilyName="CSMVMI+BlissPro" Capitals="Normal" ResourceId="2" />
							<Origin X="0" Y="0" />
							<Text>е</Text>
							<Size Width="6.636" Height="8.162108" />
							<Brush>
								<SolidBrush Color="#FF000000" />
							</Brush>
							<Tag>convertedFont</Tag>
						</Glyphs>
						<Glyphs OutlineWidth="0.5" CharSpace="0" RenderTransform="0.5968368 0 -0 0.5968368 105.76239 201.58228">
							<Font SizePoints="14" Style="Regular" FamilyName="CSMVMI+BlissPro" Capitals="Normal" ResourceId="2" />
							<Origin X="0" Y="0" />
							<Text>ч</Text>
							<Size Width="6.776" Height="8.162108" />
							<Brush>
								<SolidBrush Color="#FF000000" />
							</Brush>
							<Tag>convertedFont</Tag>
						</Glyphs>
						<Glyphs OutlineWidth="0.5" CharSpace="0" RenderTransform="0.5968368 0 -0 0.5968368 109.83767 201.58228">
							<Font SizePoints="14" Style="Regular" FamilyName="CSMVMI+BlissPro" Capitals="Normal" ResourceId="2" />
							<Origin X="0" Y="0" />
							<Text>е</Text>
							<Size Width="6.636" Height="8.162108" />
							<Brush>
								<SolidBrush Color="#FF000000" />
							</Brush>
							<Tag>convertedFont</Tag>
						</Glyphs>
						<Glyphs OutlineWidth="0.5" CharSpace="0" RenderTransform="0.5968368 0 -0 0.5968368 113.82901 201.58228">
							<Font SizePoints="14" Style="Regular" FamilyName="CSMVMI+BlissPro" Capitals="Normal" ResourceId="2" />
							<Origin X="0" Y="0" />
							<Text>н</Text>
							<Size Width="7.266" Height="8.162108" />
							<Brush>
								<SolidBrush Color="#FF000000" />
							</Brush>
							<Tag>convertedFont</Tag>
						</Glyphs>
						<Glyphs OutlineWidth="0.5" CharSpace="0" RenderTransform="0.5968368 0 -0 0.5968368 118.19338 201.58228">
							<Font SizePoints="14" Style="Regular" FamilyName="CSMVMI+BlissPro" Capitals="Normal" ResourceId="2" />
							<Origin X="0" Y="0" />
							<Text>и</Text>
							<Size Width="7.518" Height="8.162108" />
							<Brush>
								<SolidBrush Color="#FF000000" />
							</Brush>
							<Tag>convertedFont</Tag>
						</Glyphs>
						<Glyphs OutlineWidth="0.5" CharSpace="0" RenderTransform="0.5968368 0 -0 0.5968368 122.70696 201.58228">
							<Font SizePoints="14" Style="Regular" FamilyName="CSMVMI+BlissPro" Capitals="Normal" ResourceId="2" />
							<Origin X="0" Y="0" />
							<Text>и</Text>
							<Size Width="7.518" Height="8.162108" />
							<Brush>
								<SolidBrush Color="#FF000000" />
							</Brush>
							<Tag>convertedFont</Tag>
						</Glyphs>
						<Glyphs OutlineWidth="0.5" CharSpace="0" RenderTransform="0.5968368 0 -0 0.5968368 127.220535 201.58228">
							<Font SizePoints="14" Style="Regular" FamilyName="CSMVMI+BlissPro" Capitals="Normal" ResourceId="2" />
							<Origin X="0" Y="0" />
							<Text> </Text>
							<Size Width="3.094" Height="8.162108" />
							<Brush>
								<SolidBrush Color="#FF000000" />
							</Brush>
							<Tag>convertedFont</Tag>
						</Glyphs>
						<Glyphs OutlineWidth="0.5" CharSpace="0" RenderTransform="0.5968368 0 -0 0.5968368 129.07632 201.58228">
							<Font SizePoints="14" Style="Regular" FamilyName="CSMVMI+BlissPro" Capitals="Normal" ResourceId="2" />
							<Origin X="0" Y="0" />
							<Text>ф</Text>
							<Size Width="9.044" Height="8.162108" />
							<Brush>
								<SolidBrush Color="#FF000000" />
							</Brush>
							<Tag>convertedFont</Tag>
						</Glyphs>
						<Glyphs OutlineWidth="0.5" CharSpace="0" RenderTransform="0.5968368 0 -0 0.5968368 134.51314 201.58228">
							<Font SizePoints="14" Style="Regular" FamilyName="CSMVMI+BlissPro" Capitals="Normal" ResourceId="2" />
							<Origin X="0" Y="0" />
							<Text>и</Text>
							<Size Width="7.518" Height="8.162108" />
							<Brush>
								<SolidBrush Color="#FF000000" />
							</Brush>
							<Tag>convertedFont</Tag>
						</Glyphs>
						<Glyphs OutlineWidth="0.5" CharSpace="0" RenderTransform="0.5968368 0 -0 0.5968368 139.02672 201.58228">
							<Font SizePoints="14" Style="Regular" FamilyName="CSMVMI+BlissPro" Capitals="Normal" ResourceId="2" />
							<Origin X="0" Y="0" />
							<Text>л</Text>
							<Size Width="7.042" Height="8.162108" />
							<Brush>
								<SolidBrush Color="#FF000000" />
							</Brush>
							<Tag>convertedFont</Tag>
						</Glyphs>
						<Glyphs OutlineWidth="0.5" CharSpace="0" RenderTransform="0.5968368 0 -0 0.5968368 143.26053 201.58228">
							<Font SizePoints="14" Style="Regular" FamilyName="CSMVMI+BlissPro" Capitals="Normal" ResourceId="2" />
							<Origin X="0" Y="0" />
							<Text>ь</Text>
							<Size Width="6.454" Height="8.162108" />
							<Brush>
								<SolidBrush Color="#FF000000" />
							</Brush>
							<Tag>convertedFont</Tag>
						</Glyphs>
						<Glyphs OutlineWidth="0.5" CharSpace="0" RenderTransform="0.5968368 0 -0 0.5968368 147.13997 201.58228">
							<Font SizePoints="14" Style="Regular" FamilyName="CSMVMI+BlissPro" Capitals="Normal" ResourceId="2" />
							<Origin X="0" Y="0" />
							<Text>т</Text>
							<Size Width="6.174" Height="8.162108" />
							<Brush>
								<SolidBrush Color="#FF000000" />
							</Brush>
							<Tag>convertedFont</Tag>
						</Glyphs>
						<Glyphs OutlineWidth="0.5" CharSpace="0" RenderTransform="0.5968368 0 -0 0.5968368 150.85155 201.58228">
							<Font SizePoints="14" Style="Regular" FamilyName="CSMVMI+BlissPro" Capitals="Normal" ResourceId="2" />
							<Origin X="0" Y="0" />
							<Text>р</Text>
							<Size Width="7.14" Height="8.162108" />
							<Brush>
								<SolidBrush Color="#FF000000" />
							</Brush>
							<Tag>convertedFont</Tag>
						</Glyphs>
						<Glyphs OutlineWidth="0.5" CharSpace="0" RenderTransform="0.5968368 0 -0 0.5968368 155.14131 201.58228">
							<Font SizePoints="14" Style="Regular" FamilyName="CSMVMI+BlissPro" Capitals="Normal" ResourceId="2" />
							<Origin X="0" Y="0" />
							<Text>а</Text>
							<Size Width="6.608" Height="8.162108" />
							<Brush>
								<SolidBrush Color="#FF000000" />
							</Brush>
							<Tag>convertedFont</Tag>
						</Glyphs>
						<Glyphs OutlineWidth="0.5" CharSpace="0" RenderTransform="0.5968368 0 -0 0.5968368 159.114 201.58228">
							<Font SizePoints="14" Style="Regular" FamilyName="CSMVMI+BlissPro" Capitals="Normal" ResourceId="2" />
							<Origin X="0" Y="0" />
							<Text> </Text>
							<Size Width="3.094" Height="8.162108" />
							<Brush>
								<SolidBrush Color="#FF000000" />
							</Brush>
							<Tag>convertedFont</Tag>
						</Glyphs>
						<Glyphs OutlineWidth="0.5" CharSpace="0" RenderTransform="0.5968368 0 -0 0.5968368 160.96979 201.58228">
							<Font SizePoints="14" Style="Regular" FamilyName="CSMVMI+BlissPro" Capitals="Normal" ResourceId="2" />
							<Origin X="0" Y="0" />
							<Text>(</Text>
							<Size Width="4.508" Height="8.162108" />
							<Brush>
								<SolidBrush Color="#FF000000" />
							</Brush>
							<Tag>convertedFont</Tag>
						</Glyphs>
						<Glyphs OutlineWidth="0.5" CharSpace="0" RenderTransform="0.5968368 0 -0 0.5968368 163.67421 201.58228">
							<Font SizePoints="14" Style="Regular" FamilyName="CSMVMI+BlissPro" Capitals="Normal" ResourceId="2" />
							<Origin X="0" Y="0" />
							<Text>м</Text>
							<Size Width="8.372" Height="8.162108" />
							<Brush>
								<SolidBrush Color="#FF000000" />
							</Brush>
							<Tag>convertedFont</Tag>
						</Glyphs>
						<Glyphs OutlineWidth="0.5" CharSpace="0" RenderTransform="0.5968368 0 -0 0.5968368 168.71002 201.58228">
							<Font SizePoints="14" Style="Regular" FamilyName="CSMVMI+BlissPro" Capitals="Normal" ResourceId="2" />
							<Origin X="0" Y="0" />
							<Text>/</Text>
							<Size Width="5.096" Height="8.162108" />
							<Brush>
								<SolidBrush Color="#FF000000" />
							</Brush>
							<Tag>convertedFont</Tag>
						</Glyphs>
						<Glyphs OutlineWidth="0.5" CharSpace="0" RenderTransform="0.5968368 0 -0 0.5968368 171.76881 201.58228">
							<Font SizePoints="14" Style="Regular" FamilyName="CSMVMI+BlissPro" Capitals="Normal" ResourceId="2" />
							<Origin X="0" Y="0" />
							<Text>с</Text>
							<Size Width="6.076" Height="8.162108" />
							<Brush>
								<SolidBrush Color="#FF000000" />
							</Brush>
							<Tag>convertedFont</Tag>
						</Glyphs>
						<Glyphs OutlineWidth="0.5" CharSpace="0" RenderTransform="0.5968368 0 -0 0.5968368 175.41512 201.58228">
							<Font SizePoints="14" Style="Regular" FamilyName="CSMVMI+BlissPro" Capitals="Normal" ResourceId="2" />
							<Origin X="0" Y="0" />
							<Text>)</Text>
							<Size Width="4.508" Height="8.162108" />
							<Brush>
								<SolidBrush Color="#FF000000" />
							</Brush>
							<Tag>convertedFont</Tag>
						</Glyphs>
						<Glyphs OutlineWidth="0.5" CharSpace="0" RenderTransform="0.5968368 0 -0 0.5968368 252.91064 201.58228">
							<Font SizePoints="14" Style="Regular" FamilyName="CSMVMI+BlissPro" Capitals="Normal" ResourceId="2" />
							<Origin X="0" Y="0" />
							<Text>2</Text>
							<Size Width="7.154" Height="8.162108" />
							<Brush>
								<SolidBrush Color="#FF000000" />
							</Brush>
							<Tag>convertedFont</Tag>
						</Glyphs>
						<Glyphs OutlineWidth="0.5" CharSpace="0" RenderTransform="0.5968368 0 -0 0.5968368 57.148167 214.71289">
							<Font SizePoints="14" Style="Regular" FamilyName="CSMVMI+BlissPro" Capitals="Normal" ResourceId="2" />
							<Origin X="0" Y="0" />
							<Text>С</Text>
							<Size Width="8.4" Height="8.162108" />
							<Brush>
								<SolidBrush Color="#FF000000" />
							</Brush>
							<Tag>convertedFont</Tag>
						</Glyphs>
						<Glyphs OutlineWidth="0.5" CharSpace="0" RenderTransform="0.5968368 0 -0 0.5968368 62.20263 214.71289">
							<Font SizePoints="14" Style="Regular" FamilyName="CSMVMI+BlissPro" Capitals="Normal" ResourceId="2" />
							<Origin X="0" Y="0" />
							<Text>т</Text>
							<Size Width="6.174" Height="8.162108" />
							<Brush>
								<SolidBrush Color="#FF000000" />
							</Brush>
							<Tag>convertedFont</Tag>
						</Glyphs>
						<Glyphs OutlineWidth="0.5" CharSpace="0" RenderTransform="0.5968368 0 -0 0.5968368 65.91421 214.71289">
							<Font SizePoints="14" Style="Regular" FamilyName="CSMVMI+BlissPro" Capitals="Normal" ResourceId="2" />
							<Origin X="0" Y="0" />
							<Text>е</Text>
							<Size Width="6.636" Height="8.162108" />
							<Brush>
								<SolidBrush Color="#FF000000" />
							</Brush>
							<Tag>convertedFont</Tag>
						</Glyphs>
						<Glyphs OutlineWidth="0.5" CharSpace="0" RenderTransform="0.5968368 0 -0 0.5968368 69.90555 214.71289">
							<Font SizePoints="14" Style="Regular" FamilyName="CSMVMI+BlissPro" Capitals="Normal" ResourceId="2" />
							<Origin X="0" Y="0" />
							<Text>п</Text>
							<Size Width="7.182" Height="8.162108" />
							<Brush>
								<SolidBrush Color="#FF000000" />
							</Brush>
							<Tag>convertedFont</Tag>
						</Glyphs>
						<Glyphs OutlineWidth="0.5" CharSpace="0" RenderTransform="0.5968368 0 -0 0.5968368 74.2233 214.71289">
							<Font SizePoints="14" Style="Regular" FamilyName="CSMVMI+BlissPro" Capitals="Normal" ResourceId="2" />
							<Origin X="0" Y="0" />
							<Text>е</Text>
							<Size Width="6.636" Height="8.162108" />
							<Brush>
								<SolidBrush Color="#FF000000" />
							</Brush>
							<Tag>convertedFont</Tag>
						</Glyphs>
						<Glyphs OutlineWidth="0.5" CharSpace="0" RenderTransform="0.5968368 0 -0 0.5968368 78.214645 214.71289">
							<Font SizePoints="14" Style="Regular" FamilyName="CSMVMI+BlissPro" Capitals="Normal" ResourceId="2" />
							<Origin X="0" Y="0" />
							<Text>н</Text>
							<Size Width="7.266" Height="8.162108" />
							<Brush>
								<SolidBrush Color="#FF000000" />
							</Brush>
							<Tag>convertedFont</Tag>
						</Glyphs>
						<Glyphs OutlineWidth="0.5" CharSpace="0" RenderTransform="0.5968368 0 -0 0.5968368 82.57901 214.71289">
							<Font SizePoints="14" Style="Regular" FamilyName="CSMVMI+BlissPro" Capitals="Normal" ResourceId="2" />
							<Origin X="0" Y="0" />
							<Text>ь</Text>
							<Size Width="6.454" Height="8.162108" />
							<Brush>
								<SolidBrush Color="#FF000000" />
							</Brush>
							<Tag>convertedFont</Tag>
						</Glyphs>
						<Glyphs OutlineWidth="0.5" CharSpace="0" RenderTransform="0.5968368 0 -0 0.5968368 86.45845 214.71289">
							<Font SizePoints="14" Style="Regular" FamilyName="CSMVMI+BlissPro" Capitals="Normal" ResourceId="2" />
							<Origin X="0" Y="0" />
							<Text> </Text>
							<Size Width="3.094" Height="8.162108" />
							<Brush>
								<SolidBrush Color="#FF000000" />
							</Brush>
							<Tag>convertedFont</Tag>
						</Glyphs>
						<Glyphs OutlineWidth="0.5" CharSpace="0" RenderTransform="0.5968368 0 -0 0.5968368 88.31424 214.71289">
							<Font SizePoints="14" Style="Regular" FamilyName="CSMVMI+BlissPro" Capitals="Normal" ResourceId="2" />
							<Origin X="0" Y="0" />
							<Text>з</Text>
							<Size Width="5.894" Height="8.162108" />
							<Brush>
								<SolidBrush Color="#FF000000" />
							</Brush>
							<Tag>convertedFont</Tag>
						</Glyphs>
						<Glyphs OutlineWidth="0.5" CharSpace="0" RenderTransform="0.5968368 0 -0 0.5968368 91.857956 214.71289">
							<Font SizePoints="14" Style="Regular" FamilyName="CSMVMI+BlissPro" Capitals="Normal" ResourceId="2" />
							<Origin X="0" Y="0" />
							<Text>а</Text>
							<Size Width="6.608" Height="8.162108" />
							<Brush>
								<SolidBrush Color="#FF000000" />
							</Brush>
							<Tag>convertedFont</Tag>
						</Glyphs>
						<Glyphs OutlineWidth="0.5" CharSpace="0" RenderTransform="0.5968368 0 -0 0.5968368 95.83065 214.71289">
							<Font SizePoints="14" Style="Regular" FamilyName="CSMVMI+BlissPro" Capitals="Normal" ResourceId="2" />
							<Origin X="0" Y="0" />
							<Text>г</Text>
							<Size Width="5.544" Height="8.162108" />
							<Brush>
								<SolidBrush Color="#FF000000" />
							</Brush>
							<Tag>convertedFont</Tag>
						</Glyphs>
						<Glyphs OutlineWidth="0.5" CharSpace="0" RenderTransform="0.5968368 0 -0 0.5968368 99.15988 214.71289">
							<Font SizePoints="14" Style="Regular" FamilyName="CSMVMI+BlissPro" Capitals="Normal" ResourceId="2" />
							<Origin X="0" Y="0" />
							<Text>р</Text>
							<Size Width="7.14" Height="8.162108" />
							<Brush>
								<SolidBrush Color="#FF000000" />
							</Brush>
							<Tag>convertedFont</Tag>
						</Glyphs>
						<Glyphs OutlineWidth="0.5" CharSpace="0" RenderTransform="0.5968368 0 -0 0.5968368 103.449646 214.71289">
							<Font SizePoints="14" Style="Regular" FamilyName="CSMVMI+BlissPro" Capitals="Normal" ResourceId="2" />
							<Origin X="0" Y="0" />
							<Text>я</Text>
							<Size Width="6.678" Height="8.162108" />
							<Brush>
								<SolidBrush Color="#FF000000" />
							</Brush>
							<Tag>convertedFont</Tag>
						</Glyphs>
						<Glyphs OutlineWidth="0.5" CharSpace="0" RenderTransform="0.5968368 0 -0 0.5968368 107.45964 214.71289">
							<Font SizePoints="14" Style="Regular" FamilyName="CSMVMI+BlissPro" Capitals="Normal" ResourceId="2" />
							<Origin X="0" Y="0" />
							<Text>з</Text>
							<Size Width="5.894" Height="8.162108" />
							<Brush>
								<SolidBrush Color="#FF000000" />
							</Brush>
							<Tag>convertedFont</Tag>
						</Glyphs>
						<Glyphs OutlineWidth="0.5" CharSpace="0" RenderTransform="0.5968368 0 -0 0.5968368 111.003365 214.71289">
							<Font SizePoints="14" Style="Regular" FamilyName="CSMVMI+BlissPro" Capitals="Normal" ResourceId="2" />
							<Origin X="0" Y="0" />
							<Text>н</Text>
							<Size Width="7.266" Height="8.162108" />
							<Brush>
								<SolidBrush Color="#FF000000" />
							</Brush>
							<Tag>convertedFont</Tag>
						</Glyphs>
						<Glyphs OutlineWidth="0.5" CharSpace="0" RenderTransform="0.5968368 0 -0 0.5968368 115.36773 214.71289">
							<Font SizePoints="14" Style="Regular" FamilyName="CSMVMI+BlissPro" Capitals="Normal" ResourceId="2" />
							<Origin X="0" Y="0" />
							<Text>е</Text>
							<Size Width="6.636" Height="8.162108" />
							<Brush>
								<SolidBrush Color="#FF000000" />
							</Brush>
							<Tag>convertedFont</Tag>
						</Glyphs>
						<Glyphs OutlineWidth="0.5" CharSpace="0" RenderTransform="0.5968368 0 -0 0.5968368 119.35908 214.71289">
							<Font SizePoints="14" Style="Regular" FamilyName="CSMVMI+BlissPro" Capitals="Normal" ResourceId="2" />
							<Origin X="0" Y="0" />
							<Text>н</Text>
							<Size Width="7.266" Height="8.162108" />
							<Brush>
								<SolidBrush Color="#FF000000" />
							</Brush>
							<Tag>convertedFont</Tag>
						</Glyphs>
						<Glyphs OutlineWidth="0.5" CharSpace="0" RenderTransform="0.5968368 0 -0 0.5968368 123.72345 214.71289">
							<Font SizePoints="14" Style="Regular" FamilyName="CSMVMI+BlissPro" Capitals="Normal" ResourceId="2" />
							<Origin X="0" Y="0" />
							<Text>и</Text>
							<Size Width="7.518" Height="8.162108" />
							<Brush>
								<SolidBrush Color="#FF000000" />
							</Brush>
							<Tag>convertedFont</Tag>
						</Glyphs>
						<Glyphs OutlineWidth="0.5" CharSpace="0" RenderTransform="0.5968368 0 -0 0.5968368 128.23703 214.71289">
							<Font SizePoints="14" Style="Regular" FamilyName="CSMVMI+BlissPro" Capitals="Normal" ResourceId="2" />
							<Origin X="0" Y="0" />
							<Text>я</Text>
							<Size Width="6.678" Height="8.162108" />
							<Brush>
								<SolidBrush Color="#FF000000" />
							</Brush>
							<Tag>convertedFont</Tag>
						</Glyphs>
						<Glyphs OutlineWidth="0.5" CharSpace="0" RenderTransform="0.5968368 0 -0 0.5968368 132.24702 214.71289">
							<Font SizePoints="14" Style="Regular" FamilyName="CSMVMI+BlissPro" Capitals="Normal" ResourceId="2" />
							<Origin X="0" Y="0" />
							<Text> </Text>
							<Size Width="3.094" Height="8.162108" />
							<Brush>
								<SolidBrush Color="#FF000000" />
							</Brush>
							<Tag>convertedFont</Tag>
						</Glyphs>
						<Glyphs OutlineWidth="0.5" CharSpace="0" RenderTransform="0.5968368 0 -0 0.5968368 134.10281 214.71289">
							<Font SizePoints="14" Style="Regular" FamilyName="CSMVMI+BlissPro" Capitals="Normal" ResourceId="2" />
							<Origin X="0" Y="0" />
							<Text>(</Text>
							<Size Width="4.508" Height="8.162108" />
							<Brush>
								<SolidBrush Color="#FF000000" />
							</Brush>
							<Tag>convertedFont</Tag>
						</Glyphs>
						<Glyphs OutlineWidth="0.5" CharSpace="0" RenderTransform="0.5968368 0 -0 0.5968368 136.80722 214.71289">
							<Font SizePoints="14" Style="Regular" FamilyName="CSMVMI+BlissPro" Capitals="Normal" ResourceId="2" />
							<Origin X="0" Y="0" />
							<Text>%</Text>
							<Size Width="11.76" Height="8.162108" />
							<Brush>
								<SolidBrush Color="#FF000000" />
							</Brush>
							<Tag>convertedFont</Tag>
						</Glyphs>
						<Glyphs OutlineWidth="0.5" CharSpace="0" RenderTransform="0.5968368 0 -0 0.5968368 143.876 214.71289">
							<Font SizePoints="14" Style="Regular" FamilyName="CSMVMI+BlissPro" Capitals="Normal" ResourceId="2" />
							<Origin X="0" Y="0" />
							<Text>)</Text>
							<Size Width="4.508" Height="8.162108" />
							<Brush>
								<SolidBrush Color="#FF000000" />
							</Brush>
							<Tag>convertedFont</Tag>
						</Glyphs>
						<Glyphs OutlineWidth="0.5" CharSpace="0" RenderTransform="0.5968368 0 -0 0.5968368 252.91064 214.71289">
							<Font SizePoints="14" Style="Regular" FamilyName="CSMVMI+BlissPro" Capitals="Normal" ResourceId="2" />
							<Origin X="0" Y="0" />
							<Text>0</Text>
							<Size Width="7.756" Height="8.162108" />
							<Brush>
								<SolidBrush Color="#FF000000" />
							</Brush>
							<Tag>convertedFont</Tag>
						</Glyphs>
						<Glyphs OutlineWidth="0.5" CharSpace="0" RenderTransform="0.5968368 0 -0 0.5968368 57.148167 227.84326">
							<Font SizePoints="14" Style="Regular" FamilyName="CSMVMI+BlissPro" Capitals="Normal" ResourceId="2" />
							<Origin X="0" Y="0" />
							<Text>М</Text>
							<Size Width="11.2" Height="8.162108" />
							<Brush>
								<SolidBrush Color="#FF000000" />
							</Brush>
							<Tag>convertedFont</Tag>
						</Glyphs>
						<Glyphs OutlineWidth="0.5" CharSpace="0" RenderTransform="0.5968368 0 -0 0.5968368 63.881233 227.84326">
							<Font SizePoints="14" Style="Regular" FamilyName="CSMVMI+BlissPro" Capitals="Normal" ResourceId="2" />
							<Origin X="0" Y="0" />
							<Text>а</Text>
							<Size Width="6.608" Height="8.162108" />
							<Brush>
								<SolidBrush Color="#FF000000" />
							</Brush>
							<Tag>convertedFont</Tag>
						</Glyphs>
						<Glyphs OutlineWidth="0.5" CharSpace="0" RenderTransform="0.5968368 0 -0 0.5968368 67.85393 227.84326">
							<Font SizePoints="14" Style="Regular" FamilyName="CSMVMI+BlissPro" Capitals="Normal" ResourceId="2" />
							<Origin X="0" Y="0" />
							<Text>с</Text>
							<Size Width="6.076" Height="8.162108" />
							<Brush>
								<SolidBrush Color="#FF000000" />
							</Brush>
							<Tag>convertedFont</Tag>
						</Glyphs>
						<Glyphs OutlineWidth="0.5" CharSpace="0" RenderTransform="0.5968368 0 -0 0.5968368 71.50023 227.84326">
							<Font SizePoints="14" Style="Regular" FamilyName="CSMVMI+BlissPro" Capitals="Normal" ResourceId="2" />
							<Origin X="0" Y="0" />
							<Text>с</Text>
							<Size Width="6.076" Height="8.162108" />
							<Brush>
								<SolidBrush Color="#FF000000" />
							</Brush>
							<Tag>convertedFont</Tag>
						</Glyphs>
						<Glyphs OutlineWidth="0.5" CharSpace="0" RenderTransform="0.5968368 0 -0 0.5968368 75.14653 227.84326">
							<Font SizePoints="14" Style="Regular" FamilyName="CSMVMI+BlissPro" Capitals="Normal" ResourceId="2" />
							<Origin X="0" Y="0" />
							<Text>а</Text>
							<Size Width="6.608" Height="8.162108" />
							<Brush>
								<SolidBrush Color="#FF000000" />
							</Brush>
							<Tag>convertedFont</Tag>
						</Glyphs>
						<Glyphs OutlineWidth="0.5" CharSpace="0" RenderTransform="0.5968368 0 -0 0.5968368 79.11922 227.84326">
							<Font SizePoints="14" Style="Regular" FamilyName="CSMVMI+BlissPro" Capitals="Normal" ResourceId="2" />
							<Origin X="0" Y="0" />
							<Text> </Text>
							<Size Width="3.094" Height="8.162108" />
							<Brush>
								<SolidBrush Color="#FF000000" />
							</Brush>
							<Tag>convertedFont</Tag>
						</Glyphs>
						<Glyphs OutlineWidth="0.5" CharSpace="0" RenderTransform="0.5968368 0 -0 0.5968368 80.975006 227.84326">
							<Font SizePoints="14" Style="Regular" FamilyName="CSMVMI+BlissPro" Capitals="Normal" ResourceId="2" />
							<Origin X="0" Y="0" />
							<Text>(</Text>
							<Size Width="4.508" Height="8.162108" />
							<Brush>
								<SolidBrush Color="#FF000000" />
							</Brush>
							<Tag>convertedFont</Tag>
						</Glyphs>
						<Glyphs OutlineWidth="0.5" CharSpace="0" RenderTransform="0.5968368 0 -0 0.5968368 83.67943 227.84326">
							<Font SizePoints="14" Style="Regular" FamilyName="CSMVMI+BlissPro" Capitals="Normal" ResourceId="2" />
							<Origin X="0" Y="0" />
							<Text>к</Text>
							<Size Width="6.496" Height="8.162108" />
							<Brush>
								<SolidBrush Color="#FF000000" />
							</Brush>
							<Tag>convertedFont</Tag>
						</Glyphs>
						<Glyphs OutlineWidth="0.5" CharSpace="0" RenderTransform="0.5968368 0 -0 0.5968368 87.586845 227.84326">
							<Font SizePoints="14" Style="Regular" FamilyName="CSMVMI+BlissPro" Capitals="Normal" ResourceId="2" />
							<Origin X="0" Y="0" />
							<Text>г</Text>
							<Size Width="5.544" Height="8.162108" />
							<Brush>
								<SolidBrush Color="#FF000000" />
							</Brush>
							<Tag>convertedFont</Tag>
						</Glyphs>
						<Glyphs OutlineWidth="0.5" CharSpace="0" RenderTransform="0.5968368 0 -0 0.5968368 90.91608 227.84326">
							<Font SizePoints="14" Style="Regular" FamilyName="CSMVMI+BlissPro" Capitals="Normal" ResourceId="2" />
							<Origin X="0" Y="0" />
							<Text>)</Text>
							<Size Width="4.508" Height="8.162108" />
							<Brush>
								<SolidBrush Color="#FF000000" />
							</Brush>
							<Tag>convertedFont</Tag>
						</Glyphs>
						<Glyphs OutlineWidth="0.5" CharSpace="0" RenderTransform="0.5968368 0 -0 0.5968368 252.91064 227.84326">
							<Font SizePoints="14" Style="Regular" FamilyName="CSMVMI+BlissPro" Capitals="Normal" ResourceId="2" />
							<Origin X="0" Y="0" />
							<Text>9</Text>
							<Size Width="7.476" Height="8.162108" />
							<Brush>
								<SolidBrush Color="#FF000000" />
							</Brush>
							<Tag>convertedFont</Tag>
						</Glyphs>
						<Glyphs OutlineWidth="0.5" CharSpace="0" RenderTransform="0.5968368 0 -0 0.5968368 257.40558 227.84326">
							<Font SizePoints="14" Style="Regular" FamilyName="CSMVMI+BlissPro" Capitals="Normal" ResourceId="2" />
							<Origin X="0" Y="0" />
							<Text>.</Text>
							<Size Width="3.276" Height="8.162108" />
							<Brush>
								<SolidBrush Color="#FF000000" />
							</Brush>
							<Tag>convertedFont</Tag>
						</Glyphs>
						<Glyphs OutlineWidth="0.5" CharSpace="0" RenderTransform="0.5968368 0 -0 0.5968368 259.37326 227.84326">
							<Font SizePoints="14" Style="Regular" FamilyName="CSMVMI+BlissPro" Capitals="Normal" ResourceId="2" />
							<Origin X="0" Y="0" />
							<Text>2</Text>
							<Size Width="7.154" Height="8.162108" />
							<Brush>
								<SolidBrush Color="#FF000000" />
							</Brush>
							<Tag>convertedFont</Tag>
						</Glyphs>
						<Glyphs OutlineWidth="0.5" CharSpace="0" RenderTransform="0.5968368 0 -0 0.5968368 58.938675 264.25024">
							<Font SizePoints="16" Style="Bold" FamilyName="HPDHEV+BlissPro-Bold" Capitals="Normal" ResourceId="3" />
							<Origin X="0" Y="0" />
							<Text>А</Text>
							<Size Width="10.064" Height="9.328125" />
							<Brush>
								<SolidBrush Color="#FFFFFFFF" />
							</Brush>
							<Tag>convertedFont</Tag>
						</Glyphs>
						<Glyphs OutlineWidth="0.5" CharSpace="0" RenderTransform="0.5968368 0 -0 0.5968368 64.990974 264.25024">
							<Font SizePoints="16" Style="Bold" FamilyName="HPDHEV+BlissPro-Bold" Capitals="Normal" ResourceId="3" />
							<Origin X="0" Y="0" />
							<Text>К</Text>
							<Size Width="9.92" Height="9.328125" />
							<Brush>
								<SolidBrush Color="#FFFFFFFF" />
							</Brush>
							<Tag>convertedFont</Tag>
						</Glyphs>
						<Glyphs OutlineWidth="0.5" CharSpace="0" RenderTransform="0.5968368 0 -0 0.5968368 70.95934 264.25024">
							<Font SizePoints="16" Style="Bold" FamilyName="HPDHEV+BlissPro-Bold" Capitals="Normal" ResourceId="3" />
							<Origin X="0" Y="0" />
							<Text>У</Text>
							<Size Width="9.568" Height="9.328125" />
							<Brush>
								<SolidBrush Color="#FFFFFFFF" />
							</Brush>
							<Tag>convertedFont</Tag>
						</Glyphs>
						<Glyphs OutlineWidth="0.5" CharSpace="0" RenderTransform="0.5968368 0 -0 0.5968368 76.71323 264.25024">
							<Font SizePoints="16" Style="Bold" FamilyName="HPDHEV+BlissPro-Bold" Capitals="Normal" ResourceId="3" />
							<Origin X="0" Y="0" />
							<Text>С</Text>
							<Size Width="9.984" Height="9.328125" />
							<Brush>
								<SolidBrush Color="#FFFFFFFF" />
							</Brush>
							<Tag>convertedFont</Tag>
						</Glyphs>
						<Glyphs OutlineWidth="0.5" CharSpace="0" RenderTransform="0.5968368 0 -0 0.5968368 82.718895 264.25024">
							<Font SizePoints="16" Style="Bold" FamilyName="HPDHEV+BlissPro-Bold" Capitals="Normal" ResourceId="3" />
							<Origin X="0" Y="0" />
							<Text>Т</Text>
							<Size Width="8.56" Height="9.328125" />
							<Brush>
								<SolidBrush Color="#FFFFFFFF" />
							</Brush>
							<Tag>convertedFont</Tag>
						</Glyphs>
						<Glyphs OutlineWidth="0.5" CharSpace="0" RenderTransform="0.5968368 0 -0 0.5968368 87.857285 264.25024">
							<Font SizePoints="16" Style="Bold" FamilyName="HPDHEV+BlissPro-Bold" Capitals="Normal" ResourceId="3" />
							<Origin X="0" Y="0" />
							<Text>И</Text>
							<Size Width="11.872" Height="9.328125" />
							<Brush>
								<SolidBrush Color="#FFFFFFFF" />
							</Brush>
							<Tag>convertedFont</Tag>
						</Glyphs>
						<Glyphs OutlineWidth="0.5" CharSpace="0" RenderTransform="0.5968368 0 -0 0.5968368 94.99135 264.25024">
							<Font SizePoints="16" Style="Bold" FamilyName="HPDHEV+BlissPro-Bold" Capitals="Normal" ResourceId="3" />
							<Origin X="0" Y="0" />
							<Text>Ч</Text>
							<Size Width="10.112" Height="9.328125" />
							<Brush>
								<SolidBrush Color="#FFFFFFFF" />
							</Brush>
							<Tag>convertedFont</Tag>
						</Glyphs>
						<Glyphs OutlineWidth="0.5" CharSpace="0" RenderTransform="0.5968368 0 -0 0.5968368 101.071625 264.25024">
							<Font SizePoints="16" Style="Bold" FamilyName="HPDHEV+BlissPro-Bold" Capitals="Normal" ResourceId="3" />
							<Origin X="0" Y="0" />
							<Text>Е</Text>
							<Size Width="8.016" Height="9.328125" />
							<Brush>
								<SolidBrush Color="#FFFFFFFF" />
							</Brush>
							<Tag>convertedFont</Tag>
						</Glyphs>
						<Glyphs OutlineWidth="0.5" CharSpace="0" RenderTransform="0.5968368 0 -0 0.5968368 105.892944 264.25024">
							<Font SizePoints="16" Style="Bold" FamilyName="HPDHEV+BlissPro-Bold" Capitals="Normal" ResourceId="3" />
							<Origin X="0" Y="0" />
							<Text>С</Text>
							<Size Width="9.984" Height="9.328125" />
							<Brush>
								<SolidBrush Color="#FFFFFFFF" />
							</Brush>
							<Tag>convertedFont</Tag>
						</Glyphs>
						<Glyphs OutlineWidth="0.5" CharSpace="0" RenderTransform="0.5968368 0 -0 0.5968368 111.89862 264.25024">
							<Font SizePoints="16" Style="Bold" FamilyName="HPDHEV+BlissPro-Bold" Capitals="Normal" ResourceId="3" />
							<Origin X="0" Y="0" />
							<Text>К</Text>
							<Size Width="9.92" Height="9.328125" />
							<Brush>
								<SolidBrush Color="#FFFFFFFF" />
							</Brush>
							<Tag>convertedFont</Tag>
						</Glyphs>
						<Glyphs OutlineWidth="0.5" CharSpace="0" RenderTransform="0.5968368 0 -0 0.5968368 117.86699 264.25024">
							<Font SizePoints="16" Style="Bold" FamilyName="HPDHEV+BlissPro-Bold" Capitals="Normal" ResourceId="3" />
							<Origin X="0" Y="0" />
							<Text>И</Text>
							<Size Width="11.872" Height="9.328125" />
							<Brush>
								<SolidBrush Color="#FFFFFFFF" />
							</Brush>
							<Tag>convertedFont</Tag>
						</Glyphs>
						<Glyphs OutlineWidth="0.5" CharSpace="0" RenderTransform="0.5968368 0 -0 0.5968368 125.00105 264.25024">
							<Font SizePoints="16" Style="Bold" FamilyName="HPDHEV+BlissPro-Bold" Capitals="Normal" ResourceId="3" />
							<Origin X="0" Y="0" />
							<Text>Е</Text>
							<Size Width="8.016" Height="9.328125" />
							<Brush>
								<SolidBrush Color="#FFFFFFFF" />
							</Brush>
							<Tag>convertedFont</Tag>
						</Glyphs>
						<Glyphs OutlineWidth="0.5" CharSpace="0" RenderTransform="0.5968368 0 -0 0.5968368 129.82237 264.25024">
							<Font SizePoints="16" Style="Bold" FamilyName="HPDHEV+BlissPro-Bold" Capitals="Normal" ResourceId="3" />
							<Origin X="0" Y="0" />
							<Text> </Text>
							<Size Width="3.424" Height="9.328125" />
							<Brush>
								<SolidBrush Color="#FFFFFFFF" />
							</Brush>
							<Tag>convertedFont</Tag>
						</Glyphs>
						<Glyphs OutlineWidth="0.5" CharSpace="0" RenderTransform="0.5968368 0 -0 0.5968368 131.88333 264.25024">
							<Font SizePoints="16" Style="Bold" FamilyName="HPDHEV+BlissPro-Bold" Capitals="Normal" ResourceId="3" />
							<Origin X="0" Y="0" />
							<Text>Х</Text>
							<Size Width="10.08" Height="9.328125" />
							<Brush>
								<SolidBrush Color="#FFFFFFFF" />
							</Brush>
							<Tag>convertedFont</Tag>
						</Glyphs>
						<Glyphs OutlineWidth="0.5" CharSpace="0" RenderTransform="0.5968368 0 -0 0.5968368 137.94495 264.25024">
							<Font SizePoints="16" Style="Bold" FamilyName="HPDHEV+BlissPro-Bold" Capitals="Normal" ResourceId="3" />
							<Origin X="0" Y="0" />
							<Text>А</Text>
							<Size Width="10.064" Height="9.328125" />
							<Brush>
								<SolidBrush Color="#FFFFFFFF" />
							</Brush>
							<Tag>convertedFont</Tag>
						</Glyphs>
						<Glyphs OutlineWidth="0.5" CharSpace="0" RenderTransform="0.5968368 0 -0 0.5968368 143.99725 264.25024">
							<Font SizePoints="16" Style="Bold" FamilyName="HPDHEV+BlissPro-Bold" Capitals="Normal" ResourceId="3" />
							<Origin X="0" Y="0" />
							<Text>Р</Text>
							<Size Width="8.624" Height="9.328125" />
							<Brush>
								<SolidBrush Color="#FFFFFFFF" />
							</Brush>
							<Tag>convertedFont</Tag>
						</Glyphs>
						<Glyphs OutlineWidth="0.5" CharSpace="0" RenderTransform="0.5968368 0 -0 0.5968368 149.18227 264.25024">
							<Font SizePoints="16" Style="Bold" FamilyName="HPDHEV+BlissPro-Bold" Capitals="Normal" ResourceId="3" />
							<Origin X="0" Y="0" />
							<Text>А</Text>
							<Size Width="10.064" Height="9.328125" />
							<Brush>
								<SolidBrush Color="#FFFFFFFF" />
							</Brush>
							<Tag>convertedFont</Tag>
						</Glyphs>
						<Glyphs OutlineWidth="0.5" CharSpace="0" RenderTransform="0.5968368 0 -0 0.5968368 155.23456 264.25024">
							<Font SizePoints="16" Style="Bold" FamilyName="HPDHEV+BlissPro-Bold" Capitals="Normal" ResourceId="3" />
							<Origin X="0" Y="0" />
							<Text>К</Text>
							<Size Width="9.92" Height="9.328125" />
							<Brush>
								<SolidBrush Color="#FFFFFFFF" />
							</Brush>
							<Tag>convertedFont</Tag>
						</Glyphs>
						<Glyphs OutlineWidth="0.5" CharSpace="0" RenderTransform="0.5968368 0 -0 0.5968368 161.20293 264.25024">
							<Font SizePoints="16" Style="Bold" FamilyName="HPDHEV+BlissPro-Bold" Capitals="Normal" ResourceId="3" />
							<Origin X="0" Y="0" />
							<Text>Т</Text>
							<Size Width="8.56" Height="9.328125" />
							<Brush>
								<SolidBrush Color="#FFFFFFFF" />
							</Brush>
							<Tag>convertedFont</Tag>
						</Glyphs>
						<Glyphs OutlineWidth="0.5" CharSpace="0" RenderTransform="0.5968368 0 -0 0.5968368 166.34132 264.25024">
							<Font SizePoints="16" Style="Bold" FamilyName="HPDHEV+BlissPro-Bold" Capitals="Normal" ResourceId="3" />
							<Origin X="0" Y="0" />
							<Text>Е</Text>
							<Size Width="8.016" Height="9.328125" />
							<Brush>
								<SolidBrush Color="#FFFFFFFF" />
							</Brush>
							<Tag>convertedFont</Tag>
						</Glyphs>
						<Glyphs OutlineWidth="0.5" CharSpace="0" RenderTransform="0.5968368 0 -0 0.5968368 171.16264 264.25024">
							<Font SizePoints="16" Style="Bold" FamilyName="HPDHEV+BlissPro-Bold" Capitals="Normal" ResourceId="3" />
							<Origin X="0" Y="0" />
							<Text>Р</Text>
							<Size Width="8.624" Height="9.328125" />
							<Brush>
								<SolidBrush Color="#FFFFFFFF" />
							</Brush>
							<Tag>convertedFont</Tag>
						</Glyphs>
						<Glyphs OutlineWidth="0.5" CharSpace="0" RenderTransform="0.5968368 0 -0 0.5968368 176.34767 264.25024">
							<Font SizePoints="16" Style="Bold" FamilyName="HPDHEV+BlissPro-Bold" Capitals="Normal" ResourceId="3" />
							<Origin X="0" Y="0" />
							<Text>И</Text>
							<Size Width="11.872" Height="9.328125" />
							<Brush>
								<SolidBrush Color="#FFFFFFFF" />
							</Brush>
							<Tag>convertedFont</Tag>
						</Glyphs>
						<Glyphs OutlineWidth="0.5" CharSpace="0" RenderTransform="0.5968368 0 -0 0.5968368 183.48174 264.25024">
							<Font SizePoints="16" Style="Bold" FamilyName="HPDHEV+BlissPro-Bold" Capitals="Normal" ResourceId="3" />
							<Origin X="0" Y="0" />
							<Text>С</Text>
							<Size Width="9.984" Height="9.328125" />
							<Brush>
								<SolidBrush Color="#FFFFFFFF" />
							</Brush>
							<Tag>convertedFont</Tag>
						</Glyphs>
						<Glyphs OutlineWidth="0.5" CharSpace="0" RenderTransform="0.5968368 0 -0 0.5968368 189.4874 264.25024">
							<Font SizePoints="16" Style="Bold" FamilyName="HPDHEV+BlissPro-Bold" Capitals="Normal" ResourceId="3" />
							<Origin X="0" Y="0" />
							<Text>Т</Text>
							<Size Width="8.56" Height="9.328125" />
							<Brush>
								<SolidBrush Color="#FFFFFFFF" />
							</Brush>
							<Tag>convertedFont</Tag>
						</Glyphs>
						<Glyphs OutlineWidth="0.5" CharSpace="0" RenderTransform="0.5968368 0 -0 0.5968368 194.6258 264.25024">
							<Font SizePoints="16" Style="Bold" FamilyName="HPDHEV+BlissPro-Bold" Capitals="Normal" ResourceId="3" />
							<Origin X="0" Y="0" />
							<Text>И</Text>
							<Size Width="11.872" Height="9.328125" />
							<Brush>
								<SolidBrush Color="#FFFFFFFF" />
							</Brush>
							<Tag>convertedFont</Tag>
						</Glyphs>
						<Glyphs OutlineWidth="0.5" CharSpace="0" RenderTransform="0.5968368 0 -0 0.5968368 201.75986 264.25024">
							<Font SizePoints="16" Style="Bold" FamilyName="HPDHEV+BlissPro-Bold" Capitals="Normal" ResourceId="3" />
							<Origin X="0" Y="0" />
							<Text>К</Text>
							<Size Width="9.92" Height="9.328125" />
							<Brush>
								<SolidBrush Color="#FFFFFFFF" />
							</Brush>
							<Tag>convertedFont</Tag>
						</Glyphs>
						<Glyphs OutlineWidth="0.5" CharSpace="0" RenderTransform="0.5968368 0 -0 0.5968368 207.72823 264.25024">
							<Font SizePoints="16" Style="Bold" FamilyName="HPDHEV+BlissPro-Bold" Capitals="Normal" ResourceId="3" />
							<Origin X="0" Y="0" />
							<Text>И</Text>
							<Size Width="11.872" Height="9.328125" />
							<Brush>
								<SolidBrush Color="#FFFFFFFF" />
							</Brush>
							<Tag>convertedFont</Tag>
						</Glyphs>
						<Glyphs OutlineWidth="0.5" CharSpace="0" RenderTransform="0.5968368 0 -0 0.5968368 57.148167 285.73633">
							<Font SizePoints="14" Style="Bold" FamilyName="HPDHEV+BlissPro-Bold" Capitals="Normal" ResourceId="3" />
							<Origin X="0" Y="0" />
							<Text>П</Text>
							<Size Width="9.562" Height="8.162108" />
							<Brush>
								<SolidBrush Color="#FF6D6E71" />
							</Brush>
							<Tag>convertedFont</Tag>
						</Glyphs>
						<Glyphs OutlineWidth="0.5" CharSpace="0" RenderTransform="0.5968368 0 -0 0.5968368 62.902046 285.73633">
							<Font SizePoints="14" Style="Bold" FamilyName="HPDHEV+BlissPro-Bold" Capitals="Normal" ResourceId="3" />
							<Origin X="0" Y="0" />
							<Text>О</Text>
							<Size Width="10.696" Height="8.162108" />
							<Brush>
								<SolidBrush Color="#FF6D6E71" />
							</Brush>
							<Tag>convertedFont</Tag>
						</Glyphs>
						<Glyphs OutlineWidth="0.5" CharSpace="0" RenderTransform="0.5968368 0 -0 0.5968368 69.32736 285.73633">
							<Font SizePoints="14" Style="Bold" FamilyName="HPDHEV+BlissPro-Bold" Capitals="Normal" ResourceId="3" />
							<Origin X="0" Y="0" />
							<Text>Л</Text>
							<Size Width="9.072" Height="8.162108" />
							<Brush>
								<SolidBrush Color="#FF6D6E71" />
							</Brush>
							<Tag>convertedFont</Tag>
						</Glyphs>
						<Glyphs OutlineWidth="0.5" CharSpace="0" RenderTransform="0.5968368 0 -0 0.5968368 74.78283 285.73633">
							<Font SizePoints="14" Style="Bold" FamilyName="HPDHEV+BlissPro-Bold" Capitals="Normal" ResourceId="3" />
							<Origin X="0" Y="0" />
							<Text>О</Text>
							<Size Width="10.696" Height="8.162108" />
							<Brush>
								<SolidBrush Color="#FF6D6E71" />
							</Brush>
							<Tag>convertedFont</Tag>
						</Glyphs>
						<Glyphs OutlineWidth="0.5" CharSpace="0" RenderTransform="0.5968368 0 -0 0.5968368 81.208145 285.73633">
							<Font SizePoints="14" Style="Bold" FamilyName="HPDHEV+BlissPro-Bold" Capitals="Normal" ResourceId="3" />
							<Origin X="0" Y="0" />
							<Text>С</Text>
							<Size Width="8.736" Height="8.162108" />
							<Brush>
								<SolidBrush Color="#FF6D6E71" />
							</Brush>
							<Tag>convertedFont</Tag>
						</Glyphs>
						<Glyphs OutlineWidth="0.5" CharSpace="0" RenderTransform="0.5968368 0 -0 0.5968368 86.45845 285.73633">
							<Font SizePoints="14" Style="Bold" FamilyName="HPDHEV+BlissPro-Bold" Capitals="Normal" ResourceId="3" />
							<Origin X="0" Y="0" />
							<Text>Ы</Text>
							<Size Width="10.906" Height="8.162108" />
							<Brush>
								<SolidBrush Color="#FF6D6E71" />
							</Brush>
							<Tag>convertedFont</Tag>
						</Glyphs>
						<Glyphs OutlineWidth="0.5" CharSpace="0" RenderTransform="0.5968368 0 -0 0.5968368 93.01433 285.73633">
							<Font SizePoints="14" Style="Bold" FamilyName="HPDHEV+BlissPro-Bold" Capitals="Normal" ResourceId="3" />
							<Origin X="0" Y="0" />
							<Text> </Text>
							<Size Width="2.996" Height="8.162108" />
							<Brush>
								<SolidBrush Color="#FF6D6E71" />
							</Brush>
							<Tag>convertedFont</Tag>
						</Glyphs>
						<Glyphs OutlineWidth="0.5" CharSpace="0" RenderTransform="0.5968368 0 -0 0.5968368 94.81416 285.73633">
							<Font SizePoints="14" Style="Bold" FamilyName="HPDHEV+BlissPro-Bold" Capitals="Normal" ResourceId="3" />
							<Origin X="0" Y="0" />
							<Text>О</Text>
							<Size Width="10.696" Height="8.162108" />
							<Brush>
								<SolidBrush Color="#FF6D6E71" />
							</Brush>
							<Tag>convertedFont</Tag>
						</Glyphs>
						<Glyphs OutlineWidth="0.5" CharSpace="0" RenderTransform="0.5968368 0 -0 0.5968368 101.23949 285.73633">
							<Font SizePoints="14" Style="Bold" FamilyName="HPDHEV+BlissPro-Bold" Capitals="Normal" ResourceId="3" />
							<Origin X="0" Y="0" />
							<Text>К</Text>
							<Size Width="8.68" Height="8.162108" />
							<Brush>
								<SolidBrush Color="#FF6D6E71" />
							</Brush>
							<Tag>convertedFont</Tag>
						</Glyphs>
						<Glyphs OutlineWidth="0.5" CharSpace="0" RenderTransform="0.5968368 0 -0 0.5968368 106.452484 285.73633">
							<Font SizePoints="14" Style="Bold" FamilyName="HPDHEV+BlissPro-Bold" Capitals="Normal" ResourceId="3" />
							<Origin X="0" Y="0" />
							<Text>Т</Text>
							<Size Width="7.49" Height="8.162108" />
							<Brush>
								<SolidBrush Color="#FF6D6E71" />
							</Brush>
							<Tag>convertedFont</Tag>
						</Glyphs>
						<Glyphs OutlineWidth="0.5" CharSpace="0" RenderTransform="0.5968368 0 -0 0.5968368 110.94741 285.73633">
							<Font SizePoints="14" Style="Bold" FamilyName="HPDHEV+BlissPro-Bold" Capitals="Normal" ResourceId="3" />
							<Origin X="0" Y="0" />
							<Text>А</Text>
							<Size Width="8.806" Height="8.162108" />
							<Brush>
								<SolidBrush Color="#FF6D6E71" />
							</Brush>
							<Tag>convertedFont</Tag>
						</Glyphs>
						<Glyphs OutlineWidth="0.5" CharSpace="0" RenderTransform="0.5968368 0 -0 0.5968368 116.24434 285.73633">
							<Font SizePoints="14" Style="Bold" FamilyName="HPDHEV+BlissPro-Bold" Capitals="Normal" ResourceId="3" />
							<Origin X="0" Y="0" />
							<Text>В</Text>
							<Size Width="7.896" Height="8.162108" />
							<Brush>
								<SolidBrush Color="#FF6D6E71" />
							</Brush>
							<Tag>convertedFont</Tag>
						</Glyphs>
						<Glyphs OutlineWidth="0.5" CharSpace="0" RenderTransform="0.5968368 0 -0 0.5968368 120.99105 285.73633">
							<Font SizePoints="14" Style="Bold" FamilyName="HPDHEV+BlissPro-Bold" Capitals="Normal" ResourceId="3" />
							<Origin X="0" Y="0" />
							<Text>,</Text>
							<Size Width="3.654" Height="8.162108" />
							<Brush>
								<SolidBrush Color="#FF6D6E71" />
							</Brush>
							<Tag>convertedFont</Tag>
						</Glyphs>
						<Glyphs OutlineWidth="0.5" CharSpace="0" RenderTransform="0.5968368 0 -0 0.5968368 123.18256 285.73633">
							<Font SizePoints="14" Style="Bold" FamilyName="HPDHEV+BlissPro-Bold" Capitals="Normal" ResourceId="3" />
							<Origin X="0" Y="0" />
							<Text> </Text>
							<Size Width="2.996" Height="8.162108" />
							<Brush>
								<SolidBrush Color="#FF6D6E71" />
							</Brush>
							<Tag>convertedFont</Tag>
						</Glyphs>
						<Glyphs OutlineWidth="0.5" CharSpace="0" RenderTransform="0.5968368 0 -0 0.5968368 124.9824 285.73633">
							<Font SizePoints="14" Style="Bold" FamilyName="HPDHEV+BlissPro-Bold" Capitals="Normal" ResourceId="3" />
							<Origin X="0" Y="0" />
							<Text>Г</Text>
							<Size Width="6.356" Height="8.162108" />
							<Brush>
								<SolidBrush Color="#FF6D6E71" />
							</Brush>
							<Tag>convertedFont</Tag>
						</Glyphs>
						<Glyphs OutlineWidth="0.5" CharSpace="0" RenderTransform="0.5968368 0 -0 0.5968368 128.80588 285.73633">
							<Font SizePoints="14" Style="Bold" FamilyName="HPDHEV+BlissPro-Bold" Capitals="Normal" ResourceId="3" />
							<Origin X="0" Y="0" />
							<Text>Ц</Text>
							<Size Width="9.996" Height="8.162108" />
							<Brush>
								<SolidBrush Color="#FF6D6E71" />
							</Brush>
							<Tag>convertedFont</Tag>
						</Glyphs>
						<Glyphs OutlineWidth="0.5" CharSpace="0" RenderTransform="0.5968368 0 -0 0.5968368 203.37318 285.73633">
							<Font SizePoints="14" Style="Bold" FamilyName="HPDHEV+BlissPro-Bold" Capitals="Normal" ResourceId="3" />
							<Origin X="0" Y="0" />
							<Text>1</Text>
							<Size Width="6.174" Height="8.162108" />
							<Brush>
								<SolidBrush Color="#FF005F7F" />
							</Brush>
							<Tag>convertedFont</Tag>
						</Glyphs>
						<Glyphs OutlineWidth="0.5" CharSpace="0" RenderTransform="0.5968368 0 -0 0.5968368 207.08476 285.73633">
							<Font SizePoints="14" Style="Bold" FamilyName="HPDHEV+BlissPro-Bold" Capitals="Normal" ResourceId="3" />
							<Origin X="0" Y="0" />
							<Text>2</Text>
							<Size Width="7.462" Height="8.162108" />
							<Brush>
								<SolidBrush Color="#FF005F7F" />
							</Brush>
							<Tag>convertedFont</Tag>
						</Glyphs>
						<Glyphs OutlineWidth="0.5" CharSpace="0" RenderTransform="0.5968368 0 -0 0.5968368 211.57036 285.73633">
							<Font SizePoints="14" Style="Bold" FamilyName="HPDHEV+BlissPro-Bold" Capitals="Normal" ResourceId="3" />
							<Origin X="0" Y="0" />
							<Text>5</Text>
							<Size Width="7.35" Height="8.162108" />
							<Brush>
								<SolidBrush Color="#FF005F7F" />
							</Brush>
							<Tag>convertedFont</Tag>
						</Glyphs>
						<Glyphs OutlineWidth="0.5" CharSpace="0" RenderTransform="0.5968368 0 -0 0.5968368 235.00554 285.73633">
							<Font SizePoints="14" Style="Bold" FamilyName="HPDHEV+BlissPro-Bold" Capitals="Normal" ResourceId="3" />
							<Origin X="0" Y="0" />
							<Text>2</Text>
							<Size Width="7.462" Height="8.162108" />
							<Brush>
								<SolidBrush Color="#FF005F7F" />
							</Brush>
							<Tag>convertedFont</Tag>
						</Glyphs>
						<Glyphs OutlineWidth="0.5" CharSpace="0" RenderTransform="0.5968368 0 -0 0.5968368 239.49113 285.73633">
							<Font SizePoints="14" Style="Bold" FamilyName="HPDHEV+BlissPro-Bold" Capitals="Normal" ResourceId="3" />
							<Origin X="0" Y="0" />
							<Text>5</Text>
							<Size Width="7.35" Height="8.162108" />
							<Brush>
								<SolidBrush Color="#FF005F7F" />
							</Brush>
							<Tag>convertedFont</Tag>
						</Glyphs>
						<Glyphs OutlineWidth="0.5" CharSpace="0" RenderTransform="0.5968368 0 -0 0.5968368 243.90213 285.73633">
							<Font SizePoints="14" Style="Bold" FamilyName="HPDHEV+BlissPro-Bold" Capitals="Normal" ResourceId="3" />
							<Origin X="0" Y="0" />
							<Text>0</Text>
							<Size Width="7.938" Height="8.162108" />
							<Brush>
								<SolidBrush Color="#FF005F7F" />
							</Brush>
							<Tag>convertedFont</Tag>
						</Glyphs>
						<Glyphs OutlineWidth="0.5" CharSpace="0" RenderTransform="0.5968368 0 -0 0.5968368 268.4284 285.73633">
							<Font SizePoints="14" Style="Bold" FamilyName="HPDHEV+BlissPro-Bold" Capitals="Normal" ResourceId="3" />
							<Origin X="0" Y="0" />
							<Text>5</Text>
							<Size Width="7.35" Height="8.162108" />
							<Brush>
								<SolidBrush Color="#FF005F7F" />
							</Brush>
							<Tag>convertedFont</Tag>
						</Glyphs>
						<Glyphs OutlineWidth="0.5" CharSpace="0" RenderTransform="0.5968368 0 -0 0.5968368 272.8394 285.73633">
							<Font SizePoints="14" Style="Bold" FamilyName="HPDHEV+BlissPro-Bold" Capitals="Normal" ResourceId="3" />
							<Origin X="0" Y="0" />
							<Text>0</Text>
							<Size Width="7.938" Height="8.162108" />
							<Brush>
								<SolidBrush Color="#FF005F7F" />
							</Brush>
							<Tag>convertedFont</Tag>
						</Glyphs>
						<Glyphs OutlineWidth="0.5" CharSpace="0" RenderTransform="0.5968368 0 -0 0.5968368 277.61407 285.73633">
							<Font SizePoints="14" Style="Bold" FamilyName="HPDHEV+BlissPro-Bold" Capitals="Normal" ResourceId="3" />
							<Origin X="0" Y="0" />
							<Text>0</Text>
							<Size Width="7.938" Height="8.162108" />
							<Brush>
								<SolidBrush Color="#FF005F7F" />
							</Brush>
							<Tag>convertedFont</Tag>
						</Glyphs>
						<Glyphs OutlineWidth="0.5" CharSpace="0" RenderTransform="0.5968368 0 -0 0.5968368 301.85126 285.73633">
							<Font SizePoints="14" Style="Bold" FamilyName="HPDHEV+BlissPro-Bold" Capitals="Normal" ResourceId="3" />
							<Origin X="0" Y="0" />
							<Text>1</Text>
							<Size Width="6.174" Height="8.162108" />
							<Brush>
								<SolidBrush Color="#FF005F7F" />
							</Brush>
							<Tag>convertedFont</Tag>
						</Glyphs>
						<Glyphs OutlineWidth="0.5" CharSpace="0" RenderTransform="0.5968368 0 -0 0.5968368 305.56284 285.73633">
							<Font SizePoints="14" Style="Bold" FamilyName="HPDHEV+BlissPro-Bold" Capitals="Normal" ResourceId="3" />
							<Origin X="0" Y="0" />
							<Text>0</Text>
							<Size Width="7.938" Height="8.162108" />
							<Brush>
								<SolidBrush Color="#FF005F7F" />
							</Brush>
							<Tag>convertedFont</Tag>
						</Glyphs>
						<Glyphs OutlineWidth="0.5" CharSpace="0" RenderTransform="0.5968368 0 -0 0.5968368 310.33752 285.73633">
							<Font SizePoints="14" Style="Bold" FamilyName="HPDHEV+BlissPro-Bold" Capitals="Normal" ResourceId="3" />
							<Origin X="0" Y="0" />
							<Text>0</Text>
							<Size Width="7.938" Height="8.162108" />
							<Brush>
								<SolidBrush Color="#FF005F7F" />
							</Brush>
							<Tag>convertedFont</Tag>
						</Glyphs>
						<Glyphs OutlineWidth="0.5" CharSpace="0" RenderTransform="0.5968368 0 -0 0.5968368 315.1122 285.73633">
							<Font SizePoints="14" Style="Bold" FamilyName="HPDHEV+BlissPro-Bold" Capitals="Normal" ResourceId="3" />
							<Origin X="0" Y="0" />
							<Text>0</Text>
							<Size Width="7.938" Height="8.162108" />
							<Brush>
								<SolidBrush Color="#FF005F7F" />
							</Brush>
							<Tag>convertedFont</Tag>
						</Glyphs>
						<Glyphs OutlineWidth="0.5" CharSpace="0" RenderTransform="0.5968368 0 -0 0.5968368 343.033 285.73633">
							<Font SizePoints="14" Style="Bold" FamilyName="HPDHEV+BlissPro-Bold" Capitals="Normal" ResourceId="3" />
							<Origin X="0" Y="0" />
							<Text>2</Text>
							<Size Width="7.462" Height="8.162108" />
							<Brush>
								<SolidBrush Color="#FF005F7F" />
							</Brush>
							<Tag>convertedFont</Tag>
						</Glyphs>
						<Glyphs OutlineWidth="0.5" CharSpace="0" RenderTransform="0.5968368 0 -0 0.5968368 347.5186 285.73633">
							<Font SizePoints="14" Style="Bold" FamilyName="HPDHEV+BlissPro-Bold" Capitals="Normal" ResourceId="3" />
							<Origin X="0" Y="0" />
							<Text>0</Text>
							<Size Width="7.938" Height="8.162108" />
							<Brush>
								<SolidBrush Color="#FF005F7F" />
							</Brush>
							<Tag>convertedFont</Tag>
						</Glyphs>
						<Glyphs OutlineWidth="0.5" CharSpace="0" RenderTransform="0.5968368 0 -0 0.5968368 352.2933 285.73633">
							<Font SizePoints="14" Style="Bold" FamilyName="HPDHEV+BlissPro-Bold" Capitals="Normal" ResourceId="3" />
							<Origin X="0" Y="0" />
							<Text>0</Text>
							<Size Width="7.938" Height="8.162108" />
							<Brush>
								<SolidBrush Color="#FF005F7F" />
							</Brush>
							<Tag>convertedFont</Tag>
						</Glyphs>
						<Glyphs OutlineWidth="0.5" CharSpace="0" RenderTransform="0.5968368 0 -0 0.5968368 357.068 285.73633">
							<Font SizePoints="14" Style="Bold" FamilyName="HPDHEV+BlissPro-Bold" Capitals="Normal" ResourceId="3" />
							<Origin X="0" Y="0" />
							<Text>0</Text>
							<Size Width="7.938" Height="8.162108" />
							<Brush>
								<SolidBrush Color="#FF005F7F" />
							</Brush>
							<Tag>convertedFont</Tag>
						</Glyphs>
						<Glyphs OutlineWidth="0.5" CharSpace="0" RenderTransform="0.5968368 0 -0 0.5968368 386.00525 285.73633">
							<Font SizePoints="14" Style="Bold" FamilyName="HPDHEV+BlissPro-Bold" Capitals="Normal" ResourceId="3" />
							<Origin X="0" Y="0" />
							<Text>4</Text>
							<Size Width="8.162" Height="8.162108" />
							<Brush>
								<SolidBrush Color="#FF005F7F" />
							</Brush>
							<Tag>convertedFont</Tag>
						</Glyphs>
						<Glyphs OutlineWidth="0.5" CharSpace="0" RenderTransform="0.5968368 0 -0 0.5968368 390.9105 285.73633">
							<Font SizePoints="14" Style="Bold" FamilyName="HPDHEV+BlissPro-Bold" Capitals="Normal" ResourceId="3" />
							<Origin X="0" Y="0" />
							<Text>0</Text>
							<Size Width="7.938" Height="8.162108" />
							<Brush>
								<SolidBrush Color="#FF005F7F" />
							</Brush>
							<Tag>convertedFont</Tag>
						</Glyphs>
						<Glyphs OutlineWidth="0.5" CharSpace="0" RenderTransform="0.5968368 0 -0 0.5968368 395.68518 285.73633">
							<Font SizePoints="14" Style="Bold" FamilyName="HPDHEV+BlissPro-Bold" Capitals="Normal" ResourceId="3" />
							<Origin X="0" Y="0" />
							<Text>0</Text>
							<Size Width="7.938" Height="8.162108" />
							<Brush>
								<SolidBrush Color="#FF005F7F" />
							</Brush>
							<Tag>convertedFont</Tag>
						</Glyphs>
						<Glyphs OutlineWidth="0.5" CharSpace="0" RenderTransform="0.5968368 0 -0 0.5968368 400.4599 285.73633">
							<Font SizePoints="14" Style="Bold" FamilyName="HPDHEV+BlissPro-Bold" Capitals="Normal" ResourceId="3" />
							<Origin X="0" Y="0" />
							<Text>0</Text>
							<Size Width="7.938" Height="8.162108" />
							<Brush>
								<SolidBrush Color="#FF005F7F" />
							</Brush>
							<Tag>convertedFont</Tag>
						</Glyphs>
						<Glyphs OutlineWidth="0.5" CharSpace="0" RenderTransform="0.5968368 0 -0 0.5968368 428.9775 285.73633">
							<Font SizePoints="14" Style="Bold" FamilyName="HPDHEV+BlissPro-Bold" Capitals="Normal" ResourceId="3" />
							<Origin X="0" Y="0" />
							<Text>8</Text>
							<Size Width="7.98" Height="8.162108" />
							<Brush>
								<SolidBrush Color="#FF005F7F" />
							</Brush>
							<Tag>convertedFont</Tag>
						</Glyphs>
						<Glyphs OutlineWidth="0.5" CharSpace="0" RenderTransform="0.5968368 0 -0 0.5968368 433.77084 285.73633">
							<Font SizePoints="14" Style="Bold" FamilyName="HPDHEV+BlissPro-Bold" Capitals="Normal" ResourceId="3" />
							<Origin X="0" Y="0" />
							<Text>0</Text>
							<Size Width="7.938" Height="8.162108" />
							<Brush>
								<SolidBrush Color="#FF005F7F" />
							</Brush>
							<Tag>convertedFont</Tag>
						</Glyphs>
						<Glyphs OutlineWidth="0.5" CharSpace="0" RenderTransform="0.5968368 0 -0 0.5968368 438.54553 285.73633">
							<Font SizePoints="14" Style="Bold" FamilyName="HPDHEV+BlissPro-Bold" Capitals="Normal" ResourceId="3" />
							<Origin X="0" Y="0" />
							<Text>0</Text>
							<Size Width="7.938" Height="8.162108" />
							<Brush>
								<SolidBrush Color="#FF005F7F" />
							</Brush>
							<Tag>convertedFont</Tag>
						</Glyphs>
						<Glyphs OutlineWidth="0.5" CharSpace="0" RenderTransform="0.5968368 0 -0 0.5968368 443.32022 285.73633">
							<Font SizePoints="14" Style="Bold" FamilyName="HPDHEV+BlissPro-Bold" Capitals="Normal" ResourceId="3" />
							<Origin X="0" Y="0" />
							<Text>0</Text>
							<Size Width="7.938" Height="8.162108" />
							<Brush>
								<SolidBrush Color="#FF005F7F" />
							</Brush>
							<Tag>convertedFont</Tag>
						</Glyphs>
						<Glyphs OutlineWidth="0.5" CharSpace="0" RenderTransform="0.5968368 0 -0 0.5968368 472.54657 285.73633">
							<Font SizePoints="14" Style="Bold" FamilyName="HPDHEV+BlissPro-Bold" Capitals="Normal" ResourceId="3" />
							<Origin X="0" Y="0" />
							<Text>С</Text>
							<Size Width="8.736" Height="8.162108" />
							<Brush>
								<SolidBrush Color="#FF005F7F" />
							</Brush>
							<Tag>convertedFont</Tag>
						</Glyphs>
						<Glyphs OutlineWidth="0.5" CharSpace="0" RenderTransform="0.5968368 0 -0 0.5968368 477.79688 285.73633">
							<Font SizePoints="14" Style="Bold" FamilyName="HPDHEV+BlissPro-Bold" Capitals="Normal" ResourceId="3" />
							<Origin X="0" Y="0" />
							<Text>У</Text>
							<Size Width="8.372" Height="8.162108" />
							<Brush>
								<SolidBrush Color="#FF005F7F" />
							</Brush>
							<Tag>convertedFont</Tag>
						</Glyphs>
						<Glyphs OutlineWidth="0.5" CharSpace="0" RenderTransform="0.5968368 0 -0 0.5968368 482.8327 285.73633">
							<Font SizePoints="14" Style="Bold" FamilyName="HPDHEV+BlissPro-Bold" Capitals="Normal" ResourceId="3" />
							<Origin X="0" Y="0" />
							<Text>М</Text>
							<Size Width="11.438" Height="8.162108" />
							<Brush>
								<SolidBrush Color="#FF005F7F" />
							</Brush>
							<Tag>convertedFont</Tag>
						</Glyphs>
						<Glyphs OutlineWidth="0.5" CharSpace="0" RenderTransform="0.5968368 0 -0 0.5968368 489.70563 285.73633">
							<Font SizePoints="14" Style="Bold" FamilyName="HPDHEV+BlissPro-Bold" Capitals="Normal" ResourceId="3" />
							<Origin X="0" Y="0" />
							<Text>.</Text>
							<Size Width="3.654" Height="8.162108" />
							<Brush>
								<SolidBrush Color="#FF005F7F" />
							</Brush>
							<Tag>convertedFont</Tag>
						</Glyphs>
						<Glyphs OutlineWidth="0.5" CharSpace="0" RenderTransform="0.5968368 0 -0 0.5968368 491.89716 285.73633">
							<Font SizePoints="14" Style="Bold" FamilyName="HPDHEV+BlissPro-Bold" Capitals="Normal" ResourceId="3" />
							<Origin X="0" Y="0" />
							<Text> </Text>
							<Size Width="2.996" Height="8.162108" />
							<Brush>
								<SolidBrush Color="#FF005F7F" />
							</Brush>
							<Tag>convertedFont</Tag>
						</Glyphs>
						<Glyphs OutlineWidth="0.5" CharSpace="0" RenderTransform="0.5968368 0 -0 0.5968368 493.697 285.73633">
							<Font SizePoints="14" Style="Bold" FamilyName="HPDHEV+BlissPro-Bold" Capitals="Normal" ResourceId="3" />
							<Origin X="0" Y="0" />
							<Text>Д</Text>
							<Size Width="9.744" Height="8.162108" />
							<Brush>
								<SolidBrush Color="#FF005F7F" />
							</Brush>
							<Tag>convertedFont</Tag>
						</Glyphs>
						<Glyphs OutlineWidth="0.5" CharSpace="0" RenderTransform="0.5968368 0 -0 0.5968368 499.55344 285.73633">
							<Font SizePoints="14" Style="Bold" FamilyName="HPDHEV+BlissPro-Bold" Capitals="Normal" ResourceId="3" />
							<Origin X="0" Y="0" />
							<Text>Б</Text>
							<Size Width="7.896" Height="8.162108" />
							<Brush>
								<SolidBrush Color="#FF005F7F" />
							</Brush>
							<Tag>convertedFont</Tag>
						</Glyphs>
						<Glyphs OutlineWidth="0.5" CharSpace="0" RenderTransform="0.5968368 0 -0 0.5968368 504.30017 285.73633">
							<Font SizePoints="14" Style="Bold" FamilyName="HPDHEV+BlissPro-Bold" Capitals="Normal" ResourceId="3" />
							<Origin X="0" Y="0" />
							<Text>А</Text>
							<Size Width="8.806" Height="8.162108" />
							<Brush>
								<SolidBrush Color="#FF005F7F" />
							</Brush>
							<Tag>convertedFont</Tag>
						</Glyphs>
						<Glyphs OutlineWidth="0.5" CharSpace="0" RenderTransform="0.5968368 0 -0 0.5968368 57.148167 304.8352">
							<Font SizePoints="14" Style="Regular" FamilyName="CSMVMI+BlissPro" Capitals="Normal" ResourceId="2" />
							<Origin X="0" Y="0" />
							<Text>Н</Text>
							<Size Width="9.674" Height="8.162108" />
							<Brush>
								<SolidBrush Color="#FF000000" />
							</Brush>
							<Tag>convertedFont</Tag>
						</Glyphs>
						<Glyphs OutlineWidth="0.5" CharSpace="0" RenderTransform="0.5968368 0 -0 0.5968368 62.967327 304.8352">
							<Font SizePoints="14" Style="Regular" FamilyName="CSMVMI+BlissPro" Capitals="Normal" ResourceId="2" />
							<Origin X="0" Y="0" />
							<Text>а</Text>
							<Size Width="6.608" Height="8.162108" />
							<Brush>
								<SolidBrush Color="#FF000000" />
							</Brush>
							<Tag>convertedFont</Tag>
						</Glyphs>
						<Glyphs OutlineWidth="0.5" CharSpace="0" RenderTransform="0.5968368 0 -0 0.5968368 66.94002 304.8352">
							<Font SizePoints="14" Style="Regular" FamilyName="CSMVMI+BlissPro" Capitals="Normal" ResourceId="2" />
							<Origin X="0" Y="0" />
							<Text> </Text>
							<Size Width="3.094" Height="8.162108" />
							<Brush>
								<SolidBrush Color="#FF000000" />
							</Brush>
							<Tag>convertedFont</Tag>
						</Glyphs>
						<Glyphs OutlineWidth="0.5" CharSpace="0" RenderTransform="0.5968368 0 -0 0.5968368 68.79581 304.8352">
							<Font SizePoints="14" Style="Regular" FamilyName="CSMVMI+BlissPro" Capitals="Normal" ResourceId="2" />
							<Origin X="0" Y="0" />
							<Text>в</Text>
							<Size Width="6.538" Height="8.162108" />
							<Brush>
								<SolidBrush Color="#FF000000" />
							</Brush>
							<Tag>convertedFont</Tag>
						</Glyphs>
						<Glyphs OutlineWidth="0.5" CharSpace="0" RenderTransform="0.5968368 0 -0 0.5968368 72.7312 304.8352">
							<Font SizePoints="14" Style="Regular" FamilyName="CSMVMI+BlissPro" Capitals="Normal" ResourceId="2" />
							<Origin X="0" Y="0" />
							<Text>с</Text>
							<Size Width="6.076" Height="8.162108" />
							<Brush>
								<SolidBrush Color="#FF000000" />
							</Brush>
							<Tag>convertedFont</Tag>
						</Glyphs>
						<Glyphs OutlineWidth="0.5" CharSpace="0" RenderTransform="0.5968368 0 -0 0.5968368 76.3775 304.8352">
							<Font SizePoints="14" Style="Regular" FamilyName="CSMVMI+BlissPro" Capitals="Normal" ResourceId="2" />
							<Origin X="0" Y="0" />
							<Text>а</Text>
							<Size Width="6.608" Height="8.162108" />
							<Brush>
								<SolidBrush Color="#FF000000" />
							</Brush>
							<Tag>convertedFont</Tag>
						</Glyphs>
						<Glyphs OutlineWidth="0.5" CharSpace="0" RenderTransform="0.5968368 0 -0 0.5968368 80.3502 304.8352">
							<Font SizePoints="14" Style="Regular" FamilyName="CSMVMI+BlissPro" Capitals="Normal" ResourceId="2" />
							<Origin X="0" Y="0" />
							<Text>с</Text>
							<Size Width="6.076" Height="8.162108" />
							<Brush>
								<SolidBrush Color="#FF000000" />
							</Brush>
							<Tag>convertedFont</Tag>
						</Glyphs>
						<Glyphs OutlineWidth="0.5" CharSpace="0" RenderTransform="0.5968368 0 -0 0.5968368 83.9965 304.8352">
							<Font SizePoints="14" Style="Regular" FamilyName="CSMVMI+BlissPro" Capitals="Normal" ResourceId="2" />
							<Origin X="0" Y="0" />
							<Text>ы</Text>
							<Size Width="8.722" Height="8.162108" />
							<Brush>
								<SolidBrush Color="#FF000000" />
							</Brush>
							<Tag>convertedFont</Tag>
						</Glyphs>
						<Glyphs OutlineWidth="0.5" CharSpace="0" RenderTransform="0.5968368 0 -0 0.5968368 89.23747 304.8352">
							<Font SizePoints="14" Style="Regular" FamilyName="CSMVMI+BlissPro" Capitals="Normal" ResourceId="2" />
							<Origin X="0" Y="0" />
							<Text>в</Text>
							<Size Width="6.538" Height="8.162108" />
							<Brush>
								<SolidBrush Color="#FF000000" />
							</Brush>
							<Tag>convertedFont</Tag>
						</Glyphs>
						<Glyphs OutlineWidth="0.5" CharSpace="0" RenderTransform="0.5968368 0 -0 0.5968368 93.17287 304.8352">
							<Font SizePoints="14" Style="Regular" FamilyName="CSMVMI+BlissPro" Capitals="Normal" ResourceId="2" />
							<Origin X="0" Y="0" />
							<Text>а</Text>
							<Size Width="6.608" Height="8.162108" />
							<Brush>
								<SolidBrush Color="#FF000000" />
							</Brush>
							<Tag>convertedFont</Tag>
						</Glyphs>
						<Glyphs OutlineWidth="0.5" CharSpace="0" RenderTransform="0.5968368 0 -0 0.5968368 97.14556 304.8352">
							<Font SizePoints="14" Style="Regular" FamilyName="CSMVMI+BlissPro" Capitals="Normal" ResourceId="2" />
							<Origin X="0" Y="0" />
							<Text>н</Text>
							<Size Width="7.266" Height="8.162108" />
							<Brush>
								<SolidBrush Color="#FF000000" />
							</Brush>
							<Tag>convertedFont</Tag>
						</Glyphs>
						<Glyphs OutlineWidth="0.5" CharSpace="0" RenderTransform="0.5968368 0 -0 0.5968368 101.509926 304.8352">
							<Font SizePoints="14" Style="Regular" FamilyName="CSMVMI+BlissPro" Capitals="Normal" ResourceId="2" />
							<Origin X="0" Y="0" />
							<Text>и</Text>
							<Size Width="7.518" Height="8.162108" />
							<Brush>
								<SolidBrush Color="#FF000000" />
							</Brush>
							<Tag>convertedFont</Tag>
						</Glyphs>
						<Glyphs OutlineWidth="0.5" CharSpace="0" RenderTransform="0.5968368 0 -0 0.5968368 106.023506 304.8352">
							<Font SizePoints="14" Style="Regular" FamilyName="CSMVMI+BlissPro" Capitals="Normal" ResourceId="2" />
							<Origin X="0" Y="0" />
							<Text>и</Text>
							<Size Width="7.518" Height="8.162108" />
							<Brush>
								<SolidBrush Color="#FF000000" />
							</Brush>
							<Tag>convertedFont</Tag>
						</Glyphs>
						<Glyphs OutlineWidth="0.5" CharSpace="0" RenderTransform="0.5968368 0 -0 0.5968368 203.37318 304.8352">
							<Font SizePoints="14" Style="Regular" FamilyName="CSMVMI+BlissPro" Capitals="Normal" ResourceId="2" />
							<Origin X="0" Y="0" />
							<Text>3</Text>
							<Size Width="7.448" Height="8.162108" />
							<Brush>
								<SolidBrush Color="#FF000000" />
							</Brush>
							<Tag>convertedFont</Tag>
						</Glyphs>
						<Glyphs OutlineWidth="0.5" CharSpace="0" RenderTransform="0.5968368 0 -0 0.5968368 207.84946 304.8352">
							<Font SizePoints="14" Style="Regular" FamilyName="CSMVMI+BlissPro" Capitals="Normal" ResourceId="2" />
							<Origin X="0" Y="0" />
							<Text>3</Text>
							<Size Width="7.448" Height="8.162108" />
							<Brush>
								<SolidBrush Color="#FF000000" />
							</Brush>
							<Tag>convertedFont</Tag>
						</Glyphs>
						<Glyphs OutlineWidth="0.5" CharSpace="0" RenderTransform="0.5968368 0 -0 0.5968368 235.00554 304.8352">
							<Font SizePoints="14" Style="Regular" FamilyName="CSMVMI+BlissPro" Capitals="Normal" ResourceId="2" />
							<Origin X="0" Y="0" />
							<Text>4</Text>
							<Size Width="7.784" Height="8.162108" />
							<Brush>
								<SolidBrush Color="#FF000000" />
							</Brush>
							<Tag>convertedFont</Tag>
						</Glyphs>
						<Glyphs OutlineWidth="0.5" CharSpace="0" RenderTransform="0.5968368 0 -0 0.5968368 239.67764 304.8352">
							<Font SizePoints="14" Style="Regular" FamilyName="CSMVMI+BlissPro" Capitals="Normal" ResourceId="2" />
							<Origin X="0" Y="0" />
							<Text>2</Text>
							<Size Width="7.154" Height="8.162108" />
							<Brush>
								<SolidBrush Color="#FF000000" />
							</Brush>
							<Tag>convertedFont</Tag>
						</Glyphs>
						<Glyphs OutlineWidth="0.5" CharSpace="0" RenderTransform="0.5968368 0 -0 0.5968368 268.4284 304.8352">
							<Font SizePoints="14" Style="Regular" FamilyName="CSMVMI+BlissPro" Capitals="Normal" ResourceId="2" />
							<Origin X="0" Y="0" />
							<Text>4</Text>
							<Size Width="7.784" Height="8.162108" />
							<Brush>
								<SolidBrush Color="#FF000000" />
							</Brush>
							<Tag>convertedFont</Tag>
						</Glyphs>
						<Glyphs OutlineWidth="0.5" CharSpace="0" RenderTransform="0.5968368 0 -0 0.5968368 273.10052 304.8352">
							<Font SizePoints="14" Style="Regular" FamilyName="CSMVMI+BlissPro" Capitals="Normal" ResourceId="2" />
							<Origin X="0" Y="0" />
							<Text>9</Text>
							<Size Width="7.476" Height="8.162108" />
							<Brush>
								<SolidBrush Color="#FF000000" />
							</Brush>
							<Tag>convertedFont</Tag>
						</Glyphs>
						<Glyphs OutlineWidth="0.5" CharSpace="0" RenderTransform="0.5968368 0 -0 0.5968368 301.85126 304.8352">
							<Font SizePoints="14" Style="Regular" FamilyName="CSMVMI+BlissPro" Capitals="Normal" ResourceId="2" />
							<Origin X="0" Y="0" />
							<Text>4</Text>
							<Size Width="7.784" Height="8.162108" />
							<Brush>
								<SolidBrush Color="#FF000000" />
							</Brush>
							<Tag>convertedFont</Tag>
						</Glyphs>
						<Glyphs OutlineWidth="0.5" CharSpace="0" RenderTransform="0.5968368 0 -0 0.5968368 306.52338 304.8352">
							<Font SizePoints="14" Style="Regular" FamilyName="CSMVMI+BlissPro" Capitals="Normal" ResourceId="2" />
							<Origin X="0" Y="0" />
							<Text>4</Text>
							<Size Width="7.784" Height="8.162108" />
							<Brush>
								<SolidBrush Color="#FF000000" />
							</Brush>
							<Tag>convertedFont</Tag>
						</Glyphs>
						<Glyphs OutlineWidth="0.5" CharSpace="0" RenderTransform="0.5968368 0 -0 0.5968368 343.033 304.8352">
							<Font SizePoints="14" Style="Regular" FamilyName="CSMVMI+BlissPro" Capitals="Normal" ResourceId="2" />
							<Origin X="0" Y="0" />
							<Text>4</Text>
							<Size Width="7.784" Height="8.162108" />
							<Brush>
								<SolidBrush Color="#FF000000" />
							</Brush>
							<Tag>convertedFont</Tag>
						</Glyphs>
						<Glyphs OutlineWidth="0.5" CharSpace="0" RenderTransform="0.5968368 0 -0 0.5968368 347.7051 304.8352">
							<Font SizePoints="14" Style="Regular" FamilyName="CSMVMI+BlissPro" Capitals="Normal" ResourceId="2" />
							<Origin X="0" Y="0" />
							<Text>6</Text>
							<Size Width="7.56" Height="8.162108" />
							<Brush>
								<SolidBrush Color="#FF000000" />
							</Brush>
							<Tag>convertedFont</Tag>
						</Glyphs>
						<Glyphs OutlineWidth="0.5" CharSpace="0" RenderTransform="0.5968368 0 -0 0.5968368 386.00525 304.8352">
							<Font SizePoints="14" Style="Regular" FamilyName="CSMVMI+BlissPro" Capitals="Normal" ResourceId="2" />
							<Origin X="0" Y="0" />
							<Text>3</Text>
							<Size Width="7.448" Height="8.162108" />
							<Brush>
								<SolidBrush Color="#FF000000" />
							</Brush>
							<Tag>convertedFont</Tag>
						</Glyphs>
						<Glyphs OutlineWidth="0.5" CharSpace="0" RenderTransform="0.5968368 0 -0 0.5968368 390.48154 304.8352">
							<Font SizePoints="14" Style="Regular" FamilyName="CSMVMI+BlissPro" Capitals="Normal" ResourceId="2" />
							<Origin X="0" Y="0" />
							<Text>7</Text>
							<Size Width="6.636" Height="8.162108" />
							<Brush>
								<SolidBrush Color="#FF000000" />
							</Brush>
							<Tag>convertedFont</Tag>
						</Glyphs>
						<Glyphs OutlineWidth="0.5" CharSpace="0" RenderTransform="0.5968368 0 -0 0.5968368 428.9775 304.8352">
							<Font SizePoints="14" Style="Regular" FamilyName="CSMVMI+BlissPro" Capitals="Normal" ResourceId="2" />
							<Origin X="0" Y="0" />
							<Text>3</Text>
							<Size Width="7.448" Height="8.162108" />
							<Brush>
								<SolidBrush Color="#FF000000" />
							</Brush>
							<Tag>convertedFont</Tag>
						</Glyphs>
						<Glyphs OutlineWidth="0.5" CharSpace="0" RenderTransform="0.5968368 0 -0 0.5968368 433.45377 304.8352">
							<Font SizePoints="14" Style="Regular" FamilyName="CSMVMI+BlissPro" Capitals="Normal" ResourceId="2" />
							<Origin X="0" Y="0" />
							<Text>0</Text>
							<Size Width="7.756" Height="8.162108" />
							<Brush>
								<SolidBrush Color="#FF000000" />
							</Brush>
							<Tag>convertedFont</Tag>
						</Glyphs>
						<Glyphs OutlineWidth="0.5" CharSpace="0" RenderTransform="0.5968368 0 -0 0.5968368 472.54657 304.8352">
							<Font SizePoints="14" Style="Regular" FamilyName="CSMVMI+BlissPro" Capitals="Normal" ResourceId="2" />
							<Origin X="0" Y="0" />
							<Text>5</Text>
							<Size Width="7.126" Height="8.162108" />
							<Brush>
								<SolidBrush Color="#FF000000" />
							</Brush>
							<Tag>convertedFont</Tag>
						</Glyphs>
						<Glyphs OutlineWidth="0.5" CharSpace="0" RenderTransform="0.5968368 0 -0 0.5968368 476.82703 304.8352">
							<Font SizePoints="14" Style="Regular" FamilyName="CSMVMI+BlissPro" Capitals="Normal" ResourceId="2" />
							<Origin X="0" Y="0" />
							<Text>2</Text>
							<Size Width="7.154" Height="8.162108" />
							<Brush>
								<SolidBrush Color="#FF000000" />
							</Brush>
							<Tag>convertedFont</Tag>
						</Glyphs>
						<Glyphs OutlineWidth="0.5" CharSpace="0" RenderTransform="0.5968368 0 -0 0.5968368 57.148167 317.96558">
							<Font SizePoints="14" Style="Regular" FamilyName="CSMVMI+BlissPro" Capitals="Normal" ResourceId="2" />
							<Origin X="0" Y="0" />
							<Text>Н</Text>
							<Size Width="9.674" Height="8.162108" />
							<Brush>
								<SolidBrush Color="#FF000000" />
							</Brush>
							<Tag>convertedFont</Tag>
						</Glyphs>
						<Glyphs OutlineWidth="0.5" CharSpace="0" RenderTransform="0.5968368 0 -0 0.5968368 62.967327 317.96558">
							<Font SizePoints="14" Style="Regular" FamilyName="CSMVMI+BlissPro" Capitals="Normal" ResourceId="2" />
							<Origin X="0" Y="0" />
							<Text>а</Text>
							<Size Width="6.608" Height="8.162108" />
							<Brush>
								<SolidBrush Color="#FF000000" />
							</Brush>
							<Tag>convertedFont</Tag>
						</Glyphs>
						<Glyphs OutlineWidth="0.5" CharSpace="0" RenderTransform="0.5968368 0 -0 0.5968368 66.94002 317.96558">
							<Font SizePoints="14" Style="Regular" FamilyName="CSMVMI+BlissPro" Capitals="Normal" ResourceId="2" />
							<Origin X="0" Y="0" />
							<Text> </Text>
							<Size Width="3.094" Height="8.162108" />
							<Brush>
								<SolidBrush Color="#FF000000" />
							</Brush>
							<Tag>convertedFont</Tag>
						</Glyphs>
						<Glyphs OutlineWidth="0.5" CharSpace="0" RenderTransform="0.5968368 0 -0 0.5968368 68.79581 317.96558">
							<Font SizePoints="14" Style="Regular" FamilyName="CSMVMI+BlissPro" Capitals="Normal" ResourceId="2" />
							<Origin X="0" Y="0" />
							<Text>н</Text>
							<Size Width="7.266" Height="8.162108" />
							<Brush>
								<SolidBrush Color="#FF000000" />
							</Brush>
							<Tag>convertedFont</Tag>
						</Glyphs>
						<Glyphs OutlineWidth="0.5" CharSpace="0" RenderTransform="0.5968368 0 -0 0.5968368 73.16018 317.96558">
							<Font SizePoints="14" Style="Regular" FamilyName="CSMVMI+BlissPro" Capitals="Normal" ResourceId="2" />
							<Origin X="0" Y="0" />
							<Text>а</Text>
							<Size Width="6.608" Height="8.162108" />
							<Brush>
								<SolidBrush Color="#FF000000" />
							</Brush>
							<Tag>convertedFont</Tag>
						</Glyphs>
						<Glyphs OutlineWidth="0.5" CharSpace="0" RenderTransform="0.5968368 0 -0 0.5968368 77.13287 317.96558">
							<Font SizePoints="14" Style="Regular" FamilyName="CSMVMI+BlissPro" Capitals="Normal" ResourceId="2" />
							<Origin X="0" Y="0" />
							<Text>г</Text>
							<Size Width="5.544" Height="8.162108" />
							<Brush>
								<SolidBrush Color="#FF000000" />
							</Brush>
							<Tag>convertedFont</Tag>
						</Glyphs>
						<Glyphs OutlineWidth="0.5" CharSpace="0" RenderTransform="0.5968368 0 -0 0.5968368 80.462105 317.96558">
							<Font SizePoints="14" Style="Regular" FamilyName="CSMVMI+BlissPro" Capitals="Normal" ResourceId="2" />
							<Origin X="0" Y="0" />
							<Text>н</Text>
							<Size Width="7.266" Height="8.162108" />
							<Brush>
								<SolidBrush Color="#FF000000" />
							</Brush>
							<Tag>convertedFont</Tag>
						</Glyphs>
						<Glyphs OutlineWidth="0.5" CharSpace="0" RenderTransform="0.5968368 0 -0 0.5968368 84.82648 317.96558">
							<Font SizePoints="14" Style="Regular" FamilyName="CSMVMI+BlissPro" Capitals="Normal" ResourceId="2" />
							<Origin X="0" Y="0" />
							<Text>е</Text>
							<Size Width="6.636" Height="8.162108" />
							<Brush>
								<SolidBrush Color="#FF000000" />
							</Brush>
							<Tag>convertedFont</Tag>
						</Glyphs>
						<Glyphs OutlineWidth="0.5" CharSpace="0" RenderTransform="0.5968368 0 -0 0.5968368 88.817825 317.96558">
							<Font SizePoints="14" Style="Regular" FamilyName="CSMVMI+BlissPro" Capitals="Normal" ResourceId="2" />
							<Origin X="0" Y="0" />
							<Text>т</Text>
							<Size Width="6.174" Height="8.162108" />
							<Brush>
								<SolidBrush Color="#FF000000" />
							</Brush>
							<Tag>convertedFont</Tag>
						</Glyphs>
						<Glyphs OutlineWidth="0.5" CharSpace="0" RenderTransform="0.5968368 0 -0 0.5968368 92.529396 317.96558">
							<Font SizePoints="14" Style="Regular" FamilyName="CSMVMI+BlissPro" Capitals="Normal" ResourceId="2" />
							<Origin X="0" Y="0" />
							<Text>а</Text>
							<Size Width="6.608" Height="8.162108" />
							<Brush>
								<SolidBrush Color="#FF000000" />
							</Brush>
							<Tag>convertedFont</Tag>
						</Glyphs>
						<Glyphs OutlineWidth="0.5" CharSpace="0" RenderTransform="0.5968368 0 -0 0.5968368 96.50209 317.96558">
							<Font SizePoints="14" Style="Regular" FamilyName="CSMVMI+BlissPro" Capitals="Normal" ResourceId="2" />
							<Origin X="0" Y="0" />
							<Text>н</Text>
							<Size Width="7.266" Height="8.162108" />
							<Brush>
								<SolidBrush Color="#FF000000" />
							</Brush>
							<Tag>convertedFont</Tag>
						</Glyphs>
						<Glyphs OutlineWidth="0.5" CharSpace="0" RenderTransform="0.5968368 0 -0 0.5968368 100.86646 317.96558">
							<Font SizePoints="14" Style="Regular" FamilyName="CSMVMI+BlissPro" Capitals="Normal" ResourceId="2" />
							<Origin X="0" Y="0" />
							<Text>и</Text>
							<Size Width="7.518" Height="8.162108" />
							<Brush>
								<SolidBrush Color="#FF000000" />
							</Brush>
							<Tag>convertedFont</Tag>
						</Glyphs>
						<Glyphs OutlineWidth="0.5" CharSpace="0" RenderTransform="0.5968368 0 -0 0.5968368 105.38004 317.96558">
							<Font SizePoints="14" Style="Regular" FamilyName="CSMVMI+BlissPro" Capitals="Normal" ResourceId="2" />
							<Origin X="0" Y="0" />
							<Text>и</Text>
							<Size Width="7.518" Height="8.162108" />
							<Brush>
								<SolidBrush Color="#FF000000" />
							</Brush>
							<Tag>convertedFont</Tag>
						</Glyphs>
						<Glyphs OutlineWidth="0.5" CharSpace="0" RenderTransform="0.5968368 0 -0 0.5968368 203.37318 317.96558">
							<Font SizePoints="14" Style="Regular" FamilyName="CSMVMI+BlissPro" Capitals="Normal" ResourceId="2" />
							<Origin X="0" Y="0" />
							<Text>3</Text>
							<Size Width="7.448" Height="8.162108" />
							<Brush>
								<SolidBrush Color="#FF000000" />
							</Brush>
							<Tag>convertedFont</Tag>
						</Glyphs>
						<Glyphs OutlineWidth="0.5" CharSpace="0" RenderTransform="0.5968368 0 -0 0.5968368 207.84946 317.96558">
							<Font SizePoints="14" Style="Regular" FamilyName="CSMVMI+BlissPro" Capitals="Normal" ResourceId="2" />
							<Origin X="0" Y="0" />
							<Text>4</Text>
							<Size Width="7.784" Height="8.162108" />
							<Brush>
								<SolidBrush Color="#FF000000" />
							</Brush>
							<Tag>convertedFont</Tag>
						</Glyphs>
						<Glyphs OutlineWidth="0.5" CharSpace="0" RenderTransform="0.5968368 0 -0 0.5968368 235.00554 317.96558">
							<Font SizePoints="14" Style="Regular" FamilyName="CSMVMI+BlissPro" Capitals="Normal" ResourceId="2" />
							<Origin X="0" Y="0" />
							<Text>3</Text>
							<Size Width="7.448" Height="8.162108" />
							<Brush>
								<SolidBrush Color="#FF000000" />
							</Brush>
							<Tag>convertedFont</Tag>
						</Glyphs>
						<Glyphs OutlineWidth="0.5" CharSpace="0" RenderTransform="0.5968368 0 -0 0.5968368 239.48181 317.96558">
							<Font SizePoints="14" Style="Regular" FamilyName="CSMVMI+BlissPro" Capitals="Normal" ResourceId="2" />
							<Origin X="0" Y="0" />
							<Text>8</Text>
							<Size Width="7.742" Height="8.162108" />
							<Brush>
								<SolidBrush Color="#FF000000" />
							</Brush>
							<Tag>convertedFont</Tag>
						</Glyphs>
						<Glyphs OutlineWidth="0.5" CharSpace="0" RenderTransform="0.5968368 0 -0 0.5968368 268.4284 317.96558">
							<Font SizePoints="14" Style="Regular" FamilyName="CSMVMI+BlissPro" Capitals="Normal" ResourceId="2" />
							<Origin X="0" Y="0" />
							<Text>3</Text>
							<Size Width="7.448" Height="8.162108" />
							<Brush>
								<SolidBrush Color="#FF000000" />
							</Brush>
							<Tag>convertedFont</Tag>
						</Glyphs>
						<Glyphs OutlineWidth="0.5" CharSpace="0" RenderTransform="0.5968368 0 -0 0.5968368 272.90466 317.96558">
							<Font SizePoints="14" Style="Regular" FamilyName="CSMVMI+BlissPro" Capitals="Normal" ResourceId="2" />
							<Origin X="0" Y="0" />
							<Text>7</Text>
							<Size Width="6.636" Height="8.162108" />
							<Brush>
								<SolidBrush Color="#FF000000" />
							</Brush>
							<Tag>convertedFont</Tag>
						</Glyphs>
						<Glyphs OutlineWidth="0.5" CharSpace="0" RenderTransform="0.5968368 0 -0 0.5968368 301.85126 317.96558">
							<Font SizePoints="14" Style="Regular" FamilyName="CSMVMI+BlissPro" Capitals="Normal" ResourceId="2" />
							<Origin X="0" Y="0" />
							<Text>3</Text>
							<Size Width="7.448" Height="8.162108" />
							<Brush>
								<SolidBrush Color="#FF000000" />
							</Brush>
							<Tag>convertedFont</Tag>
						</Glyphs>
						<Glyphs OutlineWidth="0.5" CharSpace="0" RenderTransform="0.5968368 0 -0 0.5968368 306.32755 317.96558">
							<Font SizePoints="14" Style="Regular" FamilyName="CSMVMI+BlissPro" Capitals="Normal" ResourceId="2" />
							<Origin X="0" Y="0" />
							<Text>0</Text>
							<Size Width="7.756" Height="8.162108" />
							<Brush>
								<SolidBrush Color="#FF000000" />
							</Brush>
							<Tag>convertedFont</Tag>
						</Glyphs>
						<Glyphs OutlineWidth="0.5" CharSpace="0" RenderTransform="0.5968368 0 -0 0.5968368 343.033 317.96558">
							<Font SizePoints="14" Style="Regular" FamilyName="CSMVMI+BlissPro" Capitals="Normal" ResourceId="2" />
							<Origin X="0" Y="0" />
							<Text>3</Text>
							<Size Width="7.448" Height="8.162108" />
							<Brush>
								<SolidBrush Color="#FF000000" />
							</Brush>
							<Tag>convertedFont</Tag>
						</Glyphs>
						<Glyphs OutlineWidth="0.5" CharSpace="0" RenderTransform="0.5968368 0 -0 0.5968368 347.50928 317.96558">
							<Font SizePoints="14" Style="Regular" FamilyName="CSMVMI+BlissPro" Capitals="Normal" ResourceId="2" />
							<Origin X="0" Y="0" />
							<Text>3</Text>
							<Size Width="7.448" Height="8.162108" />
							<Brush>
								<SolidBrush Color="#FF000000" />
							</Brush>
							<Tag>convertedFont</Tag>
						</Glyphs>
						<Glyphs OutlineWidth="0.5" CharSpace="0" RenderTransform="0.5968368 0 -0 0.5968368 386.00525 317.96558">
							<Font SizePoints="14" Style="Regular" FamilyName="CSMVMI+BlissPro" Capitals="Normal" ResourceId="2" />
							<Origin X="0" Y="0" />
							<Text>3</Text>
							<Size Width="7.448" Height="8.162108" />
							<Brush>
								<SolidBrush Color="#FF000000" />
							</Brush>
							<Tag>convertedFont</Tag>
						</Glyphs>
						<Glyphs OutlineWidth="0.5" CharSpace="0" RenderTransform="0.5968368 0 -0 0.5968368 390.48154 317.96558">
							<Font SizePoints="14" Style="Regular" FamilyName="CSMVMI+BlissPro" Capitals="Normal" ResourceId="2" />
							<Origin X="0" Y="0" />
							<Text>8</Text>
							<Size Width="7.742" Height="8.162108" />
							<Brush>
								<SolidBrush Color="#FF000000" />
							</Brush>
							<Tag>convertedFont</Tag>
						</Glyphs>
						<Glyphs OutlineWidth="0.5" CharSpace="0" RenderTransform="0.5968368 0 -0 0.5968368 428.9775 317.96558">
							<Font SizePoints="14" Style="Regular" FamilyName="CSMVMI+BlissPro" Capitals="Normal" ResourceId="2" />
							<Origin X="0" Y="0" />
							<Text>3</Text>
							<Size Width="7.448" Height="8.162108" />
							<Brush>
								<SolidBrush Color="#FF000000" />
							</Brush>
							<Tag>convertedFont</Tag>
						</Glyphs>
						<Glyphs OutlineWidth="0.5" CharSpace="0" RenderTransform="0.5968368 0 -0 0.5968368 433.45377 317.96558">
							<Font SizePoints="14" Style="Regular" FamilyName="CSMVMI+BlissPro" Capitals="Normal" ResourceId="2" />
							<Origin X="0" Y="0" />
							<Text>6</Text>
							<Size Width="7.56" Height="8.162108" />
							<Brush>
								<SolidBrush Color="#FF000000" />
							</Brush>
							<Tag>convertedFont</Tag>
						</Glyphs>
						<Glyphs OutlineWidth="0.5" CharSpace="0" RenderTransform="0.5968368 0 -0 0.5968368 472.54657 317.96558">
							<Font SizePoints="14" Style="Regular" FamilyName="CSMVMI+BlissPro" Capitals="Normal" ResourceId="2" />
							<Origin X="0" Y="0" />
							<Text>4</Text>
							<Size Width="7.784" Height="8.162108" />
							<Brush>
								<SolidBrush Color="#FF000000" />
							</Brush>
							<Tag>convertedFont</Tag>
						</Glyphs>
						<Glyphs OutlineWidth="0.5" CharSpace="0" RenderTransform="0.5968368 0 -0 0.5968368 477.2187 317.96558">
							<Font SizePoints="14" Style="Regular" FamilyName="CSMVMI+BlissPro" Capitals="Normal" ResourceId="2" />
							<Origin X="0" Y="0" />
							<Text>4</Text>
							<Size Width="7.784" Height="8.162108" />
							<Brush>
								<SolidBrush Color="#FF000000" />
							</Brush>
							<Tag>convertedFont</Tag>
						</Glyphs>
						<Glyphs OutlineWidth="0.5" CharSpace="0" RenderTransform="0.5968368 0 -0 0.5968368 57.148167 331.09595">
							<Font SizePoints="14" Style="Regular" FamilyName="CSMVMI+BlissPro" Capitals="Normal" ResourceId="2" />
							<Origin X="0" Y="0" />
							<Text>К</Text>
							<Size Width="8.176" Height="8.162108" />
							<Brush>
								<SolidBrush Color="#FF000000" />
							</Brush>
							<Tag>convertedFont</Tag>
						</Glyphs>
						<Glyphs OutlineWidth="0.5" CharSpace="0" RenderTransform="0.5968368 0 -0 0.5968368 62.062744 331.09595">
							<Font SizePoints="14" Style="Regular" FamilyName="CSMVMI+BlissPro" Capitals="Normal" ResourceId="2" />
							<Origin X="0" Y="0" />
							<Text> </Text>
							<Size Width="3.094" Height="8.162108" />
							<Brush>
								<SolidBrush Color="#FF000000" />
							</Brush>
							<Tag>convertedFont</Tag>
						</Glyphs>
						<Glyphs OutlineWidth="0.5" CharSpace="0" RenderTransform="0.5968368 0 -0 0.5968368 63.918533 331.09595">
							<Font SizePoints="14" Style="Regular" FamilyName="CSMVMI+BlissPro" Capitals="Normal" ResourceId="2" />
							<Origin X="0" Y="0" />
							<Text>о</Text>
							<Size Width="7.364" Height="8.162108" />
							<Brush>
								<SolidBrush Color="#FF000000" />
							</Brush>
							<Tag>convertedFont</Tag>
						</Glyphs>
						<Glyphs OutlineWidth="0.5" CharSpace="0" RenderTransform="0.5968368 0 -0 0.5968368 68.33885 331.09595">
							<Font SizePoints="14" Style="Regular" FamilyName="CSMVMI+BlissPro" Capitals="Normal" ResourceId="2" />
							<Origin X="0" Y="0" />
							<Text>к</Text>
							<Size Width="6.496" Height="8.162108" />
							<Brush>
								<SolidBrush Color="#FF000000" />
							</Brush>
							<Tag>convertedFont</Tag>
						</Glyphs>
						<Glyphs OutlineWidth="0.5" CharSpace="0" RenderTransform="0.5968368 0 -0 0.5968368 72.24628 331.09595">
							<Font SizePoints="14" Style="Regular" FamilyName="CSMVMI+BlissPro" Capitals="Normal" ResourceId="2" />
							<Origin X="0" Y="0" />
							<Text>р</Text>
							<Size Width="7.14" Height="8.162108" />
							<Brush>
								<SolidBrush Color="#FF000000" />
							</Brush>
							<Tag>convertedFont</Tag>
						</Glyphs>
						<Glyphs OutlineWidth="0.5" CharSpace="0" RenderTransform="0.5968368 0 -0 0.5968368 76.53604 331.09595">
							<Font SizePoints="14" Style="Regular" FamilyName="CSMVMI+BlissPro" Capitals="Normal" ResourceId="2" />
							<Origin X="0" Y="0" />
							<Text>у</Text>
							<Size Width="6.776" Height="8.162108" />
							<Brush>
								<SolidBrush Color="#FF000000" />
							</Brush>
							<Tag>convertedFont</Tag>
						</Glyphs>
						<Glyphs OutlineWidth="0.5" CharSpace="0" RenderTransform="0.5968368 0 -0 0.5968368 80.61131 331.09595">
							<Font SizePoints="14" Style="Regular" FamilyName="CSMVMI+BlissPro" Capitals="Normal" ResourceId="2" />
							<Origin X="0" Y="0" />
							<Text>ж</Text>
							<Size Width="9.632" Height="8.162108" />
							<Brush>
								<SolidBrush Color="#FF000000" />
							</Brush>
							<Tag>convertedFont</Tag>
						</Glyphs>
						<Glyphs OutlineWidth="0.5" CharSpace="0" RenderTransform="0.5968368 0 -0 0.5968368 86.4025 331.09595">
							<Font SizePoints="14" Style="Regular" FamilyName="CSMVMI+BlissPro" Capitals="Normal" ResourceId="2" />
							<Origin X="0" Y="0" />
							<Text>е</Text>
							<Size Width="6.636" Height="8.162108" />
							<Brush>
								<SolidBrush Color="#FF000000" />
							</Brush>
							<Tag>convertedFont</Tag>
						</Glyphs>
						<Glyphs OutlineWidth="0.5" CharSpace="0" RenderTransform="0.5968368 0 -0 0.5968368 90.393845 331.09595">
							<Font SizePoints="14" Style="Regular" FamilyName="CSMVMI+BlissPro" Capitals="Normal" ResourceId="2" />
							<Origin X="0" Y="0" />
							<Text>н</Text>
							<Size Width="7.266" Height="8.162108" />
							<Brush>
								<SolidBrush Color="#FF000000" />
							</Brush>
							<Tag>convertedFont</Tag>
						</Glyphs>
						<Glyphs OutlineWidth="0.5" CharSpace="0" RenderTransform="0.5968368 0 -0 0.5968368 94.75821 331.09595">
							<Font SizePoints="14" Style="Regular" FamilyName="CSMVMI+BlissPro" Capitals="Normal" ResourceId="2" />
							<Origin X="0" Y="0" />
							<Text>и</Text>
							<Size Width="7.518" Height="8.162108" />
							<Brush>
								<SolidBrush Color="#FF000000" />
							</Brush>
							<Tag>convertedFont</Tag>
						</Glyphs>
						<Glyphs OutlineWidth="0.5" CharSpace="0" RenderTransform="0.5968368 0 -0 0.5968368 99.27179 331.09595">
							<Font SizePoints="14" Style="Regular" FamilyName="CSMVMI+BlissPro" Capitals="Normal" ResourceId="2" />
							<Origin X="0" Y="0" />
							<Text>ю</Text>
							<Size Width="9.982" Height="8.162108" />
							<Brush>
								<SolidBrush Color="#FF000000" />
							</Brush>
							<Tag>convertedFont</Tag>
						</Glyphs>
						<Glyphs OutlineWidth="0.5" CharSpace="0" RenderTransform="0.5968368 0 -0 0.5968368 203.37318 331.09595">
							<Font SizePoints="14" Style="Regular" FamilyName="CSMVMI+BlissPro" Capitals="Normal" ResourceId="2" />
							<Origin X="0" Y="0" />
							<Text>3</Text>
							<Size Width="7.448" Height="8.162108" />
							<Brush>
								<SolidBrush Color="#FF000000" />
							</Brush>
							<Tag>convertedFont</Tag>
						</Glyphs>
						<Glyphs OutlineWidth="0.5" CharSpace="0" RenderTransform="0.5968368 0 -0 0.5968368 207.84946 331.09595">
							<Font SizePoints="14" Style="Regular" FamilyName="CSMVMI+BlissPro" Capitals="Normal" ResourceId="2" />
							<Origin X="0" Y="0" />
							<Text>4</Text>
							<Size Width="7.784" Height="8.162108" />
							<Brush>
								<SolidBrush Color="#FF000000" />
							</Brush>
							<Tag>convertedFont</Tag>
						</Glyphs>
						<Glyphs OutlineWidth="0.5" CharSpace="0" RenderTransform="0.5968368 0 -0 0.5968368 235.00554 331.09595">
							<Font SizePoints="14" Style="Regular" FamilyName="CSMVMI+BlissPro" Capitals="Normal" ResourceId="2" />
							<Origin X="0" Y="0" />
							<Text>4</Text>
							<Size Width="7.784" Height="8.162108" />
							<Brush>
								<SolidBrush Color="#FF000000" />
							</Brush>
							<Tag>convertedFont</Tag>
						</Glyphs>
						<Glyphs OutlineWidth="0.5" CharSpace="0" RenderTransform="0.5968368 0 -0 0.5968368 239.67764 331.09595">
							<Font SizePoints="14" Style="Regular" FamilyName="CSMVMI+BlissPro" Capitals="Normal" ResourceId="2" />
							<Origin X="0" Y="0" />
							<Text>9</Text>
							<Size Width="7.476" Height="8.162108" />
							<Brush>
								<SolidBrush Color="#FF000000" />
							</Brush>
							<Tag>convertedFont</Tag>
						</Glyphs>
						<Glyphs OutlineWidth="0.5" CharSpace="0" RenderTransform="0.5968368 0 -0 0.5968368 268.4284 331.09595">
							<Font SizePoints="14" Style="Regular" FamilyName="CSMVMI+BlissPro" Capitals="Normal" ResourceId="2" />
							<Origin X="0" Y="0" />
							<Text>5</Text>
							<Size Width="7.126" Height="8.162108" />
							<Brush>
								<SolidBrush Color="#FF000000" />
							</Brush>
							<Tag>convertedFont</Tag>
						</Glyphs>
						<Glyphs OutlineWidth="0.5" CharSpace="0" RenderTransform="0.5968368 0 -0 0.5968368 272.70883 331.09595">
							<Font SizePoints="14" Style="Regular" FamilyName="CSMVMI+BlissPro" Capitals="Normal" ResourceId="2" />
							<Origin X="0" Y="0" />
							<Text>7</Text>
							<Size Width="6.636" Height="8.162108" />
							<Brush>
								<SolidBrush Color="#FF000000" />
							</Brush>
							<Tag>convertedFont</Tag>
						</Glyphs>
						<Glyphs OutlineWidth="0.5" CharSpace="0" RenderTransform="0.5968368 0 -0 0.5968368 301.85126 331.09595">
							<Font SizePoints="14" Style="Regular" FamilyName="CSMVMI+BlissPro" Capitals="Normal" ResourceId="2" />
							<Origin X="0" Y="0" />
							<Text>6</Text>
							<Size Width="7.56" Height="8.162108" />
							<Brush>
								<SolidBrush Color="#FF000000" />
							</Brush>
							<Tag>convertedFont</Tag>
						</Glyphs>
						<Glyphs OutlineWidth="0.5" CharSpace="0" RenderTransform="0.5968368 0 -0 0.5968368 306.39282 331.09595">
							<Font SizePoints="14" Style="Regular" FamilyName="CSMVMI+BlissPro" Capitals="Normal" ResourceId="2" />
							<Origin X="0" Y="0" />
							<Text>0</Text>
							<Size Width="7.756" Height="8.162108" />
							<Brush>
								<SolidBrush Color="#FF000000" />
							</Brush>
							<Tag>convertedFont</Tag>
						</Glyphs>
						<Glyphs OutlineWidth="0.5" CharSpace="0" RenderTransform="0.5968368 0 -0 0.5968368 343.033 331.09595">
							<Font SizePoints="14" Style="Regular" FamilyName="CSMVMI+BlissPro" Capitals="Normal" ResourceId="2" />
							<Origin X="0" Y="0" />
							<Text>6</Text>
							<Size Width="7.56" Height="8.162108" />
							<Brush>
								<SolidBrush Color="#FF000000" />
							</Brush>
							<Tag>convertedFont</Tag>
						</Glyphs>
						<Glyphs OutlineWidth="0.5" CharSpace="0" RenderTransform="0.5968368 0 -0 0.5968368 347.57455 331.09595">
							<Font SizePoints="14" Style="Regular" FamilyName="CSMVMI+BlissPro" Capitals="Normal" ResourceId="2" />
							<Origin X="0" Y="0" />
							<Text>2</Text>
							<Size Width="7.154" Height="8.162108" />
							<Brush>
								<SolidBrush Color="#FF000000" />
							</Brush>
							<Tag>convertedFont</Tag>
						</Glyphs>
						<Glyphs OutlineWidth="0.5" CharSpace="0" RenderTransform="0.5968368 0 -0 0.5968368 386.00525 331.09595">
							<Font SizePoints="14" Style="Regular" FamilyName="CSMVMI+BlissPro" Capitals="Normal" ResourceId="2" />
							<Origin X="0" Y="0" />
							<Text>6</Text>
							<Size Width="7.56" Height="8.162108" />
							<Brush>
								<SolidBrush Color="#FF000000" />
							</Brush>
							<Tag>convertedFont</Tag>
						</Glyphs>
						<Glyphs OutlineWidth="0.5" CharSpace="0" RenderTransform="0.5968368 0 -0 0.5968368 390.5468 331.09595">
							<Font SizePoints="14" Style="Regular" FamilyName="CSMVMI+BlissPro" Capitals="Normal" ResourceId="2" />
							<Origin X="0" Y="0" />
							<Text>2</Text>
							<Size Width="7.154" Height="8.162108" />
							<Brush>
								<SolidBrush Color="#FF000000" />
							</Brush>
							<Tag>convertedFont</Tag>
						</Glyphs>
						<Glyphs OutlineWidth="0.5" CharSpace="0" RenderTransform="0.5968368 0 -0 0.5968368 428.9775 331.09595">
							<Font SizePoints="14" Style="Regular" FamilyName="CSMVMI+BlissPro" Capitals="Normal" ResourceId="2" />
							<Origin X="0" Y="0" />
							<Text>5</Text>
							<Size Width="7.126" Height="8.162108" />
							<Brush>
								<SolidBrush Color="#FF000000" />
							</Brush>
							<Tag>convertedFont</Tag>
						</Glyphs>
						<Glyphs OutlineWidth="0.5" CharSpace="0" RenderTransform="0.5968368 0 -0 0.5968368 433.25793 331.09595">
							<Font SizePoints="14" Style="Regular" FamilyName="CSMVMI+BlissPro" Capitals="Normal" ResourceId="2" />
							<Origin X="0" Y="0" />
							<Text>4</Text>
							<Size Width="7.784" Height="8.162108" />
							<Brush>
								<SolidBrush Color="#FF000000" />
							</Brush>
							<Tag>convertedFont</Tag>
						</Glyphs>
						<Glyphs OutlineWidth="0.5" CharSpace="0" RenderTransform="0.5968368 0 -0 0.5968368 472.54657 331.09595">
							<Font SizePoints="14" Style="Regular" FamilyName="CSMVMI+BlissPro" Capitals="Normal" ResourceId="2" />
							<Origin X="0" Y="0" />
							<Text>6</Text>
							<Size Width="7.56" Height="8.162108" />
							<Brush>
								<SolidBrush Color="#FF000000" />
							</Brush>
							<Tag>convertedFont</Tag>
						</Glyphs>
						<Glyphs OutlineWidth="0.5" CharSpace="0" RenderTransform="0.5968368 0 -0 0.5968368 477.08813 331.09595">
							<Font SizePoints="14" Style="Regular" FamilyName="CSMVMI+BlissPro" Capitals="Normal" ResourceId="2" />
							<Origin X="0" Y="0" />
							<Text>7</Text>
							<Size Width="6.636" Height="8.162108" />
							<Brush>
								<SolidBrush Color="#FF000000" />
							</Brush>
							<Tag>convertedFont</Tag>
						</Glyphs>
						<Glyphs OutlineWidth="0.5" CharSpace="0" RenderTransform="0.5968368 0 -0 0.5968368 58.938675 366.90625">
							<Font SizePoints="16" Style="Bold" FamilyName="HPDHEV+BlissPro-Bold" Capitals="Normal" ResourceId="3" />
							<Origin X="0" Y="0" />
							<Text>П</Text>
							<Size Width="10.928" Height="9.328125" />
							<Brush>
								<SolidBrush Color="#FFFFFFFF" />
							</Brush>
							<Tag>convertedFont</Tag>
						</Glyphs>
						<Glyphs OutlineWidth="0.5" CharSpace="0" RenderTransform="0.5968368 0 -0 0.5968368 65.51321 366.90625">
							<Font SizePoints="16" Style="Bold" FamilyName="HPDHEV+BlissPro-Bold" Capitals="Normal" ResourceId="3" />
							<Origin X="0" Y="0" />
							<Text>О</Text>
							<Size Width="12.224" Height="9.328125" />
							<Brush>
								<SolidBrush Color="#FFFFFFFF" />
							</Brush>
							<Tag>convertedFont</Tag>
						</Glyphs>
						<Glyphs OutlineWidth="0.5" CharSpace="0" RenderTransform="0.5968368 0 -0 0.5968368 72.861755 366.90625">
							<Font SizePoints="16" Style="Bold" FamilyName="HPDHEV+BlissPro-Bold" Capitals="Normal" ResourceId="3" />
							<Origin X="0" Y="0" />
							<Text>Д</Text>
							<Size Width="11.136" Height="9.328125" />
							<Brush>
								<SolidBrush Color="#FFFFFFFF" />
							</Brush>
							<Tag>convertedFont</Tag>
						</Glyphs>
						<Glyphs OutlineWidth="0.5" CharSpace="0" RenderTransform="0.5968368 0 -0 0.5968368 79.5482 366.90625">
							<Font SizePoints="16" Style="Bold" FamilyName="HPDHEV+BlissPro-Bold" Capitals="Normal" ResourceId="3" />
							<Origin X="0" Y="0" />
							<Text>О</Text>
							<Size Width="12.224" Height="9.328125" />
							<Brush>
								<SolidBrush Color="#FFFFFFFF" />
							</Brush>
							<Tag>convertedFont</Tag>
						</Glyphs>
						<Glyphs OutlineWidth="0.5" CharSpace="0" RenderTransform="0.5968368 0 -0 0.5968368 86.89675 366.90625">
							<Font SizePoints="16" Style="Bold" FamilyName="HPDHEV+BlissPro-Bold" Capitals="Normal" ResourceId="3" />
							<Origin X="0" Y="0" />
							<Text>Б</Text>
							<Size Width="9.024" Height="9.328125" />
							<Brush>
								<SolidBrush Color="#FFFFFFFF" />
							</Brush>
							<Tag>convertedFont</Tag>
						</Glyphs>
						<Glyphs OutlineWidth="0.5" CharSpace="0" RenderTransform="0.5968368 0 -0 0.5968368 92.324234 366.90625">
							<Font SizePoints="16" Style="Bold" FamilyName="HPDHEV+BlissPro-Bold" Capitals="Normal" ResourceId="3" />
							<Origin X="0" Y="0" />
							<Text>Р</Text>
							<Size Width="8.624" Height="9.328125" />
							<Brush>
								<SolidBrush Color="#FFFFFFFF" />
							</Brush>
							<Tag>convertedFont</Tag>
						</Glyphs>
						<Glyphs OutlineWidth="0.5" CharSpace="0" RenderTransform="0.5968368 0 -0 0.5968368 97.509254 366.90625">
							<Font SizePoints="16" Style="Bold" FamilyName="HPDHEV+BlissPro-Bold" Capitals="Normal" ResourceId="3" />
							<Origin X="0" Y="0" />
							<Text>А</Text>
							<Size Width="10.064" Height="9.328125" />
							<Brush>
								<SolidBrush Color="#FFFFFFFF" />
							</Brush>
							<Tag>convertedFont</Tag>
						</Glyphs>
						<Glyphs OutlineWidth="0.5" CharSpace="0" RenderTransform="0.5968368 0 -0 0.5968368 103.561554 366.90625">
							<Font SizePoints="16" Style="Bold" FamilyName="HPDHEV+BlissPro-Bold" Capitals="Normal" ResourceId="3" />
							<Origin X="0" Y="0" />
							<Text>Н</Text>
							<Size Width="11.392" Height="9.328125" />
							<Brush>
								<SolidBrush Color="#FFFFFFFF" />
							</Brush>
							<Tag>convertedFont</Tag>
						</Glyphs>
						<Glyphs OutlineWidth="0.5" CharSpace="0" RenderTransform="0.5968368 0 -0 0.5968368 110.41585 366.90625">
							<Font SizePoints="16" Style="Bold" FamilyName="HPDHEV+BlissPro-Bold" Capitals="Normal" ResourceId="3" />
							<Origin X="0" Y="0" />
							<Text>Н</Text>
							<Size Width="11.392" Height="9.328125" />
							<Brush>
								<SolidBrush Color="#FFFFFFFF" />
							</Brush>
							<Tag>convertedFont</Tag>
						</Glyphs>
						<Glyphs OutlineWidth="0.5" CharSpace="0" RenderTransform="0.5968368 0 -0 0.5968368 117.27015 366.90625">
							<Font SizePoints="16" Style="Bold" FamilyName="HPDHEV+BlissPro-Bold" Capitals="Normal" ResourceId="3" />
							<Origin X="0" Y="0" />
							<Text>А</Text>
							<Size Width="10.064" Height="9.328125" />
							<Brush>
								<SolidBrush Color="#FFFFFFFF" />
							</Brush>
							<Tag>convertedFont</Tag>
						</Glyphs>
						<Glyphs OutlineWidth="0.5" CharSpace="0" RenderTransform="0.5968368 0 -0 0.5968368 123.32245 366.90625">
							<Font SizePoints="16" Style="Bold" FamilyName="HPDHEV+BlissPro-Bold" Capitals="Normal" ResourceId="3" />
							<Origin X="0" Y="0" />
							<Text>Я</Text>
							<Size Width="9.632" Height="9.328125" />
							<Brush>
								<SolidBrush Color="#FFFFFFFF" />
							</Brush>
							<Tag>convertedFont</Tag>
						</Glyphs>
						<Glyphs OutlineWidth="0.5" CharSpace="0" RenderTransform="0.5968368 0 -0 0.5968368 129.11363 366.90625">
							<Font SizePoints="16" Style="Bold" FamilyName="HPDHEV+BlissPro-Bold" Capitals="Normal" ResourceId="3" />
							<Origin X="0" Y="0" />
							<Text> </Text>
							<Size Width="3.424" Height="9.328125" />
							<Brush>
								<SolidBrush Color="#FFFFFFFF" />
							</Brush>
							<Tag>convertedFont</Tag>
						</Glyphs>
						<Glyphs OutlineWidth="0.5" CharSpace="0" RenderTransform="0.5968368 0 -0 0.5968368 131.17459 366.90625">
							<Font SizePoints="16" Style="Bold" FamilyName="HPDHEV+BlissPro-Bold" Capitals="Normal" ResourceId="3" />
							<Origin X="0" Y="0" />
							<Text>А</Text>
							<Size Width="10.064" Height="9.328125" />
							<Brush>
								<SolidBrush Color="#FFFFFFFF" />
							</Brush>
							<Tag>convertedFont</Tag>
						</Glyphs>
						<Glyphs OutlineWidth="0.5" CharSpace="0" RenderTransform="0.5968368 0 -0 0.5968368 137.22688 366.90625">
							<Font SizePoints="16" Style="Bold" FamilyName="HPDHEV+BlissPro-Bold" Capitals="Normal" ResourceId="3" />
							<Origin X="0" Y="0" />
							<Text>В</Text>
							<Size Width="9.024" Height="9.328125" />
							<Brush>
								<SolidBrush Color="#FFFFFFFF" />
							</Brush>
							<Tag>convertedFont</Tag>
						</Glyphs>
						<Glyphs OutlineWidth="0.5" CharSpace="0" RenderTransform="0.5968368 0 -0 0.5968368 142.65436 366.90625">
							<Font SizePoints="16" Style="Bold" FamilyName="HPDHEV+BlissPro-Bold" Capitals="Normal" ResourceId="3" />
							<Origin X="0" Y="0" />
							<Text>Т</Text>
							<Size Width="8.56" Height="9.328125" />
							<Brush>
								<SolidBrush Color="#FFFFFFFF" />
							</Brush>
							<Tag>convertedFont</Tag>
						</Glyphs>
						<Glyphs OutlineWidth="0.5" CharSpace="0" RenderTransform="0.5968368 0 -0 0.5968368 147.79276 366.90625">
							<Font SizePoints="16" Style="Bold" FamilyName="HPDHEV+BlissPro-Bold" Capitals="Normal" ResourceId="3" />
							<Origin X="0" Y="0" />
							<Text>О</Text>
							<Size Width="12.224" Height="9.328125" />
							<Brush>
								<SolidBrush Color="#FFFFFFFF" />
							</Brush>
							<Tag>convertedFont</Tag>
						</Glyphs>
						<Glyphs OutlineWidth="0.5" CharSpace="0" RenderTransform="0.5968368 0 -0 0.5968368 155.14131 366.90625">
							<Font SizePoints="16" Style="Bold" FamilyName="HPDHEV+BlissPro-Bold" Capitals="Normal" ResourceId="3" />
							<Origin X="0" Y="0" />
							<Text>М</Text>
							<Size Width="13.072" Height="9.328125" />
							<Brush>
								<SolidBrush Color="#FFFFFFFF" />
							</Brush>
							<Tag>convertedFont</Tag>
						</Glyphs>
						<Glyphs OutlineWidth="0.5" CharSpace="0" RenderTransform="0.5968368 0 -0 0.5968368 162.99344 366.90625">
							<Font SizePoints="16" Style="Bold" FamilyName="HPDHEV+BlissPro-Bold" Capitals="Normal" ResourceId="3" />
							<Origin X="0" Y="0" />
							<Text>А</Text>
							<Size Width="10.064" Height="9.328125" />
							<Brush>
								<SolidBrush Color="#FFFFFFFF" />
							</Brush>
							<Tag>convertedFont</Tag>
						</Glyphs>
						<Glyphs OutlineWidth="0.5" CharSpace="0" RenderTransform="0.5968368 0 -0 0.5968368 169.04575 366.90625">
							<Font SizePoints="16" Style="Bold" FamilyName="HPDHEV+BlissPro-Bold" Capitals="Normal" ResourceId="3" />
							<Origin X="0" Y="0" />
							<Text>Т</Text>
							<Size Width="8.56" Height="9.328125" />
							<Brush>
								<SolidBrush Color="#FFFFFFFF" />
							</Brush>
							<Tag>convertedFont</Tag>
						</Glyphs>
						<Glyphs OutlineWidth="0.5" CharSpace="0" RenderTransform="0.5968368 0 -0 0.5968368 174.18413 366.90625">
							<Font SizePoints="16" Style="Bold" FamilyName="HPDHEV+BlissPro-Bold" Capitals="Normal" ResourceId="3" />
							<Origin X="0" Y="0" />
							<Text>И</Text>
							<Size Width="11.872" Height="9.328125" />
							<Brush>
								<SolidBrush Color="#FFFFFFFF" />
							</Brush>
							<Tag>convertedFont</Tag>
						</Glyphs>
						<Glyphs OutlineWidth="0.5" CharSpace="0" RenderTransform="0.5968368 0 -0 0.5968368 181.31819 366.90625">
							<Font SizePoints="16" Style="Bold" FamilyName="HPDHEV+BlissPro-Bold" Capitals="Normal" ResourceId="3" />
							<Origin X="0" Y="0" />
							<Text>К</Text>
							<Size Width="9.92" Height="9.328125" />
							<Brush>
								<SolidBrush Color="#FFFFFFFF" />
							</Brush>
							<Tag>convertedFont</Tag>
						</Glyphs>
						<Glyphs OutlineWidth="0.5" CharSpace="0" RenderTransform="0.5968368 0 -0 0.5968368 187.28656 366.90625">
							<Font SizePoints="16" Style="Bold" FamilyName="HPDHEV+BlissPro-Bold" Capitals="Normal" ResourceId="3" />
							<Origin X="0" Y="0" />
							<Text>А</Text>
							<Size Width="10.064" Height="9.328125" />
							<Brush>
								<SolidBrush Color="#FFFFFFFF" />
							</Brush>
							<Tag>convertedFont</Tag>
						</Glyphs>
						<Glyphs OutlineWidth="0.5" CharSpace="0" RenderTransform="0.5968368 0 -0 0.5968368 57.148167 389.58594">
							<Font SizePoints="14" Style="Bold" FamilyName="HPDHEV+BlissPro-Bold" Capitals="Normal" ResourceId="3" />
							<Origin X="0" Y="0" />
							<Text>Н</Text>
							<Size Width="9.968" Height="8.162108" />
							<Brush>
								<SolidBrush Color="#FF6D6E71" />
							</Brush>
							<Tag>convertedFont</Tag>
						</Glyphs>
						<Glyphs OutlineWidth="0.5" CharSpace="0" RenderTransform="0.5968368 0 -0 0.5968368 63.144512 389.58594">
							<Font SizePoints="14" Style="Bold" FamilyName="HPDHEV+BlissPro-Bold" Capitals="Normal" ResourceId="3" />
							<Origin X="0" Y="0" />
							<Text>А</Text>
							<Size Width="8.806" Height="8.162108" />
							<Brush>
								<SolidBrush Color="#FF6D6E71" />
							</Brush>
							<Tag>convertedFont</Tag>
						</Glyphs>
						<Glyphs OutlineWidth="0.5" CharSpace="0" RenderTransform="0.5968368 0 -0 0.5968368 68.44144 389.58594">
							<Font SizePoints="14" Style="Bold" FamilyName="HPDHEV+BlissPro-Bold" Capitals="Normal" ResourceId="3" />
							<Origin X="0" Y="0" />
							<Text>И</Text>
							<Size Width="10.388" Height="8.162108" />
							<Brush>
								<SolidBrush Color="#FF6D6E71" />
							</Brush>
							<Tag>convertedFont</Tag>
						</Glyphs>
						<Glyphs OutlineWidth="0.5" CharSpace="0" RenderTransform="0.5968368 0 -0 0.5968368 74.689575 389.58594">
							<Font SizePoints="14" Style="Bold" FamilyName="HPDHEV+BlissPro-Bold" Capitals="Normal" ResourceId="3" />
							<Origin X="0" Y="0" />
							<Text>М</Text>
							<Size Width="11.438" Height="8.162108" />
							<Brush>
								<SolidBrush Color="#FF6D6E71" />
							</Brush>
							<Tag>convertedFont</Tag>
						</Glyphs>
						<Glyphs OutlineWidth="0.5" CharSpace="0" RenderTransform="0.5968368 0 -0 0.5968368 81.56252 389.58594">
							<Font SizePoints="14" Style="Bold" FamilyName="HPDHEV+BlissPro-Bold" Capitals="Normal" ResourceId="3" />
							<Origin X="0" Y="0" />
							<Text>Е</Text>
							<Size Width="7.014" Height="8.162108" />
							<Brush>
								<SolidBrush Color="#FF6D6E71" />
							</Brush>
							<Tag>convertedFont</Tag>
						</Glyphs>
						<Glyphs OutlineWidth="0.5" CharSpace="0" RenderTransform="0.5968368 0 -0 0.5968368 85.77768 389.58594">
							<Font SizePoints="14" Style="Bold" FamilyName="HPDHEV+BlissPro-Bold" Capitals="Normal" ResourceId="3" />
							<Origin X="0" Y="0" />
							<Text>Н</Text>
							<Size Width="9.968" Height="8.162108" />
							<Brush>
								<SolidBrush Color="#FF6D6E71" />
							</Brush>
							<Tag>convertedFont</Tag>
						</Glyphs>
						<Glyphs OutlineWidth="0.5" CharSpace="0" RenderTransform="0.5968368 0 -0 0.5968368 91.77403 389.58594">
							<Font SizePoints="14" Style="Bold" FamilyName="HPDHEV+BlissPro-Bold" Capitals="Normal" ResourceId="3" />
							<Origin X="0" Y="0" />
							<Text>О</Text>
							<Size Width="10.696" Height="8.162108" />
							<Brush>
								<SolidBrush Color="#FF6D6E71" />
							</Brush>
							<Tag>convertedFont</Tag>
						</Glyphs>
						<Glyphs OutlineWidth="0.5" CharSpace="0" RenderTransform="0.5968368 0 -0 0.5968368 98.19935 389.58594">
							<Font SizePoints="14" Style="Bold" FamilyName="HPDHEV+BlissPro-Bold" Capitals="Normal" ResourceId="3" />
							<Origin X="0" Y="0" />
							<Text>В</Text>
							<Size Width="7.896" Height="8.162108" />
							<Brush>
								<SolidBrush Color="#FF6D6E71" />
							</Brush>
							<Tag>convertedFont</Tag>
						</Glyphs>
						<Glyphs OutlineWidth="0.5" CharSpace="0" RenderTransform="0.5968368 0 -0 0.5968368 102.94607 389.58594">
							<Font SizePoints="14" Style="Bold" FamilyName="HPDHEV+BlissPro-Bold" Capitals="Normal" ResourceId="3" />
							<Origin X="0" Y="0" />
							<Text>А</Text>
							<Size Width="8.806" Height="8.162108" />
							<Brush>
								<SolidBrush Color="#FF6D6E71" />
							</Brush>
							<Tag>convertedFont</Tag>
						</Glyphs>
						<Glyphs OutlineWidth="0.5" CharSpace="0" RenderTransform="0.5968368 0 -0 0.5968368 108.243 389.58594">
							<Font SizePoints="14" Style="Bold" FamilyName="HPDHEV+BlissPro-Bold" Capitals="Normal" ResourceId="3" />
							<Origin X="0" Y="0" />
							<Text>Н</Text>
							<Size Width="9.968" Height="8.162108" />
							<Brush>
								<SolidBrush Color="#FF6D6E71" />
							</Brush>
							<Tag>convertedFont</Tag>
						</Glyphs>
						<Glyphs OutlineWidth="0.5" CharSpace="0" RenderTransform="0.5968368 0 -0 0.5968368 114.239334 389.58594">
							<Font SizePoints="14" Style="Bold" FamilyName="HPDHEV+BlissPro-Bold" Capitals="Normal" ResourceId="3" />
							<Origin X="0" Y="0" />
							<Text>И</Text>
							<Size Width="10.388" Height="8.162108" />
							<Brush>
								<SolidBrush Color="#FF6D6E71" />
							</Brush>
							<Tag>convertedFont</Tag>
						</Glyphs>
						<Glyphs OutlineWidth="0.5" CharSpace="0" RenderTransform="0.5968368 0 -0 0.5968368 120.48747 389.58594">
							<Font SizePoints="14" Style="Bold" FamilyName="HPDHEV+BlissPro-Bold" Capitals="Normal" ResourceId="3" />
							<Origin X="0" Y="0" />
							<Text>Е</Text>
							<Size Width="7.014" Height="8.162108" />
							<Brush>
								<SolidBrush Color="#FF6D6E71" />
							</Brush>
							<Tag>convertedFont</Tag>
						</Glyphs>
						<Glyphs OutlineWidth="0.5" CharSpace="0" RenderTransform="0.5968368 0 -0 0.5968368 494.62955 389.58594">
							<Font SizePoints="14" Style="Bold" FamilyName="HPDHEV+BlissPro-Bold" Capitals="Normal" ResourceId="3" />
							<Origin X="0" Y="0" />
							<Text>К</Text>
							<Size Width="8.68" Height="8.162108" />
							<Brush>
								<SolidBrush Color="#FF005F7F" />
							</Brush>
							<Tag>convertedFont</Tag>
						</Glyphs>
						<Glyphs OutlineWidth="0.5" CharSpace="0" RenderTransform="0.5968368 0 -0 0.5968368 499.84253 389.58594">
							<Font SizePoints="14" Style="Bold" FamilyName="HPDHEV+BlissPro-Bold" Capitals="Normal" ResourceId="3" />
							<Origin X="0" Y="0" />
							<Text>О</Text>
							<Size Width="10.696" Height="8.162108" />
							<Brush>
								<SolidBrush Color="#FF005F7F" />
							</Brush>
							<Tag>convertedFont</Tag>
						</Glyphs>
						<Glyphs OutlineWidth="0.5" CharSpace="0" RenderTransform="0.5968368 0 -0 0.5968368 506.26785 389.58594">
							<Font SizePoints="14" Style="Bold" FamilyName="HPDHEV+BlissPro-Bold" Capitals="Normal" ResourceId="3" />
							<Origin X="0" Y="0" />
							<Text>Л</Text>
							<Size Width="9.072" Height="8.162108" />
							<Brush>
								<SolidBrush Color="#FF005F7F" />
							</Brush>
							<Tag>convertedFont</Tag>
						</Glyphs>
						<Glyphs OutlineWidth="0.5" CharSpace="0" RenderTransform="0.5968368 0 -0 0.5968368 511.72333 389.58594">
							<Font SizePoints="14" Style="Bold" FamilyName="HPDHEV+BlissPro-Bold" Capitals="Normal" ResourceId="3" />
							<Origin X="0" Y="0" />
							<Text>-</Text>
							<Size Width="5.082" Height="8.162108" />
							<Brush>
								<SolidBrush Color="#FF005F7F" />
							</Brush>
							<Tag>convertedFont</Tag>
						</Glyphs>
						<Glyphs OutlineWidth="0.5" CharSpace="0" RenderTransform="0.5968368 0 -0 0.5968368 514.7728 389.58594">
							<Font SizePoints="14" Style="Bold" FamilyName="HPDHEV+BlissPro-Bold" Capitals="Normal" ResourceId="3" />
							<Origin X="0" Y="0" />
							<Text>В</Text>
							<Size Width="7.896" Height="8.162108" />
							<Brush>
								<SolidBrush Color="#FF005F7F" />
							</Brush>
							<Tag>convertedFont</Tag>
						</Glyphs>
						<Glyphs OutlineWidth="0.5" CharSpace="0" RenderTransform="0.5968368 0 -0 0.5968368 519.51953 389.58594">
							<Font SizePoints="14" Style="Bold" FamilyName="HPDHEV+BlissPro-Bold" Capitals="Normal" ResourceId="3" />
							<Origin X="0" Y="0" />
							<Text>О</Text>
							<Size Width="10.696" Height="8.162108" />
							<Brush>
								<SolidBrush Color="#FF005F7F" />
							</Brush>
							<Tag>convertedFont</Tag>
						</Glyphs>
						<Glyphs OutlineWidth="0.5" CharSpace="0" RenderTransform="0.5968368 0 -0 0.5968368 57.148167 408.6848">
							<Font SizePoints="14" Style="Regular" FamilyName="CSMVMI+BlissPro" Capitals="Normal" ResourceId="2" />
							<Origin X="0" Y="0" />
							<Text>Б</Text>
							<Size Width="7.63" Height="8.162108" />
							<Brush>
								<SolidBrush Color="#FF000000" />
							</Brush>
							<Tag>convertedFont</Tag>
						</Glyphs>
						<Glyphs OutlineWidth="0.5" CharSpace="0" RenderTransform="0.5968368 0 -0 0.5968368 61.73635 408.6848">
							<Font SizePoints="14" Style="Regular" FamilyName="CSMVMI+BlissPro" Capitals="Normal" ResourceId="2" />
							<Origin X="0" Y="0" />
							<Text>л</Text>
							<Size Width="7.042" Height="8.162108" />
							<Brush>
								<SolidBrush Color="#FF000000" />
							</Brush>
							<Tag>convertedFont</Tag>
						</Glyphs>
						<Glyphs OutlineWidth="0.5" CharSpace="0" RenderTransform="0.5968368 0 -0 0.5968368 65.97016 408.6848">
							<Font SizePoints="14" Style="Regular" FamilyName="CSMVMI+BlissPro" Capitals="Normal" ResourceId="2" />
							<Origin X="0" Y="0" />
							<Text>о</Text>
							<Size Width="7.364" Height="8.162108" />
							<Brush>
								<SolidBrush Color="#FF000000" />
							</Brush>
							<Tag>convertedFont</Tag>
						</Glyphs>
						<Glyphs OutlineWidth="0.5" CharSpace="0" RenderTransform="0.5968368 0 -0 0.5968368 70.39049 408.6848">
							<Font SizePoints="14" Style="Regular" FamilyName="CSMVMI+BlissPro" Capitals="Normal" ResourceId="2" />
							<Origin X="0" Y="0" />
							<Text>к</Text>
							<Size Width="6.496" Height="8.162108" />
							<Brush>
								<SolidBrush Color="#FF000000" />
							</Brush>
							<Tag>convertedFont</Tag>
						</Glyphs>
						<Glyphs OutlineWidth="0.5" CharSpace="0" RenderTransform="0.5968368 0 -0 0.5968368 74.2979 408.6848">
							<Font SizePoints="14" Style="Regular" FamilyName="CSMVMI+BlissPro" Capitals="Normal" ResourceId="2" />
							<Origin X="0" Y="0" />
							<Text> </Text>
							<Size Width="3.094" Height="8.162108" />
							<Brush>
								<SolidBrush Color="#FF000000" />
							</Brush>
							<Tag>convertedFont</Tag>
						</Glyphs>
						<Glyphs OutlineWidth="0.5" CharSpace="0" RenderTransform="0.5968368 0 -0 0.5968368 76.15369 408.6848">
							<Font SizePoints="14" Style="Regular" FamilyName="CSMVMI+BlissPro" Capitals="Normal" ResourceId="2" />
							<Origin X="0" Y="0" />
							<Text>У</Text>
							<Size Width="8.008" Height="8.162108" />
							<Brush>
								<SolidBrush Color="#FF000000" />
							</Brush>
							<Tag>convertedFont</Tag>
						</Glyphs>
						<Glyphs OutlineWidth="0.5" CharSpace="0" RenderTransform="0.5968368 0 -0 0.5968368 80.96568 408.6848">
							<Font SizePoints="14" Style="Regular" FamilyName="CSMVMI+BlissPro" Capitals="Normal" ResourceId="2" />
							<Origin X="0" Y="0" />
							<Text>п</Text>
							<Size Width="7.182" Height="8.162108" />
							<Brush>
								<SolidBrush Color="#FF000000" />
							</Brush>
							<Tag>convertedFont</Tag>
						</Glyphs>
						<Glyphs OutlineWidth="0.5" CharSpace="0" RenderTransform="0.5968368 0 -0 0.5968368 85.28343 408.6848">
							<Font SizePoints="14" Style="Regular" FamilyName="CSMVMI+BlissPro" Capitals="Normal" ResourceId="2" />
							<Origin X="0" Y="0" />
							<Text>р</Text>
							<Size Width="7.14" Height="8.162108" />
							<Brush>
								<SolidBrush Color="#FF000000" />
							</Brush>
							<Tag>convertedFont</Tag>
						</Glyphs>
						<Glyphs OutlineWidth="0.5" CharSpace="0" RenderTransform="0.5968368 0 -0 0.5968368 89.5732 408.6848">
							<Font SizePoints="14" Style="Regular" FamilyName="CSMVMI+BlissPro" Capitals="Normal" ResourceId="2" />
							<Origin X="0" Y="0" />
							<Text>а</Text>
							<Size Width="6.608" Height="8.162108" />
							<Brush>
								<SolidBrush Color="#FF000000" />
							</Brush>
							<Tag>convertedFont</Tag>
						</Glyphs>
						<Glyphs OutlineWidth="0.5" CharSpace="0" RenderTransform="0.5968368 0 -0 0.5968368 93.54588 408.6848">
							<Font SizePoints="14" Style="Regular" FamilyName="CSMVMI+BlissPro" Capitals="Normal" ResourceId="2" />
							<Origin X="0" Y="0" />
							<Text>в</Text>
							<Size Width="6.538" Height="8.162108" />
							<Brush>
								<SolidBrush Color="#FF000000" />
							</Brush>
							<Tag>convertedFont</Tag>
						</Glyphs>
						<Glyphs OutlineWidth="0.5" CharSpace="0" RenderTransform="0.5968368 0 -0 0.5968368 97.48128 408.6848">
							<Font SizePoints="14" Style="Regular" FamilyName="CSMVMI+BlissPro" Capitals="Normal" ResourceId="2" />
							<Origin X="0" Y="0" />
							<Text>л</Text>
							<Size Width="7.042" Height="8.162108" />
							<Brush>
								<SolidBrush Color="#FF000000" />
							</Brush>
							<Tag>convertedFont</Tag>
						</Glyphs>
						<Glyphs OutlineWidth="0.5" CharSpace="0" RenderTransform="0.5968368 0 -0 0.5968368 101.71509 408.6848">
							<Font SizePoints="14" Style="Regular" FamilyName="CSMVMI+BlissPro" Capitals="Normal" ResourceId="2" />
							<Origin X="0" Y="0" />
							<Text>е</Text>
							<Size Width="6.636" Height="8.162108" />
							<Brush>
								<SolidBrush Color="#FF000000" />
							</Brush>
							<Tag>convertedFont</Tag>
						</Glyphs>
						<Glyphs OutlineWidth="0.5" CharSpace="0" RenderTransform="0.5968368 0 -0 0.5968368 105.706436 408.6848">
							<Font SizePoints="14" Style="Regular" FamilyName="CSMVMI+BlissPro" Capitals="Normal" ResourceId="2" />
							<Origin X="0" Y="0" />
							<Text>н</Text>
							<Size Width="7.266" Height="8.162108" />
							<Brush>
								<SolidBrush Color="#FF000000" />
							</Brush>
							<Tag>convertedFont</Tag>
						</Glyphs>
						<Glyphs OutlineWidth="0.5" CharSpace="0" RenderTransform="0.5968368 0 -0 0.5968368 110.07081 408.6848">
							<Font SizePoints="14" Style="Regular" FamilyName="CSMVMI+BlissPro" Capitals="Normal" ResourceId="2" />
							<Origin X="0" Y="0" />
							<Text>и</Text>
							<Size Width="7.518" Height="8.162108" />
							<Brush>
								<SolidBrush Color="#FF000000" />
							</Brush>
							<Tag>convertedFont</Tag>
						</Glyphs>
						<Glyphs OutlineWidth="0.5" CharSpace="0" RenderTransform="0.5968368 0 -0 0.5968368 114.58438 408.6848">
							<Font SizePoints="14" Style="Regular" FamilyName="CSMVMI+BlissPro" Capitals="Normal" ResourceId="2" />
							<Origin X="0" Y="0" />
							<Text>я</Text>
							<Size Width="6.678" Height="8.162108" />
							<Brush>
								<SolidBrush Color="#FF000000" />
							</Brush>
							<Tag>convertedFont</Tag>
						</Glyphs>
						<Glyphs OutlineWidth="0.5" CharSpace="0" RenderTransform="0.5968368 0 -0 0.5968368 118.59438 408.6848">
							<Font SizePoints="14" Style="Regular" FamilyName="CSMVMI+BlissPro" Capitals="Normal" ResourceId="2" />
							<Origin X="0" Y="0" />
							<Text>:</Text>
							<Size Width="3.276" Height="8.162108" />
							<Brush>
								<SolidBrush Color="#FF000000" />
							</Brush>
							<Tag>convertedFont</Tag>
						</Glyphs>
						<Glyphs OutlineWidth="0.5" CharSpace="0" RenderTransform="0.5968368 0 -0 0.5968368 120.56208 408.6848">
							<Font SizePoints="14" Style="Regular" FamilyName="CSMVMI+BlissPro" Capitals="Normal" ResourceId="2" />
							<Origin X="0" Y="0" />
							<Text> </Text>
							<Size Width="3.094" Height="8.162108" />
							<Brush>
								<SolidBrush Color="#FF000000" />
							</Brush>
							<Tag>convertedFont</Tag>
						</Glyphs>
						<Glyphs OutlineWidth="0.5" CharSpace="0" RenderTransform="0.5968368 0 -0 0.5968368 122.41787 408.6848">
							<Font SizePoints="14" Style="Regular" FamilyName="CSMVMI+BlissPro" Capitals="Normal" ResourceId="2" />
							<Origin X="0" Y="0" />
							<Text>Б</Text>
							<Size Width="7.63" Height="8.162108" />
							<Brush>
								<SolidBrush Color="#FF000000" />
							</Brush>
							<Tag>convertedFont</Tag>
						</Glyphs>
						<Glyphs OutlineWidth="0.5" CharSpace="0" RenderTransform="0.5968368 0 -0 0.5968368 127.00605 408.6848">
							<Font SizePoints="14" Style="Regular" FamilyName="CSMVMI+BlissPro" Capitals="Normal" ResourceId="2" />
							<Origin X="0" Y="0" />
							<Text>л</Text>
							<Size Width="7.042" Height="8.162108" />
							<Brush>
								<SolidBrush Color="#FF000000" />
							</Brush>
							<Tag>convertedFont</Tag>
						</Glyphs>
						<Glyphs OutlineWidth="0.5" CharSpace="0" RenderTransform="0.5968368 0 -0 0.5968368 131.23987 408.6848">
							<Font SizePoints="14" Style="Regular" FamilyName="CSMVMI+BlissPro" Capitals="Normal" ResourceId="2" />
							<Origin X="0" Y="0" />
							<Text>о</Text>
							<Size Width="7.364" Height="8.162108" />
							<Brush>
								<SolidBrush Color="#FF000000" />
							</Brush>
							<Tag>convertedFont</Tag>
						</Glyphs>
						<Glyphs OutlineWidth="0.5" CharSpace="0" RenderTransform="0.5968368 0 -0 0.5968368 135.66019 408.6848">
							<Font SizePoints="14" Style="Regular" FamilyName="CSMVMI+BlissPro" Capitals="Normal" ResourceId="2" />
							<Origin X="0" Y="0" />
							<Text>к</Text>
							<Size Width="6.496" Height="8.162108" />
							<Brush>
								<SolidBrush Color="#FF000000" />
							</Brush>
							<Tag>convertedFont</Tag>
						</Glyphs>
						<Glyphs OutlineWidth="0.5" CharSpace="0" RenderTransform="0.5968368 0 -0 0.5968368 139.5676 408.6848">
							<Font SizePoints="14" Style="Regular" FamilyName="CSMVMI+BlissPro" Capitals="Normal" ResourceId="2" />
							<Origin X="0" Y="0" />
							<Text> </Text>
							<Size Width="3.094" Height="8.162108" />
							<Brush>
								<SolidBrush Color="#FF000000" />
							</Brush>
							<Tag>convertedFont</Tag>
						</Glyphs>
						<Glyphs OutlineWidth="0.5" CharSpace="0" RenderTransform="0.5968368 0 -0 0.5968368 141.42339 408.6848">
							<Font SizePoints="14" Style="Regular" FamilyName="CSMVMI+BlissPro" Capitals="Normal" ResourceId="2" />
							<Origin X="0" Y="0" />
							<Text>у</Text>
							<Size Width="6.776" Height="8.162108" />
							<Brush>
								<SolidBrush Color="#FF000000" />
							</Brush>
							<Tag>convertedFont</Tag>
						</Glyphs>
						<Glyphs OutlineWidth="0.5" CharSpace="0" RenderTransform="0.5968368 0 -0 0.5968368 145.49866 408.6848">
							<Font SizePoints="14" Style="Regular" FamilyName="CSMVMI+BlissPro" Capitals="Normal" ResourceId="2" />
							<Origin X="0" Y="0" />
							<Text>п</Text>
							<Size Width="7.182" Height="8.162108" />
							<Brush>
								<SolidBrush Color="#FF000000" />
							</Brush>
							<Tag>convertedFont</Tag>
						</Glyphs>
						<Glyphs OutlineWidth="0.5" CharSpace="0" RenderTransform="0.5968368 0 -0 0.5968368 149.8164 408.6848">
							<Font SizePoints="14" Style="Regular" FamilyName="CSMVMI+BlissPro" Capitals="Normal" ResourceId="2" />
							<Origin X="0" Y="0" />
							<Text>р</Text>
							<Size Width="7.14" Height="8.162108" />
							<Brush>
								<SolidBrush Color="#FF000000" />
							</Brush>
							<Tag>convertedFont</Tag>
						</Glyphs>
						<Glyphs OutlineWidth="0.5" CharSpace="0" RenderTransform="0.5968368 0 -0 0.5968368 154.10617 408.6848">
							<Font SizePoints="14" Style="Regular" FamilyName="CSMVMI+BlissPro" Capitals="Normal" ResourceId="2" />
							<Origin X="0" Y="0" />
							<Text>а</Text>
							<Size Width="6.608" Height="8.162108" />
							<Brush>
								<SolidBrush Color="#FF000000" />
							</Brush>
							<Tag>convertedFont</Tag>
						</Glyphs>
						<Glyphs OutlineWidth="0.5" CharSpace="0" RenderTransform="0.5968368 0 -0 0.5968368 158.07887 408.6848">
							<Font SizePoints="14" Style="Regular" FamilyName="CSMVMI+BlissPro" Capitals="Normal" ResourceId="2" />
							<Origin X="0" Y="0" />
							<Text>в</Text>
							<Size Width="6.538" Height="8.162108" />
							<Brush>
								<SolidBrush Color="#FF000000" />
							</Brush>
							<Tag>convertedFont</Tag>
						</Glyphs>
						<Glyphs OutlineWidth="0.5" CharSpace="0" RenderTransform="0.5968368 0 -0 0.5968368 162.01425 408.6848">
							<Font SizePoints="14" Style="Regular" FamilyName="CSMVMI+BlissPro" Capitals="Normal" ResourceId="2" />
							<Origin X="0" Y="0" />
							<Text>л</Text>
							<Size Width="7.042" Height="8.162108" />
							<Brush>
								<SolidBrush Color="#FF000000" />
							</Brush>
							<Tag>convertedFont</Tag>
						</Glyphs>
						<Glyphs OutlineWidth="0.5" CharSpace="0" RenderTransform="0.5968368 0 -0 0.5968368 166.24806 408.6848">
							<Font SizePoints="14" Style="Regular" FamilyName="CSMVMI+BlissPro" Capitals="Normal" ResourceId="2" />
							<Origin X="0" Y="0" />
							<Text>е</Text>
							<Size Width="6.636" Height="8.162108" />
							<Brush>
								<SolidBrush Color="#FF000000" />
							</Brush>
							<Tag>convertedFont</Tag>
						</Glyphs>
						<Glyphs OutlineWidth="0.5" CharSpace="0" RenderTransform="0.5968368 0 -0 0.5968368 170.23941 408.6848">
							<Font SizePoints="14" Style="Regular" FamilyName="CSMVMI+BlissPro" Capitals="Normal" ResourceId="2" />
							<Origin X="0" Y="0" />
							<Text>н</Text>
							<Size Width="7.266" Height="8.162108" />
							<Brush>
								<SolidBrush Color="#FF000000" />
							</Brush>
							<Tag>convertedFont</Tag>
						</Glyphs>
						<Glyphs OutlineWidth="0.5" CharSpace="0" RenderTransform="0.5968368 0 -0 0.5968368 174.60379 408.6848">
							<Font SizePoints="14" Style="Regular" FamilyName="CSMVMI+BlissPro" Capitals="Normal" ResourceId="2" />
							<Origin X="0" Y="0" />
							<Text>и</Text>
							<Size Width="7.518" Height="8.162108" />
							<Brush>
								<SolidBrush Color="#FF000000" />
							</Brush>
							<Tag>convertedFont</Tag>
						</Glyphs>
						<Glyphs OutlineWidth="0.5" CharSpace="0" RenderTransform="0.5968368 0 -0 0.5968368 179.11737 408.6848">
							<Font SizePoints="14" Style="Regular" FamilyName="CSMVMI+BlissPro" Capitals="Normal" ResourceId="2" />
							<Origin X="0" Y="0" />
							<Text>я</Text>
							<Size Width="6.678" Height="8.162108" />
							<Brush>
								<SolidBrush Color="#FF000000" />
							</Brush>
							<Tag>convertedFont</Tag>
						</Glyphs>
						<Glyphs OutlineWidth="0.5" CharSpace="0" RenderTransform="0.5968368 0 -0 0.5968368 183.12737 408.6848">
							<Font SizePoints="14" Style="Regular" FamilyName="CSMVMI+BlissPro" Capitals="Normal" ResourceId="2" />
							<Origin X="0" Y="0" />
							<Text> </Text>
							<Size Width="3.094" Height="8.162108" />
							<Brush>
								<SolidBrush Color="#FF000000" />
							</Brush>
							<Tag>convertedFont</Tag>
						</Glyphs>
						<Glyphs OutlineWidth="0.5" CharSpace="0" RenderTransform="0.5968368 0 -0 0.5968368 184.98315 408.6848">
							<Font SizePoints="14" Style="Regular" FamilyName="CSMVMI+BlissPro" Capitals="Normal" ResourceId="2" />
							<Origin X="0" Y="0" />
							<Text>A</Text>
							<Size Width="8.358" Height="8.162108" />
							<Brush>
								<SolidBrush Color="#FF000000" />
							</Brush>
							<Tag>convertedFont</Tag>
						</Glyphs>
						<Glyphs OutlineWidth="0.5" CharSpace="0" RenderTransform="0.5968368 0 -0 0.5968368 190.00963 408.6848">
							<Font SizePoints="14" Style="Regular" FamilyName="CSMVMI+BlissPro" Capitals="Normal" ResourceId="2" />
							<Origin X="0" Y="0" />
							<Text>C</Text>
							<Size Width="8.358" Height="8.162108" />
							<Brush>
								<SolidBrush Color="#FF000000" />
							</Brush>
							<Tag>convertedFont</Tag>
						</Glyphs>
						<Glyphs OutlineWidth="0.5" CharSpace="0" RenderTransform="0.5968368 0 -0 0.5968368 195.03612 408.6848">
							<Font SizePoints="14" Style="Regular" FamilyName="CSMVMI+BlissPro" Capitals="Normal" ResourceId="2" />
							<Origin X="0" Y="0" />
							<Text>E</Text>
							<Size Width="6.65" Height="8.162108" />
							<Brush>
								<SolidBrush Color="#FF000000" />
							</Brush>
							<Tag>convertedFont</Tag>
						</Glyphs>
						<Glyphs OutlineWidth="0.5" CharSpace="0" RenderTransform="0.5968368 0 -0 0.5968368 199.03679 408.6848">
							<Font SizePoints="14" Style="Regular" FamilyName="CSMVMI+BlissPro" Capitals="Normal" ResourceId="2" />
							<Origin X="0" Y="0" />
							<Text> </Text>
							<Size Width="3.094" Height="8.162108" />
							<Brush>
								<SolidBrush Color="#FF000000" />
							</Brush>
							<Tag>convertedFont</Tag>
						</Glyphs>
						<Glyphs OutlineWidth="0.5" CharSpace="0" RenderTransform="0.5968368 0 -0 0.5968368 200.89258 408.6848">
							<Font SizePoints="14" Style="Regular" FamilyName="CSMVMI+BlissPro" Capitals="Normal" ResourceId="2" />
							<Origin X="0" Y="0" />
							<Text>A</Text>
							<Size Width="8.358" Height="8.162108" />
							<Brush>
								<SolidBrush Color="#FF000000" />
							</Brush>
							<Tag>convertedFont</Tag>
						</Glyphs>
						<Glyphs OutlineWidth="0.5" CharSpace="0" RenderTransform="0.5968368 0 -0 0.5968368 205.91907 408.6848">
							<Font SizePoints="14" Style="Regular" FamilyName="CSMVMI+BlissPro" Capitals="Normal" ResourceId="2" />
							<Origin X="0" Y="0" />
							<Text>-</Text>
							<Size Width="4.984" Height="8.162108" />
							<Brush>
								<SolidBrush Color="#FF000000" />
							</Brush>
							<Tag>convertedFont</Tag>
						</Glyphs>
						<Glyphs OutlineWidth="0.5" CharSpace="0" RenderTransform="0.5968368 0 -0 0.5968368 208.91258 408.6848">
							<Font SizePoints="14" Style="Regular" FamilyName="CSMVMI+BlissPro" Capitals="Normal" ResourceId="2" />
							<Origin X="0" Y="0" />
							<Text>9</Text>
							<Size Width="7.476" Height="8.162108" />
							<Brush>
								<SolidBrush Color="#FF000000" />
							</Brush>
							<Tag>convertedFont</Tag>
						</Glyphs>
						<Glyphs OutlineWidth="0.5" CharSpace="0" RenderTransform="0.5968368 0 -0 0.5968368 213.4075 408.6848">
							<Font SizePoints="14" Style="Regular" FamilyName="CSMVMI+BlissPro" Capitals="Normal" ResourceId="2" />
							<Origin X="0" Y="0" />
							<Text>-</Text>
							<Size Width="4.984" Height="8.162108" />
							<Brush>
								<SolidBrush Color="#FF000000" />
							</Brush>
							<Tag>convertedFont</Tag>
						</Glyphs>
						<Glyphs OutlineWidth="0.5" CharSpace="0" RenderTransform="0.5968368 0 -0 0.5968368 216.40102 408.6848">
							<Font SizePoints="14" Style="Regular" FamilyName="CSMVMI+BlissPro" Capitals="Normal" ResourceId="2" />
							<Origin X="0" Y="0" />
							<Text>1</Text>
							<Size Width="5.852" Height="8.162108" />
							<Brush>
								<SolidBrush Color="#FF000000" />
							</Brush>
							<Tag>convertedFont</Tag>
						</Glyphs>
						<Glyphs OutlineWidth="0.5" CharSpace="0" RenderTransform="0.5968368 0 -0 0.5968368 219.91675 408.6848">
							<Font SizePoints="14" Style="Regular" FamilyName="CSMVMI+BlissPro" Capitals="Normal" ResourceId="2" />
							<Origin X="0" Y="0" />
							<Text>R</Text>
							<Size Width="7.728" Height="8.162108" />
							<Brush>
								<SolidBrush Color="#FF000000" />
							</Brush>
							<Tag>convertedFont</Tag>
						</Glyphs>
						<Glyphs OutlineWidth="0.5" CharSpace="0" RenderTransform="0.5968368 0 -0 0.5968368 224.5609 408.6848">
							<Font SizePoints="14" Style="Regular" FamilyName="CSMVMI+BlissPro" Capitals="Normal" ResourceId="2" />
							<Origin X="0" Y="0" />
							<Text>1</Text>
							<Size Width="5.852" Height="8.162108" />
							<Brush>
								<SolidBrush Color="#FF000000" />
							</Brush>
							<Tag>convertedFont</Tag>
						</Glyphs>
						<Glyphs OutlineWidth="0.5" CharSpace="0" RenderTransform="0.5968368 0 -0 0.5968368 228.07663 408.6848">
							<Font SizePoints="14" Style="Regular" FamilyName="CSMVMI+BlissPro" Capitals="Normal" ResourceId="2" />
							<Origin X="0" Y="0" />
							<Text>R</Text>
							<Size Width="7.728" Height="8.162108" />
							<Brush>
								<SolidBrush Color="#FF000000" />
							</Brush>
							<Tag>convertedFont</Tag>
						</Glyphs>
						<Glyphs OutlineWidth="0.5" CharSpace="0" RenderTransform="0.5968368 0 -0 0.5968368 232.72076 408.6848">
							<Font SizePoints="14" Style="Regular" FamilyName="CSMVMI+BlissPro" Capitals="Normal" ResourceId="2" />
							<Origin X="0" Y="0" />
							<Text>-</Text>
							<Size Width="4.984" Height="8.162108" />
							<Brush>
								<SolidBrush Color="#FF000000" />
							</Brush>
							<Tag>convertedFont</Tag>
						</Glyphs>
						<Glyphs OutlineWidth="0.5" CharSpace="0" RenderTransform="0.5968368 0 -0 0.5968368 235.71428 408.6848">
							<Font SizePoints="14" Style="Regular" FamilyName="CSMVMI+BlissPro" Capitals="Normal" ResourceId="2" />
							<Origin X="0" Y="0" />
							<Text>R</Text>
							<Size Width="7.728" Height="8.162108" />
							<Brush>
								<SolidBrush Color="#FF000000" />
							</Brush>
							<Tag>convertedFont</Tag>
						</Glyphs>
						<Glyphs OutlineWidth="0.5" CharSpace="0" RenderTransform="0.5968368 0 -0 0.5968368 240.35841 408.6848">
							<Font SizePoints="14" Style="Regular" FamilyName="CSMVMI+BlissPro" Capitals="Normal" ResourceId="2" />
							<Origin X="0" Y="0" />
							<Text>U</Text>
							<Size Width="9.254" Height="8.162108" />
							<Brush>
								<SolidBrush Color="#FF000000" />
							</Brush>
							<Tag>convertedFont</Tag>
						</Glyphs>
						<Glyphs OutlineWidth="0.5" CharSpace="0" RenderTransform="0.5968368 0 -0 0.5968368 494.62955 408.6848">
							<Font SizePoints="14" Style="Regular" FamilyName="CSMVMI+BlissPro" Capitals="Normal" ResourceId="2" />
							<Origin X="0" Y="0" />
							<Text>1</Text>
							<Size Width="5.852" Height="8.162108" />
							<Brush>
								<SolidBrush Color="#FF000000" />
							</Brush>
							<Tag>convertedFont</Tag>
						</Glyphs>
						<Glyphs OutlineWidth="0.5" CharSpace="0" RenderTransform="0.5968368 0 -0 0.5968368 57.148167 421.8152">
							<Font SizePoints="14" Style="Regular" FamilyName="CSMVMI+BlissPro" Capitals="Normal" ResourceId="2" />
							<Origin X="0" Y="0" />
							<Text>Д</Text>
							<Size Width="9.142" Height="8.162108" />
							<Brush>
								<SolidBrush Color="#FF000000" />
							</Brush>
							<Tag>convertedFont</Tag>
						</Glyphs>
						<Glyphs OutlineWidth="0.5" CharSpace="0" RenderTransform="0.5968368 0 -0 0.5968368 62.64093 421.8152">
							<Font SizePoints="14" Style="Regular" FamilyName="CSMVMI+BlissPro" Capitals="Normal" ResourceId="2" />
							<Origin X="0" Y="0" />
							<Text>а</Text>
							<Size Width="6.608" Height="8.162108" />
							<Brush>
								<SolidBrush Color="#FF000000" />
							</Brush>
							<Tag>convertedFont</Tag>
						</Glyphs>
						<Glyphs OutlineWidth="0.5" CharSpace="0" RenderTransform="0.5968368 0 -0 0.5968368 66.613625 421.8152">
							<Font SizePoints="14" Style="Regular" FamilyName="CSMVMI+BlissPro" Capitals="Normal" ResourceId="2" />
							<Origin X="0" Y="0" />
							<Text>т</Text>
							<Size Width="6.174" Height="8.162108" />
							<Brush>
								<SolidBrush Color="#FF000000" />
							</Brush>
							<Tag>convertedFont</Tag>
						</Glyphs>
						<Glyphs OutlineWidth="0.5" CharSpace="0" RenderTransform="0.5968368 0 -0 0.5968368 70.3252 421.8152">
							<Font SizePoints="14" Style="Regular" FamilyName="CSMVMI+BlissPro" Capitals="Normal" ResourceId="2" />
							<Origin X="0" Y="0" />
							<Text>ч</Text>
							<Size Width="6.776" Height="8.162108" />
							<Brush>
								<SolidBrush Color="#FF000000" />
							</Brush>
							<Tag>convertedFont</Tag>
						</Glyphs>
						<Glyphs OutlineWidth="0.5" CharSpace="0" RenderTransform="0.5968368 0 -0 0.5968368 74.40048 421.8152">
							<Font SizePoints="14" Style="Regular" FamilyName="CSMVMI+BlissPro" Capitals="Normal" ResourceId="2" />
							<Origin X="0" Y="0" />
							<Text>и</Text>
							<Size Width="7.518" Height="8.162108" />
							<Brush>
								<SolidBrush Color="#FF000000" />
							</Brush>
							<Tag>convertedFont</Tag>
						</Glyphs>
						<Glyphs OutlineWidth="0.5" CharSpace="0" RenderTransform="0.5968368 0 -0 0.5968368 78.91406 421.8152">
							<Font SizePoints="14" Style="Regular" FamilyName="CSMVMI+BlissPro" Capitals="Normal" ResourceId="2" />
							<Origin X="0" Y="0" />
							<Text>к</Text>
							<Size Width="6.496" Height="8.162108" />
							<Brush>
								<SolidBrush Color="#FF000000" />
							</Brush>
							<Tag>convertedFont</Tag>
						</Glyphs>
						<Glyphs OutlineWidth="0.5" CharSpace="0" RenderTransform="0.5968368 0 -0 0.5968368 82.82147 421.8152">
							<Font SizePoints="14" Style="Regular" FamilyName="CSMVMI+BlissPro" Capitals="Normal" ResourceId="2" />
							<Origin X="0" Y="0" />
							<Text> </Text>
							<Size Width="3.094" Height="8.162108" />
							<Brush>
								<SolidBrush Color="#FF000000" />
							</Brush>
							<Tag>convertedFont</Tag>
						</Glyphs>
						<Glyphs OutlineWidth="0.5" CharSpace="0" RenderTransform="0.5968368 0 -0 0.5968368 84.67726 421.8152">
							<Font SizePoints="14" Style="Regular" FamilyName="CSMVMI+BlissPro" Capitals="Normal" ResourceId="2" />
							<Origin X="0" Y="0" />
							<Text>п</Text>
							<Size Width="7.182" Height="8.162108" />
							<Brush>
								<SolidBrush Color="#FF000000" />
							</Brush>
							<Tag>convertedFont</Tag>
						</Glyphs>
						<Glyphs OutlineWidth="0.5" CharSpace="0" RenderTransform="0.5968368 0 -0 0.5968368 88.99501 421.8152">
							<Font SizePoints="14" Style="Regular" FamilyName="CSMVMI+BlissPro" Capitals="Normal" ResourceId="2" />
							<Origin X="0" Y="0" />
							<Text>е</Text>
							<Size Width="6.636" Height="8.162108" />
							<Brush>
								<SolidBrush Color="#FF000000" />
							</Brush>
							<Tag>convertedFont</Tag>
						</Glyphs>
						<Glyphs OutlineWidth="0.5" CharSpace="0" RenderTransform="0.5968368 0 -0 0.5968368 92.98635 421.8152">
							<Font SizePoints="14" Style="Regular" FamilyName="CSMVMI+BlissPro" Capitals="Normal" ResourceId="2" />
							<Origin X="0" Y="0" />
							<Text>р</Text>
							<Size Width="7.14" Height="8.162108" />
							<Brush>
								<SolidBrush Color="#FF000000" />
							</Brush>
							<Tag>convertedFont</Tag>
						</Glyphs>
						<Glyphs OutlineWidth="0.5" CharSpace="0" RenderTransform="0.5968368 0 -0 0.5968368 97.276115 421.8152">
							<Font SizePoints="14" Style="Regular" FamilyName="CSMVMI+BlissPro" Capitals="Normal" ResourceId="2" />
							<Origin X="0" Y="0" />
							<Text>е</Text>
							<Size Width="6.636" Height="8.162108" />
							<Brush>
								<SolidBrush Color="#FF000000" />
							</Brush>
							<Tag>convertedFont</Tag>
						</Glyphs>
						<Glyphs OutlineWidth="0.5" CharSpace="0" RenderTransform="0.5968368 0 -0 0.5968368 101.26746 421.8152">
							<Font SizePoints="14" Style="Regular" FamilyName="CSMVMI+BlissPro" Capitals="Normal" ResourceId="2" />
							<Origin X="0" Y="0" />
							<Text>п</Text>
							<Size Width="7.182" Height="8.162108" />
							<Brush>
								<SolidBrush Color="#FF000000" />
							</Brush>
							<Tag>convertedFont</Tag>
						</Glyphs>
						<Glyphs OutlineWidth="0.5" CharSpace="0" RenderTransform="0.5968368 0 -0 0.5968368 105.585205 421.8152">
							<Font SizePoints="14" Style="Regular" FamilyName="CSMVMI+BlissPro" Capitals="Normal" ResourceId="2" />
							<Origin X="0" Y="0" />
							<Text>а</Text>
							<Size Width="6.608" Height="8.162108" />
							<Brush>
								<SolidBrush Color="#FF000000" />
							</Brush>
							<Tag>convertedFont</Tag>
						</Glyphs>
						<Glyphs OutlineWidth="0.5" CharSpace="0" RenderTransform="0.5968368 0 -0 0.5968368 109.5579 421.8152">
							<Font SizePoints="14" Style="Regular" FamilyName="CSMVMI+BlissPro" Capitals="Normal" ResourceId="2" />
							<Origin X="0" Y="0" />
							<Text>д</Text>
							<Size Width="7.602" Height="8.162108" />
							<Brush>
								<SolidBrush Color="#FF000000" />
							</Brush>
							<Tag>convertedFont</Tag>
						</Glyphs>
						<Glyphs OutlineWidth="0.5" CharSpace="0" RenderTransform="0.5968368 0 -0 0.5968368 114.12743 421.8152">
							<Font SizePoints="14" Style="Regular" FamilyName="CSMVMI+BlissPro" Capitals="Normal" ResourceId="2" />
							<Origin X="0" Y="0" />
							<Text>а</Text>
							<Size Width="6.608" Height="8.162108" />
							<Brush>
								<SolidBrush Color="#FF000000" />
							</Brush>
							<Tag>convertedFont</Tag>
						</Glyphs>
						<Glyphs OutlineWidth="0.5" CharSpace="0" RenderTransform="0.5968368 0 -0 0.5968368 118.10013 421.8152">
							<Font SizePoints="14" Style="Regular" FamilyName="CSMVMI+BlissPro" Capitals="Normal" ResourceId="2" />
							<Origin X="0" Y="0" />
							<Text> </Text>
							<Size Width="3.094" Height="8.162108" />
							<Brush>
								<SolidBrush Color="#FF000000" />
							</Brush>
							<Tag>convertedFont</Tag>
						</Glyphs>
						<Glyphs OutlineWidth="0.5" CharSpace="0" RenderTransform="0.5968368 0 -0 0.5968368 119.95592 421.8152">
							<Font SizePoints="14" Style="Regular" FamilyName="CSMVMI+BlissPro" Capitals="Normal" ResourceId="2" />
							<Origin X="0" Y="0" />
							<Text>д</Text>
							<Size Width="7.602" Height="8.162108" />
							<Brush>
								<SolidBrush Color="#FF000000" />
							</Brush>
							<Tag>convertedFont</Tag>
						</Glyphs>
						<Glyphs OutlineWidth="0.5" CharSpace="0" RenderTransform="0.5968368 0 -0 0.5968368 124.525444 421.8152">
							<Font SizePoints="14" Style="Regular" FamilyName="CSMVMI+BlissPro" Capitals="Normal" ResourceId="2" />
							<Origin X="0" Y="0" />
							<Text>а</Text>
							<Size Width="6.608" Height="8.162108" />
							<Brush>
								<SolidBrush Color="#FF000000" />
							</Brush>
							<Tag>convertedFont</Tag>
						</Glyphs>
						<Glyphs OutlineWidth="0.5" CharSpace="0" RenderTransform="0.5968368 0 -0 0.5968368 128.49814 421.8152">
							<Font SizePoints="14" Style="Regular" FamilyName="CSMVMI+BlissPro" Capitals="Normal" ResourceId="2" />
							<Origin X="0" Y="0" />
							<Text>в</Text>
							<Size Width="6.538" Height="8.162108" />
							<Brush>
								<SolidBrush Color="#FF000000" />
							</Brush>
							<Tag>convertedFont</Tag>
						</Glyphs>
						<Glyphs OutlineWidth="0.5" CharSpace="0" RenderTransform="0.5968368 0 -0 0.5968368 132.43353 421.8152">
							<Font SizePoints="14" Style="Regular" FamilyName="CSMVMI+BlissPro" Capitals="Normal" ResourceId="2" />
							<Origin X="0" Y="0" />
							<Text>л</Text>
							<Size Width="7.042" Height="8.162108" />
							<Brush>
								<SolidBrush Color="#FF000000" />
							</Brush>
							<Tag>convertedFont</Tag>
						</Glyphs>
						<Glyphs OutlineWidth="0.5" CharSpace="0" RenderTransform="0.5968368 0 -0 0.5968368 136.66734 421.8152">
							<Font SizePoints="14" Style="Regular" FamilyName="CSMVMI+BlissPro" Capitals="Normal" ResourceId="2" />
							<Origin X="0" Y="0" />
							<Text>е</Text>
							<Size Width="6.636" Height="8.162108" />
							<Brush>
								<SolidBrush Color="#FF000000" />
							</Brush>
							<Tag>convertedFont</Tag>
						</Glyphs>
						<Glyphs OutlineWidth="0.5" CharSpace="0" RenderTransform="0.5968368 0 -0 0.5968368 140.65869 421.8152">
							<Font SizePoints="14" Style="Regular" FamilyName="CSMVMI+BlissPro" Capitals="Normal" ResourceId="2" />
							<Origin X="0" Y="0" />
							<Text>н</Text>
							<Size Width="7.266" Height="8.162108" />
							<Brush>
								<SolidBrush Color="#FF000000" />
							</Brush>
							<Tag>convertedFont</Tag>
						</Glyphs>
						<Glyphs OutlineWidth="0.5" CharSpace="0" RenderTransform="0.5968368 0 -0 0.5968368 145.02307 421.8152">
							<Font SizePoints="14" Style="Regular" FamilyName="CSMVMI+BlissPro" Capitals="Normal" ResourceId="2" />
							<Origin X="0" Y="0" />
							<Text>и</Text>
							<Size Width="7.518" Height="8.162108" />
							<Brush>
								<SolidBrush Color="#FF000000" />
							</Brush>
							<Tag>convertedFont</Tag>
						</Glyphs>
						<Glyphs OutlineWidth="0.5" CharSpace="0" RenderTransform="0.5968368 0 -0 0.5968368 149.53664 421.8152">
							<Font SizePoints="14" Style="Regular" FamilyName="CSMVMI+BlissPro" Capitals="Normal" ResourceId="2" />
							<Origin X="0" Y="0" />
							<Text>я</Text>
							<Size Width="6.678" Height="8.162108" />
							<Brush>
								<SolidBrush Color="#FF000000" />
							</Brush>
							<Tag>convertedFont</Tag>
						</Glyphs>
						<Glyphs OutlineWidth="0.5" CharSpace="0" RenderTransform="0.5968368 0 -0 0.5968368 153.54663 421.8152">
							<Font SizePoints="14" Style="Regular" FamilyName="CSMVMI+BlissPro" Capitals="Normal" ResourceId="2" />
							<Origin X="0" Y="0" />
							<Text> </Text>
							<Size Width="3.094" Height="8.162108" />
							<Brush>
								<SolidBrush Color="#FF000000" />
							</Brush>
							<Tag>convertedFont</Tag>
						</Glyphs>
						<Glyphs OutlineWidth="0.5" CharSpace="0" RenderTransform="0.5968368 0 -0 0.5968368 155.40244 421.8152">
							<Font SizePoints="14" Style="Regular" FamilyName="CSMVMI+BlissPro" Capitals="Normal" ResourceId="2" />
							<Origin X="0" Y="0" />
							<Text>5</Text>
							<Size Width="7.126" Height="8.162108" />
							<Brush>
								<SolidBrush Color="#FF000000" />
							</Brush>
							<Tag>convertedFont</Tag>
						</Glyphs>
						<Glyphs OutlineWidth="0.5" CharSpace="0" RenderTransform="0.5968368 0 -0 0.5968368 159.68286 421.8152">
							<Font SizePoints="14" Style="Regular" FamilyName="CSMVMI+BlissPro" Capitals="Normal" ResourceId="2" />
							<Origin X="0" Y="0" />
							<Text>0</Text>
							<Size Width="7.756" Height="8.162108" />
							<Brush>
								<SolidBrush Color="#FF000000" />
							</Brush>
							<Tag>convertedFont</Tag>
						</Glyphs>
						<Glyphs OutlineWidth="0.5" CharSpace="0" RenderTransform="0.5968368 0 -0 0.5968368 164.33633 421.8152">
							<Font SizePoints="14" Style="Regular" FamilyName="CSMVMI+BlissPro" Capitals="Normal" ResourceId="2" />
							<Origin X="0" Y="0" />
							<Text>0</Text>
							<Size Width="7.756" Height="8.162108" />
							<Brush>
								<SolidBrush Color="#FF000000" />
							</Brush>
							<Tag>convertedFont</Tag>
						</Glyphs>
						<Glyphs OutlineWidth="0.5" CharSpace="0" RenderTransform="0.5968368 0 -0 0.5968368 168.98979 421.8152">
							<Font SizePoints="14" Style="Regular" FamilyName="CSMVMI+BlissPro" Capitals="Normal" ResourceId="2" />
							<Origin X="0" Y="0" />
							<Text> </Text>
							<Size Width="3.094" Height="8.162108" />
							<Brush>
								<SolidBrush Color="#FF000000" />
							</Brush>
							<Tag>convertedFont</Tag>
						</Glyphs>
						<Glyphs OutlineWidth="0.5" CharSpace="0" RenderTransform="0.5968368 0 -0 0.5968368 170.84558 421.8152">
							<Font SizePoints="14" Style="Regular" FamilyName="CSMVMI+BlissPro" Capitals="Normal" ResourceId="2" />
							<Origin X="0" Y="0" />
							<Text>P</Text>
							<Size Width="7.168" Height="8.162108" />
							<Brush>
								<SolidBrush Color="#FF000000" />
							</Brush>
							<Tag>convertedFont</Tag>
						</Glyphs>
						<Glyphs OutlineWidth="0.5" CharSpace="0" RenderTransform="0.5968368 0 -0 0.5968368 175.15399 421.8152">
							<Font SizePoints="14" Style="Regular" FamilyName="CSMVMI+BlissPro" Capitals="Normal" ResourceId="2" />
							<Origin X="0" Y="0" />
							<Text>a</Text>
							<Size Width="6.538" Height="8.162108" />
							<Brush>
								<SolidBrush Color="#FF000000" />
							</Brush>
							<Tag>convertedFont</Tag>
						</Glyphs>
						<Glyphs OutlineWidth="0.5" CharSpace="0" RenderTransform="0.5968368 0 -0 0.5968368 179.08939 421.8152">
							<Font SizePoints="14" Style="Regular" FamilyName="CSMVMI+BlissPro" Capitals="Normal" ResourceId="2" />
							<Origin X="0" Y="0" />
							<Text> </Text>
							<Size Width="3.094" Height="8.162108" />
							<Brush>
								<SolidBrush Color="#FF000000" />
							</Brush>
							<Tag>convertedFont</Tag>
						</Glyphs>
						<Glyphs OutlineWidth="0.5" CharSpace="0" RenderTransform="0.5968368 0 -0 0.5968368 180.94518 421.8152">
							<Font SizePoints="14" Style="Regular" FamilyName="CSMVMI+BlissPro" Capitals="Normal" ResourceId="2" />
							<Origin X="0" Y="0" />
							<Text>D</Text>
							<Size Width="9.212" Height="8.162108" />
							<Brush>
								<SolidBrush Color="#FF000000" />
							</Brush>
							<Tag>convertedFont</Tag>
						</Glyphs>
						<Glyphs OutlineWidth="0.5" CharSpace="0" RenderTransform="0.5968368 0 -0 0.5968368 186.48457 421.8152">
							<Font SizePoints="14" Style="Regular" FamilyName="CSMVMI+BlissPro" Capitals="Normal" ResourceId="2" />
							<Origin X="0" Y="0" />
							<Text>P</Text>
							<Size Width="7.168" Height="8.162108" />
							<Brush>
								<SolidBrush Color="#FF000000" />
							</Brush>
							<Tag>convertedFont</Tag>
						</Glyphs>
						<Glyphs OutlineWidth="0.5" CharSpace="0" RenderTransform="0.5968368 0 -0 0.5968368 190.79298 421.8152">
							<Font SizePoints="14" Style="Regular" FamilyName="CSMVMI+BlissPro" Capitals="Normal" ResourceId="2" />
							<Origin X="0" Y="0" />
							<Text>D</Text>
							<Size Width="9.212" Height="8.162108" />
							<Brush>
								<SolidBrush Color="#FF000000" />
							</Brush>
							<Tag>convertedFont</Tag>
						</Glyphs>
						<Glyphs OutlineWidth="0.5" CharSpace="0" RenderTransform="0.5968368 0 -0 0.5968368 196.33238 421.8152">
							<Font SizePoints="14" Style="Regular" FamilyName="CSMVMI+BlissPro" Capitals="Normal" ResourceId="2" />
							<Origin X="0" Y="0" />
							<Text>-</Text>
							<Size Width="4.984" Height="8.162108" />
							<Brush>
								<SolidBrush Color="#FF000000" />
							</Brush>
							<Tag>convertedFont</Tag>
						</Glyphs>
						<Glyphs OutlineWidth="0.5" CharSpace="0" RenderTransform="0.5968368 0 -0 0.5968368 199.32588 421.8152">
							<Font SizePoints="14" Style="Regular" FamilyName="CSMVMI+BlissPro" Capitals="Normal" ResourceId="2" />
							<Origin X="0" Y="0" />
							<Text>5</Text>
							<Size Width="7.126" Height="8.162108" />
							<Brush>
								<SolidBrush Color="#FF000000" />
							</Brush>
							<Tag>convertedFont</Tag>
						</Glyphs>
						<Glyphs OutlineWidth="0.5" CharSpace="0" RenderTransform="0.5968368 0 -0 0.5968368 203.60632 421.8152">
							<Font SizePoints="14" Style="Regular" FamilyName="CSMVMI+BlissPro" Capitals="Normal" ResourceId="2" />
							<Origin X="0" Y="0" />
							<Text>/</Text>
							<Size Width="5.096" Height="8.162108" />
							<Brush>
								<SolidBrush Color="#FF000000" />
							</Brush>
							<Tag>convertedFont</Tag>
						</Glyphs>
						<Glyphs OutlineWidth="0.5" CharSpace="0" RenderTransform="0.5968368 0 -0 0.5968368 206.66512 421.8152">
							<Font SizePoints="14" Style="Regular" FamilyName="CSMVMI+BlissPro" Capitals="Normal" ResourceId="2" />
							<Origin X="0" Y="0" />
							<Text>D</Text>
							<Size Width="9.212" Height="8.162108" />
							<Brush>
								<SolidBrush Color="#FF000000" />
							</Brush>
							<Tag>convertedFont</Tag>
						</Glyphs>
						<Glyphs OutlineWidth="0.5" CharSpace="0" RenderTransform="0.5968368 0 -0 0.5968368 212.2045 421.8152">
							<Font SizePoints="14" Style="Regular" FamilyName="CSMVMI+BlissPro" Capitals="Normal" ResourceId="2" />
							<Origin X="0" Y="0" />
							<Text>V</Text>
							<Size Width="8.624" Height="8.162108" />
							<Brush>
								<SolidBrush Color="#FF000000" />
							</Brush>
							<Tag>convertedFont</Tag>
						</Glyphs>
						<Glyphs OutlineWidth="0.5" CharSpace="0" RenderTransform="0.5968368 0 -0 0.5968368 217.38953 421.8152">
							<Font SizePoints="14" Style="Regular" FamilyName="CSMVMI+BlissPro" Capitals="Normal" ResourceId="2" />
							<Origin X="0" Y="0" />
							<Text>L</Text>
							<Size Width="6.062" Height="8.162108" />
							<Brush>
								<SolidBrush Color="#FF000000" />
							</Brush>
							<Tag>convertedFont</Tag>
						</Glyphs>
						<Glyphs OutlineWidth="0.5" CharSpace="0" RenderTransform="0.5968368 0 -0 0.5968368 221.0265 421.8152">
							<Font SizePoints="14" Style="Regular" FamilyName="CSMVMI+BlissPro" Capitals="Normal" ResourceId="2" />
							<Origin X="0" Y="0" />
							<Text>-</Text>
							<Size Width="4.984" Height="8.162108" />
							<Brush>
								<SolidBrush Color="#FF000000" />
							</Brush>
							<Tag>convertedFont</Tag>
						</Glyphs>
						<Glyphs OutlineWidth="0.5" CharSpace="0" RenderTransform="0.5968368 0 -0 0.5968368 224.02 421.8152">
							<Font SizePoints="14" Style="Regular" FamilyName="CSMVMI+BlissPro" Capitals="Normal" ResourceId="2" />
							<Origin X="0" Y="0" />
							<Text>5</Text>
							<Size Width="7.126" Height="8.162108" />
							<Brush>
								<SolidBrush Color="#FF000000" />
							</Brush>
							<Tag>convertedFont</Tag>
						</Glyphs>
						<Glyphs OutlineWidth="0.5" CharSpace="0" RenderTransform="0.5968368 0 -0 0.5968368 228.30045 421.8152">
							<Font SizePoints="14" Style="Regular" FamilyName="CSMVMI+BlissPro" Capitals="Normal" ResourceId="2" />
							<Origin X="0" Y="0" />
							<Text>0</Text>
							<Size Width="7.756" Height="8.162108" />
							<Brush>
								<SolidBrush Color="#FF000000" />
							</Brush>
							<Tag>convertedFont</Tag>
						</Glyphs>
						<Glyphs OutlineWidth="0.5" CharSpace="0" RenderTransform="0.5968368 0 -0 0.5968368 232.9539 421.8152">
							<Font SizePoints="14" Style="Regular" FamilyName="CSMVMI+BlissPro" Capitals="Normal" ResourceId="2" />
							<Origin X="0" Y="0" />
							<Text>0</Text>
							<Size Width="7.756" Height="8.162108" />
							<Brush>
								<SolidBrush Color="#FF000000" />
							</Brush>
							<Tag>convertedFont</Tag>
						</Glyphs>
						<Glyphs OutlineWidth="0.5" CharSpace="0" RenderTransform="0.5968368 0 -0 0.5968368 494.62955 421.8152">
							<Font SizePoints="14" Style="Regular" FamilyName="CSMVMI+BlissPro" Capitals="Normal" ResourceId="2" />
							<Origin X="0" Y="0" />
							<Text>1</Text>
							<Size Width="5.852" Height="8.162108" />
							<Brush>
								<SolidBrush Color="#FF000000" />
							</Brush>
							<Tag>convertedFont</Tag>
						</Glyphs>
						<Glyphs OutlineWidth="0.5" CharSpace="0" RenderTransform="0.5968368 0 -0 0.5968368 57.148167 434.94556">
							<Font SizePoints="14" Style="Regular" FamilyName="CSMVMI+BlissPro" Capitals="Normal" ResourceId="2" />
							<Origin X="0" Y="0" />
							<Text>Д</Text>
							<Size Width="9.142" Height="8.162108" />
							<Brush>
								<SolidBrush Color="#FF000000" />
							</Brush>
							<Tag>convertedFont</Tag>
						</Glyphs>
						<Glyphs OutlineWidth="0.5" CharSpace="0" RenderTransform="0.5968368 0 -0 0.5968368 62.64093 434.94556">
							<Font SizePoints="14" Style="Regular" FamilyName="CSMVMI+BlissPro" Capitals="Normal" ResourceId="2" />
							<Origin X="0" Y="0" />
							<Text>а</Text>
							<Size Width="6.608" Height="8.162108" />
							<Brush>
								<SolidBrush Color="#FF000000" />
							</Brush>
							<Tag>convertedFont</Tag>
						</Glyphs>
						<Glyphs OutlineWidth="0.5" CharSpace="0" RenderTransform="0.5968368 0 -0 0.5968368 66.613625 434.94556">
							<Font SizePoints="14" Style="Regular" FamilyName="CSMVMI+BlissPro" Capitals="Normal" ResourceId="2" />
							<Origin X="0" Y="0" />
							<Text>т</Text>
							<Size Width="6.174" Height="8.162108" />
							<Brush>
								<SolidBrush Color="#FF000000" />
							</Brush>
							<Tag>convertedFont</Tag>
						</Glyphs>
						<Glyphs OutlineWidth="0.5" CharSpace="0" RenderTransform="0.5968368 0 -0 0.5968368 70.3252 434.94556">
							<Font SizePoints="14" Style="Regular" FamilyName="CSMVMI+BlissPro" Capitals="Normal" ResourceId="2" />
							<Origin X="0" Y="0" />
							<Text>ч</Text>
							<Size Width="6.776" Height="8.162108" />
							<Brush>
								<SolidBrush Color="#FF000000" />
							</Brush>
							<Tag>convertedFont</Tag>
						</Glyphs>
						<Glyphs OutlineWidth="0.5" CharSpace="0" RenderTransform="0.5968368 0 -0 0.5968368 74.40048 434.94556">
							<Font SizePoints="14" Style="Regular" FamilyName="CSMVMI+BlissPro" Capitals="Normal" ResourceId="2" />
							<Origin X="0" Y="0" />
							<Text>и</Text>
							<Size Width="7.518" Height="8.162108" />
							<Brush>
								<SolidBrush Color="#FF000000" />
							</Brush>
							<Tag>convertedFont</Tag>
						</Glyphs>
						<Glyphs OutlineWidth="0.5" CharSpace="0" RenderTransform="0.5968368 0 -0 0.5968368 78.91406 434.94556">
							<Font SizePoints="14" Style="Regular" FamilyName="CSMVMI+BlissPro" Capitals="Normal" ResourceId="2" />
							<Origin X="0" Y="0" />
							<Text>к</Text>
							<Size Width="6.496" Height="8.162108" />
							<Brush>
								<SolidBrush Color="#FF000000" />
							</Brush>
							<Tag>convertedFont</Tag>
						</Glyphs>
						<Glyphs OutlineWidth="0.5" CharSpace="0" RenderTransform="0.5968368 0 -0 0.5968368 82.82147 434.94556">
							<Font SizePoints="14" Style="Regular" FamilyName="CSMVMI+BlissPro" Capitals="Normal" ResourceId="2" />
							<Origin X="0" Y="0" />
							<Text> </Text>
							<Size Width="3.094" Height="8.162108" />
							<Brush>
								<SolidBrush Color="#FF000000" />
							</Brush>
							<Tag>convertedFont</Tag>
						</Glyphs>
						<Glyphs OutlineWidth="0.5" CharSpace="0" RenderTransform="0.5968368 0 -0 0.5968368 84.67726 434.94556">
							<Font SizePoints="14" Style="Regular" FamilyName="CSMVMI+BlissPro" Capitals="Normal" ResourceId="2" />
							<Origin X="0" Y="0" />
							<Text>п</Text>
							<Size Width="7.182" Height="8.162108" />
							<Brush>
								<SolidBrush Color="#FF000000" />
							</Brush>
							<Tag>convertedFont</Tag>
						</Glyphs>
						<Glyphs OutlineWidth="0.5" CharSpace="0" RenderTransform="0.5968368 0 -0 0.5968368 88.99501 434.94556">
							<Font SizePoints="14" Style="Regular" FamilyName="CSMVMI+BlissPro" Capitals="Normal" ResourceId="2" />
							<Origin X="0" Y="0" />
							<Text>е</Text>
							<Size Width="6.636" Height="8.162108" />
							<Brush>
								<SolidBrush Color="#FF000000" />
							</Brush>
							<Tag>convertedFont</Tag>
						</Glyphs>
						<Glyphs OutlineWidth="0.5" CharSpace="0" RenderTransform="0.5968368 0 -0 0.5968368 92.98635 434.94556">
							<Font SizePoints="14" Style="Regular" FamilyName="CSMVMI+BlissPro" Capitals="Normal" ResourceId="2" />
							<Origin X="0" Y="0" />
							<Text>р</Text>
							<Size Width="7.14" Height="8.162108" />
							<Brush>
								<SolidBrush Color="#FF000000" />
							</Brush>
							<Tag>convertedFont</Tag>
						</Glyphs>
						<Glyphs OutlineWidth="0.5" CharSpace="0" RenderTransform="0.5968368 0 -0 0.5968368 97.276115 434.94556">
							<Font SizePoints="14" Style="Regular" FamilyName="CSMVMI+BlissPro" Capitals="Normal" ResourceId="2" />
							<Origin X="0" Y="0" />
							<Text>е</Text>
							<Size Width="6.636" Height="8.162108" />
							<Brush>
								<SolidBrush Color="#FF000000" />
							</Brush>
							<Tag>convertedFont</Tag>
						</Glyphs>
						<Glyphs OutlineWidth="0.5" CharSpace="0" RenderTransform="0.5968368 0 -0 0.5968368 101.26746 434.94556">
							<Font SizePoints="14" Style="Regular" FamilyName="CSMVMI+BlissPro" Capitals="Normal" ResourceId="2" />
							<Origin X="0" Y="0" />
							<Text>п</Text>
							<Size Width="7.182" Height="8.162108" />
							<Brush>
								<SolidBrush Color="#FF000000" />
							</Brush>
							<Tag>convertedFont</Tag>
						</Glyphs>
						<Glyphs OutlineWidth="0.5" CharSpace="0" RenderTransform="0.5968368 0 -0 0.5968368 105.585205 434.94556">
							<Font SizePoints="14" Style="Regular" FamilyName="CSMVMI+BlissPro" Capitals="Normal" ResourceId="2" />
							<Origin X="0" Y="0" />
							<Text>а</Text>
							<Size Width="6.608" Height="8.162108" />
							<Brush>
								<SolidBrush Color="#FF000000" />
							</Brush>
							<Tag>convertedFont</Tag>
						</Glyphs>
						<Glyphs OutlineWidth="0.5" CharSpace="0" RenderTransform="0.5968368 0 -0 0.5968368 109.5579 434.94556">
							<Font SizePoints="14" Style="Regular" FamilyName="CSMVMI+BlissPro" Capitals="Normal" ResourceId="2" />
							<Origin X="0" Y="0" />
							<Text>д</Text>
							<Size Width="7.602" Height="8.162108" />
							<Brush>
								<SolidBrush Color="#FF000000" />
							</Brush>
							<Tag>convertedFont</Tag>
						</Glyphs>
						<Glyphs OutlineWidth="0.5" CharSpace="0" RenderTransform="0.5968368 0 -0 0.5968368 114.12743 434.94556">
							<Font SizePoints="14" Style="Regular" FamilyName="CSMVMI+BlissPro" Capitals="Normal" ResourceId="2" />
							<Origin X="0" Y="0" />
							<Text>а</Text>
							<Size Width="6.608" Height="8.162108" />
							<Brush>
								<SolidBrush Color="#FF000000" />
							</Brush>
							<Tag>convertedFont</Tag>
						</Glyphs>
						<Glyphs OutlineWidth="0.5" CharSpace="0" RenderTransform="0.5968368 0 -0 0.5968368 118.10013 434.94556">
							<Font SizePoints="14" Style="Regular" FamilyName="CSMVMI+BlissPro" Capitals="Normal" ResourceId="2" />
							<Origin X="0" Y="0" />
							<Text> </Text>
							<Size Width="3.094" Height="8.162108" />
							<Brush>
								<SolidBrush Color="#FF000000" />
							</Brush>
							<Tag>convertedFont</Tag>
						</Glyphs>
						<Glyphs OutlineWidth="0.5" CharSpace="0" RenderTransform="0.5968368 0 -0 0.5968368 119.95592 434.94556">
							<Font SizePoints="14" Style="Regular" FamilyName="CSMVMI+BlissPro" Capitals="Normal" ResourceId="2" />
							<Origin X="0" Y="0" />
							<Text>д</Text>
							<Size Width="7.602" Height="8.162108" />
							<Brush>
								<SolidBrush Color="#FF000000" />
							</Brush>
							<Tag>convertedFont</Tag>
						</Glyphs>
						<Glyphs OutlineWidth="0.5" CharSpace="0" RenderTransform="0.5968368 0 -0 0.5968368 124.525444 434.94556">
							<Font SizePoints="14" Style="Regular" FamilyName="CSMVMI+BlissPro" Capitals="Normal" ResourceId="2" />
							<Origin X="0" Y="0" />
							<Text>а</Text>
							<Size Width="6.608" Height="8.162108" />
							<Brush>
								<SolidBrush Color="#FF000000" />
							</Brush>
							<Tag>convertedFont</Tag>
						</Glyphs>
						<Glyphs OutlineWidth="0.5" CharSpace="0" RenderTransform="0.5968368 0 -0 0.5968368 128.49814 434.94556">
							<Font SizePoints="14" Style="Regular" FamilyName="CSMVMI+BlissPro" Capitals="Normal" ResourceId="2" />
							<Origin X="0" Y="0" />
							<Text>в</Text>
							<Size Width="6.538" Height="8.162108" />
							<Brush>
								<SolidBrush Color="#FF000000" />
							</Brush>
							<Tag>convertedFont</Tag>
						</Glyphs>
						<Glyphs OutlineWidth="0.5" CharSpace="0" RenderTransform="0.5968368 0 -0 0.5968368 132.43353 434.94556">
							<Font SizePoints="14" Style="Regular" FamilyName="CSMVMI+BlissPro" Capitals="Normal" ResourceId="2" />
							<Origin X="0" Y="0" />
							<Text>л</Text>
							<Size Width="7.042" Height="8.162108" />
							<Brush>
								<SolidBrush Color="#FF000000" />
							</Brush>
							<Tag>convertedFont</Tag>
						</Glyphs>
						<Glyphs OutlineWidth="0.5" CharSpace="0" RenderTransform="0.5968368 0 -0 0.5968368 136.66734 434.94556">
							<Font SizePoints="14" Style="Regular" FamilyName="CSMVMI+BlissPro" Capitals="Normal" ResourceId="2" />
							<Origin X="0" Y="0" />
							<Text>е</Text>
							<Size Width="6.636" Height="8.162108" />
							<Brush>
								<SolidBrush Color="#FF000000" />
							</Brush>
							<Tag>convertedFont</Tag>
						</Glyphs>
						<Glyphs OutlineWidth="0.5" CharSpace="0" RenderTransform="0.5968368 0 -0 0.5968368 140.65869 434.94556">
							<Font SizePoints="14" Style="Regular" FamilyName="CSMVMI+BlissPro" Capitals="Normal" ResourceId="2" />
							<Origin X="0" Y="0" />
							<Text>н</Text>
							<Size Width="7.266" Height="8.162108" />
							<Brush>
								<SolidBrush Color="#FF000000" />
							</Brush>
							<Tag>convertedFont</Tag>
						</Glyphs>
						<Glyphs OutlineWidth="0.5" CharSpace="0" RenderTransform="0.5968368 0 -0 0.5968368 145.02307 434.94556">
							<Font SizePoints="14" Style="Regular" FamilyName="CSMVMI+BlissPro" Capitals="Normal" ResourceId="2" />
							<Origin X="0" Y="0" />
							<Text>и</Text>
							<Size Width="7.518" Height="8.162108" />
							<Brush>
								<SolidBrush Color="#FF000000" />
							</Brush>
							<Tag>convertedFont</Tag>
						</Glyphs>
						<Glyphs OutlineWidth="0.5" CharSpace="0" RenderTransform="0.5968368 0 -0 0.5968368 149.53664 434.94556">
							<Font SizePoints="14" Style="Regular" FamilyName="CSMVMI+BlissPro" Capitals="Normal" ResourceId="2" />
							<Origin X="0" Y="0" />
							<Text>я</Text>
							<Size Width="6.678" Height="8.162108" />
							<Brush>
								<SolidBrush Color="#FF000000" />
							</Brush>
							<Tag>convertedFont</Tag>
						</Glyphs>
						<Glyphs OutlineWidth="0.5" CharSpace="0" RenderTransform="0.5968368 0 -0 0.5968368 153.54663 434.94556">
							<Font SizePoints="14" Style="Regular" FamilyName="CSMVMI+BlissPro" Capitals="Normal" ResourceId="2" />
							<Origin X="0" Y="0" />
							<Text> </Text>
							<Size Width="3.094" Height="8.162108" />
							<Brush>
								<SolidBrush Color="#FF000000" />
							</Brush>
							<Tag>convertedFont</Tag>
						</Glyphs>
						<Glyphs OutlineWidth="0.5" CharSpace="0" RenderTransform="0.5968368 0 -0 0.5968368 155.40244 434.94556">
							<Font SizePoints="14" Style="Regular" FamilyName="CSMVMI+BlissPro" Capitals="Normal" ResourceId="2" />
							<Origin X="0" Y="0" />
							<Text>5</Text>
							<Size Width="7.126" Height="8.162108" />
							<Brush>
								<SolidBrush Color="#FF000000" />
							</Brush>
							<Tag>convertedFont</Tag>
						</Glyphs>
						<Glyphs OutlineWidth="0.5" CharSpace="0" RenderTransform="0.5968368 0 -0 0.5968368 159.68286 434.94556">
							<Font SizePoints="14" Style="Regular" FamilyName="CSMVMI+BlissPro" Capitals="Normal" ResourceId="2" />
							<Origin X="0" Y="0" />
							<Text>0</Text>
							<Size Width="7.756" Height="8.162108" />
							<Brush>
								<SolidBrush Color="#FF000000" />
							</Brush>
							<Tag>convertedFont</Tag>
						</Glyphs>
						<Glyphs OutlineWidth="0.5" CharSpace="0" RenderTransform="0.5968368 0 -0 0.5968368 164.33633 434.94556">
							<Font SizePoints="14" Style="Regular" FamilyName="CSMVMI+BlissPro" Capitals="Normal" ResourceId="2" />
							<Origin X="0" Y="0" />
							<Text>0</Text>
							<Size Width="7.756" Height="8.162108" />
							<Brush>
								<SolidBrush Color="#FF000000" />
							</Brush>
							<Tag>convertedFont</Tag>
						</Glyphs>
						<Glyphs OutlineWidth="0.5" CharSpace="0" RenderTransform="0.5968368 0 -0 0.5968368 168.98979 434.94556">
							<Font SizePoints="14" Style="Regular" FamilyName="CSMVMI+BlissPro" Capitals="Normal" ResourceId="2" />
							<Origin X="0" Y="0" />
							<Text> </Text>
							<Size Width="3.094" Height="8.162108" />
							<Brush>
								<SolidBrush Color="#FF000000" />
							</Brush>
							<Tag>convertedFont</Tag>
						</Glyphs>
						<Glyphs OutlineWidth="0.5" CharSpace="0" RenderTransform="0.5968368 0 -0 0.5968368 170.84558 434.94556">
							<Font SizePoints="14" Style="Regular" FamilyName="CSMVMI+BlissPro" Capitals="Normal" ResourceId="2" />
							<Origin X="0" Y="0" />
							<Text>P</Text>
							<Size Width="7.168" Height="8.162108" />
							<Brush>
								<SolidBrush Color="#FF000000" />
							</Brush>
							<Tag>convertedFont</Tag>
						</Glyphs>
						<Glyphs OutlineWidth="0.5" CharSpace="0" RenderTransform="0.5968368 0 -0 0.5968368 175.15399 434.94556">
							<Font SizePoints="14" Style="Regular" FamilyName="CSMVMI+BlissPro" Capitals="Normal" ResourceId="2" />
							<Origin X="0" Y="0" />
							<Text>a</Text>
							<Size Width="6.538" Height="8.162108" />
							<Brush>
								<SolidBrush Color="#FF000000" />
							</Brush>
							<Tag>convertedFont</Tag>
						</Glyphs>
						<Glyphs OutlineWidth="0.5" CharSpace="0" RenderTransform="0.5968368 0 -0 0.5968368 179.08939 434.94556">
							<Font SizePoints="14" Style="Regular" FamilyName="CSMVMI+BlissPro" Capitals="Normal" ResourceId="2" />
							<Origin X="0" Y="0" />
							<Text> </Text>
							<Size Width="3.094" Height="8.162108" />
							<Brush>
								<SolidBrush Color="#FF000000" />
							</Brush>
							<Tag>convertedFont</Tag>
						</Glyphs>
						<Glyphs OutlineWidth="0.5" CharSpace="0" RenderTransform="0.5968368 0 -0 0.5968368 180.94518 434.94556">
							<Font SizePoints="14" Style="Regular" FamilyName="CSMVMI+BlissPro" Capitals="Normal" ResourceId="2" />
							<Origin X="0" Y="0" />
							<Text>D</Text>
							<Size Width="9.212" Height="8.162108" />
							<Brush>
								<SolidBrush Color="#FF000000" />
							</Brush>
							<Tag>convertedFont</Tag>
						</Glyphs>
						<Glyphs OutlineWidth="0.5" CharSpace="0" RenderTransform="0.5968368 0 -0 0.5968368 186.48457 434.94556">
							<Font SizePoints="14" Style="Regular" FamilyName="CSMVMI+BlissPro" Capitals="Normal" ResourceId="2" />
							<Origin X="0" Y="0" />
							<Text>P</Text>
							<Size Width="7.168" Height="8.162108" />
							<Brush>
								<SolidBrush Color="#FF000000" />
							</Brush>
							<Tag>convertedFont</Tag>
						</Glyphs>
						<Glyphs OutlineWidth="0.5" CharSpace="0" RenderTransform="0.5968368 0 -0 0.5968368 190.79298 434.94556">
							<Font SizePoints="14" Style="Regular" FamilyName="CSMVMI+BlissPro" Capitals="Normal" ResourceId="2" />
							<Origin X="0" Y="0" />
							<Text>D</Text>
							<Size Width="9.212" Height="8.162108" />
							<Brush>
								<SolidBrush Color="#FF000000" />
							</Brush>
							<Tag>convertedFont</Tag>
						</Glyphs>
						<Glyphs OutlineWidth="0.5" CharSpace="0" RenderTransform="0.5968368 0 -0 0.5968368 196.33238 434.94556">
							<Font SizePoints="14" Style="Regular" FamilyName="CSMVMI+BlissPro" Capitals="Normal" ResourceId="2" />
							<Origin X="0" Y="0" />
							<Text>-</Text>
							<Size Width="4.984" Height="8.162108" />
							<Brush>
								<SolidBrush Color="#FF000000" />
							</Brush>
							<Tag>convertedFont</Tag>
						</Glyphs>
						<Glyphs OutlineWidth="0.5" CharSpace="0" RenderTransform="0.5968368 0 -0 0.5968368 199.32588 434.94556">
							<Font SizePoints="14" Style="Regular" FamilyName="CSMVMI+BlissPro" Capitals="Normal" ResourceId="2" />
							<Origin X="0" Y="0" />
							<Text>5</Text>
							<Size Width="7.126" Height="8.162108" />
							<Brush>
								<SolidBrush Color="#FF000000" />
							</Brush>
							<Tag>convertedFont</Tag>
						</Glyphs>
						<Glyphs OutlineWidth="0.5" CharSpace="0" RenderTransform="0.5968368 0 -0 0.5968368 203.60632 434.94556">
							<Font SizePoints="14" Style="Regular" FamilyName="CSMVMI+BlissPro" Capitals="Normal" ResourceId="2" />
							<Origin X="0" Y="0" />
							<Text>/</Text>
							<Size Width="5.096" Height="8.162108" />
							<Brush>
								<SolidBrush Color="#FF000000" />
							</Brush>
							<Tag>convertedFont</Tag>
						</Glyphs>
						<Glyphs OutlineWidth="0.5" CharSpace="0" RenderTransform="0.5968368 0 -0 0.5968368 206.66512 434.94556">
							<Font SizePoints="14" Style="Regular" FamilyName="CSMVMI+BlissPro" Capitals="Normal" ResourceId="2" />
							<Origin X="0" Y="0" />
							<Text>D</Text>
							<Size Width="9.212" Height="8.162108" />
							<Brush>
								<SolidBrush Color="#FF000000" />
							</Brush>
							<Tag>convertedFont</Tag>
						</Glyphs>
						<Glyphs OutlineWidth="0.5" CharSpace="0" RenderTransform="0.5968368 0 -0 0.5968368 212.2045 434.94556">
							<Font SizePoints="14" Style="Regular" FamilyName="CSMVMI+BlissPro" Capitals="Normal" ResourceId="2" />
							<Origin X="0" Y="0" />
							<Text>V</Text>
							<Size Width="8.624" Height="8.162108" />
							<Brush>
								<SolidBrush Color="#FF000000" />
							</Brush>
							<Tag>convertedFont</Tag>
						</Glyphs>
						<Glyphs OutlineWidth="0.5" CharSpace="0" RenderTransform="0.5968368 0 -0 0.5968368 217.38953 434.94556">
							<Font SizePoints="14" Style="Regular" FamilyName="CSMVMI+BlissPro" Capitals="Normal" ResourceId="2" />
							<Origin X="0" Y="0" />
							<Text>L</Text>
							<Size Width="6.062" Height="8.162108" />
							<Brush>
								<SolidBrush Color="#FF000000" />
							</Brush>
							<Tag>convertedFont</Tag>
						</Glyphs>
						<Glyphs OutlineWidth="0.5" CharSpace="0" RenderTransform="0.5968368 0 -0 0.5968368 221.0265 434.94556">
							<Font SizePoints="14" Style="Regular" FamilyName="CSMVMI+BlissPro" Capitals="Normal" ResourceId="2" />
							<Origin X="0" Y="0" />
							<Text>-</Text>
							<Size Width="4.984" Height="8.162108" />
							<Brush>
								<SolidBrush Color="#FF000000" />
							</Brush>
							<Tag>convertedFont</Tag>
						</Glyphs>
						<Glyphs OutlineWidth="0.5" CharSpace="0" RenderTransform="0.5968368 0 -0 0.5968368 224.02 434.94556">
							<Font SizePoints="14" Style="Regular" FamilyName="CSMVMI+BlissPro" Capitals="Normal" ResourceId="2" />
							<Origin X="0" Y="0" />
							<Text>5</Text>
							<Size Width="7.126" Height="8.162108" />
							<Brush>
								<SolidBrush Color="#FF000000" />
							</Brush>
							<Tag>convertedFont</Tag>
						</Glyphs>
						<Glyphs OutlineWidth="0.5" CharSpace="0" RenderTransform="0.5968368 0 -0 0.5968368 228.30045 434.94556">
							<Font SizePoints="14" Style="Regular" FamilyName="CSMVMI+BlissPro" Capitals="Normal" ResourceId="2" />
							<Origin X="0" Y="0" />
							<Text>0</Text>
							<Size Width="7.756" Height="8.162108" />
							<Brush>
								<SolidBrush Color="#FF000000" />
							</Brush>
							<Tag>convertedFont</Tag>
						</Glyphs>
						<Glyphs OutlineWidth="0.5" CharSpace="0" RenderTransform="0.5968368 0 -0 0.5968368 232.9539 434.94556">
							<Font SizePoints="14" Style="Regular" FamilyName="CSMVMI+BlissPro" Capitals="Normal" ResourceId="2" />
							<Origin X="0" Y="0" />
							<Text>0</Text>
							<Size Width="7.756" Height="8.162108" />
							<Brush>
								<SolidBrush Color="#FF000000" />
							</Brush>
							<Tag>convertedFont</Tag>
						</Glyphs>
						<Glyphs OutlineWidth="0.5" CharSpace="0" RenderTransform="0.5968368 0 -0 0.5968368 494.62955 434.94556">
							<Font SizePoints="14" Style="Regular" FamilyName="CSMVMI+BlissPro" Capitals="Normal" ResourceId="2" />
							<Origin X="0" Y="0" />
							<Text>2</Text>
							<Size Width="7.154" Height="8.162108" />
							<Brush>
								<SolidBrush Color="#FF000000" />
							</Brush>
							<Tag>convertedFont</Tag>
						</Glyphs>
						<Glyphs OutlineWidth="0.5" CharSpace="0" RenderTransform="0.5968368 0 -0 0.5968368 57.148167 448.07593">
							<Font SizePoints="14" Style="Regular" FamilyName="CSMVMI+BlissPro" Capitals="Normal" ResourceId="2" />
							<Origin X="0" Y="0" />
							<Text>Д</Text>
							<Size Width="9.142" Height="8.162108" />
							<Brush>
								<SolidBrush Color="#FF000000" />
							</Brush>
							<Tag>convertedFont</Tag>
						</Glyphs>
						<Glyphs OutlineWidth="0.5" CharSpace="0" RenderTransform="0.5968368 0 -0 0.5968368 62.64093 448.07593">
							<Font SizePoints="14" Style="Regular" FamilyName="CSMVMI+BlissPro" Capitals="Normal" ResourceId="2" />
							<Origin X="0" Y="0" />
							<Text>а</Text>
							<Size Width="6.608" Height="8.162108" />
							<Brush>
								<SolidBrush Color="#FF000000" />
							</Brush>
							<Tag>convertedFont</Tag>
						</Glyphs>
						<Glyphs OutlineWidth="0.5" CharSpace="0" RenderTransform="0.5968368 0 -0 0.5968368 66.613625 448.07593">
							<Font SizePoints="14" Style="Regular" FamilyName="CSMVMI+BlissPro" Capitals="Normal" ResourceId="2" />
							<Origin X="0" Y="0" />
							<Text>т</Text>
							<Size Width="6.174" Height="8.162108" />
							<Brush>
								<SolidBrush Color="#FF000000" />
							</Brush>
							<Tag>convertedFont</Tag>
						</Glyphs>
						<Glyphs OutlineWidth="0.5" CharSpace="0" RenderTransform="0.5968368 0 -0 0.5968368 70.3252 448.07593">
							<Font SizePoints="14" Style="Regular" FamilyName="CSMVMI+BlissPro" Capitals="Normal" ResourceId="2" />
							<Origin X="0" Y="0" />
							<Text>ч</Text>
							<Size Width="6.776" Height="8.162108" />
							<Brush>
								<SolidBrush Color="#FF000000" />
							</Brush>
							<Tag>convertedFont</Tag>
						</Glyphs>
						<Glyphs OutlineWidth="0.5" CharSpace="0" RenderTransform="0.5968368 0 -0 0.5968368 74.40048 448.07593">
							<Font SizePoints="14" Style="Regular" FamilyName="CSMVMI+BlissPro" Capitals="Normal" ResourceId="2" />
							<Origin X="0" Y="0" />
							<Text>и</Text>
							<Size Width="7.518" Height="8.162108" />
							<Brush>
								<SolidBrush Color="#FF000000" />
							</Brush>
							<Tag>convertedFont</Tag>
						</Glyphs>
						<Glyphs OutlineWidth="0.5" CharSpace="0" RenderTransform="0.5968368 0 -0 0.5968368 78.91406 448.07593">
							<Font SizePoints="14" Style="Regular" FamilyName="CSMVMI+BlissPro" Capitals="Normal" ResourceId="2" />
							<Origin X="0" Y="0" />
							<Text>к</Text>
							<Size Width="6.496" Height="8.162108" />
							<Brush>
								<SolidBrush Color="#FF000000" />
							</Brush>
							<Tag>convertedFont</Tag>
						</Glyphs>
						<Glyphs OutlineWidth="0.5" CharSpace="0" RenderTransform="0.5968368 0 -0 0.5968368 82.82147 448.07593">
							<Font SizePoints="14" Style="Regular" FamilyName="CSMVMI+BlissPro" Capitals="Normal" ResourceId="2" />
							<Origin X="0" Y="0" />
							<Text> </Text>
							<Size Width="3.094" Height="8.162108" />
							<Brush>
								<SolidBrush Color="#FF000000" />
							</Brush>
							<Tag>convertedFont</Tag>
						</Glyphs>
						<Glyphs OutlineWidth="0.5" CharSpace="0" RenderTransform="0.5968368 0 -0 0.5968368 84.67726 448.07593">
							<Font SizePoints="14" Style="Regular" FamilyName="CSMVMI+BlissPro" Capitals="Normal" ResourceId="2" />
							<Origin X="0" Y="0" />
							<Text>т</Text>
							<Size Width="6.174" Height="8.162108" />
							<Brush>
								<SolidBrush Color="#FF000000" />
							</Brush>
							<Tag>convertedFont</Tag>
						</Glyphs>
						<Glyphs OutlineWidth="0.5" CharSpace="0" RenderTransform="0.5968368 0 -0 0.5968368 88.38884 448.07593">
							<Font SizePoints="14" Style="Regular" FamilyName="CSMVMI+BlissPro" Capitals="Normal" ResourceId="2" />
							<Origin X="0" Y="0" />
							<Text>е</Text>
							<Size Width="6.636" Height="8.162108" />
							<Brush>
								<SolidBrush Color="#FF000000" />
							</Brush>
							<Tag>convertedFont</Tag>
						</Glyphs>
						<Glyphs OutlineWidth="0.5" CharSpace="0" RenderTransform="0.5968368 0 -0 0.5968368 92.38019 448.07593">
							<Font SizePoints="14" Style="Regular" FamilyName="CSMVMI+BlissPro" Capitals="Normal" ResourceId="2" />
							<Origin X="0" Y="0" />
							<Text>м</Text>
							<Size Width="8.372" Height="8.162108" />
							<Brush>
								<SolidBrush Color="#FF000000" />
							</Brush>
							<Tag>convertedFont</Tag>
						</Glyphs>
						<Glyphs OutlineWidth="0.5" CharSpace="0" RenderTransform="0.5968368 0 -0 0.5968368 97.416 448.07593">
							<Font SizePoints="14" Style="Regular" FamilyName="CSMVMI+BlissPro" Capitals="Normal" ResourceId="2" />
							<Origin X="0" Y="0" />
							<Text>п</Text>
							<Size Width="7.182" Height="8.162108" />
							<Brush>
								<SolidBrush Color="#FF000000" />
							</Brush>
							<Tag>convertedFont</Tag>
						</Glyphs>
						<Glyphs OutlineWidth="0.5" CharSpace="0" RenderTransform="0.5968368 0 -0 0.5968368 101.73374 448.07593">
							<Font SizePoints="14" Style="Regular" FamilyName="CSMVMI+BlissPro" Capitals="Normal" ResourceId="2" />
							<Origin X="0" Y="0" />
							<Text>е</Text>
							<Size Width="6.636" Height="8.162108" />
							<Brush>
								<SolidBrush Color="#FF000000" />
							</Brush>
							<Tag>convertedFont</Tag>
						</Glyphs>
						<Glyphs OutlineWidth="0.5" CharSpace="0" RenderTransform="0.5968368 0 -0 0.5968368 105.72509 448.07593">
							<Font SizePoints="14" Style="Regular" FamilyName="CSMVMI+BlissPro" Capitals="Normal" ResourceId="2" />
							<Origin X="0" Y="0" />
							<Text>р</Text>
							<Size Width="7.14" Height="8.162108" />
							<Brush>
								<SolidBrush Color="#FF000000" />
							</Brush>
							<Tag>convertedFont</Tag>
						</Glyphs>
						<Glyphs OutlineWidth="0.5" CharSpace="0" RenderTransform="0.5968368 0 -0 0.5968368 110.014854 448.07593">
							<Font SizePoints="14" Style="Regular" FamilyName="CSMVMI+BlissPro" Capitals="Normal" ResourceId="2" />
							<Origin X="0" Y="0" />
							<Text>а</Text>
							<Size Width="6.608" Height="8.162108" />
							<Brush>
								<SolidBrush Color="#FF000000" />
							</Brush>
							<Tag>convertedFont</Tag>
						</Glyphs>
						<Glyphs OutlineWidth="0.5" CharSpace="0" RenderTransform="0.5968368 0 -0 0.5968368 113.98755 448.07593">
							<Font SizePoints="14" Style="Regular" FamilyName="CSMVMI+BlissPro" Capitals="Normal" ResourceId="2" />
							<Origin X="0" Y="0" />
							<Text>т</Text>
							<Size Width="6.174" Height="8.162108" />
							<Brush>
								<SolidBrush Color="#FF000000" />
							</Brush>
							<Tag>convertedFont</Tag>
						</Glyphs>
						<Glyphs OutlineWidth="0.5" CharSpace="0" RenderTransform="0.5968368 0 -0 0.5968368 117.69913 448.07593">
							<Font SizePoints="14" Style="Regular" FamilyName="CSMVMI+BlissPro" Capitals="Normal" ResourceId="2" />
							<Origin X="0" Y="0" />
							<Text>у</Text>
							<Size Width="6.776" Height="8.162108" />
							<Brush>
								<SolidBrush Color="#FF000000" />
							</Brush>
							<Tag>convertedFont</Tag>
						</Glyphs>
						<Glyphs OutlineWidth="0.5" CharSpace="0" RenderTransform="0.5968368 0 -0 0.5968368 121.7744 448.07593">
							<Font SizePoints="14" Style="Regular" FamilyName="CSMVMI+BlissPro" Capitals="Normal" ResourceId="2" />
							<Origin X="0" Y="0" />
							<Text>р</Text>
							<Size Width="7.14" Height="8.162108" />
							<Brush>
								<SolidBrush Color="#FF000000" />
							</Brush>
							<Tag>convertedFont</Tag>
						</Glyphs>
						<Glyphs OutlineWidth="0.5" CharSpace="0" RenderTransform="0.5968368 0 -0 0.5968368 126.06416 448.07593">
							<Font SizePoints="14" Style="Regular" FamilyName="CSMVMI+BlissPro" Capitals="Normal" ResourceId="2" />
							<Origin X="0" Y="0" />
							<Text>ы</Text>
							<Size Width="8.722" Height="8.162108" />
							<Brush>
								<SolidBrush Color="#FF000000" />
							</Brush>
							<Tag>convertedFont</Tag>
						</Glyphs>
						<Glyphs OutlineWidth="0.5" CharSpace="0" RenderTransform="0.5968368 0 -0 0.5968368 131.30515 448.07593">
							<Font SizePoints="14" Style="Regular" FamilyName="CSMVMI+BlissPro" Capitals="Normal" ResourceId="2" />
							<Origin X="0" Y="0" />
							<Text> </Text>
							<Size Width="3.094" Height="8.162108" />
							<Brush>
								<SolidBrush Color="#FF000000" />
							</Brush>
							<Tag>convertedFont</Tag>
						</Glyphs>
						<Glyphs OutlineWidth="0.5" CharSpace="0" RenderTransform="0.5968368 0 -0 0.5968368 133.16092 448.07593">
							<Font SizePoints="14" Style="Regular" FamilyName="CSMVMI+BlissPro" Capitals="Normal" ResourceId="2" />
							<Origin X="0" Y="0" />
							<Text>к</Text>
							<Size Width="6.496" Height="8.162108" />
							<Brush>
								<SolidBrush Color="#FF000000" />
							</Brush>
							<Tag>convertedFont</Tag>
						</Glyphs>
						<Glyphs OutlineWidth="0.5" CharSpace="0" RenderTransform="0.5968368 0 -0 0.5968368 137.06834 448.07593">
							<Font SizePoints="14" Style="Regular" FamilyName="CSMVMI+BlissPro" Capitals="Normal" ResourceId="2" />
							<Origin X="0" Y="0" />
							<Text>а</Text>
							<Size Width="6.608" Height="8.162108" />
							<Brush>
								<SolidBrush Color="#FF000000" />
							</Brush>
							<Tag>convertedFont</Tag>
						</Glyphs>
						<Glyphs OutlineWidth="0.5" CharSpace="0" RenderTransform="0.5968368 0 -0 0.5968368 141.04105 448.07593">
							<Font SizePoints="14" Style="Regular" FamilyName="CSMVMI+BlissPro" Capitals="Normal" ResourceId="2" />
							<Origin X="0" Y="0" />
							<Text>н</Text>
							<Size Width="7.266" Height="8.162108" />
							<Brush>
								<SolidBrush Color="#FF000000" />
							</Brush>
							<Tag>convertedFont</Tag>
						</Glyphs>
						<Glyphs OutlineWidth="0.5" CharSpace="0" RenderTransform="0.5968368 0 -0 0.5968368 145.40541 448.07593">
							<Font SizePoints="14" Style="Regular" FamilyName="CSMVMI+BlissPro" Capitals="Normal" ResourceId="2" />
							<Origin X="0" Y="0" />
							<Text>а</Text>
							<Size Width="6.608" Height="8.162108" />
							<Brush>
								<SolidBrush Color="#FF000000" />
							</Brush>
							<Tag>convertedFont</Tag>
						</Glyphs>
						<Glyphs OutlineWidth="0.5" CharSpace="0" RenderTransform="0.5968368 0 -0 0.5968368 149.37811 448.07593">
							<Font SizePoints="14" Style="Regular" FamilyName="CSMVMI+BlissPro" Capitals="Normal" ResourceId="2" />
							<Origin X="0" Y="0" />
							<Text>л</Text>
							<Size Width="7.042" Height="8.162108" />
							<Brush>
								<SolidBrush Color="#FF000000" />
							</Brush>
							<Tag>convertedFont</Tag>
						</Glyphs>
						<Glyphs OutlineWidth="0.5" CharSpace="0" RenderTransform="0.5968368 0 -0 0.5968368 153.61191 448.07593">
							<Font SizePoints="14" Style="Regular" FamilyName="CSMVMI+BlissPro" Capitals="Normal" ResourceId="2" />
							<Origin X="0" Y="0" />
							<Text>ь</Text>
							<Size Width="6.454" Height="8.162108" />
							<Brush>
								<SolidBrush Color="#FF000000" />
							</Brush>
							<Tag>convertedFont</Tag>
						</Glyphs>
						<Glyphs OutlineWidth="0.5" CharSpace="0" RenderTransform="0.5968368 0 -0 0.5968368 157.49135 448.07593">
							<Font SizePoints="14" Style="Regular" FamilyName="CSMVMI+BlissPro" Capitals="Normal" ResourceId="2" />
							<Origin X="0" Y="0" />
							<Text>н</Text>
							<Size Width="7.266" Height="8.162108" />
							<Brush>
								<SolidBrush Color="#FF000000" />
							</Brush>
							<Tag>convertedFont</Tag>
						</Glyphs>
						<Glyphs OutlineWidth="0.5" CharSpace="0" RenderTransform="0.5968368 0 -0 0.5968368 161.85573 448.07593">
							<Font SizePoints="14" Style="Regular" FamilyName="CSMVMI+BlissPro" Capitals="Normal" ResourceId="2" />
							<Origin X="0" Y="0" />
							<Text>ы</Text>
							<Size Width="8.722" Height="8.162108" />
							<Brush>
								<SolidBrush Color="#FF000000" />
							</Brush>
							<Tag>convertedFont</Tag>
						</Glyphs>
						<Glyphs OutlineWidth="0.5" CharSpace="0" RenderTransform="0.5968368 0 -0 0.5968368 167.0967 448.07593">
							<Font SizePoints="14" Style="Regular" FamilyName="CSMVMI+BlissPro" Capitals="Normal" ResourceId="2" />
							<Origin X="0" Y="0" />
							<Text>й</Text>
							<Size Width="7.518" Height="8.162108" />
							<Brush>
								<SolidBrush Color="#FF000000" />
							</Brush>
							<Tag>convertedFont</Tag>
						</Glyphs>
						<Glyphs OutlineWidth="0.5" CharSpace="0" RenderTransform="0.5968368 0 -0 0.5968368 171.61028 448.07593">
							<Font SizePoints="14" Style="Regular" FamilyName="CSMVMI+BlissPro" Capitals="Normal" ResourceId="2" />
							<Origin X="0" Y="0" />
							<Text> </Text>
							<Size Width="3.094" Height="8.162108" />
							<Brush>
								<SolidBrush Color="#FF000000" />
							</Brush>
							<Tag>convertedFont</Tag>
						</Glyphs>
						<Glyphs OutlineWidth="0.5" CharSpace="0" RenderTransform="0.5968368 0 -0 0.5968368 173.46606 448.07593">
							<Font SizePoints="14" Style="Regular" FamilyName="CSMVMI+BlissPro" Capitals="Normal" ResourceId="2" />
							<Origin X="0" Y="0" />
							<Text>A</Text>
							<Size Width="8.358" Height="8.162108" />
							<Brush>
								<SolidBrush Color="#FF000000" />
							</Brush>
							<Tag>convertedFont</Tag>
						</Glyphs>
						<Glyphs OutlineWidth="0.5" CharSpace="0" RenderTransform="0.5968368 0 -0 0.5968368 178.49255 448.07593">
							<Font SizePoints="14" Style="Regular" FamilyName="CSMVMI+BlissPro" Capitals="Normal" ResourceId="2" />
							<Origin X="0" Y="0" />
							<Text>R</Text>
							<Size Width="7.728" Height="8.162108" />
							<Brush>
								<SolidBrush Color="#FF000000" />
							</Brush>
							<Tag>convertedFont</Tag>
						</Glyphs>
						<Glyphs OutlineWidth="0.5" CharSpace="0" RenderTransform="0.5968368 0 -0 0.5968368 183.13669 448.07593">
							<Font SizePoints="14" Style="Regular" FamilyName="CSMVMI+BlissPro" Capitals="Normal" ResourceId="2" />
							<Origin X="0" Y="0" />
							<Text>K</Text>
							<Size Width="7.742" Height="8.162108" />
							<Brush>
								<SolidBrush Color="#FF000000" />
							</Brush>
							<Tag>convertedFont</Tag>
						</Glyphs>
						<Glyphs OutlineWidth="0.5" CharSpace="0" RenderTransform="0.5968368 0 -0 0.5968368 187.79015 448.07593">
							<Font SizePoints="14" Style="Regular" FamilyName="CSMVMI+BlissPro" Capitals="Normal" ResourceId="2" />
							<Origin X="0" Y="0" />
							<Text>-</Text>
							<Size Width="4.984" Height="8.162108" />
							<Brush>
								<SolidBrush Color="#FF000000" />
							</Brush>
							<Tag>convertedFont</Tag>
						</Glyphs>
						<Glyphs OutlineWidth="0.5" CharSpace="0" RenderTransform="0.5968368 0 -0 0.5968368 190.78366 448.07593">
							<Font SizePoints="14" Style="Regular" FamilyName="CSMVMI+BlissPro" Capitals="Normal" ResourceId="2" />
							<Origin X="0" Y="0" />
							<Text>3</Text>
							<Size Width="7.448" Height="8.162108" />
							<Brush>
								<SolidBrush Color="#FF000000" />
							</Brush>
							<Tag>convertedFont</Tag>
						</Glyphs>
						<Glyphs OutlineWidth="0.5" CharSpace="0" RenderTransform="0.5968368 0 -0 0.5968368 494.62955 448.07593">
							<Font SizePoints="14" Style="Regular" FamilyName="CSMVMI+BlissPro" Capitals="Normal" ResourceId="2" />
							<Origin X="0" Y="0" />
							<Text>1</Text>
							<Size Width="5.852" Height="8.162108" />
							<Brush>
								<SolidBrush Color="#FF000000" />
							</Brush>
							<Tag>convertedFont</Tag>
						</Glyphs>
						<Glyphs OutlineWidth="0.5" CharSpace="0" RenderTransform="0.5968368 0 -0 0.5968368 57.148167 461.2063">
							<Font SizePoints="14" Style="Regular" FamilyName="CSMVMI+BlissPro" Capitals="Normal" ResourceId="2" />
							<Origin X="0" Y="0" />
							<Text>П</Text>
							<Size Width="9.296" Height="8.162108" />
							<Brush>
								<SolidBrush Color="#FF000000" />
							</Brush>
							<Tag>convertedFont</Tag>
						</Glyphs>
						<Glyphs OutlineWidth="0.5" CharSpace="0" RenderTransform="0.5968368 0 -0 0.5968368 62.734184 461.2063">
							<Font SizePoints="14" Style="Regular" FamilyName="CSMVMI+BlissPro" Capitals="Normal" ResourceId="2" />
							<Origin X="0" Y="0" />
							<Text>р</Text>
							<Size Width="7.14" Height="8.162108" />
							<Brush>
								<SolidBrush Color="#FF000000" />
							</Brush>
							<Tag>convertedFont</Tag>
						</Glyphs>
						<Glyphs OutlineWidth="0.5" CharSpace="0" RenderTransform="0.5968368 0 -0 0.5968368 67.02396 461.2063">
							<Font SizePoints="14" Style="Regular" FamilyName="CSMVMI+BlissPro" Capitals="Normal" ResourceId="2" />
							<Origin X="0" Y="0" />
							<Text>и</Text>
							<Size Width="7.518" Height="8.162108" />
							<Brush>
								<SolidBrush Color="#FF000000" />
							</Brush>
							<Tag>convertedFont</Tag>
						</Glyphs>
						<Glyphs OutlineWidth="0.5" CharSpace="0" RenderTransform="0.5968368 0 -0 0.5968368 71.53753 461.2063">
							<Font SizePoints="14" Style="Regular" FamilyName="CSMVMI+BlissPro" Capitals="Normal" ResourceId="2" />
							<Origin X="0" Y="0" />
							<Text>в</Text>
							<Size Width="6.538" Height="8.162108" />
							<Brush>
								<SolidBrush Color="#FF000000" />
							</Brush>
							<Tag>convertedFont</Tag>
						</Glyphs>
						<Glyphs OutlineWidth="0.5" CharSpace="0" RenderTransform="0.5968368 0 -0 0.5968368 75.47292 461.2063">
							<Font SizePoints="14" Style="Regular" FamilyName="CSMVMI+BlissPro" Capitals="Normal" ResourceId="2" />
							<Origin X="0" Y="0" />
							<Text>о</Text>
							<Size Width="7.364" Height="8.162108" />
							<Brush>
								<SolidBrush Color="#FF000000" />
							</Brush>
							<Tag>convertedFont</Tag>
						</Glyphs>
						<Glyphs OutlineWidth="0.5" CharSpace="0" RenderTransform="0.5968368 0 -0 0.5968368 79.89325 461.2063">
							<Font SizePoints="14" Style="Regular" FamilyName="CSMVMI+BlissPro" Capitals="Normal" ResourceId="2" />
							<Origin X="0" Y="0" />
							<Text>д</Text>
							<Size Width="7.602" Height="8.162108" />
							<Brush>
								<SolidBrush Color="#FF000000" />
							</Brush>
							<Tag>convertedFont</Tag>
						</Glyphs>
						<Glyphs OutlineWidth="0.5" CharSpace="0" RenderTransform="0.5968368 0 -0 0.5968368 84.462776 461.2063">
							<Font SizePoints="14" Style="Regular" FamilyName="CSMVMI+BlissPro" Capitals="Normal" ResourceId="2" />
							<Origin X="0" Y="0" />
							<Text> </Text>
							<Size Width="3.094" Height="8.162108" />
							<Brush>
								<SolidBrush Color="#FF000000" />
							</Brush>
							<Tag>convertedFont</Tag>
						</Glyphs>
						<Glyphs OutlineWidth="0.5" CharSpace="0" RenderTransform="0.5968368 0 -0 0.5968368 86.318565 461.2063">
							<Font SizePoints="14" Style="Regular" FamilyName="CSMVMI+BlissPro" Capitals="Normal" ResourceId="2" />
							<Origin X="0" Y="0" />
							<Text>P</Text>
							<Size Width="7.168" Height="8.162108" />
							<Brush>
								<SolidBrush Color="#FF000000" />
							</Brush>
							<Tag>convertedFont</Tag>
						</Glyphs>
						<Glyphs OutlineWidth="0.5" CharSpace="0" RenderTransform="0.5968368 0 -0 0.5968368 90.62698 461.2063">
							<Font SizePoints="14" Style="Regular" FamilyName="CSMVMI+BlissPro" Capitals="Normal" ResourceId="2" />
							<Origin X="0" Y="0" />
							<Text>D</Text>
							<Size Width="9.212" Height="8.162108" />
							<Brush>
								<SolidBrush Color="#FF000000" />
							</Brush>
							<Tag>convertedFont</Tag>
						</Glyphs>
						<Glyphs OutlineWidth="0.5" CharSpace="0" RenderTransform="0.5968368 0 -0 0.5968368 96.166374 461.2063">
							<Font SizePoints="14" Style="Regular" FamilyName="CSMVMI+BlissPro" Capitals="Normal" ResourceId="2" />
							<Origin X="0" Y="0" />
							<Text>S</Text>
							<Size Width="7.014" Height="8.162108" />
							<Brush>
								<SolidBrush Color="#FF000000" />
							</Brush>
							<Tag>convertedFont</Tag>
						</Glyphs>
						<Glyphs OutlineWidth="0.5" CharSpace="0" RenderTransform="0.5968368 0 -0 0.5968368 100.38153 461.2063">
							<Font SizePoints="14" Style="Regular" FamilyName="CSMVMI+BlissPro" Capitals="Normal" ResourceId="2" />
							<Origin X="0" Y="0" />
							<Text> </Text>
							<Size Width="3.094" Height="8.162108" />
							<Brush>
								<SolidBrush Color="#FF000000" />
							</Brush>
							<Tag>convertedFont</Tag>
						</Glyphs>
						<Glyphs OutlineWidth="0.5" CharSpace="0" RenderTransform="0.5968368 0 -0 0.5968368 102.23732 461.2063">
							<Font SizePoints="14" Style="Regular" FamilyName="CSMVMI+BlissPro" Capitals="Normal" ResourceId="2" />
							<Origin X="0" Y="0" />
							<Text>0</Text>
							<Size Width="7.756" Height="8.162108" />
							<Brush>
								<SolidBrush Color="#FF000000" />
							</Brush>
							<Tag>convertedFont</Tag>
						</Glyphs>
						<Glyphs OutlineWidth="0.5" CharSpace="0" RenderTransform="0.5968368 0 -0 0.5968368 106.890785 461.2063">
							<Font SizePoints="14" Style="Regular" FamilyName="CSMVMI+BlissPro" Capitals="Normal" ResourceId="2" />
							<Origin X="0" Y="0" />
							<Text>5</Text>
							<Size Width="7.126" Height="8.162108" />
							<Brush>
								<SolidBrush Color="#FF000000" />
							</Brush>
							<Tag>convertedFont</Tag>
						</Glyphs>
						<Glyphs OutlineWidth="0.5" CharSpace="0" RenderTransform="0.5968368 0 -0 0.5968368 111.17123 461.2063">
							<Font SizePoints="14" Style="Regular" FamilyName="CSMVMI+BlissPro" Capitals="Normal" ResourceId="2" />
							<Origin X="0" Y="0" />
							<Text>/</Text>
							<Size Width="5.096" Height="8.162108" />
							<Brush>
								<SolidBrush Color="#FF000000" />
							</Brush>
							<Tag>convertedFont</Tag>
						</Glyphs>
						<Glyphs OutlineWidth="0.5" CharSpace="0" RenderTransform="0.5968368 0 -0 0.5968368 114.23001 461.2063">
							<Font SizePoints="14" Style="Regular" FamilyName="CSMVMI+BlissPro" Capitals="Normal" ResourceId="2" />
							<Origin X="0" Y="0" />
							<Text>2</Text>
							<Size Width="7.154" Height="8.162108" />
							<Brush>
								<SolidBrush Color="#FF000000" />
							</Brush>
							<Tag>convertedFont</Tag>
						</Glyphs>
						<Glyphs OutlineWidth="0.5" CharSpace="0" RenderTransform="0.5968368 0 -0 0.5968368 118.5291 461.2063">
							<Font SizePoints="14" Style="Regular" FamilyName="CSMVMI+BlissPro" Capitals="Normal" ResourceId="2" />
							<Origin X="0" Y="0" />
							<Text>3</Text>
							<Size Width="7.448" Height="8.162108" />
							<Brush>
								<SolidBrush Color="#FF000000" />
							</Brush>
							<Tag>convertedFont</Tag>
						</Glyphs>
						<Glyphs OutlineWidth="0.5" CharSpace="0" RenderTransform="0.5968368 0 -0 0.5968368 123.00538 461.2063">
							<Font SizePoints="14" Style="Regular" FamilyName="CSMVMI+BlissPro" Capitals="Normal" ResourceId="2" />
							<Origin X="0" Y="0" />
							<Text>0</Text>
							<Size Width="7.756" Height="8.162108" />
							<Brush>
								<SolidBrush Color="#FF000000" />
							</Brush>
							<Tag>convertedFont</Tag>
						</Glyphs>
						<Glyphs OutlineWidth="0.5" CharSpace="0" RenderTransform="0.5968368 0 -0 0.5968368 127.65884 461.2063">
							<Font SizePoints="14" Style="Regular" FamilyName="CSMVMI+BlissPro" Capitals="Normal" ResourceId="2" />
							<Origin X="0" Y="0" />
							<Text>.</Text>
							<Size Width="3.276" Height="8.162108" />
							<Brush>
								<SolidBrush Color="#FF000000" />
							</Brush>
							<Tag>convertedFont</Tag>
						</Glyphs>
						<Glyphs OutlineWidth="0.5" CharSpace="0" RenderTransform="0.5968368 0 -0 0.5968368 129.62653 461.2063">
							<Font SizePoints="14" Style="Regular" FamilyName="CSMVMI+BlissPro" Capitals="Normal" ResourceId="2" />
							<Origin X="0" Y="0" />
							<Text>D</Text>
							<Size Width="9.212" Height="8.162108" />
							<Brush>
								<SolidBrush Color="#FF000000" />
							</Brush>
							<Tag>convertedFont</Tag>
						</Glyphs>
						<Glyphs OutlineWidth="0.5" CharSpace="0" RenderTransform="0.5968368 0 -0 0.5968368 135.16592 461.2063">
							<Font SizePoints="14" Style="Regular" FamilyName="CSMVMI+BlissPro" Capitals="Normal" ResourceId="2" />
							<Origin X="0" Y="0" />
							<Text>T</Text>
							<Size Width="7.07" Height="8.162108" />
							<Brush>
								<SolidBrush Color="#FF000000" />
							</Brush>
							<Tag>convertedFont</Tag>
						</Glyphs>
						<Glyphs OutlineWidth="0.5" CharSpace="0" RenderTransform="0.5968368 0 -0 0.5968368 494.62955 461.2063">
							<Font SizePoints="14" Style="Regular" FamilyName="CSMVMI+BlissPro" Capitals="Normal" ResourceId="2" />
							<Origin X="0" Y="0" />
							<Text>2</Text>
							<Size Width="7.154" Height="8.162108" />
							<Brush>
								<SolidBrush Color="#FF000000" />
							</Brush>
							<Tag>convertedFont</Tag>
						</Glyphs>
						<Glyphs OutlineWidth="0.5" CharSpace="0" RenderTransform="0.5968368 0 -0 0.5968368 57.148167 474.3369">
							<Font SizePoints="14" Style="Regular" FamilyName="CSMVMI+BlissPro" Capitals="Normal" ResourceId="2" />
							<Origin X="0" Y="0" />
							<Text>П</Text>
							<Size Width="9.296" Height="8.162108" />
							<Brush>
								<SolidBrush Color="#FF000000" />
							</Brush>
							<Tag>convertedFont</Tag>
						</Glyphs>
						<Glyphs OutlineWidth="0.5" CharSpace="0" RenderTransform="0.5968368 0 -0 0.5968368 62.734184 474.3369">
							<Font SizePoints="14" Style="Regular" FamilyName="CSMVMI+BlissPro" Capitals="Normal" ResourceId="2" />
							<Origin X="0" Y="0" />
							<Text>р</Text>
							<Size Width="7.14" Height="8.162108" />
							<Brush>
								<SolidBrush Color="#FF000000" />
							</Brush>
							<Tag>convertedFont</Tag>
						</Glyphs>
						<Glyphs OutlineWidth="0.5" CharSpace="0" RenderTransform="0.5968368 0 -0 0.5968368 67.02396 474.3369">
							<Font SizePoints="14" Style="Regular" FamilyName="CSMVMI+BlissPro" Capitals="Normal" ResourceId="2" />
							<Origin X="0" Y="0" />
							<Text>и</Text>
							<Size Width="7.518" Height="8.162108" />
							<Brush>
								<SolidBrush Color="#FF000000" />
							</Brush>
							<Tag>convertedFont</Tag>
						</Glyphs>
						<Glyphs OutlineWidth="0.5" CharSpace="0" RenderTransform="0.5968368 0 -0 0.5968368 71.53753 474.3369">
							<Font SizePoints="14" Style="Regular" FamilyName="CSMVMI+BlissPro" Capitals="Normal" ResourceId="2" />
							<Origin X="0" Y="0" />
							<Text>в</Text>
							<Size Width="6.538" Height="8.162108" />
							<Brush>
								<SolidBrush Color="#FF000000" />
							</Brush>
							<Tag>convertedFont</Tag>
						</Glyphs>
						<Glyphs OutlineWidth="0.5" CharSpace="0" RenderTransform="0.5968368 0 -0 0.5968368 75.47292 474.3369">
							<Font SizePoints="14" Style="Regular" FamilyName="CSMVMI+BlissPro" Capitals="Normal" ResourceId="2" />
							<Origin X="0" Y="0" />
							<Text>о</Text>
							<Size Width="7.364" Height="8.162108" />
							<Brush>
								<SolidBrush Color="#FF000000" />
							</Brush>
							<Tag>convertedFont</Tag>
						</Glyphs>
						<Glyphs OutlineWidth="0.5" CharSpace="0" RenderTransform="0.5968368 0 -0 0.5968368 79.89325 474.3369">
							<Font SizePoints="14" Style="Regular" FamilyName="CSMVMI+BlissPro" Capitals="Normal" ResourceId="2" />
							<Origin X="0" Y="0" />
							<Text>д</Text>
							<Size Width="7.602" Height="8.162108" />
							<Brush>
								<SolidBrush Color="#FF000000" />
							</Brush>
							<Tag>convertedFont</Tag>
						</Glyphs>
						<Glyphs OutlineWidth="0.5" CharSpace="0" RenderTransform="0.5968368 0 -0 0.5968368 84.462776 474.3369">
							<Font SizePoints="14" Style="Regular" FamilyName="CSMVMI+BlissPro" Capitals="Normal" ResourceId="2" />
							<Origin X="0" Y="0" />
							<Text> </Text>
							<Size Width="3.094" Height="8.162108" />
							<Brush>
								<SolidBrush Color="#FF000000" />
							</Brush>
							<Tag>convertedFont</Tag>
						</Glyphs>
						<Glyphs OutlineWidth="0.5" CharSpace="0" RenderTransform="0.5968368 0 -0 0.5968368 86.318565 474.3369">
							<Font SizePoints="14" Style="Regular" FamilyName="CSMVMI+BlissPro" Capitals="Normal" ResourceId="2" />
							<Origin X="0" Y="0" />
							<Text>P</Text>
							<Size Width="7.168" Height="8.162108" />
							<Brush>
								<SolidBrush Color="#FF000000" />
							</Brush>
							<Tag>convertedFont</Tag>
						</Glyphs>
						<Glyphs OutlineWidth="0.5" CharSpace="0" RenderTransform="0.5968368 0 -0 0.5968368 90.62698 474.3369">
							<Font SizePoints="14" Style="Regular" FamilyName="CSMVMI+BlissPro" Capitals="Normal" ResourceId="2" />
							<Origin X="0" Y="0" />
							<Text>D</Text>
							<Size Width="9.212" Height="8.162108" />
							<Brush>
								<SolidBrush Color="#FF000000" />
							</Brush>
							<Tag>convertedFont</Tag>
						</Glyphs>
						<Glyphs OutlineWidth="0.5" CharSpace="0" RenderTransform="0.5968368 0 -0 0.5968368 96.166374 474.3369">
							<Font SizePoints="14" Style="Regular" FamilyName="CSMVMI+BlissPro" Capitals="Normal" ResourceId="2" />
							<Origin X="0" Y="0" />
							<Text>S</Text>
							<Size Width="7.014" Height="8.162108" />
							<Brush>
								<SolidBrush Color="#FF000000" />
							</Brush>
							<Tag>convertedFont</Tag>
						</Glyphs>
						<Glyphs OutlineWidth="0.5" CharSpace="0" RenderTransform="0.5968368 0 -0 0.5968368 100.38153 474.3369">
							<Font SizePoints="14" Style="Regular" FamilyName="CSMVMI+BlissPro" Capitals="Normal" ResourceId="2" />
							<Origin X="0" Y="0" />
							<Text> </Text>
							<Size Width="3.094" Height="8.162108" />
							<Brush>
								<SolidBrush Color="#FF000000" />
							</Brush>
							<Tag>convertedFont</Tag>
						</Glyphs>
						<Glyphs OutlineWidth="0.5" CharSpace="0" RenderTransform="0.5968368 0 -0 0.5968368 102.23732 474.3369">
							<Font SizePoints="14" Style="Regular" FamilyName="CSMVMI+BlissPro" Capitals="Normal" ResourceId="2" />
							<Origin X="0" Y="0" />
							<Text>0</Text>
							<Size Width="7.756" Height="8.162108" />
							<Brush>
								<SolidBrush Color="#FF000000" />
							</Brush>
							<Tag>convertedFont</Tag>
						</Glyphs>
						<Glyphs OutlineWidth="0.5" CharSpace="0" RenderTransform="0.5968368 0 -0 0.5968368 106.890785 474.3369">
							<Font SizePoints="14" Style="Regular" FamilyName="CSMVMI+BlissPro" Capitals="Normal" ResourceId="2" />
							<Origin X="0" Y="0" />
							<Text>5</Text>
							<Size Width="7.126" Height="8.162108" />
							<Brush>
								<SolidBrush Color="#FF000000" />
							</Brush>
							<Tag>convertedFont</Tag>
						</Glyphs>
						<Glyphs OutlineWidth="0.5" CharSpace="0" RenderTransform="0.5968368 0 -0 0.5968368 111.17123 474.3369">
							<Font SizePoints="14" Style="Regular" FamilyName="CSMVMI+BlissPro" Capitals="Normal" ResourceId="2" />
							<Origin X="0" Y="0" />
							<Text>/</Text>
							<Size Width="5.096" Height="8.162108" />
							<Brush>
								<SolidBrush Color="#FF000000" />
							</Brush>
							<Tag>convertedFont</Tag>
						</Glyphs>
						<Glyphs OutlineWidth="0.5" CharSpace="0" RenderTransform="0.5968368 0 -0 0.5968368 114.23001 474.3369">
							<Font SizePoints="14" Style="Regular" FamilyName="CSMVMI+BlissPro" Capitals="Normal" ResourceId="2" />
							<Origin X="0" Y="0" />
							<Text>2</Text>
							<Size Width="7.154" Height="8.162108" />
							<Brush>
								<SolidBrush Color="#FF000000" />
							</Brush>
							<Tag>convertedFont</Tag>
						</Glyphs>
						<Glyphs OutlineWidth="0.5" CharSpace="0" RenderTransform="0.5968368 0 -0 0.5968368 118.5291 474.3369">
							<Font SizePoints="14" Style="Regular" FamilyName="CSMVMI+BlissPro" Capitals="Normal" ResourceId="2" />
							<Origin X="0" Y="0" />
							<Text>3</Text>
							<Size Width="7.448" Height="8.162108" />
							<Brush>
								<SolidBrush Color="#FF000000" />
							</Brush>
							<Tag>convertedFont</Tag>
						</Glyphs>
						<Glyphs OutlineWidth="0.5" CharSpace="0" RenderTransform="0.5968368 0 -0 0.5968368 123.00538 474.3369">
							<Font SizePoints="14" Style="Regular" FamilyName="CSMVMI+BlissPro" Capitals="Normal" ResourceId="2" />
							<Origin X="0" Y="0" />
							<Text>0</Text>
							<Size Width="7.756" Height="8.162108" />
							<Brush>
								<SolidBrush Color="#FF000000" />
							</Brush>
							<Tag>convertedFont</Tag>
						</Glyphs>
						<Glyphs OutlineWidth="0.5" CharSpace="0" RenderTransform="0.5968368 0 -0 0.5968368 127.65884 474.3369">
							<Font SizePoints="14" Style="Regular" FamilyName="CSMVMI+BlissPro" Capitals="Normal" ResourceId="2" />
							<Origin X="0" Y="0" />
							<Text>.</Text>
							<Size Width="3.276" Height="8.162108" />
							<Brush>
								<SolidBrush Color="#FF000000" />
							</Brush>
							<Tag>convertedFont</Tag>
						</Glyphs>
						<Glyphs OutlineWidth="0.5" CharSpace="0" RenderTransform="0.5968368 0 -0 0.5968368 129.62653 474.3369">
							<Font SizePoints="14" Style="Regular" FamilyName="CSMVMI+BlissPro" Capitals="Normal" ResourceId="2" />
							<Origin X="0" Y="0" />
							<Text>D</Text>
							<Size Width="9.212" Height="8.162108" />
							<Brush>
								<SolidBrush Color="#FF000000" />
							</Brush>
							<Tag>convertedFont</Tag>
						</Glyphs>
						<Glyphs OutlineWidth="0.5" CharSpace="0" RenderTransform="0.5968368 0 -0 0.5968368 135.16592 474.3369">
							<Font SizePoints="14" Style="Regular" FamilyName="CSMVMI+BlissPro" Capitals="Normal" ResourceId="2" />
							<Origin X="0" Y="0" />
							<Text>T</Text>
							<Size Width="7.07" Height="8.162108" />
							<Brush>
								<SolidBrush Color="#FF000000" />
							</Brush>
							<Tag>convertedFont</Tag>
						</Glyphs>
						<Glyphs OutlineWidth="0.5" CharSpace="0" RenderTransform="0.5968368 0 -0 0.5968368 494.62955 474.3369">
							<Font SizePoints="14" Style="Regular" FamilyName="CSMVMI+BlissPro" Capitals="Normal" ResourceId="2" />
							<Origin X="0" Y="0" />
							<Text>1</Text>
							<Size Width="5.852" Height="8.162108" />
							<Brush>
								<SolidBrush Color="#FF000000" />
							</Brush>
							<Tag>convertedFont</Tag>
						</Glyphs>
						<Glyphs OutlineWidth="0.5" CharSpace="0" RenderTransform="0.5968368 0 -0 0.5968368 57.148167 487.4673">
							<Font SizePoints="14" Style="Regular" FamilyName="CSMVMI+BlissPro" Capitals="Normal" ResourceId="2" />
							<Origin X="0" Y="0" />
							<Text>Ч</Text>
							<Size Width="8.414" Height="8.162108" />
							<Brush>
								<SolidBrush Color="#FF000000" />
							</Brush>
							<Tag>convertedFont</Tag>
						</Glyphs>
						<Glyphs OutlineWidth="0.5" CharSpace="0" RenderTransform="0.5968368 0 -0 0.5968368 62.20263 487.4673">
							<Font SizePoints="14" Style="Regular" FamilyName="CSMVMI+BlissPro" Capitals="Normal" ResourceId="2" />
							<Origin X="0" Y="0" />
							<Text>а</Text>
							<Size Width="6.608" Height="8.162108" />
							<Brush>
								<SolidBrush Color="#FF000000" />
							</Brush>
							<Tag>convertedFont</Tag>
						</Glyphs>
						<Glyphs OutlineWidth="0.5" CharSpace="0" RenderTransform="0.5968368 0 -0 0.5968368 66.17532 487.4673">
							<Font SizePoints="14" Style="Regular" FamilyName="CSMVMI+BlissPro" Capitals="Normal" ResourceId="2" />
							<Origin X="0" Y="0" />
							<Text>с</Text>
							<Size Width="6.076" Height="8.162108" />
							<Brush>
								<SolidBrush Color="#FF000000" />
							</Brush>
							<Tag>convertedFont</Tag>
						</Glyphs>
						<Glyphs OutlineWidth="0.5" CharSpace="0" RenderTransform="0.5968368 0 -0 0.5968368 69.821625 487.4673">
							<Font SizePoints="14" Style="Regular" FamilyName="CSMVMI+BlissPro" Capitals="Normal" ResourceId="2" />
							<Origin X="0" Y="0" />
							<Text>т</Text>
							<Size Width="6.174" Height="8.162108" />
							<Brush>
								<SolidBrush Color="#FF000000" />
							</Brush>
							<Tag>convertedFont</Tag>
						</Glyphs>
						<Glyphs OutlineWidth="0.5" CharSpace="0" RenderTransform="0.5968368 0 -0 0.5968368 73.5332 487.4673">
							<Font SizePoints="14" Style="Regular" FamilyName="CSMVMI+BlissPro" Capitals="Normal" ResourceId="2" />
							<Origin X="0" Y="0" />
							<Text>о</Text>
							<Size Width="7.364" Height="8.162108" />
							<Brush>
								<SolidBrush Color="#FF000000" />
							</Brush>
							<Tag>convertedFont</Tag>
						</Glyphs>
						<Glyphs OutlineWidth="0.5" CharSpace="0" RenderTransform="0.5968368 0 -0 0.5968368 77.95352 487.4673">
							<Font SizePoints="14" Style="Regular" FamilyName="CSMVMI+BlissPro" Capitals="Normal" ResourceId="2" />
							<Origin X="0" Y="0" />
							<Text>т</Text>
							<Size Width="6.174" Height="8.162108" />
							<Brush>
								<SolidBrush Color="#FF000000" />
							</Brush>
							<Tag>convertedFont</Tag>
						</Glyphs>
						<Glyphs OutlineWidth="0.5" CharSpace="0" RenderTransform="0.5968368 0 -0 0.5968368 81.6651 487.4673">
							<Font SizePoints="14" Style="Regular" FamilyName="CSMVMI+BlissPro" Capitals="Normal" ResourceId="2" />
							<Origin X="0" Y="0" />
							<Text>н</Text>
							<Size Width="7.266" Height="8.162108" />
							<Brush>
								<SolidBrush Color="#FF000000" />
							</Brush>
							<Tag>convertedFont</Tag>
						</Glyphs>
						<Glyphs OutlineWidth="0.5" CharSpace="0" RenderTransform="0.5968368 0 -0 0.5968368 86.02947 487.4673">
							<Font SizePoints="14" Style="Regular" FamilyName="CSMVMI+BlissPro" Capitals="Normal" ResourceId="2" />
							<Origin X="0" Y="0" />
							<Text>ы</Text>
							<Size Width="8.722" Height="8.162108" />
							<Brush>
								<SolidBrush Color="#FF000000" />
							</Brush>
							<Tag>convertedFont</Tag>
						</Glyphs>
						<Glyphs OutlineWidth="0.5" CharSpace="0" RenderTransform="0.5968368 0 -0 0.5968368 91.27045 487.4673">
							<Font SizePoints="14" Style="Regular" FamilyName="CSMVMI+BlissPro" Capitals="Normal" ResourceId="2" />
							<Origin X="0" Y="0" />
							<Text>й</Text>
							<Size Width="7.518" Height="8.162108" />
							<Brush>
								<SolidBrush Color="#FF000000" />
							</Brush>
							<Tag>convertedFont</Tag>
						</Glyphs>
						<Glyphs OutlineWidth="0.5" CharSpace="0" RenderTransform="0.5968368 0 -0 0.5968368 95.78403 487.4673">
							<Font SizePoints="14" Style="Regular" FamilyName="CSMVMI+BlissPro" Capitals="Normal" ResourceId="2" />
							<Origin X="0" Y="0" />
							<Text> </Text>
							<Size Width="3.094" Height="8.162108" />
							<Brush>
								<SolidBrush Color="#FF000000" />
							</Brush>
							<Tag>convertedFont</Tag>
						</Glyphs>
						<Glyphs OutlineWidth="0.5" CharSpace="0" RenderTransform="0.5968368 0 -0 0.5968368 97.63982 487.4673">
							<Font SizePoints="14" Style="Regular" FamilyName="CSMVMI+BlissPro" Capitals="Normal" ResourceId="2" />
							<Origin X="0" Y="0" />
							<Text>п</Text>
							<Size Width="7.182" Height="8.162108" />
							<Brush>
								<SolidBrush Color="#FF000000" />
							</Brush>
							<Tag>convertedFont</Tag>
						</Glyphs>
						<Glyphs OutlineWidth="0.5" CharSpace="0" RenderTransform="0.5968368 0 -0 0.5968368 101.95756 487.4673">
							<Font SizePoints="14" Style="Regular" FamilyName="CSMVMI+BlissPro" Capitals="Normal" ResourceId="2" />
							<Origin X="0" Y="0" />
							<Text>р</Text>
							<Size Width="7.14" Height="8.162108" />
							<Brush>
								<SolidBrush Color="#FF000000" />
							</Brush>
							<Tag>convertedFont</Tag>
						</Glyphs>
						<Glyphs OutlineWidth="0.5" CharSpace="0" RenderTransform="0.5968368 0 -0 0.5968368 106.24732 487.4673">
							<Font SizePoints="14" Style="Regular" FamilyName="CSMVMI+BlissPro" Capitals="Normal" ResourceId="2" />
							<Origin X="0" Y="0" />
							<Text>е</Text>
							<Size Width="6.636" Height="8.162108" />
							<Brush>
								<SolidBrush Color="#FF000000" />
							</Brush>
							<Tag>convertedFont</Tag>
						</Glyphs>
						<Glyphs OutlineWidth="0.5" CharSpace="0" RenderTransform="0.5968368 0 -0 0.5968368 110.23866 487.4673">
							<Font SizePoints="14" Style="Regular" FamilyName="CSMVMI+BlissPro" Capitals="Normal" ResourceId="2" />
							<Origin X="0" Y="0" />
							<Text>о</Text>
							<Size Width="7.364" Height="8.162108" />
							<Brush>
								<SolidBrush Color="#FF000000" />
							</Brush>
							<Tag>convertedFont</Tag>
						</Glyphs>
						<Glyphs OutlineWidth="0.5" CharSpace="0" RenderTransform="0.5968368 0 -0 0.5968368 114.65899 487.4673">
							<Font SizePoints="14" Style="Regular" FamilyName="CSMVMI+BlissPro" Capitals="Normal" ResourceId="2" />
							<Origin X="0" Y="0" />
							<Text>б</Text>
							<Size Width="7.14" Height="8.162108" />
							<Brush>
								<SolidBrush Color="#FF000000" />
							</Brush>
							<Tag>convertedFont</Tag>
						</Glyphs>
						<Glyphs OutlineWidth="0.5" CharSpace="0" RenderTransform="0.5968368 0 -0 0.5968368 118.94875 487.4673">
							<Font SizePoints="14" Style="Regular" FamilyName="CSMVMI+BlissPro" Capitals="Normal" ResourceId="2" />
							<Origin X="0" Y="0" />
							<Text>р</Text>
							<Size Width="7.14" Height="8.162108" />
							<Brush>
								<SolidBrush Color="#FF000000" />
							</Brush>
							<Tag>convertedFont</Tag>
						</Glyphs>
						<Glyphs OutlineWidth="0.5" CharSpace="0" RenderTransform="0.5968368 0 -0 0.5968368 123.23852 487.4673">
							<Font SizePoints="14" Style="Regular" FamilyName="CSMVMI+BlissPro" Capitals="Normal" ResourceId="2" />
							<Origin X="0" Y="0" />
							<Text>а</Text>
							<Size Width="6.608" Height="8.162108" />
							<Brush>
								<SolidBrush Color="#FF000000" />
							</Brush>
							<Tag>convertedFont</Tag>
						</Glyphs>
						<Glyphs OutlineWidth="0.5" CharSpace="0" RenderTransform="0.5968368 0 -0 0.5968368 127.21121 487.4673">
							<Font SizePoints="14" Style="Regular" FamilyName="CSMVMI+BlissPro" Capitals="Normal" ResourceId="2" />
							<Origin X="0" Y="0" />
							<Text>з</Text>
							<Size Width="5.894" Height="8.162108" />
							<Brush>
								<SolidBrush Color="#FF000000" />
							</Brush>
							<Tag>convertedFont</Tag>
						</Glyphs>
						<Glyphs OutlineWidth="0.5" CharSpace="0" RenderTransform="0.5968368 0 -0 0.5968368 130.75493 487.4673">
							<Font SizePoints="14" Style="Regular" FamilyName="CSMVMI+BlissPro" Capitals="Normal" ResourceId="2" />
							<Origin X="0" Y="0" />
							<Text>о</Text>
							<Size Width="7.364" Height="8.162108" />
							<Brush>
								<SolidBrush Color="#FF000000" />
							</Brush>
							<Tag>convertedFont</Tag>
						</Glyphs>
						<Glyphs OutlineWidth="0.5" CharSpace="0" RenderTransform="0.5968368 0 -0 0.5968368 135.17526 487.4673">
							<Font SizePoints="14" Style="Regular" FamilyName="CSMVMI+BlissPro" Capitals="Normal" ResourceId="2" />
							<Origin X="0" Y="0" />
							<Text>в</Text>
							<Size Width="6.538" Height="8.162108" />
							<Brush>
								<SolidBrush Color="#FF000000" />
							</Brush>
							<Tag>convertedFont</Tag>
						</Glyphs>
						<Glyphs OutlineWidth="0.5" CharSpace="0" RenderTransform="0.5968368 0 -0 0.5968368 139.11066 487.4673">
							<Font SizePoints="14" Style="Regular" FamilyName="CSMVMI+BlissPro" Capitals="Normal" ResourceId="2" />
							<Origin X="0" Y="0" />
							<Text>а</Text>
							<Size Width="6.608" Height="8.162108" />
							<Brush>
								<SolidBrush Color="#FF000000" />
							</Brush>
							<Tag>convertedFont</Tag>
						</Glyphs>
						<Glyphs OutlineWidth="0.5" CharSpace="0" RenderTransform="0.5968368 0 -0 0.5968368 143.08334 487.4673">
							<Font SizePoints="14" Style="Regular" FamilyName="CSMVMI+BlissPro" Capitals="Normal" ResourceId="2" />
							<Origin X="0" Y="0" />
							<Text>т</Text>
							<Size Width="6.174" Height="8.162108" />
							<Brush>
								<SolidBrush Color="#FF000000" />
							</Brush>
							<Tag>convertedFont</Tag>
						</Glyphs>
						<Glyphs OutlineWidth="0.5" CharSpace="0" RenderTransform="0.5968368 0 -0 0.5968368 146.79492 487.4673">
							<Font SizePoints="14" Style="Regular" FamilyName="CSMVMI+BlissPro" Capitals="Normal" ResourceId="2" />
							<Origin X="0" Y="0" />
							<Text>е</Text>
							<Size Width="6.636" Height="8.162108" />
							<Brush>
								<SolidBrush Color="#FF000000" />
							</Brush>
							<Tag>convertedFont</Tag>
						</Glyphs>
						<Glyphs OutlineWidth="0.5" CharSpace="0" RenderTransform="0.5968368 0 -0 0.5968368 150.78625 487.4673">
							<Font SizePoints="14" Style="Regular" FamilyName="CSMVMI+BlissPro" Capitals="Normal" ResourceId="2" />
							<Origin X="0" Y="0" />
							<Text>л</Text>
							<Size Width="7.042" Height="8.162108" />
							<Brush>
								<SolidBrush Color="#FF000000" />
							</Brush>
							<Tag>convertedFont</Tag>
						</Glyphs>
						<Glyphs OutlineWidth="0.5" CharSpace="0" RenderTransform="0.5968368 0 -0 0.5968368 155.02008 487.4673">
							<Font SizePoints="14" Style="Regular" FamilyName="CSMVMI+BlissPro" Capitals="Normal" ResourceId="2" />
							<Origin X="0" Y="0" />
							<Text>ь</Text>
							<Size Width="6.454" Height="8.162108" />
							<Brush>
								<SolidBrush Color="#FF000000" />
							</Brush>
							<Tag>convertedFont</Tag>
						</Glyphs>
						<Glyphs OutlineWidth="0.5" CharSpace="0" RenderTransform="0.5968368 0 -0 0.5968368 158.89952 487.4673">
							<Font SizePoints="14" Style="Regular" FamilyName="CSMVMI+BlissPro" Capitals="Normal" ResourceId="2" />
							<Origin X="0" Y="0" />
							<Text> </Text>
							<Size Width="3.094" Height="8.162108" />
							<Brush>
								<SolidBrush Color="#FF000000" />
							</Brush>
							<Tag>convertedFont</Tag>
						</Glyphs>
						<Glyphs OutlineWidth="0.5" CharSpace="0" RenderTransform="0.5968368 0 -0 0.5968368 160.75531 487.4673">
							<Font SizePoints="14" Style="Regular" FamilyName="CSMVMI+BlissPro" Capitals="Normal" ResourceId="2" />
							<Origin X="0" Y="0" />
							<Text>0</Text>
							<Size Width="7.756" Height="8.162108" />
							<Brush>
								<SolidBrush Color="#FF000000" />
							</Brush>
							<Tag>convertedFont</Tag>
						</Glyphs>
						<Glyphs OutlineWidth="0.5" CharSpace="0" RenderTransform="0.5968368 0 -0 0.5968368 165.40877 487.4673">
							<Font SizePoints="14" Style="Regular" FamilyName="CSMVMI+BlissPro" Capitals="Normal" ResourceId="2" />
							<Origin X="0" Y="0" />
							<Text>,</Text>
							<Size Width="3.276" Height="8.162108" />
							<Brush>
								<SolidBrush Color="#FF000000" />
							</Brush>
							<Tag>convertedFont</Tag>
						</Glyphs>
						<Glyphs OutlineWidth="0.5" CharSpace="0" RenderTransform="0.5968368 0 -0 0.5968368 167.37646 487.4673">
							<Font SizePoints="14" Style="Regular" FamilyName="CSMVMI+BlissPro" Capitals="Normal" ResourceId="2" />
							<Origin X="0" Y="0" />
							<Text>7</Text>
							<Size Width="6.636" Height="8.162108" />
							<Brush>
								<SolidBrush Color="#FF000000" />
							</Brush>
							<Tag>convertedFont</Tag>
						</Glyphs>
						<Glyphs OutlineWidth="0.5" CharSpace="0" RenderTransform="0.5968368 0 -0 0.5968368 171.36781 487.4673">
							<Font SizePoints="14" Style="Regular" FamilyName="CSMVMI+BlissPro" Capitals="Normal" ResourceId="2" />
							<Origin X="0" Y="0" />
							<Text>5</Text>
							<Size Width="7.126" Height="8.162108" />
							<Brush>
								<SolidBrush Color="#FF000000" />
							</Brush>
							<Tag>convertedFont</Tag>
						</Glyphs>
						<Glyphs OutlineWidth="0.5" CharSpace="0" RenderTransform="0.5968368 0 -0 0.5968368 175.64825 487.4673">
							<Font SizePoints="14" Style="Regular" FamilyName="CSMVMI+BlissPro" Capitals="Normal" ResourceId="2" />
							<Origin X="0" Y="0" />
							<Text> </Text>
							<Size Width="3.094" Height="8.162108" />
							<Brush>
								<SolidBrush Color="#FF000000" />
							</Brush>
							<Tag>convertedFont</Tag>
						</Glyphs>
						<Glyphs OutlineWidth="0.5" CharSpace="0" RenderTransform="0.5968368 0 -0 0.5968368 177.50404 487.4673">
							<Font SizePoints="14" Style="Regular" FamilyName="CSMVMI+BlissPro" Capitals="Normal" ResourceId="2" />
							<Origin X="0" Y="0" />
							<Text>к</Text>
							<Size Width="6.496" Height="8.162108" />
							<Brush>
								<SolidBrush Color="#FF000000" />
							</Brush>
							<Tag>convertedFont</Tag>
						</Glyphs>
						<Glyphs OutlineWidth="0.5" CharSpace="0" RenderTransform="0.5968368 0 -0 0.5968368 181.41145 487.4673">
							<Font SizePoints="14" Style="Regular" FamilyName="CSMVMI+BlissPro" Capitals="Normal" ResourceId="2" />
							<Origin X="0" Y="0" />
							<Text>В</Text>
							<Size Width="7.63" Height="8.162108" />
							<Brush>
								<SolidBrush Color="#FF000000" />
							</Brush>
							<Tag>convertedFont</Tag>
						</Glyphs>
						<Glyphs OutlineWidth="0.5" CharSpace="0" RenderTransform="0.5968368 0 -0 0.5968368 185.99963 487.4673">
							<Font SizePoints="14" Style="Regular" FamilyName="CSMVMI+BlissPro" Capitals="Normal" ResourceId="2" />
							<Origin X="0" Y="0" />
							<Text>т</Text>
							<Size Width="6.174" Height="8.162108" />
							<Brush>
								<SolidBrush Color="#FF000000" />
							</Brush>
							<Tag>convertedFont</Tag>
						</Glyphs>
						<Glyphs OutlineWidth="0.5" CharSpace="0" RenderTransform="0.5968368 0 -0 0.5968368 189.71121 487.4673">
							<Font SizePoints="14" Style="Regular" FamilyName="CSMVMI+BlissPro" Capitals="Normal" ResourceId="2" />
							<Origin X="0" Y="0" />
							<Text> </Text>
							<Size Width="3.094" Height="8.162108" />
							<Brush>
								<SolidBrush Color="#FF000000" />
							</Brush>
							<Tag>convertedFont</Tag>
						</Glyphs>
						<Glyphs OutlineWidth="0.5" CharSpace="0" RenderTransform="0.5968368 0 -0 0.5968368 191.567 487.4673">
							<Font SizePoints="14" Style="Regular" FamilyName="CSMVMI+BlissPro" Capitals="Normal" ResourceId="2" />
							<Origin X="0" Y="0" />
							<Text>2</Text>
							<Size Width="7.154" Height="8.162108" />
							<Brush>
								<SolidBrush Color="#FF000000" />
							</Brush>
							<Tag>convertedFont</Tag>
						</Glyphs>
						<Glyphs OutlineWidth="0.5" CharSpace="0" RenderTransform="0.5968368 0 -0 0.5968368 195.86609 487.4673">
							<Font SizePoints="14" Style="Regular" FamilyName="CSMVMI+BlissPro" Capitals="Normal" ResourceId="2" />
							<Origin X="0" Y="0" />
							<Text>2</Text>
							<Size Width="7.154" Height="8.162108" />
							<Brush>
								<SolidBrush Color="#FF000000" />
							</Brush>
							<Tag>convertedFont</Tag>
						</Glyphs>
						<Glyphs OutlineWidth="0.5" CharSpace="0" RenderTransform="0.5968368 0 -0 0.5968368 200.16519 487.4673">
							<Font SizePoints="14" Style="Regular" FamilyName="CSMVMI+BlissPro" Capitals="Normal" ResourceId="2" />
							<Origin X="0" Y="0" />
							<Text>0</Text>
							<Size Width="7.756" Height="8.162108" />
							<Brush>
								<SolidBrush Color="#FF000000" />
							</Brush>
							<Tag>convertedFont</Tag>
						</Glyphs>
						<Glyphs OutlineWidth="0.5" CharSpace="0" RenderTransform="0.5968368 0 -0 0.5968368 204.81865 487.4673">
							<Font SizePoints="14" Style="Regular" FamilyName="CSMVMI+BlissPro" Capitals="Normal" ResourceId="2" />
							<Origin X="0" Y="0" />
							<Text> </Text>
							<Size Width="3.094" Height="8.162108" />
							<Brush>
								<SolidBrush Color="#FF000000" />
							</Brush>
							<Tag>convertedFont</Tag>
						</Glyphs>
						<Glyphs OutlineWidth="0.5" CharSpace="0" RenderTransform="0.5968368 0 -0 0.5968368 206.67444 487.4673">
							<Font SizePoints="14" Style="Regular" FamilyName="CSMVMI+BlissPro" Capitals="Normal" ResourceId="2" />
							<Origin X="0" Y="0" />
							<Text>В</Text>
							<Size Width="7.63" Height="8.162108" />
							<Brush>
								<SolidBrush Color="#FF000000" />
							</Brush>
							<Tag>convertedFont</Tag>
						</Glyphs>
						<Glyphs OutlineWidth="0.5" CharSpace="0" RenderTransform="0.5968368 0 -0 0.5968368 494.62955 487.4673">
							<Font SizePoints="14" Style="Regular" FamilyName="CSMVMI+BlissPro" Capitals="Normal" ResourceId="2" />
							<Origin X="0" Y="0" />
							<Text>2</Text>
							<Size Width="7.154" Height="8.162108" />
							<Brush>
								<SolidBrush Color="#FF000000" />
							</Brush>
							<Tag>convertedFont</Tag>
						</Glyphs>
					</Canvas>
				</Canvas>
			</Canvas>
		</Page>
	</Group>
	<Resources>
		<Resource Id="1">/9j/4QCMRXhpZgAASUkqAAgAAAAFABoBBQABAAAATAAAABsBBQABAAAAVAAAACgBAwABAAAAAgAAABMCAwABAAAAAQAAAGmHBAABAAAAXAAAAAAAAAAAAEsAAAABAAAASwAAAAEAAAADAACQBwAEAAAAAAIDAAGRBwAEAAAAAQIDAAGgAwABAAAAAQAAAAAA/9sAQwAIBgYHBgUIBwcHCQkICgwUDQwLCwwZEhMPFB0aHx4dGhwcICQuJyAiLCMcHCg3KSwwMTQ0NB8nOT04MjwuMzQy/9sAQwEJCQkMCwwYDQ0YMiEcITIyMjIyMjIyMjIyMjIyMjIyMjIyMjIyMjIyMjIyMjIyMjIyMjIyMjIyMjIyMjIyMjIy/8AAEQgBPgPZAwEiAAIRAQMRAf/EAB8AAAEFAQEBAQEBAAAAAAAAAAABAgMEBQYHCAkKC//EALUQAAIBAwMCBAMFBQQEAAABfQECAwAEEQUSITFBBhNRYQcicRQygZGhCCNCscEVUtHwJDNicoIJChYXGBkaJSYnKCkqNDU2Nzg5OkNERUZHSElKU1RVVldYWVpjZGVmZ2hpanN0dXZ3eHl6g4SFhoeIiYqSk5SVlpeYmZqio6Slpqeoqaqys7S1tre4ubrCw8TFxsfIycrS09TV1tfY2drh4uPk5ebn6Onq8fLz9PX29/j5+v/EAB8BAAMBAQEBAQEBAQEAAAAAAAABAgMEBQYHCAkKC//EALURAAIBAgQEAwQHBQQEAAECdwABAgMRBAUhMQYSQVEHYXETIjKBCBRCkaGxwQkjM1LwFWJy0QoWJDThJfEXGBkaJicoKSo1Njc4OTpDREVGR0hJSlNUVVZXWFlaY2RlZmdoaWpzdHV2d3h5eoKDhIWGh4iJipKTlJWWl5iZmqKjpKWmp6ipqrKztLW2t7i5usLDxMXGx8jJytLT1NXW19jZ2uLj5OXm5+jp6vLz9PX29/j5+v/aAAwDAQACEQMRAD8A98orxT/hc2r/APQPtfzaj/hcur/9A+1/M1v9WqHF/aFDue10V4p/wuXV/wDoH2v5mj/hcur/APQPtfzNH1aoL+0KHc9rorxT/hcur/8AQPtfzNH/AAuXV/8AoH2v5mj6tUD+0KHc9rorxT/hcur/APQPtfzNH/C5dX/6B9r+Zo+rVA/tCh3Pa6K8U/4XLq//AED7X8zVnTvi5qt7qVtbPY2qrLIqEgngE0nh6iVxrHUW7JnsdFNFOrE7QooooAKKKKACiiigAooooAKKKiuHMcMjjqqk0CbsS0V4rL8Y9WjldBYWuFYgZJpv/C5dX/6B9r+Zrf6tUON4+ina57XRXin/AAubV/8AoH2v5mj/AIXLq/8A0D7X8zR9WqC/tCh3Pa6K8U/4XLq//QPtfzNH/C5dX/6B9r+Zo+rVA/tCh3Pa6K8U/wCFy6v/ANA+1/M0f8Lm1f8A6B9r+Zo+rVA/tCh3Pa6K4HwF45vfFl/d291bQxLDEHBjJ55xXfVjKLi7M6qdSNSPNHYWiig9KRoJRXkOsfFjVNO1i7s47G2ZIZWjBJOTg1S/4XLq/wD0D7X8zWyw9Rq5xyx1GLs2e10V4p/wubV/+gfa/maP+Fy6v/0D7X8zT+rVCf7Qodz2uivFP+Fy6v8A9A+1/M0f8Ll1f/oH2v5mj6tUD+0KHc9rorxT/hcur/8AQPtfzNH/AAuXV/8AoH2v5mj6tUD+0KHc9rorxT/hcur/APQPtfzNH/C5dX/6B9r+Zo+rVA/tCh3Pa6K8U/4XLq//AED7X8zR/wALl1f/AKB9r+Zo+rVA/tCh3Pa6K8U/4XLq/wD0D7X8zR/wuXV/+gfa/maPq1QP7Qodz2uivFP+Fy6v/wBA+1/M0f8AC5dX/wCgfa/maPq1QP7Qodz2uivFP+Fy6v8A9A+1/M0f8Ll1f/oH2v5mj6tUD+0KHc9rorxT/hcur/8AQPtfzNH/AAuXV/8AoH2v5mj6tUD+0KHc9rorxT/hcur/APQPtfzNH/C5dX/6B9r+Zo+rVA/tCh3PbKK8T/4XLq//AED7X8zSN8ZNXKkLY2oPY88UfVqnYP7Qodz1vWtVt9G0q4v7lwqRKSM9z2ArwfwjeSah8SbC8lOXmui5/EGs/X/FereJHB1C4zGpysSDCD8Kn8Bf8j1pH/Xf+hrohR9nB33OGtivbVYqOyZ9J0UUVwHuCUUVwfj7xxe+E72zhtbaGZZ4yzGQngg47U4xcnZGdSpGnHmlsd5RXin/AAubV/8AoH2v5tR/wubV/wDoH2v5mtvq1Q5f7Qodz2uivFP+Fy6v/wBA+1/M0f8AC5dX/wCgfa/maPq1QP7Qodz2uivFP+Fy6v8A9A+1/M0f8Ll1f/oH2v5mj6tUD+0KHc9rorxT/hcur/8AQPtfzNH/AAuXV/8AoH2v5mj6tUD+0KHc9rorxT/hcur/APQPtfzNH/C5dX/6B9r+Zo+rVA/tCh3Pa6K8U/4XLq//AED7X8zR/wALl1f/AKB9r+Zo+rVA/tCh3Pa6K8U/4XLq/wD0D7X8zR/wuXV/+gfa/maPq1QP7Qodz2ulrxP/AIXLq/8A0D7X8zTk+M2qD7+mWrf8CYUfVqg/7Qodz2qk4rx6L40XQA83SIf+AyGrsHxotiQJtJlHusgpfV6i6DWNoPqeq0V59bfFzw/LgTJcwE+qbgK3bLxz4bv8CLVYFY/wyHaf1qHTmt0bRxFKW0kdJRUMFxDcJvhmjlT+8jAj9KmqDVNMKKKKBhRRRQAUUUUAFFFFABRRRQAUUVFLLHBE0srBI0BZmJwABQIkorx3xR8WLh53tdBCxxKSDcuMlvoO1cS/jLxFJL5javdbv97+ldEcLOSu9DgqZhSg7LU+mKK8K0D4q6vp8ypqZ+225OGJGHA+tez6XqlprFhFe2cokhkGQR2PoazqUpU9zoo4mnWXul+iikPSszoCiuf8QeMNI8NoBfXGZiMrDHy5/CuTX4zaWZtrabdCPP39w/lVxpTkrpGE8RSg7SkemUtYug+JtK8RwGXT7gOV+/Gwwy/UVs1DTWjNYyUldC0UUhIAzmgoWis463pSzeS2pWgk/u+cuc/nV9WDDKkEHkEGhpolST2Y6iiigoKKKKACiiigAooooAKKKKACiiigDjPEPw40TW43eKAWd0RxLCMAn/aHQ14ZrOk3Wh6rPp92uJYjjI6MOxFfUteJ/GOBI/EFlKAA8kBDH1wa68NVlzcrPLx9CHJ7RKzPNqKKK9A8UKKKKACiiigCa1t3u7uG3jxvlcIufU19C+HPAmjaBbxEWyXF4BlriQZOfbPSvnmCZ7e4jnjOHjYMp9xX0t4Y8QW3iPRob2FhvKgSpnlG7iuLFuSStseplqptu+5tDrS0ZorhPaCiiigAooooAKKKKACiiigAprDOQRkGnUUAchr/AMPND1uJ2W2W1uSDiaEY59x3rwrXdGudB1efT7ofvIzww6MOxFfUdeLfGaBE1ywmUYd4CGx3wxrqw1WXNys8zH0Iez50tTzOiiivRPECiiigBa9B8A/D1fEMI1PUmZbHcRHGvBlI6nPYV59X0z4RgS38H6RGgwDaRvwO7KGP865sTUcI6HdgKMak3zdC1pmiado8Xl6fZxW6kYJRcE/U960aKK81tvc95JJWQtFFFBRzOveB9D19Ha4tFjuGzieIbWz7+teF+KvDNz4X1ZrOc70YbopQPvrX0zXlvxngQ6dptxj5xIyZ9sCunD1ZKXL0POx2Hg6bmlqjxyiiivSPCCiiigAooooAKKKKACiiigAooooAKKKKACiiigAooooAKKKKACiiigBa6LwF/wAj1pH/AF2/oa52ui8Bf8j1pH/Xf+hrOp8LNaP8SPqfSdFFFeQfUiVnapomnazF5WoWcVwvQbl5H0PatGihNrVEtJqzPDfHnw8Hh+3Op6azvY7sSRty0Wehz6V57X054pgS48K6qjjK/ZZG/EKSP5V8x16OGqOcdTwsfRjTmnHqJRRRXUcAUUUUAFFFFABRRRQAUUUUAFFFFABRRRQAUUUUAFFFFIC3Z6pf6fIJLO8ngcdDG5Fdno/xY12wZUvRHfxDg7xtf8GH9c1wVFRKnGW6NYV6kPhZ9D6B8Q9B14pCs5tLpuPJuPlyfY9DXWAjFfJgODXaeFviPqugskFyzXliONkh+ZB/sn+lclTC9YHp0MxT0qfefQFFZWheIdO8Q2QubCcOP4kPDKfcVq5rjaadmepGSkroWiiigoKKKKACiiigBK85+LetyWGhQ6dA5V7xj5hB/gHb8Sf0r0avIvjRA/maZcc+Xh09s9a1oJOornLjJONGTR5PRRRXrHzYtel/CDW5INXm0h2JgnQyICfusP8AEfyrzSuz+Ftu8/ji2dAcRI7t9MY/rWNdJwdzpwknGtGx9AmsvxBqq6JoV5qDDJhjJUep7CtTtXK/EO1lu/BGoxxBiyqHIHoDk15cEnJJn0NVtQbR8/X99caley3d1IZJpGLMxPrVaiivYStsfLNtu7NDRdYutC1SC+s5CkkbZIzww7g+1fTWnXkeo6fbXsJ/dzxrIv0IzXyrj0FfTfhO2ksvCmlwS58xbZNwPUHGcVx4uK0Z6uWTl70ehsnpXjXxP8ZXR1GTQ7GZooIgBOyHBdvT6V7KelfOHj+ymsvGmoCYHEsnmIT3BrLDRTnqdOYTlGl7vU5sk53Ekn1zXoXw38ZXdjq8Ok3k7SWVwwRN5z5bdsH0rzytnwpZy33inToIVJbz1Y47AHJNd1WKcXc8jD1JxqJxPpsUyaRIo2kkYKiAsxPYAU4VV1S3a70m8tozh5oHjH1Kkf1ryep9I27Hifij4m6tqF/LFpdw9nZoSqeXw7D1Jpvhr4mazp99FHqVw17ZsQr+by6j1DVxNzby2t1JBMhSSNirKR0IpLeCW6uY4IULySMFVQOSa9T2UOW1j536zW9pe+p9WQyJNCksbBkdQysO4NPPWqej2r2Wj2VrIcvFAiN9QBVw15b3Pok7q7PN/F/xQ/sTUn07TLaOeaI4lklyVB9AAf60/wAG/E0a/qKabqNtHb3Mn+qeInYx9MHpXmXjbSbrSvFN8twjbJZWkjkI4dSc9am8A6Rdap4ssXgRvKt5VlkkA4UDnr+Fd3safs7njrFV/b8vnsfRq9KWkHSlrhPaCiiigBK8X+M//Ia07/ri38xXtNeLfGf/AJDWnf8AXFv5it8N/ERxY/8AgM8yooor1D54KKKKACiiigBa3fC/ii88MakLi3O6JsCWI9HX/GsKkqZRUlZlwm4S5on1DoWu2Ov6el5ZShlI+ZM/Mh9CK1M18x+HPEl94a1Jbu0bKHiSIn5ZB6GvoXw94hsfEempe2UnXiSM/ejPoa82tRdN36HvYXFKsrPc2KKTINLWB2hRRRQAUUUUAFFFFABRRRQAV418af8AkK6b/wBcT/6Ea9lrxr40/wDIV03/AK4n/wBCNbYb+Ijjx/8AAZ5dRRRXqHzoUUUUwFr6f8Mf8ino/wD15Q/+gCvl+vqDwx/yKej/APXlD/6AK4sZsj1Mr+KRrUUUVwntBRRRQAV5l8Z/+QJp/wD13b+Vem15l8Z/+QJp/wD13b+Va0P4iObGfwZHi1FFFesfNBRRRQAUUUoBPA60gEop21v7p/Kk2t6Gi6HZiUUu1v7p/Kja390/lQFmJRS7W/un8qNrf3T+VAWYlFLtb+6fyo2t/dP5UBZiUUu1v7p/Kja390/lQFmJRS7W/un8qNrf3T+VAWYlFLtb+6fyo2t/dP5UBZiUUu1v7p/Kgqw6g0XCzCui8Bf8j1pH/Xf+hrnTXReAv+R60j/rv/Q1FT4WaUf4kfU+k6KKK8g+pCiiigDL8Rf8izq3/XnN/wCgGvl6vqHxF/yLOrf9ec3/AKAa+Xq7sHszxs0+KIlFFFdp5QUUUUAFFFLtb+6fypDSYlFLtb+6fyo2t/dP5UBZiUUu1v7p/Kja390/lQFmJRS7W9DS7W/umi6CzG0UuD6GkouKwUUUUwCiiigAooooAKKKKANDR9avtDv0vLGZo5FPI7MPQjvXvvg/xjaeKrLK4ivIx+9hJ5HuPUV851c0rVbvRtRivrKUxzRnIPYj0PqPauetRU1fqdmFxUqMrPY+qB0orD8LeJbXxPo0d7AQso+WaLPMb9x9O9bgrzGmnZn0EZKS5kLRRRQUFFFFACVgeLvDsfibQZbE4WYHfC5/hcf5xW/S0JtO6JlFSTiz5U1HTrvSr2S0vYWimjPKsP5etVa+n9Y8OaVr0Ij1Gzjmx91iMMv0I5rk3+D/AIeaXes18i/3BKuP1Ga744uNvePGqZbNS9x6Hh0cck0ixRIzuxwqqMkmvd/hv4Qfw9pzXd4mL25Ayp/gXsK29E8F6HoDeZZWS+d/z1kO5vwz0rerGtiOdWR1YTBeyfNLcfTJY0mieORQyMMMD3FOzS1zHobnhni/4aahp11JdaTE1zZuSwjT78ftjuK4pdG1NpfKGnXe/P3fJbP8q+psGk2DOdoz610xxUkrNHnVMuhKV07Hjngn4aXcl9DqGtxeTBGd627fec9s+gr2QDGBigA5paxqVHN3Z10aEKMbRA9K5rxX4NsfFVuonzFcxj93Mo5HsfaumpKmLcXdGk4RmuWWx4q3wa1UTlV1C2MefvFTnH0rv/CXgWx8LK0ysbi8cYaZh0Hoorq6K0nXnJWbMaeEpU3zRQCgjNLRWR0nM674F0PxDN593bFZ+8sTbSfr60mheBND8PT/AGi0tmacdJJW3EfT0rpqKr2krWuZexp83NbUBQaWipNSpeadZ38YjvLaKdR0Ei5xRZ6fa6fF5dnbRQIeojUDNW6KLuxPKr3sAooooKCiiigArxb4z/8AIa07/ri38xXtNeLfGf8A5DWnf9cW/mK3w38RHFj/AOAzzKiiivUPngooooAKKKKACiiigBfetfw74jvvDWppeWb8dJYiflkX0P8AjWRRUyimrMqM3F3ifTnhzxFY+JNNS8s356SRn70Z9DWwDXzD4e8RX3hzU0vLNz6SRk/LIvoa+hfDfiSx8Saat3aNhsYliP3oz6GvNrUXB3Wx7+FxarKz3NqigHNFYHaFFFFABRRRQAUUUUAFeNfGn/kK6b/1xP8A6Ea9lrxr40/8hXTf+uJ/9CNbYb+Ijjx/8Bnl1FFFeofOhRRRTAK+oPDH/Ip6P/15Q/8AoAr5fr6g8Mf8ino//XlD/wCgCuLGbI9TK/ika1FFFcJ7QUUUUAFeZfGf/kCaf/13b+Vem15l8Z/+QJp//Xdv5VrQ/iI5sZ/BkeLUUUV6x80FFFFAC10ngKNJfG2mJIqspk5VgCDwa5uum+H3/I86X/11/oazqfAzWh/Fj6n0J/Ztj/z5W/8A36Wj+zbH/nyt/wDv0v8AhVrvS15F2fT2RU/s2x/587f/AL9L/hR/Ztj/AM+dv/36X/CrdFF2HKip/Ztj/wA+dv8A9+l/wo/s2x/587f/AL9L/hVuii7DlXYqf2bY/wDPnb/9+l/wo/s2x/587f8A79L/AIVboouw5V2Kn9m2P/Pnb/8Afpf8KP7Nsf8Anzt/+/S/4Vboouw5V2Kn9m2P/Pnb/wDfpf8ACj+zbH/nzt/+/S/4Vboouw5V2Kn9m2P/AD52/wD36X/Cj+zbH/nzt/8Av0v+FW6KLsOVFT+zbH/nyt/+/S0yTSNNlXbJp9q6+jQqf6Veoouw5Uea+Nvhxp9zps19pFuttdxLvMcf3JB9OxrzfwGCPHWkg8Yn6fga+j2XcCCMg1wdj8MoLDxXHrUN821JjKIdgxznj9a6ade0HGRwV8JepGdNep39FA6UVzHohRRRQBl+Iv8AkWdW/wCvOb/0A18vV9Q+Iv8AkWdW/wCvOb/0A18vV3YPZnjZp8URKKKK7TygooooAK+lvDdhZv4a01mtIGY26Ekxjnivmqvp7wz/AMixpn/Xsn8q48W9EepliTlIuf2bY/8APnb/APfpf8KP7Nsf+fO3/wC/S/4Vborguz2OVFT+zbH/AJ87f/v0v+FH9m2P/Pnb/wDfpf8ACrdFF2HKuxU/s2x/58rf/v0v+FH9mWP/AD5W/wD36X/CrdFF2HKjPbRNKYENplmQeoMC/wCFVJvCPh+cYfRrL/gMIX+VbdJT5muonTi90cdd/DDwvdBttk9uT3ilI/nmuX1T4MrgvpepHPaOdf8A2Yf4V61SGrjWnHqYzwtGe8T5n1vwhrWgMTe2TiLPEqfMh/GsOvrGSJJUKSIrowwVYZB/CvN/F/wutb1JLzRVW3ucEmD+B/p6Guqnik9JHnV8ucVzU9TxWlqa6tZ7K5kt7mJopozh0YYINQ11pnmNNOzEoooqhBRRRQB0vgnxNJ4Z12OYkm0mwlwg7r6/UV9GQzRzQpLG4eN1DKw6EHpXyfXt3wo8RHUNHfSp3zPafcyeTH/9auLFU7rnR6uXV7P2T+R6PRQOlFcJ7IUUUUAFFFFABRRTWYKpJOABk0AMlmihiaSV1RFGWZjgAVyOofE3w1YStF9qed16+ShYfnXmnj/xpca5qUtlaysmnwttCqf9YR3NcRXZTwqavI8mvmLjLlpn0Hp3xM8NahKsX2xoHPQTIVGfrXXRypKivG4dWGQynIIr5OrvPh541n0bU4dPvJWfTpm2AMf9UT0I9BRUwqSvEMPmDlLlqHvNFIGBHtQelcZ6wZpMiuI8eeO18LxJaWirLqMq7gG6Rr6mvGr7xTrmozGS51O5JJzhXKgfgK3p4eU1c4q+Op0ny7s+nc0Zr510P4ga7o1whN29zBn5opjkH6GvdvD+t2viDSYb+1PyuPmUnlT3BqatGVPcuhioVtFuatGaSoLu6hsrWS5uJFjhiG53boBWR0t23J80ZrybVvjGIrlo9K09ZYlOPMnJG76AVc8PfFy2v7tLbVbVbQucLKjZQH3z0rX2FRK9jmWMouXLc9OopqMHUMpBBGQRTs1kdQlFVNR1Sy0m0e6vrhIIV6sxrmofid4XmuRCLyRMnAd4yF/OmoSa0RnKpCLtJ2OxoqOKeOeJZYnV42GVZTkEe1PzSLTuFFIzBRknAHeqkOradcTGCG/tZJR1RJlZvyzQJtLcu0UDpRQUFeLfGf8A5DWnf9cW/mK9prxb4z/8hrTv+uLfzFb4b+Ijix/8BnmVFFFeofPBRRRQAUUUUAFFFFABRRRQAtaugeIL7w7qaXtlIQRw8Z+7IPQ1lUVLSasyoycXdH0z4a8S2PiXTVurVsOBiWI/ejb0rbBzXy/oOv33h7U0vbJyGHDoejjuDX0J4Y8T2PiXTlubZgsgH7yEn5kNebWoODutj3sJi1WVnubtFANFYHcFFFFABRRRQAV418af+Qrpv/XE/wDoRr2WvGvjT/yFdN/64n/0I1thv4iOPH/wGeXUUUV6h86FFFFMAr6g8Mf8ino//XlD/wCgCvl+vqDwx/yKej/9eUP/AKAK4sZsj1Mr+KRrUUUVwntBRRRQAV5l8Z/+QJp//Xdv5V6bXmXxn/5Amn/9d2/lWtD+Ijmxn8GR4tRRRXrHzQUUUUAFdN8Pf+R50v8A66/0NczXTfD3/kedL/66/wBDWdT4GbYf+LH1R9HjrS0g60teQfUBRRRQAUUUUAFFFFABRRRQAUUhOKN1AC0UDmigAooooAKKKKACiiigAooooAy/EX/Is6t/15zf+gGvl6vqHxF/yLOrf9ec3/oBr5eruwezPGzT4oiUUUV2nlBRRRQAtfT3hn/kWNM/69k/lXzDX094Z/5FjTP+vZP5VxYzZHq5X8UjXooorhPZCiiigAooooAKKKKACiiigApCM0tFAHDfEDwTH4gsWvLONV1GFcggf60f3TXgskbRSNG6lXU4IPUGvrIjNeK/FjwuthfprNrHtguTtmA6K/r+NdeGq68jPKx+GTXtY/M80ooor0DxgooooAWt/wAGay2h+KLO63YiZvLlHqp4rAoBIOQeRUSXMrMuEnCSkuh9ZqQygg5BGcinVz3grVP7W8JWFyWzIIxG/wBRxXQV5Ek07H1EJKUVJC0UUUiwooooAQ1j+KLl7PwtqdxHkPHbuRj6VsVU1OyXUNMurN+VmiZPzFOO6Imm4tI+Vsnk0VY1Cym06/ns51KywuVYGq9ewndaHy0k07MKFYqwIOCDkUVa02wm1TUbeyt0LyTOFAH60NpIIptpI+lvDtw934e0+eTO94E3Z7nFah6VWsLVbGwt7VeVhjWMH6DFWTXjN3d0fUxTUUmfNHjO8lvfGGqSyk5FwyAHsqnAH5CsKu4+J3h2bS/Ec2oJGTZ3jeYHA4Dn7wP481w/evWpNOCsfN4iMo1WpBXq/wAF7yQy6nZkkxAJIB6E5H9K8o717l8KfD02laPLf3KFJrwgqp6hB0rPEtKFmb4CMnWTXQ9CPSvN/jDfzW/h+1tY2KpcTfvMdwAeK9INct498NN4k8OvDDj7VC3mw57n0rgpNKabPZxMZSpSUdz50oqW6tLiyuHguYXilQ4KuMEVZ0rSL3Wb1LWxgeWRiBwOF9zXqtq1z5tQk5Wtqe9fDe/l1DwTZSTszOm6Lce4UkD9MV1ZrL8N6QmhaDa6chz5KfMfVjyT+ea1SOa8mbTk7H01JOMEnueF/FrVLi48TLYMzC3t4wVTsSep968/+le3/EfwLca86alpoDXaJteM8bx2x715fb+CvEc919nXSrhXzgllwB9TXfRqQ5EeLi6NX2zdr3PSfg9qVxc6PeWMrlo7aQGMk9A3b6cfrXpg6VzHgfwqPC2imB3D3MzeZMw6Zx0FdPXDVac20exh4yjSSluea/F7WLux020sbaQxpcljKVOCQO1eMRTSQzLLFIySKchlOCD9a+j/ABh4Ut/FemC3kfyp4zuilx0Pv7V5va/B3VGvFW6vLdLcH5mQkkj2FdVCrCMLM8/GYetOrzR2PTPBepz6v4TsLy5OZmTDt/eIOM1v81T0zT7fStOgsbZdsMKhFH+NXK45Wbuj04pqKTCvFvjP/wAhrTv+uLfzFe014t8Z/wDkNad/1xb+YrbDfxEc2P8A4DPMqKKK9Q+eCiiigBa9E8TfD5l0K11rSIyymBXuIF5I4+8P8K87r6h0EA+HtP8A+vdP5Vy4io4WaPQwVGNVSjI+XqK9W+IXw72GXWdFh+X71xbKOn+0o/mK8pPFa06imro5a9CVGXLISiiitTEKKKKAFrR0XWr3QdRjvrGUpInVezj0NZ1FS0mrMqMnF3R9KeFPFdl4o00TwEJcIMTQE8of8K6CvlrR9ZvdC1KO+sZTHLGenZh6H1FfQnhTxbZeKdOE0JEdygxNATyp9vavOr0HB3Wx72Exaqrll8R0VFIDmlrnO4KKKKACvGvjT/yFdN/64n/0I17LXjXxp/5Cum/9cT/6Ea2w38RHHj/4DPLqKKK9Q+dCiiimAV9QeGP+RT0f/ryh/wDQBXy/X1B4Y/5FPR/+vKH/ANAFcWM2R6mV/FI1qKKK4T2gooooAK8y+M//ACBNP/67t/KvTa8y+M//ACBNP/67t/KtaH8RHNjP4MjxaiiivWPmgooooAWul+H3/I86X/11/oa5qtbwzq0Wh+IbPUZo3kjgfcVTqeKzmrxaRrRajUi33Pp7vS15n/wufSP+gZff+Of40f8AC6NI/wCgZe/+Of415vsKnY9/65Q/mPTKK8z/AOF0aR/0DL3/AMc/xo/4XRpH/QMvf/HP8aPYVOwfXKP8x6ZRXmf/AAujSP8AoGXv/jn+NH/C6NI/6Bl7/wCOf40ewqdg+uUf5j0yivM/+F0aR/0DL3/xz/Gj/hdGkf8AQMvf/HP8aPYVOwfXKP8AMemUma80/wCF0aR/0DL3/wAc/wAaQ/GfSccaZe5+qf40ewqdg+uUf5j0iaVIYmlkYIiAszHoAOua8NXxzrGpeOohb6hPHYTXqIkIb5dm4D+VReK/iXf+IbV7G1gFlZv98BtzuPQnsPauZ8Of8jPpf/X1F/6EK6KVDli3I4cRjFOcY03pc+oRS0UVxHsBRRRQAUUUUAFFFFABRRRQBl+Iv+RZ1b/rzm/9ANfL1fUPiL/kWdW/685v/QDXy9Xdg9meNmnxREooortPKCiiigBa+nvDP/IsaZ/17J/KvmGvp7wz/wAixpn/AF7J/KuLGbI9XK/ika9FFFcJ7IUUUUAFFFFABRRRQAUUUUAFFFFACVk+JtHTXfD95p7KC0kZ8sns45H61rUjUJtO6JlFSTTPk10aN2RwQykgg9iKSuk8e6cNM8balCq4R5POX6ONx/Umuar2IS5kmfLVIck3HsFFFFWQFFFFAHs/wbvzJpF7ZMf9VKHUex616dXiPwduvK8SXVvniaDOPof/AK9e3V5WIVqjPosDLmooWiiisTsCiiigAoNFFAHDeNvAEHiUfa7Vlg1BRjcR8sg9GryPUPBHiPTZSkulXEgB4eBPMB+mK+lMUlb08RKCscVbBU6r5tmfNun+B/EepSqsWlTxg9XnXywPrmvX/BXgG28ML9pncT6gwwXxwgPZa7KlzSqYiU1YKGCp0nzbsUA0p5FJmlrE7Snf6baapZyWl7Ck0D8FGFefX3wb0yaYvZ388CE/cYBgK9Moqo1JQ2ZjUoU6nxq5wuh/CzRdJnW4naS9mXlfNxtB+neu5VQoAAAAHAFLS0pTlLVlU6UKatFWCkIzS0UjQoXmjadqBzeWUEx9XQE1JaabZ2CbLS2ihHfy0Aq3RRd2sTyq97CAYpaKKChCM0baWigBAMUtFFACEUYpaKACiiigArxb4z/8hrTv+uLfzFe014t8Z/8AkNad/wBcW/mK3w38RHFj/wCAzzKiiivUPngooooAK+o9A/5F7T/+vdP5V8uV9R+H/wDkXtP/AOvdP5VxYzZHq5XvI0SoIOeRXlHxA+HQcSavosWG5aa3UcH3UV6xSEDHNccKjg7o9OtRjVjyyPkwgqSCMEdRRXsHxC+Hn2gS6xo0P70AtPbqPve6+9ePkFTgjBHBBr1KdRTV0fPV6EqMrMSiiitTAKKKKAFq/o+sXmiajHe2UpjlQ8jsw9D7VQoqWk1ZlRk4u6PpHwl4ts/FGniSIhLpBiWEnlT6+4roxzXyzpOrXmi6jHe2UpjlQ/gw9D619BeEfF9n4p0/fGRHdxgedCTyp9R7V51eg4O62PdwmLVVcstzpaKQHNLXOd4V418af+Qrpv8A1xP/AKEa9lrxr40/8hXTf+uJ/wDQjW2G/iI48f8AwGeXUUUV6h86FFFFMAr6g8Mf8ino/wD15Q/+gCvl+vqDwx/yKej/APXlD/6AK4sZsj1Mr+KRrUUUVwntBRRRQAV5l8Z/+QJp/wD13b+Vem15l8Z/+QJp/wD13b+Va0P4iObGfwZHi1FFFesfNBRRRQAUUUUAFFFFIAooooAKKKKACiiigAooooAK1PDf/Iz6X/19Rf8AoQrLrU8N/wDIz6X/ANfUX/oQqZ/CzSn8a9T6i7UUdqK8c+qCiiigAooooAKKKKACiiigDL8Rf8izq3/XnN/6Aa+Xq+ofEX/Is6t/15zf+gGvl6u7B7M8bNPiiJRRRXaeUFFFFAC19PeGf+RY0z/r2T+VfMNfT3hn/kWNM/69k/lXFjNkerlfxSNeiiiuE9kKKKKACiiigAooooAKKKKACiiigApCM0tFAHiHxktRF4ls7kf8tbUKfcqx/wARXnNer/GxAJ9GfuVmH5bP8a8nr1MO/wB2j5vGq1eQUUUVucoUUUUAdl8L5vK8cWvP30dP0r6DFfOPw9fZ450sYzukK/oa+jq83F/Ge7lr/dP1FooormPRCiiigAooooASuD8ZfEe28PSNZWSLc3wHzZPyx/X39q6TxRqx0Xw5e3y/fjjOz/ePAr5mnnkuZ5JpnLyO25mPcmunD0VPVnnY7FOklGO7Oku/iH4ou5jJ/abxDskSgAfpVzSvif4j0+VftFwt5FnlJVGcexFcZRXb7KFrWPIWJqp35mfSvhfxXYeKLHzrU7Jk4lhY/Mp/wrfr5q8Ha3LoXiW0uUciN3Ecq9mU8c19Jq25QRjB5FefXpezloe5hMR7aF3uhx6VT1HVbPSbRrq+nSGJf4mPX/69XG4BNfOnjvxJNr/iKfDn7HbuY4EB4wOC340qVL2jsVisQqML9T0m4+MGgxSlIoLqVB/GFxn863dB8daJ4gkEVtceXcHpFKNrH6etfOFPilkglSWJ2SRDlWU4IIrreFhbQ8yOZVL+9sfWAOadXLeAfED+IvDUVxMc3MJMMx9WGOfxBFdQTXBJOLsz2oTU4qS6gTiq81/aW52z3UER9HkC/wA65H4i+LpPDelpDaEC9uchG/uL3avB7m7uLyZpbmaSWRjks7ZNb0sO5q7OPE42NGXKldn1XHNHMgeN1dT0KnIp4Oa+a/DPi7UvDd/HLDM7224ebAzZVl749DX0bZ3UV7Zw3UDbopkEiH1UjIqKtF03qa4bExrrTcnoJoJrzL4gfES40e9OlaTtWdAPNmIztJ7CohBzdka1asaUeaR6ZmlFfPVj8SvEtndLK979oQH5opRkH/CvcPDmuQeIdEg1G3BUSDDIeqMOoq6lGVPVmVDFQrO0TWopK5fxj41tPCdugaPz7qUZjiBxx6k1lGLk7I3nOMFzS2OopfwryXSfjIZb5Y9VsY4rdmwZYSSU9yD1r03+1rD/AJ+4f++xVypTjo0ZU8TSmrpl2vFvjP8A8hrTv+uLfzFe014t8Z/+Q1p3/XFv5itMN/ERlj/4DPMqKKK9Q+eCiiigAr6j8P8A/Ivaf/17p/KvlyvqPw//AMi9p/8A17p/KuLGbI9XK95GnRRRXCeyNIGK8w8f/DkXxl1fRYgLjG6a3Uf6z3Uevt3r1CkI4qoTcHdGNajGrHlkfJrKUYqwIYHBB7Gkr2n4g/D1dTWTV9IiC3g+aaFeBL7j/a/nXi7o0blHUqynBB6g16lOqqiuj5/EYeVGVmNooorU5wooooAWrulareaNqEd9YzGKeM8EdCPQjuKpUVLSasxxk4u6Po7wh4ws/FVgHQiK8jA86Anke49RXTDJFfK2m6ld6TfR3llM0U8ZyGH8j61794M8aWviixCkrFfRj97Fnr7r7V51eg4ax2PdwmMVVcst/wAzrK8a+NP/ACFdN/64n/0I17IDkV438af+Qrpv/XE/+hGpw38RGmP/AIDPLqKKK9Q+dCiiimAV9QeGP+RT0f8A68of/QBXy/X1B4Y/5FPR/wDryh/9AFcWM2R6mV/FI1qKKK4T2gooooAK8y+M/wDyBNP/AOu7fyr02vMvjP8A8gTT/wDru38q1ofxEc2M/gyPFqKKK9Y+aCiiigAooooAKKKKVwswoooouFmFFFFFwswoooouFmFFFFFwswrU8N/8jPpf/X1F/wChCsutTw3/AMjPpf8A19Rf+hCpl8LNKfxr1PqLtRR2orxz6oKKKKACiiigAooooAKKKKAMvxF/yLOrf9ec3/oBr5er6h8Rf8izq3/XnN/6Aa+Xq7sHszxs0+KIlFFFdp5QUUUUALX094Z/5FjTP+vZP5V8w19PeGf+RY0z/r2T+VcWM2R6uV/FI16KKK4T2QooooAKKKKACiiigAooooAKKKKACiikJoA8j+Nv39F+k3/sleTivTfjROH1nTYM8pAzkf7zY/8AZa8yr1MOv3aPnMb/AB5CUUUVucgUUUUAdL4AUt460rA6TEn/AL5NfSAr54+GsZk8c2JH8IZv0r6HFedi/jPcy1WpN+YtFFFcp6QUUUUAFFFFAHH/ABLgebwRe7ATsKufoDXz12r6tvbSK+s5rWYbo5UKMPY183+KvDN34Z1WS3mRjAWJilxw4/xrtwk1blZ4+ZUpNqa2MGiijFdtzySzYxtNqFvEmdzyqox9a+p7dClvEjHlUAP5V4z8MvBs15qMWs3sRS1hO6IMPvt2P0r2vFedipqUrLoe5l1Jwg5PqI/KED0r5SvLeS0vZ7aUYkikZGB9QcGvq49K8s+IXw8n1G6fV9IQNM/M0A4LH+8KMNUUZWfUrH0JVIJx6Hj1FW5tL1C3lMc1lcI4PIaM/wCFbvhzwHrGvXSZtpLa1yN80q7ePYd67nOKV2zxo0ZyfKkei/By3kj8OXczDCS3J2e4CgV6Oao6Rplvo+mW9harthhQKPf3NXuteVUlzSbPo6NP2dNR7Hj3xmtZftmm3W0+V5bJnHRs5ryyvqPW9Fs9e02SxvY90b9D3U9iK8lv/g9qsdwfsV3BNDn5S5KkfWuyhXio8rPMxmEqSqc8Fe55sBk4r6c8KWktj4V0y2nBEqW6bgeoJHT8OlcV4W+FUWm3cd7q86XEkZDJCg+QEdM+temCssTVU9Im+Bw0qV5T6ga+c/iDYXFj4zvzMpxM/mIx/iU19G1j694Z0vxFbiLUIN5X7kinDL9DWdGp7OV2b4ug60LLc+Y+le+fCixnsvBitOpX7RO0yA/3cAD+VMsPhT4fs7pZ5BNchTkJI3y/j613MaJFGsaKFRRgAdAO1a166muWJhg8HKlLnmOrxn4w6ZdDV7bUQjNbNF5e4DhSO1ezVFcW0F3C0NxEksbDBV1yDWFKfJLmOuvR9tBwPlW3tpry5jt7eNpJpDtVVGSTXoP/AAqzX/8An8/8e/8Asq9bsfDuj6bMZrLTreGU/wAarz+daW0V0TxTb91HHTy6KXvu46vFvjP/AMhrTv8Ari38xXtNeLfGf/kNad/1xb+YrPDfxEbY/wDgM8yooor1D54KKKKACvqPw/8A8i9p/wD17p/KvlyvqPw//wAi9p//AF7p/KuLGbI9XK95GnRRRXCeyFGM0UUANIrzf4gfD1dVWTVdJiC3oGZIl4Eo9vevScZpD0qoTcHdGVWlGrHlkfJzo0bsjqyspwysMEH6U2vcvH3gCPXI31LTUVNRUZdB0mH+NeHyxSQSvFKhSRDhlYcg16dKqqiuj57EYeVGVnsMooorY5wooooAWrWn6hdaXexXdpM0U0ZyGFVaKlpNWY02ndH0R4L8a23iiy2MViv4h+9iz97/AGh6iuH+NH/IU03/AK4t/wChV5vYX9zpl7Fd2kzRTxtlWU10PjHxWviqPTpnjMdzDEUmHYnPUVyqhyVVJbHozxaq4dwlv+ZytFFFdh5oUUUUAFfUHhj/AJFPR/8Aryh/9AFfL9fUHhj/AJFPR/8Aryh/9AFcWM2R6mV/FI1qKKK4T2gooooAK8y+M/8AyBNP/wCu7fyr02vMvjP/AMgTT/8Aru38q1ofxEc2M/gyPFqKKK9Y+aCiiigBa6TwCiSeN9MR1DKZOQwyDwa5uul+H3/I9aX/ANdf6Gs6nwM1ofxY+p9Diws8/wDHpB/37FH2Cz/59IP+/YqwOtLXkXZ9PyrsVvsFn/z6Qf8Afsf4UfYLP/n0g/79j/CrNFF2HKuxW+wWf/PpB/37H+FH2Cz/AOfSD/v2P8Ks0UXYcq7Fb7BZ/wDPpB/37H+FH2Cz/wCfSD/v2P8ACrNFF2HKuxW+wWf/AD6Qf9+x/hSNp1kykG0gIPbyxVqii7DlXY4Txf8ADnTdWsJZtNto7a/RSyGMbVkPoR/WvGvD6NH4r01HUqy3kYYEcg7hmvp5q4C6+GME/iw67HqLRA3IuDAIcjcDk857nJ6V00q9k4yODE4TmnGdNddT0GikHSlrmPRCiiigAooooAKKKKACiiigDL8Rf8izq3/XnN/6Aa+Xq+ofEX/Is6t/15zf+gGvl6u7B7M8bNPiiJRRRXaeUFFFFAC19PeGf+RY0z/r2T+VfMNfT3hn/kWNM/69k/lXFjNkerlfxSNeiiiuE9kKKKKACiiigAooooAKKKKACiiigApp96dVW/u4rCxnu52xFDGXY+wGaEJu2p4L8T777b45u1BytuiQg/QZP6k1x1WNQvJNQ1G5vJf9ZPK0jfVjmq9exCPLFI+WrT56jl3EoooqzMKKKKAO++Edt5vi9pu0UDfmele715J8F7I41O+I/uxA/rXrYry8S71D6HAR5aKFooorA7QooooAKKKKAEqpqGmWeqWrW17bxzxN/C4z/wDqqw8ixoXdgqgZJJwBXL6h8RvDOnSmKTUBK44IhUvg/UCnFSfwmdScIr32ZF38IdAuJS8M13bKf4I3BH6g1c0n4XeHdMlWV45buRTwZ2yPyHFW9O+InhnUpRFHqCxyHoJlKZ/EiuoR1dVZGDKeQQeCK0lOqlZsxhSw8nzRSYscaRIqIoVVGAAMAU+iisjqQdaTApT0puaAEaGNzlo1Y+pFOCgDAHFApaBWQYooooGGKTApaKAEwKXFFFABRiiigBMCloooAKKKKACiiigArxb4z/8AIa07/ri38xXtNeLfGf8A5DWnf9cW/mK3w38RHFj/AOAzzKiiivUPngooooAK+o/D/wDyL2n/APXun8q+XK+o/D//ACL2n/8AXun8q4sZsj1cr3kadFFFcJ7IUUUUAFFFFADT0rgPHvgCPXYn1HTkVNRUZZRwJh/jXoFIaqE3B3RlVpRqR5ZHyfLDJbzPDMjJIhKsrDBBple8eOvAEHiGF76xVYtTUfQTAdj7+9eF3FvNaXElvcRtHNGxV0YYINenSqqotNz5/E4aVCWuxFRRRWxzBRRRQAUUUUAFFFFABRRRQAV9QeGP+RT0f/ryh/8AQBXy/X1B4Y/5FPR/+vKH/wBAFcWM2R6mV/FI1qKKK4T2gooooAK8y+M//IE0/wD67t/KvTa8y+M//IE0/wD67t/KtaH8RHNjP4MjxaiiivWPmgooooAK6b4e/wDI86X/ANdf6GuZrpvh7/yPOl/9df6Gs6nwM2w/8WPqj6PHWlpB1pa8g+oCiiigAooooAKKKKACiiigAxmjAoooAKKKKACiiigAooooAKKKKACiiigDL8Rf8izq3/XnN/6Aa+Xq+ofEX/Is6t/15zf+gGvl6u7B7M8bNPiiJRRRXaeUFFFFAC19PeGf+RY0z/r2T+VfMNfT3hn/AJFjTP8Ar2T+VcWM2R6uV/FI16KKK4T2QooooAKKKKACiiigAooooAKKKKAEJ5rzT4t+Ixa6WmiwP++ucPLg9EHb8T/Ku18Ra9a+HdJlvrpwNowiZ5duwFfN+sarc61qk9/dPullbJ54UdgK6cNS5pcz2R52PxChDkW7KBooor0jwgooooAWk60tXdI0+TVdXtbGJctNKqfhUt2Vyoq7sj3X4ZaadP8ABtuzLiS4JlP49K7IVDaW6WlnDbxjCRIEX6Cpq8icuaTZ9RThyQUewtFFFSaBRRRQAU0kAEk4A7mndKx/E909l4Y1O5jJ3R27sPrihK7sTJ8qbPH/AIg+N7jWNQl06ylaOwhYqdpx5rDrn2rgqCSTknJNFevCCgrI+Yq1ZVJc0gr0D4eeOLjSr+HTL6ZnsJWCqXOfKPbHtXn9KrFGDKcEHINE4KcbMKNWVKalE+sgc4pT0rL8PXLXmgafcPnc8CEn3xWoeleQ1Z2Pp4u6ucZ458cxeFoFt7dVm1CUZRCeEHq3+FeOXvjPxDfzGWXVJxk52xttA/AUeNL2S/8AGOqSyMTtnZFHoqnA/QCsGvSo0Yxj5ng4rFTnNpOyR2Gh/EjXtJuE8+5a8t8/NHLycexr3LQ9Ztde0yG/tGzHIOQeqn0NfLtes/Bi+lMmpWLEmIBJVHoTkH+VZ4ilHl5kbYHEz5+STumet1Fc3EVpbyTzyLHFGpZmY8AVKa84+L+ozW3h62tImKrczYkI7qBnH54rjhHnkkerWqezg59inq3xjgguHj0ywNwinAklbaG+gFXPD/xZsdSukttRtzZu5wsgbKZ9/SvEqOleh9Whax4izCtzXufWaMGGQcg9DTq5T4c6jNqXguylnYtIm6Ise+04H6Yrqia86S5XY92nNTipdytf6ha6bbNc3lwkEKjlnOK5uH4j+GJ7kQLqG0k4DOhCn8a86+LWrXFx4jXTt7C3t4wQnYse9eed666eFUo3Z5lfMJQqOMVsfWUciSxq6MHRhkMDkEU+vNvhBqtxeaNd2U7s62rr5ZJ6KR0/Q16SK5Zw5JWPRo1FUgprqITjvgVBHfWkspjjuoXkHVFkBI/AV5/8W9du9N021srWRovtRPmOpwcDt+teMw3dxbTrPDPJHKp3Bw3Oa2pYdzjzXOTEY5Up8lrn1cOlFYXg7VZta8K2N9cf650w5HcjjP6VvVztWdmd0ZKSTCvFvjP/AMhrTv8Ari38xXtNeLfGf/kNad/1xb+YrfDfxEcmP/gM8yooor1D54KKKKACvqPw/wD8i9p//Xun8q+XK+o/D/8AyL2n/wDXun8q4sZsj1cr3kadFFFcJ7IUUUUAFFFFABRRRQA01xHjvwJD4jtzeWirHqUa8N0Eo9D/AI13FIacJuLujOpTjUjyyPlG5tprO5kt7iNo5Y22srDBBqKvfvHHgSDxJbm6tQsWooPlboJB6GvCLyzuNPu5LW6iaKaM7WVuoNenSqqoj5/E4aVGXkV6KKK3OUKKKKACiiigAooooAK+oPDH/Ip6P/15Q/8AoAr5fr6g8Mf8ino//XlD/wCgCuLGbI9TK/ika1FFFcJ7QUUUUAFeZfGf/kCaf/13b+Vem15l8Z/+QJp//Xdv5VrQ/iI5sZ/BkeLUUUV6x80FFFFABXTfD3/kedL/AOuv9DXM103w9/5HnS/+uv8AQ1nU+Bm2H/ix9UfR460tIOtLXkH1AUUUUAFFFFABRRRQAUUUUAFFFFABRRRQAUUUUAJUF1cw2dvJcXEqxQxjLuxwFHqanrzL4r+J4oNN/sS3kDTzHMwB+6vofrVU4OcrGNaqqUHJne6dremav5n9nX0Fz5eN/lODtz0rQryX4K9NW/7Z/wBa9ap1YcknFCw9R1aam+otFFFQbmX4i/5FnVv+vOb/ANANfL1fUPiL/kWdW/685v8A0A18vV3YPZnjZp8URKKKK7TygooooAWvp7wz/wAixpn/AF7J/KvmGvp7wz/yLGmf9eyfyrixmyPVyv4pGvRRRXCeyFFFFABRRRQAUUUUAJRUc00UCb5ZUjXuztgVzuqePvDmlK3maikrj+CD5yfy4pqLexEqkY6ydjpjWF4i8Vab4btDLeTDzSPkhU5dz9P615rr3xevLlWh0e3Fsh486T5m/Adq85u7y5v7lri7nkmmbqznJrpp4WT1kefXzCMdKerNXxP4ovvFGom5um2xLxFCD8qD/H3rDoorvilFWR405ub5pCUUUVRIUUUUALXqHwh8Pma8n1udPkhBjhJ7sepFeeaTplxrGpwWFqhaWZto9h3P0r6W0XSYNE0i30+3HyRJgnH3j3JrkxNTljyrqejl9DnnzvZGkOlFAorzz3QooooAKKKKAEqlqlmNR0q6s26TRMn5irtFF7MTV1Znyle2c1hezWk6FZYnKMMelQV7x43+H0XiMm+smWC/Awc/dk+vvXkOoeEde02Vo7jS7jj+KNC6n8RXqU60ZrzPncRhJ05OyujFqzp1jNqWoQWcCFpJnCACtLT/AAhr+pyhLfS7gZP3pEKKPxNeweB/AEHhrF5dss2oMMZH3Yx6D/GlVrRgvMeHwk6ktVodfp9qtjp9taryIY1TP0GKtHpRR2rzN9T6FKyseAfEzQJtJ8Tz3gQ/Zb1jKjgcbj94fnXFV9TappVlrFk9pfwLNC3YjofUV53e/Bq0kmLWWpSxRnoki7sfjXdSxMVG0jx8TgJublT6njte3/CbQJtN0ifUbhCkl4RsU9dg6E1Lofwp0jTLhbi7lkvZFOQrjCA/TvXfRoqAIihVAwAB0rOvXUlyxNcHg5U5c8xx6VyfxA8Nv4j8OtHbgG6gbzYh/ePcfka62mmuaMnF3R6M4KcXF9T5QuLea1maGeNo5EOGRxgg1PpumXmrXsdpZQNLK5wABwPr6V9L32g6VqTh73T4J3H8TJz+dS6fpGn6YpWys4YAeuxMH867Prem2p5ayz3tZaFXwzo66D4ftNNDbjCnzsO7Hkn881rHrS0VxNtu7PVjFRVkebfEnwPc63Imq6Yge5RNskQ6uB0I968ug8Ja/cXIgTSbreTjmMgD8TX01RXRDEShHlOOtgadSfPscp4E8KnwvopimZWu528yYr0B7AV1YoorCUnJ3Z1wgoRUVscz408JxeK9NWHzBFcxHdFIRx9D7V5pafCHXJLxUupraKDPzSB9xx7CvcfwoxVwrTgrIxq4WlVlzSRS0nTYNI0u3sLYYihQKPf3NXqSis73d2bpJKwteLfGf/kNad/1xb+Yr2mvFvjP/wAhrTv+uLfzFb4b+Ijkx/8AAZ5lRRRXqHzwUUUUAFfUfh//AJF7T/8Ar3T+VfLlfUfh/wD5F7T/APr3T+VcWM2R6uV7yNOiiiuE9kKKKKACiiigAooooAKKKKAGnrXH+NvA9v4otDNCFh1KNf3cnZ/9lq7KmmnGTi7ozqU4zjyy2PlO9srjTryW0u4Whniba6N1BqCvoXxt4JtvFFn5sQWLUol/dS4+8P7re1eBX1jc6beS2l3C0U8bYZWr06NZVF5nz+Kw0qMvIrUUUVucoUUUUAFFFFABX1B4Y/5FPR/+vKH/ANAFfMFfT/hj/kU9H/68of8A0AVxYzZHqZX8UjWooorhPaCiiigArzL4z/8AIE0//ru38q9NrzL4z/8AIE0//ru38q1ofxEc2L/gyPFqKKK9Y+aCiiigBatabqNzpN/FfWcgjuITlGKhsfgaq0VLV9GNNp3R2H/C0PFv/QRT/wAB4/8A4mj/AIWh4t/6CKf+A8f/AMTXH0VHsodjX6zW/mZ2H/C0PFv/AEEk/wDAeP8A+Jo/4Wh4t/6CSf8AgPH/APE1x9FHsodh/Wa38zOw/wCFoeLf+gkn/gPH/wDE0f8AC0PFv/QST/wHj/8Aia4+ij2UOwfWa38zOw/4Wh4t/wCgkn/gPH/8TR/wtDxb/wBBJP8AwHj/APia4+ij2UOwfWa38zOw/wCFoeLf+gkn/gPH/wDE0f8AC0PFv/QST/wHj/8Aia4+ij2UOwfWa38zOw/4Wh4t/wCgkn/gPH/8TR/wtDxb/wBBJP8AwHj/APia4+ij2UOwfWa38zOw/wCFoeLf+gkn/gPH/wDE0f8AC0PFv/QST/wHj/8Aia4+ij2UOwfWa38zOw/4Wh4t/wCgkn/gPH/8TR/wtDxb/wBBJP8AwHj/APia4+ij2UOwfWa38zOnuviH4pvI2STVXVSMHy1VD+YFc1JI80hkkdndjksxyTTaKqMYx2RnOpOfxO5618Femrf8A/rXrdeSfBXpq3/AP6163Xm4j+Iz6DBfwIhRRRWJ1mX4i/5FnVv+vOb/ANANfL1fUPiL/kWdW/685v8A0A18vV3YPZnjZp8URKKKK7TygooooAWuqtfiN4os7WK2gv1WKJQiDyEOAPwrlKWolGMty4VJQ+F2Ow/4Wh4t/wCgkn/gPH/8TR/wtDxb/wBBJP8AwHj/APia4+ip9lDsafWa38zOw/4Wh4t/6CSf+A8f/wATR/wtDxb/ANBJP/AeP/4muPoo9lDsH1mt/MzsP+FoeLf+gkn/AIDx/wDxNH/C0PFv/QST/wAB4/8A4muPoo9lDsH1mt/Mzqm+JPit851Rhn0jQf0qnP428S3IxJrN2B6LJt/lWDRT9nDsS69V7yZYuNQvLtt1xdTSn1dyar0UlUlbYzcm9woooqhBRRRQAUUUUALShSzAAEk9AO9CqzsFVSzHgAd69h+Hnw+Fp5Ws6vF+/wCGggYfc/2j71lVqKCuzooYeVaVkanw38GHQLD+0L6MDUblfu/88k9Pqeprvh0oHSivKnJzd2fRUqcacVGItFFFI0CiiigAooprMqqWYgADJJ7UALRXlXij4si2ne00KOOUqSDcyDK5/wBkd/rXEP8AEXxXJL5n9rOuOirGmB+GK3jhpyVzhqY+lB23Poyjg+leLaB8Xb+CZItZiS4gJwZY12uvvjoa9fsL621Kziu7SVZIZBlWWs6lKVPc2o4inWXust4FFFIelQdAUVj614l0rw/EJNQukiJ6J1Y/QCuXX4u+HTLsKXQT+/5fH5VUac5apGMq9ODtKVj0ClrM0jW9O1u38/T7pJk7gHlfqK0qlprRmiaauhaKKKCgoqE3VuH2m4i3Z6bxmps0CTTCiiigYUUUUAFFFFABRRRQAUUUUAFFFFACV4t8ZiP7b04Z5ELZH4ivYrq7t7K3e4uZkiiQZZ3OAK+dvHHiJfEniOa7hz9mjHlxZ7gd/wAa6cLFudzz8wqRVLl6s5qiiivSPBCiiigBa+ofDzBvD2nMp4Nun8q+Xq9v+GPi60vdHg0e5mWO9thsjVzjzE7Y9SOlcmLi3FNHpZbUUZuL6no1FGaK889wKKKKACiiigAooooAKKKKACiiigBp61x/jnwVB4msTNCBHqMSny3/AL4/umuxprEdSRinGTi7ozqQjOPLI+Ubi3ltbmS3nQpLGxV1I5BqOuq+I1xZ3PjS8eyZWQAK7L0LgcmuVr14PmimfMVYqM3FdBKKKKsgKKKKAFr6d8LMG8J6OR0+xQj/AMcFfMVe1/DHxdaXWjw6NdzLHeW+ViDnHmL2x7jpXJiotxTR6OWzjGo0+p6UOlFJkYFLXnnuhRRRQAleY/GZgNF04ZGTO2B+Ar0ySRIo2eR1VFGSxOABXgvxM8UQa/rEdvZvvtbQFQ46O/cj2rbDxbqJnFjqijRafU4aiiivVPngooooAKKKKACiiigAooooAKKKKACiiigAooooAKKKKACiiigAooooAKKKKAPW/gr01b/gH9a9bryT4K9NW/4B/WvW68rEfxGfR4L+BEKKKMisTrMvxIQPDOqknH+iS/8AoBr5er3H4m+K7Ww0WbSbeZXvbkbGVTny075/wrw6u/CRai2zw8ympTSXQSiiiuw80KKKKACiiigAooooAKKKKACiiigAooooAKKKKACiiigBaKO9XLDSr/VZxDYWc1xIe0aE4+p7VLaWrGouTskU6uaZpd7q92trYW7zSseijgfU9q9E8PfB+6nKT65cCCPg/Z4SGc+xboPwzXqWk6Hp2h2q2+nWiQoOpA5b6nvXNUxMVpHU9Chl856z0RyXgz4cW2hbL3UQtxf9QMZWP6eprv14FA6UVwzm5u7PZp0o048sULRRRUmgUUUUAFFFFACV598Vtek0vQI7GBikt6xViDyEHX8816DXkPxpifztLmwfLKuvtnNa0EnUVzlxcnGjJo8oooor1T5sWvUPhBr0seoT6LK5MUiGWIH+Fh1xXl9dl8LoXk8c2pQHEaOzfTGP61lWScHc6cJJxrRsfQRrO1zVI9G0W71CTkQxlgPU9hWj2rlPiPBLceBtRWLOVVXOP7oIJrzIJOSTPoasnGDaPA9V1S61jUJb28lLyyHPJ4A9BVKiivXSSVkfLyk5O7NTw/rt34e1aG9tZCNp+dM8OvcGvpiyuor6ygu4TmKeNZFPsRmvlPvX014RgktvCWlRTZDi2TIPbIzj9a48XFaM9XLJyd4vY2j0ryT4l+OLq2vW0XTJjFsH7+VD8xJ/hFetnpXzd48tpbbxpqYmBy8pdSe6npWWGipT1OjH1JQpe71ME3VwX3meUtnO7ec16P8ADnx1eR6nDo+pTtNbzHZE7nJRuwz6V5nWv4Xt5brxRpsUKkubhTx2GetdtSEXF3PIw9WcaiaZ9OCkkZURnYgKoJJPYUoqpq0Mlzo97BF/rJIHRfqVIFeUtz6RuyueQ+JvirqMt/JBoxWC2jbAkK5Z/f2pvhr4q6lDfxw6yy3Fq5wXC4ZPf3rzqaN4Z3ilUq6MVYHsaSKN5pkjjUs7kBQO5Nen7GHLax899bre0vc+r4nWWNXQgowyCO4pxqlosEtrollbzHMscCI2fUKM1davMa1PoU7q5wXiz4mWvh+/fT7W2+1XMZxIS2FU+n1p3hH4k2viO+Fjc2/2W7YZj+bKv7exryXxlp9zp/ivUI7pW3PMzqxH3gTkGpfAlhc3/jHThbK37qYSuw6Ko5Oa7vYU/Z3PI+t1vb8vS+x9IjpS0g6UtcJ7IUUUUAfN2qnxbrb7tRj1CcZyFKEKPwAxWZ/YGr/9A26/79GvqLFGK6limlojzJZcpO7kz5d/sDV/+gbdf9+jR/YGr/8AQNuv+/Rr6ixRiq+ty7C/syH8x8u/2Bq//QNuv+/Ro/sDV/8AoG3X/fo19RYoxR9bl2D+zIfzHy7/AGBq/wD0Dbr/AL9H/ClXQtZjYOmn3asOQRGwINfUWKTFL63LsH9mR/mZ5v8AC+98QTS3ltrDXTQxRqYvtC85z6nk16TSAc9KWuacuZ3O+lD2ceW9xaKKKk1CiiigAooooAKKKKACiiigBDXj/wARb7xO+uzWNgbz+z/LX5YEwCT15HNevkUYq6c+R3tcxrU/aR5b2Pl06Bq5OTpt3n/rkaP7A1f/AKBt1/36P+FfUW2jbXR9cfY4f7Mh/MfLv9gav/0Dbr/v0aP7A1f/AKBt1/36NfUWKMU/rcuwf2ZD+Y+Xf7A1f/oG3X/fo0f2Bq//AEDbr/v0a+osUYo+ty7B/ZkP5j5d/sDV/wDoG3X/AH6NKuhawrBl067BHQiM19RYoxS+ty7B/Zkf5meZfC+88Qy3V3a6u10beOIGITr0OexPJr03tTcc06uacuZ3sd9Kn7OPLe4tB6UUVJqeBeL5/Feqaxe27i/ks0mZY40QhNueOB1rmP7A1f8A6Bt1/wB+jX1Fg+lGK6Y4nlVkjzp5epy5nJny7/YGr/8AQNuv+/Ro/sDV/wDoG3X/AH6NfUWKMVf1uXYj+zIfzHy7/YGr/wDQNuv+/Ro/sDV/+gbdf9+jX1FijFH1uXYP7Mh/MfLv9gav/wBA26/79Gj+wNX/AOgbdf8Afo19RYoxR9bl2D+zIfzHy7/YGr/9A26/79Gj+wNX/wCgbdf9+jX1FijFH1uXYP7Mh/MfLv8AYGr/APQNuv8Av0aP7A1f/oG3X/fo19RYoxR9bl2D+zIfzHy7/YGr/wDQNuv+/Ro/sDV/+gbdf9+jX1FijFH1uXYP7Mh/MfLv9gav/wBA26/79Gj+wNX/AOgbdf8Afo19RYoxR9bl2D+zIfzHy7/YGr/9A26/79Gj+wNX/wCgbdf9+jX1FijFH1uXYP7Mh/MfLv8AYGr/APQNuv8Av0aP7A1f/oG3X/fo19RYoxR9bl2D+zIfzHy7/YGr/wDQNuv+/Ro/sDV/+gbdf9+jX1FijFH1uXYP7Mh/MfLv9gav/wBA26/79Gj+wNX/AOgbdf8Afo19RYoxR9bl2D+zIfzHyvPpWo2q7p7K4jX1aMgVUr6xkiSVSsiK6nswyK8f+J/gy3sIxrWnQiONm2zxqMAHswq6WJUnZo58Rl7px5ou5Z+CvTVv+Af1r1uvJPgr01X/AIB/WvW+1c2I/iM9HBfwIhXmvxOvvEMFxZ22jtdLDJGxl8hec59RyK9JpuOelZwlyu9jarD2keW9j5gfQ9akcu+n3jOTksY2JP1pv9gav/0Dbv8A79GvqLFLiun62+xwf2ZF/aZ8uf2Bq/8A0Dbr/v0aP7A1f/oG3X/fo19RYoxT+ty7B/ZkP5j5d/sDV/8AoG3X/fo0f2Bq/wD0Dbr/AL9GvqLFGKPrcuwf2ZD+Y+Xf7A1f/oG3X/fo0f2Bq/8A0Dbr/v0a+osUYo+ty7B/ZkP5j5d/sDV/+gbdf9+jR/YGr/8AQNuv+/Rr6ixRij63LsH9mQ/mPl3+wNX/AOgbdf8Afo0f2Bq//QNuv+/Rr6ixRij63LsH9mQ/mPl3+wNX/wCgbdf9+jR/YGr/APQNuv8Av0a+osUYo+ty7B/ZkP5j5d/sDV/+gbdf9+j/AIU5PDmsyZ26ZdH/ALZmvqHFJil9cl2D+y4fzM+ZY/CXiCX7mkXZ7f6s1eg+HniifH/EqlTP/PQgV9GUopPFy7DWWU1u2eDW3wl8STf64W0APdpM/wAq3rL4Lng32qjPcQx5/nXrlFQ8TUZtHAUY9LnGab8MfDWnkM9q9047zvkfkK6u2tILOIRW0EcMY6LGgUD8qsUVlKcpbs6YUoQ+FWEFLRRUmgUUUUAFFFFABRRRQAUUUUAJXOeNPDY8TaBLaLgXEf7yFj/eHb8a6Oloi3F3RE4KUXFnyhd2lxY3L211E0UsZwysMEVDX0tr3hHR/Eaj7fagygYWVDtcfjXIP8GNNMuU1O6VPQhTj8cV6EcVBrU8Wpl1RP3NUeMqpdgqgkk4AHc17j8MfCUui2L6lepsu7kAKh6on/1619B+HuhaDIs0UBnuF6SzHcR9BXVAYrGtiOdcsTrwmC9k+ee4p6VHPDHcwSQyqGjdSrKe4qWkPSuU9Fq54D4v+Huo6JdyT2UD3GnsSVZBlk9iK44WtwX2CCUt6bDmvq7GeDUItLcPvFvEG9QgzXVHFtKzR5tTLYyleLseK+Cfhze6lew32qwNBYxkP5bjDS47Y7Cvb1ULwBgDtSgYNLWFSo6juzsoUI0Y2iB5Fcn4y8EWviqBXDCC9jGEmxkEehrrKKmMnF3RpOEZx5ZbHhDfCPxGLjYv2Yx/89PM/p1r0PwX8P7bwuTdTyC4v2XG8D5UH+z/AI12lFaTrzkrM56WDpU5cyQCg0tFZHWcf4h+HWjeIblruRZLa6b70kJ+99R3pPD/AMOdF0C5W6RZLm5U5R5ui+4ArsaSr9pO1rmPsKfNzcuoDig/SloqDYzdS0TTdXVV1CxhuNv3S68j6Gnado2naRGyafZQ26t97YvJ+p71oUUXdrE8sb3sIOlLRRQUFFFFABRRRQAUUUUAFFFFABRRRQAUUUUAFFFFABRRRQAUUUUAFFFFABRRRQAUUUUAFFFFABRRRQAUUUUAFFFFABRRRQAUUUUAFFFFABRRRQAUUUUAFFFFABRRRQAUUUUAFFFFABRRRQAUUUUAFFFFABRRRQAUUUUAFUtU0231fTp7G7QtBMNrgHBxVyijqS0mrMwvD3hLTPDHnjTllXz8b/Mfd06fzrdopaG23dhGKirIKKKKCgooooAKKKKACiiigAooooAKKKKACiiigAooooAKKKKACiiigAooooAKKKKACiiigAooooAKKKKACiiigAooooAKKKKACiiigAooooAKKKKACiiigAooooAKKKKACiiigAooooAKKKKACiiigAooooAKKKKACiiigAooooAKKKKACiiigAooooAKKKKACiiigAooooAKKKKACiiigAooooAKKKKACiiigAooooAKKKKACiiigAooooAKKKKACiiigAooooAKKKKACiiigAooooAKKKKACiiigAooooAKKKKACiiigAooooAKKKKACiiigAooooAKKKKACiiigAooooAKKKKACiiigAooooAKKKKACiiigAooooAKKKKACiiigAooooAKKKKACiiigAooooAKKKKACiiigAooooAKKKKACiiigAooooAKKKKACiiigAooooAKKKKACiiigAooooAKKKKACiiigAooooAKKKKAIzNGpwzqD6E07cDXgXxOuJ4/Hd2sc0igJHgKxH8I7V6V8N/Ef9u+HlhmfN3aYjfJ5ZexraVFqCmclPFKdV0rbHaU3zU3bdy7umM06vEWnm/4XUsfmvs+3Y27jjH0qIQ57+RpWq+ztpu7Ht9FFFQbhRSZ9qM0ALRSZ9qM0ALRSZoBoAWijNIDmgBaKKKAEzimmWNSQzqD6EinGvBPH/2m4+Ik9pDO8fmGNB8xABIHpWlKnzuxz4it7KKdrnvHnxf89E/76oM8X/PRP++q8e/4VJr3/Qbj/N6P+FSa9/0G4vzf/Gr9nD+Yz9vW/wCff4nsasGGQQR7GnVm6Fp76TodlYySeZJBEqO/94gcmtDPtWD3OqLursdRSZozQULRRSZoAWikzRmgBk00cETyyuqRoCWZjgAe9UtO1zTNWLiwvYbgp94I3Iqh4x0m61zwte6fZyBZ5VBXJwGwQdp+uMVw3w48F63ouuvf6jCLaJY2TYXDFyfp2rSMIuDk3qc86k41FFR0fU9ZopAfajNZnQLRSZpaACiikzQAtFJmloAKKKTNAC0UmaWgAoPFJmgmgCC7vbawtmuLqZIYV6u5wBUWnarY6tb+fYXMdxF0LIc4Ncz8RvD2oeItAjh04hpYZfMMJbb5gx0ye/NZvwv8Lar4fjvZ9TTyPtAUJBuDHj+I4OBWihHk5r6nO6s1V5OXTuei0UhOKM1mdAtFJmlzmgAopKM0ALRRmkzQAtFFFACUjOqDLMAPUmlrgvi3I8Xg9GR2U/akGVOOzU4R5pJGdSfJBy7HdefF/wA9E/76pwYMMggjsa8I8MeA9T8TaONRi1gwIXKbGDE8fjV+6+Hni/Rozc6fqZuGQZ2xSsrY9ga2dGN7cxyxxVRrm5HY9ozSjmvKPBfxIuXv00jxAcSM2xJ2G0hv7rD+ter5GKynBwdmdFKtGqrxM2+8QaVptylteX8EM0n3UduTWgrhgGUggjII7143428BeINT8Wz3llALi3uWUq/mAeXwBg5P48V6toljLp2iWdnNJ5kkMSozepqpwioppk0qs5TlGUbJGjRSZFGazOgWikzS0AFFJmjNAC0UUmaAFopM0Z9qAFopM0ZzQAtFFJmgBaKTNGaAFopM0ZoAWkJxRn2pDzQBnXniDSdPuktby/ghnf7qM3J/wrRVgwDA5B714x4z8A+ItR8WXF3Zwi4guX3LJ5gHlj0OTXrWjWklho1paSyeZLDEqM/qQK0nCMYppnPSqzlOSlGyRfopM4ozWZ0C0UA0UAFFJnmjNAC0UUUAFFFFABRRRQAUUUUAFFFFABRRRQAUUUUAFFFFABRRRQAUUUUAFFFFABRRRQAUUUUAFFFFABRRRQAUUUUAeGeNAp+LaKyhlMkAKnoeBUdpJL8PfiM8TFhZSPtI7GJjwfw/pR47JHxUyDg74P5Cu1+Kfhv+1NDGpQLm5sxk4H3k7j+td3MkoxezR4/I25zjvF3O/SRZY1dCGVhkEHqK8Pb/AJLcv/X/AF2nwu8RjVtCFhO+bqzwvJ+8nY/0ri3BHxuGf+f7P6VlSi4ykn2N69RVIU5Lq0e5Vxfi34h2XhuX7HDEbu/I/wBUpwE/3j/Sum1i/GmaNeXzdIIWk/IV418NbSPXfF1zqWplZWiBl/eHguTUUoJpylsjbEVZRlGnDdms/wASPF8C/ap/D8Ys8ZyYnHH+9n+ldl4R8c2HitGiRDb3sa7ngY549VPcV0rSW7oUZ4ypGCpIIIrwu8CeF/iyn2MhIBdIcKeAj4yPyJq4qNRNJWZlOVSg03K6bsdv4z+IF/4Z8QRadHYQtE6JJ5zsSWUnB4H0Nd/FIs0SSocq6hlPqDXmHxl0zzNP0/VEXmJzC5Ho3I/UH866/wAC6h/aXg3Tpi2XSPym+q8fyxUTivZqSNadSXtpQk/NGR43+ID+FNQgtILNLl3j3vufbt9OgNdF4X1weItAt9SEYjaQEMgbO0g4Irx/WrWXxl491YQklLeJypHog6fnmuo+DeoltPv9Mc/NDIJFHoG6/qP1q50oqndbmNLETlXafwvb5HXeM/E//CK6IL5YVmkaURojNtyTk/yBp/g7XrnxJoY1G4tVt97lUVW3ZA75x9a4H4y3xlvdL0tDkhWmYD1J2r/Jq9L8O6cNJ8P2NiBgxQqGH+11P65qJRUaafVm0KkpV5RT0X5mpRRRWJ1iV4R4y/5Kv/22h/kK93NeAfEFpk+JFw1uMzhozGPVsDFdGGV5P0OHHu0E/NHvwoNePf278TR0sH/78D/Gtbw1q3ju58Q2kWr2bJYszCVjEBgbTjnPriodFpXui44pNpcr+49HlZkhdkXewUkLnGfavNtD+Kq32rXEeqW8VhaxxMwO4s24djXpZGVNfP3h7RbTWviRNp12GNubiZmUHrtLHH6VVGMZJ8xOKqVIShydWdXffFm/nncaLo5kgX/lpKGYkfQdPzrV8I/E5Nb1BNN1K2W1uZDiN1J2sfTnoa7qy0+00+3W3tLeOGJRgKi4rxLxjbxWXxXiW3QRqZ4HwvHzEqTVQUJ3ilYzqutRtNyvrse7ZrzzxN8UrbS717HSrX7bcIdruWwin0GOtdf4gnltfDOp3EJIlis5XQj1CEivI/hHZW934kuZ7hVklgh3RhucEkDP61FKEbOcuhriKs1ONOGjfU0j8VPENmVlvtBjEDd8OmfxOa0H+MtibUmHSrprjH3SV2Z+o5/Su/1i0t73SLuC5jVomibIYdOOteL/AAtCHxnLbNFHLC0L5DqG6EYPNaRVOcXLl2MajrU6kYc+56vpfiZdT8Jya0lpJG0cLu0MmR8yjJAPce9Y/gTxtd+Lru9Se1hgSBFZQhJJye9dNrqhPDepBQABaSYAGMfIa8x+C3/H9qn/AFzT+dZxjFwlKxtOc41YQvvud/4y8RzeGNF+3w2gufnCEM+0Lnoelc1ZfFayXw4t9fxj7ezsq2sHfB4PPQVsfEtA3ga9z2KkfnXIfCjwzpmoWU2q3kAnmjl2Rq4yq8dcfjVQjD2fNImrOr7fkg90RTfFrXU/f/2JDHbE8Fw/T6//AFq9A8JeL7TxZYNNChiuIiBNCxyVz057itTU7K3utIuraaJWhaJl2EcYx+leQ/Bon/hJb5cnBtCcf8DWi0JwbStYXNUpVYxlK6Z7YWCgkkADqa851/4opbagdP0Ky+33AO0vztz6ADr+la/xJ1eTSPCM5hbbLcERKR1APWud+EWl2kem3GqzeWbiSTYjMRlVHpU04JQ55F1qsnUVKDt3ZV/4Wd4l0x1fWNBRYWPUI8Zx9TmvRfD3iOw8S6aLyxc4zteNvvIfQip9TtbHVdOnsroxSQyoVIJBx7j3rx/4VXclh4yn01n+SZHRhngsnIP6Gq5Yzi2lZojnnSqRjKV0z2q6uobO2kuLiRY4Y13MzHgCvMr74qX15evbeHNINztJxJIC2732r0H4074xaxJBZWelRMVE5MkmO4Hauh+Hul2mk+FLRwYxPcL5krEjJJ7UowUYc8lcqdSdSr7KDtbdnL23xV1XTrtIfEOjeUrYy0SsjD3CnOfzr07T9QttUsYb20kWSCVdysPSuc+IGn2mqeD78sY2mt4zNE2RlSvJx+AIrm/gzqDy6fqOnuxKQuskYz03Zz/IUSjGUOdK1hQnOnVVOTunsaPjjx9eeFtUhs4LGKRZED+bI56Z5GB/jVDxD8WIrPZBpFslzOUBeRydikjoAOTWV8aEA1PSmHUxSZ/MV2fgvwdpel6JbTPaxzXU0YeSSVQx55wPSqtTjTUmjPmrTrSpxdkVovF+qWvw8PiLULS3e4YgpDHlFKlsAnOfrWl4E8TXHirRZr+5hihdLlogsZOMBVPf61U+JkaRfD+8RFCqDGAoGAPnHQVnfBznwjdf9fz/APoCVLUXTcrdTVTnGuqbeljT8eeMbnwnBbPb2KT+eSu93ICke2Oay7n4q2FrolpMkBudRnjDNbxnAQ+5qD4zjGg6d/18n/0A1Z+GvhXS4tAttWkgWa7nG7fIM7PYU1GCpqUkRKdWVd04voc+3xb1y3lR7rRoVgY5AO5SR9TXpvh3xBaeJNJTULMkITtdG+8jDqD+dZ/j6zgufBWpebGrGOLehx90gjBFcl8FmJ07VlJOBKhA98H/AAokoSp8yVrFQlUp1lTk7po7/XdesfD2mve3z7UHCqPvOfQCvNW+K+t30z/2VoSvEv8AeDOce+KrfGW5mOr2FsSfJSIuB2LE9a9J8IWNtYeFrCO2RVVoldiB95iOSaFGMIKTV7ic6lWs6cXZI4ay+MbQuYtX0eRHHUwNz+TY/nWrpPxRh1fX4LGLSrpLeX5RKfmYN2yB0H41g/GWytornTbuNFWeUOshA6gYwT+ZruvAapN4N0y5aCNJmh2s6oAWwSBn8hTmqagppbk0pVnVdNy2OmHSloAxRXMeiFcB8X/+RMX/AK+o/wCTV39cB8X/APkTF/6+o/5NWlL40c+J/gy9CX4T/wDIkx/9d3/pXc7a4b4T/wDIkx/9d3/pXdUVfjY8P/Cj6Hivxd0OOx1S21a3XYLrKybf747/AJYr0fwTqza14R0+7lbdLs8uQnqWU7Sf0zXOfGJQfDFscci5GD/wE1P8ImJ8GMCcgXTgfkK1l71FN9Dmp+5i5RWzVxvjPx/deG9fg0u3sopfMjRzLI543MRjA+ld7G5eNGPUqCa8S+Kv/I/Wf/XtF/6G1eyyb/7Lbyv9Z5J2/XbxUVIJQi11NKFSUqk0+hwfin4mnTtRbS9FtVu7tTsZ2yVDegA61kSeM/iFaRi4udEXyep3WrgY/BqwPh9e2Nh44kl1V0RirqjydFfP/wCuveY5Yp0DxSJIp6FSCKufLTsuW5jSc695c9vI5fwV4tm8VWk8k+ntbPAQrMGyrH2710l5ewWFpLdXMixwxruZyeAKdHBDCGEUSIGbc21cZPqa8u+MWsyRxWekxMQsmZZAO/oDWUYqpOy0OmpUdGlzSd2hmpfFu8nvGg0DTFlQHCyShmLf8BXp+dGl/FrUIb2O31zSVQOwBaBWVhn/AGSTn866z4f+H7fR/DVrKIl+1XCCSWQjnntXQ3WlWN7cQT3NrFLLbtvidl5U1cp00+XlMoU68kpuevYtCUNEH6KRnnjFeceIvirDZ3rWOi2n22ZTtMhJ2Z9gOT+lbnxG1aTSPB9y8DFZZiIUYds9f0zXL/CDQbdrOfWZow8xfyoiwztx1x70U4RUHOQ61SbqKjB27sqN8TPFlhtm1LQ4ltyevlPHkfUk16B4X8Xaf4qtGktCyTR/62B/vL/iK27q1gu7aS3uI1lidcMrDIIrwiwZvBnxRW2idhALoQsM9Y36Z/MH8KaUaqdlZoiUqlCUeaV09Dt/FfxDv/D3iddN/s+H7PlG852JLoepA7dx36V6HFIksSSIdyOAyn1BrzP4w6N5+l2urRr81u/lyYH8LdP1/nXQ/DjWP7W8IWu9szW37l8+3T9KmcU6akjSnUkq0qcn5o6TUb2PTtNuLyX7kEZkP4CuP8E+ObzxbqVzCdOjgt4I9zSLIWOSeBjA9/yqD4tax9h8NLYo2JLt8HH90cn+lWvhfov9leE455FxNeHzm9dv8I/Ln8aFFKnzPqOVSUq6hHZLU1PFPjHT/Ctqr3WZLiTPlQJ95vc+g964X/hZHi66T7VZ+H4zacnJjd+P97I/lXPxyr40+KI+1tutWnYKpPAiTJA9sgfrXusbW8USxxvGqKMKqkAAVTjGmkmrsyhOdeTalZLQ4rwp8S7XXbtdPvrY2d6xwozlHPoPQ+1dzM7pA7xpvdVJVc4ycdK8T+KNnDpXie01GwKRvKokJQ9HB617HpV19u0m0uu8sKv+YqasIpKS6mlCrJuVOb1R53ovxaW7v7r+1LaGztIoS6BWLOXBHy+/U9qgs/idrGueIrex0vT7aK3mkC5mVnbHc5BAFcb4U0GHxF42NlcZFuJHkkA6kAnj+Ve+WekafYRolrZQRCMYUrGAR+NaVVTpvbUww7r1ldysk/vON8X+P7vw94gg0u3sopN4QmV2Pc+ld7GxaJWI5IBrxP4ncfEC0/3Yv517VEQtshJwAgz+VZ1IpRi0dFGpKVSafQ57xZ41sPCtuvnAzXcgzHboeT7k9hXEf8LH8Xzp9rt/D8f2PGQTE7cf72f6Vz+jsvjT4mCe/bdbtK0m1jwEXJVfpwK92V7dECK8YUDAAIwKqUY00k1dmUJTrtyUrLocd4S+I9p4huRY3UH2O9P3VLZV/p7+1dq8ixozsQqqMkk9BXh3xHtotE8aW9/YbUMgWbCHjcDzXp3iaea58AX09vuMklpu464IGf0zSqU1o47MujWl70ZauJyOr/FK+utTaw8M6etyQcCV1Ll/oo7e9VJPHfjrSiJdS0RPI77rdl/XPFV/hDqGmWd3qEd3LFFdyhPKaQ4yvOQCenUV7GNksfG10YfUEVU3Gm+XlM6KqVo8/PZmR4W19vEeix6g1m9tvJAVmznHcVtio4oY4YhHEixoOiqMAfhUnauZtX0O+KaVmLRRRQUFFFFABRRRQAUUUUAFFFFABRRRQAUUUUAFFFFABRRRQAUUUUAFFFFABRRRQAUUUUAFFFFABRRRQB4P48/5Kn/wOD+Qr3V40ljZHAZWGCD3FeFePP8Akqf/AAOD+Qr3ftXRW+GPocOF/iVPU8JuFm+HnxEEi5FlI2R6NEx5H4VPKwl+NcEiEFXukZSO4K5rufiV4cGt+HWuIUzd2YMiYHLL/EP615N4OnluPHejvK5ZhKqZPXAGB/StoNTi5dbWOSrF0qip9G7o9v8AGylvBWrgDP8Aozn9K8U8FeFJvFVzcxQ6ibMwoGJ2bt3P1FfQt3bJd2c1tIMpKhRh7EV4NpV5d/DfxpLHdxM0HMcmP44yeGFZ0JPklGO5vjIL2kZz+HZnTf8ACnb3/oZW/wDAc/8AxdOt/g7PDew3L68JDHIrkG2OTg+u6u1tvG/hy6thOmrWyrjJEjbSPqKpW3xE0W98RW+kWbvOZcjz1X5A3Ye9T7St/SL9hhbr/MveNNMOreEdQtQu6Tyi8Yx/EvI/lXA/DfX0sPB2uJI+PsgMyA+4x/MCvXWAZCp7jFfNmtLP4e1rWtKi+WOVyhA/ubtw/TFOgueLgycW/ZTVVeh6F8INPaSDUtWmXLTybAT3HU/qayvDWfDPxbudOb5YbhniGemD8yn9APxr0fwTpg0nwjYW5GHaPzH47tzXAfFS2fSfFGla9AvJKk+7IQf5YFOMuepKPcmcPZ0YT7a/eVb1P+En+NIh+9BbTBSOwWIZYf8AfQP517SK8m+EVm97qmr67OMsx8tWPdmO5v6fnXrQFZ13qo9jfBq8XN/adxaKKKxOwQ14R4z/AOSr/wDbaH+Qr3ftXgnjmZLf4oSTSnEcckTMfQYFdGG+J+hw47SCfmj3sCjArkv+Fl+Fu+pf+Q2/wo/4WZ4W/wCgl/5Db/CsvZz7HR7en/Mjq26V4d4H/wCStS/9dbn/ANmr2TS9Ws9a09b2xl823YkK2MZI4NeN+B/+Sty/9dbn/wBmrWirRn6HNimnOm13Pcx3rw3x3/yVqH/rrbf+y17kO9eG+O/+StQ/9dbb/wBlpYb4n6Dx3wR9Ue2SxJPbtDIA0bptYHuCOa8L1qwvfhx4nF3pl9A6NkpGXBcKf4XTrj3r3fnZx1xXzrcNf6H4zmvNW003siTM7RzglZM9Dnn2qsPq2TjrJRdte/Y6a68ZeM/FGlm1sNEkSKddrTwQOQw9mPArqfh34Im8Nxy32oFft06hQinPlr6Z9awV+MN1GoH/AAjoVB2E54H/AHzXSeGfiVpfiC7WzeJ7O6fhFkOVf6H+lOamo2UbImjKk6ilKd30udN4g/5FzU/+vSX/ANBNeYfBb/j+1T/rmn869P1//kW9S/69Jf8A0E15h8Fv+P7VP+uafzqKf8KRrW/3in8ztPiV/wAiNf8A0X+dY/wd/wCRYuf+vg/yFbHxK/5Ea/8Aov8AOsb4O/8AIsXP/Xwf5Cmv4L9Ql/vS9Dv7z/jyn/65t/KvGPg1/wAjPff9eZ/9DWvZ7z/jyn/65t/KvGPg1/yM99/15n/0NaVP+HIWI/j0zp/jECfDVqRyBcDP5Vx/hH4fXHiXRRfRaybRfMZPLERbp/wIV6v4y0M+IfDVzZIB52N8Wf7w6V5f4A8Xp4TubjSdXR4oGfO4jmJunI9K0pSfsrR3RjiIR+sJ1NmjX/4U7e/9DK3/AIDn/wCLrU8LfDOTw54hg1VtWW48sMPLEG3OVI67j610z+NPDaW/nnWLXZjtIMn8KreHPG2neJtSvLSyWQCABlkcYEg6E+3as3UquLvsbRo4ZTVt+mp558ZEca9YOfutAQPzqbSvhXdalpVteJ4haNZ4w4QQE7c9vvV0/wAUvDkusaJHeWqF57MltoHJQ9cfzrF+H/xBsLPSotI1eXyGgyscrD5SvYE9q1jOTpLk6GE6cFiH7XZ7CH4OXhBB8SEg8EG3PP8A4/XS+CfAr+Ebq6lbUFuhOgXAi2bcH/eNaN7458N2NuZX1W3fjIWNtzH6AVN4W8T23irTpLy2jeMJKUKP19j+IxWMp1XHXY6adLDxmuTf1POvjT/yENJ/65SfzFeraT/yB7L/AK4J/wCgivKfjV/yENJ/65SfzFeraT/yB7L/AK4J/wCginU/hRJof7xU+RzfxQ/5EK+/3o//AEIVmfBv/kUbr/r+f/0BK0/ih/yIV9/vR/8AoQrM+Df/ACKN1/1/P/6AlC/gP1FL/fF6Ff40f8gDTv8Ar6P/AKCa6T4d/wDIjab/ANcz/Oua+NH/ACANO/6+j/6Ca6X4d/8AIjab/wBcz/Om/wCCvUIf73L0LHjj/kStW/69zXF/BXmw1b/rrH/Jq7Txx/yJWrf9e5ri/gr/AMeGrf8AXWP+TUo/wZFVP96h6M6D4heE4fEWlLOJ47e6tQWSSRsIV7hj2HvXnXh3x94g0WMaPBbRaiIyUjVQZD+BQ8iu4+LNnqN34dg+xJI8KS7p1j5yMccd+a4Xwt44bwtp4tovDscsxJ33G4qzex+U1rSV6eupz4iSjX0fL59y5L4f8XePtZjudWtXsbZcLmVDGEX0VTyTXsun2cOn6fBZwLthgQIo9gK8xg+MoEoF7ojxJ3Mcu4/kQK9F0XWrHXdOS9sJhJC3B7FT6EdjWVbnsrqyOjC+yu+V3b3vuadFA6UVgdoVwHxf/wCRMX/r6j/k1d/XAfF//kTF/wCvqP8Ak1aUvjRz4n+DL0JfhP8A8iTH/wBd3/pXc15V8O/F+h6N4VS0v75IZxM7bSD04re1D4p+HLSFjBcPdSjokaHk/U8VVSnJzdkZ0K1ONKN2tjC+M1+i2en6eCN7uZWHoBwP610fwxsXsvA9mXBDTs02PYnj9AK81s7HVPiX4sN5OjR2YYb3H3Y4x/CD3Ne7W9vHbW0UEKhI41CKo7AVVVqEFT6meHTqVpVumyPFPit/yP1n/wBe8X/obV7ZAM28X+4P5V4p8Vv+R+s/+veL/wBDavY5byKx0w3M7BYoot7E9gBRV+CA8M7Vaj8zifFPwus9bvJL2wuBZ3DnLqU3Ix9cdq4q98CeMfDkbXdnO0yRDJa0mO4D/dOD+Wa9L0j4ieHdWGBerbS5x5c/yn/69X9U8V6Lpdk9xPfwMApwqOGZvYDvRGpVj7rQTo4ed5p29Gch8N/HV3rVy2k6o4kuApaKboWA6g+tcz8YA3/CVQE9DbjH5074WafPf+MZdWWLZbwh2JA4y2QFH510Xxb0Ca9sbfVrdCxtcrKAOdp71p7sa2hg+ephHfW35HoOk7P7Hstn3fITGPoKumvO/AfjvTLjRLewv7pLa7t1CfvTgOB0INaGv/EvRNGCJBKt9MWAZITwq9yT/SueVKfNax3Qr0/ZqVzN+Mau3ha1K/dW7Xd9Nrf41c+Ezo3gpAowVuHB9zxWp4n05PFvg2WO1O4zRiaAsMc9R16eledfDnxXD4aurnR9XzbxO+Q7jHlv0IPpWsVzUXFbo55tU8SpvZo9rPSvAfHn734nzLFyTLAoA9dqj+deuan430HTLFrl9QhlOMpHE25nPtXlfg/T7rxh49bWZ4iLaKf7RIxHAI5Vfzx+VFBON5MMXJVHGnHV3PZNc02PV9Cu7CQZE0RUex7V5T8J9QfTfEV7otwdplBwp/vqea9n7V4b45hm8K/EGPVrYYWY+emOBu6EUqPvJw7lYr3JRqrpuS+MXfxZ8SrfSYTuihZYeOw6sf517TBClvbpDGAEjUKoHoBXk/wm0xr7V9Q1+4BJBKIT/ebk/wBK9cPApV3ZqC6DwkXJOo/tfkfM3hrQ5db8SRaULk2kr7wZNu7aQCcYyPSvQf8AhT16f+Zkb/vwf/i6wfFOn3ngnx4ur20RNtJMZ4jjg5PzIf1r03SfiB4e1S2ST7fFbyEfNFM21gf61tVnOylDY5MPRpXlCrvfucbJ8GLiTBfxCHx/etif/Z69Q0qzOnaVa2RcOYIlj3gYzgenauY1P4l6BY3MNvBP9reRwrGDlUB7k967CNg6Bh0IyK56kqjS5zuo06MW/Znh/wAMv+Shz/7kv869y7V4d8Mf+Shz/wC5N/Ovce1ViPjIwP8ADfqzxH4n/wDI/wBp/uxfzr2SZXfSpET7zQED67eK8b+J/wDyP9p/uxfzr2qL/j3j/wB0U6nwQFh9alQ+bfCmgv4j14afHem0dkZhJs3dO3UV33/Cnbw/8zK3/fg//F1zutWl38P/AB+t/DETamUywnHDI3VPryRXqmm+PfDmpWyyrqMULEZMcx2sta1Zz0lDY5cPRpawqbp9zin+DNxIfn8QhyO7WxP/ALPXqFjYi10uCykYSrHEI2JXhuMdK5i9+Jeg2+oW9nbzG7aWQIzw8qgPfNb+ua5a6Do8upXWTFGBhV6sT0Arnm6krKR3UY0IXcPmcDrvwghuLp7jR737NuOfJlUsoPseorldQ8PeM/BkZvUuJfs6HJlt5iyj6g9Pyr1jS/HPh7Vo1aHUYo3P/LOU7GH4GqHjXxZpFl4eu4ftUM888RjSJG3Ek+uOlaQqVL8slcwqUaHK5wdvRjfh74xl8T6fLFeBReW+N7L0cdjXaivKPg5pU8Md/qUilYpgsaZ/ixzmvVxWVZJTaidOFlKVJOW4tFFFZnQFFFFABRRRQAUUUUAFFFFABRRRQAUUUUAFFFFABRRRQAUUUUAFFFFABRRRQAUUUUAFFFFABRRRQBy+q+AtE1nWDql2k5ujt5SUqPl6cfhXT9qKKHJvciMIxbaW4hUMMEZB4IrlbT4d+H7HWY9UghmW4jk8xR5p2g/T8a6uimpNbMJQjJptbBWTrfhvSvEEAi1C2WTH3XHDL9DWtRSTad0OUVJWZ50fg/oZl3C6ugmfu5B/Wun0Lwho3h4ZsbUCXoZn+Z/z7VvYoxVupNqzZnGhTg7pCEVyus+ANG1zWBqd0JvP+XIRsA49RXV0Y5qVJx1Rc4RmrSVxkaCNFRRhVAAHtWT4j8NWHiayjtb8Psjk3qUODnGK2cUUk2ndDlFSVmjJ8PeH7Lw3p32GwDCIuZCXOSWOP8BWtRiihtt3YRioqyFooooKErldY+Hug65qcmoXsc5nkxuKSlRwMDiurpKcZOOqInCM1aSucN/wqXwv/wA8rr/v+aP+FS+F/wDnldf9/wA13NLV+1qdzP6tR/lRm6LolnoOmJp9iHECFiA7ZPJyeazNN8DaLpWutrFqkwu2Z2JaQkZbOePxrpaSo5n33L9nB2022Cub1LwNoura4usXSTm7UowKyEDK9OPwrpaSkpOOw5QjJWkrmJ4s1OfRfC9/f2oUzQRgpuGRnIHI/Guc+HfiC68U2d7LqrwTTRSKFQRgbVx1rtb60g1C0ms7lA8MyFHU9wRXj+reANX8KXL3+i6wI4d2FJZkkA9DgYNbUlGUXF7nNXdSE1NK8eqPYGsbR1KtawkHqDGP8K8G8a2trp3xBMWlAR4kjYKnRZDjpj3qy3iLxncp9nOsgBvlyOD+YXNdT4P+GzW99FrOs3aXUwPmJGmSN3UMxPU1rGPsruTOepL6zaMI213PSJbZLzT3tpslJoij4ODgjBrI8PeD9J8MSTSacsqtMAH3yFuBW+OlFcvM9j0XBNptaoo6vpFrremyWF4HMEmN2xsGq+geHLDw3Zvaaesgid953vuOa16SlzO1g5Y83NbUbJGskbI3Rhg49K5/w/4J0fwzeSXWnJMJZI/LYvJuG3IP9K6KihSaVkDhFtNrYMVzeveB9E8QuZbu32XH/PWI7WP19a6WkxTUnF3QThGStJXPO4fg/oUcoaS4upFz93cB/Ku00rQ9O0S28jT7VIE7lRy31PetDFLTlUlLdkwo04axVhpUEYI/CuO1n4a6BrE7XHkvbTMcs0BwCfpXZe1GBSjJx1Q504zVpK5wFl8JPD9tKHne4uMHhXbA/HFdvZ2Ntp9slvZwJDCg+VEGAKsY6UtOU5S3YoUoQ+FWOf8AEPg7SfE8sEmpJKzQqVTZIV4PWtuCBLe3jhjyEjUIufQDFSUVLk2rFKEU3JLVlDWdHtNe0yTT70OYJCC2xtp4ORz+FQ6B4dsPDVg9np6yLC8hlIdtx3EAf0FatFHM7WDkjzc1tTH8Q+GtO8T2sVvqKyNHE+9dj7ecY/rVzStLttG02GwtAwghGFDNk/nVyijmdrByR5uZLUq6jp8GqadPY3IYwTqUcKcHH1rO8PeFtN8LxTx6asqrOwZ/Mfd06Vt0EUcztYHBOXM1qeW+NvHGr6R4uj0u1kihtSqbmaPJ5PJr0iO2tZIlcQwuCAd2wc1y/jbwHb+KglzFMLa+jXAkIyrD0I/rXnTS+MPC0v2GPWU2LwFDF1H/AH0vFdKhGpFcrszilUnRqSc1dPY9G+IGlaXJ4Qvp57eFJIk3RSBQpDdsVyvwVab/AInC5byB5Rx2DfN/hWJBpXijxxcrb3usRtEjZIdmwPcKBgmvW/C/hqz8L6SLK1Jdi26WVusjdM0T/d0+Ru7YqadasqqVkjcFFFFcx6IlZevaBY+I9PFjqCu0IcSfI205H/661KKE2tUTKKkrM4b/AIVN4X/55XX/AH/NWLb4X+FrZw32OSXBziWQsK7Kir9rN9TJYekvsor2ljbWNuILWBIYl6KgwKsYooqDZK2iOb1vwRo3iDVI9QvkmNxGgRSkhUYBJHH41vSW0MtubeWNZIiu0qwyCKloocm9GSoRTbS3OH1L4WeHL+QyRRy2rnr5TfL+VZ9t8HdFilDT3l1Muc7Dhf5V6RijFWq09rmTw1Ju/KU9N0qy0izS0sYFhhXoqjr7mrMkSSRsjqGVhgqRkEU+jtUXd9TZJJWRwupfCrw/fztNEJrVmOSsTfL+ANS6R8MPD+l3Kzukl3IpyvnHKj8K7XFGKv2s7WuZfV6V78qEChVwBgDjiua8QeBdF8RSedcwGO4/56xHaT9fWumoxUqTi7pmk4RkrSR53b/CDQ45Q0txdSqP4CQM/lXcabpdnpNotpY26Qwr0VR1/wAauUYpyqSluyYUacNYqwEVg+JPCem+KI4Uvw+YSSrRtg/St6jFSm07ouUVJWkjM0LQ7Pw/pq2FkrCJSW+Y5JJ9a08Zooobb1YJKKsinqWl2WrWbWt9bpNC3VWH8q4i4+EGhSylop7qFc52hga9DoxVRqSjsyJ0ac9ZK5y2ifD7QNDlWaG2M069JJjuIPt6V1OABRilpOTlq2VCEYK0VY5rR/A2jaFqralZJMLhgwJeQsOevFdJiiik5OWrCMFFWijnNZ8EaNruqR6jepMbhAACkhA46cV0SoFQKOgGBTqShyb0YKMYttLco6ppFjrFobW/tkniPOGHIPqPSuJm+D+hSSlo7i6jT+7uB/nXomMmjFVGco7MmdGnPWSucxofgLQdCkE1vbGS4HSWU7iD7elb17p9pqNq1teW6Twt1RxkVZ6UUnKTd2yo04xVktDgL/4SeH7qQvA1xa57I2QPpmmWHwi0K0lV7ia4utvO1yFB+uK9CxRiq9tPa5n9WpXvykNtawWlukEEaxxIMKijAFT0YxR1qDZKwUUUUDCiiigAooooAKKKKACiiigAooooAKKKKACiiigAooooAKKKKACiiigAooooAKKKKACiiigAooooA//Z</Resource>
		<Resource Id="2">AAEAAAAKAIAAAwAgY21hcDrnVhAAAACsAAALkGdseWYuKTmlAAAMPAAAHvpoZWFkKXq6PAAAKzgAAAA2aGhlYQojBqMAACtwAAAAJGhtdHiSBCbVAAArlAAAAXxsb2NhAAWvqQAALRAAAAGAbWF4cAddER8AAC6QAAAAIG5hbWWZGw4+AAAusAAAAddPUy8ykRlWhAAAMIgAAABgcG9zdAADAAAAADDoAAAAIAAAAAQAAAADAAAAJAABAAAAAAPqAAMAAQAAB7AAAwAIAAALdgAEA8YAAAC+AIAABgA+ACAAJQAoACkALAAtAC4ALwAwADEAMgAzADQANQA2ADcAOAA5ADoAQQBCAEMARABFAEYASQBLAEwATgBQAFIAUwBUAFUAVgBhAGMAbgB0AHgAeQCwBBAEEQQSBBMEFAQXBBgEGgQcBB0EHgQfBCAEIQQiBCMEJAQnBCgELQQvBDAEMQQyBDMENAQ1BDYENwQ4BDkEOgQ7BDwEPQQ+BD8EQARBBEIEQwREBEUERgRHBEgESQRKBEsETAROBE///wAAACAAJQAoACkALAAtAC4ALwAwADEAMgAzADQANQA2ADcAOAA5ADoAQQBCAEMARABFAEYASQBLAEwATgBQAFIAUwBUAFUAVgBhAGMAbgB0AHgAeQCwBBAEEQQSBBMEFAQXBBgEGgQcBB0EHgQfBCAEIQQiBCMEJAQnBCgELQQvBDAEMQQyBDMENAQ1BDYENwQ4BDkEOgQ7BDwEPQQ+BD8EQARBBEIEQwREBEUERgRHBEgESQRKBEsETAROBE///wAAAAAAAAAAAAAAAAAAAAAAAAAAAAAAAAAAAAAAAAAAAAAAAAAAAAAAAAAAAAAAAAAAAAAAAAAAAAAAAAAAAAAAAAAAAAAAAAAAAAAAAAAAAAAAAAAAAAAAAAAAAAAAAAAAAAAAAAAAAAAAAAAAAAAAAAAAAAAAAAAAAAAAAAAAAAAAAAAAAAAAAAAAAAAAAAAAAAAAAAAAAAAAAAAAAAAAAAAAAAAAAAAAAAAAAAAAAAAAAAAAAAAAAAAAAAAAvgC+AL4AvgC+AL4AvgC+AL4AvgC+AL4AvgC+AL4AvgC+AL4AvgC+AL4AvgC+AL4AvgC+AL4AvgC+AL4AvgC+AL4AvgC+AL4AvgC+AL4AvgC+AL4AvgC+AL4AvgC+AL4AvgC+AL4AvgC+AL4AvgC+AL4AvgC+AL4AvgC+AL4AvgC+AL4AvgC+AL4AvgC+AL4AvgC+AL4AvgC+AL4AvgC+AL4AvgC+AL4AvgC+AL4AvgC+AL4AvgC+AL4AvgC+AAYAWAA4ADkALAAWACIAGgAhABcAFAAVACoAKQArABgATgAZACgARQBBAFoAEwBKAFUARgBdAFwAEgA6AEAAQgBeAEsAPwBbAFQAUgBWAEgAUwBXADIAWQA+ACcAIABMADQALwAlAAEAMAAxAC0AMwAfAEQALgBRAD0ATwA1ABsAIwAcAAoADAAEAA4ANwAQACYABwANAAMADwACAAsABQAJAB4AHQBHADYATQAIAFAAQwAkADwAOwBJABEAAAAEA8YAAAC+AIAABgA+ACAAJQAoACkALAAtAC4ALwAwADEAMgAzADQANQA2ADcAOAA5ADoAQQBCAEMARABFAEYASQBLAEwATgBQAFIAUwBUAFUAVgBhAGMAbgB0AHgAeQCwBBAEEQQSBBMEFAQXBBgEGgQcBB0EHgQfBCAEIQQiBCMEJAQnBCgELQQvBDAEMQQyBDMENAQ1BDYENwQ4BDkEOgQ7BDwEPQQ+BD8EQARBBEIEQwREBEUERgRHBEgESQRKBEsETAROBE///wAAACAAJQAoACkALAAtAC4ALwAwADEAMgAzADQANQA2ADcAOAA5ADoAQQBCAEMARABFAEYASQBLAEwATgBQAFIAUwBUAFUAVgBhAGMAbgB0AHgAeQCwBBAEEQQSBBMEFAQXBBgEGgQcBB0EHgQfBCAEIQQiBCMEJAQnBCgELQQvBDAEMQQyBDMENAQ1BDYENwQ4BDkEOgQ7BDwEPQQ+BD8EQARBBEIEQwREBEUERgRHBEgESQRKBEsETAROBE///wAAAAAAAAAAAAAAAAAAAAAAAAAAAAAAAAAAAAAAAAAAAAAAAAAAAAAAAAAAAAAAAAAAAAAAAAAAAAAAAAAAAAAAAAAAAAAAAAAAAAAAAAAAAAAAAAAAAAAAAAAAAAAAAAAAAAAAAAAAAAAAAAAAAAAAAAAAAAAAAAAAAAAAAAAAAAAAAAAAAAAAAAAAAAAAAAAAAAAAAAAAAAAAAAAAAAAAAAAAAAAAAAAAAAAAAAAAAAAAAAAAAAAAAAAAAAAAvgC+AL4AvgC+AL4AvgC+AL4AvgC+AL4AvgC+AL4AvgC+AL4AvgC+AL4AvgC+AL4AvgC+AL4AvgC+AL4AvgC+AL4AvgC+AL4AvgC+AL4AvgC+AL4AvgC+AL4AvgC+AL4AvgC+AL4AvgC+AL4AvgC+AL4AvgC+AL4AvgC+AL4AvgC+AL4AvgC+AL4AvgC+AL4AvgC+AL4AvgC+AL4AvgC+AL4AvgC+AL4AvgC+AL4AvgC+AL4AvgC+AL4AvgC+AAYAWAA4ADkALAAWACIAGgAhABcAFAAVACoAKQArABgATgAZACgARQBBAFoAEwBKAFUARgBdAFwAEgA6AEAAQgBeAEsAPwBbAFQAUgBWAEgAUwBXADIAWQA+ACcAIABMADQALwAlAAEAMAAxAC0AMwAfAEQALgBRAD0ATwA1ABsAIwAcAAoADAAEAA4ANwAQACYABwANAAMADwACAAsABQAJAB4AHQBHADYATQAIAFAAQwAkADwAOwBJABEAAAAEA8YAAAC+AIAABgA+ACAAJQAoACkALAAtAC4ALwAwADEAMgAzADQANQA2ADcAOAA5ADoAQQBCAEMARABFAEYASQBLAEwATgBQAFIAUwBUAFUAVgBhAGMAbgB0AHgAeQCwBBAEEQQSBBMEFAQXBBgEGgQcBB0EHgQfBCAEIQQiBCMEJAQnBCgELQQvBDAEMQQyBDMENAQ1BDYENwQ4BDkEOgQ7BDwEPQQ+BD8EQARBBEIEQwREBEUERgRHBEgESQRKBEsETAROBE///wAAACAAJQAoACkALAAtAC4ALwAwADEAMgAzADQANQA2ADcAOAA5ADoAQQBCAEMARABFAEYASQBLAEwATgBQAFIAUwBUAFUAVgBhAGMAbgB0AHgAeQCwBBAEEQQSBBMEFAQXBBgEGgQcBB0EHgQfBCAEIQQiBCMEJAQnBCgELQQvBDAEMQQyBDMENAQ1BDYENwQ4BDkEOgQ7BDwEPQQ+BD8EQARBBEIEQwREBEUERgRHBEgESQRKBEsETAROBE///wAAAAAAAAAAAAAAAAAAAAAAAAAAAAAAAAAAAAAAAAAAAAAAAAAAAAAAAAAAAAAAAAAAAAAAAAAAAAAAAAAAAAAAAAAAAAAAAAAAAAAAAAAAAAAAAAAAAAAAAAAAAAAAAAAAAAAAAAAAAAAAAAAAAAAAAAAAAAAAAAAAAAAAAAAAAAAAAAAAAAAAAAAAAAAAAAAAAAAAAAAAAAAAAAAAAAAAAAAAAAAAAAAAAAAAAAAAAAAAAAAAAAAAAAAAAAAAvgC+AL4AvgC+AL4AvgC+AL4AvgC+AL4AvgC+AL4AvgC+AL4AvgC+AL4AvgC+AL4AvgC+AL4AvgC+AL4AvgC+AL4AvgC+AL4AvgC+AL4AvgC+AL4AvgC+AL4AvgC+AL4AvgC+AL4AvgC+AL4AvgC+AL4AvgC+AL4AvgC+AL4AvgC+AL4AvgC+AL4AvgC+AL4AvgC+AL4AvgC+AL4AvgC+AL4AvgC+AL4AvgC+AL4AvgC+AL4AvgC+AL4AvgC+AAYAWAA4ADkALAAWACIAGgAhABcAFAAVACoAKQArABgATgAZACgARQBBAFoAEwBKAFUARgBdAFwAEgA6AEAAQgBeAEsAPwBbAFQAUgBWAEgAUwBXADIAWQA+ACcAIABMADQALwAlAAEAMAAxAC0AMwAfAEQALgBRAD0ATwA1ABsAIwAcAAoADAAEAA4ANwAQACYABwANAAMADwACAAsABQAJAB4AHQBHADYATQAIAFAAQwAkADwAOwBJABEAAAAEABoAAAACAAIAAAAA//8AAP//AAAAAgAAAAIAAAAAAlgIAAADAAcAAAEBAQEBAQEBAAAAAAJYAAD9rQJOAAD9sgAACAAAAPgAAAUAAAf2AAAAAQCyAAAE4QVGAAsAADMRMxEhETMRIxEhEbK2AsW0tP07BUb9ugJG+roCZP2cAAIAU//sA+wD4QANAB0AACUEJyY3NDc2MzIXFhcGBTI3NjU0JyYjIgcGFRQXFgNs/eV+gAGAf87KgX8BAf40fkpKSkp8gElKSkl8kJCQ2duRkJGS2dmLY2OeoGNkZGOgnmNjAAEAhwAABEwDyQAaAAAzETMTFhczNjcTMxEjETQ3IwYHAyMDJicUFRGHtL1OIAQlTrm2sgYGJjesUqtCHQPJ/siDSUuBATj8NwH+ej5IXP7oARhvNSuZ/g4AAgBW/+sDfwPhABYAHwAAASEUFxYzMjcXBicGJyY1NDc2MzIXFhUlISYnJiciBwYDf/2PU1GNeHo3i7Lmd3hxcLm7a2n9jwG1ATY3ZmY9PgG8i1lZQn1ZAQGSkd7ejIuHh+pbbVFPAU5OAAIAhf4bA8sD4QAOABsAABMRNjcyFxYVFAcGJyInEREWMzI3NjU0JyYnBgeFp6fwhISKjNhWTkhUl1JSWFiTR03+GwWLOgGFhu3ljI0BHv4RAo0jYGCnrVlXAQEWAAEAhwAAA48D4QAhAAAzETMRMzI3Njc2NzYzMhcVJicGBwYHBgcVFhcTIwMmJyMRh7R9PCAgHRsZOW8zHRsWLBoPKiw3PTiwvpIvL6YDyf5qNzdeXSlcCp4KAQEkFX1+HwQSbf6TAUJjAf5aAAEAcAAAA2ADyQATAAAhEQYjIicmNxEzERQXFjMyNxEzEQKsaV65XV8BtDAwcU9ntAF/FUtKjAE+/ttTKSoSAbn8NwABAFT/6wNeA+EAGQAABQYnJjU0NzYzMhcVJiMGBwYVFBcWNzI3FwYCKdx8fYmK2I1ra36SV1dTU45sezWDFAGNi9jdlZQ9nkYBZGOfqF5fAUR/WgABAIcAAAMUA8kABQAAMxEhByERhwKNN/5eA8mg/NcAAQCHAAADmgPJAAcAADMRIREjESERhwMTtf5WA8n8NwMp/NcAAgAr/rAEGwPJAA4AEwAAExEzNjc2EyERMxEjESERAREjAgcrO2pAQDUCDIqq/WQCCNNBnP6wAeOJtrQBQ/zK/h0BUP6wAeYCnf5d+gABABf/7wOHA8kAFQAAFwYnNRYzMjc2NzY3IREjESMGBwYHBkYQHwkTPTI9OTceAhq01x46PEdTEAEFpAVMXMvK+fw3AyvowcJgcQABADEAAAVcA+EAQQAAMxM2NzUmJyYnJicmJyIHNTYzMhcWFxYXFjMzETMRMzI3Njc2NzYzMhcVJiMGBwYHBgcVFhcTIwMmIyMRIxEjIgcDMaoyQSwYGBMSFRcuGxYcM20zGxscIB88cbBwOyAgGxobN2szHRgZMBYPJyk5QjOqvootM5WwmDIsiQFqbRUEFjs5REQdIgEJngpWKmBfOTgBmP5oNzdhYCtWCp4JASIVfn4eBBVt/pYBP2f+WgGmZ/7BAAEAhwAAA6gDyQALAAAzETMRIREzESMRIRGHtAG5tLT+RwPJ/osBdfw3Abb+SgABAIcAAAPNA8kAEwAAMxEzERQVMzY3ATMRIxE0NSMGBwGHrgQ/RgFjrLAENkz+nAPJ/f4LvmNoAgD8NwICaWBdbv4AAAIASAAAA1IDyQAUAB8AADMTNjc1JicmNTQ3NjMhESMRIyIHAxMGFxYzMxEjIgcGSIktOVIrK1ZWrgFptME4KnM8AS0rU7CkXSwtASVjGgQeRENXflVU/DcBcWf+9gKWRykqAT0sLAABAKwAAAUlBUYAEQAAISMBJicUFREjETMBFhc0NREzBSWe/YouhbKwAl5LbLQDOzq6X4L8sgVG/ONjmY9bAy8AAgCsAAAE4QVGAAoAFQAAMxEhIBcWEQIHBiEnMwQ3Njc0JyYlI6wBYgFfuroBvsD+oKCgARqDgQGKjP71ngVGt7b+0f7PvbycAZOT7emKiAEAAQBKAAADpgVSACkAADM2NzY3Njc2NzY3Njc2NSYnJiMiByc2NzIXFhUGBwYHBgcGBwYHBgchFUoLLCs7PEVFREI2NiMhAUBCZKGvM8TTxGdnASgpPz9MTUNENzgSAnWPdXRNSz89MC8tKzc1QWMyMVyNagFeX5dfTlAzNTs8NjhYWWecAAEASv/sA7IFUgArAAA3NxYzMjc2NyYnJicjNTMWNzY1NCcmIyIHJzY3FhcWFxQHFRYXFhUUBwYhIkozhqGZXFoBAa9Ba5yDrlFRPDt1nqM1u87EaWcB1XZEQoWG/v/BMZQ+Pz1+oywNAZYBQUBtYzk5XI1qAQFkZpfeVAQZT1F8tHNyAAEAbQGuAnUCSgADAAATNSEVbQIIAa6cnAABAEgAAAJ1BVAABgAAIREFJyUzEQHD/sI9AZ2QBI+Xj8n6sAABAC8AAAOgBUYACAAAMxIBISchFQADqoEBg/2sKwNx/lCKAp0CDZxI/dz9JgACAFP/6wPjBVIAGwArAAAFBic3FjMyNzY1IwYjBicmNzQ3NjMyFxYREAcGAxY3Njc0JyYnIgcGFRQXFgGgn4gvfn2xZmcEhrKldncBe3vA239/lJWqUE1MLk9Pg3FCQ0NCFAE8kzd6eepyAWlo0cd+fqKi/sX+ocTFApoBKSg7wXVzAVBQfIRKSwABACH/ugLRBZEAAwAAFwEzASECALD+AEYF1/opAAIAT//rA2ID4QAdACkAACEnBicGJyY3Jjc2NzM1NCcmJyIHJzYzMhcWFxEUFwMjIgcGFxQXFjcyNwLHH4abh1hZAQGlV5y1Nzdbh4FAn7+qX10BEsaeaz9NAS4uTHxwaH0BAVRTjLpOKwE0ZTMxAUx9YFRUqv6g5kkB0yEtXk0tLwFvAAMAh///A3MDyQARABsAIgAAMxEhFhcWFRQHFRYXFhcGBwYnJzMyNTQnJicjEREzFjUmJyOHAWDCWViiUjQ0AQFYWsTHy74uLlTZw64BvrIDyQFLTWufMgQWNzlYdU5QAYeSRiclAf7bAaQBjIsBAAH/6f4bA9EDyQAXAAABAQYHBgcGBwYjIic3FjcyNzY3ATMBMxMD0f6TLzY2PDs0NUVrUCtESGBIRjn+UsIBPgT3A8n7+oZYWCoqDw8kkiABTUyzA8v9EALwAAEAMQAAA3kDyQAHAAAhESE1IQchEQFi/s8DSDX+0wMvmpr80QABACsAAAQSBUYABwAAIREhNSEHIREBsP57A+c3/osEqpyc+1YAAgAp/ocFBgVGAAwAEQAAExEzABMhETMRIxEhEQERIQIDKVABHH0CUqKw/IMC1f72X/3+hwIVAW8DO/tW/esBef6HAhcEEv1v/n8AAgBo/+wEDgVSAA0AGwAAJQQnJhEQNzYzMhcWERAFBDc2NSYnJiMiBwYVEAOQ/dR+fn5+19d+fv1iAVBISAFGR4eFRkegtLS0AUoBSba1tbb+t/62QouMjP//jYyMjf/+/wABAIP/8AFgANMADQAAJQYnJjU0NzYzMhcWFRQBP3ohISEhLS0gIREhISIvLyEhISEvLwACAFb/7APJBaoAJwAzAAAFIicmETQ3Njc2NzY3Njc2NzY3Njc2NxUEBwYHBgczNjcWFxYVBgcGJzI3NjUCIyIHBhUQAgzMdXUmJT4ZFxcpJxoZQ0AlI2VkOv6ePFYnMhMEkY/HY2QBc3TPgT49Ae5+kQIUmZkBRq6TkUshFxcXFg8OFxYLCSAeEaxrGiY8S4RVAQF+gMzahoeVWlqWAT9YHTf+IwACABQAAARoA8kADwAbAAAhESEnIRE2MzIXFhUUBwYjJzMyNzY3JicmJyIHAZr+qjACOkE43GNiX1/bgXuEMzEBATQ2hDg9AzGY/o8GU1OFiFVWjyoqTE0pJwEGAAEAsgAABcEFRgAaAAAzETMBFhczNjcBMxEjETQ1IwYHASMBJicUFRGyqAFxWyAEMEcBWKi1AhdJ/sta/qhAHQVG/duKM1ZvAh36ugNCkEUqdv4QAfpbNjuR/LoAAgCHAAADzQWLABMAJQAAMxEzERQVMzY3ATMRIxE0NSMGBwEBIicmNTMUFxYzMjc2NTMUBwaHrgQ/RgFjrLAENkz+nAECmVNTmygoVFQnJ5xVVQPJ/f4LvmNoAgD8NwICaWBdbv4ABFhWVYhMMDAxMUqIVVYAAQCyAAADcQVGAAUAADMRIQchEbICvzj+LQVGnPtWAAIAg//wAWADjQANABsAAAEGJyY1NDc2NxYXFhUUAwYnJjU0NzYzMhcWFRQBP3ohISAfMC4hHyF6ISEhIS0tICECzCMjITAuIh8BAR8iLjD9JCEhIi8vISEhIS8vAAEAWP/rA5wFRgAbAAA3NxYzMjc2NTQnJicjESEHIREzMhcEERQHBiUGWDNwjpNfXppNopoC5i39+TacXAEChYT++rMpkzVHRoalPBwBAq6c/oEhX/71wXp6AQEAAgBcAAAELwVQAAoAEwAAEzUBMxEzFSMRIxElMjMyMzMRNDVcAouBx8ey/m0SPT0b8AFefwNz/KSW/qIBXpQBG4mbAAIAaP/rBAYFUgAaACgAAAUiJyYREDc2ITIXByYjIgcGBzYzMhcWFRQHBicWNzY1JicmIwYHBhcWAk7UiIqgnwENi3sxZWqfb28WnK6vc3N7e8J2QkIBRUZwnIcBU1EUoqMBOQE719Y5kjN7et5nb27Dz3p6mAFKSIaETEwBZ9J8fQABAEz+2QFaAOwACQAAFzY1NCc3FhcUB0xeDK4NAa70nJxDRCE8Rtu2AAIAsgAAA7oFRgAMABcAADMRIRYXFhEQBwYjIxERMxY3NjU0JyYjI7IBFbpvyu1vqE5bcUeBeUtzXQVGAT1v/v3+7Woy/hkCfQEmQLSmSSsAAwBz/9sFiwVkABUAGwAgAAAFNQQnJjU0NzYhNTMVIBcWFRQHBiUVAxEEERAhMyARECUCpv7zk5OVlgEItgEGlZSTlP74tv6HAXm2AXX+iyXDAYeF9/SPjbS2jY/y94WHAcMBYgLgHv6b/qMBXAFmHAABALIAAAR7BVIAJwAAMxEzETMWNzY3Njc2NzY3NjcWFxUmIyIHBgcGBwYHFRYXASMDJiMjEbK0hjotKx8cFRIaGBdFkj0nISRCIxUiIysrP1FbAQTR4VRGyQVG/awBHRw2NjY2SkkujgEBD6QMQCRpaU9QJQQdqv4bAbii/aYAAgBy/+sFpAVSAA8AHwAABQQnJhMCNzYlIBcWERAHBiUyNzY1NCcmJyIHBhUUFxYDDP7du7wBAby7ASMBI7q7vb3+4tWBgX5+29WCgoGBFAG/vgE2ATDCwQHDwv7R/sq+v5ySkPXtlpQBk5Tx9ZCSAAEAsgAABKoFRgAHAAAzESERIxEhEbID+Lb9cgVG+roEqvtWAAIAIwAABLgFSgAHAA8AADMBMwEjAyEDEyEDJicjBgcjAgKHAgzEg/3zgbkBm38nJAUOPwVK+rYBYv6eAfgBYHNuNK8AAQB+/+sEmgVSABkAACUXBicEJyYTAjc2ITIXFSYjBgcGFRQXFjMyBGY0u9H+z6+wAQG/vgEw0ISiruCHiYSC3qLfkWMBAb28AS8BLMnKSKpWAZqd4vGRkwABALIAAAUlBUYAEwAAMxEzERQVMzY3ATMRIxE0NSMGBwGysgRqTAJXsLQESmb9kQVG/NGiSJljAx36ugNOYYBrifzFAAIAOwAAA+cFRgAUAB8AADMTNjc1JicmNTQ3NjchESMRIwYHAxMGFxY3MxEjBgcGO95PQHU8PXt6yAFwts1GT8FpAU1Le6iif0xOAa6XIwUkWFh5vmdmAfq6Ai8Bo/51A7J3OzwBAesBQEIAAQAZAAADoAPJAAsAADMBATMTEzMBASMDARkBYv6sx/X8wf6mAVjD/v8AAeUB5P6bAWX+IP4XAWr+lgABAGj/6wMMA+EAKQAABSInNRYzFjUmISIHNTIzMjc2NzQnJiMGByc2NxYXFhcUBwYHFRYVFAcGAYeWgoeH2QH+/T8hJkh4NTQBMzJYd3I0i6CgYWEBLS5PwGRlFD+RQQGflwSHKilBQyQkATqDRgEBSUt1Tjo7GAYtt3dXWQABAJv+HQJkBi8AEQAAASYnJhMCNzY3FwYHBhEQFxYXAem6SkoBAUpKunuSPD48PJL+HdX//wE1ATX//9dYx87Q/rP+sc7QwQABADX+HQH8Bi8AEQAAEzY3NhEQJyYnNxYTEhMCBwYHNZE9PDw9kXm6SkkBAUlKuP53wdDOAU8BTdDOx1jV/wD+//7M/sv//9UAAgCsAAADtAVGAAwAFwAAMxEhFhcWERAHBiMjEREzFjc2NSYnJiMjrAEVum7L7W+oTlpyR4EBeEp1XAVGAT1v/v3+7Woy/hkCfQEmQLSmSSsAAgCHAAADYgPJAAsAFwAAMxEzETYzMhcWFRAhJzMyNzY1NCcmJyIHh7RCNedlZP5fhn+LNDM3OI07OgPJ/o8GU1OH/s+PKipMTSknAQYAAwCHAAAEfwPJAA0AGgAeAAAzETMRNjMyFxYXBgcGIyczMjc2NTQnJiciBxEFETMRh7RCL9ZiYQEBXl7bc2+CMjEzM382OQKQtAPJ/o8GU1OFiFVWjyoqTE0pJwEG/siPA8n8NwABALIAAAaFBUYACwAAMxEzESERMxEhETMRsrQB2bcB2bYFRvtWBKr7VgSq+roAAwCyAAAD/AVGABMAHQAoAAAzESEWFxYVFAcGBxUWFxYVFAcGIyczBDcmJyYjIxERMxY3NjUmJyYjI7IBVM1pai4vUXRISHl43sW7AR4BAUhKeM+KekJCAT0+fo4FRgFhYpJjTE4kBBxYWXutamyYAepoPj3+NAJkATs6Z2I7OgABABv/+ATdBUYACwAABQEzARYXMzY3ATMBAjX95sQBMzYzBDkvATLE/eYIBU785YmWrHcDF/qyAAIArAAABDkFRgASAB0AADMRITIXFhUQBRUWFxMjAyYnIxERMxY3NjUmJyYjI6wBMbxvrP7yM3Hv1d1fOox5ZEpvAVVKe3sFRkJg0/7vUQUdvP5vAXepD/3RAsUBLDqUe0A3AAMArAAAA/YFRgATAB0AKAAAMxEhFhcWFQYHBgcVFhcWFQYHBiMnMwQ1NCcmIyMRETMWNzY1NCcmIyOsAVTNaWoBLS9Rc0lIAXh63MW7AR5ISnjPinlDQT0+fo4FRgFhYpJjTE4kBBxYWXutamyYAepoPj3+NAJkATs6Z2I7OgABAGj/6wOeBVIALQAANzcWMzI3NjU0JyYnJicmJyY3NDc2NzIXFSYjIgcGFQYXFhcWFxYXFhcGBwYjBmhMiZ5wSUk8PlZXV1c8PgFvbr2ug46dX0FBAT49WFZXVT49AQF8fsbXVo1cMDBnVD4/LSwyMFNScZdmZAFCpkwsLVtOPDwtLDM0VVZ1qmNjAQABAIf+sAWLA8kADwAAMxEzESERMxEhETMRMxEjEYewATiuATewh6oDyfzRAy/80QMv/NH+FgFQAAEAK//xBH0FRgATAAAFBic1FjMWNzY3ATMBMwEzAQYHBgEbNiIfKFYzNEH+I8sBbgQBTsf+KVBeXw4BCZ4JATg1hgPF/PwDBPv3sU5NAAIAHQAABLIFSgAHAA8AADMBMwEjAyEDEyEDJicjBgcdAgKHAgzEhP30gbkBm38nJQQOQAVK+rYBYv6eAfgBYHNuNK8AAQCsAAABYgVGAAMAADMRMxGstgVG+roAAwBT/hsE4QV9ABUAHwAoAAABESYnJjc0NzY3ETMRFhcWFRQHBgcRAxEGBwYVFBcWFzM2NzY1NCcmJwJE7IKDAYGA767rgoKCguuul1JTVFOVrpNUVFRUk/4bAdMSjI3Mz42LEwGe/mITi43Nzo2MEv4tAmoCwxFgYZGPYWIODmNhkI9iYQ8AAQASAAADmgPJAAsAADMBATMTEzMBASMDARIBY/6sxvb8wf6lAVnD/v8AAeUB5P6bAWX+IP4XAWr+lgACAIf/6wVtA+EAFgAkAAAzETMRMzY3NjMWFxYXBgcGJwYnJicjESUENzY1NCcmJwYHBhUUh7TRGHJwssh3dQEBdXfIuXN0EM0BwgE2QUA/QH17QEEDyf57t3RyAY6Q3dyOkAEBe3vF/lriYmJhoqVgYQEBYWClogABAKwAAANeBUYACwAAMxEhByERIRUhESEVrAKqN/5DAbn+RwH8BUac/lSc/jqcAAEAof/rBLIFRgAVAAAFBAMmNxEzEQYXFjMyNzY3ETMRFAcCAqr+iWwmAbYBIEnq60ocAbYpbRQBARdjhANd/LJ0Rbi4SHcDSPyjjV7+7QABAG//6wOsBVIAKQAABSInNRYzMjc2NyYhIiM1MjMgNTQnJiMiByc2MzIXFhcGBxUWFxYVBgcGAcGzkYuwi1ZUAQH+r1UoIkIBSkJBgZWSM6PJ0HBtAQHie0VGAXx9FD+kSD8/e+KY42Q7OkyOWmZomONRBBdQUX+xcHEAAQCH/rAEDgPJAAsAADMRMxEhETMRMxEjEYe0AZa0iaoDyfzTAy380/4UAVAAAwBo/+sECgVSABsAMAA+AAAFIicmNTQ3Njc1JjU0NzY3FhcWFwYHFQQVFAcGJzI3NjcmJyYnJicmJwYHBhcUFxY3EzY1NCcmIyIHBhUGFxYCMdd5eUhHcdd1dcLBb20BAdYBBn9/03NQTwEBGRo2NyssTl1AQQFOTnQpuz8+aWVBQQFLSRRjY6p8W1opBGbMnWVjAQFkZ47UZgRg8KdsbJQ7PGg9Ly0hHxEPGiBBQl14PT4BAn9NoVo8PDY2WmY5OQABAF7/7ARUBVIAHAAABSInNRYzFjc2NSE1ISYnJiMiByc2MyAXFhEQBwYBzcWTk7zWe3r9gQKDDnh4zqWPNbHGAS+oqKipFD+kSgF9fOeWxHx8SY1YxMT+1v7Gvb0AAQCHAAAFGQPJAAsAADMRMxEhETMRIREzEYewAUCwAUGxA8n80QMv/NEDL/w3AAEAlQAABCcFRgAXAAAhEQYnBicmJyY3ETMRFBcWFxYzMjcRMxEDcXRRy39/MxsBtBQfU1KGUXi2AisPAQE5OJBGjQFW/rxlQ18gIQ8Cffq6AAEAfwAAA6QD4QARAAAzETMXNjcyFxYVESMRJiciBxF/mBauon9UVLQBpX6ZA8l3jgFTU7L9dwJO8wGE/UIAAf/j/hsDywPJABcAAAEBBgcGBwYHBiMiJzcWNzI3NjcBMwEzEwPL/pMvNjY8PDM1RWtQK0NJYEhGOf5RwwE9BfcDyfv6hlhYKioPDySSIAFNTLMDy/0QAvAAAQBN/+sDWAPhABkAAAUGJyY3NDc2MzIXFSYjBgcGFRQXFjcyNxcGAiPcfH4BiYrYi21rfpJXV1NSjm17NYMUAY2L2N2VlD2eRgFkY5+oXl8BRH9aAAEArAAAA1gFRgAJAAAzESEHIREhFSERrAKsNf4/Abf+SQVGnP5UnP2eAAEAKf/rArwE3wAVAAAFBicmNREjNTM1NxEhByMRFDMyNxcGAbxxPj6mprQBIzHyYkpSO2sUAT8+cQJekt05/uqS/cV7M31LAAIAUALTAscFRgAPAB0AAAEiJyY1NDc2NxYXFhcUBwYlFjc2NTQnJiMiBwYXBgGJiFhZWViKiVpYAVpb/vnLNTQ0NUtMNDUBAQLTWViIh1pYAQFYWoeIWFmxNjY2UlI2Nzc2UlIABQB1/+wGUgVSAA8AHgAtADwAQAAAASInJjU0NzYzMhcWFRQHBicWNzY1NCcmIyIHBhUUFwEEJyY1NDc2MzIXFhUUByUWNzY1NCcmIyIHBhUUFwUBMwEBrIlXV1dXiYdYWFhY/8YqKioqTk4qKioExv6ZWFhYWIiGWVhY/qnFKioqKk1OKioq/MwDS5z8tAKHXFytq15dXV6rrVxct0FBQG5sQUBAQWxuQP0LXV1dqqxdXV1drKpdWkFBQG1uQUBAQW5tQKMFRvq6AAIAsv//A/wFRgAIABcAACUzIDc0JyYjIwMRIQchETMWFxYVFAcGJQFmlAFHAW9Np3m0AxE2/dl1433Bfn7+9Jj5mjkp/XMFRpb+dQE9Ye6/bG4BAAEAbP/rBIcFUgAZAAAlFwYnBCcmEwI3NiEyFxUmIwYHBhcUFxYzMgRUM7vQ/s6usAEBv74BMNCEoq7giIkBg4Pdot+RYwEBvbwBLwEsycpIqlYBmp3i8ZGTAAIASf/rA1wD4QAdACkAACEnBicGJyY3Jjc2NzM1JicmJyIHJzYzMhcWFxEUFwMjIgcGFwYXFjcyNwLBH4abh1hZAQGlV5y1ATY3W4eBQJ+/ql9dARLGnms/TQEBLy1NfHBofQEBVFOMuk4rATRlMzEBTH1gVFSq/qDmSQHTIS1eTS0vAW8AAQCsAAADUAVGAAUAADMRMxEhFay2Ae4FRvtWnAABAKwAAARQBUYACwAAMxEzETMBMwEBIwERrLYEAfDX/dUCTuH99QVG/aMCXf1o/VICYP2gAAEAJQAABAwFRgAHAAAhESE1IQchEQGq/nsD5zf+iwSqnJz7VgAAAAEAAAAAAADk/cgKXw889QAACAAAAAAA4bY4ewAAAADhtjh7/8f+Gwc1Bi8AAQAGAAAAAQAAAAAAAQAAA7n/DwAABzX/4wAABoUAAAAAAAAAAAAAAAAAAAAAAF8CWAAABZMAsgQ9AFQE0wCHA9MAVgQdAIUByQAAA74AhwPnAHEDfwBUAzEAhwQjAIcEYAArBA4AFwWNADEELwCHBFQAhwPZAEgF0QCsBU4ArAQfAEoESgBKAt8AbQNeAEgD0wAvBE4AVALwACEDzwBQA8UAhwPn/+kDjwAxBB0AKwVEACkEdwBoAeMAgwQdAFYEvgAUBnMAsgRUAIcDfQCyAeMAgwQbAFgEewBcBFoAaAHjAEwEGQCyBf4AcwS2ALIGFwBzBVoAsgTbACME1wB/BdUAsgSYADsDuAAZA2YAaAKYAJwCmAA1BCEArAO4AIcFBgCHBzUAsgRmALIE+AAbBHMArARcAKwECgBoBdEAhwScACsE0QAdAg4ArAU1AFQDrgASBcEAhwPVAKwFVACiBB0AbwRUAIcEdQBoBMcAXgWgAIcE2QCWBCEAfwPd/+MDdQBOA6gArALhACkDFwBQBscAdQRmALIE0QBtA8UASgN9AKwEdQCsBBIAJQAAAAAAAAA4AAAAZgAAAMkAAAEiAAABjAAAAekAAAHpAAACVQAAApgAAALsAAADCwAAAy8AAAN8AAADxwAABIkAAAS3AAAE+wAABWIAAAWiAAAF8wAABngAAAb8AAAHFQAABzkAAAdmAAAH8AAACA0AAAiRAAAJAAAACVoAAAl/AAAJpAAACe8AAApRAAAKhAAACykAAAuFAAAL4QAADFYAAAx1AAAM0gAADS4AAA1xAAAN8wAADhwAAA5sAAAO3QAAD1wAAA/MAAAP8AAAEDQAABCNAAAQ0QAAETwAABF3AAAR9QAAEj0AABKGAAAS1wAAEyUAABOKAAATuAAAFDgAABRwAAAU0wAAFVIAABXfAAAWFwAAFmUAABapAAAWwQAAF0gAABeDAAAX+wAAGCoAABh5AAAY9QAAGSIAABnkAAAaQgAAGnAAABrBAAAa/wAAG1kAABuuAAAb2AAAHCAAAByFAAAdTwAAHaMAAB39AAAegwAAHqAAAB7VAAAe+gABAAAAXxAABAAA/wD/AAIAAAAAAP8AAAAAAAAA/wAeAAAADgCuAAEAAAAAAAEADwAAAAEAAAAAAAIABwAPAAEAAAAAAAMADwAWAAEAAAAAAAQADwAlAAEAAAAAAAUABwA0AAEAAAAAAAYADwA7AAEAAAAAAAoAGQBKAAMAAQQJAAEAHgBjAAMAAQQJAAIADgCBAAMAAQQJAAMAHgCPAAMAAQQJAAQAHgCtAAMAAQQJAAUADgDLAAMAAQQJAAYAHgDZAAMAAQQJAAoAMgD3Q1NNVk1JK0JsaXNzUHJvUmVndWxhckNTTVZNSStCbGlzc1Byb0NTTVZNSStCbGlzc1BybzAwMS4wMDFCbGlzc1Byb1JlZ3VsYXJCbGlzc1Byb1JlZ3VsYXIxMTE2OG9iajEwAEMAUwBNAFYATQBJACsAQgBsAGkAcwBzAFAAcgBvAFIAZQBnAHUAbABhAHIAQwBTAE0AVgBNAEkAKwBCAGwAaQBzAHMAUAByAG8AQwBTAE0AVgBNAEkAKwBCAGwAaQBzAHMAUAByAG8AMAAwADEALgAwADAAMQBCAGwAaQBzAHMAUAByAG8AUgBlAGcAdQBsAGEAcgBCAGwAaQBzAHMAUAByAG8AUgBlAGcAdQBsAGEAcgAxADEAMQA2ADgAbwBiAGoAMQAwAAACAZYBkAAFAAgCvAKKAAAAjAK8AooAAAHdADIA+gAAAgAFBgUAAAIABKAAAu9AACBbAAAAAAAAAABKUFRUAEAAIPsCA7n/DwBHA7kA8SAAAJ8AAAAAAdkCkwAAACAABAADAAAAAAAAAAAAAAAAAAAAAAAAAAAAAAAAAAAAAAAA</Resource>
		<Resource Id="3">AAEAAAAKAIAAAwAgY21hcG4NiSsAAACsAAAIZmdseWbuPjU2AAAJFAAAFLhoZWFkKhq65AAAHcwAAAA2aGhlYQtXBywAAB4EAAAAJGhtdHgxhhp4AAAeKAAAARBsb2NhAAKuxgAAHzgAAAEUbWF4cAdCER8AACBMAAAAIG5hbWUVQ2aNAAAgbAAAAeZPUy8ykkVZcwAAIlQAAABgcG9zdAADAAAAACK0AAAAIAAAAAQAAAADAAAAJAABAAAAAALcAAMAAQAABZQAAwAIAAAITAAEArgAAACIAIAABgAIACAAKAApACsALAAtAC4ALwAwADEAMgA0ADUAOABCAEQATgBSAFMAVABWAFkAWwBdBBAEEQQSBBMEFAQVBBYEFwQYBBoEGwQcBB0EHgQfBCAEIQQiBCMEJAQlBCYEJwQoBCkEKwQsBC8EMAQyBDMENAQ1BDcEOAQ9BD4EQARBBEIERwRMBE///wAAACAAKAApACsALAAtAC4ALwAwADEAMgA0ADUAOABCAEQATgBSAFMAVABWAFkAWwBdBBAEEQQSBBMEFAQVBBYEFwQYBBoEGwQcBB0EHgQfBCAEIQQiBCMEJAQlBCYEJwQoBCkEKwQsBC8EMAQyBDMENAQ1BDcEOAQ9BD4EQARBBEIERwRMBE///wAAAAAAAAAAAAAAAAAAAAAAAAAAAAAAAAAAAAAAAAAAAAAAAAAAAAAAAAAAAAAAAAAAAAAAAAAAAAAAAAAAAAAAAAAAAAAAAAAAAAAAAAAAAAAAAAAAAAAAAAAAAAAAAAAAAAAAAAAAAAAAAAAAAAAAAAAAAAAAAAAAAAAAAAAAAAAAAAAAAAAAiACIAIgAiACIAIgAiACIAIgAiACIAIgAiACIAIgAiACIAIgAiACIAIgAiACIAIgAiACIAIgAiACIAIgAiACIAIgAiACIAIgAiACIAIgAiACIAIgAiACIAIgAiACIAIgAiACIAIgAiACIAIgAiACIAIgAiACIAIgAiACIAIgAiACIAIgAiACIAAcACAAOABgAQQAVAAMAFgAEADwAAgBCABQAQwASABcAEQAQABMABgAPAAUAGQAgACIAMAA2ADoAKQAmADgALAAnACQAOwA0ACoALwABACMAKAAlADUAMwAhACsALgA5ADEALQA3ADIAHgAbAAkAGgAMAA0APQAdAAoACwAcAD4APwBAAB8AAAAEArgAAACIAIAABgAIACAAKAApACsALAAtAC4ALwAwADEAMgA0ADUAOABCAEQATgBSAFMAVABWAFkAWwBdBBAEEQQSBBMEFAQVBBYEFwQYBBoEGwQcBB0EHgQfBCAEIQQiBCMEJAQlBCYEJwQoBCkEKwQsBC8EMAQyBDMENAQ1BDcEOAQ9BD4EQARBBEIERwRMBE///wAAACAAKAApACsALAAtAC4ALwAwADEAMgA0ADUAOABCAEQATgBSAFMAVABWAFkAWwBdBBAEEQQSBBMEFAQVBBYEFwQYBBoEGwQcBB0EHgQfBCAEIQQiBCMEJAQlBCYEJwQoBCkEKwQsBC8EMAQyBDMENAQ1BDcEOAQ9BD4EQARBBEIERwRMBE///wAAAAAAAAAAAAAAAAAAAAAAAAAAAAAAAAAAAAAAAAAAAAAAAAAAAAAAAAAAAAAAAAAAAAAAAAAAAAAAAAAAAAAAAAAAAAAAAAAAAAAAAAAAAAAAAAAAAAAAAAAAAAAAAAAAAAAAAAAAAAAAAAAAAAAAAAAAAAAAAAAAAAAAAAAAAAAAAAAAAAAAiACIAIgAiACIAIgAiACIAIgAiACIAIgAiACIAIgAiACIAIgAiACIAIgAiACIAIgAiACIAIgAiACIAIgAiACIAIgAiACIAIgAiACIAIgAiACIAIgAiACIAIgAiACIAIgAiACIAIgAiACIAIgAiACIAIgAiACIAIgAiACIAIgAiACIAIgAiACIAAcACAAOABgAQQAVAAMAFgAEADwAAgBCABQAQwASABcAEQAQABMABgAPAAUAGQAgACIAMAA2ADoAKQAmADgALAAnACQAOwA0ACoALwABACMAKAAlADUAMwAhACsALgA5ADEALQA3ADIAHgAbAAkAGgAMAA0APQAdAAoACwAcAD4APwBAAB8AAAAEArgAAACIAIAABgAIACAAKAApACsALAAtAC4ALwAwADEAMgA0ADUAOABCAEQATgBSAFMAVABWAFkAWwBdBBAEEQQSBBMEFAQVBBYEFwQYBBoEGwQcBB0EHgQfBCAEIQQiBCMEJAQlBCYEJwQoBCkEKwQsBC8EMAQyBDMENAQ1BDcEOAQ9BD4EQARBBEIERwRMBE///wAAACAAKAApACsALAAtAC4ALwAwADEAMgA0ADUAOABCAEQATgBSAFMAVABWAFkAWwBdBBAEEQQSBBMEFAQVBBYEFwQYBBoEGwQcBB0EHgQfBCAEIQQiBCMEJAQlBCYEJwQoBCkEKwQsBC8EMAQyBDMENAQ1BDcEOAQ9BD4EQARBBEIERwRMBE///wAAAAAAAAAAAAAAAAAAAAAAAAAAAAAAAAAAAAAAAAAAAAAAAAAAAAAAAAAAAAAAAAAAAAAAAAAAAAAAAAAAAAAAAAAAAAAAAAAAAAAAAAAAAAAAAAAAAAAAAAAAAAAAAAAAAAAAAAAAAAAAAAAAAAAAAAAAAAAAAAAAAAAAAAAAAAAAAAAAAAAAiACIAIgAiACIAIgAiACIAIgAiACIAIgAiACIAIgAiACIAIgAiACIAIgAiACIAIgAiACIAIgAiACIAIgAiACIAIgAiACIAIgAiACIAIgAiACIAIgAiACIAIgAiACIAIgAiACIAIgAiACIAIgAiACIAIgAiACIAIgAiACIAIgAiACIAIgAiACIAAcACAAOABgAQQAVAAMAFgAEADwAAgBCABQAQwASABcAEQAQABMABgAPAAUAGQAgACIAMAA2ADoAKQAmADgALAAnACQAOwA0ACoALwABACMAKAAlADUAMwAhACsALgA5ADEALQA3ADIAHgAbAAkAGgAMAA0APQAdAAoACwAcAD4APwBAAB8AAAAEABoAAAACAAIAAAAA//8AAP//AAAAAgAAAAAAAgAAAAACWAgAAAMABwAAAQEBAQEBAQEAAAAAAlgAAP2tAk4AAP2yAAAIAAAA+AAABQAAB/YAAAABAKYAAATdBUYABwAAMxEhESMRIRGmBDf4/bkFRvq6BHX7iwABADkAAAPlBVIAJQAAMzY3Njc2NzY3Njc2NSYnJiMGByc2MxYXFhUUBwYHBgcGBwYHIRU5DDk4SUhVU0VELy4BOjxanMBC4uHTbm82N1FTVFZHSBYCbJ+CgE1LRUQvLTw7QlgqKgFbvm0BYGKfbFhZQkE/P1JUW9EAAQCE/+0BlgEGAA8AAAUGJyY3Jjc2MzIXFhcGBwYBDDgnKQEBKSc4OSknAQEnKRIBKig8OygoKCg7PCgqAAIAYv/rBDEFUgANABsAACUEJyYREDc2MzIXFhEQBQQ3NjcmJyYjIgcGFRQDsP20gYGBgeblgYH9awEmNjQBATQ2eHo0Np6zs7EBUQFNs7Kys/6z/q8ceHh49fN4eHh48/UAAQAOAAAEoAVGAAkAACERASEBMwEhAREB2/4zAQ8BOwQBOgEK/jMCFwMv/awCVPzO/ewAAQAdAAAESAVGAAcAACERITUhByERAab+dwQrRP6YBHXR0fuLAAEAlf4dApYGMwARAAABJicmEwI3NjcXBgcGExAXFhcB8shKSwEBS0rIpIw6OwE5OYv+Hdb59wFCAUH5+dt7ssnI/rD+sMnJqwABAHkAAAM7A8kABQAAMxEhByEReQLCRf53A8nZ/RAAAgBJ/+sEEgPhAA0AGwAAJQQnJjcmNzY3FhcWFRQFBDc2NyYnJicGBwYVFAOL/cqFhwEBh4XY1oiH/W4BHT08AQE8PXBxPDx8kZCO3tuQjgEBjpDb2wZWVlaLi1ZUAQFUVouLAAIAc/4bA/QD4QAOABsAABMRNjMgFxYVBgcGIwYnEREWNzI3NjUmJyYnBgdzsb0BAImKAYuL4UxKP0SFRkYBTE2HODv+GwWJPYeI6+GNjQEX/hkCtBoBUVGPl05MAQEQAAIAS//sA64D4QAWAB8AAAEhFBcWNzI3FwYjIicmNzQ3NjcyFxYVJSEmJyYjIgcGA679lktKen92SZLE+Ht9AXVzzMpycv2RAXUBLjBaVzIzAaJxQkQBQqhakJDX35COAYqL8XFbQEBAQAABAFr/6wM9A+EAJwAABQYnNRY3MjUmIyIHNTIzMjU0JyYjBgcnNjMyFxYVFAcGBxUWFRQHBgGap4uRjMcB6zlAMVXKKytOeX5Cn62vaWknJ0isa2wUAUK6RAGBdQeseTMeHgE6p05OTXtKNzgYBDClfltdAAEAM/4dAjMGMwARAAATNjc2ERAnJic3FhcWERAHBgc1izo5OTqNpMZLS0tLxv6Yq8nJAVABUMnKsHvb+fn+v/6+9/nWAAEADv/4BSMFRgANAAAFASEBFhcWFzM2NwEhAQIx/d0BDQEaFiclAQQ4LAEZAQr93QgFTv0iQGdqAalrAtz6sgACAKQAAAR/BUYAFAAfAAAzESEWFxYVFAcGBxUWFxMhAyYnIxERMzI3NjU0JyYjI6QBcK9yyUhIeDpu4f7lwl03dG5WQF5aOl5wBUYBN17rhFlZJwQhuv53AVapD/3yAtcjNH51NScAAQCkAAAFWgVGABEAACEjASYnFBURIxEzARYXNDURMwVa3/21FoL09AI2byf2AwIaszab/QIFRv0clTyQVALRAAMApAAABC0FRgATAB0AKAAAMxEhMhcWFRQHBgcVFhcWFQYHBiMnMxY1NCcmJyMRETMyNzY1JicmJyOkAYvNa2wrLE11REUBfH3fup38PDxpuHRkNzYBNDZocgVGZGSOWktLJwQdWVl3qHN0ywHFVjIwAf6DAkcyMFNPMzEBAAEAYv/rA9sFUgAtAAA3NxYzMjc2NTQnJicmJyYnJjc0NzYzFhcVJicGBwYVFBcWFxYXFhcWFRQHBiMGYmGMpV5BQjw+VFRXVjw+AXZ1zMGIpZxRMzU9PFZXVFQ+PIeI0vJgvWMnJlNHODcpKTAxVFRynGxtAUPhVQEBIiNLRDQ1JykwMldXdrFpaQEAAQBG/+sD1QVGAB0AADc3FjMyNzY1JicmIyMRIQchETMWFxYXFhUUBwYhBkZDgI+HVFQBfE6oqAMpPf4ENZdrez4/ioz+68w1wTw8OnSNLx8Cx9H+zQEoMl9gdst+fQEAAQBqAZYChQJiAAMAABM1IRVqAhsBlszMAAEAG/+4AxIFkQADAAAXATMBGwIE8/38SAXZ+icAAgCk//8FKQVGAAoAFQAAMxEhIBcWERAHBiUnMzI3NjUmJyYnI6QBpAFgwMHNzP6hl5v8eHgBfoDxlwVGtbX+0P7Ku7wB0YSEz9l6eQEAAQBSAAAEFwP4AAsAACERITUhETMRIRUhEQHB/pEBb+MBc/6NAZzKAZL+bsr+ZAABAIv+HwI/Bi8ABwAAExEhFSMRMxWLAbTOzv4fCBC6+WS6AAIAL/6qBF4DyQAOABMAABMRMzY3NhMhETMRIxEhEQERIwIHL0BjOzo6AlSJ4f2TAdGuPoD+qgIbe6ipATj8/P3lAVb+qgIdAjv+lM8AAwB5AAADnAPJABEAGQAgAAAzESEWFxYVBgcVFhcWFRQHBiMnMzI1JicjFREzMjU0JyN5AYPKX14Bo1I1NmBf06awlgGOt6KLk5oDyQFLTWuhMAQSNzlXdVFRrnV2AewBjW9wAQABAEn/6wN/A+EAGQAABQYnJjc0NzY3FhcVJicGBwYXBhcWMzI3FwYCM+aBgwGSk9udZ2mDhE5NAQFKSYBpeEiKFAGNi9rfk5EBAUDPSwEBV1mJlE9QQqhfAAEAeQAAA98DyQALAAAzETMRIREzESMRIRF59AF89vb+hAPJ/qQBXPw3AZj+aAACAEX/6wOPA+EAGQAlAAAhJwYnBicmNyY3NjMzNTQnBgcnNjMgExEUFwEjIgcGFRQXFjMyNwLDJXucjFpcAQGkXpymuoB+UK7JAYQBEv76g1wxPCcnQmRYXHEBAVdWjLVWMSCmAQFDnmD+oP53t0EBvhwiTkEiI0gAAgAzAAADfQPJABIAHQAAMxM2NzUmNzQ3NjMhESMRIwYHBxMUFxYzMxEjIgcGM4ctPKcBWVm4AZb0lzIkYTQkJUaLiUokIwEjXxoEQ7mEVVT8NwFUAVv4Aoc6IiMBBiUlAAEAL/4fAeUGLwAHAAATNTMRIzUhES/PzwG2/h+6Bpy69/AAAQAZAAAE+gVGAAsAADMBASEBASEBASEBARkB4/5DARcBQAFWAQ7+JwHE/u7+tP6gAqYCoP4aAeb9Zv1UAfL+DgACABIAAAUABUwABwAPAAAzATMBIQMhAxMhAyYnIwYHEgILxAIf/vaD/h5/xwFOXiwYBA83BUz6tAFS/q4CGwEMeFk2nQACAKYAAAP2BUYADgAZAAAzESEyFxYRFAcGBwYjIxERMzI3NjcmJyYnI6YBRrp12z8/hHqlOUlkOnABAWo7bUUFRjps/uuBaWs2L/4vApoeN5yQPyIBAAEApgAABM0FUgAlAAAzETMRMzI3Njc2NzY3NjcyFxUmJwYHBgcGBwYHFRYXASEDJicjEab4eUMwMBcWIiIbT5xLOCsnPyEVISMnKTZRSAER/uPPRUK8BUb9yC4uOjlbWzSKARPbEAEBNyBaXEdKIAQeiv32AbKTAf26AAEAHwAABEoFRgAHAAAhESE1IQchEQGo/ncEK0T+mAR10dH7iwABAKYAAAORBUYACwAAMxEhByERIRUhESEVpgLpQ/5QAbD+UAH1BUbR/p/Q/o3RAAEApgAABVYFRgAVAAAzETMRFBUzNjcBMxEjETQ3IwYHBgcBpvYEJm8CLfT4BgQSMzQg/b4FRv0vVJA8lQLk+roC/ps2F0VHKvz+AAEAdP/rBMsFUgAZAAABFwYnBCcmEwI3NiEyFxUmIwYHBhcGFxYzMgSHRMTo/ruytAEBxcQBQM2Wp7XYeHoBAXt5zagBGcNrAQG8uwExASzJykLlWAGLjdDYhIQAAgAz/oEFXgVGAAwAEQAAExEzEhMhETMRIxEhEQERIwIDM1T/gAKmsu38sAKT7VTb/oECUgE4Azv7jf2uAX/+gQJUA6j9rP6sAAEApgAABRkFRgALAAAzETMRIREzESMRIRGm9gKF+Pj9ewVG/dMCLfq6Akj9uAABAKb+gQWFBUYACwAAMxEzESERMxEzESMRpvgCPfa07wVG+40Ec/uN/a4BfwABAFT/6wPZBVIAKQAABQYnNRYzFjc2NzQhBgc1FjMgNTQnJiMiByc2NzIXFhUUBxUWFxYVFAcGAdHFnZm2hUpJAf7RYDotUAEtOjt2m5xCt+Pgd3XhekRChYYUAULVSAE4NWXBAQPKBL9VMTBSv2EBamma21QEF09QebdwcQADAKYAAAWiBUYADAAYABwAADMRMxEzFhcWFxQHBiEnMxY3NjcmJyYjIxEFETMRpvhB6YDHAYOE/uVQVpZHRQEBXkSRRQMM+AVG/gwBQ2n3x3N0ywE4N3F/NSn+RMsFRvq6AAEAkQAABHMFRgAVAAAhEQYjBicmJyY1ETMRFBcWMzI3ETMRA3tvOdiFhzkl+Bc0+09d+AIXCQE4NolYkAFa/rZgOoUKAl/6ugACAGz/6wW8BVIADwAfAAAFBCcmExA3NiEEFxYREAcGJTI3NjU0JyYnIgcGFRQXFgMU/tW+vwG9vQEtASu/vr/A/te8dHJwccG+cnFxchQBv74BNgEywcEBwcL+0P7Mv8DPgYHi34OCAYGC4uKBgQACAKYAAAQvBUYACgAXAAAlMzI3NjU0JyYnIwMRIQchETMyFxYVECEBnnaVR0VWSJNm+ANWQv3kYvGAvv3fyzMybnwwKAH9jQVGyf6+Q2Xv/lwAAQCm/oEHnAVGAA8AADMRMxEhETMRIREzETMRIxGm+AGu+AGu97PwBUb7jQRz+40Ec/uN/a4BfwACADMAAAQ3BUYAGAAjAAAzEzY3Njc1JicmNTQ3NjchESMRIyIHBgcDExQXFjMzESMGBwYz4SkbGydvOjuBgc8BsPjCIRsdJqxmQ0Jzj5VtQkMBvk4kJBQFJVhYcr5qaQH6ugIOHyFT/oUDpGkyMgGmATY4AAMAbf/bBdUFZAAVABsAIgAABTUkJyY1NDc2JTUzFQQXFhUUBwYFFQMRBBEQBTM2NzY1ECUCpv7tk5OWlgEN+AEMlZaTlf7x+P7AAUD4nU9P/sUluBaGhfLtiogXqKgXiYzq9YOFFrgBjQKBIP7d/tsZDk5MlgEjIAABAKYAAAXwBUYAGgAAMxEzARYXMzY3ATMRIxEmNyMGBwEjASYnFBURpt8BYlQdBDY5AUPi+AEFBBdF/vVw/tdMEAVG/gJ7M11ZAfb6ugL6fDYuav5jAahtHjZ0/QAAAQAb/+0EwQVGABMAAAUGJzUWMzI3NjcBIQEzASEBBgcGAS8+Li0nTy4uPv4bARIBUgQBLwEP/iRYaGkSAQvRCywscQO//TsCxfwIv1FQAAMApgAABC8FRgATAB0AKAAAMxEhMhcWFRQHBgcVFhcWFQYHBiMnMxY1NCcmJyMRETMyNzY1NCcmJyOmAYvNa2wrLE11REUBfH3fup38PDxpuHRkNzY1NWlyBUZkZI5aS0snBB1ZWXeoc3TLAcVWMjAB/oMCRzIwU08zMQEAAgCmAAAELwVGAAoAFwAAJTMWNzY1NCcmIyMDETMRMxYXFhUUBwYhAZ52lUdFVEWcYvj4XOWFy4KD/uTLATg3cXs1Lf15BUb+DAFDaffHc3QAAQAzAAAHIQVSAEkAADMTNjc2NzUmJyYnJicmIyIHNTYzFhcWFxYXFjczETMRMxY3Njc2NzY3MhcVJiMiBwYHBgcGBxUWFxMhAyYnJiMjESMRIyIHBgcDM/IqJiQuOSIkGxsWIDwwJjZHmVAeJiQuLFdo8GpWLS0lJCBLnEU4Jy1AHhUaGyQkN1RM9P7pvCgcHSCs8KohHB0nvgHuVywqDwQiTElcWiQ2D9kTAYo7gIFCRAECQP3AAURCgYA7igET2Q82JFpcSUwiBB2f/hIBrFQgH/3BAj8fIFT+VAABAKYAAAbwBUYACwAAMxEzESERMxEhETMRpvgBsvYBsvgFRvuNBHP7jQRz+roAAQCmAAADpAVGAAUAADMRIQchEaYC/kT+PgVG0fuLAAEAI//2BJMFRgATAAAXIic1FjMWNzYTIREjESECAwIHBmgxFBIXWjmfTQLI9f74HkNEYGgKBuMEAVnzAyD6ugR9/sT+6f7pipMAAQA9AAACugVQAAYAACERBSclMxEByf7GUgHDugRSjb7N+rAAAQB5AAAEAgPJABMAADMRMxEUBzM2NwEzESMRNDcjBgcBee8IBDdKAS/u8AkERzr+0APJ/lJfcltvAbX8NwGuXnN3VP5MAAEALwAAA6gDyQAHAAAhESE1IQchEQFW/tkDeUD+4gL+y8v9AgABAGgAAAOeA8kAEwAAIREGIyInJjURMxEGFxY3FjcRMxECqlxSyGVn9AEsK2JMSvQBYA5OTpMBSP7ZRiMjAQEPAaT8NwACAHkAAAOWA8kACwAXAAAzETMRMjMyFxYXAiEnMzI3Njc0JyYnIiN59Ekn6WhnAQH+Rm5odiwqAS0tdSZAA8n+qldXh/7CuiIhPTshHwEAAQBG/sMBhwDyAAkAABc2NzQnNxYXFAdGXQEM4Q0BtPqfnz9IJzxF6cUAAgBQAAAEZAVQAAoAEwAAEzUBMxEzFSMRIxElMjMyMzM1NDVQApywyMjy/rYMREIbowFKpANi/MLI/rYBSsbCHusAAwBi/+sENQVSABsAMAA+AAAFIicmNTQ3Njc1JjU0NzY3FhcWFRQHFRYVFAcGJxY3NjU0JyYnJicmJwYHBhUUFxY3EzY1NCcmIyIHBhUGFxYCROR/f0FAa8V9fNLMdHTN+oKC32BBQBgaMzUkJkNEMDJEQ2UnjTMzWlM0NAFBPxRmZqp2WVgtBG+6oGdnAQFnZ43JagVg5bFub78BMjFYNyspHRwODRUdOTpLZTc4AQJtSX9OMzMvMEZZLzAAAQAAAAAAAMFvTL1fDzz1AAAIAAAAAADhtjh7AAAAAOG2OHsAAP4bB5wG1wABAAYAAAABAAAAAAABAAADuf8PAAAH2QAAAAAHnAAAAAAAAAAAAAAAAAAAAAAARAJYAAAFgwCmBEwAOQIbAIUEkwBiBLAADgRKAB0BugAAAskAlgNeAHkEXABKBD0AcwP4AEwDhwBaAskAMwUxAA4EtgCkBf4ApASJAKQERABiBDsARgLuAGoDLQAbBZEApARmAFICbwCLBKQALwPjAHkDmgBKBFgAeQP2AEYD9gAzAm8ALwUUABkFEgASBFgApgUAAKYEUAAfBAoApgX8AKYFCAB1BZwAMwW+AKYFwwCmBDsAVAZIAKYFGQCRBikAbQSNAKYH2QCmBNsAMwZCAG0GlgCmBNMAGwSNAKYEjQCmB1IAMweWAKYDqgCmBTkAIwOPAD0EewB5A8EALwQXAGgD2wB5AhsARgS0AFAEmABiAAAAAAAAADgAAABcAAAA1QAAARIAAAF0AAABpwAAAcwAAAHMAAACFQAAAjQAAAKYAAAC+AAAA2IAAAPWAAAEGwAABFsAAATCAAAFAgAABYAAAAYMAAAGbAAABoUAAAaiAAAG8AAABx8AAAdCAAAHjwAAB/QAAAhNAAAIewAACPQAAAlVAAAJeAAACbkAAAn+AAAKVAAACs8AAAr0AAALIwAAC24AAAvKAAAMEwAADEEAAAxuAAAM7AAADU4AAA2XAAAOBgAADlgAAA6QAAAPBAAAD30AAA/bAAAQKgAAEKcAABD4AAAR1QAAEgMAABIiAAASbAAAEpAAABLWAAAS+wAAE0AAABOPAAATuQAAE/sAABS4AAEAAABEEAAEAAD/AP8AAgAAAAAA/wAAAAAAAAD/AB4AAAAOAK4AAQAAAAAAAQAUAAAAAQAAAAAAAgAEABQAAQAAAAAAAwAUABgAAQAAAAAABAAUACwAAQAAAAAABQAHAEAAAQAAAAAABgAMAEcAAQAAAAAACgAVAFMAAwABBAkAAQAoAGgAAwABBAkAAgAIAJAAAwABBAkAAwAoAJgAAwABBAkABAAoAMAAAwABBAkABQAOAOgAAwABBAkABgAYAPYAAwABBAkACgAqAQ5IUERIRVYrQmxpc3NQcm8tQm9sZEJvbGRIUERIRVYrQmxpc3NQcm8tQm9sZEhQREhFVitCbGlzc1Byby1Cb2xkMDAxLjAwMUJsaXNzUHJvQm9sZEJsaXNzUHJvQm9sZDkzMzJvYmoxNgBIAFAARABIAEUAVgArAEIAbABpAHMAcwBQAHIAbwAtAEIAbwBsAGQAQgBvAGwAZABIAFAARABIAEUAVgArAEIAbABpAHMAcwBQAHIAbwAtAEIAbwBsAGQASABQAEQASABFAFYAKwBCAGwAaQBzAHMAUAByAG8ALQBCAG8AbABkADAAMAAxAC4AMAAwADEAQgBsAGkAcwBzAFAAcgBvAEIAbwBsAGQAQgBsAGkAcwBzAFAAcgBvAEIAbwBsAGQAOQAzADMAMgBvAGIAagAxADYAAAACAagCvAAFAAgCvAKKAAAAjAK8AooAAAHdADIA+gAAAgAIAwUAAAIABKAAAu9AACBbAAAAAAAAAABKUFRUACAAIPsCA7n/DwBHA7kA8SAAAJ8AAAAAAdkCkwAAACAABAADAAAAAAAAAAAAAAAAAAAAAAAAAAAAAAAAAAAAAAAA</Resource>
		<Resource Id="4">AAEAAAAKAIAAAwAgY21hcIpUj5MAAACsAAAB1mdseWY6VYbpAAAChAAAAwJoZWFkKKG6ogAABYgAAAA2aGhlYQohBS8AAAXAAAAAJGhtdHhAGwUXAAAF5AAAADBsb2NhAAARPQAABhQAAAA0bWF4cAcKER8AAAZIAAAAIG5hbWVcQWGGAAAGaAAAAjpPUy8yzyFv2AAACKQAAABgcG9zdAADAAAAAAkEAAAAIAAAAAQAAAADAAAAJAABAAAAAACsAAMAAQAAATQAAwAIAAABvAAEAIgAAAAYABAAAwAIBBAEFAQVBBgEGgQdBCEEIgQlBCcEK///AAAEEAQUBBUEGAQaBB0EIQQiBCUEJwQr//8AAAAAAAAAAAAAAAAAAAAAAAAAAAAAAAAAGAAYABgAGAAYABgAGAAYABgAGAAYABgACgAJAAIABQAIAAQABwABAAMABgALAAAABACIAAAAGAAQAAMACAQQBBQEFQQYBBoEHQQhBCIEJQQnBCv//wAABBAEFAQVBBgEGgQdBCEEIgQlBCcEK///AAAAAAAAAAAAAAAAAAAAAAAAAAAAAAAAABgAGAAYABgAGAAYABgAGAAYABgAGAAYAAoACQACAAUACAAEAAcAAQADAAYACwAAAAQAiAAAABgAEAADAAgEEAQUBBUEGAQaBB0EIQQiBCUEJwQr//8AAAQQBBQEFQQYBBoEHQQhBCIEJQQnBCv//wAAAAAAAAAAAAAAAAAAAAAAAAAAAAAAAAAYABgAGAAYABgAGAAYABgAGAAYABgAGAAKAAkAAgAFAAgABAAHAAEAAwAGAAsAAAAEABoAAAACAAIAAAAA//8AAP//AAAAAgAAAAAAAgAAAAACWAgAAAMABwAAAQEBAQEBAQEAAAAAAlgAAP2tAk4AAP2yAAAIAAAA+AAABQAAB/YAAAABABQAAASyBZoABwAAASE1IRUhESMB5f4vBJ7+L/wEruzs+1IAAQDHAAAEGQWaAAsAACEhESEVIREhFSERIQQZ/K4DPf2/AgT9/AJWBZrs/pzs/o4AAQAUAAAFRgWaAAsAAAEhAQEhAQEhAQEhAQQMASf+HQH2/tn+jf6P/tkB9v4hAScBYAWa/UH9JQIb/eUC2wK//fkAAQDHAAAFTAWaAAsAACEjESERIxEzESERMwVM+v1x/PwCj/oCZP2cBZr9tgJKAAEAxwAABY8FmgAJAAABASMRMxEBMxEjBJP9Ed38Au/d/AP6/AYFmvwEA/z6ZgABAIkAAASPBZoAEQAAATMRIxEGIyInJjURMxEQNzI3A5P8/IfPu3x9/PyLhwWa+mYCTGNvb+0B5v5i/tgBXAABAFv/6AUKBbAAGwAAARcGBwYnICcmExA3NiUgFwcmIyIHBhUUFxY3FgSqYER9f4v+uc/OAcPAAVoBEqNxkrLMhIOKity8AUi9SCwvAcvKAU8BP9PQAZG7YYqJ5eKLjAEBAAEAxwAABUwFmgAKAAAhIxEzEQEhAQEhAQHD/PwCNQEv/bICc/7A/bcFmv1YAqj9ZP0CAuMAAgAZ/wAF2QWaAA8AFwAAASMRMzY3NhERIREzESMRIQEHAgcGByERAQTrmUFOTgOIwuv8FgGNFhM5Oy0CVv8AAexG9/wBVgEf+1L+FAEABK76/v3BzDgDwgACAA4AAAWoBZ4ABwAKAAAhIwEzASEDISUDAwEM/gJf3QJe/vSW/ZwCBNHTBZ76YgFv6wH+/gIAAwDH//4GIwWaAAMAEQAiAAAhIxEzAQYHETIzMjMgNSYnJicBMxE2MyAXFhUGBwYhIiMiIwYj+vr8KyFqDzIxFQEaAUZIh/55/FdIAQCGhwGam/7yc1RSSwWa/TMBCf4m+3I8OgECzf4UCnl62+SEhAAAAAEAAAAAAADRqM23Xw889QAACAAAAAAA4bY4ewAAAADhtjh7AAD/AAYjBbAAAQAGAAAAAQAAAAAAAQAAA/z+OgAABukAAAAABiMAAAAAAAAAAAAAAAAAAAAAAAwCWAAABMcAFASaAMcFWgAUBhIAxwZWAMcFVgCJBT0AXAVgAMcGDAAZBbgADgbpAMcAAAAAAAAAOAAAAF0AAACNAAAAzwAAAP0AAAErAAABagAAAcwAAAIBAAACWgAAApEAAAMCAAEAAAAMEAAEAAD/AP8AAgAAAAAA/wAAAAAAAAD/AB4AAAAOAK4AAQAAAAAAAQARAAAAAQAAAAAAAgAEABEAAQAAAAAAAwARABUAAQAAAAAABAARACYAAQAAAAAABQAyADcAAQAAAAAABgAJAGkAAQAAAAAACgASAHIAAwABBAkAAQAiAIQAAwABBAkAAgAIAKYAAwABBAkAAwAiAK4AAwABBAkABAAiANAAAwABBAkABQBkAPIAAwABBAkABgASAVYAAwABBAkACgAkAWhSV1dWQkMrQ2lyY2UgQm9sZEJvbGRSV1dWQkMrQ2lyY2UgQm9sZFJXV1ZCQytDaXJjZSBCb2xkVmVyc2lvbiAxLjAwMDsgRm9udHMgZm9yIEZyZWU7IHZrLmNvbS9mb250c2ZvcmZyZWVDaXJjZUJvbGRDaXJjZUJvbGQ1MzY4b2JqMjIAUgBXAFcAVgBCAEMAKwBDAGkAcgBjAGUAIABCAG8AbABkAEIAbwBsAGQAUgBXAFcAVgBCAEMAKwBDAGkAcgBjAGUAIABCAG8AbABkAFIAVwBXAFYAQgBDACsAQwBpAHIAYwBlACAAQgBvAGwAZABWAGUAcgBzAGkAbwBuACAAMQAuADAAMAAwADsAIABGAG8AbgB0AHMAIABmAG8AcgAgAEYAcgBlAGUAOwAgAHYAawAuAGMAbwBtAC8AZgBvAG4AdABzAGYAbwByAGYAcgBlAGUAQwBpAHIAYwBlAEIAbwBsAGQAQwBpAHIAYwBlAEIAbwBsAGQANQAzADYAOABvAGIAagAyADIAAAADAioCvAAFAAgCigJYAAAASwKKAlgAAAFeADIBDgAAAgsGAgICAwICA6AAAv9QAGBLAAAAAAAAAABQQVJBACAAIPsCA/z+OgAAA/wBxiAAAJcAAAAAAcICvAAAACAABAADAAAAAAAAAAAAAAAAAAAAAAAAAAAAAAAAAAAAAAAA</Resource>
		<Resource Id="5">/9j/4QCMRXhpZgAASUkqAAgAAAAFABoBBQABAAAATAAAABsBBQABAAAAVAAAACgBAwABAAAAAgAAABMCAwABAAAAAQAAAGmHBAABAAAAXAAAAAAAAAAAAGAAAAABAAAAYAAAAAEAAAADAACQBwAEAAAAAAIDAAGRBwAEAAAAAQIDAAGgAwABAAAAAQAAAAAA/9sAQwAIBgYHBgUIBwcHCQkICgwUDQwLCwwZEhMPFB0aHx4dGhwcICQuJyAiLCMcHCg3KSwwMTQ0NB8nOT04MjwuMzQy/9sAQwEJCQkMCwwYDQ0YMiEcITIyMjIyMjIyMjIyMjIyMjIyMjIyMjIyMjIyMjIyMjIyMjIyMjIyMjIyMjIyMjIyMjIy/8AAEQgBYQOEAwEiAAIRAQMRAf/EAB8AAAEFAQEBAQEBAAAAAAAAAAABAgMEBQYHCAkKC//EALUQAAIBAwMCBAMFBQQEAAABfQECAwAEEQUSITFBBhNRYQcicRQygZGhCCNCscEVUtHwJDNicoIJChYXGBkaJSYnKCkqNDU2Nzg5OkNERUZHSElKU1RVVldYWVpjZGVmZ2hpanN0dXZ3eHl6g4SFhoeIiYqSk5SVlpeYmZqio6Slpqeoqaqys7S1tre4ubrCw8TFxsfIycrS09TV1tfY2drh4uPk5ebn6Onq8fLz9PX29/j5+v/EAB8BAAMBAQEBAQEBAQEAAAAAAAABAgMEBQYHCAkKC//EALURAAIBAgQEAwQHBQQEAAECdwABAgMRBAUhMQYSQVEHYXETIjKBCBRCkaGxwQkjM1LwFWJy0QoWJDThJfEXGBkaJicoKSo1Njc4OTpDREVGR0hJSlNUVVZXWFlaY2RlZmdoaWpzdHV2d3h5eoKDhIWGh4iJipKTlJWWl5iZmqKjpKWmp6ipqrKztLW2t7i5usLDxMXGx8jJytLT1NXW19jZ2uLj5OXm5+jp6vLz9PX29/j5+v/aAAwDAQACEQMRAD8A9/70UUlABS0UUAFFFFABRSUtABRRRQAUUUUAFFFFABRRRQAUUUUAFFFFABRRRQAUUUUAFFFFABRRRQAUUUUAFFFFABRRRQAUUUUAFFFFABRRRQAUUUUAFFFFABRRRQAUUUUAFFFFABRRRQAUUUUAFFFFABRRRQAUYoooAKKKKACiiigAxRRRQAUUUUAGKKKKACiiigAoxRRQAUUUUAFGKKKACiiigAooooAMUUUUAFFFFABiiiigAooooAKMUUUAFFFFABRiiigAooooAKKKKADFFFFABRRRQAYooooAKKKKACjFFFABRRRQAUUUUAJS9aKKACiiigApKWigAooooAKKKKACiiigAooooAKKKKACiiigAooooAKKKKACiiigAooooAKKKKACiiigAopKWgAopKWgAopKWgAoopKAFoopKAFoopKAFoopKAFooooAKKSloAKKSloAKKSloAKKSloAKKKSgBaKKKACiiigAooooAKKKKACiiigAooooAKKKKACiiigAooooAKKKKACiiigAooooAKKKKACiiigAooooAKKKKACiiigAooooAKKKKACiiigAooooAKKKKACiiigAooooAKKKKACiiigAooooAKKKKACiijFABRRmkoAWkopaACiiigAoopKAA0poooASl7UUUAFAoooAKSlooAKKSloAKKKSgBaKKKACikooAKWikoAWiiigAooooAKKKKACiiigAooooAKKKKACiiigAooooAKKKKACiiigAooooAKKKKACiiigAooooAKKKKACiiigAopO9KaACig0GgAoo7UCgAooFIKAFoo70negBaKDQaACig0dqACigUCgAopBS96ACik70poAKKDQaACijtQKACigUgoAWijvSd6AFooNBoAKKDR2oAKKBQKACikFL3oAKKTvSmgAooNBoAKKO1AoAKKBSCgBaKO9J3oAWig0GgAooNHagAooFAoAKKQUvegAooooAKKKKACiiigAopKje4hiGZJUX6sBQBLRWfJrWnx5/0hWPogLfyqnL4ns4/uo7H3wv8AM0AbnejpXLyeK2P+qgX2JJP8qrP4h1GY4Qbf91R/9egDsKTcucZGfTNcW1zqtx94yfix/wDrVas5by0YSSPGMf3ulArnWUVy7+N9IgnNrLqFj9pUZMSzgsB/ujmtPSNYj1YNJA6PEM8qD1/GgZq0UUUAFFJS0AFFGKKACiiigAooooAKKKSgBaKKMUAFFJS0AFHakpaACigUUAJS0lLQAc0GjvSUALRRSUAL2oooFABSUtJQAtHNFHegANFJS0AFHakpaACigUUAJS0lLQAc0GjvSUALRRRQAdaKKKACjtSUtABRRRQAdKKKSgBaOtFFABRRSUAL2ooooAKOlFFABRSUtAB1ooooAKO1JS0AFFFFAB0oopKAFo60UUAFFFJQAvaiiigAo6UUUAFFJS0AHWiiigAo7UlLQAUUUUAHSiikoAWjrRRQAUUUlAC9qKKKACjpRRQAUUlLQAUfhRijFABRRRQAVzPijVJrCa3jSV4klGNynGDnH9RXTVxPj379l9T/AOhCgCOZ9SkzvkZh/vk/pkVHHYzTLuaTaM91x/SsrUvG+n6X4ntNCmjcyzkK0gPCFsbeO4Oa6K5sze24iBbAfJAOO3/16Qiq9laRc3F4B7M3+NME+jw/dcyH/ZBP8hViLw9EvPlqPwq7Ho8a9hTAy/7Tt1/1GnyN7lQP50HUr9xiK1ij/wB5s1uJpsS9qkFvbocHaD6E0COYc6zMDi4Ef/XOMf1zWDrejandWz+beXTcHjeQPyFelLGuPkjZvohrL1u/h06zkkltpZNqlvLjwzN7AZ60hnyzqVrLpGvHlgysHGfr/wDrr6d+HUfl6S3GNxLY+oWvD9eNhrfi2zN7b3Gl2zsQTIquzHjjAPFe8+Cmha0k8hiUBIyRj07UAdZRTWdUGWYAe5qnNrGnQHEl7CD6BwTTGXqKxZvE+nxDK+dJ7rGcfmarP4ocj9zYtz0MkgH8s0AdHRXJSeINRk+59niHspf+eKqTajqUqn/TpQfRQFH8v60Bc7fIFLXF215cxsjB2LjqWO7+da0WsXfG6FWH0xQBvUlZyasm3MsTR/iCKtW1ytyjMqkAHHNAFiikpaACiig0AFJS0lAC96KSloAKSlooAKKKKAAUCiigBKXvSUUALRRRQAlLRRQAUCiigAFJS0lAC96KSloAKSlooAKKKKAAUCiigBKWkpRQAUUUUAFFFFABRRRQAUUUUAFFFFABRRRQAUUUUAFFFFABRRRQAUUUUAFFFFABRRRQAUUUUAFFFFABRRRQAUUUUAFFFFABRRRQAUUUUAFFFFABRRRQAUUUUAFFFFABRRRQAUUUUAFFFFABRRRQAUUUUAFFFFABXE+Pvv2X1/8AZhXbVxHj771l9f8A2YUAZGpeD9L1XXrbWJ1cXEO0kKeHKnK59Me3WurtHVASzIo9XbFeY+IvEut6V8QNOs4w39nzmONEwMPuIDk8ZOM8f/rr0KSRkgBVsHd60hGobmLH+tz/ALkZP68VG15GOglb/edV/lzWSvnTH5Q7n/ZBNTLp17JyIHH+8Qv86Yi0+oKOkcWP9os/86hbVXUYEpUekahf6U5dGn6ySwp9Wyf0pw0i3H+sumb2jT/GgZm3Gpkg7y8n+85P9a5rWPEP2WFyEVMDqFGfzrtJdOsFU/6NNN/vyEfyxXJeIbdgN9rptpHsHBMW8/8Aj2aQHnujLY+KdT1G51JGlFtsETljhSd2enXp+lep2kFzaWaRwSyRoeSIuAfy/CvL/Blq9m3iGGTG4PGeFAGCJDwB0r2O0H+hw/7i/wAqAKDRLJjf+8OOfMYtz+NTxWrsoMaAKRxtGKtyQxSj95Gr/wC8M1bt7QSQoqjaqgABSRQGxnf2e7D5yo+pp62kQABlBx2UZrXXT4+pUZ9cVKLVB1FMRjrbQjpHI314qQRBeRAgH+0ef5VsC3UdhSNbA9qYHP3N+tqhLMoA7Ktcpqvi+UOYIAwJ/iLY/lXfXOkxTKQVBz7VyWteEd8bPEACOeaTBGIhku7aPznZ2bJJLE/zr1Dw0uzRoV54UDn6V5lbKYIo0fgrwea9P8OkHSoyOmB/KkM16KKikuIYhmSVEH+0wFMZJS1my6/pkRwbyNj6J8x/Sqsnie1H+qguJP8AgG3/ANCxQBuUVzMnia4b/VWaL7ySZ/kKpza9qjY2yRKD1CR9B9SaAudlRXLW2sXEcgLEyjH8RrSi1xG4eBx7qc0Aa9FVF1G2Zd24j2KkGp4pVlQOn3T60ASUUYooAKKKSgBaKKKACiiigAoooxQAUUUUAFFJS0AFFFFABRRRQAUUYooAKKKSgBaKKKACiiigAooooAKKKKACiiigAooooAKKKKACiiigAooooAKKKKACiiigAooooAKKKKACiiigAooooAKKKKACiiigAooooAKKKKACiiigAooooAKKKKACiiigAooooAKKKKACiiigAooooAKKKKACiiigAooooAK4b4gsFex9z/7MK7muF+IDIs1lvUtwcAHHORQwGyT2QvoIpZLf7YVYwqxHmY77R19K2dO5zgKev3hnFeV+IPDGq6j4x03UbeVfIiZHd1bbtIIzkE91AHA5xzXp2lSJFGxkkAHPLH6UkI190pGDIR9OKTYT1Yn8arPqdmnWYE/7IzVaXXbaMZCOR6nAFMRpCNR2FG0Vz8niiPnyxGfoS/8AKqkniO5bOwPj2QL/AOhUAdUUB7VnahbwGFhI6Jx1Y4rnJNT1GfhA5+rn+QFYd9pGtX8hIBAPtt/maQyn9jhtbvVnhkRw6xglDnpv/wAa721P+hw/9c1/lXFjRbzSNKuWupA/msuBkHGA3p9a7K1/49If+uY/lQBYrV0/HkEkgfU1kZrV0+MPBkimgZbMsQ/jB+nNJ56dlY1IIVHanBBTJIDM/wDDH+ZqJ5bjHAUfQVd2j0prKoGTgfWgDntQuNQWNvKLZx2OP5VwGtS6pJL+/d/L7ivVp5LVFO+VAO/Oa5XW9T0JEZJHZmI6RrzSY0c1ZoPIgC7S5/hfvXURahqNtCkEMyxKByETkfic1zQKNBYNGG2G4+XcOcbl612ZUEYIz9aQylJLcykiW7uJB7yEfoMVGLTcciEMfUruP61altIZM5DD/dcj9K0lt3k+ZWZR6DH9aYGQdPkkxlMY6ZOKm+xkHLyKv41qiwzyxJ+pNSJYIuCAAfYUWFcyFtYR/Gzf7q5qQQxDpCxHqTWwLVfSmPZhhj9KAMSe8gtFLMI1x+Nc1qXjFtxhs2bf6qAMfnmurv8AQUuUIx+VcPrPhaa1YzxISF5JAoGWWvb+4aMm8mB6nD4/QV6np/8Ax4x/j/OvKbbG9M+leraf/wAeUf4/zpAWqKKKYwoqKS4hjGZJUX6sKqvrFjH/AMtw3+6M0AX6KxZvE1nFwAxP+0QtUpPFZPEUA+pyf5Ci4HT0VysPiK4lkHmIVXPYAf1rcj1a0k/5abD6MMUAXqKYkscgzG6sPVTmn0AFFFFABRRRQAUUUUAFFFFABRRRQAUUUUAFFFFABRRRQAUUUUAFFFFABRRRQAUU1mCjLEAepNKCGAIIIPegBaKKKACiiigAooooAKKKKACiiigAooooAKKKKACiiigAooooAKKKKACiiigAooooAKKKKACiiigAooooAKKKKACiiigAooooAKKKKACiiigAooooAKKKKACiiigAooooAK43xh4d1bWr+0l054AsS4InJCk5zzjn0rsqOaAOMg8MasLcGe4tPO7rGW2/mRmq93ZXkNt9ndgkyyZO0g5GPce9d1TDDEX3mNN/97HNKwjgI9Fu5uryN/ulj/LFXIfCshO4xHPqQqn9a7aimBzMXhbpvKfixNXYvDlunVh/wFAK2qSgLFJNJtU6ozfVqnS0t4/uwoP+A1PSYoGch8QcDR4QBj5z/Kq9q3+iQ/7g/lUvxGfZpEHu7fyqlay/6JDz/Av8qTEXc1s6dLstsbSc46Vz3m10WkgNaZ+n8qEDLXnSHpGB9TSEzt/EB9BU4UVFNc21v/rriKP/AH3A/nVEjDHI33pGP41G1pn61G+uacnScyf9c0Zx+YFV38Qxf8s7SdvQttUfzz+lAyC/0lrmMjew+lcTq/hiaN/OjDFl/Wuyl1+5bIS3t4/cuX/T5ax9S1LVJoSIZlDekcI/9mzSGYEWRaaeGBBFxyPxWu2rizFcRRWQulZZGud3zLgnla7IGkA6tq0XNuprDzWzbRb4FJJx6ZpoTLJKL1ZR9TTTLF65+gNC26jtUgiX0piITcDsjGoZbqRRxEB9Tmrvlj0prRKe1AHOalrF5bxny4+fYVwep67q11cGKaeWOM9lOM16rcW8G0+YyAe5xXHeIINHWNibyFJOwGW5/AUmMyLVYdwad9qqODjPNddD4mmjtkjjhXgcHaT/AIVQ0eGN9OjcjJYEfTk1bNpF2yKQxJPEGoy8AlfoAP8AGqsl5fz/AH5j+LE/1FWTakfdKn68U0xsvVD+HP8AKmIp+XKxyZGz7AD+lL9mB+8Wb/eYn+dW8Dpn8KDtUZJAHvQMrrbKvRQPoKeIgO1WY4jKgdSu09DnimySWkHE97Ah9C4z+VAiNUAPSphVWTU7GKMyIt5cgf8APC3dgfxxj9aqr4nsDA7i3kicJvjjuCFaTPTAGc8/jQM1QxU5BIPqDVqK+vU+5K7D0PNc5Lr94WlS3itVMYBzyTyOn1rKk8SahJI6vcSJzwEQLx9aQHo8WrXX/LSBGHrnFSSa/ZwrmV0jbuGkAryS41SST/W3kjezSE/pVI3CN0ZjQB7nYXq30Rlj2lOMFTkH8atVzXgY7vDkJA9f/QmrpqYwpKWigANFFFABRRRQAUlLRQAlL3oooAKKgvGdLKdo87xGxXHrivPDrd5LE8gu5ivmbSpc8HGaAPR2kRBl2VR7nFVZNX0+Hh7qLPoGyf0rhrOC51JifMIGepXdz+JNa0XhiZh+8lmOeuGC0WFc15fEthECR5j+4TA/WqEvjGIf6qAH/efP8s1JD4Vt0ILImfUkk1fi0O1j/hX/AICgFAamE3ifUJ/9RD/3xET/ADNRNe67cf8APRQfVwv6Af1rrF0+3X+Et9TUy28KfdiUfhRoGpx0VrqrP5jzoAOTwWOPxzWgNfGnxiO6uIW44AQ5/Suguf8Aj0mx/cP8q831sZuI/wDdP8zQB21tqkl1NGEI2tg8Ljg1sVy+jfftv91a6igYUUUUAFFFFABRRRQAUUhYL1IA9zTFmjdtqurH0BoAkooooAKKKKACiiigAoopKAFooooAKKKKACiiigAooooAKKSloAKKKKACiiigAooooAKKKSgBaKKKACiiigAooooAKKKKACiiigAooooAKKKO1ABRRSUALRSCloAKKSloAKKKKAOP8d6Jqutw2cWmKjeWzGQSMAvbGefr61VsvDOu/ZQLoWUcijAWOZmB/NRXddaKAOBn0vVrfl7N2X1jIb9BzVlJ7uO3ijimliyvzKqjOfxGRXaZqmdMtTK0joWZiTyxoEcm0c8v+teWQekkzMPyJxTodPb/AJZRKP8ArmldilrBH9yFB77alAxQFjlE0a5kOfLk/HC1ZTw/KeX2D6sTXRUUBYx49AjX70g/4ClWk0m2TqGb6tV6igLHAeNoo4NU01Y1CjcpwP8AeFXt1UPHr41jTR7r/wChVY8ykBOTxW/azIlsgOSRngCuY8yunskBtUOPX+dNCZJ9pz92Nj9aDLKeiqPrUuwUu0D6UxFc+e3V8fQVDJDKwPzMfqall1GwgYrJeW6N/dMgz+VVZNdsVyF86Q+ghYfqwAoAyNT066mU+XKVHoK4PU9IurS4Mz7mXuD2+lejy6+CD5dk3/bWQL/LdXO65rF08JVLS1w3BBDP+oIqWUXtFOdKh/H+daFZegljo8O8YPzZ4960s0AOzRmm5ozQAMiyAA+o6Vw/jCV08SWSKxCnqAa7gHkVwXjL/kaLCgDcu7swaRZJ9mjnDxvjerEIc9cA/wA6qpqWosGFtBDbAtnEUKKMgDHIBI5FT3YdtJsNlwkXySZDYy3zdqossSk+ffN3yB0Ixz1/PrQBS1VtVvISt5fttP8ADJcMw/AEis60tre1jkkFst2yj7wjchAOv3ePzNXLtbAwny7a5nz/ALxU/jyKitbcNE6LGLSM4BUhmZ/wTH60xgLiRCCnkQsDgW/kbc/569abdTXUsWCse0H5tgp629vE+TFM6nhpDDtA/AHPtSTJAgHkq4cnGCMYPuKQjNQcf6nB9+KkG/0UVKIZJBuZyB7YFamn6fZSQBpizSM+0ZbA/wA80xnovgT/AJFqD8f/AEJq6YkAZJA+tebW+pz2UH2S1ZoY0JARWx9ex/nV5bLU7vBeYEHsSzH9aLCudnLf2kP+suYl+riqcniHToxxKz/7ik1gx+Grl/vyyf8AAVCVbj8JxHmUFz/00fP8qAuSzeLrVDiOIk/7TqKpyeLrhziG3XPsrN/hWrD4ctYh9yMfRc/zq4ml28Y4Bx6dP5UBqcwdX1u4HyRyL/wEJ/jVyxvdRhfzLiKM/wC9J/WuiW0t06RL+PNYXiJQpwoAHknoPrQBdGuwMSqGMuBkgSZxV+0nNzCXIA5wMV51oS/6TL/uf1r0DS/+PMfWgC7RSUtAyG6/49Jv9xv5V5Nbf8es/wD13H/oNes3X/HpN/1zb+VeS23/AB6z/wDXcf8AoNAHWeFuq/79dpXF+Feq/wC/XaUAFFApMgdTQAtFJ1pc0AQ3X/HpN/uN/KvOda/4+I/90/zNejXX/HpN/uH+Vec6wM3EYyB8h5P1NIR0mj/6y3/3VrqK8wstZ1OCXaixMAQI3CcAe53VotqOpTqTNezqM9IwBQB3jOqjLMB9TVSbVrC3/wBbeQr9WriDD5hzK0sh/wCmkpNOW2jX7sSD3C/40wudPJ4p0xCQjySn0jQmq0nipz/qNOlPvIwUVjCNvU/gcUohHt+VAF2TxHqcnCJbQ/iXNVX1HU5sl9QkAPURxhf50nl8UuwCgCBjKcsZpnb1eQ/yFWba/vbeSPZJgdxj/Gk20oXkUgNVdbugRlY2H0/+vVqPXkPEsLD3U5rB3r5yxbh5jDIXufwqYW8ncY+poA6OPVLOXpMFP+0MVbV0cZVgw9Qc1yotW7uB9BTxEkPzGVlx3zt/Wi4HU0Vx0vjLSdN+WfW7MEdUecM35A5pdK8c6brt69rp18ssqLuYLGwGM44LD3FOzC52FFFFAwooozQAUUUCgAooFFABRRmigAooooAKKM0UAFFAoFABRRRmgAooooAKKKM0AFFFAoAKKBRQAUUZooAKKKKACijFFABSUtFABRRRQAlLSUtACUtFFAAaKKKACiiigAFFGKKAD8aKKKACiiigAFFFFAHnPjqy1a78RWjWemzXcEUan90MHO4k8nj071Yj03WGthK+mzRE9UZkLD8AxrvqKLAebSSTW7bZ4ZIj6OpWtt9TvIf3MLxKgHB8slvzzj9K6x0DoVIyCMc1mx6JCpy8jsfbigTRzzXV/N9+6uCPbCf+ggVC1sZT+9Hmf9dWL/zrr0020TpCD/vEmrCQxR/cjRfouKAscfFps5GI0bb6InFW00O4fqjD6sBXUUUBYwI/Dp6uyD8zVqPQbZTljk+ygVrUlAWOYv40gu3jTO0AYyar7qn1h8alKPYfyqj5lICfdRmoPMFHmUATg8iuD8Zn/iqbAV26v8w+tcd4hltItV8nUInlu2bNrNGcBeeQ3Pp9aAN02gutItSURhHFI2XkC4+btnqakj022i3ATWy4YcRIz9cZORioopLePRLQyySDMUgTYyjJ3d8/0pTf2pLeXZb8sD+8d3xjHHOBz/WgCLVEsIrYgXM5kz1IjjH65Nc/cmCeNkjgecsMZZpJMflxWtqmqTtbqqWcUce7O2GNUPT2zWBPeXc5IMbMPQszH9D/AEoAt21vcbCgmS3jZgwt2ULyO+AfxouFmRXEssTKxyTjBzWKXAbDwhT64AI/rT3lJRAjHC84NIB2IVJxK2PSta0I/s632nI+0n/2SsJJSow4BPrituycPptuR/z9H/2SmBtRf8hP/tqf516Npg/0MepPNecQn/iaf9tT/OvR9M/481+poAuClopKYwpaKKAErnvEn3v+2J/9mroq5zxJ98/9cT/WgDl9D/4+Zf8Ac/rXfaZ/x5j615pBeTaeGmjgEoIAOWIwM+wNb1t4puzCEtoIkTONzktzSEd0KTIHJNcO+q6pOTm+2e0UeP51XcTTcy3NxIf9qXH8qYztb27t47WUPPGpKEDLDrivL4ICkEqPJGpaUMBu3cYx2zWwLSIHd5SE+pGT+ZNTLGV6cD2AH8qQhNIvf7OAIgmmYHI2rtH61py+Jr98iK1gi9DJJk/kKz/Lz15+vNKEwMDp7UATPrGqy/eu0jHpFF/jUaahdiUF5HlA7uR1o2Cl280wNSz1+fyFEsCnHHBxV2PXYj/rInX6HNYCgAU5QW+6M/SkB0kuo2s1rKFmG4ocA8dq4e/CvqdujKGUgggjg8mtgQSn+Aj68U77IzYLbeOmeaAOY8GgG2vRj/lu38zXRmCM/wAI/AYp1rplvZ7/ACEVN53MEXGTTLm/0+0bFxf20PbEkqg0WAQwAfdY/jzTTGw9DVnKPGkkbh0cZVlIII9cikoArEhQSw2gdSeg/Go4bq1nm8qO6gMmCceYOlXMCmPbxSffjVvcigB626nH71Tnpt5p5ghjGZHIHqSAK81+Lmr3+j6TpUOn3UtqJmfeYW2khQMDPXvXmmm6vevazO9xNJM4KF5HLEfStY07q4m7H0VPqujWmfOvLZSOxkyf0rIuviBoFoPkaab/AK5RY/nivLPDlnb69KbS6hEk0amRpHlKgrkDAwPeutn8J6FMI4baWK0Kkl1jk3M/4k/0rZYZtXRk6qTsGofFmzilMltopklAwsk0gBH5A/zrn7r4v+IJyRbwWVsOxWMsf1OP0rlNWtmtbyaFkdCjEYfrjtWUOG5rmas7Gqdzprrx14oviRJrE6A9ocR/+ggVnSSXt9lrq6nnJ/56yFv5ms+NgH5rWglTZQhlcWgHau9+FMezxY3/AF7t/wChLXH+YprtfheQfFjf9e7f+hLXRy+4yW9T3+iims6IMswX6muYsdRVOTVLGLh7mPPoDmqkviKxjHBkb3C4H5mgDXornJPFcf8Ayygz9X/wqo/ia7fhI1X6L/iaAOuorjl1TU5mBIcqfw/QCtq11RliVZoGGBywagLmvRWW2uWvmCNGUueilwD+VaSNvjVsYyAcUAOooooAKKKKACiiigAooooAKKKKACiiigAooooAKKKKACiiigAooooAKKKKACiiigApBS0UAFFFHegAoxSUGgBcUUUGgAoxRRQAUUlFAC0UlLQAUUUlAC0UlFAC0UUUAFFJRQAtFFFABRRRQAUUUUAcRrt0q6zPHzlQufyrP+1D1r0Ka2guFxNDHIPR1B/nWVceFtLnyRC0THvG5H6dKQHJ/aB60onHrWtceC3HNtfH2WVf6j/Csyfw3rNuciFZlHeNx/I4oAWObLrz3rnNYnmtZ3gS3e8tJHJM23IiPPU49+vHStYJc20yC4gliO4ffUjvWZqVrrC6o0OmWU81pMP3m2NnCk56Ht1P50CL6mP+wLTCEjypTgHH8XSkyoZwQDhl5J55qRrO6/su0h8lkkQOro3BBLehpY9Iu5GOdozjjOf5UAZ+qlY7cGMgNnqAM/nWBLI8n33d/wDebNdyfCdzdKAxcD2T/GrMHgGMcybj/vOB/IUAeamNifu8UyS2kYAIDk+lewQeCrCLGY4vxUt/M1pw6BZQD5Vx7KAo/SgDwyPQtXuOYreZh2JQ4/Ot220670zTraK9QJI1zvAznj5P8K9hTTrROkKn68/zrjPHaJHe6eqqFGegGP4hTAx4j/xM/wDtqf516Rpn/Hkv1rzWI/8AE0/7an+delaX/wAeS/WkBdooopjCiiigArnPEnD/APbE/wDs1dH2rmfE7BX/AO2J/wDZqAPP7/Mf9mSRsytJcFWwx5A7Yrs/s0W0YQD6cVxN+4aHSSP+fpv5V3g6UhFY2oByCfx5pPKZewP0q1SYoAq4x1BH4f1oGCODVnAqGeytrnmaCOQ+rLk0APS3ldQwX5TyCTUi2jHq6j6ZNQW1nDbsBECEVSAgY4A9hXg158SvE91qskS6k1vA0pASFFXAz64z+tXGDkB9BfZEAyzn8sVBcXmlWQzcXcEf+/KK8Ln8T6hd3UaXV5c/ZsAOd5Le5FdNpfhCC+jW6uLrUdkiq8Y85RkEZ56+1awoOWxnKokdnf8AjjwvbRPG935uQQRDGxJ/HH9a52b4uaPp8Ig07TLuVFGF8xwg/ma5LxJ4cm0a2jllmWTzHICop+UfU/lXFzD5qznDkdmVF3V0ej3Xxk1WUH7HplpB7yMzn+lY0/xF8WXxI/tEQKe0MSr+uM1yCnAq9Zsueakou3Wpazf5+16pezKf4XmYj8s4qqluQcnk1eylJle1b01clnuvh7/kWNJycn7KnP8AwEVo1m6DgeGNK/69U/kK0M1zy3Gh1Gab1pGZV+8Qv1OKQzzr4vQpPZaOOPMaR0TPYnbz+leXJGtm0sScoGPJ7mvY/H2g3niNNKXT5YAbaR2kMjHABx6A571y0HwzlZv9M1iJcnJWOLcfwJI/lXRCaUdSGm2cba30to0jQttLrtYjuK1tEgub++jt4FMk8xwN3b3/AK12Vr8ONDhKmWa9uGHON21T+GP612GiaHpGmHzLHTfKmxt8wks2D9Sa1hiFEylTbMaTwnpttaA6gIpnOFMk3TceMAfUgVwnivwlb2lqNR03HkYBZVORg9xnkV6nq+k3eo3sEkaMEj5OXwDg8DBrmLrw9daNpN0l00Bt50kXarEYOC2cAYzx7V0uVOpGztdmSUou6PHChzUyhx3qdohnpT1XtXlpnaT6VGtzqVrbzMwjklVGIPOCe1ew6Boljo9w95pcUjSY8vezbiB16fgO1eUaGv8AxPtPP/TzH/6EK9h0m8gsLW/url9kMbruY+4AH64q5zdrIVjVfUdSnbY0zgntvx/LFH2G8lJMkij3Jz/jSaHrVj4gsI7+wk8yFmKkMMMh7gjseaJNOu7iZ2a4m2ljgBtox+FZDHnTlQZmu9o9jioiNIhOWuFdv9k5/lUsfh5Ccum4+rc1ci0SNcfKB9BTAzv7Q09P9Vayye+z/GkOrXPS309VHYs2P5CtxNLiXtUosoEGSAB70COSub/XZFPlmGL/AHUJP5mvLPiB/brW7G51C4ki6smcKR9BX0AY4NpwAwA52rux+VeafELUtBaCWweSRrspxHHAzEA+uBxSGcf8K7ia71CKKSR2+zyptyc/Ke36V9Kxf6hP90V8/wDwr0qKzjjvGvbd5bmRf3aMSyAdjxwea+gIv9Sn+6KBklFISB1IH1qvLf2kH+suYl+rCmBZorKk8QacnSVpP9xCapTeLrVDhIiT/tOB+maAOiorkH8W3EnENuufTaxP64FMGs6zMwIhkx9Ag/rRqK52VFYllqkkcW25gKdyxkBqwNXjcjy1DA99woC5p0UnaloGFFFFABRRRQAUUUUAFFFFABRRijFABRRRQAUUUUAFGaKKAEpaKKACj8aBQKAA0UUlABS0daDQAUUd6KAAUUUUAFJS0UAIaU0lLQAUlLRQAUCiigAooooASloooAKKQUvegAooNBoAKKKKAEIDDBGfrRSikoAr/YbUymRoEZycksM8/jU6oqDCqFHoBTqQUALRR3oNABRQaKACuB+ILYv9O/D/ANCFd9XB+NtJ1jUdYtJNPsvtMUUYypYKN24nqfoKGBgRP/xNP+2p/nXp2lH/AEFfrXAw+FNeEguZLaJWL7jGswYjn16VqzSX52xw3Hlx7RwD3oQjs2dEGWZVHqTiq0mp2UQ+a5j/AAOf5VyK6dc3By1xI5/2BViPw4743RSN7ucf1phc2JvE2nRdHZz7CqMvjCPpBau5/wA+1SReGwvVIl+vJq7HoUa/ek/75XFLQNTCl8S6xNxb2qJ6Er/ia5zU7TxFqV28zSnc6BTzgY54x+Jr0lNKtV6hm+pqdLO3T7sKfiM0BqeOX1lc6fBpEN3t837UzfKexFd4DwKxPiIAusaQAMDzOn4Vsg8CkA6jNNzRmgB1FNzRQA9OWx7GvmO605Y7yeZTlIZ9uR/E2cmvpuM/P+Br5kuLiVFlJVtn2hyGPQnPrW9HqRIlZ1PUHHtWsdevriOG3Fw8cUSKgVW7AYrmvtIc7uh9jWlYJ5ig5yzHFdMG1sYz1O/8P6Te+ILN1md/sAOGMhLbj7f41Jqvw7sGiYWxlimxkfPu/wDHTzXdWiW2kaBDapIIxFGF3DH3sZJ+ua4u9ivI54ZUeRrouZG25DlSqgE7eCPlHXjpXSlGfxIx1WzPLb2ymsbqS2mGJIzg+9Qx7weM12HjSJZb+2uNhV5YBvBx1BIPTj1rmVj215lWChNxR2QlzRTYiSvnk12PhjwzDrlg9zLeNGwl8tY1Xk8A5z+NcoEHpXfeDQE0PcOG+2dR9EoU2o6FWO+tJRZWFvZRIzLbxiNSw5IA79KmWa7lGY4jj2H/ANappdS09b+LT5bmH7XKpKQsfmYDr/jU1yJ47ZVtNiMW5JXPHtWL1GVhaX8n3sAe5P8AjTxpcnWS4C/Tj+WKi+yajN/rLuX/AICAv8qcugmTmUvJ/vsT/OgAeDTYv9fdqT6Fhn9ab9s0qMfu0klPoqmrkWgxqOEUfhVtNJiXtTAxG1nYP9H0xifViF/xrE1jxHr6W7m1gggwOpBc/wBK71dNhA5WqGo22nJbSGaWGNQCSWYDApAfOs3jTxNHr7G91W6ZC+Gj3kJt9l6V6H4i1WXT/h3GskjM9zcGIMT0UjNcTr+iwaz4xhtdFuILovy5jkGFAOSSfxr1HVPClv4g8KRWE83kyQzF4mDcbtuOcfWqjJxd0JpM8T+0q1OWUHvWreeB9UtJpIxDLuRgAMbt3BORjqOKxXsLuCRkKgspww6EH3BpIZtaGf8Aieaf/wBfMf8A6EK9Xt9Ki1vRtW0yZ2SO4whZeoOAQfzFeU+HtN1V9ZsJBp915S3CMz+UdoG4ck9K9ctje2On6g9rHC92xBgjkf5WOMc4/OhsCx4N8NL4W0trJZvNaSYzMQCApIAwP++RXaAbUG5VUY6u4H9a5LTdRuYbKP8AtZoftQPzGH5Vb3w3T9anOrxkkqgPuBn+lAHRm5iBwJos+igv/IUxryMd5T9FCD9axor1p4mHkT7uzbeP509bedxnBH1NFhXNBr9R0jX/AIHIT+gqB9VKcq8af7kQ/majj0yab7rxgDqWanHRYwP3t4oPoiZ/rQBnXutkId8szj0LkD8hivNfGXiWMWzQxKilzt6ZOT7mvSdR03To4X+S8nbHTeEH8q8X8e2gU28kNksASQ738xmZs9M5OP0pDO78O+H9O8OAyWUk84Qq58xgcN64GK6xdb1O7YRRTHp0DBf6f1rBj/4+L7/dX/0Otzw5zM4PTIpgTCw1S6P7yZTn1LMf51PF4auG5eWX/gKha7IAKMAAClouFjmI/CcRwZQXP/TRyavQ+HbWIfdQfRM/zraoouFikml26DGD9On8qmW0gXpEv4jNT0UDPOdfBKoM/wAZ/kK0dEGLW2+n9az9d6J/vn+QrQ0X/j2tv896QjtKWkpaYwooooAKKKKACkpaKACiiigAooooADRRRQAUUUUAFFJS0AFFJS0AHekpe9FABQaKKACjtRRQAUUUCgBKWiigBKWiigAooooAKKKKACkpRRQAUlLRQAUlLRQAfhRQaKACj8KKKACiiigAooooASl/Cig0AFFFFAB+FFFFABRRRQAVAlpbxnKwRg+u0VPRQAlLQaKACj8KKKACiiigDzT4jnGt6T/10rXDcCsP4lvt17SR/titQScDmkIs7qN3vVfzKPM96ALG6jd71X8z3o8ygC1Efn/A18uma6nuHtC2+FZC230AJP8AjX07bNmcD2NeV6n4b0+MsIoFTk8r1P1rWm7Es88WwjdwFLKTxnOavWkMtpJGgIcg7gRW5YeE7jVNTW1ssju7t91F9TXUzeDdNMMc93qtrp7EKHBYDlRg9SADx71t7SKM+Vs2Y7pr2zxFKyl1DIQcfhx7ViTwXF9JHFKrM8cjb2kC/IgUdc4P8f61ctbnwfpUBifxGZtvPyMG59toqe01vwj4glk0rz71WlXaksrlASf7pB4P1FbRxcEtTN0ZXPO/EepwXeqssBXyYEEKbRgHHU/nWP5qk10Pib4eXmgymSCZ7izY4STZkj2bHSuam02+tXKSRHKkgjoQR7GuGcnOTkzoiuVWLCNmu/8ACH/ICH/X5/RK81WSSI4ZGX6ivRPBcnmeH8/9Pv8ARKnoUb+t+Cb3UfHllrkNyot45IpXVmxsKEZAHfcFFehwSwxIWndUXPBY964u/wDHNtp/jKHw/LAfn2IZd3O58bcLjkcjPNdVKIzCvmRhwG4BFIC2dXsF4Ry59EXNMOsA8R2sh/3jiqQlCjCxqPwz/Oj7RJ0DYHoKYiS91DVysX2C3tgWzvM5YbfTGBzTLafVAXa9uoSSMKsQ2hfx5J/Sq092kKhppQoJ4J70IJLlA8UcjKeh2kUAU9U0uLUZ2kvNUvdhAAhimKoB+GCayZ4tE0vTp7SOFngkO6RJX3hz77s56CtiWzv5Af8ARxCPWVx/IZrmNZsIhE32xp5Ofu2+FH5n/ChjOUtNHi8Ta3NLaXEVhFp7KQkcf3i2ffjpXeXOnWtzYW9lJNcobeUzB4XKNuK4xnHA/GvP/ASPHFr28MHWSMfMckf6z/CvRpTuuRnnIXOfoKAYyz8PW0WXgsJ5S4wXnkZt3/fRNadvok0JzBa21t6lQB/6Diuo03T47i3HzGNVxwgxmtBdJtV+8rv/ALzmjQNTkBpEh5lu1U/7KA/qaZbQabdFwl1NPsOGGTjNdrNaW8VrMUhQEIedvPSvJHjuZNC1WPTt7TsuQFIUlgM7RnrnGOeucUXFY7OG0sEYCO2Xnua1orKJVBSNVz6cf0rzj4awara6EkOpGQBZz5KyA58vA6Z5AznrXqCuiRqWYAbR1NFwKN8phVNpxk9q5TT555dVAkmkcfNwzE11WoTxShBHIrEHnac46Vyemf8AIVH/AAKgZ2VkqtDyM/WrRQelY0uqppsKBtmX6bmx+neqUniaU/6tfptjP8zxQBvy2yOCCorz34gaALjS5mVR90/nV++1vVpoytuJt3+8B/6DmuZuNP17UH/foWUnpMc/zIpAjWj4ub//AHV/9Crd8N/65vqKz106UXF3IzoqygBf++s+lX9OePTmZvMEjHHA/wDrZoA9Cork5PFFy/8Aq41H0U/1xRba7dmUNJhh/dJxn8qY7nWUVkR69CeJYpEPqPmFXItRs5sbbhM+jHB/WgC1RQCCMg5FKaAPOdd6J/vn+QrR0X/j2tvof51m66flT/fP8hWjohzbW34/zNAjtqKO1FAwooooAKSlooAKSlooASloooAKKKKACiiigAooooAKSiloASlpKKAFo6UhpaAEpaDRQAUUCgUAFFGKKACiiigApKXFFABSUtFABRRRQAUUUUAFFFGKAD8aO9JS0AHekNLRQAGg0daKACiiigAFAoooAO9HeiigBDSmijrQAGiiigAoFFFAAKO9FFAB3pDS0UABoNHWigAooooA8i+JlzGPEtmJyYYYNpMxHy5PbNW4NTt7mMPBPHIvqjZ/lXodzoumXtx591YW88uAN0sYbp9anWytEi8pLaFY/wC4IwB+VKwHnX2seopRdA967a48N6Tc53WioT3jJX+VZNx4HhOTbXsqH0kUMP0xRYDBFx704T1PP4T1eDJj8mcf7L4P5Gsye01C0J+0Wc8YHVihx+fSkI1rGXdcgD0Nee2ZvdTuI7fyjukyys3ChckbifTiu00qbfegf7J/lXAeHr6/udejtr+S7FqrMCuCRjntg5qk7AdLqusWnhTSDZaSyTahMMvKOcH+8f6D/J8lvtPmuZ3mk3PI53Mzclj6816vrujw3UlvJpmny/xB8QFS3THGPrVZvCmoXCLttVj/AN9gP0p+YrnkR0m4U/KrD6VKun3+4lF49DXrkHw+upSPMuIl9QgLH+VbFp8M4+DI9zJ9EEf880h3PKI/EPipLNbRrqcwKu3aME49MkZNbGhmfX7+CDWhN9iBLMygr8w/rzXrtr4AsolC/ZI+O8jkn9K1rXwra22Niwxn/pnEM/nQB454n8NW4ltI9Asbl1IbzSyOSemOoq9oel3ekaPHFeW7QPJdbwrDBI+QV7Mmj26/eaR/q2K5HxxbQw3FiqERqPm5JOSGHFAFO+8L6XqWtWerXMTG5tW3rtbAZhjBbHXGBXSWsEVwmJQ5AOQFOK8t13XNdtfiBplva+aLSRkUwlflZWIDcDrjBOe2ea9U0glkJYDPPSkgLa2lon3bRT/vsTU6fJ/q44o/91BTuByelQvd28f3p4x7bqYg8kFtxA3E5JwOtKYgeuT9arvq1mnRy3+6KpzeIreIcrj3dwtAGi1uhGNorH1TR4p4H+QEkGoJvFPH7pVPoVVm/UcVzOq+LNWdikAZF9QqikxmBZaY2m32uZXAk8k/iBIP8K6aQ/6Sv0T+QrEtTdy2N9cXaOHdkAZmJzw/TNbMn/Hyv0T+QoA9F0T/AI9T+FalZeif8ep/CtSmMq6gJTpt0IRul8p9gAzlscV5tomieIonkjk0h1R2yZjKgB/4CTn9K9TpKAOI+wajazo09swQHlwQQPyqjKl/LPJgALuODt7fUmvQpYkmiMbjKnqM4qKOxtY/uwJ+Iz/OkI4yygnhDmaQtuIwDjj8hWXZvFBM8zyBZASEU9D/AJzXba4oVINoAGTwPwrzq9wdPmOOfN6/gaAN+e5FxtDwk7en+c1GNw+7Cg9/8itNEVok3AH5R1FIbePsCPoaAM79+wwXwPYf45pfJc9XY/Q4/lV025HRs/UU0xsOq/lTAqi2XOSBn1Ip4hAqbgdePrxTsCgCIRgdqeqgGnUooAWjAPWiikA6N3i5ikdP91iKtx6texdZQ49HX/CqVFAFLUbSS8VdpCkEmrOlg2qQRykDb1Pb86kooA7COaKYZjkRx/skGpK4rAzkcH1FWIr67i+5cSfRju/nTGdbRXPxa5crxJFHJ9MqavQ6vHIQHhljPqRkUAaVFVRfwtIqKWJJwDirWKACiiigAoopKAFopKKAFooooAKSlooASilooASloooAKPxoooASloooAKKKO1ABRRRQAUUUUAFFFFABSUtFABSUtFABRRRQAUUUUAFHeiigAxRRRQAUUUUAFFFFAAKMUUUAHejFFFABRRRQAUUUUAFAoooAMUd6KKADFFFFABRRRQAUUUUAAoxRRQAd6KKKACiiigDPvtNjuVDRxRLNn75XBx9az7bwvb25LAxq5JJMcQU/nXQUUBYz00e1X7wd/wDeb/Cp0sbWP7sCfiM1ZooAQKFGAAB7UtFFABRRRQAV518QXnOr2McdpPNGqBm8hC7Z3eg+lei0UAedwpdzQrcHT7pBjgyQMrD8COKma8ngsVaEMGLlSN23+ld9VGfTILicyyF8nHAOBSsI4Uy6jcc7f++gzfrxSiyvZPvSlc9hgf0JrvE020TpCp/3iT/OrCRRx/cRV+gxTA4OPw/czfeMjf8AfTD9eKuQeFHHPl7fyX+VdlRQBzsfhaMffKfq386uReH7SIg45/2VArXooCxxPjq1ittHiEYI3OcknPY1zUp/0kfRf5Cuq+IhxpEH++f5VyUrf6Sv0T+QpAelaH/x6H8K1KytCObM/hWrTGFFISAMk4qCS+tYvv3EY9twoAnpaypvEOmw9Z9x9FH+NZs/jO0TiGCSQ/l/jQBc8QHCW/1P8xXnF4wOnTf9dR/I1qa74m1S9miMFn5aIDhCM7icc5/CueIu10qZrqB4i0o27h14NAjv4j+6T6Cn1FEf3Sf7op+aQDs0lJmjNAC0wxJ6AfTinZozQBH5RHRj+PNJtcdgfoalooAh3Y6gj8KAwboQamppVW6gH6igBgBJwBk+gp4ikboh/GqGt3UmmeHdUvbY4ngtZJIy3IDBTg4rl/hTqmoa5YalNql5LdukqBfNOQoweg6CgDtZzFaxNLdXEMEajLNK4UD6k1h3XjbwnZEibXrVyO0JMn/oINRfE5FT4b6uFUAbY+AP+mqV84QKN6/WgD62SNWUMsTkEZBYgV5742+JcvhPWv7Kg0eCaTylk815jjnPGAvt616RD/x7x/7o/lXz/wDGIf8AFfH/AK9Y/wCtMDvPh5461bxfq17Bex20EMMAdFt0IOdwHJYn1rsfEW6HwzqssckiyJZzMrByCCEODweK8r+CYxrmpf8AXqP/AEMV6t4m/wCRU1j/AK8pv/QDQB5f8Dbu7ufFN6bm6mm3QBiJJC3O8c8n3r6Ir50+BP8AyNN1/wBew/8AQ1r6LoGFFFFABRRRQAUUUUAFFFFABRRRQAUUUUAFFFFABRSUtABRR2o6UAFFHajNABRRRQAlFLRQAlLRRQAUlFKaAEope1FABSUtFACUUtFABRRxRQAUUUUAFFFFABRRRQAUUUUAFFFFABRRRQAUUUUAFFFFABRRRQAUUUUAFFFFABRRRQAUUUUAFFFFABRRRQAUUUUAFFFFACCloooADRRRQAUUUUAFFFFABSClooAKDRRQAUUUUAcL8SpXWysokiZwzsTt5PQDgd+tcwlve3R+0Rafe+SAvzPbOvb3FewYGc45paAONg1S8s7SJLaLcXXnI6H8aa+oa1P1kEY+uP5V0raVbPM0jl2LEnG7AGfpUyWNrH92BPxGf50Csccba+uD+8umY+g5qVPD8suNyzv9eBXZqqqMKoA9hS4ouFjl4vDAHWFB/vHNXovD6L1ZB7KtbXFHFAWM9NHt16lz+lcj8RIIrXTrURLtBc55Nd9XAfFFttjZD/bagZbib90n+6KfuqnFL+6Tn+EU7zfekItbqN1VfN96PN96ALW6jdVbzfejzaALOaM1X8yl8ygCfNLmoPMpd9AGf4pOfB+t/wDXlL/6DXJ/Bb/kFap/12j/AJGup8TNnwhrf/XjL/6DXLfBf/kFap/11j/kaAOh+KH/ACTjV/8Adj/9GrXzjbj5lr6O+J//ACTnV/8Adj/9GrXznb/eH1pgj63g/wBRH/uj+VeAfGH/AJH4/wDXrH/Wvf4f9RH/ALo/lXgPxg/5H0/9esf9aARsfBX/AJDmpf8AXqP/AEMV6p4m/wCRU1j/AK8pv/QDXlfwV/5Dmo/9eo/9DFeqeJ/+RU1j/rym/wDQDQDPLfgV/wAjTdf9ew/9DWvortXzr8Cv+Rpuv+vYf+hrX0V2oGLSClooAKDRRQAUUUcUAFFFHagAFFFFABR1oooAKKO9IaACil7UUAJS0Ud6AEopaKACikFL1oAKKKDQAUUGjNABRRRQAUlLSUALRR1ooAKKDQaACig0UAFFFFABRRSUALRSUpoAKKKDQAUUUUAFFFFABRSUUALRQaKACig0UAFFFFABRRSUALRSUpoAKKKDQAUUUUAFFJS0AJS0gpaAEoopaAEopaO1ABRRSUALSUtIKAFpKWkoAKKWigBKWjtRQAUUlLQAlLSCloASiiloASilo7UAFFFJQAV598SrW/vWsIbSymuUXczCJCx7elehUlAHm9rZ6vLaiQ6VdRAD7sgAb8gaglnlt22zRSRN6OpX+deoU10WRSrqGU9QRkUrAeXi9B704XWe9d3c+HNJusl7KNSe8fyfyrIufA1s3NteTRH0cBx/SiwHOi596eLirNx4O1aDJheGcdgG2n9f8ay57DU7PPn2U6AdWC5H5ikIuicetPE49axluh61MtyD3oA1RL708S+9Zaz+9TLN70AJ4hfd4R1v/rxl/wDQa5z4Mf8AIL1T/rqn8jW5rT7vCeuD/pwl/lWD8GeNK1P/AK6x/wAjTA6P4nH/AIt1q/8Aux/+jFr5zt+o+tfRfxM5+HmrD/Zj/wDRi18828R3CmCPrCE/uI/90fyrwP4vjPj0/wDXrH/WveYW/cR/7o/lXhfxZXd45J/6do/60AjT+C3Gt6j/ANeo/wDQxXqfib/kVNY/68pv/QDXl/wdAXWtQ/69h/6EK9R19Wn8O6nDEpeSS1lRUXkklDgUAeW/Ar/kabr/AK9x/wChrX0VXh3wh8OarpGuT3V/YyW0bRiNfMGCxLA9Pwr3GgYUUtFACUtHaigApKWigAooooAKKKKACiiigApKWigA70lLRQAUGkpaACjtRRQAfhRRRQACiiigAooooASilooAKOlFFABQKKKACiiigBKWiigAooooAKKKKACiiigAooooAKKKKACiiigAooooAKKKKACiiigAooooAKKKKACiiigAooooAKKKKACiiigAooooAKKKKACiiigAooooAKKKKACiiigAooooAKKKKACiiigAooooAKKKKACiiigAooooAKKKKACiiigAooooAKKKKAKlzpljef8AHzaQyn1ZAT+dY9z4L0qbJiE0B/6Zvkfkc10dFAHDz+BrlMm1vUf0WVSv6jNZk3h7WbXlrQyKO8TBv0616XRSsB5HqcNwfDmtwtBKshsZQEKkEnFY/wAIYZrbS9R86KSPdIm3cpGeD617XdWUd2FEhYbem01FHpNnGB+7LY/vMaaEzhvFmmy654ZvNNgx5s4ULk4HDg/0rz6y+DupuQXvIlHoiM5/kK+g0toY/uRIv0WpKAsczDpt6Y1URkYGMnA/rVK78AWGq332zULeKWbaFyzE8D2GK7SigLHO6f4O0vTSTa28MLMMMYogpI9zWomlWqdVZvq1XqKAsQpbQRkFIkBHQ45qaiigYUUUUAFFFFABRRRmgAooooAKKKKACiiigAooooAKKKKACiikoAWiiigAooFFABRRRQAUUUUAFFFFABRRRQAUUUUAFFFFABRRRQAUUUUAFFFFABRRRQAUUUUAFFFFABRRRQAUUUUAFFFFABRRRQAUUUUAFFFFABRRRQAUUUUAFFFFABRRRQAUUUUAFFFFABRRRQAUUUUAFFFFABRRRQAUUUUAFFFFABRRRQAUUUUAFFFFABRRRQAUUUUAFFFFABRRRQAUUUUAFFFFABRRRQAUUUUAFFFFABRRRQAUUUUAFFFFABRRRQAUUUUAFFFFABRRRQAUUUUAFFFFABRRRQAUUUUAFFFFABRRRQAUUUUAFFFFABRRRQAUUUUAFFFFABRRRQAUUUUAFFFFABRRRQAUUUUAFFFFABRRRQAUUUUAFFFFABRRRQAUUUUAFFFFABRRRQAUUUUAFFFFABRRRQAUUUUAFFFFABRRRQAUUUUAFFFFABRRRQAUUUUAFFFFABRRRQAUUUUAFFFFABRRRQAUUUUAFFFFABRRRQAUUUUAFFFFABRRRQAUUUUAFFFFABRRRQAUUUUAFFFFABRRRQAUUUUAFFFFABRRRQAUUUUAFFFFABRRRQAUUUUAFFFFABRRRQAUlLSUALRSUtACUtFFABRRmkoAWigUUAJS0GigAooooAKKKKACikpaACkpaDQAUUUUAFFHaigAFFGaO9ABRRRQAUUUUAFFFFABQKKM0AFFHeigAooooAKKKKACiiigAFFGaO9ABRRRQAUUUUAFFFFABRRQKACigUUAFFFIaAFooooAKKDRQAUUUCgAooooAKKQ0tABRRQaACiiigAooFFABRRSGgBaKKKACig0UAFFFAoAKKKKACikNLQAUUUGgAooooAKKBRQAUUUhoAWiiigAooNFABRRQKACiiigAopDS0AFFFBoAKKKKACikpeKACiiigAooooAKKKKACiiigAopKWgAooo70AFJS0lAC0UUd6ACiiigAooooAKKKKACiiigAoo70UAFFFFABRRRQAUUUdaACiigUAFFFJQAtFFFABRRRQAUUdaKACigUUAFFJS0AFFFFABRRR1oAKKKBQAUUUlAC0UUUAFFFFABRRiigAooooAKSlooAKOaKKACiijFABRRRQAUUUUAJS0UUAHNFFFABRRiigAooooAKSlooAKOaKKACiijFABRRRQAUUUUAJS0UUAHNFFFABRRiigAooooAKSlooAKOaKKACiijFABRRRQAUUUUAJS0UUAHNFFFABRSUtABRRRQAUUUUAFFFFABRRRQAUUUUAFFFFABRRRQAUUUUAFFFFABRRRQAUUUUAFFFFABRRRQAUUUUAHaijtRQAUUUUAFFFFACUUUUALRRRQAUUUUAFFFFABSUtJQAUtJS0AFFFFABRRRQAUUUUAJRRRQAtFFFABRRRQAd6KO9FABRRRQAUUUUAFFFFABR3oo70AFFFFABRRRQAUUUUAFFFFAB3oo70UAFFFFABRRRQAUUUUAFHeijvQAUUUUAFFFFABRRRQAUUUUAHeijvRQAUUUUAFFFFABRRRQAUd6KO9ABRRRQAUUUUAFFFFABRRRQAhooNFAH/9k=</Resource>
		<Resource Id="6">iVBORw0KGgoAAAANSUhEUgAAA3cAAAHMCAIAAAD5w8beAAAACXBIWXMAAA7DAAAOwwHHb6hkAAB//0lEQVR4nOy9aUwU27r//3tzk/v6JufluffFTe45Of+To9kaNWq2mj2a7fZItqJEEAjIEFQkCthxAjuAjAId5pkOyCAqdlAmQegwySBImGXsMMgMHeiBbvg/TWHttrtpi+4au9YnK53q6qo1PGv1qm9VrbWe/7eFQCAQCAQCgUCQzf9jOgMIBAKBQCAQCBsEqUwEAoFAIBAIBPkglYlAIBAIBAKBIB+kMhEIBAKBQCAQ5INUJgKBQCAQCASCfJDKRCAQHEapVGZkZLi7u1+4cCEwMHBsbMzgAKlUevny5ZWVFeNzd/tpbm4uLS3Ny8vr0qVLq6urVGUdgUAgbB2kMhEIBIcZGBhwdHT89OkTSEOxWAzSUP9XmUzm7OwMAnR6etrgxN1+gqhcXV2TkpJ6enogTsoLgEAgELYLUpkIBILDrK+vNzY2Yttra2vnzp3Dnz6q1Wo/P7+qqionJycDKbnbTxqNxtvbWyqV0pZ/BAKBsGGQykQgEDZCeXm5u7s7/jUpKSkmJgY2Ll++bKAyd/upvb0dVCb86uzsfOPGDVy/IhAIBMICkMpEIBCcp6Sk5Pz58+fOnautrcX2NDQ0gF5UKpWw7eDgoC8lzfz07NkzOzs7sVg8OjpaVlZ24cKF4eFhWkuCQCAQNgRSmQgEgvOoVKqpqamqqipcNd64cePc14SHh2MHm/mpqKjI19cXjzYsLAwUJ/3FQSAQCNsAqUwEAmE7gEZ89+6dwc5Lly4Zz/4x+ZNUKvX29sa/gvrMycmhIp8IBALBB5DKRCAQHKaysjI2Nravr29hYQH05YULF2QymcExxFWmUql0dnYuKCiYm5urqamxt7cfGBigMPcIBAJh0yCViUAgOMzq6mpmZqaXlxfoy2vXrhlMDwcNir8Wf/nyJZGfhoeHAwICIDZvb+/6+nqaioFAIBC2CFKZCAQCgUAgEAjyQSoTgUAgEAgEAkE+fFeZ586dYzoLCAQCgUAgqAVd7hmBvyoTG4/FdC4QCAQCgUDQAbru0w8fVSZqZwgEAoFA8BOkAeiEdyrzHAKBQCAQCN7DtB7hBfxVmUxnBIFAIBAIBN0gGUAnfFSZ+AZqZAgEAoFA8AT96z4SAPTAX5Vp8isCgUAgEAjbA139GYHvKhOBQCAQCATfQGKAHpDKRCAQCAQCwS+QGKAHpDK3+vv7fX194RPf09nZaTATTd/N8adPn27dunXhwgX4HB4epiKTSqUyIyPD3d0dUgkMDBwbGzO/H0MmkwkEAnt7e/iEbSoyxjbm5ubS0tK8vLwuXbq0urqq/5NUKr18+fLKyor+Th6aSB8z7UcikXh4eMB+sAzj7cr4Lwk4Ojri/0dvb29mc4hjspmZzD+GmRZLAzT0dRyqO05g0p7mjWam+W3t0mL5CVKZ9MBrlQkX3cTERPjLOTg4dHV14fsbGxuhV13dZmlpycnJaWBgAPtJrVa7uLgUFRVNT08XFBS4urpqNBrSMwnJQb8MXTxck8RiMVyTzO/HMgYqITc3d3Z2Nisry9PTk4qMsQqwA9g/KSmpp6cHDKL/E/S8zs7OcHWEasJ38tBEBuzWfqDBw/6WlpaZmRmQm25ubiqVCvuJZqPt9peEROGfC9nG/pVwGP4Tg9Vq3Mx2yz+GmRZLNTT0ddyqO/azmz3NGM1889vapWPkLUhl0gOvVSbc7cXExCwuLt64cUP/Pwl/RbjWYtvQC8N9If7TxMTE+fPnsW2tVgvbsIf0TK6vr0O62Pba2hrkGXvssdv+re07VH3RCd0QfqRNAh2rt7c3lNr4J+iF/fz8qqqq4JKp35nyzUTG7NZ+MjIyYmNj8cOgweOH0Wy03f6SWG5NnsJUtZpsZrvlf8tsi6UBGvo6DtUdJ9jNnmaMZqb5be3eMfIWpDLpgdcqE8fkfxLjwYMHZWVl+FeVSgX3gjU1NXDNqK6uhnt9/KkPRZSXl7u7u39zP9zUikQi/CuIhpycHEozxizt7e1wzU5KSoLqgOrTvzjBTuhqYQPu6fU7U76ZyDz67QcuPG5ubmNjYyAm4I9w4cKFkpIS7CemjGbwl4QLp52d3f379+ECGRAQ0NPTg//EVA53a2YYxl2KmRZLJzT0deyvO25hYE8iRjNZy+ZbLA9BKpMekMrUsVvPOzU1ZW9vD/fi+jsbGhogEug34ZPSSwVc6c+fPw+p1NbWfnM/9DvQ++BfMzIy9Hsi2+PZs2dQBWKxeHR0FC6NIIywcWNQO3Atx97KOTg46HemfDPRbhi3HxCXiYmJdtsIBAL4O+CD85gymsFfcn19PTw8HCoXpHBubi7ULP4Un5EcmmlmJvO/tXuLpRka+jqW1x3nMLAnEaMZ1/I3WywPQSqTHpDK1LFbzwt/Zv03iVvbb5HgRrC8vBx6zDdv3sA2FW/MMVQqFXT9VVVVBp2Cyf18eypQVFSk/3YvLCwMrt9b21VpMJsBrnDYMXwz0W6YaVcrKyugCUBtdHZ2YjtZ8izTAA8PD7hqYtuM5NBMM8MPMMj/bi2WZmjo61hed5yDlGeZ32yxPASpTHpAKlPHbqNYnJyc+vr69HeWlpYKBAL8a2BgIOyhIp/6wMXp3bt35vcbDNbx9PS07RFOUF79yarQYxp3tZcuXTIzLtPmTfRNTLYruICBYbVaLfaVKaOZVyru7u67jRylv1oNmhmGcf6JtFgaoKGv41DdcQLz4zJNGs18FZhssTwEqUx6QCpTh8n/JFyAYb/BTuiI7e3t6+vrZ2dn4RO2d1swwhoqKyvhDhXSWlhYgGxcuHABW65it/1bX088hKuXzc/WVCqVzs7OBQUFc3NzNTU1UBH43Fgcg86UbyYyxkz7WVxc7O7uBukDauPTp0/4KUwZzeAvCfomJiYG/mtQoWKx2NHREX+3y3i1ElSZRFosDdDQ13Go7jiBgT2JGA2pTCIglUkPvFaZExMT2JAjnKKiIvxX6BnLy8uNY4ArhLe39/nz5318fEw+YrSe1dXVzMxMuGEFHXDt2jV8Xupu+zFAMQQGBvJn5bnh4eGAgAAwBVQHXAX1fwI5ZXL9P76ZyAAz7QouPLA/NTXVeIUdOo22219yaWkpLS0NLqjYSp9DQ0NM5VAf42Zmvksx02Kphoa+jlt1x37MVNluRjNfy1u7d4z8BKlMeuC1ykQgEAgEAsFDkBigB6QyEQgEAoFA8AskBuiB7yqTxHZmPiquNGjbKAV34Y/9qSspf2xoAG0FR3WH4CLUXf0RZuCvysTGppAeuXGcVCREKbZRCu7CH/tTV1L+2NAA2gqO6g7BRfQbEmpR9MBHlUl1h4XHz+me0TZKwV34Y3/qSsofGxpAW8FR3SG4CA0yAIHDX5WJQCAQCASCtzCtR3gBf1UmDUlwuh3bRim4C3/sT11J+WNDA2grOKo7BBdB7YpO+Kgy8Q3SG5l+nJQmRCm2UQruwh/7U1dS/tjQANoKjuoOwUVMti4EpfBXZZr8Sl3MXGnQtlEK7sIf+1NXUv7Y0ADaCo7qDsFFUHNiBL6rTBtIiFJsoxTchT/2p66k/LGhATbQ1/G27hA0gFoXPSCVyfmEKMU2SsFd+GN/pFRIxwb6Ot7WHYIGUOuiB6QyOZ8QpdhGKbgLf+yPlArp2EBfx9u6Q9AAal30gFQm5xOiFNsoBXfhj/2RUiEdG+jreFt3CBpArYsekMrkfEKUYhul4C78sT9SKqRjA30db+sOQQOoddEDUpmcT4hSbKMU3IU/9kdKhXRsoK/jbd0haAC1LnpAKpPzCVGKbZSCu/DH/kipkI4N9HW8rTsEDaDWRQ9IZXI+IUqxjVJwF/7YHykV0rGBvo63dYegAdS66AGpTM4nRCm2UQruwh/7I6VCOjbQ1/G27hA0gFoXPSCVyfmEKMU2SsFd+GN/pFRIxwb6Ot7WHYIGUOuiB6QyOZ8QpdhGKbgLf+yPlArp2EBfx9u6Q9AAal30gFQm5xOiFNsoBXfhj/2RUiEdG+jreFt3CBqguXUZJ8eT5o1UJucTohTbKAV34Y/9kVIhHRvo63hbdwgaoL916afIn7aNVCbnE6IU2ygFd+GP/ZFSIR0b6Ot4W3cIGkAqkx6QyuR8QpRiG6XgLvyxP1IqpGMDfR1v6w5BA4y0LixRXjVspDI5nxCl2EYpuAt/7I+UCunYQF/H27pD0ABSmfTASZV5zjqwSLTaTdnCanXnp+cN3R3DU9YEiAHigdggTv1Mkp4QpcE2SsHdwB/7U1dS/tiQqYKjukOBi2G31sUU35A4tgX3VKb19bS5udk/OX8zruh7n+hjXhFHroYddguxJkAMEA/EBnFCzBA/RQlRGmyjFNwN/LE/dSXljw2ZKjiqOxS4GHZrXZZhpQhBKpPtWK8yRz4vQWs77h11xD30jCDFObLgVvprawLEAPFAbBAnxAzxU5QQpcE2SsHdwB/7U1dS/tiQqYKjukOBi2G31mUZSGXuCY6pzHN6Yxosqyq4iYG7GWhqcGcT86ppZmWNlIxBPBAbxAkxQ/yb21CREKXYRim4C3/sT11J+WNDA2grOKo7BBcxbl2WxWO9CEEqk9VYX8FLcgXcysA9zV1xNbanrk+WVvXBmgAxYFFBnBAzxA+pUJEQpcE2SsHdwB/7U1dS/tiQqYKjukOBi8Fk67JAP2whlbl3uKQy8box3iBO9/hnuJWB8FE2B1+FRXUHnB/986LAmgAxQDwQG8SJRQ6pUJEQpcE2SsHdwB/7U1dS/tiQqYKjukOBi8Fk62JKhCCVyQGsqaTWocljXhFnBCmLa8qJhVW4pzl7Ny1W0mJNgBggHogN4oSYIX5IhYqEKA22UQruBv7Yn7qS8seGTBUc1R0KXAwmWxdTIgSpTA5gTSV1DE8d9Qz/7U4ytLb+qUXYvpZUamV+IAaIB2KDOCFm2MZWTyCSkHpDM7Mkbx+eetczVtM9Wts9RlGAyCGJ1k+T04urkCi5paAU9piIUlhrf9IhXtKyho9+cYV3Ep619Iy86xgQJJZcj8kvfts2s7AyNDGT8rLOO1IclVcxMD7T2jcqzJLwx4YG0FZwVHcILmKydVkTIVKZxEEqk2GVWf5hyDU877dbokOuwuMeYT9ei/rNL/bft+PP+YvOBZAc7AJEF++n2j1If90+SG4pKIU9JqIU1tqfdIiXFGSKv6j4bWvvwop8XamWdg09SCv1icrLr2ypbe8HmRIuftM7OgU/bW5ufhic4I8NDWChykR1h2APSGUyCFKZDKtM1+hCn8i8n27E/O4vuh6dn/KiDrrjiZmFVblCqd7QajexqXAGE+L0d2IzMY1/NT4S46IgyfFxHrmloBT2mIhSWGt/0iFe0rvJL9629q2u74zTV6k3GrqGop9WekeIQaxE5lX0jExaFjMT5aYQFqpMVHcI9oBUJoMglcmwyrR7kOEszIwvfBuYUOLwMO28IBmEVLi4vLC6tbl7ZHp+Wb6mgA5au/knBjHoL19srKWMf3UKzjh3L43cUlAKe0xEKay1P+kQL2mptHNo4qtB+lNzSwVV7x+L34BYKa5pG5J9tixmektMOSxUmajuEOwBqUwGQSqTaZX5MMMxKH1VrugdmXrd2C16VuMvKra/l+LwINUvrhBu/V/UfegYGJ9e0Gkp9YbGpIoyj76K2tqWUJAouaWgFPaYiFJYa3/SIV7S5+86Vr5ecKSjf/yVtPNmbMG9lBcSaSfcX1gWM70lphwWqkxUdwj2gFQmgyCVybzKBE2zta1vtJubi6vy7k+ysoaPoqK3IKHs7iS6CLNui4pBS72s+/Dxk+zzom6U04ZGY/BGWD9Og9fEes/4uKoyWWIiSmGt/UmHeEnDcl9LOwfXlTtyBO4kxG+aAhOeSRq6oOoFyc/hrmNpdWel7ve9o/yxoQEsVJmo7qyhb3JBWFTnKXp+USg+H5xtq8FemHs1vuRhfk3HmCXrChEHqUwGQSqTFSrTQANptdrZxVUQTHDHH51f6R0pPi9IchVm3YovelJQJZF2DYzPzC+DlFJpt4cl7pYxk2+KOaoy2WAiSmGt/UmHeEmvR+cLkp7XtvdDRY5OzWdJpF4R4keZkv7xmYrm7tuiopuxBVDXCyvylp6R0Owy/tjQABaqTFR3FlPdPX7iesy+y48OuYUc9Qg75hl21BaDrlweOq/0UNKjXpHPWweoMylSmQyCVCYrVKb+nhX5+ufFFQgajXZDo5maW+ocnCit/xAufuMWkn3hbjJoqZtPCmILqt+29o5Nzy9tD0vEtJSZIYk4HFWZ+nuYMhGlsNb+pEO8pC/qOkCLBIiKq973vm7qvhHzVJgl6RySrSvVUKVv2/pAx8DO5+86imtaYYM/NjSAhSoT1Z1lyBblpwOSjriH1HZ80GyooX9iOkfUotFsfBgaBMV5yjcWqpiiVJDKZBCkMlmkMkHuQP+bIZH6xRVCGJbN4u9zFUr15NzSxyEZdMrCrLLtSTBJLsJM3ydPk56/k3YOymZ174lVenOut4xeFnP9jfkW0yaiFNban3SIl3RxdU0i7QI5ciu+qKzh44PU0o6BcXwp03Wlqrq1NzSn7Fp0/vN37XGF1fyxoQEsVJmo7iwjqaJ9n+OjdEkl0xmhlYrWtn2Xg0OK6yiKH6lMBkEqk0UqE3hW0342QHTSJ+qkd6RbaI6xGFpTqKbnV3pHJ4vftkEPbncn8Q9BEigq3ycF6a+k7X1jnxd1K/xoNH8+t7OZcZkYDJqIUlhrf9LZU0lHJ+dKpZ0BCc9ui4peSTtnFlb0o+oZmXxW2xaUXrotVjr4Y0MDWKgyt1DdWcTNVMl+J+G6Yp3pjNCKRrNx0EXoGlNEUfxIZTIIUpnsUpmJz9+BeMIkFHzuNl0a01KzS6vdI5M5rxtBP/07IOHfAaI/BIk3YwvF5c0D49PL8nWFSq0xGpXo9CiT0yqTQRNRCmvtTzrES7qwItdNFoktKG/u3hYrxS/rPswtybF4Bidmkl+8844Uv+sYCEp/5ROVx6wNsfilA7LyrhGDADuxXFGR7hYrVSa36o49XE9+BSpTraaqqbAT7ab2oGuIc2QhRfEjlckgSGWyRWViQie7rOFn3ycnvaNAP50NSNhNQm19efwGAgl00rJ8rWtIlvKyzlWYddov7le/WPi8k1gikX6UfV6UrynVutfEO1rqijCLoyqTcRNRCmvtTzrES8p+L4Ujs8vP3w8EF9S6RBX+Lkj90S/+uHfkIVehQYCd8BMcAIfBwXAKnEhWHrZYqTLZX3fsxDdFwkeVqdWpTPh3UBQ/UpkMglQmK1QmrpM0Wq2ouObi/RQIc0urBm9y4XNpdW1qbhnCxobGYH40/FHl60ro02MLqy7cTT7tF3vqWhRoqbvJL8ubu8dnFpa3RyVe0T2oyyS3FJTCHhNRCmvtTzrES8paL4XTy/I8affVuBLQjkfcQ0FHHrkadswzHNTkce+o732iDQLshJ/gADhMd7B7KJwIp0MkEBWdJqUtIdbWHcvhqcrcRCrTZmGXytRoNI2NjTk5OSKRCD5hG/YYH2Z7KtN4v8FwQ4z5Zbkg6Tn2prh9YNxg5or+8WsKVXVbb0h22cV7Kb/dEp3yiToXmBCS9bqmrf/CvRS7B+nkloJS2GMiSmGt/UmHeElZ6KVwaGZJWFR3OjDpsFsIiMVjXhG4joTtox6PYSf8ZBBgJ/wEB+AaFLaxIyEqiBCipcek1qSyp4RYWHecAAoIKlOl4pnK3H6WeSWigKL4iatMGkQIUpmMIZPJPLeJjY3NyMiAT+wr7Dc40vZUpv4cFJNJYD/phiTqxiNGnfQxHJJo8DwP2wl/3ZmFlbLGj8JsibMw8/StuONe4XC1+8kvjtxSUAp7TEQprLU/6RAvKau8FE4vy0OK63/0iz/oKjzmGf5FXEZizzJBNYJevCjM9Ra9EORWPch7iwf4CjvhJzgADsOeZcKJO3LTMxwihGghcoufa7JQZbKq7jgENJj9jsKajg9MZ4RW+sdGQVvfTJVQFD9BlUmPCEEqkzEEAgHcOhjshD2w32Cn7alM/T36Ksrgcd32xJdt/eStE1ImhZfxczv1hgaEVHlTt19c4Q/XY0BCHfeKILcUlMIeE1EKa+1POsRLyh4vhSUt/b8LUg9uq0lMHUIjOewW8pOfCBRkalWHtF82uSTX7r7+P/wEB8BhcDCcAice1q25/Rh/tAmRQxKQ0F7zRmnBLU6IPXXHLWp7Jw65hp7wiVxYWmA6LzSxrlj70Tf6uyvCl22DFCVBUGXSI0KQymQMe3v72dlZg52wB/Yb7LQ9lWkghnZ7XFfZ0nPxfqruWZ1P1N3kF7sdhgG/rsjXe0enKpq7o/MrHR6m/XQjxv5u8knvyF9uicgtBaWwx0SUwlr7kw7xkrLBSyGc5Z9ZfuRqGK4IYRvCRWEu6MVPny2cxAMnwukQCRYbrlxhG5Lb62x0FqpMNtQdF4G7EWFR3QEX3Uhf9/CU24nim/FZthqgdN4x6cc8w/dfEQZmlas1WoqsSlBl0iNCkMpkDLhdyM3NNdgJe/j2LLO9f7y0vhOCQqXWV1TwqdFqJQ0fo/IrISzL1/Qll/7rYJV6Y2xqvup9T/KLOp+ovN9uxZ8NEN2IeRpbUA1y6g9BEkfnmOMwZSJKYa39SYd4SRn3UvhhfBaE4EHdJPEo7O32YbcQp/D80rbBddWG9aaASCAqiBCixd7CQ0KQHCQKSROPh4Uqk/G64zTp1Z2nA5MPuITqgqvtBpfQ71xCfr4tii9r0Wgp9HJE/FkmDSIEqUzGkMlkHh4eXl5eIpEoKysLPmEb9vBhXObWF53UMTAOffFPvk9+uhGT/kpq/ChuQ6MBhQTB+BXwhkYrm12q7xzMkjTcS3l5LjDhV79Yj8fix7lvntW094xMytcVGxsa7q7KzriJKIW19icd4iVl1kvh2+7xn2/p3mtjDxp1M3UCErNru1QbJmYDWANECNFC5PppQdKQAYIxsFBlIg+TVjInX/8om+NDmFlZo9qYxMdl0iBCkMpkErVaLZVKsdqFT9iGPcaH2arKBFJL609di8Ze+IKQMtBJJt8Xw/aSfK2tfyyvvPlB2qsrwZk/+z5xepQRlC55WvW+pWdkZn4ZJJfmixdvp2CursrOuIkohbX2Jx3iJWXQS2FF1+iJa7oRuvB53DvyoKvQJ7HU4vfjRIDIIYnt56aReNKQDSLnslBlIg+TCPZAfI45DSIEqUwOYKsqcwubvLIzRXpn8orxszpcS2k02qGJmZLaduisvcLFZ26LzvqLbsUVZUqkdR8GRybnoCvf1k5/+rbZllDcfpbJoIkohbX2J509lZQRL4Xvh6d/8hNhOu+YVwSEJ5JmSt/oYUASkBCWIiY0IRuQmW+eyEKVuYU8TFpB3+SCsKjOU/T8olB8PjjbVoO9MPdqfMnD/JqOsc/fNooVEFeZBEEqkzhIZbJFZW5t65u+sWmfqHzsQV1xTdtuk1cWV+U1bX1ReZU3Yp7+IUj61S/OLSQ7trC6vKkb+u6l1TX9J3MG53JXZW4xbSJKYa39SYd4SRnxUgjH/OqfcORqGCYx4bOwsZcWw+wAyeFJQzYgM5Al86ewUGUiD5MWU909fuJ6zL7Ljw7pViEIO+YZdtQWg65cHmGH3UKgpEe9Ip+3DlBnUqQyGYRdKhOtyg7Cp3t4sra9Xzdqfk1h8Np3TaHqGpJlvJJCr315e0L0ucCEh2ml0H1/GJiYnl9eV6o2NBp95WSgojj9LBODQRNRCmvtTzrES0q/l8LZ1fXzwdlw5dt5iukZXkrZ6ipmgEQhaUxoQmYgS+bHrrFQZSIPk5YhW5SfDkg64h7S2jeg0WxAh8R0jqgFLvGDExOgOE/5xn7zbspiiKtMtCo76bBIZTK4KrtSvdHQNxH9Qhqc/xZCEPaZt7ONbeD7/wx5b1PL308urJL4xnxr24PixoYG846I7dRotLLPSy/qOh6kvsRWDj91LdonMj/3dVN7//jY9Lx8XQnK6cuDua8mU+Of+AZ3VSbjJqIU1tqfdIiXlGYvhdA6rie/OuQqxJZbB52XXdtFs3FwIGnMZSVk5tD2qFAz67wQLzhtfR3yMGkZSRXt+xwfFb1rYDojtNLU07vvcnBIcR1F8ROf/YNWZScdFqlMBldln12W+yW/+vV2wp2UlxF5Fduh0ihUfL1RcTO++Aff2CJpN4lvzPUfsIEoWlOooEeOyq9wEWadu5P44/UYx6D0J0+rpJ26MYXQe+vrpi1Tgsk4Re6qzC2mTUQprLU/6RAvKc1eClOrOjCJic3yjnnVRLktzBIracZnnUPGEivadjuSeMFp6+uQh0nLuJmq82OuUCq+fagNodFoDroIXWOKKIqf+EpGaFV20mGRymRwVfYvPa/oXoakf3Je/3hjFYLveds5dOZOMikqExc9IIigO15dU8BdfnZZI9zxX7ibfNZfdEGQHJzxSiLt6hubnluWq7cf432zsLakMtlgIkphrf1Jh3hJ6fRS+GF89uT1GMy1D0i6WxmvqbUCMSAbmPCFjJ268WS3RTT3rjIp7+uQh0nLuJ78ClSmZsPEvGYbRrup82PuHFlIUfwEVSZalZ0KWKQyGVyVHet5zz/M/OW26LIwO6/2g1yh+5NjnaxqQyNXqLR6j9CwT+h5fyNPZYJyWlpdG5mcLW/qDs6QuAqz7O8m291JvB6VLy5v6hycmJxbkq8rNXqzofUxGFxoBu6qTMZNRCmstT/pEC8pbV4KNdrNq3El2HDMI1fD/gjKWpBb+DDJjJNJC5iTr9s9zMSmIkH23GOfmXxvvleVSUNfhzxMWoZvioSPKlOrU5kuUQyrTLQqOxWwSGUyuCo71vNGFtX2TS48yK04cyfpakzRi8buqBKpW3Thj37xp27Epr55v/R1p0mWyrz0IHVkcu5dx0BcYbV3ZB5InEv3U93DciLE5W9b+4dlsyCtsAkrxqebee27G1xUmSwxEaWw1v6kQ7yktHkplHR8OuIeirneOeYV8a53wrKi5Ut7nMLzQbA+kTQ3DU0tr+/NUaRJIDPHvSOxAZqQSZOzkfaqMmno65CHScvgqcrcZIXKRKuyUwGLVOYWc6uy4z3vyrpyXaV+2dTjE1t0yjcWLjnbAbr4qJPXY0Kevh2eXtC/vyfljfnPN5/cSSy5HJR+XpBkdyfRL7Ywu6yxa0g2ObeEDY3f2l0kmRFPu/3ERZXJEhNRCvP2h55eo8XDFmXLQxIvKT1eClUbGpCGmDPxQ65CQW6VZeWak6+DSoMYQAvCJ6jVc/fT72RXFDf3j8xatZz7g7y32ADNox6P7YU5cqVhr2iByqS6r0MeJi0DCggqU61WfftQGwJ7lnklooCi+InPMUerspMOu1QmQShVmbo5JdpN6GFdw3LxbhcLp248iXn2bvXLix6yVOZxr4hfbsb+5PvEMzw3Kq8CbvGHZJ8xB4nmlZMFumqLmyqTJSaiFGbsr9XNoBqcW0mu6fJKLD37IAMP8BV2wk8ashUn8ZLS46XwVfsQJjFBF/7kJxqdW9kt5+YB8ecQlvfdleDtueG6HgPzew6iE9Sn25PiWElz86cp7A31nphYWP35lggbM2rycaZlKpPSvs4mPUxCNromZmt7J2p6xrHP1pEZ2aKcxCTgjmK/o/B9H4WLR7KQ0akp0NY3UyUUxU9cZRIEqUziIJVp2PNih62uq7xjCvS63UhsO7Kgel21sUXquMzvvSPs7iRCcBFmBqWXFte0fdgeYriypoALvP786N2w+TfmLDERpdBt/81N1Ybm+Yfhs/fTQQkd3H4Cd9TjMR7gK+yEn+AAOEznvJukEYfES0qDl0JoPu6xz7DX5YdchWElUmuKNjSz5J9Z/u97aaAIdfryahj2phs+IQnYA/v/CMqCY4qb++Fg4jFDxrBpQBAPZNhg9KdlKhM7l6K+zpY8TIIdJB2fIGldxjwe73O4/y+He1iA/wjcQrhEFWbVdGHmshIQr4dcQ0/4RC6vUujOlFUoFIoffaO/uyJ8SdnatEhlMghLVebq6mpDQ0NjY+Pamom1iKlUmTv37vPydV/RM/23SBBO+yc8k3bjjubIUpkgniTSTl0/G51/+WG6W2j2jSdPI8TlL+s/9I1Nzy6uyhV/zmgxUEsG6srMLFH8SC6qTJaYiFJotb9289PC6pm7qQddhHDVxJ9gmQxwABwGB8MppDzU3FNJqfZS2CObx4Zjwt/8h5txFj/I1GdBrmgcnIwqbXSOLDjlG7vzAv3LA05MwYPi/MlP5BpdFFfWIu2XGb8ENwAyBtnD+qIT12K6ZV9ND7dIZVLe19mGh8nS9qELj7K/uxK83/HhqRtPrkQ8vZ3xJiCzHAuQH7htgJuHA86PzgdnW6+ToBcTFtUdcBHCLcr1uOyg7BJBeqGtBijdrSQx/DX2XxEGZpWbWRHWSixQmdSJEKQyGcPb21up1N1ed3d3Ozg4eHh4uLu7Ozk5ffr0yeBIqp9lYmqj6sPQ74Jk/Z4Xuhj/5NL67lHl9rtast6YOwZnKJTq6fnl7mEZ3P1H51dcfZx7+WGaa0j2teinouK3FS3dgxMzc0sgpdRaPaeIJje2bPGNOUtMRCn02V+7WdUng2vY9pM208ryhNEe7Hg40XqhSbykNHgpBJGHDXmET7/0MiuLZgCotE+fl/OlPaBLfhekghbRPTO+Goa9+4ZP2AYBCj2M3YMMQU5lcXP/+PzqbrH5pZVhWYVTRG9aLTMpbX2dDXiYhLuFO9kVcIsF+vKiMDfnXbdsUW7szh5uVNyeFJ8OSIT7B90aWOmvzTtqIkJ6defpwOQDLqG64Gq7wSX0O5eQn2+L4stajA1LIgRVJj0iBKlMxgDTw90DbPj7++OrCYjF4sDAQOMjLU6FyFgl7Ei1RiN+23Hy+hPoc+3up9/PKU+TNLqE59kHZYpKpbIFOYnrZW596e7XlSrQUr2jk6X1H8JyXzsGp19+mH7lUQbc7ic8q4EeeWRqbnFFjg1JxCPZ1EP/K/6rfopcVJksMRGl0GR/7Wbz6Aw2NwXTE3fFVUXN/Qq1Bq6puKbEJkevqzbKOocfl0h3Rhl6RcCJcLqVQpN4San2Ugi3I86RBdigzCPuoS9aKXQmuaJQveudwB5w/ugXD3pR9wJdbwQnNm0IfnKNKXoiaZYOyAymqEP2sDf7kGGXqEL9l+YWj8vETqeir+O6h0m5Ug3a8V8O90Bwg+aDP4jJw0reD8D9w36nIGHhu4bByR9uxoEkvRQiJuWhOIIsCKpMekQIUpmMgVcw3DpMTOysJDI3N0fbquz6Y5Uw1pTq1oGJyo7Bocm5Bfm6Qr0xMr0QXljzq3+CV0xBcF41bJDo+wdnc9sf9+zSat/YVGH1+3spLy4/TLt4L+Xi/ZQbMU/TSuvf94zKPi+uytc1X5bvMTkw0fhJ3haXVaY+jJiIUuiw/+bmyKIcIjn6RdxEvJCqvgyV02g3cZWp/+oKDkgob9t527t9LkRizRhN4iWl2kuh3mvoyNMBibOr65bbdi98+rxc3Nx/O+PNbiM49aeoFzb2YpIFdA+UYvv2QPdyf2Lhz6ee1ozLxCC9r+O0h0n4L/ill+1zuA8KsmvC9Er44/Ort9JfH3ARHnTV1VfQ05p8aa/uD+LxGETnH0FZ08tkzgpCWMNeVSalIgSpTMYA00N1wsb9+/ebmnZ8u/X19Xl6ehofaXEqBMcq6WMsTbplc54xBT/5xcN1l3SVObe0OjY1DwHzu72uVEE33T0sE79pgo4bhJTdncR/+4t8nxQUVLb0jEx+XlzRH5VoPudbNqEymTIRpdBgf5VG+/vdVPxFeXbtR/1fd1OZGIVNffirc4hEZcUIKuIlpdpL4av2IWxYKgg774SXFpfIYpbXldIBGfaAE4QjNiHdeIo6/OT2pFj0+r29MAf7FT7Lu0YsKDhtfR2nPUzCbdV+x4dg9taRGZMHiOu7f74t+qfDIztBrCAxBaT/bwLd549+8ZIPwy5RhaBQvUUv8Fs4BLMQV5k0iBCkMhnD0dHx3DZ2dnbh4eHYzpiYmLS0NIMj6RmXiR1vMIwPf9M6vSSHG30S/ZhjSYBaCkp/ddovDkLnoAxPDgSSamNDvqboHJKlv5J6hotBSMExv/nF30kseVn3YWB8Zv7rUYkmH90BTo8yOaoyGTcRpVBuf+1mlrTnoG4UoE7BCAvfGfxuXmUC0aVN2K8QCURl8Xtz4iWl2kvhE0nzwS8Tt2HbsuKQxeD04tOGXr/0snP30/UfcGLDJSGHEGAbc2t+8Gu35laOy8QiIbev466HSUgIe6jc/MmEEIFq8kks/c5ZeNgtrKFHt96QRqM+6hl52C0Uaq28axT2jMwunw5I3O8UlFXTZVke+iYXhEV1nqLnF4Xi88HZthrshblX40se5td0jH3+tlGsgKDKpEeEIJXJJBqNZm1tbXFxcX1959VVaWnp0pLheh/0jMvEMPP0q7J9ALoScp9lJj5/d9I78qRPlC54R+72hle9oWnvH094VuselmsnSPzxRsyZ26L7KS91XrxHpz8vroKW0mgNl/jBtq8Is+weZhrnhD29vAHsMRGlUG1/uVpzyjcWe1d+V1xl/JTlmyoTdmJjNCESiEq+y0i1b0K8pFR7KfRLK9sZ6egeWrGtD9jAglzRNDQV+bLBJarwh5tx+lPUMYmJzVXSXz3eynGZGOT2ddz1MCnIqdzv+BASSq7oCCmugzaPB7g3+8U/8V+XhTcTClWqnSEH8jX5YXeonch8aS8eSVFz/wHnR2cEKXPyPQ/DqO4eP3E9Zt/lR4fcQo56hB3zDDtqi0FXLo8waMlQ0qNekc9bKVwilPgccxpECFKZHIC2cZn6N/f6QgTESXXXiGtE/olr0eSqzOQXdacw/eQTdep6tH6/b/zsDbZX5Ou1HQMxTys9w8XnBUk/XI++cDclNOd1RUt3/7huiR+lSm2woqSzMJvTKpNBE1EK1fZ/0z2OP8isNeVB8ZsqE2j+NIU/zoQILcsJ8ZJS6qUQqhxz+YOpt56v1wZiA5DD0bmVfGmPf2b52bs7IzgxlQnZdntSjB9p/bhM0vs6jnqYlC3K4Q4K/v4BmeX7nR7+yyH4/7sU9M8vAbaPXA3vGBrGj4c68o7LP+BiuKI4/JtcowtBrRqMSyGSgdMBSUfcQ1r7BjSaDagEcgrGVkDVDU5MgOIEs0MVU5SKBSsZmQepTOKwTmXigyFwKisrDfbQNi4TetiZJfno9AJ8KtS6FXeVas2gbC44r+pnv/h/C5JPXoshUWVCn/6mqfvi/VRQQhD8Rc8MnrFt6Tov7Qb0PXozWrbzqZ2aXy5v7n6c+8Zj+03x994RrsKs+KK31e97e0en5pbkSvXOoztOq0xmTUQp1Npfo72WIgGNgmlEk4uGEFGZcAz2OBOiggi3LBqdSbyklHopVKg1utWFdM8II08HJpHrwYV0VhSquj5Z0NNabHXPox6P7R5k4NVk/bhM0vs6jnqYBFH4z0t3n0iaoZ1/5yzsGh6TK9bka3I8aDRfrWwakF5ywDUcbrrui6sNoips6gOVeTWuZE8ZSKpo3+f4qOhdg7Ul4RRNPb37LgeHFNdRFP+eVCbVIgSpTIaBChge/vNOsa2tzbhKaBuX2T0xe1303O5++o2EFxmvm99+GMqv+eDwKNsxJDenqrVQ+pGslYz0H7+VSjtDsssgyNcUBu+wQCp1Dcmgj4YgN3rhtbU9xH5wYuZFXUdwxqurj3PO+ot+uhHjHZGXUFJb+b4HtNTi6hpH35izwUSUQqn9VRuaXwMSsdflp3xjTR4DkuWbKnNr+yqIvTSHCC2b3EC8pJR6KZxelv9yO+GYVwQITahug2WD2Mns6vrPt0QgiyHboIzxPFs/LpP0vo6jHiZvpkoOugjr+2Whz6T7nYT4a3GTiF7VfucafjbwyWE3oSDHUIhMLKzCf+1X/4Q9TTaHDEC6CqXi24faEBqNBszuGlNEUfx7UplUixCkMhkGKsDFxQWr48bGxkuXLtGsMnFdIu0d93pSpO/b93RA4rl7aUE55a1DMrVGQ/p6mfr7TQ7J//hJ5hUuxl4Wi8ubDV5v6aNUbXQOTRRWvQ9KBy2Ve+Z2/JlbujnXSc/fnQ1M4KLK3GKBiSiFUvuDHDn6ZYHMk9dj4CLaMDgpHZDh4f3wdJ60B2/qcMDMyhpcHQ3C5JIcU5k6oekVYZkyI15SSr0Ujs/vOAc/6vH4UoiYE9OBQWVir84hQObxxYysHJdJRV/HRQ+TGu2m3YMMKP6CXCEsfAdqb12x66jK0qbOfzk9zq2UwjGgkIxVJsTmHFlw2C2kfdT0RHWTXE9+BelqNvbs7J7TaDe1B11DnCMLKYp/ryqTUhGCVCbDREVFtbS0uLq65uTkODs7d3V1eXh4GBxDw7jMztEZ14h8Pd8nOyvq5Va3L8rXsUF8ZHmYNFimx0A86fPnxBf49I4yKZ629J5PQD6XVtfa+8eK37aFZJdBQnAuXJ84qjJxmDIRpVBq/09zK0e/rI9DVoAIP1m09PSeSkqdl0KQaJxTmeuqDXthDmSYFJWJnUtdX8c5D5Nzct2jYkgOBGLQ01ozKrN9aHjflcfukbpeQqNR779iQmVubT+Y3OdwH+7iiOfBN0XCR5Wp1alMlyhWqEyqRQhSmaygqKgIaqKzs9PkrzSMy6zoGDy743LtT69rdvfSartH8ahIVJkmn9KZllBf5labkVAGMShU6r6xqfRXUhdhFpyrc2fHQZXJBhNRCrUqc3aZEpU5u0xpSSn1UqivMh1CxdT5UCYRyCRklSSVSW1fx0UPkzMraz/5if59L828yhydmdnvEv6b/5Od75ubu6lMbGl3pDK/CfYskyUqE4M6EYJUJsNcvny5tLTUyclJLBbDDcTo6GhMTIzBMTSMyxyfX3F9LDboeeH+/mVTD65OSHxjbkYMYeyMnRqe9I7YeR2cV9liMJ/aAK12c3phpaK5O7ag+npM/ll/0S9+sT6Reb/4xdmAyjSGBhNRCqX2H51fxVXmiWvRp248OXk9Rj/AHmxayZ5U5ujuTrdJKSmlXgrxcZkg2i48ypEruXFdh6we8wyHbEPm8QF/1ozLpKiv46KHSUxlmn+Wubi6ctA1/AffaK1257ZEoVjfTWWCZNyryoQCQrpqtYk1820Y7FnmlYgCiuLfk8qkWoQglckw2JCIsbEx2G5oaMBWSTU+xuL4iYxVmlmSZ1a8P7dzf//nWCX3iPzhmUVctZCuMrHPl/UfhJkSCPI1wwHgoIq6h2VV73shrClUu+mnNYWyvX9c9Owt9PL291J+9n1y6X4qdOjlzd09I5OXHqRxV2UyayJKodT+Kwo13pjviqtMHrO8rsSbOiZftJubxuG+uBqPCqKltKSUeilcV22cEaRgiu3s3TTa3EtahmpD0/xpKvy5FO4Hjm/7/oHMQxGwXy0el0ldX8dFD5NYkzAzLlOhUBzx0I1vVqvVejtNq0yQqrqlstxD97Tk+IO8t/sdhe/7KFw8koWMTk2BtQ1WgyIRC8ZlUidCkMpkGKgArHYxWlpaaFaZDf0T3nHFp/0TYc+vt0X4Lf6ZwKT3gzLtl2dj5I7LxB+5vW78CKLn1LVoCLdERfoiCTsG7vk0Gi22vuOW3vhC+FSrNX1j0+Ly5gDRsyuPMkE5/XY7XpD84llNe+egbHphWanWub3hqO8fNpiIUii1v3pD8/u9NOxx5tm7qaaP0ZtjbmaQokOoGHuQCRGqKZ5jTqmXQmgg2BhH+Hf/5Cf69NmSt/9UI1eoa3vGQ5/VQ1aPby8gdXx7dU/INuzBV6SyTGVS2tdx1MOke+yzg67Cd307c8wVyj/nt2k06lM3Yl62fTJYw3I3lTm5JP/hZtzpgMSZlTXiGajtnTjkGnrCJ3J5lY0NkgpAu//oG/3dFeHLtkGKktiryqRUhCCVyTCNjY0Ge8rLyw32UKQy/VNeBW0vDuf9pEjaM7qh1U4uyis6R2JfSoX51RV6XoMxSJ/9A7158ou6k/iS49e+WnJ8N3QL3S2svG7sfphe6hicceaW6NS1KO9Icaak4cPAhOzzonxNob/qOKf9mDNrIkqh1v4a7R1xNaZRfrktwp+B6aOvMhW7+PWB/dgkXIgKIqR6vUyqvRR6i15gvn9AtO3msZoRZlfXX3cO3xNXY94mQfdgahj3/QPZ9kn8syXsVWXS0Ndx1MPkE0nzPy/dBVn/uES631k4OTen3UalUl55nH3QNVyhMnx+v5vKfN46uN8pSH/xfCJANyQsqjvgIjxyNex6XHZQdokgvdBWA5TuVpL4mGc4GDAwq5y6sdF7UplUixCkMjkARSoTrp0Xg7NSyhpnluUmV8nZ+vrBGLkrGWHsTF754kFRP3XjIYYbGk1b31jM0yrXkKyz/qJTPlHnAhNCc15D9z4+s7AsX9OAdPriRBE/i9Mqc4tRE1EK1favH54248R8i5jKhGvw8S++fyBCy3JCvKRUeykMelp76Isf88LG3i2mGZ9fLWrqu5Xx+nRgEshKkPK4Y0nY2PZjviM0Idv6lbhXlUlDX8dRD5NwswGW/12QejWu5IDzoyNXQ497PT55LXq7zYcecgsb+Wzon8akytT5/okp2udwP73a9PQR88BZpwOTD7iE6oKr7QaX0O9cQn6+LYovazHpKoIsLJj9Yx6kMonDLpUJl3y4jcjJyRGJRPAJ27DH+DCKVKZndEFd96hS/dVjHuNHZdSNywSW5GvBGZLTfvEQuodl+NM1PGmQTQqlemxqLqeswS1Et6j4Lzdjz9wW+YuKoQcfmZxbWl1Tb2xojTx043BUZbLBRJRCtf1VG5rTEK3ukZjuceaC3HBI6zdVJuQBe5AJkUBUFi/9Q7ykVHspzK7twnw2wmdwQa1lxbGewenF3Lpu74SXP98SgZTUicsvi5tiWhM+z95Ne5hf4/g4D+QmlmFxfTcew15VJg19HUc9TEKn4Blf8t2V4HP30yEtb9FLp/CnRz0jDruFOoXnXw4Tg6A86hXe3NuPn2JSZZa2Dx10Ef7qn8Dy8b48gbjKpEGEIJXJGDKZzHOb2NjYjIwM+MS+wn6DIylSmeGFNQR9+26RPS5Tf8/8snxiZgHCxnbjxmSQekOzuqYYm55/3fDxXsrLi/dTzwaIfvcXXQ3LTS2t7xqSzS6uritUGr3Hcru9SuaoytTfw5SJKIVy+2s3S7tG4MqHyRcQmgYPD8yrTHzBat1DHRchRLVl6bMH4iWl2kvh++FprERHroaBgKNzyUxohR1jn5Mr211jin64GQeqEX9UieUH05rng7NB/r7tHsfuCq5EPMXuE+Cw93rPkveqMmno6zjqYRJo/jSFGRmbG66b9O34EO4BVhQqaCEJ5W0nrj/Z5yj8424s7hnIQGVOLsnPCFLgrJTKDqpziyACQZVJjwhBKpMxBAIB3DoY7IQ9sN9gJ0Uq83RAUlZl68ySXPv15XM3LUKFyjRICy5FK/J12edFaedQXNFb99CcPwSJfwiSLgelP859U9PWPzm7tCxfA4Fl/ExuNyHFdZXJoIkohQb7g1K8FCrGvZkbDNA0ozLx4ZjYiEyIxJrXW8RLSrWXQrlC/cWVuc4lEvxqcaEIAjKlaWgq5lUTiNoT12IOueqG330Rl5Gwjb3BdwjLi3jR0Dg4Kdebxd83uQCnYBPMIdv6P+1VZdLQ13HUwyRG5MsG0IjQ5v3Sy767Enw5TKz/7L9HNu8VX7LfSXjILQzbo68yQYxi78rdY59xYql/PkBQZdIjQpDKZAx7e/vZ2VmDnbAH9hvspEhl/n4n+bR/gl/SS2n3CL54Hs3jMnEUSvXU3HLXkCzndaO/qPjC3eSL91OvPMq4l/KisLq1d3RqdnFVoVSZ1EkGgxQNnkxwXWXi0G8iSqHH/nPryu+vRW8rmx2hic96AeF49MtaNvoqs2tiFpeYcCKcPmedy2/iJaXBSyHICPyleUJ5qzXlMgMoj8qPoyHF9X8EZWGjWnFxecwrAntLfurGE5eowsSKtg/jsybVCWQPyyooUf/Mr6Yj7FVl0tDXcdHDJA60f2/RCxCaB5wfnb2bOic3fOsNN7e5dd0/+YlcoosfP6vDVSb8ifzSJP+8dPeMIGXUIs9YGHBHISyq8xQ9vygUnw/OttVgL8y9Gl/yML9mT4s9WQBBlUmPCEEqkzHgdiE3N9dgJ+yh7Vnmvaw3zxu6r8YUnn+QniRplC2sFNd3ReRVRORVQnjdujMQh4pxmfjXDY1mflkOCul1Y3e4+I1TcDqIJ9eQrADRs/RX0oaPnyY+65af01+mxzjO3YbzY3BdZTJoIkqhyf7azf7ZZZ3Q1L2f3XlyecpP1DE4Wd81clRvvUy1RgtyB9eXOonpHgonwukWvyu3oKRUeyksbu7HppljL83JneUK6uRV+5Agt+rf99KOeYYf2pkqvjObByQjhJ9viUDQZNd2Qd60uy+YABm7FCLWqfztuUqSjk+WmZTOvo5zHib1gRShXr67EgwVZGBtnJHZ5Vvpr49c1c0WelRQK1uUeye8/JfDvQuPsq15Ll7dPX7iesy+y48O6Ybkhh3zDDtqi0FXLg/dyBAo6VGvyOetFC4RSvxZJg0iBKlMxpDJZB4eHl5eXiKRKCsrCz5hG/bQNi4zsqh2aU0xMrMYXljz250klzCx/hpyf9xP65HNb1EzLlOr1b327R+frmnrSyut940puHQ/9Upwxo2Yp9F5FZUtPcOTsyCdFCo1NqpQPwaT81dM/sTpZ5lsMBGl0Gd/7aZsZe0X/wR8yrlulol31DGznn7gYDgFTrRSYu6ppDR4KVyQK+AnbLYNSMDKj6NWlm5r23fl04Zev7Sy0wGJ2Etw/aniuiGYV8NOBybBAaBxx4n5T6ruHsMUKmT1jCAFymKZSWnr67joYdIAuFF9ImmG+jrg/MgnsbS2d8LkEmAl7wdOXo/5IygL8gkS82pcyZ4WyDQApOrpgKQj7iGtfQMazYbB2py2h0ajGZyYAMV5yjeWuiErxMdl0iBCkMpkErVaLZVKsdqFT9jWd7GAQ7Ufc7VGK+2bsA/KNPC65hldMK7nuJkslXlekFT/YTD3dePd5BeOQekQvCPzhFmSvIrmD4OymYWVtXUlNmdlTyXdTVpxUWWyxESUQqv9Nzflqo2AnEoQQId0WjNyd30ZiR0DB8MpW3u0sEmIl5QeL4X4ekagJ7xFLywuF4gScX03xLDbVHGQmOfupwtyKss+DO9ViIDKwV+XC4vqLDYpbX0dFz1MmqSscxgU5D6H+3CjdeFR9l1xVXp1Z8ZbXciq6YK6cI99Bnbb7xT0w824hPI2Kx+HJ1W073N8VPSugaz8c4Kmnt59l4NDig0bNlkQn2NOgwhBKpMD0ODHvH146lKwYc8LnUiypBG7nSVxXOapa9GuIdlnbot+uB79y81Y3YI79Z1j0/NLq2sq9YbxkzZ9zPxqSyqTJSaiFAbsr90cmlu5nv76qHfkQRfhwW01iQf4CjvhJzgADrP+ESYO8ZLS46Wwa2J2e1ZNJDax5m33uGXlKm7uB4ttT676aqo4fLUX5gQX1Nb1yQyeQRIEsnRsxw19JGS1b3LBYpPS1tdx0cPkbsgV6px33c6RBZABkJv7HR/iAb7CHYXj47yUyo6JBUKPpc1zM1Wy7XPIcKEx20aj0cB/xzWmiKL4iatMgiCVSRykMk349oXD4P7+jwfpBr599XveLfLGZZ72iwvNee0ZLv7tVjxIKK8IcWxB1ZvG7v7xGcV2F2xZSW1JZbLERJTCmP21m3PydUn3eNCz+mvpr/EAX2Gnbt4D2aslEy8pbV4K/TPLsSeFoAsdwvJMvhj9JlGljSA7sOXTITaQgxAV7Gz+NIXPsLEAhVoD8WCDR3Uul7IrjI+xTGVS2tdx1MOkeXpk80XN/aLXrViIL3tf2NT3UTZH4nDe68mvQGVqNixvMFxEu6k96BriHFlIUfxIZTIIS1Xm6upqQ0NDY2Pj2pqJ90pUP8sE1lTqwNRX3/tE6d3iR/5yW5RW0SrfdllB4rhMhwdpY9PzcK+fV9ESmv0abvftBIkgdO6mvMiQSOs6Bsan51Vqy7WUAVxUmSwxEaWw1v6kQ7yktHkp7JtcOOUbe8wrAnsl/UTSbEG5RudWXKOLzt5Nc499llDeCoqElIVsYiXN2At9yB6IP5P+1i1+lrlFWV/HUQ+TjOObIuGjytTqVKZLFItUpgUihIYV3bkIi1Smt7e3Uqnr+Lq7ux0cHDw8PNzd3Z2cnD59MpzfR/W4TIzhz0t/3E/70S8eC3b30m4mvPjNP8E77lnn8JRSrSF19o9Wqd5YXVOMTs3Vdw7mvmkKzpBcDcs5fSvOLTQ7KONVdlkDaKzp+WV83UeDF8H6e0zOaMHhospkiYkohbX2Jx3iJaXTS2FUaSMm5rBHetiK3HtFo91c+TpLVgLZwJQfJn9jd5G/Fo/LxKCir+Ooh0nG4anK3GSFyrRGhNCzojsXYZHKBNPD3QNs+Pv746sJiMXiwMBA4yMtToXgWCVMdkje9+dWt2OhoW8C7uxfNfW4R+bb3U8XV7dnVbadDkwi0cMkfIKWApEE/e+wbPZdR396qVSQWOLwIPW3W/HuoTnCTEleeXNr7+jS6hocaZkFOKoy2WAiSmGt/UmHeEnp9FIoV6jthTlH3ENPXIvBPDrKFuX0GcUUkIFz99OPXA2DLEHGHELFu715t2ZcJkV9HUc9TDIOFBBUplpN5r0K+8GeZV6JKKAofoIq0xoRQs+K7lyEjSoTbh0mJiawnXNzc7Styu4ozA7JfYMvGrcdKr7+WhkmLncNzzt5LeaHm7HQ/5668YSKVdmxrh/+eAqlenBiprq1L+Vlvb+o2O5O4ll/kVe4GLRUfuX7j59kK2vrGxu408RdF+vR3+CoyjTYyYiJKIW19icd4iWl2UuhtF+GLRWErUl5JeKpZZN1SEHnQia6CBstClkCodn8add3fHtVmTT0ddz1MMksD/Le7ncUvu+jcPFIFjI6NQXa+maqhKL496oyLRAh9KzozkXYpTKhOmHj/v37TU1N2M6+vj5PT0/jIy1OxWS3tSBfv59TYbyGi95w+EhTq71EQs9b1jZAlsrEJI5CpfPABkGrJ33ga9/YdGVLT1LJO7+4IhBS5wVJN2KehuW+eVbb0T0sW9xeKhJbihx/7Kcf7ZZNqExmTUQpjNtfIpGcOXPm4sWL9nqcOHFifNzCOde7Qbyk9HspTKnswDxwYm+ofRJLyX0DThBIFJL+8gZf59Uz422nmeOJF5y2vo7THiYZpLZ34pBr6AmfyOVVEwNwbRKFQvGjb/R3V4Qv2wYpSoK4yrRYhNCzojsXYZHKdHR0PLeNnZ1deHg4tjMmJiYtLc3gSNJVpuWZ3oasN+Zbutd2qpJ3HRHicggTMwsGz9602s2FZfnHYVlZ40edT7bo/HOBCVceZdyOL4p5WvlK2tU7OjW/DH24Cn92t2XkR5GjKpMNJqIUxu3//fff/9///d+/9PjrX//64MED0hMiXlJGvBTeFVcf3JZ3mNB0iSo0djBIKZAcJHroSx4gM8LCd+ZPoa3xsLzubADolYRFdQdcdD5Ir8dlB2WXCNILbTVA6W4liY95hu+/IgzMKifX85Y+BFWmNSKEnhXduQiLVObW9hSttbW1xcXF9fWdbr20tHRpacngMNtTmfjXt619Dg/STvpEnvSJepheaiChcDEECml6frmtb+x5bTuILe8I8cX7qe5huQGiZ/FFb183dg9MzICWgq5ca7RWOUdVJv6VQRNRCrP2n5mZ+e///u+TJ0/++AUQnb///jsVae2ppPR7KVSoNT6JpfpC80rEU5Mzu6kAEoLk9CUmZEbfrbxJWKgytzjuYZJZ0qs7TwcmH3AJ1QVX2w0uod+5hPx8WxRf1qIhe8U0fYjPMbdGhNCwojsXYZfKJIgNq8zE5+9Oeuv0E/Zpfk40fCpV6vHphebukcLq1rCc1+5hOZeD0r0ixKClkl/WgSAbks3MLX2lpZwecVtlMmgiSmHW/kFBQQcPHjx9+vTv2/z222+HDh1SqSh5WbyH17sMeSlcUahupkpwqXfYLeR0YFJtD8kjB4yBJCAhbCwmJnAhG0Re2bNQZdqAh0mEzWDBSkbmQetlEgepTHapTFBCZ26LMAl15VHmbrNVcHAtJV9XjEzOSbuGxLolfl5BnM7CTOi7BcnP0yVS6MqHZJ/nluVK1YbTo0xOq0wGTUQpzNr/73//+6lTp0BcYioTFGdNTQ0VCW2xz8OkSdQabWBWxUEXnat3bNY5yL6o0kbLFmz/JhAtRA5JQELbjoiiIGnIAMF3iCxUmTbjYRJhAyCVySCsU5nYalUYi4uLcKnDB+Hi2LDKHJueDxe/ufo4F8Lbtj5jCTU1v9w/NgNh48sIJ/1jNFrt4qp8cOJzXcdA+iupIOm586NMt5Bs0FIP0kpzXjc2dA3Z30+1e5hJbikohT0mohQG7f/27du//e1vP/300+nTp0FonjhxIiAggPRUcIiXlFkvhaoNTXBB7ZGrYdgUb8yl+6UQcUXXKLkGgQghWsyhPCQEyUGikDTxRd1ZqDJtycMkguvsSWVaL0KocyvDRVikMmUy2Y0bN6ACXF1d6+vrYU9PT09wcLBxldiwytzSrekw394/3t4/pt7YeWqCP42bWVhJKKm9GVsIobV3zOAFsf7XDY12dmm1f2y6+n1v6sv6O4klbqHZrsKsq2G5P92M5bTK3GLORJTCoP3t7e0PHz4MKvPXX3/98ccfQWiSnoQ+xEvKBi+F4vruk9djQPZhb7F1otMz3Ev0/HXnsJWufeB0iASi0jml1IsfkoNE9xQVC1UmG+qOu/RNLgiL6jxFzy8KxeeDs2012Atzr8aXPMyv6Rj7/G2jWAFBlWmNCKHHrQwXYZHKFAgESUlJs7OzUqkU6iY/Px/bzweVaea1r/5PJe86/h2QoHtZ7BN19XHu5hfMnKtUbUzNL7f0jKaV1ruH5ZzyiTpxLfqPIO6pTDaYiFKYsr9CofjrX/964sQJ0JcgNI8fPx4SEpKbmxsXFxcVFXXv3j1yk9tipYdJ87wfnsaeNWJLaR73jjriHnrU47FDWF5iRRsIAu23hm3oAwfDKXAinA6RQFTYwkkQOfasFJLbU/a2WKkyWVJ3XKS6e/zE9Zh9lx8dcgs56gF3NWFHbTHoyuURdtgtBEp61CvyeSuFS4QSVJnWiBB63MpwERapzAsXLuCLmk5NTcF9QFZW1hY/VCbBhHQTX7b1ExbMD0mEX9cUyomZhda+sbyKZr+4wn8HJpwLTPjZL56LKpPgwZSaiFKYsn98fPw//vEPUJk/bHPy5MkDBw787W9/+9///d//+I//kEjIXyeZeEnZ46VwRaGKedX0w8047L029twRNCJcI0/5xjo+zgt6Wvv8/UDzp6nRuRVIaEGuwAN8hZ3wExwAh8HBcMphnYB4jMWDvYuHyCEJy5bnZKHKZE/dcQvZovx0QNIR95DWvgGNZgN6KaZzRC0ajWZwYgIUJ/wpoIopSoWgyrRGhNDjVoaLsEhlenh4DA0N4V+hsj09PVNTU/mpMk0uG/6y/oPdncST3jr95B2ZZ/JBHXzd2NDML8u7RybLGj6GZJe5CLMu3E12fpR5O74oQyK9+DDDNlQm/SaiFKbsv3///oMHD4LKPLnN999/f+zYsSNHjvzP//xPZiYlRiBeUrZ5KeyWzftnlp+4FoM/18Q04pGrukcy2NzwX/0T/n0v7ezdPwN8hZ3YXHUIcDCuU7HnlxAhRAuR02BSi5PYa0JsqzuukFTRvs/xUdG7BqYzQitNPb37LgeHFNdRFD9BlWmNCKHHrQwXYZHKzMnJ8fb21l89f2FhAfbwTWWOTc9/GJiAoFIbzmaFu3/QQL5PCnyfPB2fnjdakFy7LF/XTaP++CmttN5VmPX7bdHFeyme4bqB9jVt/VPb60NejcjjuspkykSUwoj9W1pa/vKXv2BC8+jRo8e/8Pe//52Kd+UYxEvKTi+FH8ZnH+bXgHAEgQiqEZQi9sobe5kOX495hhsGo2PgRDgdIoGoIELaTEpbQuysO/ZzM1Wy30moUCq+fagNodFoDroIXWOKKIqfoMq0RoTQ41aGi7BIZSqVyvr6etD++juXlpaMPdDbpMrE9NDE58XAhJJfbsZCqNmeQG3wxE69oVGo1BDwp3Rare61r2x2sa1vPPd1k++Twl/94v4dmOAizLyX+vL5uw4QVUo9z4oekfkcVZmMm4hSGLF/cnIy3L77+fkFBgY6ODgcPnwYtOa+ffugxyQxFQOIl5TNXgpnVtaeNvTeSJFAzMe9Iw9uK84jV8OOejw2Vpm68ZfbzzsPbr9wh1PgRDgdIrE+J1usVJlsrjs2cz35FahMzYaJ1bxtGO2m9qBriHNkIUXxE1SZVooQGtzKcBEWqUzi2J7KxPXQ9rDCSN0LX++dYYUmJ6/AHo1Wq1JvTM8vdw5OQE/9MO2V3Z3En3yfODxMuyUqzn3d2D0s29jYMD6XoyqTDSaiFMbtD7fgBw4c2L9///fff09REhjES8oJL4Vz8nVpvyyzplOQU+kcWfBHUJb+63IswE74CQ6Aw+Bg0l1WslBlcqLuWIhvioSPKlOrU5kuUQyrTOKg9TKJg1QmK1Qm/jX1Zf2pa9GYfgI9pK+fsG2dctrYWJav9Y5OVb7viS2odhVm/3Iz9g9BEvTX0U8r37b1Qf8Of1qTWeX0s0wMBk1EKczaf2Bg4K9//et33333j3/8g4r49dlTSTnnpVC1oQERqT/7B75auebRN2GhytziYN2xAZ6qzE2kMm0WpDLZpTLfdQy4CLN+9YuFIMwuw98Fa7eV0+qaYnhytv7DoPhNk7+o+LRf3JnboquPc0Oyy57VtA9NfFaq1QazYfBPXI15Rj3ltMpk0ESUwqz9nZ2d//73v//3f//38jLlDruJlxR5KSQIC1UmqjvLgAKCylSrKXHuylqwZ5lXIgooip9BlVlUZDjYFKlMDmDDKhOoet8relYDQb6uBNGj3tCsK1STc0vN3SMFVe+FmZLLD9N+uRl7JTjjQWppdlljS8/Iinxd/7WvSfGESygP7s/+YcpElMKg/ZVK5X/913/95S9/+fjxI+mRG0O8pMhLIUFYqDJR3VnGg7y3+x2F7/soXDyShYxOTYG2vplK/rppGAyqTHKnL3MRpDJZpzIx4N5OqdY9mesakr2SfoDu2DtCfOa26Lwg6ZaoWPSstvp97+TsksFjOSK4huVyXWVi0G8iSmHQ/sHBwf/5n/9ZUlJCeswmIV5S5KWQICxUmajuLKO2d+KQa+gJn8jlVcrfKrAEhULxo2/0d1eEL9sGKUqCBpXZ39/fZQqkMpHKZJfKhA53Q6NRKFWyz4s1bX2Jz2v9Ygvt7yX/djveOzIvOr/ylbRzu2tWGUx5MTkDBv9J/6uzMIvTHiYZNBGlMGh/kJhCoZD0aHeDeEmRl0KCsFBlorqzDO3mprCo7oCL8MjVsOtx2UHZJYL0QlsNULpbSeJjnuH7rwgDs8rVGtNj5a2HBpXp6+vr4OBwwwikMpHKZIXK1M1Z0WiVqo3FFfmHwfHc143300pdhJk/33xy6X5qWM7rF3UdHQMTc8vyje3VdrBzDWa9mBFV+ttOjzIhUXJLQSnsMRGlMGX/lJSUM2fOkBuneYiXFHkpJAgLVSaqO2tIr+48HZh8wCVUF1xtN7iEfucS8vNtUXxZC3Tb1NmTnmeZly9fXlw0dF+EVCZSmcyrTMeg9DWFEvrcZzVtjzIlnuHis/6i327F+z55Kn7T1Nw9PDm3pN7Q4DLI5AM587/qHwOKjXMqkyUmohSm7P/LL7+QG+E3IV5S5KWQICxUmajurGROvv5RNseHQNaqsWagZ1xmYmJiTEyMwU47Ozsi59owSGUyrzJP+8U9zn1zNSx3ezXHGBdhVmxBdX3n4CfZZ2x2i/nUzb8FNn5NzEWVyRITUQoj9u/s7JTL5SRGSATiJUVeCgnCQpWJ6g7BHuhRmUqlsr+/32An7tPc/Lk2DFKZTKvMBxnHPB6f8on6/bZImCWpaO4G5bSwItd8ee2722M5gw2Tv5pEJ6EecEplssZElMJa+5MO8ZIiL4UEYaHKRHWHYA8MzjEn91wuglQmwyrTNaoAJNRDcaW0d7xxQNY5/rlncr53cuHTzNLw52UIsAFfDQL2q2xRjoepJfnMyppBGJ9f1T9rZHY5vbL1pHeEa7SJxW9Z28uzx0SUwlr7kw7xkiIvhQRhocpEdYdgD0hlMghSmQyrTEnb4E9+8UfcQ773Cj/u+RgP8BUP+vv1fz3xrWAcJyT08y2RxNSCEazt5dljIkphrf1Jh3hJkZdCgrBQZaK6Q7AHBlUmWpWddyqzdWjymFfEGUEKtLaJhdXvfaLP3k2LlbRYEyAGiAdigzghZogfUqEiIUqDbZSCu4E/9qeupPyxIVMFR3WHAheDydZFjwhBc8x5pzK7xz8f946C8FE2B191K5M5P/rnRYE1AWKAeCA2iBOLHFKhIiFKg22UgruBP/anrqT8sSFTBUd1hwIXg8nWZbGK2EKrsu8FLqlMvG6MN4izJFfAPc0R99C74mpsT12fLK3qgzUBYsCigjghZogfUqEiIUqDbZSCu4E/9qeupPyxIVMFR3WHAheDyda1V/GwZVaEoFXZd4NLKnPrS/Xof+6Vzc3Nm3FFcCtzzCsi5lUTWSt1QTwQG8QJMUP82OI4VCREKbZRCu7CH/tTV1L+2NAA2gqO6g7BRYxbl2Xx7CZC0Krsu8E7lQmMfF6CWxloanBPc0aQ4hxZcCv9tTUBYoB4IDaIE2KG+ClKiNJgG6XgbuCP/akrKX9syFTBUd2hwMWwW+uyADMiBK3KbhKOqcyt7RrCsDgGuInpn5yHuxlobXBnc+Rq2GG3EGsCxADxQGwQJ8Ssv1IjuQlRGmyjFNwN/LE/dSXljw2ZKjiqOxS4GHZrXZaxmwhBq7KbhI8qE0Or3ZQtrH4YmYaALZlhcXje0F3d+Qli05ryxEpiQpQG2ygFdwN/7E9dSfljQ6YKjuoOBS4G861rr1gpQpDK5ADnrIPp7CMQtgkpf0xMT8AlAS4M5F5LrImZ5YG2glOXkMmYUVePoA4qWldTU5PBnsrKSuN0KSkPW+GkykQgEGzD+ks7eutK+gtBG3hjzlRrRCAsAJrc8PAw/rWtrc24EfKtWSKViUAgSMD66zqaQUL65AYbmP3DVGtEICwAmpyLiwsmNBsbGy9duoRUJlKZCATCWs6xZokx3q6GY5MrGVkWj/WtEYGwjKioqJaWFldX15ycHGdn566uLg8PD4Nj+NYmkcpEIBDWYv11Ha3sTfqi0zawKrsFDWkLqUwE0xQVFUHD6+zsNPkr39okUpkIBMIq8E7TeIM4yEsh6Q70bMDDJFOtEYGwjMuXL5eWljo5OYnFYg8Pj9HRUeMVNPnWIJHKRCAQ5GBN79k6NHnMK+KMIGVxTTmxsPq9T/TZu2mxkpY9BTgFToTTIRKICiKEaEmJmeWBtoJTl5DJmJlqjQiEZWDjMsfGxmC7oaHB0dERjctEKhOBQJCDNb1nx/DUUc/w3+4kg8jon1qE7WtJpWUNH/3iCu8kPGvpGXnXMSBILLkek1/8tm1mYWVoYiblZZ13pDgqr2JgfKa1b1SYJYFT4EQ4HSKBqGAbWyXHOGYSS80GaCs48YRIqTtrssq3azmCDUCrwyQmRktLC1KZSGUiEAhyIF1lgkzxFxW/be1dWJGvK9XSrqEHaaU+UXn5lS217f0gU8LFb3pHp+Cnzc3ND4MTSGWyR2WSUnfWZJVv13IEG2hsbDTYU15ebrCHby0TqUwEAkEOpKvMu8kv3rb2ra7vzAJRqTcauoain1Z6R4hBrETmVfSMfPVSFalM9qhMUurOmqzy7VqO4Ap8a5lIZSIQCHIgXWWWSjuHJr6aAjI1t1RQ9f6x+A2IleKatiHZV78ilckelUlK3VmTVb5dyxGMo9FoGhsbc3JyRCIRfMI27DE+jG8tE6lMBAJBDqSrzOfvOla+Xs6mo3/8lbTzZmzBvZQXEmnnmkKl/ytSmexRmaTUnTVZ5du1HMEsMpnMc5vY2NiMjAz4xL7CfoMj+dYykcpEIBDkQLrKDMt9Le0cXFfuyJHx6QXxm6bAhGeShi6/uEJB8vPXjd1LqztrgL/vHUUqkz0qk5S6syarfLuWI5hFIBDk5OQY7IQ9sN9gJ99aJlKZCASCHEhXmdej8wVJz2vb++XrytGp+SyJ1CtC/ChT0j8+U9HcfVtUdDO2QCLtWliRt/SMhGaXIZXJHpVJSt1Zk1W+XcsRzGJvbz87O2uwE/bAfoOdfGuZSGUiEAhyIF1lvqjrAC0SICquet/7uqn7RsxTYZakc0i2rlTL1xRv2/pAx8DO5+86imtaYQOpTPaoTFLqzpqs8u1ajmAWgUCQm5trsBP2oGeZSGUiEAhyIF1lLq6uSaRdIEduxReVNXx8kFraMTCu3tgZUL+uVFW39obmlF2Lzn/+rj2usBqpTPaoTFLqzpqs8u1ajmAWmUzm4eHh5eUlEomysrLgE7ZhDxqXiVQmAoEgB9JVJuwfnZwrlXYGJDy7LSp6Je2cWVjRP6tnZPJZbVtQeum2WOlAKpM9KnOLjLqzJqt8u5YjGEetVkulUkxiwidswx7jw/jWMpHKRCAQ5EC6ylxYkesmi8QWlDd3b4uV4pd1H+aW5NgpgxMzyS/eeUeK33UMBKW/8onKY1ZlYvFLB2TlXSMGAXZiuaIi3S1WqkxS6s6arPLtWo7gCnxrmUhlIhAIcuChh8mR2eXn7weCC2pdogp/F6T+6Bd/3DvykKvQIMBO+AkOgMPgYDgFTiQrD1usVJnIwyQCYRK+tUykMhEIBDnwx8Pk9LI8T9p9Na4EtOMR91DQkUeuhh3zDAc1edw76nufaIMAO+EnOAAO0x3sHgonwukQCURlZWa2WKkykYdJBN9QqVSNjY0lJSUvX77s6urSarUmD+Nby0QqE4FAfAMafFpwxcPk0MySsKjudGDSYbcQEIvHvCJwHQnbRz0ew074ySDATvgJDsA1KGxjR0JUECFEa3GW6Cn4XhOizsMk8rCCYCGjo6Nubm6+vr4XLly4ceOGvb29j4/P8PCw8ZF8a5lIZSIQCHPQ49OC/R4mp5flIcX1P/rFH3QVHvMM/yIuI7FnmaAaQS9eFOZ6i14Icqse5L3FA3yFnfATHACHYc8y4cQduekZDhFCtBC5xc81WagyKfIwiTysINhJQECARCKBjc7OToFAsL6+DndBzs7OCwsLBkfyrWUilYlAIMxBj08LlnuYLGnp/12QenBbTWLq8KjH48NuIT/5iUBBplZ1SPtlk0ty7ebmbjHAT3AAHAYHwylwIpwOkeCPNiFySAIS2mveKC24xQlR5GESeVhBsJMLFy5gq7JrtVo7O7uVFd2KCuHh4XAvZHAk31omUpkIBMIc9Pi0YK2HSTjLP7P8yNUwXBHCNoSLwlzQi58+WziJB06E0yESLDZcucI2JLfX2egsVJkUeZhEHlYQ7MTDw6OtrQ02xsbGzp8/r1LpWv7Hjx+9vLwMjuRby0QqE4FAmIMenxbs9DD5YXwWhOBB3STxKOzt9mG3EKfw/NK2wXXVhsWFxYFIICqIEKLF3sJDQpAcJApJE4+HhSqTIg+TyMMKgp1IJBInJ6fY2Fg3N7ekpCRs5+Li4qVLlwyO5FvLRCoTgUCYgx6fFiz0MPm2e/znW7r32tiDRt1MnYDE7Nou1YaJuSbWABFCtBC5flqQNGSAYAwsVJkUeZhEHlYQrKWxsTEjI6Oqqkp/dvnq6qrBYXxrmUhlIhCIb0CDTwu2eZis6Bo9cS3mqMdj+DzuHXnQVeiTWGrx+3EiQOSQxPZz00g8acgGkXNZqDKp8zCJPKwgOA3fWiZSmQgEghxsxsPk++Hpn/xEmM475hUB4YmkWaPddWYPWUASkBCWIiY0IRuQmW+eyEKVuYU8TCIQpuBby0QqE4FAkINteJiEY371TzhyNQyTmPBZ2NhrcbksAJLDk4ZsQGYgS+ZPYaHKRB4mETxEqfxz3t7i4mJNTU1TU5PBMXxrmUhlIhCIb8DUquz0e5icXV0/H5x92C1k5ymmZ3hp26DFhbIYSBSSxoQmZAayNLOyZuZ4FqpM6jxMolXZESxEJpPduHEDWp2rq2t9fT3s6enpCQ4ONm6HfGuZSGUiEAhzMLgqO80eJrWbm9eTXx1yFWLLrYPOy67tsrhEVgJJYy4rITOHtkeFqjWmHdZt7UX8KdUbDX0T0S+kwflvIQRhn3k729gGvv/PkPc2tfz95MIq4x4m0arsCHYiEAiSkpJmZ2elUqmTk1N+fj62H6lMpDIRCIQ5GFyVnWYPk6lVHZjExGZ5x/z/7N3/TxTn3v/xf+jzwyefu+kxbXNOm97n3MfcvXsgBW4IcICAwEYPllikpODRmhZRirREqCJSJFrF9lRKrIgWLRvwS9ViCQULFIVUKRQoEBEoyOctl84ZZ5dlWWZ2dpnnI5vN7LUz11yze4V9Md+uL42HuoKstOGKdtW5NKz83PXl5vR/w4d/m8r++Mu/vnXg7YOn9x47t/Ro8nice3bi3JsfnXp1a2mdu8P2ESa5KztCk3ZXdnHv3r20tLTq6upFUiYpE4BvNt6VPZgjTH53d/jlf5SooX0k0m2r+irgbTGRNEMFX2nYK1n7l7uJ5upTZll+VUP3z7/qK3nkMXCRVvJ1e89rb3+8qpRp0QiT3JUdoSk9Pb2np0d7KX0yIyPj0KFDpExSJgBfbLwre9BGmJxfeLTpw8/V6ZgbNhW+sbN69Nn1+s/HIJMBGJmajvznEXUpkjQvrfQzr8fNV5syo/555L/eKovf/cmxi99NPXx8GyAVKGd/n596OKttgiqUZ0mZ/73KlGndCJPclR0hqKamxuVy6Tvn6OiolJAySZkAfLHxruxBG2Gy4WbvhrT31dA7L2buvfTDQGBbcdzdmVh0XALr/oYrl3vu/Ta9uoEivZLGvOTap07QlEZ6vRpptSlzX93Frp9Hdxw999rbFZtK6r5o6yj+3J36wcn/zP7olazSQ2evjT8bEANImRaNMMld2RGaZmZmWlpaurq69IXj4+OeJ3g4rWeSMgGswK67sgdnhMnZ3+clGqrBxJ9P2Z139HxgmzAyNS0pTWqQLCjPklYjCg6//cm5U1e6fxpe0+3cdxz7Wp2g+UL6npjdNVMzxg8/gJQ5MT0zPTt3+nLn5tK6V7aWSrxeekicLX75HyXvffp13/1R/b7M1R4xt2iEyUXuyo4w57SeScoEYI4wHWHyyxs9KmJKLvxzdln/yMRyjfRNwl9c4bH/9/ddS9eGPw5tatxzCZ2SPlP3nyptuHKl9546Qr0qA6OTf9lWps4Z9bo7M7CUKfFxfuGRpMmUwqNaxFSPV7L2l3x2afLpQe0AUqZFI0z6z2m/5QgXTuuZpEwA5gjHESYlZqWVfqYOlz+fsrvwc/daPoGeofGcI41/y6+URPg4X24qVEe65VlWISVS/sbOapnn1JVumdn/mqVh6jIgqUcabDj7M7CUqZadnJ51lZzQRcx9anrfiQvTs78vBnpepnUjTPrJab/lCBdO65mkTAD+mpycbG1tbWtre/DAy03Cw3GEyc7BX9XpmBKtXn3zw4B3ZOqNTj1s+/Hn4vq2pH0nXtla+uQA+tMdnC+k71GJ88/ZZSkf1H145qq7e9DzILiBNEyap/Lfn7aUdAw+c3l4QCnzyX7KX6emt5Z9pj9iLo+NOQc+c3dog2oGkDJN+e58fybW9UbAOk7rmaRMAL64XC41bFpHR0dcXFx6enpaWlpiYmJvb69hznAcYVJCnjrlUZ6zD58JuP1eSUrr/eW34+7Ot6rO/k/eoRcz9z6XsnvDpkJ17FueZVoCqGS7yB1VeTVNp6503/11crnasivPqKbKImVnv9W/FfC+zEdLzn/X8z95H+tT5itZ+3M+rm/p6J+Z+z2w8zItGmEyOL0RsI7TeiYpE4Av8jdxcvJx9MnJydHu01FbW5ubm+s5Z8BrsWWEyYVHj5L2nVAnZW5Ie/+Lby0cTHLi4eylHwbUDs7/zP5I8uLjA+i6MzjVZUPyVkpJ3f6GK+7bg4ZL1KV56si+NDi5+KT+oHnA52Wqxefm52u/vvnyP/ZLSyILDhfUNFY2tCUXHYvZeaSs3j04OhVAyrRohMng9EbAOk7rmaRMAL5ov+uJiYkDA09u8TMyMhKEu7JbPcKk7jD0vo3by4cnpwNu/6r0/vLbqSvdb1WdXe4MTv0l6ifbflDH8adm5mQrpFwd3B8Y/fdez7Wcl6k8mJn79vZA080fe34eGZ2afjj3+0/3R4tONv8150BmyYldxy7IxKpSpkUjTAanNwLWcVrPJGUC8EX+JsqvuEwUFBRcvvxk0MWurq6MjAzPOQNeiy0jTH55o+eF9D0vuYol2LkOnA648QH7bXrGfXtQ7eCU4KguSPe8RF3eSt1/quyrazG7a9S78tx466cANtzzvEw9z+F/OgZHMkpO/Dn7I1lpKIwwGZzeCFjHaT2TlAnAl4SEhIglkZGRRUVFqrCkpKSystIwZ9iNMLm/4cpzTy/clumAG2+KH++Pfdr6Q/bhMxEFh/U7ONXpktJCeci0Gtb8uWeHNV/jeZmqEu3umNpL5f74VNHJ5tWOY27RCJPB6Y2AdZzWM0mZAFYwPz//4MGDsbGx6eknx5Tr6+vHx4034gm7ESazK888OdMx7f1zt/oDbry5RqceXu65t+90a3LxyVff/FB/ibqKmOpaJf3d49d4XqbiYxzzphu3N24vD4URJheD0hsB6zitZ5IyAZgjvEaYXHj0SA35o9Jb57P3BgoF0sL+kYnj7s6cI42vv/PkDE6VMqXZqftPaXOu/bxM/Y5M/e7MhYVHF279lLL3+J+2fBAKI0z6z2m/5QgXTuuZpEwAK9POgdM0NTUZSsJrhMmHc/OP7y70eB/hvo25FYNjUwE3PggmHs5+0zW489OL6u6eL6TvidxRNTe/oN5d+3mZkiaHxqf674/K88O5xzdjn5mb/3FwZNex83/J/uhveR+/vKUkREaYXLS+NwLWcVrPJGUCWJn8Zezr69NeXr9+3fNvZXiNMHn/t6n/euvAi5l7JWhG/vOI4bZBoWl4cvov28okFkuzJRlrbV77eZkdA8P/KPtXZMHhrANfVH115evveo43fxf37icJ7x2tOf/tSff3ITXCpNW9EbCO03omKRPAyuQvY3Jysvppb2tri42NDULKtHSEybu/Phkc/IX0PbHv1c4+rTaUScpUh87lIY3Xbma0xvMy3T/czdxfpx/HfOP28oj8yp01jd/2DM7Nzwdwv0xLR5i0ujcC1nFazyRlAlhZcXHx1atXU1JSampqkpKSbt26lZ6ebpgnvEaYlIgWdilzevb3mN010mBTUqZatr1/KGXvcS1fancPPXrhxtjU9MLSzs5QG2HS6t4IWMdpPZOUCcBfdXV18ieyvb3d67vhNcKkPmXGvV+rneMYyqSR0lSTUuaT8zLP3fzx9SfDS/57hMnI/MqLHf3aegNImRaNMKlnXW8ErOO0nknKBLCy+Pj4+vr6xMTE2tra9PT0/v7+kpISwzzhNcKkdl6mhLbod2umZubW9AEFizT1xYwiabY0XjZBFa7lvMy7v06k7Kk1pMyN28tPX+7ULjkPnREmFat7I2Adp/VMUiaAlakz4e7cuSPTra2t6ubYnvMEXH/wR5icnv39tbyDKrG9/k5l0IaXDMzs7/NXeu8V/cv9StZ+NfaPNF42Qb0b8HmZQ+NTR85di3iyL/Pf52Wm7T3eNzSmnbgZQMq0aIRJxereCFjHaT2TlAlgZfKXUf2oK1evXg1CyrR0hMn5hUfqHEdJV3/OLuv95beAG2+dqYdzFzvvvv9ZizRVwt8fUt9Td/eUZkuJbIKaLbCU2do94Prw1Maccin561tl2u7M13Irrv04uPD08vPAzsu0aIRJxereCFjHaT2TlAlgZW1tbYaSxsZGQ0nYjTDpKvtCjf0joe3bn4YCbrzphienv2rvy6+9oEabfC5lt0rD2tg/0uzN5fXa/KtNmTkHv9y5dCNM1/46d2f/7wsLP49NnWv/qfS0e/fxC+d0I6QrAaRMi0aYVKzujYB1nNYzSZkAzBF2I0zu/PTi80/HMT/Z9kPAjTfL3V8n6y53bav6amNuhcTKP6S+pw0sKRNL45g/CZrS7N0nL2kLrjZlSp3/u6v64Jm2od+mfI9jvhjoeZnWjTDpJ6f9liNcOK1nkjIBrGB+fr6tra2mpqasrEyeZVpKPGcLrxEmxScXb6kxG+V514mLATd+jX68P3b0mw7XgdN/2VYmUfJxuMzcq45fq6wpz6+/U/nP480Je45J3FQNrm3p0GpYbcrM+ODENx39M3O/65vhYxzzAFKmdSNMBqE3AtZxWs8kZQLwZXBwMGNJaWlpVVWVPKuXUm6YM7xGmBTX+u6rMLdhU6EEuGDeMnPh0aObd375uOlGSkndq29+KKlR21Wp2qOyZtSuTyT+ft1xd3Rpv+Df9366dOj88d5NabxW22pTZtHJZj/HMV8M9LxMi0aYDE5vBKzjtJ5JygTgS15eXk1NjaFQSqTcUBheI0wuLl1b83Qo8+KX/1Ei7wbcfj9JkL3cc6/ky8sSav+0peT5lN0SKJ+Gy30yrY7gxxUe2/tFa9uPP0sLtWW7fh6VRdQF5tJs/VurTZkbt1dUN307ND61sPDM/kvP3ZlKACnTohEmg9MbAes4rWeSMgH4EhMTMzw8bCiUEik3FIbXCJNK9uEz2kHzA43fBtx+3yYezjZ93//eqZY3dlZLTHxOFy5fzNyrjpK/krU/ufhk+bnr390d9rpXVZqnmipJNOfIMxe7rDZl/s/bH2/MOZBdcdrd8ZN2o1Bzz8u0aITJ4PRGwDpO65mkTAC+5OXlHT161FAoJUHYl7lo5QiTyqkr3eoyc3XQ3NwRgEampr+80ZN39Pzf8itfzCh6/sml4k+u5pHIKI+/bCtzlX3xycVb0raFZXYlLi6N+hP7Xq00Ul2r1HCzV//ualNmfvXZf7V2bCo5GbXjcEVD2+DoxKmWW3uPndt7rEkeX33brapdy3mZi9aMMBmc3ghYx2k9k5QJwJfBwcH09PTMzMyysrLq6mp5lmkpCcJ5mZaOMKmMTj2Ut9TVNhIBm77vD3gTNAOjk5+2/pBdeWbj9nJ1EFx/qfjjUzA3FW7MrZAZJOPe/XXSnzovdNxRCVWa+lreQdkW/bsB3C9z/MHDn4bGik42//fbFcmFtfr7Zb5RUNk5+Ovi2s7LtGiEyeD0RsA6TuuZpEwAK5ibm3O73epHXZ5lWko8ZwuvESY12v2MJP+5yr4IeBPmFx7VtnRIDctdKi4RM6LgcF5N05nv+oYmHqyq8s3l9drh8t113xjeDXgc87n5BXfXQMzOI4YRJjM+OHF3+N+3qQ8gZVo3wmQQeiNgHaf1TFImAHOE1wiTmlsDw0tX1exTF9Z83XE3sE04daX7ueTdS8PzPHOpuLyM2V2z68TFb7oGDfsg/SRNUntDpSppatfPo4YZ1jKO+Y2+e7G7jCnz1Tc//LihTY1gGdh5mZaOMOkPp/2WI1w4rWeSMgGYI7xGmNTLOdKo9hRKLowrPKaND74qxfVt/zfhn+r26VKbxEGpSgqv9N7TrrAJwMO5ealHnTwq1b79yTnPeQIex1yWdXcNvLHjsGEcc33KXAzovExLR5j0h9N+yxEunNYzSZkA/DU5Odna2trW1vbggZcDvmE3wqSm6+fRV7aWvpi5Vx2S3t9wJYBN6B+ZSPmg7vV3KtNKPzvQ+G3n4K+m3ICztOGKOqAvzZPw53W89YD3ZYoHs3O5h7784+Zi3e7Mff/1VlnluW+nlobnCey8TEtHmFSs642AdZzWM0mZAHxxuVwzM48TSUdHR1xcXHp6elpaWmJiYm9vr2HOsBthUq+4vk2FObVLz33beDWJP+YXHk0826Q1kmao5Kfib+ky8Tfg8zKVvl/G3yio/M/sj9QjMr/yzQNf/HfOAdeHn7X33ZuZmw8gZVo0wmRweiNgHaf1TFImAF/kb+Lk5OProHNycrSbyNTW1ubm5nrOGfBabBlhUm/q4VzM7poNae//aUuJGtFxcGwq4M0xhTQgouDwhk2F0iRpWNz7tcsdeV/LeZnquHnDte6jF26oR2vXwNTD2S8vd6btOx5ZcLj2wo3qpusbcytCYYTJ4PRGwDpO65mkTAC+aL/riYmJAwMDqnBkZCQId2W3eoRJA3f3oLpVkLon5d/3fhrYxTqmmHg4m/JBnTpbVJokQfNK77JHkFebMhN2f/Le0bPaDTKXHueefdlUWNuYUnTs5S0lr75ZKlnzlaz9oTDCZHB6I2Adp/VMUiYAX+RvovyKy0RBQcHly5dVYVdXV0ZGhuecAa/FlhEmPR1surl0VXixOkK9ubze3CPgfpKVyqqfHsEvliZVfd3uY/5V3MZyarqg5px2lY/+XExv0/+eQVLmmeu3bR9hMji9EbCO03omKROALwkJCRFLIiMji4qKVGFJSUllZaVhznAcYdLTO7UXnluKdypoJhefHJmaDni7AiCrk5U+/7QN0pjdJy/5XsSUDfeH7SNMBqc3AtZxWs8kZQJYwfz8/IMHD8bGxqann+St+vr68fFxw2zhOMKkp4dz85vL6/VB8+97P/V6ZbcVZEWyOn3ElMZIk3wvFYIpc9GaESYXg9IbAes4rWeSMgGYIxxHmPRq4uHsm4catKj3h9T3NuZWXOwM8G7t/pNVyIrUuZgq4Eoz/DlkH4Ip06IRJv3ntN9yhAun9UxSJgBzhOkIk17NzS/kVp97Lnn3S65iddW5xL7i+rbAbti+IqlWKpdVyIqWBiIqllVLA6QZ/iweginTuhEm/eS033KEC6f1TFImgJWpmxQqY2Njzc3N2rUXmjAdYXI5s7/P7zpxccOmQnWJ90uufc+n7I59r/bcrf6AN9MrqVCqlcrVAJKyOlmprNr/m7qHYMq0dIRJq3sjYB2n9UxSJgBfBgcHs7Ky5C9jSkpKS0uLlHR2du7atcvzb2X4jjDpQ21Lx8v/KJHYp45iPw6dGUWZZf/6qr1vjUP7yOJSiVT1eFBKXf2yOlnpqqoKwZRp0QiTwemNgHWc1jNJmQB8ycvLq6ioGB4edrvdiYmJx48fV+VBSJlBG2HSt2t999W+RnUrzZdcxRvS3n8hfU9c4bHyc9e7fh5dWLqxuZ9kZllEFpTFpRKpSt04SSpX+0pldatq3mJIpkyLRpgMTm8ErOO0nknKBOBLdHS0/Kir6Xv37qWlpVVXVy8GJWUGc4RJ3yYezpZ8efnVNz9Ux7XVfkfJiH9Ife+VraUJe47t/PTiv67dvtJ7r39kQlY0OvVQe8hLKZS3ZAaZTWaWRWRBda6nGtNSqpXKZRWB3Z4zBFOmRSNMBqc3AtZxWs8kZQLwJT09vaenR3spv/EZGRmHDh0KQsoM5giT/ugY/DXnSOOftpRo+zVVRtywqVBSo7o2/K85B/6WX/n6O/9+yEspVNeqy0Nm1nKq2n8pFUq1UnnAn14IpkyLRpgMTm8ErOO0nknKBOBLTU2Ny+XSxowWo6OjUhKElBnkESb99N3d4X8eb5bgKAFRUqMkRXXIWx1Ml5cvZhQZHx7zyIKyuFQiVUmFa2nPYkimTItGmAxObwSs47SeScoE4MvMzExLS0tXV5e+cHx8XH7vDXOugxEm/Tc08eDT1h+yDjZIzS+59j23lDg3bCp8IX2PZ8p8fP7l0v7O55YOuMsisqAsLpWsvSWLIZkyLRphMji9EbCO03omKROAOdbHCJOrNTI17e4ePNLcnlfTlLTvxBs7q/WHy9VDCuUtmUFmk5lNH7IyBFOmRSNM+s9pv+UIF07rmaRMAOZYHyNMrtHs7/MSIvVX/8jLNd7zaEUhmDIXLRth0k9O+y1HuHBazyRlAjDHuhlhMuyEYMpkhEnAK6f1TFImAHOspxEmw0sIpkxGmAS8clrPJGUCMMc6G2EyjIRgyrR0hEl/OO23HOHCaT2TlAnAHOtyhMmwEIIp06IRJv3ntN9yhAun9UxSJgBzrNcRJkNfCKZMi0aY9J/TfssRLpzWM0mZAMyxjkeYDHEhmDItGmHSf077LUe4cFrPJGUCMMe6H2EyZIVgyrRohEn/Oe23HOHCaT2TlAnAHA4ZYTIEhWDKtGiESf857bcc4cJpPZOUCcAcjhphMqSEYMq0aIRJ/znttxzhwmk9k5QJwBzOHGEyFIRgymSEScArp/VMUiYAc6zlr+e3PT+/mLn3tbyDEjIGRif/uPmD19+pLG24uqqHLCILyuJSiVQlFUq1ptQc4o+gbbh1K/Jas129EbCO03omKROAOdby17Pj7i8vuYrl8f3giLzcXffNfyS9+3/+N29VD1lEFpTFpRJVm1RrSs0h/gjahlu3Iq8129UbAes4rWeSMgGsifZH03PCf+NTD/+4+YMNae+/U3tBlXzTNVh5/rtVPWQRtaxUIlVJhVKtKTWH+CNoG27dirzWvNpetGhSbwSs47QOScoEsFbq76b+ebUePXr05od1L7mKX8zcW/Ll5aGJB4G1RBaUxaUSqUoqfLTElJpDXNA23LoVedYcWD1r742AdZzWJ0mZANbKlN/1n34Z/+PmDyRhbEh7/7W8g0n7Tmw7/NWqHrKILCiLSyVSlVRoVs0h/gjahlu3ouVqtqs3AhZxWp8kZQIwQcRTAdfw6NGj7p9/ffPDOgkZL2bu3bCp8A+p763qIYvIgrK4VCJVaTvD1l5ziD+CtuHWrWi5mu3qjYBFnNYtSZkATGDW7/rCwqPB0cnvfrovD3WXHP8f/2rtuNDeK4tLJebWHOKPoG24dSvyXfNqkTIRspzWLUmZAMwRsTbWtcqimkPcGr8OABax+29DUJEyAdjPur+8TvubrgnahvPdAX6KcN7pwqRMAPYjqZiOlAmEGlImANiApGI6UiYQUvT92Tl9m5QJwH4kFdORMoGQQsoEAHuQVExHygRCh2dndkj3JmUCsB9JxXSkTAC2I2UCsB9JxXSkTAC2I2UCsB9JxXSkTAC2I2UCsB9JxXSkTAC2I2UCsB9JxXSkTAC2I2UCsB9JxXSkTAC2I2UCsB9JxXSkTAC2I2UCsB9JxXSkTAC2I2UCsB9JxXSkTAC2I2UCsB9JxXSkTAC2I2UCsB9JxXSkTAC2I2UCsB9JxXSkTAC2I2UCsB9JxXSkTAC2I2UCsB9JxXSkTAC2I2UCsB9JxXSkTAC2I2UCsB9JxXSkTAC2I2UCsB9JxXSkTAC2I2UCsB9JxXSkTAC2I2UCsB9JxXSkTAC2I2UCsB9JxXSkTAC2I2UCsB9JxXSkTAC2I2UCsB9JxXSkTAC2I2UCsB9JxXSkTAC2I2UCsB9JxXSkTAC2I2UCsB9JxXSkTAC2I2UCsB9JxXSkTAC2I2UCsB9JxXSkTAC2I2UCsB9JxXSkTAC2I2UCsB9JxXSkTAC2I2UCsB9JxXSkTAC2I2UCsB9JxXSkTAC2I2UCsB9JxXSkTAC2I2UCsB9JxXSkTAC2I2UCsB9JxXSkTAC2I2UCsB9JxXSkTAC2I2UCsB9JxXSkTAC2I2UCsB9JxXSkTAC2I2UCsB9JxXSkTAC2I2UCsB9JxXSkTAC2I2UCsB9JxXSkTAC2I2UCsJ8+T3R3d2/dulWe9TMkJCREPOVyufRvDQ4O5uXlxcTEyLNM+6jZdG63Oz4+fmJiQl/otf3KyMhIZWVlZmZmbGzs5OSkdQ1b9Lbhng1rb2+PeNbp06e1d3t7e7dt2xYdHS3PfX19/qwojL47AEFAygRgP5UnZmZmysvLJbfFxcXdunVLe3d+fl5mkIg2uURm096am5tLT08/evTo8PBwdXV1RkaGzOxZsxUkFSUlJUkIu3//vipZrv2KhLaUlJSKiorOzk7ZFotapdFv+HINa2trkwSpPtXx8fHExMTbt2+rt+SDTU5Orqurk607ceKEtNzwwRpWFF7fHYDgIGUCsJ/KE93d3SUlJWNjY1lZWfqk8uDBg+UCh9vtzszM1F5KapHk5Fmz6SQhZWdnnz9/XpKZljKXa//iUthyuVzSWisa45VhF6PXhklQbmhoUNPyuW3dulV7a2BgICoqSk0vLCzItJT4WFEYfXcAgoaUCcB+hjxhSCqSXSIjIwsKCiTSbd++vbOzU3ururq6rKxMe1laWlpTU+OjZrNUVFRIqJKJ+Ph4LWUu135x48YNSZmyVFJSkrxriFNW8Lrhng3T7Nix48yZM9rL2dlZaWpzc7Pk4wsXLiQnJ0uJPysK/e8OQNCQMgHYz3dSmZ6eLioqam1tvXPnztGjR+Pi4rSTGiWmSFjR5qyqqtIHF8+aTSEtkcioDv5KY/xJmZ999pmErdra2v7+fglz0dHRPs50NMWqUua9e/diYmIePHigL5TNlEqk2fLsIxaH13cHIJhImQDs5zupGKSnp0tqUdO27A+T5hkumpEgZZjB0P66ujr98ejCwkJJnKY3TG9VKVM+Rvno9CUDAwPx8fGNjY2SDs+ePSvTvo+Yr7gKxfbvDkAwkTIB2G9VSSUtLU3btWY4ty8jIyPI5/bFxsb6sy9T2qm/vFpSqSFRmc7/lDk3N5eYmNjV1aUvrK+vz8vL017m5uZKiT8rCqPvDoDVSJkA7Oc7qUi+KSkp6e7uljxXW1ubkJCgHdvVX6csuS341yn7mTJnZmaSkpJOnDgxMjLS3NwcExOjXc1tEf9T5qVLl6TcUCihUxrZ0tIiH6w8y7TXezN5riiMvjsAViNlArCfyhMDAwPqLEBNXV2dlI+Pj1dWVkoKiY6Ozs3N7enp0S87ODgohcG/52JTU5PhNpPLtV/p6+vbvn27bILL5ZLcZlGrNPoN990wSYGNjY2eNUgalqZGRUVt3rxZkqjvFYXXdwcgOEiZAOxnXZ5wbFIJ2obz3QFYDikTgP1IKqYjZQKwHSkTgP0MeWIt8cJ3Ves4uARtw61bkXO+LMAhSJkA7KflCXVK39pr01doYs0hLmgbbt2KvNYMIEyRMgHYT7tkxIo6nZAv9YK24datyIHfGrAukTIB2C8C8MbujglgTUiZAOxnRarQKnRaXgnahlu3IlImsD6QMgHYL8Kyc/t8F64zQdtw61akr2Tdf1/AukfKBGA/Q55YS7zwvew6Di5B23DrVmRiNwAQCkiZAOxHnoAnegUQ7kiZAOxHnoAnegUQ7kiZAOznkDzR29u7bdu26Ohoee7r69PKGxoa0tPTpTwvL+/OnTueC7rd7vj4+ImJiSA21n4O6RXAOkbKBGA/J+SJubm55OTkurq6+/fvnzhxIiUlZX5+Xsrb2toSEhKuXr06NDQkcTM1NXV2dla/4ODgYFJSkmRQWdCmttvDCb0CWN9ImQDs54Q8MTAwEBUVpaYXFhZkWkpkuqqqqrS0VJtt69atkju1l5JNs7Ozz58/n5iYSMoEEF5ImQDs54Q8MTs7m5SU1NzcPD8/f+HCheTkZLXPUhJkamrqnTt3JHreunUrOjr6888/15aqqKgoKSmRifj4eFImgPBCygRgP4fkidbWVtnSyMhIedZ2WEq4LC8vj1ySl5eXlZV1+vRpbX6XyzUzMyPTcXFxpEwA4YWUCcB+TsgTAwMD8fHxjY2Nd+7cOXv2PQ0HCwAADs5JREFUrEyrI+bK7OzsxMTE9PR0TExMe3u7KpTEaRhxsaioyKbm28AJvQJY30iZAOznhDxRX1+fl5envczNzZUSwzxlZWUul2thYcFz8djYWPZlAggvpEwA9nNCnujq6oqJiWlpaRkeHpZnme7u7lZvjY2NdXR0FBUVJSYm9vb2el2clAkg7JAyAdjPIXmiubnZ5XJFRUVt3rz50qVLqnByclISZGZm5qFDh0ZGRjyXampq0o6Ya6dsOoFDegWwjpEyAdiPPAFP9Aog3JEyAdiPPAFP9Aog3JEyAdjPkCeIF85ENwDWGVImAPtpeUKdfWhvY2AjfQegJwDhjpQJwH7a1S12NwQhgf4ArA+kTAD2iwC8sbtjAlgTUiaAkECqgIbOAKwPpEwAIYR44XB0AGA9IWUCCDnkDGfiewfWGVImAAAAzEfKBAAAgPlImQAAADAfKRMAAADmI2UCAADAfKRMAAAAmI+UCQAAAPORMgEAAGA+UiYAAADMR8oEAACA+UiZAAAAMB8pEwAAAOYjZQIAAMB8pEwAAACYj5QJAAAA85EyAQAAYD5SJgA7DQ0NRSyJjIwcGxsLuJ6IZ0VFRaWnp1dXV8/NzdlST0hR2+LjpXz4drQLwDpHygRgp4aGBi3SNTY2BlxPxDL2799vSz0hhZQJwBakTAB22rlzp6ScwsJCed61a1fA9RiS09zc3LVr16QkJibGlnpCCikTgC1ImQBsMzMzE7VkdHQ0OjpaJqanpw3z9Pb2SgZKTk6WwDc7O5uUlCQv+/r6DLMZkpPM6Xa7pSQ/P39VTVqxHsMMyy17/vz51NTUhISEgwcPzs/Pa/O0tbVt3bpVNnbLli2XL1/WL6inyoeGhiSFx8XFScbNycnp6ekx5cPxnTL177a2tupfqunGxsaUlJTExMQzZ874v5TXOVfcQABhjZQJwDYSsyRwSM6Q6XfffVemJdJ5zlZVVSVvNTU1nT59WiaOHTvmOY/Xw9y5ubmrPddzxXr8SZk3b97UL/7555+rGdrb2yXPaeUy3dXV5XWlav7t27frC7Oystby4fh46TVlTk5OSmz1zIv6Tbhx44afS3lduz8bCCB8kTIB2KasrEyyhdoldv78eZkuLi72nG1mZiY1NdXlciUnJ2/ZskW/a1DjLRw+zkOSvVbVpBXrMWQmz2VlIi8vTyZaWlp6enpkQlquZsjPz5eXH330kUSx/fv3y/SOHTs8F/fU29srb0VHR3u+5f+H4+Ol15Qp34X2Cejfkm9tenpafXeypX4u5XszfWwggPBFygRgGwlGhjwXFxfnNSepvZ5C7fzzpM8uCwsLExMTR44ckRJJYMvN7DXurFiPfllJRdu2bevv7zcsm5CQIBOel6XHxsZKudQp0/Is04mJiV5Xrbl9+7Y0ICsry0cGXdWH4/WlZ8pUdaakpHjmxeHhYZm+d++eTMuW+rmUwao2EECYImUCsIfaz+fp5s2bnjPX19erdxsaGrzW5plRZmdnI5a5rsXPlOm1Hs8G5+TkGJZVKXNmZsZQuWToiKcpc3x8PGKllKkuwK+urpYg6yOErfbD8XzpmTLVPwDqyidDXrxz587i05SptX/FpQxWtYEAwhQpE4A9jh8/HvHs3YvOnj0rJRUVFYY5JZBJPsvPz8/KyoqPj1cpzcCQUSThqfMUve7L9GHFerQZFhYWurq6InSXn2tvqSPmly5d6uzs1C+ryvVHzPWX1XvGLLXvUxKY4XqaNX44/qRMUVJSYphZTRcXF09PT5eXl0d4XBTlYymva/dnAwGEL1ImAHtkZ2dLqmhvb9dKbt26FbF0vNUwp8QyKW9ra7tw4ULE0nmBnrV53WEmjh49uqpWrViP51ue+zKvX7+un+HIkSNqhqtXr+rLJdvdvn3bsGp9YzZv3qzNrPaDel7MtJYPR88wc1JSkkThRW95UX/1j3xlfi7ldTP92UAA4YuUCcAGEiZUtrh//75WODw8rAr12aunp0dijUTPhYWF+fn55ORkeel5yxtDeouOjs7IyDh+/LgstaqGrViPfobY2Nj8/PyBgQH9W2r67Nmz0tTExMTy8vLZ2VmtfrfbvXXr1qioqC1btly7ds1z1foS+RzUbY927typro85dOiQfoYAPhw/U6bEVs9WqemLFy/KiiRQnj9/3v+lvG7mihsIIKyRMgEAfvHMwQDgAykTAOAXUiaAVSFlAgD8QsoEsCqkTAAAAJiPlAlgrc6cOZOdnR0dHR0XF7dr167u7m67W+QIhst3oqKi0tPTq6urPe8GDwC2IGUCWJOSkhJD3ImMjOzo6LC7XevfcleL79+/3+6mAcBjpEwAgXO73RFLA8C0tbVNT0/39/dv3bpVSrZt22Z309Y/w1mSc3NzatAd7S7xAGAvUiaAwO3cuVNijf6+iRI08/PzOzo6ent7IyMjk5OTJf3Mzs4mJSXJy76+PjXbpUuXXC5XVFRUVlaWdttIbVfogwcPFpfG3ZEZtCw1NDQkq4uLi5MUlZOT43lXSJGeni4zy5xqfpnOyMhQb0kjU1NTExISDh48qA2V7vW2kT5W5OPWj5Kz1a0ft2zZcvnyZcM82kFtmcdwJ3OZkPaUlZXJGmUGQ7U+BsUxlMuHrEK/Go/HRyULCwteN9wrH5+b15b4WK98rfv27YuNjZUPQd0S1cf3BWAdIGUCCFxiYqIkg9HRUa/vVlVVybtNTU1qkMZjx46p8vb2dn2+kVjZ2dm5qAtkkk4Wnx0pR15u375dv5TEU881SlZTa5RpeY54OhbOzZs39ct+/vnnan6vYcvHipZLV7JF+hFxZLqrq2u5VaSlpRkWP3nypL4B2sTk5KSkc8NKDWs3yM3NVcPn+KhE4rvXDffk+3Pz+rH4WK8alFLZvHmzj+8LwPpAygQQOBWtlhtfR9JMamqqy+VKTk7esmWLticsPz9flnK73XNzcypKFhYWLur2ZaqoIc9adNNXqwaJiY6O9lzjpUuX5K19+/bJtDzLdEtLy+LTAcRluqenRyakSfqllotZnitaLl2pLdIPUL5jxw7DPLL5Kl5LNNe/NTQ0JCWypRLp1EekLVJcXOwjBXrJmEufnmR635XIfwURugPr6kP2rN/H5+ZPyvRcb0pKikyrw/oJCQk+vi8A6wMpE0Dg4uPjJRmooau9unz5ssoZ2r69xad7QPUkhi4+DSiS2NRQ5pJQJavpY8rt27ePHDmSlZW1XPBSA1dK/RJ81VrGx8elXDKNTC938bVnbcutyGuwk/LY2FiZmJiYkGl5jvCIkhqZU6KV4S1pXnNzs2Et6qNTyczrxurLZXtlvdJmKZHPzXclsnUynZmZqV76SJnLfW7LfQ7+NF5trzpNYrnvC8D6QMoEEDhtr6RW0tvbq87LVC/r6+tVzmhoaNDmiYuLMwQUCTqLTwPK2bNn5VlSV8TSsVQtpkgNMlFdXd3f379c8BKbN2+OWDpVNEJ3sFulpZmZGa+LGGrzsaLl0pXaIpUyJSdFLJ8yZUs9j9dHRUVVVVUZ1iLJO+Lpnj+vG+tZPjs7a/gwvVaiPuHi4mL1csWU6fm5Lfc5+NN41cKTJ0+ql16/LwDrAykTQOAuXryoIsX169cli/T19an9f3l5eYtLeUvil4ROKYyPj1chTOTm5kYsZVPtGLqiEonMpi4bkuw1OTmpxRS1v1CSn48LYsTBgwcjls59lOfKykpVqI78Xrp0qbOzM+Lp3j7DerWXPla03EtVv/6I+a5duwzzyMbeunVLpuWj0L8ln9K2bdtkQgteWm4rKSnxXOlyjZHPX53/qt+X6bUS1dqbN296rUdvuc/Nx8fiY73qWp+WlpaIpX26Pr4vAOsDKRPAmuzZsyfiWTExMeoKYkld8rKtre3ChQsRugs7pMSwyO7duxd1iaSgoEAm3n33XX2h2umlqH2H6jIXA33l2tXrEoL1qzty5Ih+EUNm8rGi5dKV/kKliKV9deoTWPS220/ClmHxwcFBidTR0dHqamtVnpSUpE5FMKzUsHZPR48e9VHJckt5XcVyn9tyn4PvxldXV2tVabstvX5fANYHUiaANVlYWKivr9+yZYvkpOTk5MLCwt7eXinv6emRsJWSkiIzzM/Py1vyUrsrkORObZGKigp1TFZLJI2NjRFLB831hZLb1K2Cdu7cqa7LOXTokGd7pqam1CFg7Y5IytmzZ2VdiYmJ5eXls7Oz+kUMmcnHinykK7fbLUvJFsl26dOSPqVJk+Td77//3nPxY8eORTybtiV+eV3pcjVLgzMyMo4fP64uxlqukmUz5jK7M71+biumTK+Nn56elu4RGxubnZ2tOomP7wvAOkDKBLDeqAPQBQUFdjckFHkNlD5SZhDwfQHrFSkTwLoyNTWlDnmruzDCINRSJt8XsI6RMgGsKzExMYmJiZWVlYZLixCa+L6AdYyUCQAAAPORMgEAAGA+UiYAAADMR8oEAACA+UiZAAAAMB8pEwAAAOYjZQIAAMB8pEwAAACYj5QJAAAA85EyAQAAYD5SJgAAAMxHygQAAID5SJkAAAAwHykTAAAA5iNlAgAAwHykTAAAAJiPlAkAAADzkTIBAABgPlImAAAAzEfKBAAAgPlImQAAADAfKRMAAADmI2UCAADAfKRMAAAAmI+UCQAAAPORMgEAAGA+UiYAAADMR8oEAACA+UiZAAAAMB8pEwAAAOYjZQIAAMB8pEwAAACYj5QJAAAA85EyAQAAYD5SJgAAAMxHygQAAID5SJkAAAAwHykTAAAA5iNlAgAAwHykTAAAAJiPlAkAAADzkTIBAABgPlImAAAAzEfKBAAAgPlImQAAADAfKRMAAADmI2UCAADAfKRMAAAAmI+UCQAAAPORMgEAAGA+UiYAAADMR8oEAACA+UiZAAAAMB8pEwAAAOYjZQIAAMB8pEwAAACYj5QJAAAA85EyAQAAYD5SJgAAAMxHygQAAID5SJkAAAAwHykTAAAA5iNlAgAAwHykTAAAAJiPlAkAAADzkTIBAABgPlImAAAAzEfKBAAAgPlImQAAADAfKRMAAADmI2UCAADAfP8fAAD//zyt2tgAAAAGSURBVAMAv8mnq81PyCMAAAAASUVORK5CYII=</Resource>
		<Resource Id="7">iVBORw0KGgoAAAANSUhEUgAABQAAAANWCAYAAACh4yEnAAAACXBIWXMAAA7DAAAOwwHHb6hkAAB//0lEQVR4nOzdD+RX9////+d6t+yTrKTtk6RlkiRJkmT6lXdm422KTJHZaCle3hYzRSabXybJvCMvSaZ8Z0uSRWby9lXMTL+XKSbzNimSZFJkEo/f+/54n/N8n3Oe58/jcZ7n7+NxvfC0Xo/neZ7zOI/HeT6f53nb45zHYAAAAAAAAAAAAAAAAAAAAAAAAAAAAAAAAAAAAAAAAAAAAAAAAAAAAABgfBcuXFD//o9avny5arsugAt4TwEAAAAAvLFq1Sr9I/i7777L/RF8/vx5vVywvFDRx4wZM9SCBQvUtm3b1PXr17PWNVz+5s2bacuEz9tQBY+YkydPqjVr1qhZs2bph/xbyiy3qV26dEnt3LlTLV68WO//woUL1TvvvJO3/9b1De3YsUM//+mnnw6Xsd1+ifqW6eNU42x72rRpaubMmXrbGzduVIcOHVJ37tzpbGgzxntK8L5q6H2V9p4qs33L5St7T5Wpa3TbFb+vjNu/ymNFjPu5lldXAAAAAHDGsWPH9I8e+QGat9yWLVv0cl9++WVqADhI/Ki9fPly5o/fOXPmqF27djUeVExMTGQu99FHH5X54Ze6LvlhLT9Kx61v6NmzZ+rll1/Wz9+4cSMzLDLYfiXLD/L7OEtl2w63f/z48U7+WB/jPSV4XzXwvsp5T5XZvs3yVb6nKqtrtA4l31dG7V/DsZK57bJtULIOAAAAANBtDx48UNOnT1cvvfSS+uOPP1J//Dx8+FD/MJSHLB8Ux34s/fnnn3r00fbt23X5ypUrM394ffzxx3p7kXXFnrfcBaPX/Pzzz3o5GfHy1VdfqcePH+vH6dOndV3kx+LU1JTVtteuXavXJaNmJFCQ/d+0aZPeTmJUl3V9o4IfsWrp0qWx19luv0R9y/Rxqiq2La+VyzZldE/4/JEjR8b9wV75j/4x3lMj9eF9Vc/7Kus9VWb7lstX9p4qU9e07Vf0vips/zqOFTFuGwAAAACAN8IffpOTk6k/ioIRISoYsRRK/RElwYaUyw+6lFXp5+SHmgQkn332WWNBRTjyJGWbg+ASwHFGoAzdvn07b/+F9T5+8MEH+jX79+8vfJ3B9m2WL9PHxspsO3T27FkdGMhxlHHZq6lawoCS76nM+vC+qvZ9ZfOeMty+6fK1vqcM6lrX+6qw/Zs6VsQ4bQAAAAAAzgpvhr9+/frUH0Xr1q3TzwfLhVJ/RN26dUuXv/7667k/vN599101f/58JSNQitZZwOg1cp8pWe6XX34ZWTYYdaJkJInltkc8evRIr2vRokWVBBXPnz9Xc+fO1a8xuUeYwfZtli/Tx8bKbDtq7969epm///3vnQsAS76nMuvD+6q695Xte8pw+6bL1/qeMqhrXe+rwvU2dayIcdsAAAAAAJwkl03NmzdP/yj617/+Ffth9Ntvv+lyeV6WizwV+xEll3L93//7f9Xq1at1efLG+snX/PTTT/rfculW1joN6dfIzeRl1Mqrr76qtm7dOvIjM/zBH4y0iQl/LAZtMJaLFy/qdb3//vu5QUVRfUNXrlzRy8sN7ivavs3yZfrYmM220wThzbizuNYSBpR8T43Uh/fVf1T5vrJ9Txlu33T5Wt9TBnWt631V2P5NHSvCpA1MP4MBAAAAwCnBaA89E2S0/ODBg1mjQVTWQ35MJUYgJV+jySiojBlQbaTWQe4zFb2flNxrTcpTAhc9IkieC5Yp7enTp/pHs1x2FozoKV3f0J49e/Tz+/btK6yb4fZtli/Tx0Ystp1JwhNZJpjMoaxaAkBR4j0VrQ/vq0DV7yub95TF9k2Xr+09ZVjXut5Xhe3fxLEiyn6uZX0GAwAAAIBTwkuwkpegBaNk0n4Ypf6ICmZAzRL78Xnu3Dn99z//+U+V9rwtGVny3XffhTf2V3/7299Ggoq012X8+Mz6oZ4pmPVV39R+3PqG5HJOee7HH38sXKft9g2WL9PHRiy2nalEUJEZvmQ8xlLiPZVZR0feV6Xauer3lc17qsz2C5av7T1lWNc63lcxWe3fxGewsOkvk89gAAAAAHBOMAOlunbtmv4RdPXqVf133syj4R8nT57Ufy9btkw9efLE6Men/OiTezRFfnRVEryEl7DNmTNnuK7w8rPgx21MxuVnVj8+d+3apZ//4osvrOufVl8Rtv/ChQsL12m7fcPly/RxLdtOEwZsFjOnNhoACsv3VLSOmmPvK+t2rvp9ZfOeKrN9g+VreU9Z1LWO91WqZPvX/Rksyh4vWZ/BAAAAAOCko0eP6h9Bu3fv1j+Cwh9TGaNTRn6MhSMvdu7cafTjN9ymzDoZ3hct+XwZ4QiW6AyQ4T22fv7555H1ByOBVHCTeisStgT3mVJB+1VSXxFeQpp3M37b7VsuX6aPa9t2Utg+pjO5lt3OOCzfU6n14X1V3fvK5D1VZvsWy1f6nipR16beVyPtX9exIsY9XrI+gwEAAADASffv39c3RZdREDIiQ/4rfz948MAoAJTXhJc3Flz+FnuN3Iw9nHky+XwZcknXIDGCZWJiQpcdOHBgZP3BD10VLGNM7tcl9+2SoOXEiROl651WXxGMUlLBqKWxt1+ivmX6uLZtR8llrrIu+cGenGTDUq0BoOV7KrU+vK+qq2/Re6rM9i2Xr+w9VaauaduPqvB9NdL+dRwroorjJeszGAAAAACcFVw2qMJRKTn3REr9ISkjOSTgkBuq37x5M/l86mtkxIksn/V8FpnoQH7wySgnubG83M/pzJkzelZHWc+RI0eG6wpnR5XtnD17Vl9uJ6M+ZPlw22kjU/Js2LBB/1AO7rlWS32D+5VVsn3b5QcV9vG425b2unfvnrp8+bLavn378Fg5fvz4uD/Yaw0AhcV7KrM+vK/Gr6/Je6rM9i2Xr6x/y9Q1ua4q3le27V/lsSJs2sDm2AYAAAAAp50/fz4aGKjg7zSZP0oPHz6sn5OZGGVGxqLXyEgTGb2Rt86COow8Nm3aNDLbZHAZZuojGCllK3N9GftiXN9PPvlElwczlta+/YLlR9j2cdV1lR/8wf3TxmV7zFmzeE/l1of31XjvK8P3VKXbT1m+yvdU5XUt+b4yPl5qOFYK92mQ3v5GxzYAAAAAOEt+AIU3a5f/5vwgyg0VNm/erJ8P7stU+JotW7ZYBxUy4kNGVcnlczJ7pIwikREecg+orHrL6A+5F5UsKw+559Tk5GQTPzyt6hvMHKuuXLmSV7c6g4pBRtmQZR+PVVcJJmTk1htvvKEOHTqk7t69W9UPdatjrgyL91RhfXhflX9fGb6nrLdvuXyl/TtuXat4X9keLxUfKyP7lPEoVVcAAAAAAGrzyy+/6B+tMiOm3Ny+7foAfcd7CgAAAAAAdMrBgwd1WPHBBx8QVAAV4D0FAAAAAAA6Re4B9u//6Bvzt10XwAW8pwAAAAAAAAAAAAAAAAAAAAAAAAAAAAAAAAAAAAAAAAAAAAAAAAAAAAAAAAAAAAAAAAAAAAAAAAD0iGq7AmjHP//5T/oeAADAMZzj+Yu+B+AIPstqQsMCAAA4hiDAX/Q9AKDn+B6rCQ0LAIDDCAP8RL8DAICe4hymJjQsAHiAMMBf9D0AAIB7HD7Hc3W/WkfDAh5x+EsCBeh7AAAA93CO5y+H+97V/WodDesphz8skIN+BwAAFVM8ePDgwYPHGI+ktDJUgIb1FEEQAACAe1o4x+OcEgBQFgFgg2hYAAAAx/A/+vz0//2//48iAAQA9AgBYINoWAAAHEYQ5Cf63T8S/smjhU1zrAEAyiIAbBANCwAeIAzwF30P+IEAEADQQwSADaJhAY8QBPiLvgcAd7UY/gm+XwAAZREANoiG9RRhgJ/odwAA3EMACADoKQLABtGwniIIAgAA6L9k+MckIACAHiEAbBANCwAA4Bj+R58/CAABAD1GANggGhYAAIcRBPmJfvdDy5f+htrePpBFGT4AtIcAsEE0LAB4gDDAX/Q94C4CQCAXASDQfQSADaJhAY8QBPiLvgcAt3Qk/BNdqAOQpijgIwAE2kcA2CAa1lOEAX6i3wEAcAMBIFCodAB46tQptXbtWjVr1iz9WLdunTp9+vTIss+ePbMZXThSduvWLTV9+vSsetiWG9c7XMe+fftizx06dKjMyMjY8g8fPlQ7duxQ8+bNS11PTW2rTU5OqlWrVqmXXnpJzZ07V23dulX99ttvI8s+f/5cffnll2rlypV62Tlz5qi3335bXbp0Kbbsli1b1JIlS3Q9Z8yYoZYvX66OHTvGZ161CAAbRMN6iiAIAACgn/LCPyYBAYZKBYAffPBBZui0e/fu2PKPHj0aKwCUoCynnlblNvUOyxcsWBArX7Zs2dgB4JtvvpnZBjW27WDXrl2py0kQee/evdjy27dvt+2z2OPo0aN87lWHALBBNCwAAIBj+B99biMABIxYB4Dnz5/XZTLi6+TJk+rBgwf6ISPLpEyeu3DhwvA19+/f12UyOsxg27GyX3/9VY8+y6mncbltvcN1SDgWfmbcuHEjOmqvVAD4888/D+sh6xunjjZte/HiRV22YsUKde3aNfX06VN1+/ZtPQJQyicmJobLf/PNN7ps5syZetsyYlHCRlnHG2+8kbnfUtdgxKRaunQpn3vVIQBsEA0LAIDDCIL8RL+7q0OX/oa6VBcgyjoADEevpV3mGYz6Um+99dbwOQmZpEwuITXYdqxMRqElRq2Z1n/seofr2LNnT1iHwYEDB9TevXvHCgDD18t6kwvV2bZy+a6U3bx5M1YehojRwC6sxxdffGH92fX48eOsULIkpdx72DeCYRkqQMMCgAcIA/xF3wNuIQAEjFkHgHLfOCkLwqeY33//XT8XjJLTrl+/rssWLlxoFQBKUCWj/8KQK6OequBRut7hOq5evaoDtj///FPf605Gz+XUJ4teXtpC9knuaSijG5ML1dm2iZGLI49gpGVs2WCbuWSZ/fv3qw0bNgzvBZi2/fLaDusIAH1DwwIeIQjwF30PAP3XwfBPdK0+QMg6AAwn5JBALLlwUBZO2qFdvnxZl8lkEgbbHpZt27Ytes+7sQNA23pH17Fo0SIlo/8WL15cVJ8ssXodPHgw9bV1tm1kIpXC9sqrR5ScO8tlwkXrw9gIABtEw3qKMMBP9DsAAP1FAAhYsQ4Aw1FqaaPD0kapHTlyRJcFl5UWbVuXyb3xIqP/8uppXG5b7+g6Pv74Yx28yUi3gu1miQVjr7/+ugouvY2ps23DdQeX6ObKG4kYtWbNmuH2r1y5ou7cuaPvLZi2fYyFALBBNKynCIIAAAD6wzT8YxIQYMg6AAzvDxeETzFhIBW9T93mzZt1WTA5RNG2dZlMTJG4R97YAaBtvaPrmJqaGgaTBdvNopd/8uSJCkOz1atXj4Rxdbbtpk2bdNmJEycK6y2X88qyafcijAonaEkJFQkAq0UA2CAaFgAAwDH8jz73EAAC1qwDwHPnzukyufRTwqS8mWplNtlp06bpMhkhZrBtXSbBkowmM6incblNvQvWXfRc7vKyTblXnvwtAd6zZ8+G66mzbc+ePTts28OHD+vRfbLtu3fvKnlu/fr1w+VlBmJZVrZ5+vTp4SzA3333XWwWYLk0WpY7c+aMvlxYRikGwS0BYLUIABtEwwIA4DCCID/R727p6KW/oa7WC7AOAMV7770XDXlijw8++CA5Sk4FM9CarFuXBTPlmtTTqtyw3kXrLnqucHkJyubPn6/LduzYEVtPjW07eP/99zPXHV3++fPnKhxdmLec3Bcx+VxishFUgwCwQTQsAHiAMMBf9D3QfwSAQCmlAkAho8TkclYZrSaPtWvXqlOnTg2XlXvmyb3kdu3apS99NVy3HqEmo9IM62FbXlhvk3UUPGe0vFxW/PLLL+vy5CW8NbWtJqP9Nm7cqGc2lvXIDMISOibPhWR0oIwUXL58ue4TCSwlbJRRgOEyMupvYmJC1+XVV19VO3fuDEduEgBWiwCwQTQs4BGCAH/R9wDQTx0P/0SX6wYA6DYCwAbRsJ4iDPAT/Q4AQL8QAAIAHEYA2CAa1lMEQQAAAN1WJvxjEhAAQI8QADaIhgUAAHAM/6PPDQSAAFzyyy+/qM8++0xt3bpVrV69Wt+jT+7B13a98sj9//79Hz0TsDzk38EkJ6iGkwFg4SwzYvbs2SPPyw0sbZexrBcAAHAUQZCf6Pf+68Glv6E+1BH9VjS7K5MydNzjx4/Vtm3betl3wezE6vz58+rChQv63zJBSdv1coiTAeAImfFmENkxmYEm+FtNTk7qR/i3zJJjuowl9xoWADCCMMBf9D3QPz0K/0Rf6on+IgDsuS1btug+kpmB9+zZo06fPq2uX7+u7t27F46q66w//vhDzwA8b948/ZBZhR89etTpOveMHwHgv6kXX3wxumNZH1zRcpNlrOpQ4jUAeoogwF/0PQD0BwEgEFP0W5cAsMOmpqZ0/8iltLdv36afkOR+APg///M/aR9SKhjhF7NkyZJYAGiwjA23GhbGCAP8RL8DANBtPQv/RJ/qin4qHQCeOnVKrV27Vs2aNUs/1q1bp0efJZd79uyZzejCkbJbt26p6dOn2w7WGbve4Tr27dsXe+7QoUNlRkbq5eVy3Y8++kjf507uz7dx40Z148aNkfXIqD7JIaR+M2bM0DnFsWPHRpY7cOCAXu/hw4etPisM2yBvH2vpu4LlYc/9APDf1F/+8peRg/HIkSMjO/rtt9/GAkCDZazqUeI1cABBEAAAQPeMGwAyCQgcVCoADO/dlvbYvXt3bPngks7SAeCOHTvyAjercpt6h+ULFiyIlS9btqx0ALho0aKR7crovQcPHmS1Q+xx9OjR2HLr16/X5XIPvYmJCb1+CQzlv/L3w4cPx2mDsQNA274rWB723A4AM0b/DTLKks+ZLJP3fO4j7YRByiinnHLKKaeccsopp5zyesuT4V/b9TEsH1kOqJgaWAaAEjZJmYwcO3nypA6v5CH30JcyeS6Y0EG7f/++LpNgymDbsbJff/01nMk2q57G5bb1Dtch96YL35syWk/+ztluFr28BHZXr15VT58+1ffpC682DEbypZI6BqMQ1dKlS2PLhbPoRkbNxR6y/mgIaNkGeftYed8ZLA97uh0T3y9Ota2aNm1a6sH1ww8/jJQnRwAaLGNVlxKvAQAAPZH2Ix7uo9/7qYeX/4q+1Rf9Yx0Avvnmm7os7ZLUYISaeuutt4bPBfemU3PmzLEOALdv3x7OCjt2AGhb73AdMrFGODOtBHV79+4tHQAmC8OZb1etWpW7Lrl0eJASogZ/6/pJsCiTakjg9/XXX6swHIxewmzZBvrvIMA12Z+x+s5geTu7/r0O1x72stq9/8KDP+PpMF2Pee2112IBoMEyNtxoWABALsIAf9H3QD/0NPwTfawz+sU6AJw7d64uS5t04vfffx+OmgvLZKSblC1cuNAqALx586YeERYGiBn1TB35VkW9w3VIsCbhpcyoK3nBtWvXKgsAw9GRMoNvsj779+9XGzZsGN4LMG0deRlIGC6+/vrrw+dt2iC8XFkuGZZQUe7lKDMLf//991n7X7bvTJe303ZYRwBYO/XCCy9kBoCD4tTZ9v8qFNanxGsA9BRBgL/oewDoNgJAIJN1ABhebiqBWHLhoCy8JFW7fPmyLlu5cqVVALht27boPenGDgBt6x1dh4RhMvpv8eLFRfXJkrp82nblvHLmzJlG+xRejiyXFCfXHd57MTpq0KYNPvnkk6K2rarvTJeHPTcDwILRf8OZfCUglOvb5RGEhcOZf02WsdT/hkUphAF+ot8BAOieHod/oq/1Rn9YB4DhKLJgxFhM2ki6YKJNFVx+WrRtXSb32ouMCMurp3G5bb2j6/j44491MCaj8gq2myV1+XDEW3C5rrZmzZphe125ckXduXMnDPhG1iEz+Q6C9kquW0bryXPBfms2bSCBoMx4LDmJ9IWUy/akLTL2p1TfWSwPe24GgAODgyQtRZ89e7ayXcayTvAQQRAAAEA3VBkAtnCOxzkl6mYdAIb3kQuCvZgw7IveS2/z5s26LHovupxt67KtW7fqe+8Z1NO43Lbe0XVMTU0lg7ZKAsDgXnzq7bffHj4XToQR3Pcvdx3h5CDBaL0YGdA0SASvJdrAZn9K9Z3F8rDnbADYRTQsAACAY/gfff1R9eg/AkA4yDoAPHfunC6TwTMnTpzInUn2m2++CSfp1KPZDLatyyQEk5FvBvU0Lrepd8G6i57LXF7aQ+6nJ5fnykQdwb3/VDA7rxbee+/MmTP6Ul0ZmRcEZCPblJlzZWSiPP7xj3/o/ZH1nz59erju4BLssm2Quz9pZbZ9Z7E87BEANoiGBQDAYQRBfqLf+6Pnl/+KPtcd/WAdAIr33nsvGkjFHjJpROK1sRFuBevWZcFMuyb1tCo3rHfRuouey1t+5CEj4KILyr0Gk8uE9/pL2+bnn3+eue6DBw+O2wZF+zNSZtt3FsvDHgFgg2hYAPAAYYC/6Hug2wgAgUKlAkBx8uRJJferk9Fk8pD7w506dWq4rIxKk3vO7dq1Sz158sQ4AJQRYXfv3q0lADSpt8k6Cp7LXP6zzz5Ty5Yt0/soE4rI3zK7bnRBGfU3MTGh207uDbhz585whFzmNs+ePav3Q/ZHRvLJ7MEXL17MrJ9FG+TuT7LMtu8sl4c9AsAG0bCARwgC/EXfA0D3OBD+ib7XH8B/EGqhDQSADaJhPUUY4Cf6HQCA7iAABNAhBIBoAwFgg2hYTxEEAQAAtKeu8I9JQACURACINhAANoiGBQAAcAz/o6/7CAABdAwBINpAANggGhYAAIcRBPmJfu82Ry79DbmyH6hH5myuiQcAPxEANoiGBQAPEAb4i74HuocAEB4hAASQhwCwQTQs4BGCAH/R9wDQDY6Ff8KlfUH1igI+AkDAbwSADaJhPUUY4Cf6HQCAdhEAwjOlA8BTp06ptWvXqlmzZunHunXr1OnTp0eWffbsmc3owpGyW7duqenTp2fVw7bcuN7hOvbt2xd77tChQ9YjI//880/b0ZWxZWbOnKneeOMN9dNPPxntq2GbZdZly5YtasmSJbp9ZsyYoZYvX66OHTumDNeRum+Tk5Nq1apV6qWXXlJz585VW7duVb/99tu4x8vg+fPn6uOPP1aLFi2K7jPBdXUIABtEw3qKIAgAAKBZTYR/TAKCjikVAH7wwQeZAc3u3btjyz969GisAHDHjh15gY5VuU29w/IFCxbEypctW2YdMD18+HCsADB8LF261GhfDdssry6pzx89elQZrGNkfbt27Up9ft68eerevXvjHC+D/fv327Yt7BAANoiGBQAAcAz/o6+bCADhIesA8Pz587pMRoedPHlSPXjwQD9khJeUyXMXLlwYvub+/fu6TEaSGWw7Vvbrr7/qEWM59TQut613uA4JqcL37Y0bN/TfOdtNFYx0Uy+//HJayJYm9lww8k+PBCxadow2SyVtFIyCzAogc9d58eJF/dyKFSvUtWvX1NOnT9Xt27f1CEApn5iYiL3O8ngZzJ8/X5d/8803pm0LOwSADaJhAQBwGEGQn+j37nHw0t+Qi/uE6lgHgG+++aYuS1wSqgUjxNRbb701fE7CHimbM2eOdQC4fft2lRg9Zlr/sesdrmPPnj1hHQYHDhxQe/futQ4AL126pJeXS2kN6j7y3JUrV/TfwQjG3GXHaLNMjx8/zgrlCtf59ttv6+du3ryZGvQlQ0XL42UQ1EkFl1kX1seG+j8D5dqjTDMYlqECNCwAeIAwwF/0PdANBIDwlHUAKPdvk7IgqIn5/fffh6PmwrLr16/rsoULF1oFgBIYyUi2MBDKqKcqeJSud7iOq1ev6jBKAia5L56MYsupT6owYAxGvY3sq8l+pV0um1yPZZtlkvaQS2s3bNgwvBegYX1HJEZMjjyC0YpDlsfLYPHixbpc7u0o9wM03UcTbYd1BID+oWEBjxAE+Iu+B4D2OBz+CVf3C9WwDgDDiRYSI660cLKLYBnt8uXLumzlypVWAeC2bdui9+UbOwC0rXd0HTLBhIz+C8KmvPqkeuedd/TyX375ZekAcBCMivvxxx+rarNUck4aXGpc2KYm60yZmCN3nZbHC/cArB8BYINoWE8RBviJfgcAoHkEgPCYdQAYjqQLRs3FpI2kO3LkiC4LLsEt2rYuk3vtRUay5dXTuNy23tF1yCyzEmQFYVPedkfIrLZy779p06Ylt20cqElAefz4cV22evXqutpMW7NmzbC/5NLjO3fu6Pv22dQ3Kmz34DLiQpbHi27fnMldMD4CwAbRsJ4iCAIAAKhf0+Efk4CgY6wDwPBeekFQExOGN9F76W3evFmXBRNJFG1bl8mlsnLvPYN6Gpfb1ju6jqmpqWHIVrDdEcHEImrjxo1GgVbWc+F9+JKXzA6qazMtnEAkJbArFQBu2rRJP3fixAmj9rI8XrTwnofBSMuiusIOAWCDaFgAAADH8D/6uoMAEJ6zDgDPnTuny+QyUQl18mbTlZlZZeSblAUTWRRtexhyycgzg3oal9vUu2DdRc/FrF+/Xi+b8t43Xv/Dhw/D0YdpM/FW1WaaXO4sz585c0ZfLi2jFoNgsVR7nD17dli/w4cP6xGKMmrv7t27Sp4L2kcrcbwMJ1iRy6Mj90gkAKwOAWCDaFgAABxGEOQn+r0bHL/0N+T6/mE81gGgeO+996KBUOwRmal2WBbMBGuybl0WzLRrUk+rcsN6F6276Lm05UweRq/7+uuv62ozTe51mNxmYiKPvP1M9f7775vsu/XxIsHo/PnzdfnJkydNw1vYIQBsEA0LAB4gDPAXfQ+0w5PwT/iwjyivVAAoJHCR+8XJiDp5rF27Vs/EGj4v98yT+7/J5ZlPnjwxDgBlpJiMDjOsh3XIVVRvk3UUPJe23FgBoLTJihUr1FdffZVaz4raTJNRfxMTE7rvXn31VbVz585wZOFY7SGj/eQyaBmpJ8eGzPIrgWx4HlTmeHn33Xd1WXCZsVV9YIwAsEE0LOARggB/0fcA0CwCQAANMAmiCKvQZQSADaJhPUUY4Cf6HQCA+nkU/glf9hPoIgJA9B0BYINoWE8RBAEAANSjzQCQSUAAAD1CANggGhYAAMAx/I++9rQ9+o8AEADQIwSADaJhAQBwGEGQn+j39rQdALbAp331ztatW/Xlo9u3b0/t5x07dujng+UAwBYBYINoWADwAGGAv+h7oDkehn/Ct/31yr179/SsqtOmTVM//fRTrK9/+eUXXS7Py3Jt1RFArxEANoiGBTxCEOAv+h4A6uVp+Cd83GevnDx5Uo/yW79+fayv33zzTV1+6tQpjgEAZREANoiG9RRhgJ/odwAA6kEACJdt3LhRh33nzp3T/R2cU6pNmzaN9P+WLVvUkiVL1KxZs9SMGTPU8uXL1bFjx/KOE72ux48fq48++kjNnz9fvfTSS0q2eePGjdjrLNcdm/324cOHSi5Znjdvnoo8Z/IYmpycVKtWrdL1mzt3rr70+bfffsvdvsl+pW3r1q1bavr06akz+D5//lx9+eWXauXKlXqdMgrz7bffVpcuXSqzX1bbTi6f0q5DJY6FEQX7GmPQP3W3DewRADaIhvUUQRAAAEA1uhT+MQkI6vCvf/1Lhyqvv/66+vPPP9WaNWvUzJkzlZSnLJ4aqhw9ejQ3KFu0aNHIa1599VX14MGDwgAnY92xkCYcsVjioe3atSv1eQm+Mi6BLrNfQ+H9FZPlIrgn47iPUttOlqe0a9qypsfCiIJ9HTLsn7rbBvYIABtEwwIAADiG/9HXLAJA+OCLL77QoUcw6k8dOXKksO8l5Nq3b59efunSpbkBoFxifPXqVfX06VN1/fp1PXJMyg8cOJD6OoN1D0Oan3/+Wf9bRqKljL4bWT7p4sWL+rkVK1aoa9eu6Trevn07nPxETUxMZG7fcL9i2/7111914JpWp2+++UaXSQArI95kBN6jR4+U1PGNN94oDOyKns/bdnJ5w3bVDI+FGNN9Ldk/I/te9LxB28AeAWCDaFgAABxGEOQn+r05XQr/WuLzvntFLsVcvXq1Dj7kv/K3yevkElh5jVwCmrFIaphy4cIFXS6XdJZc93C9e/fu1f/es2ePcdgTJZecynM3b96MPX///n2jADIqY79iy8qot8SItqFwxF0QyJqwCrnytp1c3rBdhwyOhRjTfS3ZP6LqtrESfn+49CjRDASADaJhAcADhAH+ou+BehEA8nvCF9EAUC4FllFWacv9/vvvav/+/WrDhg3D+78N8gOT1OfC8Obll18ePme5bl0uo+5k1Jbct01GcOXsYmYdi+4bGIwKK71f0WUlxJL1yQi2tHWEdZG2yNkXo/2y3XZ0eZN2LXEsxJjua8n+GQyqbxsrbYd1BID+oWEBjxAE+Iu+B4DqEf5pvu+/N8JLgMPLKj/55JORvpfzDblcc5AdxqRJfU7uNSjlwYQLZdYde/7gwYNFx2pmHSOTPpTZfu5+JZfdtm2b2r17t0qWJ+sSrMeEcchVtO1EeW67ljwWYkz3tWT/DAqeiz1v2DawRwDYIBrWU4QBfqLfAQCoDgGg5vv+eyGcBEQm/5CRgDIjq4Quyfu+yfP//o+SSzevXLmi7ty5E44UtA5hwpFWMmFGyXXHAiAZtRiMvsuSWUeZUVaeCy5hNWW0X9FlpT0jo8xS1xHWJbJMqXqU2XaiPLddSx4LMab7WrJ/ovuS+7xF28AeAWCDaFhPEQQBAACU19Xwj0lAUIeNGzfqwEOCHPn7+++/13+vW7cu1v/hBAkpQYx1AHjs2DFdHtzfrcy6dfmTJ09UGEbJJcw5IVFmHcOJT06cODF2AJjcr+iyMroycT+9kXXI5bRSFqyndD3KbDtaXtSuJY+FGNN9Ldk/JnWxbRvYIwBsEA0LAADgGP5HX/0IAIc61wao1smTJ4cjuaLlYehy/PjxYfmiRYt02ZkzZ/Rlm3LvtiA4KQwAZcbXcJbXr7/+OrxHnjp//rwque5hucxAG86+u3nzZvXs2bPc5ZPOnj2rn5NQ6/Dhw3okmKzj7t27Sp6TmX7L7ld0WVm/jJTLq1PYH3I/vdOnTw/X/d133401C7DJtpPlee1a8liIMd3Xkv2Tt4+x5y3aBvYIABtEwwIA4DCCID/R7/XqavjXEtrBYffu3VNz5sxR06ZNU7/88kusr2USCCmXQEuCFik7cOBANODRj8QEDWlGXhM+gvsNDkquO1YuAdT8+fN12Y4dO6yDsvfffz+zngXbz92v6LLBrLq5dZJLsCVsK1GPLMbbTivPateSx0KMzb6W6J+8fYw9b9E2sEcA2CAaFgA8QBjgL/oeqB4BYAzt4LBwwo+MwGwQlKstW7bo52Wk18TEhJJ7ssk97nbu3BmOnCoMYT777DO1bNkyPdpq8eLF+u/oiLIS6x4pn5qaGo7A27dvn3WoI6PJ5HJoCUXlHogLFy5U7733nsr4rjXar3BZeT4MUovqJK+XkW7Lly/Xr5MATi4plpFxJu0wzrbTytPateSxMMJmXy37J28fh89btg3sEQA2iIYFPEIQ4C/6HgCqQfg3grbAuFwNU1zdL6BKBIANomE9RRjgJ/odAIDxEACOoC0wLleDMlf3C6iSuwHg7Nmzi65FL7xmPW0dMsS1ZJXcaFhYIwgCAACw04fwj0lA0EOuBmWu7hdQJWcDQP0BIDdKPXjwYN416JnkuvdwPZOTk/oR/h1MwV2mTgAAAHAI/6OvHgSAqTrdHr6TiTvknnNyL7/Vq1fre6LJPc3arleCq0GZq/sFVMm9AHDBggX6zZ8T/IVMni9zY8+y2wMAAD1GEOQn+r16fQj/WtLrNpEJBmSSgn//U/83ZXKGOg0Hc8iEBTK5wQcffKBkVtVxV/z48WO1bdu2wqvLAKBl7gWAA/MP2sIAMBgFGLNkyRICQABAJsIAf9H3QDUIADP1uk3Onz8fC8aCv5uSGs7J7Z1u3bo1Vj2CWXn1zKx79uxRp0+fVtevX1f37t1TMjvr+FUHgEo4HQBa3wPwhRdeiC6jjhw5MtIY3377LQEggEIEAf6i7wGgPMK/XL1ul7/97W/6d9TOnTv1f4O/mzL8DScjD2/cuKHWr1+vy4LRe6VMTU3pdbz66qvq9u3bve4fAM5zNwCUS4HDe/e9+OKLw3sCpr3gww8/DJ+Lhnt5DWF6+bDxUHD5wZj2o5Hy/peHZV2pD+XNlNPvlFNOOeWUU16uPBkAtl2frpQPevxD7f79+/rSWxlxJ5fMzps3T//94MGDpvZJDRLtd/PmTV0mdUkuLKP65MqvWbNmqRkzZugrw44dOzay3IEDB/Q6Dh8+bLwfp06dUmvXrtXrlse6dev0qEGTOuc9Z1pn8fz5c/Xxxx+rRYsW6X4Y5PxOzdl20cN2n632N1n28OFDtWPHjrA/S7dNlhUrVuj1fv/997HXBX+rlStXxsqljb/88ktdLveClGP/7bffVpcuXTJtv+H6LOuf1Y6Z7VvimNSPmTNnqjfeeEP99NNPhdvL65+0usnI3MixiWqk/T7tffvq4dbJwvDegHkvDGb4DZdRP/zww8jyjACErYwTOAAAAET0bfRfC+d4vWmbpKNHj+rfULt379b7MDExof+2DWHGMPIb7unTp7pMApWc5WOPYD+GwlGEcjmz7JMEarI++a/8LaFHdHm572DWusO2yatzwXNGdRb79+83Cu4Ktm0UXlns81gB4Jtvvpm3H8ZtkyUIefVl3tHyvXv36vLk1YPbt2+3CfqK+sKm/lntmFpe8piMPZYuXVq4PcP+GZKwMGdfUE5WP/Wa+utf/zqyEybBXfCmDZdRwf3+Yl577bWyB2HvGxYAAABx/I++6hAAFupN2yQFo6PUtWvX9D4EI4ZGRk3VaOQ33I8//qjLXn/99dw6yCjFffv2pQYdcumvlKeMotMP+T0ZhoDhPRBlhNXJkyf16Ed5yBVrUibPXbhwYZxAzKjOQiZBkee++eYb0+3lyXyd5T6XDgB//vnn4Xbk8u68yha1TRa5xFuuGgwGFg3JbM9Sfvfu3WF50K56hJzsqxwDjx49UhcvXtQj5gz3r2z9jQPAcY/J8H0s+5m3PYP+ia33119/DWfQJgCslpsB4CBlJ8LLgPNeGLkMOHM9OeUm9QIAAI4iCPIT/V6NvoV/Lell+4T3yUsOrggnVwyer9vwN5zcA1ACiWDCRxVcxptLLluWZZOjBYO/1a5du9TVq1fVH3/8ocOer7/+WoXhYBDWDEdApY16DEdIvvXWWyNhi1w+nbc/tnWO1jsxSUnlAaDlPtvu77AsHIWXHJ2XJa9t8oQjPsNLXmWyF/l706ZNsfWE+/3FF1+Yrt+q7Qvqb5xjlD0mwz+uXLmi/w5GEWZuz6B/YuuV0ZPynsrZF2sqsh6X/m3JvQAw/CCXhwwblVF9f/nLX/Tfwf+ZGYTPy5eOfOHIPQDDsldeeUUvE34hycQg4b0Eg0lCUmcHNtDvhgUAGCEM8Bd9D5RHAGikl+3z97//Xf+GOnToUKz+n332mS4PnjehMh6lX7t48WI9Miu58O+//67kMtkNGzYM772Wtr0wSEvbYDByajjCcO7cufrvtMlCZHvyXPR+hHIZ8SAIVyRUlOBSbnUV3nMuuV3TOgvZbymXe7/JveoSbWQr83U2+2y7v2GZhHAyWkx+68vIsbR62LRNnuPHj+vXhKHxp59+qv9O3i8vvM9dsI8mcutiWf+s98nI8rbHZNr65Pm0W7ANLPonWje5N6csH9Sp7DGZtoHWw7o6/m0pq5/6LfxAiz4S6XjqmyEZ7AVDWWOP2bNnV9nYABxFEOAv+h4A7BD+GetdG0mIE7npf+pDnpflDFZXGGiYvFau+pLRee+9917sss2QfI+n/Q5M2164b8H9BGOCYHH4OzS8TDgx6k4LyqIDVgaffPJJUZAzXNamzmLMewAmZb7OZp9t9jexXf04ePBgah1s2yaPXB4r9Q1zg3CCj2BEntF+Z8isS4n6G7eh7TGZtU6ZSyG4pD6zHln9k1h2ILNyR+49WPaYRLqs4wU1oGE9RRjgJ/odAAAzBIDGetdG4Si4okfiPmN1MA4S1qxZo5eVyyPlEsc7d+6EAd/IOmTmVClLu69ZMCpKBaOshqOt0kaFpY22kgBGRk3KiC8JmeQ52Z7M3pusi02dhQSuOZM/2Mp8nc0+2+xvYrv6ISMt0y4ftm2bIjKTr7wumDBUvfvuuyPryBtZlyGzLiXqb1xue0wm1yF9Fo6KXL16dan+iS4r76PI6L+8fUE5BIANomE9RRAEAACQrs/hH5OAFHvnnXf0D/gTJ06k1l0mHpDnt2zZ0pkAMJx8IDmqK20d4WQMwei1GLmF1CAIbuTv8H5rydliRTgZZeJ+a3lidbGpcyi8x1rQR7nL2tQlqsJ9zgwAnzx5osKQTEKoZBuUaZs8Z8+e1a8Lbxn23XffjaxDLtWV5yxmuc6sS4n6G5eX6J+RdYT3IwzqObK9ov6JLrt169bkfQIJAKtFANggGhYAAMAx/I++8RAAWulVO8nlknL5qzxkcoy0ZeQyWQkOZBlZvsbqGAcJ4b3ozpw5oy+NlJFQQSgxsg65p5lcIimPf/zjH3of5P51ck+4l19+WS9/+fJl/Zpz587pv+VyTglEDWZcNd4fmzqLS5cu6XK5dDNy/7bKA8AK9zkzAJR/yDrDQG7z5s2xS8pt26aIBFrhJblZl6+HwbbsoxwL4SzAEhbazgJcov7G5SX6J7YO2a/wcvKUGYmN+ie6rHwWyAhHk3ZBKQSADaJhAQBwGEGQn+j38voc/rWkV20VjH4qHN0n9/yS5b788stOBIDBBA+xR+I+hjGff/75yPLhI3nfM7nvYNayGTOpGu2PTZ0ltJk/f74uD4Kq1HWWrUtSRfucGwAKCcbC/ZLJQMNy2/40IbPUymuD2W1HyMQqEnQlt5uzzcy6lKi/Vbll/2QuKzNf520vq3+iy6a0JwFgtQgAG0TDAoAHCAP8Rd8D5gj/SulVe61atUr/eC8a4RVcQqmC5etiHCTIKKuJiQl97z6ZLGTnzp3hqKTMdchloXK/OhlJJSOn5BLQixcvpi4roZtcEinLykNeJ7PxjrM/NnUO7lmnNm3aVFXYUvi6Cva5MAAUU1NTw5GXweXZpfqzSBhup0x8MSSj3A4fPqwnDJGRbRJ+yf0D0y4ZzqtLifpbh4wW/RML/WS/VqxYob766iuj7aX1T7isrCtlUh4CwGoRADaIhgU8QhDgL/oeAIoRAJZCewEdsGzZMj2pRdv1ACwRADaIhvUUYYCf6HcAANIR/pVGmwEtC++b9+mnn/J+RN8QADaIhvUUQRAAAMB/uRIAMgkI4J/w0vbffvuN9yP6hgCwQTQsAACAY/gffXZcCf8EASDgl/B+lXKPvLbrApRAANggGhYAAIcRBPmJfrfjUgDYgnHaLXbz/unTp6s5c+aUnYBirG0bPAAA1SMAbBANCwAeIAzwF30P5CP8G1tlAWDy8fnnnzcxAy8BIAC0hwCwQTQs4BGCAH/R9wAwivCvElUEgNrz58/VnTt31N69e3X5woUL27icmeMBAJpDANggGtZThAF+ot8BAPgvAsBKVBYAhh49eqTLX3rppU4GgHJ5slymPGvWLP1Yt26dOn36dPJ1eetKey5W9vDhQ7Vjxw41b968kWW3bNmilixZorc9Y8YMtXz5cnXs2DHrtpLA9csvv1QrV67UbS2XX7/99tvq0qVLpuuyHjVp2HaDZ8+e2a67qvKiZXTZvn37YuWHDh2yqtutW7f0Je8GdRj6888/rdra8jiJrW/mzJnqjTfeUD/99FMVfTOYnJxUMlGJHGdz585VW7duzZqwZOx+LGpb27pY9jXsEQA2iIb1FEEQAADwmavhX88mAUn9EX379m1dLuHQGOuurD5RH3zwQWbwsXv37uhrxwoA33zzzbxQJXX7R48etWqv7du3W4U4OfthtA6LthuGwBb1azQAXLBgQax82bJlVnWTcNewDkMSCg/M22OQtWzGcZK67NKlS0eWte2bXbt2pS4n4fa9e/dy3wdlyvPatkxdLPsa9rL6FTWgYQEAABzD/+grRgBYmXG2N/Ij+l//+pd666239Iilq1evtrEvmds8f/68fl5GVJ08eVI9ePBAP2REkZTJcxcuXFAG68oL9QY///zzcDs3btzIbQPZfjBCKTWsyfLNN9/o18hIL6m/hEsS7Fy8eFGP/DJcjXEoY9l2g/v37+syOQ7KbrNkedEyw8AofK9JH0VGahZu69dffw1Ht1qFSMEoNfXyyy9HX2O0DoPjJLaeYOSfPj6SC9r0jRxPUrZixQp17do19fTpUyUBv4y6k/KJiYlK+zevbcvWxbKvYY8AsEE0LAAADiMI8hP9ns/V8K8lVQSAI4/33ntPBSONmpT7oz4clZd2GWUwqkqHl9F1BWGJyXaGZeE9EPfs2WO0/48fP84KZDKF+/LFF19UGuBmlVu23XAUqFyWXHabJcuLlhn2TTCabHDgwIHhfStNtiUjLxMj0YwEl2brS3kt90MrOE5i67ly5Yr+Oxi1GWPTN3JJuZTdvHkzVh6GiClh5Fj9mNe2Zeti2ddWVGQdLv3bUla/ogY0LAB4gDDAX/Q9MIoAsFJVBEipj0WLFmXdm8t0PWXrk0ruFybPBwFIzO+//66fC0YHDaTugyBAkdF1ct80ucTw+++/z6qfLrt+/boewST3MJPRTGn1kG3t379fbdiwYXiPN9t9DkcxBfUuyzissWk7Ie0gZSkTwRRt0/RYiD0vbSj3zEuEzpn9JKNTJQCT+/JJH8iIMoNtDSR8kv4NQ7SM5VOFQWkwYi2vjprlcTLSZhmXxVr1TWK03Mgj5T6fZfuxsG3L1sWyr62YhGl9/LelrH5FDWhYwCMEAf6i7wHgPwj/KldpgCSX5cllduFlee+8847J+k3DAuv6RIUTCwSTMcSEEzQEyww++eSToiAjN/g4ePBgaj3k+zy4LHOsfc7bFwuFoYzJ9pJtJy5fvqzLZIISy23aBkexR2LUZV4/6ZBXRoQtXrxY5SwfK9+2bVv0fodWfRa8F/TELQV1LHOcpC4nwdePP/4YW96mbyKTcZR6H1jUu7Btx6iLTV/DXla/ogY0rKcIA/xEvwMAfEcAWLk6AqTBH3/8MQwgxlh/ZfUR4Si2tFFzyVFsEmrJbKEyYkhGFkm5zH778ccfGwUfr7/+eurlw2vWrNHPyyW1cpnmnTt39L3MiuqetS9pI/IsGAeANm0njhw5MtzPsts0LZfZkIOZiHV/Fbx2WCZ9KaGSjLIz2ZYE25ERannLj5ARpHLvv2nTpiXbMHUdJY6TWLkcv8ePH9dlq1evji1v0zdhvweXH5so1Y8mbTtOXSz6GvYIABtEw3qKIAgAAPjGh/Cv75OAhHLuM1an3B/14X3sggAkJgxFovexs9yOLnvy5IkKwxsJXpJhRTjBQUqIYRVIyGWhsnzaPfksGIc1tm23efNmXRZMXFFqmzblYTiWuAw0NwCcmpoahk8m25JRrQYjDFMFE6SojRs3GrVHieNkpDy8Z2Dy0libvtm0aZMuO3HiRK0BoEnbjlMXi76GPQLABtGwAAAAjuF/9KUjAKxFpQGShA5yyWEYUMllfWPVbsz6RJ07d04/L5dWSohQNJOt5XaGZbLOYCSakrBFRn+FC4X3Fjxz5oy+nFZGgwXBh1UgITPxyvJSbxn9Fs4C/N1339UyC7BN28kMxTLSTcqCyShKbdO0XNo3HO1mMwLQdlsSpMlIPMN1xaxfv14vm/L+Tl1HieMkVi7HQzDaLTY5hm3fnD17drjvhw8f1iP0pL3v3r2r5Llgvwr3p6jcpG0rrEvRc7BDANggGhYAAIcRBPmJfh/lQ/jXkioCwNTHggULxp2komx9MsnsxIOM+qbNmGqxnViZ7Pf8+fN12Y4dO4blch+y5HYTkxsYkctew5FcGY+y+5FZbth2w7Jg1taxtmlQHnskRkRWGgAGs8earquwrhkPrcRxkrnOr7/+eqy+ef/9943qnLeOonLTtq2oLkXPwU5Wv6IGNCwAeIAwwF/0PfAfBIC1GadNR36Aywix5cuX63vlySikSmpoX59cMnpOLtOVuspD7u136tQpm7oahQ1y2aHc903Kw8stZTTXxMSEkvuZvfrqq2rnzp3hyCfrQEJGP8lIKGlvGRUlgaMEOzIKcIz9yCsvbDu5z5rs265du/Tl0BVsszDwkm3K5A4plydXFgBK+8pIM4t1pdbV4KGVOE5i65H6rlixQn311VdV9I0efSeXL8sl/bIemUFYAmHTEY155bZtW0Fdip6DHQLABtGwgEcIAvxF3wPwGeFfrWhXoF4mYROBFPqKALBBNKynCAP8RL8DAHxEAFgr2hWoFwEgXEYA2CAa1lMEQQAAwAe+hX89mwQEAOA3AsAG0bAAAACO4X/0/RcBYO28adu6/PLLL+qzzz5TW7duVatXr9b3JJP7mrVdLwBoAAFgg2hYAAAcRhDkJ/r9P3wL/1pSe/vKLKQyOYVMZjBjxgwdkL3xxhvq008/bWqW4NiEETJZhsxaO+62Hz9+rLZt21Y4oQMAOIwAsEE0LAB4gDDAX/Q9fEYA2Ija2vePP/7Qs3UOcmY9nTZtWqMBYPQhs4jeunWr9Pa3bNmi1yMz/e7Zs0edPn1aXb9+Xd27d0/JLK7VVB0AOo0AsEE0LOARggB/0fcAfEP415ja2vitt97SAdm8efPU8ePH1d27d9Xz58/Vo0eP1M8//6y++OILtWzZsiYDwMGzZ8/UjRs31Pr163VZMILP2tTUlH69jGq8ffs2xykAXxEANoiG9RRhgJ/odwCALwgAG1NLG1+6dGk4Om6cUXYVGbkk9+bNm8NwMlouo/qWLFmiZs2apS9XXr58uTp27NhI/Q8cOKBff/jwYat9O3XqlFq7dq1evzzWrVunRw4W1TfvOdM6CwlgP/74Y7Vo0SJ9OfQgPiqySO5ozrT11LG/aeUPHz5UO3bsCPtzWG7TNgVi+zhz5kx9GftPP/2Uuq7JyUm1atUqfS/IuXPn6vtD/vbbb4X7kVFu3e5pZfI+jPT5kITiFus1OYbqOk5i+yaX4H/00Uf6kn5pZxltLOF+dMEK+x/ZCAAbRMN6iiAIAAC4yufwz5VJQN599139I/3zzz/vQj+OBA5Pnz7VZRIKZCwbexw9ejS2XDiC8Pz582piYkKHIbIu+a/8LYFUshJy38Gs9e/evTu6vG0gZlRnsX//fuOgJ2fbRsFOjfs7Uv7mm29m7Ytx2xRIXc/SpUtH1rNr167UZSWclMvDS+yfdaCWViYBaVq5jMi1WK/JMVTXcRLbN3mvJZeXEbkPHjyoo/+RLauPUAMaFgAAwDG+/48+AsBG1bK9xYsX6x/av/76axf6cSTI+PHHH3XZ66+/nlk/CRL27duXGvRI0CDlKSOg9ENGHUVDQAkKpVxGIp08eVKHFPKQkWJSJs9duHAhGaAY7YtpnYWMlpLnvvnmG9MALk/m6xrY32G5XE4ebis5AiyqqG0KxOoRjPzTIwGjC128eFGXr1ixQl27dk1J0CyXiMsIQCmXcNh2/yyfS11G3ofBzNQjr71//74uywnDY0ocQ1UdJ7H1SQh/9epV3cZy7015z0l5MDp3xJj9j2wEgA2iYQEAcJjvQZCvfO53n8O/ltTS1mHYEIy0a9swgJDLHSUwkksBBzlhQUguMxykhCPB30pGe0kIIROeSOAnMx6H4WAQNmjhCLW0yw+D0UgquGfisL5BMJO5L7Z1jtY7MUlJ5QFgA/s7LN+7d6/+t0zEUlThvLYpEKvHlStX9N/B6LUhme1ayoNLzIfCkC0leGokANy+fbtKjEwcCu5hqSfFMdlOiWOoquMkd31BUKgvvc6oxzj9n0pF6uHSvy0RADaIhgUAD/gcBviOvodPCP9a0YcAUGU8xnq9jFIMLn8c+v3335Vc4rhhw4bhvcPStheGIGkbC4OI6OhCuQ+clKVNGCLblOfC+xGGlzZKuCShooSWcuno999/n1oX0zqLcGSm3HNN7uWWaB9bma+rc3+j25aRX3KsyUjMtNGmNm1juK/DR9olvZF7EKY+gvdF7noTj7y6mNRX3+9SthsGfcnXShtK2cKFC7PqFlPiGKrkOClaXxiyyn1Ho+uoqP9TtRXQ1f1vS1nvT9SAhgU8QhDgL/oegA8IAFtRS3uHoU5yJFRJNuFI7uunTZumR+i99957elbi6ELyXRtc0lm4vTDoSQs4w3uqRUcZhZcKJ0ZNaUFZeDnx4JNPPikKhYbrsKmzGPMegEmZr6trf1O2rR8HDx4cWca2bQqkrkNGzQWXk8f222JfbPd7UPDcyDIy03XkXnojr718+bIuW7lyZVbdYkocQ5UcJ0XrSy5fcf8jW9b7EzWgYT1FGOAn+h0A4CrCv9bU0uYSOsi6Dx061IU+NfrBv2bNGr2cXJYol3jeuXMnDPhGXi8zlkpZ2j3nglFhKhjdpIUjnYJRTTHJkU4SZEi7yYglGbkl5bI9mXk1WRebOgsZXZcz6YKtzNfVtb8p29YPGW2ZvITYtm1s9lXqfPz4cV22evXqkX4OLjW1Xq9BedFzsWXk+IyM/kt97ZEjR4btZLKdEsdQJcdJ0frCEY7BJfhV9z+yEQA2iIb1FEEQAABwCQHgf7gyCUh4c3+5HK8DE4EY/eAPL1tOCW9GXh9OJhCMXouRCQwGiUAlvNdZELbEhAFMyr3OCvfFps6h8F5w77zzTmYoZCjzdXXtb7L8yZMnKgx6JIiLtkOZtrGpR3g/uehlvZs2bdJlJ06c6EQAKJOPJO6NOPLazZs367LoPSuLtmN5DFV9nKSuL7iPoAruw1h1/yMbAWCDaFgAAADH+PY/+gj//suVAFCsW7dO/9CWUT7/+Mc/9AgcuWeY/CCfmprSN/6X2VLr2n6E0Q/+8LLlM2fO6EsSZQRSEJ6MvF5CTbnUUB6ybzLDqNy/7vTp0+E9yFRwaaV27tw5XSaXJEo4ZDjbaeG+2NRZXLp0SZfLpauR+9dVHgDWtb9p5bLecAZYCbNkhJqU27aNTT2kr8NLYaMTe5w9e3YYCh4+fFiPvJP6yOXm8pzMXGu7f5bPxZaResj7Luu1MpOvXBYvZcHEJoXbKXEMVX2c6HKpu/SDXHIvk++E77vgfz5U3f/IRgDYIBoWAACH+RYE4T986nfCv9bV1vYSDgQzcmY+Uu7vVQejH/zBjMCxR2JSh5jPP/88c7/S7kkn9x3MWj45m6zpvtjUWcKS+fPn6/KTJ09mhkIWcl9Xx/5mlUu4E+7bjh07dLltfxrWY+Qh4VN0wffffz/3mC+zfxbPxZYJZkjOeu2wTuGouaLtlDyGqj5OMpeXEY/hQhX3P7Jl9RFqQMMCgAd8CgMQR9/DdQSArau17WXkjYzs2bhxox4JKIGf/AiXWTklQEuMTqqL0Q9+qevExISup9xHbOfOnWH9Ml8vo7rkfnUygklGLMl+Xbx4MXNbEprIJauyvDzktTKbatl9sanzu+++q8uCy1Qz11m2Lmmq3t+8chlVGo4Ck8tZy/SnQT30Q0bWyejVr776KvO4kGNeRsnJMS8z7ErQlfKdXlsAKHVMTnQTfa3US9pGLueVS6lNtlPyGKr6ONHr++yzz9SyZcv0fsrMxPJ3OPpTVNz/yOZuADh79uzcBD/teXnT2y5jwY2GBWCEIMBf9D0AFxH+dQLtD6BPCPC6xdkAUB9oco182pDu5cuXDwM9uWY9vPmrPIIbkxotU6JO8BBhgJ/odwCASwgAO4H2B9AnBIDd4l4AuGDBAn2QpQV/ESbDd8sM8c3T74ZFaQRBAACgzwj/0rk0CQgA1IAAsFvcCwAHhtfZByP8YsIZiSyWsa0XAAAAHOLD/+gjAExHAAgAuQgAu8XpADDvHoDqyJEjIzv67bffxgJAg2Vs6wUAABzlQxCEUa73O+Ffp9APAICy3A0A5VLg8N59L7744vCegJFl8l5vukxuHQoeQ3LimHbySDnllFNOOeWU96c8+Vzb9aGc8nHLo+FfF+rje/nAgR9qAIDWpH2/9P57Rd27d29kJ8J7A4bL/PDDDyPLJEcAGixjVa8SrwHQU2kn7/ADfQ/AFYz+6xz6AgBQVtp3SO+/V9Rf//rXwnAvuJdfzGuvvWa7jFW9SrwGDiAM8BP9DgDoM8K/TqI/AABluRkADlJ2IrwMOG+ZRLnJMrb1gocIggAAQN8QABZr4RyP/gAAlOVeABjM3KsfO3bs0BN5/OUvf9F/T58+Xe9cOJPvCy+8MLxPoPx7EJn512QZS/1uWAAAAIxw8X/0Ef6ZIQAEAPSIewGgWLx48TAEDB8zZsyI7djMmTNHlpk9e7b1Mhb637AAACCTi0EQirnY7wSAnTXy24QHDx48ePCweCSllaECNCwAeMDFMABm6Hu4gPAPAIA4h8/xXN2v1tGwgEcc/pJAAfoeQJ8RAAJAOs7x/OVw37u6X62jYT3l8IcFctDvAIC+IfwDzHCe5yf6HQ7imK4JDespvigAAEAfEADa4RzPX/Q9AEfwWVYTGhYAAMAxrgQBhH/2XOl7AIC3+B6rCQ0LAIDDCAP85EK/E/4BAOAlvvtrQsMCgAdcCANQDn2PviIABAAgm8PneK7uV+toWMAjDn9JoAB9D6BPCP8AwAzneP5yuO9d3a/W0bCecvjDAjnodwBAHxAAAvY4z/MT/Q4HcUzXhIb1FF8UAACgiwj/xsM5nr/oewCO4LOsJjQsAACAY/ocBBAAjqfPfQ8AwICcqjY0LAAADiMM8FNf+53wDwAA73EeUBMaFgA80NcwAOOj79EnBIAAAJhx+BzP1f1qHQ0LeMThLwkUoO8BdB3hHwDY4xzPXw73vav71Toa1lMOf1ggB/0OAOgqAkBgPJzn+Yl+h4M4pmtCw3qKLwoAANAVhH/V4RzPX/Q9AEfwWVYTGhYAAMAxfQsCCACr07e+BwAgge+xmtCwAAA4jDDAT33qd8I/AAAQwTlBTWhYAPBAn8IAVIu+R9cRAAIAYM/hczxX96t1NCzgEYe/JFCAvgfQRYR/ADAezvH85XDfu7pfraNhPeXwhwVy0O8AgK4g/AOqxXmen+h3OIhjuiY0rKf4ogAAAG0iAKwH53j+ou8BOILPsprQsAAAAI7pehBA+Fefrvc9AAAF+B6rCQ0LAIDDCAP81PV+JwAEAAAZOD+oCQ0LAB7oehiA+tD36BrCPwAAxufwOZ6r+9U6GhbwiMNfEihA3wPoAsI/AKgW53j+crjvXd2v1tGwnnL4wwI56HcAQJsIAIH6cJ7nJ/odDuKYrgkN6ym+KAAAQJMI/5rBOZ6/6HsAjuCzrCY0LAAAgGO6FgQQ/jWna30PAIAlvsdqQsMCAOAwwgA/da3fCQABAIAhzhdqQsMCgAe6FgagOfQ92kb4BwBA9Rw+x3N1v1pHwwIecfhLAgXoewBtIQAEgPpwjucvh/ve1f1qHQ3rKYc/LJCDfgcANInwD2gO53l+ot/hII7pmtCwnuKLAgAA1I0AsHmc4/mLvgfgCD7LakLDAgAAOKYLQQDhXzu60PcAAIyB77Ga0LAAADiMMMBPXeh3AkAAAFAC5w41oWEBwANdCAPQDvoebSD8AwCgXg6f47m6X62jYQGPOPwlgQL0PYAmEQACQDM4x/OXw33v6n61job1lMMfFshBvwMA6kb4B7SD8zw/0e9wEMd0TWhYT/FFAQAAqkb41z7O8fxF3wNwBJ9lNaFhAQAAHNNWEEAA2D5CIABAzznxPaZyHsbLzJ49e+S5OXPmlG0gJxoWAACkIwzwUxv9TvgHAAAq4MS5hMlO5C6zfPnyYeg3OTmpH+Hfa9asKdNITjQsACAfIZC/6Hs0hQAQAIDmOHyO58R+jR0ADkZHDBaVj7s9AA5x+EsCBeh7AHUi/AOAdnCO5y+H+96J/aokAAxGAcYsWbKEABBWHP6wQA76HQBQBwJAoH2c5/mJfoeDnDimR+7d98ILLyR3rGgZdeTIkZHG+PbbbwkAYYUvCgAAUAXCv27hHM9f9D0AR7j1Wfbhhx+qadOmpU0CUrRMXkOYXj5cONGIfHmkfYFQTjnllFNOOeWUU9798ujzXagP5c2VR4+BLtSHcsopp5xyym3KB64FgKFg9t7cnUsso3744YeR5RkBCAAA0mScWMFxTfU7o/8AAEDF3DyvCC7nzd25xDIquN9fzGuvvUYACADIRAjkL/oedSIABACgHQ6f47m5X5FLfE2XyVqeABBAIYe/JFCAvgdQNcI/AGgf53j+crjve79fOqCT0XtTU1NK7u8Xlr3yyivKdJlwtl+ZGGRyclI/gklCUmcHNqwXPOTwhwVy0O8AgCoQ/gHdw3men+h3OKj3x7RKeyRCO5NlBjNnzhxZZvbs2WUbqPcNi3L4ogAAAGURAHYX53j+ou8BOILPsprQsAAAAI6pMwgg/Os2QiAAQM/xPVYTGhYAAIcRBviprn4n/AMAADXjPKMmNCwAeIAQyF/0PapEAAgAQDc4fI7n6n61joYFPOLwlwQK0PcAxkX4BwDdwzmevxzue1f3q3U0rKcc/rBADvodAFAWASDQbZzn+Yl+h4M4pmtCw3qKLwoAAGCK8K8/OMfzF30PwBF8ltWEhgUAAHBMlUEA4V+/EAIBAHqO77Ga1NKw6v8MlM+POtoUAIAyCAP8RAAIAAB6inOOmgwbtu3QjAdhIoD6EAL5i77HOAj/AADoJofP8Vzdr9YRWtWg7dCQfkEWh78kUIC+B2CL8A8Auo9zPH853Peu7lfrCIc6rq4wUD4sCAz94/CXBACgYgSAQL9wnucn+h0O4piuCQ3rEdsAkFGGAAD4ifCvvwgD/EXfA3AEn2U1oWGRiWAQAIB+GjcIIADsL0IgAEDP8T1WExoWlSI0BIBuIQzw0zj9TvgHAABaxDlITWhYNIJgEGgXIZC/6HvYIgAEAKD7HD7Hc3W/WkfDorMIDavn8JcECtD3AEwQ/gFAv3CO5y+H+97V/WodDeupPn9YEAyW1+d+BwDUjwAQ6C/O8/xEv8NBHNM1oWE95dsXBeEgAAD5CP/c4Ns5Hv6LvgfgCD7LakLDwmuMJgQAuKhMEEAA6AZCIABAz/E9VhMaFshAOAjABYQBfrLtd8I/AADQEZyP1ISGBSpCMIguIwTyF32PIoR/AAD0j8PneK7uV+toWKABXQkGHf6SQAH6HkAWAkAA6C/O8fzlcN+7ul+to2E95fCHRa80PWqQfgcARBH+Ae7gPM9P9DscxDFdExrWU3xRdBuXEwMAmkAA6B7O8fxF3wNwBJ9lNaFhgZ4hGAQAFDEJAgj/3EQIBADoOb7HakLDAo5g1CCANIQBfiIABAAAPcW5SU1oWMBxBIMQhED+ou+RhvAPAIB+c/gcz9X9ah0NC3gk+SVBMOgPh08QAJRAAAgAbuAcz18O972r+9U6GtZTDn9YIIdpvzNqEADcRfgHuInzez/R73AQx3RNaFhP8UWBMggGAaD/CADdxjmev+h7AI7gs6wmNCyAShAMAkB3ZAUBhH/uIwQCAPQc32M1oWEB1IpRg0C7CAP8lNbvhH8AAKAHOFepCQ0LoBUEg80iBPIXfY8QASAAAO5w+BzP1f1qHQ0LeKQvXxIEg9XrS98DqAfhHwC4iXM8fznc967uV+toWE85/GGBHH3vd0YNAoA9wj/AD30/z0M59DscxDFdExrWU3xRwCWEggCQjvDPP5zj+Yu+B+AIPstqQsMCcBphIAAfhUEAAaB/CIEAAD3H91hNaFgA3iEQhE8IA/wk/U74BwAAeohzl5rQsAC85sulw4RA/qLv/UT4BwCA2xw+x3N1v1pHwwIecfhLojKu3k+Qvgf8QgAIAH7gHM9fDve9q/vVOhrWUw5/WCAH/T4eV8JAAG4j/AP8xHmen+h3OIhjuiY0rKf4ogCqQSAIoEsI/8A5nr/oewCOcOKzTOU8tNmzZ488N2fOnNjOmyxjWScAQAVcvHQYQL+EASBBgL/oewBAzznxPZa7E8uXLx8GepOTk/oR/r1mzRplukyVdQIAlOfq/QTRL4QB/oiO/qPfAQBATzlxDlO0EypjmWi5yTJV1gkAUIOmw0DCAH/R9/7g8l8AAPzh8DmeE/tVGAAGI/xilixZEgsADZapsk4AHOLwl4QT6gwE6XvAbYR/AOAnzvH85XDfO7FfI/fue+GFF6I7po4cOTKyo99++20sADRYxrZO8JDDHxbIQb/3B5cOA7BBAAiA8zw/0e9wkFvH9IcffqimTZuWnAQkbydtlsl7vuihP0DSPkQod6s8+Vzb9aGccsrzyyXoC8uTAWBaedfqTznllNdXHk760ZX6UN5ueVjWlfpQTjnllFNOuU35wLUAMBTM3hvunPrhhx9GdjQ5AtBgGRtuNiwAeIQRgoDf0kb/pZ1Uww/0PQCg59z8Hgsu5x2Ge8G9/GJee+0122VsuNmwAOA5AkGECAPclnXpL/0OAAB6ys1zmMhlwIMBswADAGoQXiZMKOgngiC3ce8/AAD85PA5Xu/3Swd0MnpvampKyT0Aw7JXXnlF71w4k69MDDI5OakfwSQhw5l/TZYpUS8AnnD4SwIFon3PxCKAGwj/AACc3/vL4b7v/X6ptEcytJs5c+bIMrNnz7ZexrJe8JDDHxbIQb8jC2Eg0C+EfwCSOM/zE/0OB3FM14SG9RRfFADyEAYC3UYAiCyc4/mLvgfgCD7LakLDAgByMToQ6BaT8I8gwF/0PQCg5/geqwkNCwAwxv0D+4cwwD0EgAAAwGGcw9SEhgUAD9QVBhAIdh9BkFu49BcAAAiHz/Fc3a/W0bCARxz+kkCBJvueMBCoB+EfACCJ83t/Odz3ru5X62hYTzn8YYEc9DvaQBgIVIMAEEAezvP8RL/DQRzTNaFhPcUXBYA2MDoQKIfwD6Y4x/MXfQ/AEXyW1YSGBQC0gvsHAuZsA0CCAH/R9wCAnuN7rCY0LACgEwgE60EY0H9lRv/R7wAAoKc4h6kJDQsAHuhrGEAYOL6+9j3+g0t/AQBAGofP8Vzdr9bRsIBHHP6SQAFX+p4wEL4hAAQA5HHlHA/2HO57V/erdTSspxz+sEAO+h0uIQyE6wj/ANjgPM9P9DscxDFdExrWU3xRAHAJYSBcQ/iHsjjH8xd9D8ARfJbVhIYFADiFMBAuGDcAJAjwF30PAOg5vsdqQsMCAJzFJCKEAX1Uxeg/+h0AAPQU5zA1oWEBwAOEAf6GgfR9/3D5LwAAKOLwOZ6r+9U6GhbwiMNfEihA34/yMQxE9xH+AQBscI7nL4f73tX9ah0N6ymHPyyQg34H0hEGogsI/wCMg/M8P9HvcBDHdE1oWE/xRQEA6QgD0RYCQFSBczx/0fcAHMFnWU1oWAAAMhAGoilVh38EAf6i7wEAPcf3WE1oWAAADPR1EhHCgO6rY+Qf/Q4AAHqKc5ia0LAA4AHCgGr1KQyk77uPS38BAIAth8/xXN2v1tGwgEcc/pJAAfq+Xn0JA9E9hH8AgHFwjucvh/ve1f1qHQ3rKYc/LJCDfgfqRxgIGwSAAKrCeZ6f6Hc4iGO6JjSsp/iiAID6EQYiD+Ef6sA5nr/oewCO4LOsJjQsAAANIAxEVN3hH0GAv+h7AEDP8T1WExoWAICGNTmJCGFANxEAAgAApOIcpiY0LAB4gDCgu+oOAun77uHSXwAAMC6Hz/Fc3a/W0bCARxz+kkAB+r4/uETYfQSAAICqcI7nL4f73tX9ah0N6ymHPyyQg34H+oMg0E2EfwDqwnmen+h3OIhjuiY0rKf4ogCAfmDiEHcQ/qEJnOP5i74H4Ag+y2pCwwIA0APMItx/TQaABAH+ou8BAD3H91hNaFgAAHrGJgwkDOiGpkf/0e8AAKCnOIepCQ0LAB4gDHBXVhgYBoL0fTdw+S8AAKiSw+d4ru5X62hYwCMOf0mgAH3vBy4T7ibCPwBAXTjH85fDfe/qfrWOhvWUwx8WyEG/A34hCGwf4R+ApnCe5yf6HQ7imK4JDespvigAwB8Ege0hAETTOMfzF30PwBF8ltWEhgUAwBNcHtysNsM/ggB/0fcAgJ7je6wmNCwAAA5LCwO4V2AzCAABAACscQ5TExoWADxAGOCvor4nDKwHl/4CAIA6OXx+7+p+tY6GBTzi8JcECtD3MEEQWA3CPwBAUzjH85fDfe/kfqnB6I6pnIc2e/bskefmzJlTtoGcbFgUc/jDAjnodwCmCALLIwAE0AbO8/xEv8NBzh3TI8FepDzT8uXLh6+bnJzUj/DvNWvWlGkk5xoWZviiAACYYFSgHcI/tI1zPH/R9wAc4dRnmQ7sVq1aZR0ADtJDw7xyk7oAAADk4l6BxboU/hEE+Iu+BwD0nBvfYy+88IIO6hYvXhzukHUAGIwCjFmyZAkBIAAAGFFHGEAQOKpL4Z8gBAIAAD3V/3OYadOm6ZDuf//3f6M7U3gPwCA0HD5/5MiRkcb49ttvCQABAJkIA/xVd98TBP5H1wJAAADgNofP7/u9X9OnT8+arCNzxz788EMVhoaR5fIawvTy4cyHHEBpBxHllFPuRnn0+S7Uh/LmyqPHQBfqQ7mb5ckgsO36NFUehn9dqQ/llFNOOeWUU+5+efK5tutTYfnIc32jZs6cmbYThTsWhIbhcuqHH34YeQ0jAGEr7Q0H99HvAOrm2+XBjPwD0BWc5/mJfoeDen9MK4NHquCS32EAGNzvL+a1114jAIQVvigAAHXyJQgkAETXcI7nL/oegCOc/Swr3LHIZcDh8lkjCQkAAQBA57gaBHY5/CMI8Bd9DwDoOWe/x1Ti33qE39TUlJJ7AIZlr7zyil4unO1XJgaZnJzUj3Bm4bTZgS23DwAAHNOlMMClILDL4Z/oUr8DAABYcPYcZiQATD6SwV5wL8HYY/bs2WUbyNmGBQD8F2GAv7rY9y4EgV0PAAEAgNu6eI5XEVf3q3U0LOARh78kUIC+Rxf1NQgk/AMAdAXneP5yuO9d3a/W0bCecvjDAjnodwBd1LcJQwgAAXQR53l+ot/hII7pmtCwnuKLAgDQNWlBYNfCQMI/dB3neP6i7wE4gs+ymtCwAACgc7oYBvYp/CMI8Bd9DwDoOb7HakLDAgDgMBfCgK4EgQSAAAAAteMcpiamDRvOOJxVnvW86TI2dRh3PQDgHcIAf7nW920FgRL8/XtjI4+mtg8AABDl2jlehKv71TqThs0K3ZJlZZcxUdV6AK85/CWBAvQ9XNN0EJgW+BECAgDaxjmevxzue1f3q3VFDZs16q5oRKDpMqZ1rGI9iHD4wwI56HcArmkiCMwL+ggAAXQF53l+ot/hII7pmuQ1rEmYl/cak7/HQQA4Br4oAAAuqSsIjF76W9U6gTpxjucv+h6AI/gsq0nRffuy/jZ5TbKc8A8AANSq6iCwrwEgQYC/6HsAQM/xPVYT00triwI308t0qwjuCP8AADDkaxhQRRAYzvpLAAgAANAYzmFqYjJir2gEX1XlJgj/AKAEwgB/+d734wSBfQ4AAQCA2xw+x3N1v1pn2rBlwryqA0DCP2BMDn9JoAB9D9/ZBoFh+KdfyyQgAICO4hzPXw73vav71bpxAsAy9wUsExiabgsWHP6wQA76HYDvTILAaPg3fF1KCMjIQABdwnmen+h3OIhjuiZlA0Cby4RNJgGxeb3J+lCALwoAgM+ygkAJ9NICwPC55KPZWgPFOMfzF30PwBF8llUtOGnt0skrgR4AAGhULAh0KNgjCPAXfQ8A6Dm+x6oUOblNPdnl3/ybf/Nv/s2/+bcb/46GAV2oT1f/Lf9NPgY9RggEAAB6qtVzGGX46IXEiS0BIP/m3/ybf3vwbwkD2q4D/27n3wSAxf/OewwAAAA6yOH/2dfafimLR29ETmo5wQU84vCXBArQ90C+1ADQcMZgAADawjmevxzu+/YDwCNHjgz//cMPP6jo83/961971/DRALDtuqB5Dn9YIAf9DgCjwkk/kiP/TGYMBoCu4DzPT/Q7HNRuAPjRRx+lBn7Lly/v5QjAiL7WG2PiiwIAgP9IBoDJ5wkC0Sec4/mLvgfgiNZHAMb+fvHFF3VZMBKQABAAAKCHwvDPZNk+BYEEAf6i7wEAPdetAHCQuCR40N8gra/1BgAABggDstmEf1HJILCLYSD9DgAAeqobAeCqVaucmAQkoq/1BgBYIAzwF32fLi38s50YrQ9BIAAAcJPD53jd2a/g8t/YY2pqqjsVtNPXegMoweEvCRSg74G4sqP/shAEAgDawDmevxzue1f3q3U0rKcc/rBADvodAKoP/6IIAgG0hfM8P9HvcBDHdE1oWE/xRQEA8FFe+Gd7CXAegkC0hXM8f9H3ABzBZ1lNaFgAAOCFOkf+ZWkrBCQI8Bd9DwDouWbP1Uo++qiv9QYAAAYIA/6rjQAw1HQQSL8DAICeIgCsSV/rDQCwQBjgL/r+P0zCvyovAU5dP5cEAwCAijh8jtdKAOgDX/YTwMDpLwkUoO/huzZH/yURBAIAqsI5nr8c7nsCwJr4sp9IcPjDAjnodwA+6lL4F2KSEABV4zzPT/Q7HEQAWBNf9hMJfFEAAHxgE/7VfQlw6jYJAlExzvH8Rd8DcAQBYE182U8AAOChLo7+S1N1EEgQ4C/6HgDQcwSANfFlPwEA8JLPYUBfwr+oqoJAn/sdAAD0GgFgTXzZTwDwGmGAv3zue9sAsI1LgLNwaTAAAMjj8Dne/8/e3eTGbWxtAJacHyACLmQgMAJ4ogw88sgDzTL0KMMMswDPs4CsQCvQFrwFLcLLyDb6+7rTrfQPm3/NarLOeR6gcaUSJbPqsMnKe4vNWQLAoa8a1brfwAiBLxJ0UHuyqXH1XxMhIABtzPHyClx7AWAhte43Fwp8sqCFugMZRAn/9gkCgS7meTmpOwE5pgsxsEm5UAAQ1dgAcEm3ADdxWzB9mOPlpfZAEM5lhRhYACCMiKv/jvUJAgUBeak9AJVzHSvEwAJAYJnCgAzh3762IDBT3QGAUELOYU4+O/D+/v7kswXfvn07eJuB+wBAcMKAvDLV/tIAcOm3AJ/jtmAAyCfwHC9cv04eHvLx48fXtufn581r9/3j4+Oq7zYj9gNIIvBFgg5qT3TZVv81EQQC5GOOl1fg2ofq1yaw+/Tp0/EKwHNPE95v77PN0H0hocAnC1qoOxCR8O8/QkDIyzwvJ3UnoBjH9O3t7Sao+/XXX/cDvZ3VdoXfgQ8fPhwEgD22GSLGwDKYCwUAUUwVANZ6C3ATQWBe5nh5qT0QRP3nsjdv3mxCul9++eV41d/r109PTycd/fr160EA2GObIeofWAAgLav/mq2DgD5PCyYeIRAAlav7Ovb999+fe1jHuTDwWNOKwXPbtP289dU0YVi3adeuXbt27dq1L7H9OPybe3+W2L4fAi5hf7Rr165du3bt2lvaT35em9Xd3V1TJ/bbVi8vLyfbHK8A7LHNoP0a8TsAVKbpQksOkWs/9eq/VaBbgJtYDQgAcQSe4y22X6v15/r9888/XTu46vPafpbfgYeHh4MAsMc2g/Z/xO8AlQp8kaCD2hONW3/HEwQCxGGOl1fg2i+2XwcB3t9//z10R1dHX59bJbgasM3Yf59EAp8saKHuQATCv8sJASEe87yc1J2AFntMn1vNN+T3N3ZP8l2vKHx+ft68dk8N3j35t882I/afhFwoAKhRyfAv+i3ATQSB8Zjj5aX2QBDLPpf99ddfr0HczcgAcG37OYEHr/v7+8HbjP33AQCWzOq/foYEAULAWIRAAFTOdawQAwsAgUUKA4R//Y2puyAQAFgA85BCDCxAApFCIIaJUvtrhH8ZbwE+JgQEgDpEmeM1mK9fnz9/bvuMv833P/74Y60DX+t+AyMEvkjQQe2pndV/1yUIBKiDOV5egWs/T792D91oeO2M+dy/Jal1v7lQ4JMFLdQdqJHwbx5CQKiLeV5O6k5Asx3TrwHfH3/8cRL2/fbbbwJAquRCAUANrhn+uQW4mSCwLuZ4eak9EMS8AeDj4+Nq//vdD19eXgSAAACFWP03ztRBwH4IKAhcNiEQAJWbNwD8+vVrYwD46dMnASAAsFg1hwHCv/FK1V0QCAAUNm8AeHd31xgA7n1f6wSo1v0GYICaQyAuU2vt5wj/3ALcnxAQAOZV6xyvh/k/A/Dh4eH166enp7YHg9Sk1v0GRgh8kaCD2lMbq//qIAgEmJc5Xl6Baz9rv849Cbj28G+t5n3nAoFPFrRQd6AGwr+6CAFhGczzclJ3Apr3mL69vY0Y/q3Vvv+M5EIBwBLNGf65BfgygsBlMMfLS+2BIJzLCjGwAMBiWP03jbmCACHg/IRAAFTOdawQAwsAgdUUBgj/pjN33QWBAMBI5g6FGFiABOYOA5hPLbVfQvjnFuBpCQEBoJxa5ngjzP8U4B6vGtW638AIgS8SdFB7lm4JASBlCAIByjHHyytw7QWAhdS631wo8MmCFuoOLJHwLz4hIJRnnpeTuhPQPMf0r7/+ehDyPT4+RntzResPPblQALAESwr/3AJcniCwPHO8vNQeCGLec9nDw8NBEPjbb79FOblG6QcAUKElBYCRLDkI2A8BBYHTW3LtAaCHZVzH3r9/Hy0IrH3/AYAWSw4DhH/lLLnuO4JAAKDBsuYEv/zyy0EQ+Pnz52XtYH+17jcAA9QQBlDGUmu/xPDPLcDzEAICwHBLneNNwENACql1v4ERAl8k6KD2LM0SA0DmJQQEGM4cL6/AtRcAFlLrfnOhwCcLWqg7sATCP84RAsJ45nk5qTsBOaYLMbBJuVAAMIclh39uAV4GtwRfxhwvL7UHgnAuK8TAAgBXseTwL5ragwAh4Hi11x6A9FzHCjGwABDYksIAAeD1LKnulxACAkA6rvuFGFiABKKEAQy3lNrXEP65BXiZrAYEgFNLmeMV4CEghdS638AIgS8SdFB75lRD+MeyCQEBmpnj5RW49gLAQmrdby4U+GRBC3UHrk34x5QEgXCeeV5O6k5Aizmmaw77mkTqCwO4UABwDTUFgG4BroMQsJ05Xl5qDwSxmHOZABAAoIeawr9oMgQBgsBmGWoPQGiLuY4JAAGAaswVBgj/5pUlBNoPAQWBABDCYq7nAkAAqpMlDODUHLWvNfxzC3C9BIEAZBN4fu8hIIXUut/ACIEvEnRQe66p1gCQ+gkBgWzM8fIKXHsBYCG17jcXCnyyoIW6A6UJ/1gCISAZmeflpO4E5JguxMAm5UIBwNRqD//cAhxL1hDQHC8vtQeCcC4rxMACAJOoPQCMRBDwr4y3BKs9AJVzHSvEwAJAYNcKA4R/yyIE+k/GEBAAKjbf9frz589tn/e3+f7HH3+sdUJR634DMIAwIK9r1D5K+OcW4NiEgABEEnh+P0+/Pnz40PXADw8BAaoR+CJBB7WnpCgBIPEJAYFozPHyClz7+Z8C/Mcff5yEfb/99psAkCoFPlnQQt2BqQn/qI0QkKjM83JSdwKaNwB8fHxc7X+/++HLy4sAkCq5UABwqWjhn1uA84j8uYDmeHmpPRDEvAHg169fGwPAT58+9Q0Az91KvPrrr7/O3VLceNvx/f39yc/evn07doBcJACAUaIFgJEIArpFDQHVHoDKzRsA3t3dNQaANw0BXdvf+fnnn1fPz8+rb9++rT5+/HjuMwXP2v+d9d9Zv3bf761SHMIEAQACKxUGCP+WTQjUX8QQEAAqNv9nAD48PLx+/fT01PZgkN7+/PPPQQFgy781dh9MdgASEAbkVaL2UcM/twDnFXU1IABxBZ7fz9qvtttyRwVvf//9925V4er29nZQALhdBXhg72nFQ0U9YIAGgS8SdFB7phQ1ACS3/RBQEAjUwhwvr8C1n7df25BukvBv/3ePwr+Dn53ZZrf68MD2MwoFgPQW+GRBC3UHLiX8IzpBILUyz8tJ3Qko1jG9XgH4448/bkK7N2/eNHbuy5cvu5/th3ttA9H39uHeYeb6ZNJ0QtFef/uubSn7o127du3al99+HP7NvT9Tt6+2twAvZX+0z9u+CwCXsj99249/Nvf+aL9e+/7Pl7A/2rVr1z6y/WSbEH755Zd1x1o7t33C726b1cvLy8n2VgACAKVZ/VePpgk249S2ElDtAajcbNex1YDXYHsPE+m7zWr7eX8H9h5QMpQJAgAENlUYIPyrixBoWrWFgABQsZgB4N4tvn23Obe9ABCAs4QBeU1R+yzh38pTgGnhcwEBWJLA8/vZA8BJ/s56pd76Ft715/vt2n766aeDcG+9wu/bt28H27x7926zze5pv+sHgzw/P29euweUND0duOd+AUkEvkjQQe0ZK0v4B30IAYGlMcfLK3DtYwSAx6/t5/u1bnMc7N3d3Z1sc39/P3Yfox4wdAh8sqCFugNDCQDhlBCQJTLPy0ndCaj6AHCpIveNFi4UAHTJFv65BZghlhoCmuPlpfZAELMHgI2vH374ofaTbO37DwAUkC38i0YQcB1LDAHVHoDKLTMA3L3Wn8U31w5eqNb9BgB6GBMGCP/qJwS6Hp8LCACTmud6un4Yx99//736448/Vo+Pj5vP7Pvuu+8mewrwAtS63wAMIAzISwDYn1uAGUsICMC1BZ7fL7ZfAkCgGoEvEnRQe/rKGv7BFISAwLWZ4+UVuPaL7pcAkOoEPlnQQt2BNsI/uJzVgMzFPC8ndScgx3QhBjYpFwoA9gn/3ALMdOYMAc3x8lJ7IAjnskIMLAAkJ/yLRxCwDHOEgGoPQOWWcx27u7uL8gCQtZr3HQDo0CcMEADGIwRaDrcEA8Ag81wv//e//x0Efb///vu5JwDXekGvdb8BGEAYkFdX7YV//3ELMKUIAQGYWuD5/Wz9Ohv4PT09CQCBqgS+SNBB7Wki/IPrEgICUzPHyytw7ecNANcrAb///vvXsO/l5WWzQ1++fBEAUqXAJwtaqDuwI/yDeQgBKcU8Lyd1J6DZVwCe+/5cWy1q3W8u5EIBkJsA8JRbgLmWkrcEm+PlpfZAEALAQmrdbwBgJOFffIKA5SsVAqo9AJWbPQDs86pRrfsNAPRwHAYI/3IQAtXDLcEAcEAAWEit+w3AAMKAvASA/bkFmLkIAQEYKvD8Pmq/ZmdgIZHAFwk6qD1rwj9YLiEgMIY5Xl6Bax+1X7MzsEkFPlnQQt0hL+EfLF/Jh4MQn3leTupOQI7pQgxsUi4UALkIALu5BZgluDQENMfLS+2BIJzLCjGwABCc8C8fQUD9xoaAag9A5Wa9jnkICABQpXUYIPzLRwgUg9uBAUjIU4ALqXW/ARhAGJCXALA/twCzREJAAJoEnt/PHwA+PT29fv3y8rLa//nnz59rHfha9xsYIfBFgg5qn5NbfyEGDwcBzjHHyytw7ecNAP/666/GwO/jx49WAFKlwCcLWqg75CH8g1iEgHQxz8tJ3Qlo9hWAB9//8MMPm7btSkABINVxoQCIS/g3jluAqUFXCGiOl5faA0EsKwC8Obol+KbeyWKt+w0ANBD+sSYIiK0tBFR7ACq3jADw06dPHgICACxSU/gnDMhJ3eNzOzAAQS3n2ra9/ffg9e3bt+Xs4DC17jcAAwgDchAAXsYtwNRGCAiQV+A5XtR+zc7AQiKBLxJ0UPv43PoLOXk4CORmjpdX4NpH7dfsDGxSgU8WtFB3iEn4B7kJAVkzz8tJ3Qlo0cd0zZ8HWNO+MiEXCoAYhH/TcQswtVsHgOZ4eak9EMRVz2VtD/ro+6pFTfsKAOwR/nGOICCvde2tBASgYlUEgDWqdb8BILW+4Z8gKCd1z83twABUbJYAsNT2S3Juv4cEnH36P8UYRQhcAWYhDIhHADi9c7cA79qPX3PsI/TlcwEBYgs8xxMAFtK03039OdfHPqHcFKHd8e/XPOYwm8AXCTqofSxu/b2upsBPCEgNhIAQnzleXoFrLwAs5JJ+9gnlpli11xU+MkLgkwUt1B3qJ/y7vq6VgXPsEwwhBMzBPC8ndScgAWAhffe77wq8UmGdFYATc6EAqI/wr6whQZ/wj6U6N8cTAsZnfg8EMUsAePC6vb1d/fHHH9FWovX97L6htwT3bR9iitWEAFAtAeA8jj/7r4bwTxCQV1vthYAAVGD+APD49fLysjravkZWAAJABcaGf4Kgy9W4AlDdOcfnAgKwcNe7Pq2DvT///HP18ePH1f39fWsI+ObNm9pXpI291fmaAWDJVYUAKQgD6nbJyj+172/ILcBt7bB0QkCA+gWe4y2jX+tw8Cj0yxoA9vm+7XeHEADCRAJfJOig9nVz6++8BIBEJQSE+pnj5RW49svr14cPH9pWB9aib7DWFcJ19bvPuAwJEGsb58UJfLKghbpDfYR/86vxFmDoSwgYh3leTupOQIs+pvsEgGfDwr/++ut1+6Zbjt++fXvw9/psM3Dfx/bpeNu+f2dskFhryLpILhQAyyf8u66ulX7Hrzn2EbqMmeMJAWMwvweCqP5ctgmtfv7559Xz8/Pq27dvm88YvNkLs/a/X2+zfu2+f3x87L3NiP1aCsEeAOwRADKWICCvsbUXAgKwEDGvReuHjdz817mu1XF9txlitfeFr33ta1/72te+XtDXu/Dvkr+zHwYspV81fF07ASBjeDgIAAsQ6xr0999/r+7u7tadWt3e3u46t1sVeGDvswb7bjPE7BNsX/va1772dfmv12HA3Pvg6/5fr4O/qf6mAHDY1/vfQ0ZCQIA6BP4/+0L1a7V77YV/m/anp6eTjn79+nW3fd9thu4LkETgiwQd1L4ubv0F5iYEhDqY4+UVuPax+rVeAfjjjz9uQrs3b968hnstvzJkm7afd71erQ+mpgNKu3bt2rVr165du3bt8dt3IeBS9kd7e/vu66Xsj/brtKu79oDtJ9uF8Msvv6w7tuvc6uXl5aSjxysAe2wzRMyBpVPTmw+AeVn5N6+VW4AJYOo5npWA9TC/B4KIeS7b3s77Gu5tP8vvwMPDw9Bthog5sABQGeEfUxIE5FWi9kJAAK4o5vVme/vva7h309zRodsMEXNgAaAiJcM/QVBO6s7UhIAAXEn115pNQLdeqbe+hffLly+7wG71008/bTq3e5Lv+sEgz8/Pm9f2ISGvT/7ts82I/QIgOGHAcpVe+af2/bkFGNoJAQGWI/Acr/p+rZpeb9++PejY3d3dyTb39/eDtxm4X0ASgS8SdFD75XLrL1ATISAsizleXoFrH7VfszOwSQU+WdBC3WFZhH9AjYSAy2Sel5O6E5BjuhADm5QLBcC8hH/L4xZgIrjWHE8IuDzm90AQzmWFGFgAuDLhH6UJAvK6Zu13IaAgEIAJuaYUYmAB4IquHf4JgnJSd65FCAjAxFxPCjGwAAkIA5ZhjpV/at+fW4BhPCEgwHUFnuNF7dfsDCwkEvgiQQe1Xwa3/gKRCQHh+szx8gpc+6j9mp2BTSrwyYIW6g7zEf4BGQgB52Oel5O6E5BjuhADm5QLBcD1CP/q4BZgIljCHE8IOI8l1B5gAs5lhRhYAChI+MccBAF5LaX2Hg4CwEiuG4UYWAAoaO4AcClhANel7iyBEBCAEVwzCjGwAAkIA+Yxd/i3pvb9uQUYyhACAkwv8Bwvar9mZ2AhkcAXCTqo/fUtIfwDWAohIJRhjpdX4NpH7dfsDGxSgU8WtFB3uA7hH8ApIWBZ5nk5qTsBOaYLMbBJuVAAlCMArJNbgIlg6XM8IWA5S689QE/OZYUYWACYkPCPJRAE5FVD7YWAALRwfSjEwALARJYY/tUQBjA9dWfphIAAnOHaUIiBBUhAGFDeEsO/NbXvzy3AcF1CQIDxAs/xovZrdgYWEgl8kaCD2pe31AAQYMmEgHAZc7y8Atc+ar9mZ2CTCnyyoIW6QxnCP4DxhIDTMM/LSd0JyDFdiIFNyoUCYBrCvzjcAkwEtc7xdiGgIHC8WmsPcMS5rBADCwAjCf9YKkFAXjXXXggIwI2cqhgDCwAj1BL+1RwGMJ66UzMhIEBqzv+FGFiABIQB06ol/FtT+/7cAgzLIQQEaBd4jhe1X7MzsJBI4IsEHdR+OjWFfwA1EwJCN3O8vALXPmq/Zmdgkwp8sqCFusNlhH8A1yUE7M88Lyd1JyDHdCEGNikXCoBhhH/xuQWYCCLO8YSA/USsPZCSc1khBhYAOgj/qI0gIK+otRcCAqThXF+IgQWAFrWHf1HDANqpOxEJAQFScJ4vxMACJCAMGE8AmIdbgGH5hIAA/wo8x4var9kZWEgk8EWCDmo/Tu3hH0BEQkD4jzleXoFrH7VfszOwSQU+WdBC3aE/4R/AcgkBT5nn5aTuBOSYLsTAJuVCAXCe8C8ntwATQaY5nhDwUKbaA6E5lxViYAHgiACQ2gkC8spWeyEgQDjO6YUYWADYEy38yxYG8C91JxMhIEAozueFGFiABIQB/UQL/9bUvj+3AEO9hIBANoHneFH7NTsDC4kEvkjQQe27RQz/ADIRApKROV5egWsftV+zM7BJBT5Z0ELd4TwBIED9MoeA5nk5qTsBOaYLMbBJuVAA/Ef4x5pbgInAHO+/EDBbEKj2QBDOZYUYWABSE/4RkSAgL7X/V9YQECAA5+1CDCwAaWUI/4QBOak7/EsICFAd5+xCDCxAAsKAZgJA9rkFGGISAgIRBZ7jVd+vVdPr48ePxx1r3O5mbwDu7+9Pfvb27duxA1T9wAL9Bb5I0EHtT2UI/wAQABKbOV5egWtffb82Qd27d+9Wz8/Pq69fv652Qd779+9XR9udtQ0MN6/131m/dt8/Pj6OGaTqB5ZxAp8saKHu8C/hH0AuGUJA87yc1J2AYh7Tv//++8Hqvpvujh5v39XeJebA0smFAshK+Mc5bgEmAnO886KHgGoPBBHzXDYmAGy4bfjmw4cPAkAA6CD8IwtBQF5q3y56CAgQQNhzdFMAePC6vb09+PnT09PJYKxvKb4RAALAWVnDP2FATuoOzQSAAIsX7xy9/jzA//+f1adPnxo79+XLl9WbN2+OHwLSNhB9bx/ufNDIetLYNHHUrl27du11th//bO790X699v2fL2F/tGvXrn3u9nUAuKT90a5du3btB5ra6vTPP/+sO7N59Xl673ab3Xarl5eXk9+xAhDo48wJlgQy1z7ryj8AztutBLQakNplnuNlF7j2Mfq1W/V307Ly79j2lt/XAHD7eX8HHh4eBIAMEvhkQQt1JxvhHwDnRAsBzfNyUncCqvuY/vbt22vw9/79+0Gd2bsN+Obm6FbdPQJABnGhAKIT/jHUylOACcAcb7goIaDaA0FUfy7rE9Bttlmv8FsHhuvPANy1bVcOvj7td/1gkOfn581r+5CQxqcD99wvAAhF+Ed2goC81H6cKCEgQADVn4tXHa+z2xwHe3d3dyfb3N/fjx2g6gcWAPYJ/w4JA3JSdxhOCAiwCM7DhRhYgAQyhQECwEOZan8ptwADQkCgFoHneFH7NTsDC4kEvkjQIUvthX8AXEoISE2yzPE4Fbj2Ufs1OwObVOCTBS3UnciEfwBMpcYQ0DwvJ3UnIMd0IQY2KRcKIBLhH1NwCzARmONNp7YQUO2BIJzLCjGwAFRN+AenBAF5qf20diFgTUEgQOWcbwsxsABUS/jXTRiQk7rDdISAAFflXFuIgQVIIGoYIADsFrX2JbgFGGgjBASWJPAcL2q/ZmdgIZHAFwk6RKy98A+AaxMCsjQR53j0E7j2Ufs1OwObVOCTBS3UnSiEfwDMYckBoHleTupOQI7pQgxsUi4UQK2Ef5TiFmAiMMcrb6khoNoDQTiXFWJgAaiKABC6CQLyUvvrWGoICBCAc2shBhaAagj/hhMG5KTuUJ4QEKAI59VCDCxAAhHCAOHfOBFqfy1uAQaGEAACcwo8x4var9kZWEgk8EWCDrXXXvgHwBIJAZlb7XM8xgtc+6j9mp2BTSrwyYIW6k6NhH8ALNkuBJw7CDTPy0ndCcgxXYiBTcqFAqiB8I9rcgswEZjjzWMJIaDaA0E4lxViYAFYJOEfjCcIyEvt5zV3CAgQgHNoIQYWgMUR/k1HGJCTusN8hIAAF3H+LMTAAiRQUxgg/JtWTbWfm1uAgakIAYHSAs/xovZrdgYWEgl8kaBDLbUX/gEQhRCQa6hljsf0Atc+ar9mZ2CTCnyyoIW6s2TCPwCiuWYIaJ6Xk7oTkGO6EAOblAsFsCTCP5bALcBEYI63PNcKAdUeCMK5rBADC8DsBIAwLUFAXmq/TG4HBujNubIQAwvArIR/ZQkDclJ3WB4hIEAvzpOFGFiABJYaBgj/yltq7ZfILcBAaUJAYCqB53hR+zU7AwuJBL5I0GGJtRf+AZCREJApLXGOx3UErn3Ufs3OwCYV+GRBC3VnKYR/AGRWIgQ0z8tJ3QnIMV2IgU3KhQKYi/CPpXILMBGY49Vj6hBQ7YEgnMsKMbAAXI3wD65DEJCX2tfF7cAAJ5wTCzGwAFyNAPD6hAE5qTvUQwgIcMD5sBADC5DAEsIA4d88llD7WrgFGJiLEBAYKvAcL2q/ZmdgIZHAFwk6zF174R8AtBMCMsbcczzmE7j2Ufs1OwObVOCTBS3UnTkI/wCgn0tCQPO8nNSdgBzThRjYpFwogGsQ/lETtwATgTle/caGgGoPBOFcVoiBBWByu+BP+AfzEATkpfb1cyswkJzzXyEGFoBJCf+WRRiQk7pD3YSAQGLOfYUYWIAErhUGCP6WRxDUn1uAgSURAgJtAs/xovZrdgYWEgl8kaDDNWov/AOAaQkB6WJ+n1fg2kft1+wMbFKBTxa0UHdKEf4BwPSGBIDmeTmpOwE5pgsxsEm5UABTEf4RhVuAicAcL56+IaDaA0E4lxViYAEYTfgHyyQIyEvtY9qFgG4HBhKo/jy3anp9/PjxoGP39/cn27x9+3bwNgP3CwAGE/7VQRiQk7pDPEJAIInqz3GboO7du3er5+fn1devX1e7IO/9+/ebzm3DwM1rvc36tfv+8fGx9zYj9guA4EqEAQLAOgiC+nMLMFADISCwFniOF7Nfv//++y7Au7n5b0XfsaHbDBFzYIFGgS8SdJi69sI/AJiPEJAd8/u8Atc+Zr+OA8DjW4LXPnz4MHSbIWIOLJ0Cnyxooe5MQfgHAPM7DgHN83JSdwIKe0wfhHtPT08nHV3fLjxwm6H/Pgm5UABjCP+IzC3ARGCOl8t+CKj2QBDxzmXrzwP8//9Zffr0af/23nOGbNP2867X5sLRdPHQrl27du2524/Dv7n3R7t27efbd18vZX+0X69917aU/dFevn0XAi5lf7Rr1679kvabSAHgP//8s+vQ8dN7Vy8vLycdPV4B2GObIeIMLADFWPlXr6bJFfGpO+TiMwGBQGKcy3ar/m4OV/7trLaf5Xfg4eHhIADssc0QMQYWgFaXhAHCv7oJgvpbuQUYqJQAEPIJPMeru1/fvn17Df7ev39/rjPnQryDALDHNkPUPbDAIIEvEnQQAAJAbELAnMzv8wpc++r71RnQ7Z7ke3t7u3p+ft681l/f7D35t882I/aLhAKfLGih7gwl/AOAOqzneULAfMzvCaj6Y3rV8dq4u7s7+dn9/f1B5/tsM3C/SMiFAugi/CMbtwATgTleXrvaCwGByjl/FWJgATgh/IO6CYHyUnsEgEDlnL8KMbAAHBD+xSIMyEndITchIFAx565CDCxAAn3CgF3wJ/yLRRDUn1uAgUiEgBBb4Dle1H7NzsBCIoEvEnToqr3wDwDiEQLGZ36fV+DaR+3X7Axs/dK7owAAI/5JREFUUoFPFrRQd5oI/gCgfufmeULA2MzvCcgxXYiBTcqFAlgT/sF/3AJMBOZ4ebXVXggIVMS5qhADC5CU8A/iEgLlpfacIwQEKuE8VYiBBUhI+JeHMCAndQeOCQCBSjhPFWJgARLYDwOEf7kIgvpzCzAQnRAQ4gg8x4var9kZWEgk8EWCDrvaC/8AILddCCgIjMH8Pq/AtY/ar9kZ2KQCnyxooe4IAAEgpiHzPCFgHOb3BOSYLsTAJuVCAfkI/6CdW4CJwBwvrzG1FwICC+ScVIiBBUhA+Ae5CIHyUnuGEgICC+N8VIiBBQhO+JebMCAndQeGEAICC+JcVIiBBQhsF/4JA/JS+/7cAgxkJgSEugSe40Xt1+wMLCQS+CJBg/2Vf2oPAHQRAtbHHC+vwLWP2q/ZGdikAp8saKHuebjtFwBymWqeJwSsi/k9ATmmCzGwSblQQFzCPxjHLcBEYI6XlwAQCML5pxADCxCI8A9YEwLlpfZMQQgIzMi5pxADCxCE8I8mwoCc1B24lBAQmInzTiEGFiCArvBPGJCX2vfnFmCAQ0JAWK7Ac7yo/ZqdgYVEAl8k0toFf10r/9QeABhKALh85nh5Ba591H7NzsAmFfhkQQt1j6Vv+AcAxFdqnicEXDbzewJyTBdiYJNyoYC6Cf5gem4BJgJzvLxK1l4ICFyRc00hBhagMsI/oIsQKC+1pxQhIHAlzjOFGFiAigj/GEoYkJO6AyUIAYErcI4pxMACVOKS8E8YkJfa9+cWYIBuQkBYhsBzvKj9mp2BhUQCXyTCu3Tln9oDAFMRAi6HOV5egWsftV+zM7BJBT5Z0ELd6+S2XwCgyzXneQLA5TC/JyDHdCEGNikXCqiD8A+uxy3ARGCOl9e1ay8EBApxXinEwAIslPAPGEsIlJfac027EFAQCEzI+aQQAwuwQMI/piIMyEndgWsRAgITcy4pxMACLEyJ8E8YkJfa9+cWYIDxhIBwXYHneFH7NTsDC4kEvkiEUWrln9oDAKUJAa/PHC+vwLWP2q/ZdQ3s6sw2q5bXkL/DTAKfLGih7svmtl9YPqsEgaVayjxPCHhdS6k7TMgxXUjbwLaFekMCvT4BIVfmQgHLIvyD+XWFe7ufCwFZMnO8vJZUeyEgcAHnjkK6VuxdGgAebycEBDgi/IPlOw79lh4CLikI4LrUnqUQAgIjOW8UcuktwPtfH283xepBgNCEf5QmDLjcubBvySGgugNLIAQERnDOKGSKzwA8t60AEKDFNcM/YUBeat/f0KBvyQEgwBIIAKGcwHO8qP2a3dgAsM/2AkBYmMAXiarsgr9rrvxTexhPAAgwnhCwLHO8vALXPmq/ZicATCrwyYIW6j6/OcI/4DLHD//wMBBgiZY8zxMClrPkusNI4Y7pvg/fOLnV9v7+/uRnb9++HTtAU3wGYFt739uCuTIXCrg+wR8sm1uAicAcL6+l114ICPQU4zzx9PTU9Nl5+1o7+vHjx9fff35+3rx23z8+Po4ZpEtWAA79zD/hH5CW8A/qVWMAuPQggHLUnqUSAAI9hTlPXBQAtvzu2HBt6ErEru3a/p0wRQQYQvjHnIQBlxMAAkxDCAj0EO4cMToA3K4CPPDhw4epA0AAJrCU8E8YkJfa97fkQA8gCiEgTCPwHC9cv3qvvLu9vT24zXZ7G/GBr1+/XhwArnzta1+H/3p3kVjK/mT4ehf+zb0/69rPvQ++9nVNXwNQjhBwOoFDIDoErn24fnV26MuXL6s3b96sttvutm/7va6/uep6rQ+gpv9I1B6vfT8IWsL+aFf3aO3r4G9J+6Ndu/Z+7fs/27XfHNGuXbt27Ze374eAS9gf7dq1L6b95Ge1692h7RN+d9uvXl5eTn53ihWA5NL0hgOmsZTbfoFhjgNAqJE5Xl411t5KQKBBuHNC7w7tPTl483vbz/s78PDwIAAEWADhH7AENQYBTEPtqY0QEDgS7nzQu0N7twHvfq/pdwWAADMT/rFEwoD+Iq0AVHegFgJA4Ei488HZEG+9wu/bt2+r9WcA7trevXu32X73tN/1g0Gen583r+1DQhqfDjxyPwAYaOnhnzAgL7XvL1IACFATISAMF3iOF6Zfq4ZX289Ogr27u7uTbe7v78cOUJiBBboFvkjMaunh35raAwBLtgsBBYHDmOPlFbj2Ufs1OwObVOCTBS3UfXo1hH9AP1YAAjWLMM8TAg4Xoe5wxDFdiIFNyoUCLif8g1gEgERgjpdXpNoLASE17/1CDCzACMI/YMkiBQEMo/ZEIQSEtLzvCzGwAAPsgj/hH7UQBvQXaQWgugMRCAEhJe/5QgwsQE81h3/CgLzUvr9IASBAFEJAaBZ4jhe1X7MzsJBI4ItEcbUGfztqDwDUSgh4njleXoFrH7VfszOwSQU+WdBC3YeredUfMIwVgEDNos/zhIDNotedlBzThRjYpFwooJvwD3IRABKBOV5e0WsvAIQ0vM8LMbAADQR/QM2iBwGcp/ZEJgSEFLzHCzGwAEeEf0QiDOgv0gpAdQeiEgJCeN7fhRhYgD1Rwz9hQF5q31+kABAgMiEghJ7jRe3X7AwsJBL4IjGJqOHfmtoDAFEIAP9jjpdX4NpH7dfsDGxSgU8WtFD38yKHf0A/VgACNcs2zxMC/itb3UnBMV2IgU3KhQL+I/wD1gSARGCOl1fG2gsBISTv6UIMLJCa8A+IKGMQwL/UnmyEgBCO93MhBhZIaRf8Cf+IThjQX6QVgOoOZCIEhFC8lwsxsEA6GcM/YUBeat9fpAAQIBshINkEnuNF7dfsDCwkEvgi0Vu24G9H7QGAyLIGgOZ4eQWufdR+zc7AJhX4ZEGL7HXPGv4B/VgBCNQs+zxvLWMIqO4E5JguxMAm5UJBJhlv+QWGEwASgTleXmr/r4whIATj/VuIgQVCE/4BGQkC8lJ7EAJC5bx3CzGwQFiCPxAGDBFpBaC6A5ntAkAhIFTJ+7YQAwuEY9XfKWFAXmrfX6QAECA7ISDRBZ7jRe3X7AwsJBL4IvFK+NcsQ+0BAI5FDwHN8fIKXPuo/ZqdgU0q8MmCFtHrLvgDLmEFIFCz6PO8S0QOAdWdgBzThRjYpFwoiMSqP2AKAkAiMMfLS+3bRQ4BIRjv00IMLFA14R/AKUFAXmoP5wkBoQreo4UYWKBagj/oJgzoL9IKQHUHaCYEhMXz/izEwAJVEv4NIwzIS+37ixQAAnCeEJAIAs/xovZrdgYWEolykRD+DRel9gAAl4oUAJrj5RW49lH7NTsDm1TgkwUtaq+7z/sDSrICEKhZ7fO8a4sSAqo7ATmmCzGwSblQUBvhH1CaAJAIzPHyUvvhooSAEIz3ZCEGFlg8wR/AMIKAvNQehhECwuJ4PxZiYIFFE/7BZYQB/UVaAajuAP0IAGFxvB8LMbDAIrnld1rCgLzUvr9IASAA/QkBqVHgOV7Ufs3OwEIitVwkhH/Tq6X2AABzqDUENMfLK3Dto/ZrdgY2qcAnC1rUUHfBHzAXKwCBmtUwz1u6GkNAdScgx3QhBjYpFwqWxqo/YG4CQCIwx8tL7adRYwgIwXj/FWJggdkJ/wCmJQjIS+3hckJAmJX3XiEGFpiV4A/KEgb0F2kFoLoDjCcAhFl57xViYIFZWPV3XcKAvNS+v0gBIACXEQKydIHneFH7NTsDC4ks5SIh/Lu+pdQeAKAWNYSA5nh5Ba59uH41duj+/n61/dnr6+3bt6uh21y6H8QX+GRBiyXUXfAHLJUVgEDNljDPi2jpIaC6E1CMY/rp6Wk/uDvw8ePH1589Pz9vXrvvHx8fV323GSjGwDKYCwVzEP4BSyYAJAJzvLzUvoxdALjkEBCCCfNeOxsA9mwf+rt99gegOOEfwPUIAvJSe5ieEBCuKtz7rDHE267wO/Dhw4eDALDHNpfuB8BkfN4fzEsY0F+kFYDqDjA9ISBcRbj3WGMAuL1F+MDXr18PAsAe21y6HwCTEP4thzAgL7XvL1IACEAZQkCWIvAcL1y/zt3G27V9n23aft76ajqA1m3atWuP0b77+lr/7nHwt5RxyNi+a1vK/mjXrl27du3atdfavh8Czr0/xz+be3+0X699/+dL2J8J209+XrumDq1eXl5O2o9XAPbY5tL9IIGmNx3xXavuVv0BNVpZAQhUzPz+upayElDdCSjcMd0YAG4/y+/Aw8PDQQDYY5tL94MEXCgowS2/QM0EgERgjpeX2l/fUkJACCbce6oxAOzR3mebS/cDYJD94E/4BzA/QUBeag/XJQSEyYV7P510aPck39vb29Xz8/Pmtf76Zu/Jv322uXQ/APoS/MHyCQP6i7QCUN0BrkMACJML835aNbxe3d3dnfz8/v5+8DYD9wdgMMFfXYQBeal9f5ECQACuRwjIHALP8aL2a3YGFhKZ6iIh+KtP4AkCAMDs5goBzfHyClz7qP2anYFNKvDJghaX1t2qPyAyKwCBmpnfz0sACJNxTBdiYJNyoWAo4R8QnQCQCMzx8lL7+bkVGCbhPVSIgQU6Cf4A6iIIyEvtYV5CQLiY908hBhZoJfyDugkD+ou0AlDdAeYjBISLeO8UYmCBRm75jUUYkJfa9xcpAARgPgJAriHwHC9qv2ZnYCGRvhcJ4V88gScIAACLc60Q0Bwvr8C1j9qv2RnYpAKfLGjRVXfBH5CZFYBAzczvl+caIaC6E5BjuhADm5QLBceEf0B2AkAiMMfLS+2Xye3AMJj3SyEGFpIT/AHEIwjIS+1heYSAMIj3SiEGFpLaD/6EfxCXMKC/SCsA1R1gOQSAMIj3SiEGFpIR/OUkDMhL7fuLFAACsCxCQKYWeI4XtV+zM7CQyPoiIfjLKfAEAQCgCrsQcMog0Bwvr8C1j9qv2RnYpAKfLDhjHfqpO8B5VgACNTPPq8PUIaC6E5BjuhADm5QLRR5u9wXoRwBIBOZ4eal9XdwSDGd5XxRiYCEw4R9AToKAvNQe6iEEhEbeE4UYWAhK8AesCQP6i7QCUN0B6iAEhBPeD4UYWAhI+McxYUBeat9fpAAQgHoIARkj8Bwvar9mZ2AhkK5bfgNfJOig9gAAyzU2BDTHyytw7aP2a3YGNqnAJ4u0+nzen7oDnGcFIFAz87z6jQkB1Z2AHNOFGNikXCji8KAPgGkIAInAHC8vta+fW4Fhw3ugEAMLFRP+AdBEEJCX2kPdhIDg+C/FwEKFBH9AX8KA/iKtAFR3gHoJAUnOsV+IgYWK7Ad/wj+GEAbkpfb9RQoAAaiXAJA+As/xovZrdgYWKjBV8Bf4IkEHtQcAqEffENAcL6/AtY/ar9kZ2KQCnyxCmXrFn7oDnGcFIFAz87x4+oSA6k5AjulCDGxSLhTL5lZfgOsTABKBOV5eah+T24FJyPFeiIGFBRH8ATAFQUBeag+xCABJyPFeiIGFhRD8ASUIA/qLtAJQ3QHiEAKSjGO9EAMLMxP8cQ3CgLzUvr9IASAAsQgBORZ4jhe1X7MzsDCja4d/gS8SdFB7AIC6NYWA5nh5Ba591H7NzsAmFfhkUYW5Vv2pO8B5VgACNTPPy+E4BFR3AnJMF2Jgk3KhmI9bfgGWSQBIBOZ4eal9Dm4FJgHHdyEGFq5E8AfAtQgC8lJ7iE8ISHCO7UIMLBS2H/wJ/4BrEwb0F2kFoLoDxCYEJDDHdSEGFgoR/LEkwoC81L6/SAEgAPEJAXMLPMeL2q/ZGViY2JKDv8AXCTqoPQBAPOs5nhAwp8Dz+6j9mp2BTSrwyWI2Sw7+dtQd4DwrAIGamefltAsAhYAE4lguxMAmZYIwnRqCPwC6CQCJwBwvL7XPTQhIII7jQgwsXEDwB8ASCQLyUnvISwhIEI7hQgwsjCD4A2ohDOgv0gpAdQfIRwBIEGmO4VXLa+P+/v7kZ2/fvh07QGkGFqYi/KNGwoC81L6/SAEgADkJAfMIPMeL2q8TrR39+PHja+j3/Py8ee2+f3x8HDNIaQYWLhUh+At8kaCD2gMAxNM0xxMC5hB4fh+1Xye6Oro6s8259kv/PYIKfLKYXKSHfKg7wHlWAAI1M8/L6VzdhYBULM1x2xkAblcBHvjw4YMAkEFMELpFCv4A6CYAJAJzvLzUnmNCQCqV5pg9+Xy/29vb/c6vnp6eTgbj69evAkCYiOAPgNoJAvJSe2CfEJAK5Ttev3z5snrz5s3xQ0DaBqLv7cOdDxrZWU8gmiYR2rVHbD8O/ubeH+3atWvXft321XYF4FL2R7t27dq1a9euPWH7yTZpbJ/wuxuA1cvLy8lgWAEI4xyHflb8EVXTxZYc1L6/XQA4934AwJSsAowp8Bwvar+6bW/5fQ0At5/3d+Dh4UEACANkDf0CXyTooPYAAPH0neMJAeMJPL+P2q9ue7cB39x4CjATCXyy6JQx+NvJXHeALlYAAjUzz8tpSN2FgFQixTG6CfHWK/y+ffu2Wn8G4K7t3bt3mwHYPe13/WCQ5+fnzWv7kJDGpwP3/DdJKOMEIXPwB0A3ASARZJzj8S+1pw8hIBVIcXyuml7Hwd7d3d3JNvf392MHKMXAgvAPgEwEAXmpPdBFCMjCOTYLMbCEJvgDshMG9BdpBaC6A9BGCMiCOS4LMbCElPUhH3COMCAvte8vUgAIAG0EgPULPMeL2q/ZGVhCEfy1C3yRoIPaAwDEc8kcTwhYt8Dz+6j9mp2BTSrayULw10+0ugNMyQpAoGbmeTldWnchIAvkeCzEwCYVYYJwHPoJ/gC4hACQCCLM8RhH7RlLCMjCOBYLMbBUpSn0E/wBwCFBQF5qDwy1CwCFgCyE47AQA8viCf0AxhMG9BdpBaC6AzCEEJAFcQwWYmBZLKEfTEcYkJfa9xcpAASAMYSA9Qg8x4var9kZWBZH6FdO4IsEHdQeACCeEnM8IWAdAs/vo/ZrdgY2qSWeLAR/5S2x7gBLYQUgUDPzvJxK1V0IyIwcd4UY2KSWNEEQ/AGwBAJAIljSHI/rUnumJgRkJo65QgwssxH8AUAZgoC81B6YkhCQGTjeCjGwXJUHewBclzCgv0grANUdgKkIAbkyx1ohBparEPzBvIQBeal9f5ECQACYigBwmQLP8aL2a3YGlqKEfssS+CJBB7UHAIjnWnM8IeDyBJ7fR+3X7AxsUqVPFoK/ZQp8kQC4mBWAQM3M83K6Zt2FgFyJY6wQA5tUiQuF23wBqJkAkAiEQHmpPdcgBOQKHF+FGFgu0hT6Cf4AYF6CgLzUHihJAMgVOL4KMbAMci7wE/oBLJMwoL9IKwDVHYBShIAU5tgqxMDSSegH9RMG5KX2/UUKAAGgJCHg/ALP8aL2a3YGlrMEfvEEvkjQQe0BAOKZc44nBJxX4Pl91H7NzsAm1XayEPrFFfgiAXAxKwCBmpnn5TR33YWAFOB4KsTAJtV0oRD8AZCZAJAI5g4DmI/aMxchIBNzLBViYJNzmy8AxCMIyEvtgWsTADIxx1IhBjYhD/QAyEMY0F+kFYDqDsA1CQGZkOOoEAObgKf4AsKAvNS+v0gBIABcmxDwugLP8aL2a3YGNiihH00CXyTooPYAAPEsbY4nBLyepdV+QlH7NTsDG8iQwC/wyYIW6g5wnhWAQM3M83JaWt13AaAQkAs4dgoxsJUbu8pvaRcKAJibAJAIzPHyUnuWQgjIhRw3hRjYCrm1FwBoIwjIS+2BpRACMpJjphADu3Btn+Un9AOgizCgv0grANUdgCUQAjKC46UQA7sgXWGf0A8YSxiQl9r3FykABIClEAKWEXiOF7VfszOwMxP2cU2BLxJ0UHsAgHhqmeMJAadXS+1HiNqv2RnYGSwh7At8sqCFugOcZwUgUDPzvJxqqrsQkJ4cI4V0Deyqxzb0sITQb19NFwoAuIYeAeDq6DV2m5seP4dRzPHyUntqIASkB8dHIZdOcmngtl4ACOd4PtQ0P+qzzX57sTmWICAvtQeWTABID46PQrr+3+tz36fX94EdQj8A5iQM6K9lBWBXkNd3mz7fT0LdAVgqISAdHBuFjJ3kpiPsA2omDMhL7fu7MABs+bODQ0IACE0IeLnAc7yo/ZqdALCFkI9oAl8k6KD2cLFzK/eGfM6fORYAk6p5jicEvEzNte8QtV+zEwBuZVvVF/hkQQt1Bzhv4ENAbm7a50Z9PiOwqx2gN/O8nGquuwCQMxwThaQKAH1u339qvlAAQAk9AsCGX5lkLlX9HIvlMMfLS+2pkRCQBo6Hfff398dPj1u9fft2zCCFfAjI0KAvetgHAFysb3A31W3BFxEE5KX2QG2EgBxxLOx8/PjxNfR7fn7evHbfPz4+Dh2ovre5zFaAMWGekA8A/iUM6K9jBWCf4K7vnKn4HEvdAaiJEJA9joM9U94+0rX91cI/Qd/VGaec1D0vtc9L7Xsa+BmA58K/c69zf6sUdc9L7fNS+5zUPa+otY/ar1FW21WABz58+FAiABxFmFcFY5uTuuel9nmpfU+7AHDg5wAuVYQ+MI7a56X2Oal7XlFrH7Vfo6yenp5OBuTr16+jAsApwzpBX1WMeU7qnpfa56X2PeyHf0FCwNr3n/HUPi+1z0nd84pa+6j9GqXr1pS2n3l5eXl5eXl5eXl5eXl5eXl5eS31xdbq5eXlZEDGrgCcZpeokNrnpO55qX1eat/D/w+SFYBEofZ5qX1O6p6X2iew2n7e34GHhwcBIEOofU7qnpfa56X2PQUK/9Yi9IFx1D4vtc9J3fNS+wTOBX0CQIZQ+5zUPS+1z0vtBwgS/q1F6QfDqX1eap+Tuuel9tHtnvZ7e3u7en5+3rzWX6/bmp4O3MEBk5fa56Tueal9Xmqfk7rnpfZ5qX1O6p6X2mdwd3d38iGJ9/f3Y4rvgMlL7XNS97zUPi+1z0nd81L7vNQ+J3XPS+0BAAAAAAAAAAAAAAAAAAAAAAAAAAAAAAAAAAAAAADGub+/Xz8q+uD19u1bj4+u10k916+PHz8e1LRP3R0b1dvV7ZW6x9VUt66fq339fvnll5Oa/e9//1P72BrrMlWdHQuL1lQH874c+tbB9T+WszUw7wuvsQ7mfVxkOznYvJ6fnzev3fePj48OgDpt6vfu3btNPb9+/bravcHfv3+/qWmfujs2qncyGVD30DY1evPmzervv/8+qZPax7Sd8G3O8et6PT09re7u7jZtP/zwg/N9MOv63jT8R97aVHV2LCxTW+137eZ9MXXU/pi5XxA96m7eF1Rb7c37mELrZOLK+0JBv//++35N+9TdsVGvTY0+ffp0XCt1D2j7H3iNE8A9ah/T6q+//jqpzZcvX5zvY+oMgTraHQv1GhICbZj3hdG39uZ+sZytu3lfeK3XevM+LnVyi8Dahw8fFD+Y44lgj7o7Nip0e3u7qc+vv/66f4LfUfeYev2HgdqH1Fibn3/+2fk+tsZJ+0R1diws2+gAUO2rd7YG5n6hjQ1p1L1+vWtv3scQq+0y0wPr2wduFD+agzd9j7o7Niqzvg3g//9ntf1siJ2Dr9U9pFXL63UbtY9n+x97q++///71vb+7deTPP/90vo+r8T8KJqqzY2HZhtRA7WNprIG5X3htIZB5X2wnNTDvYwptBVb8INafC/P//7O7LWCtT90dGxXZXQgaPrz13ITwmLrXa1P79S0hu8/x2H4OyGr7Hwa7bdp+v+82LMyPP/548h8A27YdtY/n3H8Qdm3vWKhfrxqY94V0UgNzvxTOBoDmfeE11sC8j0utXl5epL9B/fPPP68nhqPJQZ+6OzbqsvsQ2JP2/a/VPaTV9r1+YPcZMbtt1D6evSe4vdpNDPcmg2ofT+O5fqI6OxaWrbUG5n2hNb7vzf3Ca6yveV8KJzUw72MKq+293gceHh4Uv3K7//f35vD/Ad7pU3fHRl1O/t+gppe6h7T6/Plz54Ve7UNq/DDo7fGg9nE1/gfhRHV2LCzb2RqY94V3Lugz94utse7mfSk01t68j0udK7LiV+rbt2+vF/zt/xPUpE/dHRsxrI6+Vvd4Gmuzux2kbZsbta/davv/Bh84egqk2sczpFaOhVhOamDel8aQGpj7xdG7LuZ94TTWxryPi+ye9LJ+etTuMwR2T5JqejIMVeh84/apu2MjjNdaqXtM27psXusPAF5/qO933323+X77+UBqH9drzdb/j/C69kefDaP2MZ3UZKo6OxYWb9R/sKl9CKMCQLWv3sn4m/elcfZ8b97HRbafHXHwakqWqcZJPY9eG33q7tgIYXBN1b0+u6eC7b+OPhBY7eM6qdnuPwB21D6Ms9f0tanq7FhYpLbam/fF1vq+b/mdV2pfpda6m/eF1vWeN+8DAAAAAAAAAAAAAAAAAAAAAAAAAAAAAAAAAAAAAAAAAAAAAAAAgAq9e/du9f//0/Q66/b2ttd2AAAAAKU0BhqfPn0SVsDW09PTueCvT7AnAAQAAABmdTbU+PXXXwUW8K+T98fbt29Xv//+++rl5eXs++Tbt2+v2//yyy/eTwAAAMAsXlcmrcOKbUhhxRJs/fzzz6/vh8fHx0HviTdv3ngvAQAAALM7CSfev39/LrToffvjP//807jtNhBp+nvn/p1z+9u6D9tVWWNu1+z17/3vf/8793f6/Ju9921APzZt33///UH79vvj7YeO+xTj2GbMcdDn7218+fLl3H73HbNL+tw2/p373vA3Ovel53sPAAAASOQkTPj69evFwVWfbf/444/Xtt3tkR8+fHht2wY3ff/mwbYNoc+kAeCIPp8L4KbqR+/2icd9CkUDwJvz+9z33918ffQwj7bx2tgP4ta3C7fsX9u+N+1/17iUrhcAAABQmZNg4O7urjMw+PPPP/uGUZuA5O+//17t3Q55btvX77dhy6vj8GX97x/vw/7v7AdabX3t4eB3tiv/Tv7OwP3bfP/58+fVOiRqWaHWux/bW1PPju/63zrTr9ZxP9ZR97Fe/94PP/yw+ZsX3or++jv39/evf+P4M/gGjFlboHY2BNz2pe2Yb933Jj3Gf8h7DwAAAEjiNRhYfwbgfmBy0xEYHD0Ztelv9g0c+qxUGvSzM5+9dnEA2CPUGbrvN3/99dfZvg/sx6Z9d3vydtVZn7BpUL1a6j5W0z5MEgD2+Bt9xuy17aefflqt63VmZWZbv07atysx2/a9Ucf4T10bAAAAIICzq5rWK4f2N/z06dPZbZv+5nb7Tr/99tvJqqVz+9n0EIaj/Wrq13HbEI39XT/99cL9a/zbDaHQ4ABw72etYVDPcR9S97Few7X1/+4+97DPStS2v7cf5j08PPQJQZu+v2n4/tXRys/Gv73tR+O/uR7zdfC+Pp7OfF7j0PEf9N4DAAAAcmgMFo5vGT1a+dYrANwGOWP24+zPm/7m0YMy2v7eZAHgzWmwM3T/Gv92Q1DVux9Ht4e+brddMdanfycG1n2stgBuqpo16jlmm7btZ2Me2IbkJ//GLsw88293jenr74wY/zHvPQAAACC4vgHLa+iwDiXWq8e6HhbStBquyTZsfH2d+b2zK5uOV9itV1Sd2f6SMGmj4am8g/fv2LnPABzZj83Pzq0m2zdk3G/61X2s4gHgmdttD7ZvGbNN2/FnCK5tV4Ke/Z2mfe94snPjcXXTf/wHvfcAAACAHAYFgA2ryQaFH21/+8zn3fX5mwc/a7kt8+IAcO3MZ7CN3feNo88B3BjZj4MgaTum5/Qe9551H+v1b/3888/HYdvomj0/Px+MRctKyK4xG1PbTdt2JeDgfT/+fsD4Tx3OAgAAAAEMCgDXr/UKpobPJWvcdv0a8xTg4+3GPGV390TZEX09+zvnVusN3b/11+tVaeunAB9/Ft/xvz2kH8eh13YVYVu/Wsd9v71H3dv+Tps+geYQr79zXIOm8egas+1t2Qe1PT4Ovvvuu9ffOfek6KH7fvT9mPH3FGAAAABgY3AAeOb1ah1q9dl2e1vm5rW7xXU/bOl4IMa5v9u1zdBwZsjf6Ltt6X609nHguI/6t/fCzj7a6jEmuDr4nR6h2c3Anw85DoYac6y86vveAwAAAHLpFQw0fW7Z0cq1A/ufX7f/Orq9ckyAcmm4NjQMGfr7ndsefdbc62vbPkU/Nu0NT59t+tut7UPqvv9AjG0Q1VfRAHBtd2txy9/rGrP9v3vueD7YrmHl5uB9H/q+W+v53gMAAACoVp/AqIbVUJf0Y5b+tXxmYQ0m2e93796NDUEBAAAA6Cl1ADhzCLf5d7crAasx8ZjVHIICAAAAUIFN+PThw4fZAsAZ/t1LTTlmm7+1/1AQAAAAAJjE3pNehU89GTMAAAAAAAAAAAAAAAAAAAAAAAAAAAAAAAAAAAAAAAAAAAAAAAC4mv8DAAD//+J3qYsAAAAGSURBVAMAgOSkQ9BuzO4AAAAASUVORK5CYII=</Resource>
	</Resources>
</Aps>